<head>
  <style>
    .log { font-family: "Courier New", Consolas, monospace; font-size: 80%; }
    .test-failed { background-color: #ffaaaa; }
    .test-passed { background-color: #aaffaa; }
  </style>
</head>
<body>
<h3><a href="https://github.com/MikePopoloski/slang" target="_blank">slang</a></h3>
<pre class="test-failed">
description: sequence event test
rc: 1 (means success: 0)
tags: 9.4.2.4
incdirs: /tmpfs/src/github/sv-tests/tests/chapter-9
top_module: 
type: simulation parsing
mode: parsing
files: <a href="../../../tests/chapter-9/9.4.2.4--event_sequence.sv.html" target="file-frame">tests/chapter-9/9.4.2.4--event_sequence.sv</a>
defines: 
time_elapsed: 0.003s
ram usage: 9068 KB
</pre>
<pre class="log">

slang-driver --single-unit -I /tmpfs/src/github/sv-tests/tests/chapter-9 <a href="../../../tests/chapter-9/9.4.2.4--event_sequence.sv.html" target="file-frame">tests/chapter-9/9.4.2.4--event_sequence.sv</a>
Top level design units:
    seq_tb

../../src/github/sv-tests/tests/chapter-9/9.4.2.4--event_sequence.sv:14:2: error: language feature not yet supported
	sequence seq;
	^~~~~~~~~~~~~
../../src/github/sv-tests/tests/chapter-9/9.4.2.4--event_sequence.sv:21:6: error: use of undeclared identifier &#39;seq&#39;
				@seq y = 1;
				 ^~~

Build failed: 2 errors, 0 warnings

</pre>
</body>