<head>
  <style>
    .log { font-family: "Courier New", Consolas, monospace; font-size: 80%; }
    .test-failed { background-color: #ffaaaa; }
    .test-passed { background-color: #aaffaa; }
  </style>
</head>
<body>
<h3><a href="https://github.com/MikePopoloski/slang" target="_blank">slang</a></h3>
<pre class="test-failed">
description: Test
rc: 1 (means success: 0)
tags: 6.15 8.3 uvm-req
incdirs: /tmpfs/src/github/sv-tests/tests/generic/class
top_module: 
type: parsing
mode: parsing
files: <a href="../../../../tests/generic/class/class_test_29.sv.html" target="file-frame">tests/generic/class/class_test_29.sv</a>
defines: 
time_elapsed: 0.002s
ram usage: 9184 KB
</pre>
<pre class="log">

slang-driver --single-unit -I /tmpfs/src/github/sv-tests/tests/generic/class <a href="../../../../tests/generic/class/class_test_29.sv.html" target="file-frame">tests/generic/class/class_test_29.sv</a>
../../src/github/sv-tests/tests/generic/class/class_test_29.sv:6:19: error: use of undeclared identifier &#39;Base&#39;
class Foo extends Base implements Pkg::Bar, Baz; endclass
                  ^~~~
../../src/github/sv-tests/tests/generic/class/class_test_29.sv:6:35: error: unknown class or package &#39;Pkg&#39;
class Foo extends Base implements Pkg::Bar, Baz; endclass
                                  ^~~
../../src/github/sv-tests/tests/generic/class/class_test_29.sv:6:45: error: use of undeclared identifier &#39;Baz&#39;
class Foo extends Base implements Pkg::Bar, Baz; endclass
                                            ^~~
warning: no top-level modules found in design [-Wno-top]

Build failed: 3 errors, 1 warning

</pre>
</body>