<head>
  <style>
    .log { font-family: "Courier New", Consolas, monospace; font-size: 80%; }
    .test-failed { background-color: #ffaaaa; }
    .test-passed { background-color: #aaffaa; }
  </style>
</head>
<body>
<h3><a href="https://github.com/MikePopoloski/slang" target="_blank">slang</a></h3>
<pre class="test-failed">
description: Test
rc: 1 (means success: 0)
tags: 6.15 8.3 uvm-req
incdirs: /tmpfs/src/github/sv-tests/tests/generic/class
top_module: 
type: parsing
mode: parsing
files: <a href="../../../../tests/generic/class/class_test_53.sv.html" target="file-frame">tests/generic/class/class_test_53.sv</a>
defines: 
time_elapsed: 0.003s
ram usage: 9244 KB
</pre>
<pre class="log">

slang-driver --single-unit -I /tmpfs/src/github/sv-tests/tests/generic/class <a href="../../../../tests/generic/class/class_test_53.sv.html" target="file-frame">tests/generic/class/class_test_53.sv</a>
../../src/github/sv-tests/tests/generic/class/class_test_53.sv:7:18: error: parameter declaration is missing an initializer
  parameter type AT;
                 ^
../../src/github/sv-tests/tests/generic/class/class_test_53.sv:8:23: error: use of undeclared identifier &#39;BrickType&#39;
  parameter type BT = BrickType;
                      ^~~~~~~~~
../../src/github/sv-tests/tests/generic/class/class_test_53.sv:9:24: error: use of undeclared identifier &#39;Ctype1&#39;
  parameter type CT1 = Ctype1, CT2 = Ctype2;
                       ^~~~~~
../../src/github/sv-tests/tests/generic/class/class_test_53.sv:9:38: error: use of undeclared identifier &#39;Ctype2&#39;
  parameter type CT1 = Ctype1, CT2 = Ctype2;
                                     ^~~~~~
../../src/github/sv-tests/tests/generic/class/class_test_53.sv:10:24: error: unknown class or package &#39;mypkg&#39;
  localparam type GT = mypkg::GlueType, GT2;
                       ^~~~~
../../src/github/sv-tests/tests/generic/class/class_test_53.sv:10:41: error: parameter declaration is missing an initializer
  localparam type GT = mypkg::GlueType, GT2;
                                        ^
../../src/github/sv-tests/tests/generic/class/class_test_53.sv:11:19: error: parameter declaration is missing an initializer
  localparam type HT1, HT2 = mypkg::ModuleType#(N+M);
                  ^
../../src/github/sv-tests/tests/generic/class/class_test_53.sv:11:30: error: unknown class or package &#39;mypkg&#39;
  localparam type HT1, HT2 = mypkg::ModuleType#(N+M);
                             ^~~~~
warning: no top-level modules found in design [-Wno-top]

Build failed: 8 errors, 1 warning

</pre>
</body>