<head>
  <style>
    .log { font-family: "Courier New", Consolas, monospace; font-size: 80%; }
    .test-failed { background-color: #ffaaaa; }
    .test-passed { background-color: #aaffaa; }
  </style>
</head>
<body>
<h3><a href="https://github.com/MikePopoloski/slang" target="_blank">slang</a></h3>
<pre class="test-failed">
description: Test
rc: 1 (means success: 0)
tags: 6.15 8.3 uvm-req
incdirs: /tmpfs/src/github/sv-tests/tests/generic/class
top_module: 
type: parsing
mode: parsing
files: <a href="../../../../tests/generic/class/class_test_58.sv.html" target="file-frame">tests/generic/class/class_test_58.sv</a>
defines: 
time_elapsed: 0.003s
ram usage: 9272 KB
</pre>
<pre class="log">

slang-driver --single-unit -I /tmpfs/src/github/sv-tests/tests/generic/class <a href="../../../../tests/generic/class/class_test_58.sv.html" target="file-frame">tests/generic/class/class_test_58.sv</a>
../../src/github/sv-tests/tests/generic/class/class_test_58.sv:10:41: error: static constant class properties must have initializers
  static const data_type_or_module_type foo3, foo4;
                                        ^~~~
../../src/github/sv-tests/tests/generic/class/class_test_58.sv:10:47: error: static constant class properties must have initializers
  static const data_type_or_module_type foo3, foo4;
                                              ^~~~
warning: no top-level modules found in design [-Wno-top]

Build failed: 2 errors, 1 warning

</pre>
</body>