<head>
  <style>
    .log { font-family: "Courier New", Consolas, monospace; font-size: 80%; }
    .test-failed { background-color: #ffaaaa; }
    .test-passed { background-color: #aaffaa; }
  </style>
</head>
<body>
<h3><a href="https://github.com/tree-sitter/tree-sitter-verilog" target="_blank">tree-sitter-verilog</a></h3>
<pre class="test-failed">
description: recursive function test
rc: 1 (means success: 0)
tags: 13.4.2
incdirs: /tmpfs/src/github/sv-tests/tests/chapter-13
top_module: 
type: simulation parsing
mode: parsing
files: <a href="../../../tests/chapter-13/13.4.2--function-recursive.sv.html" target="file-frame">tests/chapter-13/13.4.2--function-recursive.sv</a>
defines: 
time_elapsed: 0.106s
ram usage: 22392 KB
</pre>
<pre class="log">

<a href="../../../tests/chapter-13/13.4.2--function-recursive.sv.html#l-23" target="file-frame">tests/chapter-13/13.4.2--function-recursive.sv:23</a>:21: error: node type: ERROR
<a href="../../../tests/chapter-13/13.4.2--function-recursive.sv.html#l-23" target="file-frame">tests/chapter-13/13.4.2--function-recursive.sv:23</a>:25: error: node type: ERROR
<a href="../../../tests/chapter-13/13.4.2--function-recursive.sv.html#l-23" target="file-frame">tests/chapter-13/13.4.2--function-recursive.sv:23</a>:42: error: node type: simple_identifier
<a href="../../../tests/chapter-13/13.4.2--function-recursive.sv.html#l-23" target="file-frame">tests/chapter-13/13.4.2--function-recursive.sv:23</a>:45: error: node type: ERROR
<a href="../../../tests/chapter-13/13.4.2--function-recursive.sv.html#l-24" target="file-frame">tests/chapter-13/13.4.2--function-recursive.sv:24</a>:21: error: node type: ERROR
<a href="../../../tests/chapter-13/13.4.2--function-recursive.sv.html#l-24" target="file-frame">tests/chapter-13/13.4.2--function-recursive.sv:24</a>:25: error: node type: ERROR
<a href="../../../tests/chapter-13/13.4.2--function-recursive.sv.html#l-24" target="file-frame">tests/chapter-13/13.4.2--function-recursive.sv:24</a>:42: error: node type: simple_identifier
<a href="../../../tests/chapter-13/13.4.2--function-recursive.sv.html#l-24" target="file-frame">tests/chapter-13/13.4.2--function-recursive.sv:24</a>:45: error: node type: ERROR
<a href="../../../tests/chapter-13/13.4.2--function-recursive.sv.html#l-25" target="file-frame">tests/chapter-13/13.4.2--function-recursive.sv:25</a>:21: error: node type: ERROR
<a href="../../../tests/chapter-13/13.4.2--function-recursive.sv.html#l-25" target="file-frame">tests/chapter-13/13.4.2--function-recursive.sv:25</a>:25: error: node type: ERROR
<a href="../../../tests/chapter-13/13.4.2--function-recursive.sv.html#l-25" target="file-frame">tests/chapter-13/13.4.2--function-recursive.sv:25</a>:42: error: node type: simple_identifier
<a href="../../../tests/chapter-13/13.4.2--function-recursive.sv.html#l-25" target="file-frame">tests/chapter-13/13.4.2--function-recursive.sv:25</a>:45: error: node type: ERROR
<a href="../../../tests/chapter-13/13.4.2--function-recursive.sv.html#l-26" target="file-frame">tests/chapter-13/13.4.2--function-recursive.sv:26</a>:21: error: node type: ERROR
<a href="../../../tests/chapter-13/13.4.2--function-recursive.sv.html#l-26" target="file-frame">tests/chapter-13/13.4.2--function-recursive.sv:26</a>:25: error: node type: ERROR
<a href="../../../tests/chapter-13/13.4.2--function-recursive.sv.html#l-26" target="file-frame">tests/chapter-13/13.4.2--function-recursive.sv:26</a>:44: error: node type: simple_identifier
<a href="../../../tests/chapter-13/13.4.2--function-recursive.sv.html#l-26" target="file-frame">tests/chapter-13/13.4.2--function-recursive.sv:26</a>:47: error: node type: ERROR
<a href="../../../tests/chapter-13/13.4.2--function-recursive.sv.html#l-27" target="file-frame">tests/chapter-13/13.4.2--function-recursive.sv:27</a>:21: error: node type: ERROR
<a href="../../../tests/chapter-13/13.4.2--function-recursive.sv.html#l-27" target="file-frame">tests/chapter-13/13.4.2--function-recursive.sv:27</a>:25: error: node type: ERROR
<a href="../../../tests/chapter-13/13.4.2--function-recursive.sv.html#l-27" target="file-frame">tests/chapter-13/13.4.2--function-recursive.sv:27</a>:49: error: node type: simple_identifier
<a href="../../../tests/chapter-13/13.4.2--function-recursive.sv.html#l-27" target="file-frame">tests/chapter-13/13.4.2--function-recursive.sv:27</a>:53: error: node type: ERROR

</pre>
</body>