<head>
  <style>
    .log { font-family: "Courier New", Consolas, monospace; font-size: 80%; }
    .test-failed { background-color: #ffaaaa; }
    .test-passed { background-color: #aaffaa; }
  </style>
</head>
<body>
<h3><a href="https://github.com/tree-sitter/tree-sitter-verilog" target="_blank">tree-sitter-verilog</a></h3>
<pre class="test-failed">
description: automatic function test
rc: 1 (means success: 0)
tags: 13.4.2
incdirs: /tmpfs/src/github/sv-tests/tests/chapter-13
top_module: 
type: simulation parsing
mode: parsing
files: <a href="../../../tests/chapter-13/13.4.2--function-automatic.sv.html" target="file-frame">tests/chapter-13/13.4.2--function-automatic.sv</a>
defines: 
time_elapsed: 0.103s
ram usage: 17864 KB
</pre>
<pre class="log">

<a href="../../../tests/chapter-13/13.4.2--function-automatic.sv.html#l-16" target="file-frame">tests/chapter-13/13.4.2--function-automatic.sv:16</a>:21: error: node type: ERROR
<a href="../../../tests/chapter-13/13.4.2--function-automatic.sv.html#l-16" target="file-frame">tests/chapter-13/13.4.2--function-automatic.sv:16</a>:25: error: node type: ERROR
<a href="../../../tests/chapter-13/13.4.2--function-automatic.sv.html#l-16" target="file-frame">tests/chapter-13/13.4.2--function-automatic.sv:16</a>:36: error: node type: simple_identifier
<a href="../../../tests/chapter-13/13.4.2--function-automatic.sv.html#l-16" target="file-frame">tests/chapter-13/13.4.2--function-automatic.sv:16</a>:39: error: node type: ERROR
<a href="../../../tests/chapter-13/13.4.2--function-automatic.sv.html#l-17" target="file-frame">tests/chapter-13/13.4.2--function-automatic.sv:17</a>:21: error: node type: ERROR
<a href="../../../tests/chapter-13/13.4.2--function-automatic.sv.html#l-17" target="file-frame">tests/chapter-13/13.4.2--function-automatic.sv:17</a>:25: error: node type: ERROR
<a href="../../../tests/chapter-13/13.4.2--function-automatic.sv.html#l-17" target="file-frame">tests/chapter-13/13.4.2--function-automatic.sv:17</a>:36: error: node type: simple_identifier
<a href="../../../tests/chapter-13/13.4.2--function-automatic.sv.html#l-17" target="file-frame">tests/chapter-13/13.4.2--function-automatic.sv:17</a>:39: error: node type: ERROR
<a href="../../../tests/chapter-13/13.4.2--function-automatic.sv.html#l-18" target="file-frame">tests/chapter-13/13.4.2--function-automatic.sv:18</a>:21: error: node type: ERROR
<a href="../../../tests/chapter-13/13.4.2--function-automatic.sv.html#l-18" target="file-frame">tests/chapter-13/13.4.2--function-automatic.sv:18</a>:25: error: node type: ERROR
<a href="../../../tests/chapter-13/13.4.2--function-automatic.sv.html#l-18" target="file-frame">tests/chapter-13/13.4.2--function-automatic.sv:18</a>:36: error: node type: simple_identifier
<a href="../../../tests/chapter-13/13.4.2--function-automatic.sv.html#l-18" target="file-frame">tests/chapter-13/13.4.2--function-automatic.sv:18</a>:39: error: node type: ERROR
<a href="../../../tests/chapter-13/13.4.2--function-automatic.sv.html#l-19" target="file-frame">tests/chapter-13/13.4.2--function-automatic.sv:19</a>:21: error: node type: ERROR
<a href="../../../tests/chapter-13/13.4.2--function-automatic.sv.html#l-19" target="file-frame">tests/chapter-13/13.4.2--function-automatic.sv:19</a>:25: error: node type: ERROR
<a href="../../../tests/chapter-13/13.4.2--function-automatic.sv.html#l-19" target="file-frame">tests/chapter-13/13.4.2--function-automatic.sv:19</a>:36: error: node type: simple_identifier
<a href="../../../tests/chapter-13/13.4.2--function-automatic.sv.html#l-19" target="file-frame">tests/chapter-13/13.4.2--function-automatic.sv:19</a>:39: error: node type: ERROR

</pre>
</body>