<head>
  <style>
    .log { font-family: "Courier New", Consolas, monospace; font-size: 80%; }
    .test-failed { background-color: #ffaaaa; }
    .test-passed { background-color: #aaffaa; }
  </style>
</head>
<body>
<h3><a href="http://www.clifford.at/yosys/" target="_blank">yosys-sv</a></h3>
<pre class="test-passed">
description: Test imported from ivtest
rc: 0 (means success: 1)
tags: ivtest
incdirs: /tmpfs/src/github/sv-tests/third_party/tests/ivtest /tmpfs/src/github/sv-tests/third_party/tests/ivtest/ivltests
top_module: 
type: parsing
mode: parsing
files: <a href="../../../../third_party/tests/ivtest/ivltests/pr1903324.v.html" target="file-frame">third_party/tests/ivtest/ivltests/pr1903324.v</a>
defines: 
time_elapsed: 0.010s
ram usage: 9276 KB
</pre>
<pre class="log">

sh /tmpfs/tmp/tmplw4kl_fc/run.sh
+ cat /tmpfs/tmp/tmplw4kl_fc/scr.ys
read_verilog -sv  -I /tmpfs/src/github/sv-tests/third_party/tests/ivtest -I /tmpfs/src/github/sv-tests/third_party/tests/ivtest/ivltests  <a href="../../../../third_party/tests/ivtest/ivltests/pr1903324.v.html" target="file-frame">third_party/tests/ivtest/ivltests/pr1903324.v</a>
+ antmicro-yosys -Q -T /tmpfs/tmp/tmplw4kl_fc/scr.ys

-- Executing script file `/tmpfs/tmp/tmplw4kl_fc/scr.ys&#39; --

1. Executing Verilog-2005 frontend: <a href="../../../../third_party/tests/ivtest/ivltests/pr1903324.v.html" target="file-frame">third_party/tests/ivtest/ivltests/pr1903324.v</a>
Parsing SystemVerilog input from `<a href="../../../../third_party/tests/ivtest/ivltests/pr1903324.v.html" target="file-frame">third_party/tests/ivtest/ivltests/pr1903324.v</a>&#39; to AST representation.
Generating RTLIL representation for module `\top&#39;.
FAILED: with a register value.
FAILED: with a net value.
PASSED
<a href="../../../../third_party/tests/ivtest/ivltests/pr1903324.v.html#l-13" target="file-frame">third_party/tests/ivtest/ivltests/pr1903324.v:13</a>: Warning: Identifier `\tstr.data_in_array&#39; is implicitly declared.
<a href="../../../../third_party/tests/ivtest/ivltests/pr1903324.v.html#l-13" target="file-frame">third_party/tests/ivtest/ivltests/pr1903324.v:13</a>: Warning: Range select out of bounds on signal `\tstr.data_in_array&#39;: Setting result bit to undef.
<a href="../../../../third_party/tests/ivtest/ivltests/pr1903324.v.html#l-19" target="file-frame">third_party/tests/ivtest/ivltests/pr1903324.v:19</a>: Warning: Identifier `\tstw.data_in_array&#39; is implicitly declared.
<a href="../../../../third_party/tests/ivtest/ivltests/pr1903324.v.html#l-19" target="file-frame">third_party/tests/ivtest/ivltests/pr1903324.v:19</a>: Warning: Range select out of bounds on signal `\tstw.data_in_array&#39;: Setting result bit to undef.
Generating RTLIL representation for module `\test&#39;.
Successfully finished Verilog frontend.

</pre>
</body>