<head>
  <style>
    .log { font-family: "Courier New", Consolas, monospace; font-size: 80%; }
    .test-failed { background-color: #ffaaaa; }
    .test-passed { background-color: #aaffaa; }
  </style>
</head>
<body>
<h3><a href="http://iverilog.icarus.com/" target="_blank">icarus</a></h3>
<pre class="test-failed">
description: Tests imported from hdlconv
rc: 14 (means success: 0)
tags: hdlconv
incdirs: /tmpfs/src/github/sv-tests/third_party/tests/hdlconvertor/tests/sv_test/std2017
top_module: 
type: parsing
mode: parsing
files: <a href="../../../../third_party/tests/hdlconvertor/tests/sv_test/std2017/p751.sv.html" target="file-frame">third_party/tests/hdlconvertor/tests/sv_test/std2017/p751.sv</a>
defines: 
time_elapsed: 0.008s
ram usage: 9112 KB
</pre>
<pre class="log">

iverilog -g2012 -o iverilog.out -I/tmpfs/src/github/sv-tests/third_party/tests/hdlconvertor/tests/sv_test/std2017 <a href="../../../../third_party/tests/hdlconvertor/tests/sv_test/std2017/p751.sv.html" target="file-frame">third_party/tests/hdlconvertor/tests/sv_test/std2017/p751.sv</a>
<a href="../../../../third_party/tests/hdlconvertor/tests/sv_test/std2017/p751.sv.html#l-2" target="file-frame">third_party/tests/hdlconvertor/tests/sv_test/std2017/p751.sv:2</a>: syntax error
<a href="../../../../third_party/tests/hdlconvertor/tests/sv_test/std2017/p751.sv.html#l-1" target="file-frame">third_party/tests/hdlconvertor/tests/sv_test/std2017/p751.sv:1</a>: Errors in port declarations.
<a href="../../../../third_party/tests/hdlconvertor/tests/sv_test/std2017/p751.sv.html#l-14" target="file-frame">third_party/tests/hdlconvertor/tests/sv_test/std2017/p751.sv:14</a>: syntax error
<a href="../../../../third_party/tests/hdlconvertor/tests/sv_test/std2017/p751.sv.html#l-1" target="file-frame">third_party/tests/hdlconvertor/tests/sv_test/std2017/p751.sv:1</a>: Errors in port declarations.
<a href="../../../../third_party/tests/hdlconvertor/tests/sv_test/std2017/p751.sv.html#l-40" target="file-frame">third_party/tests/hdlconvertor/tests/sv_test/std2017/p751.sv:40</a>: error: &#39;memMod&#39; has already been declared in this scope.
<a href="../../../../third_party/tests/hdlconvertor/tests/sv_test/std2017/p751.sv.html#l-1" target="file-frame">third_party/tests/hdlconvertor/tests/sv_test/std2017/p751.sv:1</a>:      : It was declared here as a module.
<a href="../../../../third_party/tests/hdlconvertor/tests/sv_test/std2017/p751.sv.html#l-40" target="file-frame">third_party/tests/hdlconvertor/tests/sv_test/std2017/p751.sv:40</a>: syntax error
<a href="../../../../third_party/tests/hdlconvertor/tests/sv_test/std2017/p751.sv.html#l-40" target="file-frame">third_party/tests/hdlconvertor/tests/sv_test/std2017/p751.sv:40</a>: Errors in port declarations.
<a href="../../../../third_party/tests/hdlconvertor/tests/sv_test/std2017/p751.sv.html#l-46" target="file-frame">third_party/tests/hdlconvertor/tests/sv_test/std2017/p751.sv:46</a>: Module memMod was already declared here: <a href="../../../../third_party/tests/hdlconvertor/tests/sv_test/std2017/p751.sv.html#l-1" target="file-frame">third_party/tests/hdlconvertor/tests/sv_test/std2017/p751.sv:1</a>

<a href="../../../../third_party/tests/hdlconvertor/tests/sv_test/std2017/p751.sv.html#l-47" target="file-frame">third_party/tests/hdlconvertor/tests/sv_test/std2017/p751.sv:47</a>: error: &#39;cpuMod&#39; has already been declared in this scope.
<a href="../../../../third_party/tests/hdlconvertor/tests/sv_test/std2017/p751.sv.html#l-12" target="file-frame">third_party/tests/hdlconvertor/tests/sv_test/std2017/p751.sv:12</a>:      : It was declared here as a module.
<a href="../../../../third_party/tests/hdlconvertor/tests/sv_test/std2017/p751.sv.html#l-47" target="file-frame">third_party/tests/hdlconvertor/tests/sv_test/std2017/p751.sv:47</a>: syntax error
<a href="../../../../third_party/tests/hdlconvertor/tests/sv_test/std2017/p751.sv.html#l-47" target="file-frame">third_party/tests/hdlconvertor/tests/sv_test/std2017/p751.sv:47</a>: Errors in port declarations.
<a href="../../../../third_party/tests/hdlconvertor/tests/sv_test/std2017/p751.sv.html#l-48" target="file-frame">third_party/tests/hdlconvertor/tests/sv_test/std2017/p751.sv:48</a>: Module cpuMod was already declared here: <a href="../../../../third_party/tests/hdlconvertor/tests/sv_test/std2017/p751.sv.html#l-12" target="file-frame">third_party/tests/hdlconvertor/tests/sv_test/std2017/p751.sv:12</a>

<a href="../../../../third_party/tests/hdlconvertor/tests/sv_test/std2017/p751.sv.html#l-49" target="file-frame">third_party/tests/hdlconvertor/tests/sv_test/std2017/p751.sv:49</a>: error: &#39;top&#39; has already been declared in this scope.
<a href="../../../../third_party/tests/hdlconvertor/tests/sv_test/std2017/p751.sv.html#l-22" target="file-frame">third_party/tests/hdlconvertor/tests/sv_test/std2017/p751.sv:22</a>:      : It was declared here as a module.
<a href="../../../../third_party/tests/hdlconvertor/tests/sv_test/std2017/p751.sv.html#l-54" target="file-frame">third_party/tests/hdlconvertor/tests/sv_test/std2017/p751.sv:54</a>: Module top was already declared here: <a href="../../../../third_party/tests/hdlconvertor/tests/sv_test/std2017/p751.sv.html#l-22" target="file-frame">third_party/tests/hdlconvertor/tests/sv_test/std2017/p751.sv:22</a>


</pre>
</body>