<head>
  <style>
    .log { font-family: "Courier New", Consolas, monospace; font-size: 80%; }
    .test-failed { background-color: #ffaaaa; }
    .test-passed { background-color: #aaffaa; }
  </style>
</head>
<body>
<h3><a href="http://iverilog.icarus.com/" target="_blank">icarus</a></h3>
<pre class="test-failed">
description: Tests imported from hdlconv
rc: 4 (means success: 0)
tags: hdlconv
incdirs: /tmpfs/src/github/sv-tests/third_party/tests/hdlconvertor/tests/sv_test/std2017
top_module: 
type: parsing
mode: parsing
files: <a href="../../../../third_party/tests/hdlconvertor/tests/sv_test/std2017/p736.sv.html" target="file-frame">third_party/tests/hdlconvertor/tests/sv_test/std2017/p736.sv</a>
defines: 
time_elapsed: 0.007s
ram usage: 9104 KB
</pre>
<pre class="log">

iverilog -g2012 -o iverilog.out -I/tmpfs/src/github/sv-tests/third_party/tests/hdlconvertor/tests/sv_test/std2017 <a href="../../../../third_party/tests/hdlconvertor/tests/sv_test/std2017/p736.sv.html" target="file-frame">third_party/tests/hdlconvertor/tests/sv_test/std2017/p736.sv</a>
<a href="../../../../third_party/tests/hdlconvertor/tests/sv_test/std2017/p736.sv.html#l-6" target="file-frame">third_party/tests/hdlconvertor/tests/sv_test/std2017/p736.sv:6</a>: error: Unknown module type: vdff
<a href="../../../../third_party/tests/hdlconvertor/tests/sv_test/std2017/p736.sv.html#l-8" target="file-frame">third_party/tests/hdlconvertor/tests/sv_test/std2017/p736.sv:8</a>: error: Unknown module type: vdff
<a href="../../../../third_party/tests/hdlconvertor/tests/sv_test/std2017/p736.sv.html#l-9" target="file-frame">third_party/tests/hdlconvertor/tests/sv_test/std2017/p736.sv:9</a>: error: Unknown module type: vdff
4 error(s) during elaboration.
*** These modules were missing:
        vdff referenced 3 times.
***

</pre>
</body>