<head>
  <style>
    .log { font-family: "Courier New", Consolas, monospace; font-size: 80%; }
    .test-failed { background-color: #ffaaaa; }
    .test-passed { background-color: #aaffaa; }
  </style>
</head>
<body>
<h3><a href="http://iverilog.icarus.com/" target="_blank">icarus</a></h3>
<pre class="test-failed">
description: Tests imported from hdlconv
rc: 8 (means success: 0)
tags: hdlconv
incdirs: /tmpfs/src/github/sv-tests/third_party/tests/hdlconvertor/tests/sv_test/std2017
top_module: 
type: parsing
mode: parsing
files: <a href="../../../../third_party/tests/hdlconvertor/tests/sv_test/std2017/p711.sv.html" target="file-frame">third_party/tests/hdlconvertor/tests/sv_test/std2017/p711.sv</a>
defines: 
time_elapsed: 0.007s
ram usage: 9132 KB
</pre>
<pre class="log">

iverilog -g2012 -o iverilog.out -I/tmpfs/src/github/sv-tests/third_party/tests/hdlconvertor/tests/sv_test/std2017 <a href="../../../../third_party/tests/hdlconvertor/tests/sv_test/std2017/p711.sv.html" target="file-frame">third_party/tests/hdlconvertor/tests/sv_test/std2017/p711.sv</a>
<a href="../../../../third_party/tests/hdlconvertor/tests/sv_test/std2017/p711.sv.html#l-7" target="file-frame">third_party/tests/hdlconvertor/tests/sv_test/std2017/p711.sv:7</a>: error: Unknown module type: alu
<a href="../../../../third_party/tests/hdlconvertor/tests/sv_test/std2017/p711.sv.html#l-8" target="file-frame">third_party/tests/hdlconvertor/tests/sv_test/std2017/p711.sv:8</a>: error: Unknown module type: accum
<a href="../../../../third_party/tests/hdlconvertor/tests/sv_test/std2017/p711.sv.html#l-9" target="file-frame">third_party/tests/hdlconvertor/tests/sv_test/std2017/p711.sv:9</a>: error: Unknown module type: xtend
<a href="../../../../third_party/tests/hdlconvertor/tests/sv_test/std2017/p711.sv.html#l-20" target="file-frame">third_party/tests/hdlconvertor/tests/sv_test/std2017/p711.sv:20</a>: error: Unknown module type: alu
<a href="../../../../third_party/tests/hdlconvertor/tests/sv_test/std2017/p711.sv.html#l-24" target="file-frame">third_party/tests/hdlconvertor/tests/sv_test/std2017/p711.sv:24</a>: error: Unknown module type: accum
<a href="../../../../third_party/tests/hdlconvertor/tests/sv_test/std2017/p711.sv.html#l-27" target="file-frame">third_party/tests/hdlconvertor/tests/sv_test/std2017/p711.sv:27</a>: error: Unknown module type: xtend
8 error(s) during elaboration.
*** These modules were missing:
        accum referenced 2 times.
        alu referenced 2 times.
        xtend referenced 2 times.
***

</pre>
</body>