<head>
  <style>
    .log { font-family: "Courier New", Consolas, monospace; font-size: 80%; }
    .test-failed { background-color: #ffaaaa; }
    .test-passed { background-color: #aaffaa; }
  </style>
</head>
<body>
<h3><a href="http://iverilog.icarus.com/" target="_blank">icarus</a></h3>
<pre class="test-failed">
description: Tests imported from hdlconv
rc: 6 (means success: 0)
tags: hdlconv
incdirs: /tmpfs/src/github/sv-tests/third_party/tests/hdlconvertor/tests/sv_test/std2017
top_module: 
type: parsing
mode: parsing
files: <a href="../../../../third_party/tests/hdlconvertor/tests/sv_test/std2017/p342.sv.html" target="file-frame">third_party/tests/hdlconvertor/tests/sv_test/std2017/p342.sv</a>
defines: 
time_elapsed: 0.010s
ram usage: 9060 KB
</pre>
<pre class="log">

iverilog -g2012 -o iverilog.out -I/tmpfs/src/github/sv-tests/third_party/tests/hdlconvertor/tests/sv_test/std2017 <a href="../../../../third_party/tests/hdlconvertor/tests/sv_test/std2017/p342.sv.html" target="file-frame">third_party/tests/hdlconvertor/tests/sv_test/std2017/p342.sv</a>
<a href="../../../../third_party/tests/hdlconvertor/tests/sv_test/std2017/p342.sv.html#l-3" target="file-frame">third_party/tests/hdlconvertor/tests/sv_test/std2017/p342.sv:3</a>: error: Unknown module type: bus_A
<a href="../../../../third_party/tests/hdlconvertor/tests/sv_test/std2017/p342.sv.html#l-4" target="file-frame">third_party/tests/hdlconvertor/tests/sv_test/std2017/p342.sv:4</a>: error: Unknown module type: bus_B
<a href="../../../../third_party/tests/hdlconvertor/tests/sv_test/std2017/p342.sv.html#l-5" target="file-frame">third_party/tests/hdlconvertor/tests/sv_test/std2017/p342.sv:5</a>: error: Unknown module type: test
<a href="../../../../third_party/tests/hdlconvertor/tests/sv_test/std2017/p342.sv.html#l-6" target="file-frame">third_party/tests/hdlconvertor/tests/sv_test/std2017/p342.sv:6</a>: error: Unknown module type: cpu
<a href="../../../../third_party/tests/hdlconvertor/tests/sv_test/std2017/p342.sv.html#l-7" target="file-frame">third_party/tests/hdlconvertor/tests/sv_test/std2017/p342.sv:7</a>: error: Unknown module type: mem
6 error(s) during elaboration.
*** These modules were missing:
        bus_A referenced 1 times.
        bus_B referenced 1 times.
        cpu referenced 1 times.
        mem referenced 1 times.
        test referenced 1 times.
***

</pre>
</body>