<head>
  <style>
    .log { font-family: "Courier New", Consolas, monospace; font-size: 80%; }
    .test-failed { background-color: #ffaaaa; }
    .test-passed { background-color: #aaffaa; }
  </style>
</head>
<body>
<h3><a href="http://iverilog.icarus.com/" target="_blank">icarus</a></h3>
<pre class="test-failed">
description: Tests imported from hdlconv
rc: 26 (means success: 0)
tags: hdlconv
incdirs: /tmpfs/src/github/sv-tests/third_party/tests/hdlconvertor/tests/sv_test/std2017
top_module: 
type: parsing
mode: parsing
files: <a href="../../../../third_party/tests/hdlconvertor/tests/sv_test/std2017/p371.sv.html" target="file-frame">third_party/tests/hdlconvertor/tests/sv_test/std2017/p371.sv</a>
defines: 
time_elapsed: 0.008s
ram usage: 9100 KB
</pre>
<pre class="log">

iverilog -g2012 -o iverilog.out -I/tmpfs/src/github/sv-tests/third_party/tests/hdlconvertor/tests/sv_test/std2017 <a href="../../../../third_party/tests/hdlconvertor/tests/sv_test/std2017/p371.sv.html" target="file-frame">third_party/tests/hdlconvertor/tests/sv_test/std2017/p371.sv</a>
<a href="../../../../third_party/tests/hdlconvertor/tests/sv_test/std2017/p371.sv.html#l-5" target="file-frame">third_party/tests/hdlconvertor/tests/sv_test/std2017/p371.sv:5</a>: sorry: Deferred assertions are not supported. Try -gno-assertions or -gsupported-assertions to turn this message off.
<a href="../../../../third_party/tests/hdlconvertor/tests/sv_test/std2017/p371.sv.html#l-6" target="file-frame">third_party/tests/hdlconvertor/tests/sv_test/std2017/p371.sv:6</a>: sorry: Deferred assertions are not supported. Try -gno-assertions or -gsupported-assertions to turn this message off.
<a href="../../../../third_party/tests/hdlconvertor/tests/sv_test/std2017/p371.sv.html#l-10" target="file-frame">third_party/tests/hdlconvertor/tests/sv_test/std2017/p371.sv:10</a>: syntax error
<a href="../../../../third_party/tests/hdlconvertor/tests/sv_test/std2017/p371.sv.html#l-10" target="file-frame">third_party/tests/hdlconvertor/tests/sv_test/std2017/p371.sv:10</a>: error: invalid module item.
<a href="../../../../third_party/tests/hdlconvertor/tests/sv_test/std2017/p371.sv.html#l-11" target="file-frame">third_party/tests/hdlconvertor/tests/sv_test/std2017/p371.sv:11</a>: syntax error
<a href="../../../../third_party/tests/hdlconvertor/tests/sv_test/std2017/p371.sv.html#l-11" target="file-frame">third_party/tests/hdlconvertor/tests/sv_test/std2017/p371.sv:11</a>: error: invalid module item.
<a href="../../../../third_party/tests/hdlconvertor/tests/sv_test/std2017/p371.sv.html#l-12" target="file-frame">third_party/tests/hdlconvertor/tests/sv_test/std2017/p371.sv:12</a>: syntax error
<a href="../../../../third_party/tests/hdlconvertor/tests/sv_test/std2017/p371.sv.html#l-12" target="file-frame">third_party/tests/hdlconvertor/tests/sv_test/std2017/p371.sv:12</a>: error: invalid module item.
<a href="../../../../third_party/tests/hdlconvertor/tests/sv_test/std2017/p371.sv.html#l-13" target="file-frame">third_party/tests/hdlconvertor/tests/sv_test/std2017/p371.sv:13</a>: error: port a already has a port declaration.
<a href="../../../../third_party/tests/hdlconvertor/tests/sv_test/std2017/p371.sv.html#l-9" target="file-frame">third_party/tests/hdlconvertor/tests/sv_test/std2017/p371.sv:9</a>: error: Port ``a&#39;&#39; has already been declared a port.
<a href="../../../../third_party/tests/hdlconvertor/tests/sv_test/std2017/p371.sv.html#l-14" target="file-frame">third_party/tests/hdlconvertor/tests/sv_test/std2017/p371.sv:14</a>: error: port b already has a port declaration.
<a href="../../../../third_party/tests/hdlconvertor/tests/sv_test/std2017/p371.sv.html#l-9" target="file-frame">third_party/tests/hdlconvertor/tests/sv_test/std2017/p371.sv:9</a>: error: Port ``b&#39;&#39; has already been declared a port.
<a href="../../../../third_party/tests/hdlconvertor/tests/sv_test/std2017/p371.sv.html#l-15" target="file-frame">third_party/tests/hdlconvertor/tests/sv_test/std2017/p371.sv:15</a>: syntax error
<a href="../../../../third_party/tests/hdlconvertor/tests/sv_test/std2017/p371.sv.html#l-18" target="file-frame">third_party/tests/hdlconvertor/tests/sv_test/std2017/p371.sv:18</a>: error: invalid module item.
<a href="../../../../third_party/tests/hdlconvertor/tests/sv_test/std2017/p371.sv.html#l-19" target="file-frame">third_party/tests/hdlconvertor/tests/sv_test/std2017/p371.sv:19</a>: syntax error
<a href="../../../../third_party/tests/hdlconvertor/tests/sv_test/std2017/p371.sv.html#l-19" target="file-frame">third_party/tests/hdlconvertor/tests/sv_test/std2017/p371.sv:19</a>: error: Invalid module instantiation
<a href="../../../../third_party/tests/hdlconvertor/tests/sv_test/std2017/p371.sv.html#l-20" target="file-frame">third_party/tests/hdlconvertor/tests/sv_test/std2017/p371.sv:20</a>: error: invalid module item.
<a href="../../../../third_party/tests/hdlconvertor/tests/sv_test/std2017/p371.sv.html#l-21" target="file-frame">third_party/tests/hdlconvertor/tests/sv_test/std2017/p371.sv:21</a>: syntax error
<a href="../../../../third_party/tests/hdlconvertor/tests/sv_test/std2017/p371.sv.html#l-21" target="file-frame">third_party/tests/hdlconvertor/tests/sv_test/std2017/p371.sv:21</a>: error: Invalid module instantiation
<a href="../../../../third_party/tests/hdlconvertor/tests/sv_test/std2017/p371.sv.html#l-22" target="file-frame">third_party/tests/hdlconvertor/tests/sv_test/std2017/p371.sv:22</a>: error: invalid module item.
<a href="../../../../third_party/tests/hdlconvertor/tests/sv_test/std2017/p371.sv.html#l-23" target="file-frame">third_party/tests/hdlconvertor/tests/sv_test/std2017/p371.sv:23</a>: syntax error
<a href="../../../../third_party/tests/hdlconvertor/tests/sv_test/std2017/p371.sv.html#l-23" target="file-frame">third_party/tests/hdlconvertor/tests/sv_test/std2017/p371.sv:23</a>: error: Invalid module instantiation
<a href="../../../../third_party/tests/hdlconvertor/tests/sv_test/std2017/p371.sv.html#l-27" target="file-frame">third_party/tests/hdlconvertor/tests/sv_test/std2017/p371.sv:27</a>: error: invalid module item.
<a href="../../../../third_party/tests/hdlconvertor/tests/sv_test/std2017/p371.sv.html#l-29" target="file-frame">third_party/tests/hdlconvertor/tests/sv_test/std2017/p371.sv:29</a>: error: &#39;a&#39; has already been declared in this scope.
<a href="../../../../third_party/tests/hdlconvertor/tests/sv_test/std2017/p371.sv.html#l-9" target="file-frame">third_party/tests/hdlconvertor/tests/sv_test/std2017/p371.sv:9</a>:      : It was declared here as a variable.
<a href="../../../../third_party/tests/hdlconvertor/tests/sv_test/std2017/p371.sv.html#l-29" target="file-frame">third_party/tests/hdlconvertor/tests/sv_test/std2017/p371.sv:29</a>: error: &#39;b&#39; has already been declared in this scope.
<a href="../../../../third_party/tests/hdlconvertor/tests/sv_test/std2017/p371.sv.html#l-9" target="file-frame">third_party/tests/hdlconvertor/tests/sv_test/std2017/p371.sv:9</a>:      : It was declared here as a variable.
<a href="../../../../third_party/tests/hdlconvertor/tests/sv_test/std2017/p371.sv.html#l-31" target="file-frame">third_party/tests/hdlconvertor/tests/sv_test/std2017/p371.sv:31</a>: error: Module instantiations are not allowed in program blocks.
<a href="../../../../third_party/tests/hdlconvertor/tests/sv_test/std2017/p371.sv.html#l-32" target="file-frame">third_party/tests/hdlconvertor/tests/sv_test/std2017/p371.sv:32</a>: error: Module instantiations are not allowed in program blocks.
<a href="../../../../third_party/tests/hdlconvertor/tests/sv_test/std2017/p371.sv.html#l-33" target="file-frame">third_party/tests/hdlconvertor/tests/sv_test/std2017/p371.sv:33</a>: error: program not closed by endprogram.

</pre>
</body>