<head>
  <style>
    .log { font-family: "Courier New", Consolas, monospace; font-size: 80%; }
    .test-failed { background-color: #ffaaaa; }
    .test-passed { background-color: #aaffaa; }
  </style>
</head>
<body>
<h3><a href="http://iverilog.icarus.com/" target="_blank">icarus</a></h3>
<pre class="test-failed">
description: Tests imported from hdlconv
rc: 15 (means success: 0)
tags: hdlconv
incdirs: /tmpfs/src/github/sv-tests/third_party/tests/hdlconvertor/tests/sv_test/std2017
top_module: 
type: parsing
mode: parsing
files: <a href="../../../../third_party/tests/hdlconvertor/tests/sv_test/std2017/p772.sv.html" target="file-frame">third_party/tests/hdlconvertor/tests/sv_test/std2017/p772.sv</a>
defines: 
time_elapsed: 0.008s
ram usage: 9168 KB
</pre>
<pre class="log">

iverilog -g2012 -o iverilog.out -I/tmpfs/src/github/sv-tests/third_party/tests/hdlconvertor/tests/sv_test/std2017 <a href="../../../../third_party/tests/hdlconvertor/tests/sv_test/std2017/p772.sv.html" target="file-frame">third_party/tests/hdlconvertor/tests/sv_test/std2017/p772.sv</a>
<a href="../../../../third_party/tests/hdlconvertor/tests/sv_test/std2017/p772.sv.html#l-6" target="file-frame">third_party/tests/hdlconvertor/tests/sv_test/std2017/p772.sv:6</a>: syntax error
<a href="../../../../third_party/tests/hdlconvertor/tests/sv_test/std2017/p772.sv.html#l-6" target="file-frame">third_party/tests/hdlconvertor/tests/sv_test/std2017/p772.sv:6</a>: Syntax in assignment statement l-value.
<a href="../../../../third_party/tests/hdlconvertor/tests/sv_test/std2017/p772.sv.html#l-16" target="file-frame">third_party/tests/hdlconvertor/tests/sv_test/std2017/p772.sv:16</a>: syntax error
<a href="../../../../third_party/tests/hdlconvertor/tests/sv_test/std2017/p772.sv.html#l-16" target="file-frame">third_party/tests/hdlconvertor/tests/sv_test/std2017/p772.sv:16</a>: error: invalid module item.
<a href="../../../../third_party/tests/hdlconvertor/tests/sv_test/std2017/p772.sv.html#l-17" target="file-frame">third_party/tests/hdlconvertor/tests/sv_test/std2017/p772.sv:17</a>: error: port gnt is not in the port list.
<a href="../../../../third_party/tests/hdlconvertor/tests/sv_test/std2017/p772.sv.html#l-18" target="file-frame">third_party/tests/hdlconvertor/tests/sv_test/std2017/p772.sv:18</a>: error: port req is not in the port list.
<a href="../../../../third_party/tests/hdlconvertor/tests/sv_test/std2017/p772.sv.html#l-18" target="file-frame">third_party/tests/hdlconvertor/tests/sv_test/std2017/p772.sv:18</a>: error: port addr is not in the port list.
<a href="../../../../third_party/tests/hdlconvertor/tests/sv_test/std2017/p772.sv.html#l-19" target="file-frame">third_party/tests/hdlconvertor/tests/sv_test/std2017/p772.sv:19</a>: error: port data is not in the port list.
<a href="../../../../third_party/tests/hdlconvertor/tests/sv_test/std2017/p772.sv.html#l-20" target="file-frame">third_party/tests/hdlconvertor/tests/sv_test/std2017/p772.sv:20</a>: syntax error
<a href="../../../../third_party/tests/hdlconvertor/tests/sv_test/std2017/p772.sv.html#l-20" target="file-frame">third_party/tests/hdlconvertor/tests/sv_test/std2017/p772.sv:20</a>: error: invalid module item.
<a href="../../../../third_party/tests/hdlconvertor/tests/sv_test/std2017/p772.sv.html#l-20" target="file-frame">third_party/tests/hdlconvertor/tests/sv_test/std2017/p772.sv:20</a>: syntax error
<a href="../../../../third_party/tests/hdlconvertor/tests/sv_test/std2017/p772.sv.html#l-20" target="file-frame">third_party/tests/hdlconvertor/tests/sv_test/std2017/p772.sv:20</a>: error: syntax error in parameter value assignment list.
<a href="../../../../third_party/tests/hdlconvertor/tests/sv_test/std2017/p772.sv.html#l-20" target="file-frame">third_party/tests/hdlconvertor/tests/sv_test/std2017/p772.sv:20</a>: error: Invalid module instantiation
<a href="../../../../third_party/tests/hdlconvertor/tests/sv_test/std2017/p772.sv.html#l-24" target="file-frame">third_party/tests/hdlconvertor/tests/sv_test/std2017/p772.sv:24</a>: error: invalid module item.
<a href="../../../../third_party/tests/hdlconvertor/tests/sv_test/std2017/p772.sv.html#l-25" target="file-frame">third_party/tests/hdlconvertor/tests/sv_test/std2017/p772.sv:25</a>: sorry: modport clocking declaration is not yet supported.

</pre>
</body>