<head>
  <style>
    .log { font-family: "Courier New", Consolas, monospace; font-size: 80%; }
    .test-failed { background-color: #ffaaaa; }
    .test-passed { background-color: #aaffaa; }
  </style>
</head>
<body>
<h3><a href="https://github.com/MikePopoloski/slang" target="_blank">slang</a></h3>
<pre class="test-failed">
description: class extending abstract class
rc: 1 (means success: 0)
tags: 8.21 uvm-req
incdirs: /tmpfs/src/github/sv-tests/tests/chapter-8
top_module: 
type: parsing
mode: parsing
files: <a href="../../../tests/chapter-8/8.21--abstract_class.sv.html" target="file-frame">tests/chapter-8/8.21--abstract_class.sv</a>
defines: 
time_elapsed: 0.003s
ram usage: 9104 KB
</pre>
<pre class="log">

slang-driver --single-unit -I /tmpfs/src/github/sv-tests/tests/chapter-8 <a href="../../../tests/chapter-8/8.21--abstract_class.sv.html" target="file-frame">tests/chapter-8/8.21--abstract_class.sv</a>
Top level design units:
    class_tb

../../src/github/sv-tests/tests/chapter-8/8.21--abstract_class.sv:7:2: error: language feature not yet supported
	virtual class base_cls;
	^~~~~~~
../../src/github/sv-tests/tests/chapter-8/8.21--abstract_class.sv:11:25: error: use of undeclared identifier &#39;base_cls&#39;
	class test_cls extends base_cls;
	                       ^~~~~~~~

Build failed: 2 errors, 0 warnings

</pre>
</body>