<head>
  <style>
    .log { font-family: "Courier New", Consolas, monospace; font-size: 80%; }
    .test-failed { background-color: #ffaaaa; }
    .test-passed { background-color: #aaffaa; }
  </style>
</head>
<body>
<h3><a href="https://github.com/MikePopoloski/slang" target="_blank">slang</a></h3>
<pre class="test-failed">
description: access static method using scope resolution operator
rc: 1 (means success: 0)
tags: 8.23 uvm-req
incdirs: /tmpfs/src/github/sv-tests/tests/chapter-8
top_module: 
type: parsing
mode: parsing
files: <a href="../../../tests/chapter-8/8.23--scope_resolution.sv.html" target="file-frame">tests/chapter-8/8.23--scope_resolution.sv</a>
defines: 
time_elapsed: 0.003s
ram usage: 9060 KB
</pre>
<pre class="log">

slang-driver --single-unit -I /tmpfs/src/github/sv-tests/tests/chapter-8 <a href="../../../tests/chapter-8/8.23--scope_resolution.sv.html" target="file-frame">tests/chapter-8/8.23--scope_resolution.sv</a>
Top level design units:
    class_tb

../../src/github/sv-tests/tests/chapter-8/8.23--scope_resolution.sv:16:12: error: unknown class or package &#39;test_cls&#39;
		$display(test_cls::next_id());
		         ^~~~~~~~
../../src/github/sv-tests/tests/chapter-8/8.23--scope_resolution.sv:17:12: error: unknown class or package &#39;test_cls&#39;
		$display(test_cls::next_id());
		         ^~~~~~~~

Build failed: 2 errors, 0 warnings

</pre>
</body>