<head>
  <style>
    .log { font-family: "Courier New", Consolas, monospace; font-size: 80%; }
    .test-failed { background-color: #ffaaaa; }
    .test-passed { background-color: #aaffaa; }
  </style>
</head>
<body>
<h3><a href="https://verilator.org" target="_blank">verilator</a></h3>
<pre class="test-failed">
description: Test imported from ivtest
rc: 127 (means success: 0)
should_fail_because: this test was imported from ivtest and is designed to fail
tags: ivtest
incdirs: /tmpfs/src/github/sv-tests/third_party/tests/ivtest /tmpfs/src/github/sv-tests/third_party/tests/ivtest/ivltests
top_module: 
type: simulation
mode: simulation
files: <a href="../../../../third_party/tests/ivtest/ivltests/event_array.v.html" target="file-frame">third_party/tests/ivtest/ivltests/event_array.v</a>
defines: 
time_elapsed: 1.700s
ram usage: 71988 KB
</pre>
<pre class="log">

sh scr.sh --cc -Wno-fatal -Wno-UNOPTFLAT -Wno-BLKANDNBLK -Wpedantic -Wno-context -I/tmpfs/src/github/sv-tests/third_party/tests/ivtest -I/tmpfs/src/github/sv-tests/third_party/tests/ivtest/ivltests --Mdir vbuild --prefix Vtop --exe -o vmain vmain.cpp <a href="../../../../third_party/tests/ivtest/ivltests/event_array.v.html" target="file-frame">third_party/tests/ivtest/ivltests/event_array.v</a>
+ verilator --cc -Wno-fatal -Wno-UNOPTFLAT -Wno-BLKANDNBLK -Wpedantic -Wno-context -I/tmpfs/src/github/sv-tests/third_party/tests/ivtest -I/tmpfs/src/github/sv-tests/third_party/tests/ivtest/ivltests --Mdir vbuild --prefix Vtop --exe -o vmain vmain.cpp <a href="../../../../third_party/tests/ivtest/ivltests/event_array.v.html" target="file-frame">third_party/tests/ivtest/ivltests/event_array.v</a>
%Warning-STMTDLY: <a href="../../../../third_party/tests/ivtest/ivltests/event_array.v.html#l-23" target="file-frame">third_party/tests/ivtest/ivltests/event_array.v:23</a>:4: Unsupported: Ignoring delay on this delayed statement.
                                                                                                 : ... In instance event_array_test
                  ... Use &#34;/* verilator lint_off STMTDLY */&#34; and lint_on around source to disable this message.
%Warning-STMTDLY: <a href="../../../../third_party/tests/ivtest/ivltests/event_array.v.html#l-24" target="file-frame">third_party/tests/ivtest/ivltests/event_array.v:24</a>:4: Unsupported: Ignoring delay on this delayed statement.
                                                                                                 : ... In instance event_array_test
%Warning-STMTDLY: <a href="../../../../third_party/tests/ivtest/ivltests/event_array.v.html#l-25" target="file-frame">third_party/tests/ivtest/ivltests/event_array.v:25</a>:4: Unsupported: Ignoring delay on this delayed statement.
                                                                                                 : ... In instance event_array_test
%Warning-STMTDLY: <a href="../../../../third_party/tests/ivtest/ivltests/event_array.v.html#l-26" target="file-frame">third_party/tests/ivtest/ivltests/event_array.v:26</a>:4: Unsupported: Ignoring delay on this delayed statement.
                                                                                                 : ... In instance event_array_test
%Warning-STMTDLY: <a href="../../../../third_party/tests/ivtest/ivltests/event_array.v.html#l-27" target="file-frame">third_party/tests/ivtest/ivltests/event_array.v:27</a>:4: Unsupported: Ignoring delay on this delayed statement.
                                                                                                 : ... In instance event_array_test
%Warning-STMTDLY: <a href="../../../../third_party/tests/ivtest/ivltests/event_array.v.html#l-28" target="file-frame">third_party/tests/ivtest/ivltests/event_array.v:28</a>:4: Unsupported: Ignoring delay on this delayed statement.
                                                                                                 : ... In instance event_array_test
%Warning-STMTDLY: <a href="../../../../third_party/tests/ivtest/ivltests/event_array.v.html#l-29" target="file-frame">third_party/tests/ivtest/ivltests/event_array.v:29</a>:4: Unsupported: Ignoring delay on this delayed statement.
                                                                                                 : ... In instance event_array_test
%Warning-STMTDLY: <a href="../../../../third_party/tests/ivtest/ivltests/event_array.v.html#l-30" target="file-frame">third_party/tests/ivtest/ivltests/event_array.v:30</a>:4: Unsupported: Ignoring delay on this delayed statement.
                                                                                                 : ... In instance event_array_test
%Warning-STMTDLY: <a href="../../../../third_party/tests/ivtest/ivltests/event_array.v.html#l-31" target="file-frame">third_party/tests/ivtest/ivltests/event_array.v:31</a>:4: Unsupported: Ignoring delay on this delayed statement.
                                                                                                 : ... In instance event_array_test
%Warning-STMTDLY: <a href="../../../../third_party/tests/ivtest/ivltests/event_array.v.html#l-32" target="file-frame">third_party/tests/ivtest/ivltests/event_array.v:32</a>:4: Unsupported: Ignoring delay on this delayed statement.
                                                                                                 : ... In instance event_array_test
%Warning-STMTDLY: <a href="../../../../third_party/tests/ivtest/ivltests/event_array.v.html#l-33" target="file-frame">third_party/tests/ivtest/ivltests/event_array.v:33</a>:4: Unsupported: Ignoring delay on this delayed statement.
                                                                                                 : ... In instance event_array_test
%Warning-INITIALDLY: <a href="../../../../third_party/tests/ivtest/ivltests/event_array.v.html#l-23" target="file-frame">third_party/tests/ivtest/ivltests/event_array.v:23</a>:6: Delayed assignments (&lt;=) in initial or final block
                                                                                                    : ... Suggest blocking assignments (=)
%Warning-INITIALDLY: <a href="../../../../third_party/tests/ivtest/ivltests/event_array.v.html#l-24" target="file-frame">third_party/tests/ivtest/ivltests/event_array.v:24</a>:6: Delayed assignments (&lt;=) in initial or final block
                                                                                                    : ... Suggest blocking assignments (=)
%Warning-INITIALDLY: <a href="../../../../third_party/tests/ivtest/ivltests/event_array.v.html#l-25" target="file-frame">third_party/tests/ivtest/ivltests/event_array.v:25</a>:6: Delayed assignments (&lt;=) in initial or final block
                                                                                                    : ... Suggest blocking assignments (=)
%Warning-INITIALDLY: <a href="../../../../third_party/tests/ivtest/ivltests/event_array.v.html#l-26" target="file-frame">third_party/tests/ivtest/ivltests/event_array.v:26</a>:6: Delayed assignments (&lt;=) in initial or final block
                                                                                                    : ... Suggest blocking assignments (=)
%Warning-INITIALDLY: <a href="../../../../third_party/tests/ivtest/ivltests/event_array.v.html#l-27" target="file-frame">third_party/tests/ivtest/ivltests/event_array.v:27</a>:6: Delayed assignments (&lt;=) in initial or final block
                                                                                                    : ... Suggest blocking assignments (=)
%Warning-INITIALDLY: <a href="../../../../third_party/tests/ivtest/ivltests/event_array.v.html#l-28" target="file-frame">third_party/tests/ivtest/ivltests/event_array.v:28</a>:6: Delayed assignments (&lt;=) in initial or final block
                                                                                                    : ... Suggest blocking assignments (=)
%Warning-INITIALDLY: <a href="../../../../third_party/tests/ivtest/ivltests/event_array.v.html#l-29" target="file-frame">third_party/tests/ivtest/ivltests/event_array.v:29</a>:6: Delayed assignments (&lt;=) in initial or final block
                                                                                                    : ... Suggest blocking assignments (=)
%Warning-INITIALDLY: <a href="../../../../third_party/tests/ivtest/ivltests/event_array.v.html#l-30" target="file-frame">third_party/tests/ivtest/ivltests/event_array.v:30</a>:6: Delayed assignments (&lt;=) in initial or final block
                                                                                                    : ... Suggest blocking assignments (=)
%Warning-INITIALDLY: <a href="../../../../third_party/tests/ivtest/ivltests/event_array.v.html#l-31" target="file-frame">third_party/tests/ivtest/ivltests/event_array.v:31</a>:6: Delayed assignments (&lt;=) in initial or final block
                                                                                                    : ... Suggest blocking assignments (=)
%Warning-INITIALDLY: <a href="../../../../third_party/tests/ivtest/ivltests/event_array.v.html#l-32" target="file-frame">third_party/tests/ivtest/ivltests/event_array.v:32</a>:6: Delayed assignments (&lt;=) in initial or final block
                                                                                                    : ... Suggest blocking assignments (=)
+ make -C vbuild -f Vtop.mk
make[1]: warning: jobserver unavailable: using -j1.  Add &#39;+&#39; to parent make rule.
make[1]: Entering directory &#39;/tmpfs/tmp/tmpez5q2d9a/vbuild&#39;
ccache x86_64-conda_cos6-linux-gnu-c++ -fvisibility-inlines-hidden -std=c++17 -fmessage-length=0 -march=nocona -mtune=haswell -ftree-vectorize -fPIC -fstack-protector-strong -fno-plt -O2 -ffunction-sections -pipe -isystem /home/kbuilder/miniconda/envs/sv-test-env/include -DNDEBUG -D_FORTIFY_SOURCE=2 -O2 -isystem /home/kbuilder/miniconda/envs/sv-test-env/include -I.  -MMD -I/home/kbuilder/miniconda/envs/sv-test-env/share/verilator/include -I/home/kbuilder/miniconda/envs/sv-test-env/share/verilator/include/vltstd -DVM_COVERAGE=0 -DVM_SC=0 -DVM_TRACE=0 -DVM_TRACE_FST=0 -faligned-new -Wno-bool-operation -Wno-sign-compare -Wno-uninitialized -Wno-unused-but-set-variable -Wno-unused-parameter -Wno-unused-variable -Wno-shadow      -std=gnu++14 -Os -c -o vmain.o ../vmain.cpp
ccache x86_64-conda_cos6-linux-gnu-c++ -fvisibility-inlines-hidden -std=c++17 -fmessage-length=0 -march=nocona -mtune=haswell -ftree-vectorize -fPIC -fstack-protector-strong -fno-plt -O2 -ffunction-sections -pipe -isystem /home/kbuilder/miniconda/envs/sv-test-env/include -DNDEBUG -D_FORTIFY_SOURCE=2 -O2 -isystem /home/kbuilder/miniconda/envs/sv-test-env/include -I.  -MMD -I/home/kbuilder/miniconda/envs/sv-test-env/share/verilator/include -I/home/kbuilder/miniconda/envs/sv-test-env/share/verilator/include/vltstd -DVM_COVERAGE=0 -DVM_SC=0 -DVM_TRACE=0 -DVM_TRACE_FST=0 -faligned-new -Wno-bool-operation -Wno-sign-compare -Wno-uninitialized -Wno-unused-but-set-variable -Wno-unused-parameter -Wno-unused-variable -Wno-shadow      -std=gnu++14 -Os -c -o verilated.o /home/kbuilder/miniconda/envs/sv-test-env/share/verilator/include/verilated.cpp
In file included from /home/kbuilder/miniconda/envs/sv-test-env/share/verilator/include/verilated.cpp:25:0:
/home/kbuilder/miniconda/envs/sv-test-env/share/verilator/include/verilated_imp.h: In static member function &#39;static void VerilatedImp::fdWrite(IData, const string&amp;)&#39;:
/home/kbuilder/miniconda/envs/sv-test-env/share/verilator/include/verilated_imp.h:539:13: warning: ignoring return value of &#39;size_t fwrite(const void*, size_t, size_t, FILE*)&#39;, declared with attribute warn_unused_result [-Wunused-result]
             (void)fwrite(output.c_str(), 1, output.size(), i);
             ^~~~~~~~~~~~~~~~~~~~~~~~~~~~~~~~~~~~~~~~~~~~~~~~~
/home/kbuilder/miniconda/envs/sv-test-env/bin/perl /home/kbuilder/miniconda/envs/sv-test-env/share/verilator/bin/verilator_includer -DVL_INCLUDE_OPT=include Vtop.cpp Vtop__Slow.cpp Vtop__Syms.cpp &gt; Vtop__ALL.cpp
ccache x86_64-conda_cos6-linux-gnu-c++ -fvisibility-inlines-hidden -std=c++17 -fmessage-length=0 -march=nocona -mtune=haswell -ftree-vectorize -fPIC -fstack-protector-strong -fno-plt -O2 -ffunction-sections -pipe -isystem /home/kbuilder/miniconda/envs/sv-test-env/include -DNDEBUG -D_FORTIFY_SOURCE=2 -O2 -isystem /home/kbuilder/miniconda/envs/sv-test-env/include -I.  -MMD -I/home/kbuilder/miniconda/envs/sv-test-env/share/verilator/include -I/home/kbuilder/miniconda/envs/sv-test-env/share/verilator/include/vltstd -DVM_COVERAGE=0 -DVM_SC=0 -DVM_TRACE=0 -DVM_TRACE_FST=0 -faligned-new -Wno-bool-operation -Wno-sign-compare -Wno-uninitialized -Wno-unused-but-set-variable -Wno-unused-parameter -Wno-unused-variable -Wno-shadow      -std=gnu++14 -Os -c -o Vtop__ALL.o Vtop__ALL.cpp
In file included from Vtop__ALL.cpp:3:0:
Vtop.cpp: In static member function &#39;static void Vtop::_eval(Vtop__Syms*)&#39;:
Vtop.cpp:98:19: error: invalid array assignment
         = vlTOPp-&gt;event_array_test__DOT__my_event;
                   ^~~~~~~~~~~~~~~~~~~~~~~~~~~~~~~
/home/kbuilder/miniconda/envs/sv-test-env/share/verilator/include/verilated.mk:235: recipe for target &#39;Vtop__ALL.o&#39; failed
make[1]: *** [Vtop__ALL.o] Error 1
make[1]: Target &#39;default&#39; not remade because of errors.
make[1]: Leaving directory &#39;/tmpfs/tmp/tmpez5q2d9a/vbuild&#39;
+ ./vbuild/vmain
scr.sh: 4: scr.sh: ./vbuild/vmain: not found

</pre>
</body>