<head>
  <style>
    .log { font-family: "Courier New", Consolas, monospace; font-size: 80%; }
    .test-failed { background-color: #ffaaaa; }
    .test-passed { background-color: #aaffaa; }
  </style>
</head>
<body>
<h3><a href="https://verilator.org" target="_blank">verilator</a></h3>
<pre class="test-failed">
description: Test imported from ivtest
rc: 0 (means success: 1)
should_fail_because: this test was imported from ivtest and is designed to fail
tags: ivtest
incdirs: /tmpfs/src/github/sv-tests/third_party/tests/ivtest /tmpfs/src/github/sv-tests/third_party/tests/ivtest/ivltests
top_module: 
type: simulation
mode: simulation
files: <a href="../../../../third_party/tests/ivtest/ivltests/memsynth2.v.html" target="file-frame">third_party/tests/ivtest/ivltests/memsynth2.v</a>
defines: 
time_elapsed: 1.995s
ram usage: 73404 KB
</pre>
<pre class="log">

sh scr.sh --cc -Wno-fatal -Wno-UNOPTFLAT -Wno-BLKANDNBLK -Wpedantic -Wno-context -I/tmpfs/src/github/sv-tests/third_party/tests/ivtest -I/tmpfs/src/github/sv-tests/third_party/tests/ivtest/ivltests --Mdir vbuild --prefix Vtop --exe -o vmain vmain.cpp <a href="../../../../third_party/tests/ivtest/ivltests/memsynth2.v.html" target="file-frame">third_party/tests/ivtest/ivltests/memsynth2.v</a>
+ verilator --cc -Wno-fatal -Wno-UNOPTFLAT -Wno-BLKANDNBLK -Wpedantic -Wno-context -I/tmpfs/src/github/sv-tests/third_party/tests/ivtest -I/tmpfs/src/github/sv-tests/third_party/tests/ivtest/ivltests --Mdir vbuild --prefix Vtop --exe -o vmain vmain.cpp <a href="../../../../third_party/tests/ivtest/ivltests/memsynth2.v.html" target="file-frame">third_party/tests/ivtest/ivltests/memsynth2.v</a>
%Warning-STMTDLY: <a href="../../../../third_party/tests/ivtest/ivltests/memsynth2.v.html#l-38" target="file-frame">third_party/tests/ivtest/ivltests/memsynth2.v:38</a>:8: Unsupported: Ignoring delay on this delayed statement.
                                                                                               : ... In instance main
                  ... Use &#34;/* verilator lint_off STMTDLY */&#34; and lint_on around source to disable this message.
%Warning-STMTDLY: <a href="../../../../third_party/tests/ivtest/ivltests/memsynth2.v.html#l-39" target="file-frame">third_party/tests/ivtest/ivltests/memsynth2.v:39</a>:8: Unsupported: Ignoring delay on this delayed statement.
                                                                                               : ... In instance main
%Warning-STMTDLY: <a href="../../../../third_party/tests/ivtest/ivltests/memsynth2.v.html#l-44" target="file-frame">third_party/tests/ivtest/ivltests/memsynth2.v:44</a>:8: Unsupported: Ignoring delay on this delayed statement.
                                                                                               : ... In instance main
%Warning-STMTDLY: <a href="../../../../third_party/tests/ivtest/ivltests/memsynth2.v.html#l-50" target="file-frame">third_party/tests/ivtest/ivltests/memsynth2.v:50</a>:8: Unsupported: Ignoring delay on this delayed statement.
                                                                                               : ... In instance main
%Warning-STMTDLY: <a href="../../../../third_party/tests/ivtest/ivltests/memsynth2.v.html#l-56" target="file-frame">third_party/tests/ivtest/ivltests/memsynth2.v:56</a>:8: Unsupported: Ignoring delay on this delayed statement.
                                                                                               : ... In instance main
%Warning-STMTDLY: <a href="../../../../third_party/tests/ivtest/ivltests/memsynth2.v.html#l-62" target="file-frame">third_party/tests/ivtest/ivltests/memsynth2.v:62</a>:8: Unsupported: Ignoring delay on this delayed statement.
                                                                                               : ... In instance main
%Warning-STMTDLY: <a href="../../../../third_party/tests/ivtest/ivltests/memsynth2.v.html#l-63" target="file-frame">third_party/tests/ivtest/ivltests/memsynth2.v:63</a>:8: Unsupported: Ignoring delay on this delayed statement.
                                                                                               : ... In instance main
%Warning-STMTDLY: <a href="../../../../third_party/tests/ivtest/ivltests/memsynth2.v.html#l-73" target="file-frame">third_party/tests/ivtest/ivltests/memsynth2.v:73</a>:8: Unsupported: Ignoring delay on this delayed statement.
                                                                                               : ... In instance main
%Warning-STMTDLY: <a href="../../../../third_party/tests/ivtest/ivltests/memsynth2.v.html#l-74" target="file-frame">third_party/tests/ivtest/ivltests/memsynth2.v:74</a>:8: Unsupported: Ignoring delay on this delayed statement.
                                                                                               : ... In instance main
%Warning-STMTDLY: <a href="../../../../third_party/tests/ivtest/ivltests/memsynth2.v.html#l-85" target="file-frame">third_party/tests/ivtest/ivltests/memsynth2.v:85</a>:8: Unsupported: Ignoring delay on this delayed statement.
                                                                                               : ... In instance main
%Warning-STMTDLY: <a href="../../../../third_party/tests/ivtest/ivltests/memsynth2.v.html#l-86" target="file-frame">third_party/tests/ivtest/ivltests/memsynth2.v:86</a>:8: Unsupported: Ignoring delay on this delayed statement.
                                                                                               : ... In instance main
%Warning-STMTDLY: <a href="../../../../third_party/tests/ivtest/ivltests/memsynth2.v.html#l-96" target="file-frame">third_party/tests/ivtest/ivltests/memsynth2.v:96</a>:8: Unsupported: Ignoring delay on this delayed statement.
                                                                                               : ... In instance main
+ make -C vbuild -f Vtop.mk
make[1]: warning: jobserver unavailable: using -j1.  Add &#39;+&#39; to parent make rule.
make[1]: Entering directory &#39;/tmpfs/tmp/tmpdd5qj83_/vbuild&#39;
ccache x86_64-conda_cos6-linux-gnu-c++ -fvisibility-inlines-hidden -std=c++17 -fmessage-length=0 -march=nocona -mtune=haswell -ftree-vectorize -fPIC -fstack-protector-strong -fno-plt -O2 -ffunction-sections -pipe -isystem /home/kbuilder/miniconda/envs/sv-test-env/include -DNDEBUG -D_FORTIFY_SOURCE=2 -O2 -isystem /home/kbuilder/miniconda/envs/sv-test-env/include -I.  -MMD -I/home/kbuilder/miniconda/envs/sv-test-env/share/verilator/include -I/home/kbuilder/miniconda/envs/sv-test-env/share/verilator/include/vltstd -DVM_COVERAGE=0 -DVM_SC=0 -DVM_TRACE=0 -DVM_TRACE_FST=0 -faligned-new -Wno-bool-operation -Wno-sign-compare -Wno-uninitialized -Wno-unused-but-set-variable -Wno-unused-parameter -Wno-unused-variable -Wno-shadow      -std=gnu++14 -Os -c -o vmain.o ../vmain.cpp
ccache x86_64-conda_cos6-linux-gnu-c++ -fvisibility-inlines-hidden -std=c++17 -fmessage-length=0 -march=nocona -mtune=haswell -ftree-vectorize -fPIC -fstack-protector-strong -fno-plt -O2 -ffunction-sections -pipe -isystem /home/kbuilder/miniconda/envs/sv-test-env/include -DNDEBUG -D_FORTIFY_SOURCE=2 -O2 -isystem /home/kbuilder/miniconda/envs/sv-test-env/include -I.  -MMD -I/home/kbuilder/miniconda/envs/sv-test-env/share/verilator/include -I/home/kbuilder/miniconda/envs/sv-test-env/share/verilator/include/vltstd -DVM_COVERAGE=0 -DVM_SC=0 -DVM_TRACE=0 -DVM_TRACE_FST=0 -faligned-new -Wno-bool-operation -Wno-sign-compare -Wno-uninitialized -Wno-unused-but-set-variable -Wno-unused-parameter -Wno-unused-variable -Wno-shadow      -std=gnu++14 -Os -c -o verilated.o /home/kbuilder/miniconda/envs/sv-test-env/share/verilator/include/verilated.cpp
In file included from /home/kbuilder/miniconda/envs/sv-test-env/share/verilator/include/verilated.cpp:25:0:
/home/kbuilder/miniconda/envs/sv-test-env/share/verilator/include/verilated_imp.h: In static member function &#39;static void VerilatedImp::fdWrite(IData, const string&amp;)&#39;:
/home/kbuilder/miniconda/envs/sv-test-env/share/verilator/include/verilated_imp.h:539:13: warning: ignoring return value of &#39;size_t fwrite(const void*, size_t, size_t, FILE*)&#39;, declared with attribute warn_unused_result [-Wunused-result]
             (void)fwrite(output.c_str(), 1, output.size(), i);
             ^~~~~~~~~~~~~~~~~~~~~~~~~~~~~~~~~~~~~~~~~~~~~~~~~
/home/kbuilder/miniconda/envs/sv-test-env/bin/perl /home/kbuilder/miniconda/envs/sv-test-env/share/verilator/bin/verilator_includer -DVL_INCLUDE_OPT=include Vtop.cpp Vtop__Slow.cpp Vtop__Syms.cpp &gt; Vtop__ALL.cpp
ccache x86_64-conda_cos6-linux-gnu-c++ -fvisibility-inlines-hidden -std=c++17 -fmessage-length=0 -march=nocona -mtune=haswell -ftree-vectorize -fPIC -fstack-protector-strong -fno-plt -O2 -ffunction-sections -pipe -isystem /home/kbuilder/miniconda/envs/sv-test-env/include -DNDEBUG -D_FORTIFY_SOURCE=2 -O2 -isystem /home/kbuilder/miniconda/envs/sv-test-env/include -I.  -MMD -I/home/kbuilder/miniconda/envs/sv-test-env/share/verilator/include -I/home/kbuilder/miniconda/envs/sv-test-env/share/verilator/include/vltstd -DVM_COVERAGE=0 -DVM_SC=0 -DVM_TRACE=0 -DVM_TRACE_FST=0 -faligned-new -Wno-bool-operation -Wno-sign-compare -Wno-uninitialized -Wno-unused-but-set-variable -Wno-unused-parameter -Wno-unused-variable -Wno-shadow      -std=gnu++14 -Os -c -o Vtop__ALL.o Vtop__ALL.cpp
Archive ar -cr Vtop__ALL.a Vtop__ALL.o
x86_64-conda_cos6-linux-gnu-c++ -Wl,-O2 -Wl,--sort-common -Wl,--as-needed -Wl,-z,relro -Wl,-z,now -Wl,--disable-new-dtags -Wl,--gc-sections -Wl,-rpath,/home/kbuilder/miniconda/envs/sv-test-env/lib -Wl,-rpath-link,/home/kbuilder/miniconda/envs/sv-test-env/lib -L/home/kbuilder/miniconda/envs/sv-test-env/lib    vmain.o verilated.o Vtop__ALL.a      -o vmain
make[1]: Leaving directory &#39;/tmpfs/tmp/tmpdd5qj83_/vbuild&#39;
+ ./vbuild/vmain
FAILED -- write D=1: mem[0]=0, mem[1]=0
- <a href="../../../../third_party/tests/ivtest/ivltests/memsynth2.v.html#l-80" target="file-frame">third_party/tests/ivtest/ivltests/memsynth2.v:80</a>: Verilog $finish
FAILED -- write D=0: mem[0]=0, mem[1]=0
- <a href="../../../../third_party/tests/ivtest/ivltests/memsynth2.v.html#l-92" target="file-frame">third_party/tests/ivtest/ivltests/memsynth2.v:92</a>: Verilog $finish
- <a href="../../../../third_party/tests/ivtest/ivltests/memsynth2.v.html#l-92" target="file-frame">third_party/tests/ivtest/ivltests/memsynth2.v:92</a>: Second verilog $finish, exiting

</pre>
</body>