<head>
  <style>
    .log { font-family: "Courier New", Consolas, monospace; font-size: 80%; }
    .test-failed { background-color: #ffaaaa; }
    .test-passed { background-color: #aaffaa; }
  </style>
</head>
<body>
<h3><a href="https://verilator.org" target="_blank">verilator</a></h3>
<pre class="test-failed">
description: Test imported from ivtest
rc: 127 (means success: 0)
should_fail_because: this test was imported from ivtest and is designed to fail
tags: ivtest
incdirs: /tmpfs/src/github/sv-tests/third_party/tests/ivtest /tmpfs/src/github/sv-tests/third_party/tests/ivtest/ivltests
top_module: 
type: simulation
mode: simulation
files: <a href="../../../../third_party/tests/ivtest/ivltests/sv_class6.v.html" target="file-frame">third_party/tests/ivtest/ivltests/sv_class6.v</a>
defines: 
time_elapsed: 1.167s
ram usage: 70372 KB
</pre>
<pre class="log">

sh scr.sh --cc -Wno-fatal -Wno-UNOPTFLAT -Wno-BLKANDNBLK -Wpedantic -Wno-context -I/tmpfs/src/github/sv-tests/third_party/tests/ivtest -I/tmpfs/src/github/sv-tests/third_party/tests/ivtest/ivltests --Mdir vbuild --prefix Vtop --exe -o vmain vmain.cpp <a href="../../../../third_party/tests/ivtest/ivltests/sv_class6.v.html" target="file-frame">third_party/tests/ivtest/ivltests/sv_class6.v</a>
+ verilator --cc -Wno-fatal -Wno-UNOPTFLAT -Wno-BLKANDNBLK -Wpedantic -Wno-context -I/tmpfs/src/github/sv-tests/third_party/tests/ivtest -I/tmpfs/src/github/sv-tests/third_party/tests/ivtest/ivltests --Mdir vbuild --prefix Vtop --exe -o vmain vmain.cpp <a href="../../../../third_party/tests/ivtest/ivltests/sv_class6.v.html" target="file-frame">third_party/tests/ivtest/ivltests/sv_class6.v</a>
+ make -C vbuild -f Vtop.mk
make[1]: warning: jobserver unavailable: using -j1.  Add &#39;+&#39; to parent make rule.
make[1]: Entering directory &#39;/tmpfs/tmp/tmpill213gn/vbuild&#39;
ccache x86_64-conda_cos6-linux-gnu-c++ -fvisibility-inlines-hidden -std=c++17 -fmessage-length=0 -march=nocona -mtune=haswell -ftree-vectorize -fPIC -fstack-protector-strong -fno-plt -O2 -ffunction-sections -pipe -isystem /home/kbuilder/miniconda/envs/sv-test-env/include -DNDEBUG -D_FORTIFY_SOURCE=2 -O2 -isystem /home/kbuilder/miniconda/envs/sv-test-env/include -I.  -MMD -I/home/kbuilder/miniconda/envs/sv-test-env/share/verilator/include -I/home/kbuilder/miniconda/envs/sv-test-env/share/verilator/include/vltstd -DVM_COVERAGE=0 -DVM_SC=0 -DVM_TRACE=0 -DVM_TRACE_FST=0 -faligned-new -Wno-bool-operation -Wno-sign-compare -Wno-uninitialized -Wno-unused-but-set-variable -Wno-unused-parameter -Wno-unused-variable -Wno-shadow      -std=gnu++14 -Os -c -o vmain.o ../vmain.cpp
ccache x86_64-conda_cos6-linux-gnu-c++ -fvisibility-inlines-hidden -std=c++17 -fmessage-length=0 -march=nocona -mtune=haswell -ftree-vectorize -fPIC -fstack-protector-strong -fno-plt -O2 -ffunction-sections -pipe -isystem /home/kbuilder/miniconda/envs/sv-test-env/include -DNDEBUG -D_FORTIFY_SOURCE=2 -O2 -isystem /home/kbuilder/miniconda/envs/sv-test-env/include -I.  -MMD -I/home/kbuilder/miniconda/envs/sv-test-env/share/verilator/include -I/home/kbuilder/miniconda/envs/sv-test-env/share/verilator/include/vltstd -DVM_COVERAGE=0 -DVM_SC=0 -DVM_TRACE=0 -DVM_TRACE_FST=0 -faligned-new -Wno-bool-operation -Wno-sign-compare -Wno-uninitialized -Wno-unused-but-set-variable -Wno-unused-parameter -Wno-unused-variable -Wno-shadow      -std=gnu++14 -Os -c -o verilated.o /home/kbuilder/miniconda/envs/sv-test-env/share/verilator/include/verilated.cpp
In file included from /home/kbuilder/miniconda/envs/sv-test-env/share/verilator/include/verilated.cpp:25:0:
/home/kbuilder/miniconda/envs/sv-test-env/share/verilator/include/verilated_imp.h: In static member function &#39;static void VerilatedImp::fdWrite(IData, const string&amp;)&#39;:
/home/kbuilder/miniconda/envs/sv-test-env/share/verilator/include/verilated_imp.h:539:13: warning: ignoring return value of &#39;size_t fwrite(const void*, size_t, size_t, FILE*)&#39;, declared with attribute warn_unused_result [-Wunused-result]
             (void)fwrite(output.c_str(), 1, output.size(), i);
             ^~~~~~~~~~~~~~~~~~~~~~~~~~~~~~~~~~~~~~~~~~~~~~~~~
/home/kbuilder/miniconda/envs/sv-test-env/bin/perl /home/kbuilder/miniconda/envs/sv-test-env/share/verilator/bin/verilator_includer -DVL_INCLUDE_OPT=include Vtop.cpp Vtop_main.cpp Vtop_foo_t__Vclpkg.cpp Vtop__Slow.cpp Vtop_main__Slow.cpp Vtop_foo_t__Vclpkg__Slow.cpp Vtop__Syms.cpp &gt; Vtop__ALL.cpp
ccache x86_64-conda_cos6-linux-gnu-c++ -fvisibility-inlines-hidden -std=c++17 -fmessage-length=0 -march=nocona -mtune=haswell -ftree-vectorize -fPIC -fstack-protector-strong -fno-plt -O2 -ffunction-sections -pipe -isystem /home/kbuilder/miniconda/envs/sv-test-env/include -DNDEBUG -D_FORTIFY_SOURCE=2 -O2 -isystem /home/kbuilder/miniconda/envs/sv-test-env/include -I.  -MMD -I/home/kbuilder/miniconda/envs/sv-test-env/share/verilator/include -I/home/kbuilder/miniconda/envs/sv-test-env/share/verilator/include/vltstd -DVM_COVERAGE=0 -DVM_SC=0 -DVM_TRACE=0 -DVM_TRACE_FST=0 -faligned-new -Wno-bool-operation -Wno-sign-compare -Wno-uninitialized -Wno-unused-but-set-variable -Wno-unused-parameter -Wno-unused-variable -Wno-shadow      -std=gnu++14 -Os -c -o Vtop__ALL.o Vtop__ALL.cpp
In file included from Vtop__ALL.cpp:5:0:
Vtop_foo_t__Vclpkg.cpp: In member function &#39;std::__cxx11::string Vtop_foo_t::to_string_middle() const&#39;:
Vtop_foo_t__Vclpkg.cpp:47:40: error: call of overloaded &#39;VL_TO_STRING(const double&amp;)&#39; is ambiguous
     out += &#34;a:&#34; + VL_TO_STRING(__PVT__a);
                                        ^
In file included from Vtop.h:11:0,
                 from Vtop.cpp:5,
                 from Vtop__ALL.cpp:3:
/home/kbuilder/miniconda/envs/sv-test-env/share/verilator/include/verilated_heavy.h:39:20: note: candidate: std::__cxx11::string VL_TO_STRING(CData)
 extern std::string VL_TO_STRING(CData lhs);
                    ^~~~~~~~~~~~
/home/kbuilder/miniconda/envs/sv-test-env/share/verilator/include/verilated_heavy.h:40:20: note: candidate: std::__cxx11::string VL_TO_STRING(SData)
 extern std::string VL_TO_STRING(SData lhs);
                    ^~~~~~~~~~~~
/home/kbuilder/miniconda/envs/sv-test-env/share/verilator/include/verilated_heavy.h:41:20: note: candidate: std::__cxx11::string VL_TO_STRING(IData)
 extern std::string VL_TO_STRING(IData lhs);
                    ^~~~~~~~~~~~
/home/kbuilder/miniconda/envs/sv-test-env/share/verilator/include/verilated_heavy.h:42:20: note: candidate: std::__cxx11::string VL_TO_STRING(QData)
 extern std::string VL_TO_STRING(QData lhs);
                    ^~~~~~~~~~~~
In file included from Vtop__ALL.cpp:5:0:
Vtop_foo_t__Vclpkg.cpp:48:42: error: call of overloaded &#39;VL_TO_STRING(const double&amp;)&#39; is ambiguous
     out += &#34;, b:&#34; + VL_TO_STRING(__PVT__b);
                                          ^
In file included from Vtop.h:11:0,
                 from Vtop.cpp:5,
                 from Vtop__ALL.cpp:3:
/home/kbuilder/miniconda/envs/sv-test-env/share/verilator/include/verilated_heavy.h:39:20: note: candidate: std::__cxx11::string VL_TO_STRING(CData)
 extern std::string VL_TO_STRING(CData lhs);
                    ^~~~~~~~~~~~
/home/kbuilder/miniconda/envs/sv-test-env/share/verilator/include/verilated_heavy.h:40:20: note: candidate: std::__cxx11::string VL_TO_STRING(SData)
 extern std::string VL_TO_STRING(SData lhs);
                    ^~~~~~~~~~~~
/home/kbuilder/miniconda/envs/sv-test-env/share/verilator/include/verilated_heavy.h:41:20: note: candidate: std::__cxx11::string VL_TO_STRING(IData)
 extern std::string VL_TO_STRING(IData lhs);
                    ^~~~~~~~~~~~
/home/kbuilder/miniconda/envs/sv-test-env/share/verilator/include/verilated_heavy.h:42:20: note: candidate: std::__cxx11::string VL_TO_STRING(QData)
 extern std::string VL_TO_STRING(QData lhs);
                    ^~~~~~~~~~~~
/home/kbuilder/miniconda/envs/sv-test-env/share/verilator/include/verilated.mk:235: recipe for target &#39;Vtop__ALL.o&#39; failed
make[1]: *** [Vtop__ALL.o] Error 1
make[1]: Target &#39;default&#39; not remade because of errors.
make[1]: Leaving directory &#39;/tmpfs/tmp/tmpill213gn/vbuild&#39;
+ ./vbuild/vmain
scr.sh: 4: scr.sh: ./vbuild/vmain: not found

</pre>
</body>