<head>
  <style>
    .log { font-family: "Courier New", Consolas, monospace; font-size: 80%; }
    .test-failed { background-color: #ffaaaa; }
    .test-passed { background-color: #aaffaa; }
  </style>
</head>
<body>
<h3><a href="https://verilator.org" target="_blank">verilator</a></h3>
<pre class="test-failed">
description: Test imported from ivtest
rc: 127 (means success: 0)
should_fail_because: this test was imported from ivtest and is designed to fail
tags: ivtest
incdirs: /tmpfs/src/github/sv-tests/third_party/tests/ivtest /tmpfs/src/github/sv-tests/third_party/tests/ivtest/ivltests
top_module: 
type: simulation
mode: simulation
files: <a href="../../../../third_party/tests/ivtest/ivltests/sv_foreach3.v.html" target="file-frame">third_party/tests/ivtest/ivltests/sv_foreach3.v</a>
defines: 
time_elapsed: 1.715s
ram usage: 69200 KB
</pre>
<pre class="log">

sh scr.sh --cc -Wno-fatal -Wno-UNOPTFLAT -Wno-BLKANDNBLK -Wpedantic -Wno-context -I/tmpfs/src/github/sv-tests/third_party/tests/ivtest -I/tmpfs/src/github/sv-tests/third_party/tests/ivtest/ivltests --Mdir vbuild --prefix Vtop --exe -o vmain vmain.cpp <a href="../../../../third_party/tests/ivtest/ivltests/sv_foreach3.v.html" target="file-frame">third_party/tests/ivtest/ivltests/sv_foreach3.v</a>
+ verilator --cc -Wno-fatal -Wno-UNOPTFLAT -Wno-BLKANDNBLK -Wpedantic -Wno-context -I/tmpfs/src/github/sv-tests/third_party/tests/ivtest -I/tmpfs/src/github/sv-tests/third_party/tests/ivtest/ivltests --Mdir vbuild --prefix Vtop --exe -o vmain vmain.cpp <a href="../../../../third_party/tests/ivtest/ivltests/sv_foreach3.v.html" target="file-frame">third_party/tests/ivtest/ivltests/sv_foreach3.v</a>
%Warning-WIDTH: <a href="../../../../third_party/tests/ivtest/ivltests/sv_foreach3.v.html#l-30" target="file-frame">third_party/tests/ivtest/ivltests/sv_foreach3.v:30</a>:8: Operator ASSIGN expects 2 bits on the Assign RHS, but Assign RHS&#39;s VARREF &#39;ax&#39; generates 32 bits.
                                                                                               : ... In instance main
                ... Use &#34;/* verilator lint_off WIDTH */&#34; and lint_on around source to disable this message.
%Warning-WIDTH: <a href="../../../../third_party/tests/ivtest/ivltests/sv_foreach3.v.html#l-31" target="file-frame">third_party/tests/ivtest/ivltests/sv_foreach3.v:31</a>:8: Operator ASSIGN expects 3 bits on the Assign RHS, but Assign RHS&#39;s VARREF &#39;bx&#39; generates 32 bits.
                                                                                               : ... In instance main
%Warning-WIDTH: <a href="../../../../third_party/tests/ivtest/ivltests/sv_foreach3.v.html#l-45" target="file-frame">third_party/tests/ivtest/ivltests/sv_foreach3.v:45</a>:7: Bit extraction of array[3:0] requires 2 bit index, not 4 bits.
                                                                                               : ... In instance main
%Warning-WIDTH: <a href="../../../../third_party/tests/ivtest/ivltests/sv_foreach3.v.html#l-45" target="file-frame">third_party/tests/ivtest/ivltests/sv_foreach3.v:45</a>:13: Bit extraction of array[7:0] requires 3 bit index, not 4 bits.
                                                                                                : ... In instance main
%Warning-WIDTH: <a href="../../../../third_party/tests/ivtest/ivltests/sv_foreach3.v.html#l-70" target="file-frame">third_party/tests/ivtest/ivltests/sv_foreach3.v:70</a>:15: Bit extraction of array[3:0] requires 2 bit index, not 4 bits.
                                                                                                : ... In instance main
%Warning-WIDTH: <a href="../../../../third_party/tests/ivtest/ivltests/sv_foreach3.v.html#l-70" target="file-frame">third_party/tests/ivtest/ivltests/sv_foreach3.v:70</a>:21: Bit extraction of array[7:0] requires 3 bit index, not 4 bits.
                                                                                                : ... In instance main
+ make -C vbuild -f Vtop.mk
make[1]: warning: jobserver unavailable: using -j1.  Add &#39;+&#39; to parent make rule.
make[1]: Entering directory &#39;/tmpfs/tmp/tmpl1nuwlnr/vbuild&#39;
ccache x86_64-conda_cos6-linux-gnu-c++ -fvisibility-inlines-hidden -std=c++17 -fmessage-length=0 -march=nocona -mtune=haswell -ftree-vectorize -fPIC -fstack-protector-strong -fno-plt -O2 -ffunction-sections -pipe -isystem /home/kbuilder/miniconda/envs/sv-test-env/include -DNDEBUG -D_FORTIFY_SOURCE=2 -O2 -isystem /home/kbuilder/miniconda/envs/sv-test-env/include -I.  -MMD -I/home/kbuilder/miniconda/envs/sv-test-env/share/verilator/include -I/home/kbuilder/miniconda/envs/sv-test-env/share/verilator/include/vltstd -DVM_COVERAGE=0 -DVM_SC=0 -DVM_TRACE=0 -DVM_TRACE_FST=0 -faligned-new -Wno-bool-operation -Wno-sign-compare -Wno-uninitialized -Wno-unused-but-set-variable -Wno-unused-parameter -Wno-unused-variable -Wno-shadow      -std=gnu++14 -Os -c -o vmain.o ../vmain.cpp
ccache x86_64-conda_cos6-linux-gnu-c++ -fvisibility-inlines-hidden -std=c++17 -fmessage-length=0 -march=nocona -mtune=haswell -ftree-vectorize -fPIC -fstack-protector-strong -fno-plt -O2 -ffunction-sections -pipe -isystem /home/kbuilder/miniconda/envs/sv-test-env/include -DNDEBUG -D_FORTIFY_SOURCE=2 -O2 -isystem /home/kbuilder/miniconda/envs/sv-test-env/include -I.  -MMD -I/home/kbuilder/miniconda/envs/sv-test-env/share/verilator/include -I/home/kbuilder/miniconda/envs/sv-test-env/share/verilator/include/vltstd -DVM_COVERAGE=0 -DVM_SC=0 -DVM_TRACE=0 -DVM_TRACE_FST=0 -faligned-new -Wno-bool-operation -Wno-sign-compare -Wno-uninitialized -Wno-unused-but-set-variable -Wno-unused-parameter -Wno-unused-variable -Wno-shadow      -std=gnu++14 -Os -c -o verilated.o /home/kbuilder/miniconda/envs/sv-test-env/share/verilator/include/verilated.cpp
In file included from /home/kbuilder/miniconda/envs/sv-test-env/share/verilator/include/verilated.cpp:25:0:
/home/kbuilder/miniconda/envs/sv-test-env/share/verilator/include/verilated_imp.h: In static member function &#39;static void VerilatedImp::fdWrite(IData, const string&amp;)&#39;:
/home/kbuilder/miniconda/envs/sv-test-env/share/verilator/include/verilated_imp.h:539:13: warning: ignoring return value of &#39;size_t fwrite(const void*, size_t, size_t, FILE*)&#39;, declared with attribute warn_unused_result [-Wunused-result]
             (void)fwrite(output.c_str(), 1, output.size(), i);
             ^~~~~~~~~~~~~~~~~~~~~~~~~~~~~~~~~~~~~~~~~~~~~~~~~
/home/kbuilder/miniconda/envs/sv-test-env/bin/perl /home/kbuilder/miniconda/envs/sv-test-env/share/verilator/bin/verilator_includer -DVL_INCLUDE_OPT=include Vtop.cpp Vtop_main.cpp Vtop_test_t__Vclpkg.cpp Vtop_container_t__Vclpkg.cpp Vtop__Slow.cpp Vtop_main__Slow.cpp Vtop_test_t__Vclpkg__Slow.cpp Vtop_container_t__Vclpkg__Slow.cpp Vtop__Syms.cpp &gt; Vtop__ALL.cpp
ccache x86_64-conda_cos6-linux-gnu-c++ -fvisibility-inlines-hidden -std=c++17 -fmessage-length=0 -march=nocona -mtune=haswell -ftree-vectorize -fPIC -fstack-protector-strong -fno-plt -O2 -ffunction-sections -pipe -isystem /home/kbuilder/miniconda/envs/sv-test-env/include -DNDEBUG -D_FORTIFY_SOURCE=2 -O2 -isystem /home/kbuilder/miniconda/envs/sv-test-env/include -I.  -MMD -I/home/kbuilder/miniconda/envs/sv-test-env/share/verilator/include -I/home/kbuilder/miniconda/envs/sv-test-env/share/verilator/include/vltstd -DVM_COVERAGE=0 -DVM_SC=0 -DVM_TRACE=0 -DVM_TRACE_FST=0 -faligned-new -Wno-bool-operation -Wno-sign-compare -Wno-uninitialized -Wno-unused-but-set-variable -Wno-unused-parameter -Wno-unused-variable -Wno-shadow      -std=gnu++14 -Os -c -o Vtop__ALL.o Vtop__ALL.cpp
In file included from Vtop__ALL.cpp:6:0:
Vtop_container_t__Vclpkg.cpp: In constructor &#39;Vtop_container_t::Vtop_container_t(Vtop__Syms*)&#39;:
Vtop_container_t__Vclpkg.cpp:20:71: error: unable to find numeric literal operator &#39;operator&#34;&#34;U0U&#39;
     this-&gt;__PVT__foo[0U][0U] = std::make_shared&lt;Vtop_test_t&gt;(vlSymsp, 0U0U);
                                                                       ^~~~
Vtop_container_t__Vclpkg.cpp:21:71: error: unable to find numeric literal operator &#39;operator&#34;&#34;U1U&#39;
     this-&gt;__PVT__foo[0U][1U] = std::make_shared&lt;Vtop_test_t&gt;(vlSymsp, 0U1U);
                                                                       ^~~~
Vtop_container_t__Vclpkg.cpp:22:71: error: unable to find numeric literal operator &#39;operator&#34;&#34;U2U&#39;
     this-&gt;__PVT__foo[0U][2U] = std::make_shared&lt;Vtop_test_t&gt;(vlSymsp, 0U2U);
                                                                       ^~~~
Vtop_container_t__Vclpkg.cpp:23:71: error: unable to find numeric literal operator &#39;operator&#34;&#34;U3U&#39;
     this-&gt;__PVT__foo[0U][3U] = std::make_shared&lt;Vtop_test_t&gt;(vlSymsp, 0U3U);
                                                                       ^~~~
Vtop_container_t__Vclpkg.cpp:24:71: error: unable to find numeric literal operator &#39;operator&#34;&#34;U4U&#39;
     this-&gt;__PVT__foo[0U][4U] = std::make_shared&lt;Vtop_test_t&gt;(vlSymsp, 0U4U);
                                                                       ^~~~
Vtop_container_t__Vclpkg.cpp:25:71: error: unable to find numeric literal operator &#39;operator&#34;&#34;U5U&#39;
     this-&gt;__PVT__foo[0U][5U] = std::make_shared&lt;Vtop_test_t&gt;(vlSymsp, 0U5U);
                                                                       ^~~~
Vtop_container_t__Vclpkg.cpp:26:71: error: unable to find numeric literal operator &#39;operator&#34;&#34;U6U&#39;
     this-&gt;__PVT__foo[0U][6U] = std::make_shared&lt;Vtop_test_t&gt;(vlSymsp, 0U6U);
                                                                       ^~~~
Vtop_container_t__Vclpkg.cpp:27:71: error: unable to find numeric literal operator &#39;operator&#34;&#34;U7U&#39;
     this-&gt;__PVT__foo[0U][7U] = std::make_shared&lt;Vtop_test_t&gt;(vlSymsp, 0U7U);
                                                                       ^~~~
Vtop_container_t__Vclpkg.cpp:28:71: error: unable to find numeric literal operator &#39;operator&#34;&#34;U0U&#39;
     this-&gt;__PVT__foo[1U][0U] = std::make_shared&lt;Vtop_test_t&gt;(vlSymsp, 1U0U);
                                                                       ^~~~
Vtop_container_t__Vclpkg.cpp:29:71: error: unable to find numeric literal operator &#39;operator&#34;&#34;U1U&#39;
     this-&gt;__PVT__foo[1U][1U] = std::make_shared&lt;Vtop_test_t&gt;(vlSymsp, 1U1U);
                                                                       ^~~~
Vtop_container_t__Vclpkg.cpp:30:71: error: unable to find numeric literal operator &#39;operator&#34;&#34;U2U&#39;
     this-&gt;__PVT__foo[1U][2U] = std::make_shared&lt;Vtop_test_t&gt;(vlSymsp, 1U2U);
                                                                       ^~~~
Vtop_container_t__Vclpkg.cpp:31:71: error: unable to find numeric literal operator &#39;operator&#34;&#34;U3U&#39;
     this-&gt;__PVT__foo[1U][3U] = std::make_shared&lt;Vtop_test_t&gt;(vlSymsp, 1U3U);
                                                                       ^~~~
Vtop_container_t__Vclpkg.cpp:32:71: error: unable to find numeric literal operator &#39;operator&#34;&#34;U4U&#39;
     this-&gt;__PVT__foo[1U][4U] = std::make_shared&lt;Vtop_test_t&gt;(vlSymsp, 1U4U);
                                                                       ^~~~
Vtop_container_t__Vclpkg.cpp:33:71: error: unable to find numeric literal operator &#39;operator&#34;&#34;U5U&#39;
     this-&gt;__PVT__foo[1U][5U] = std::make_shared&lt;Vtop_test_t&gt;(vlSymsp, 1U5U);
                                                                       ^~~~
Vtop_container_t__Vclpkg.cpp:34:71: error: unable to find numeric literal operator &#39;operator&#34;&#34;U6U&#39;
     this-&gt;__PVT__foo[1U][6U] = std::make_shared&lt;Vtop_test_t&gt;(vlSymsp, 1U6U);
                                                                       ^~~~
Vtop_container_t__Vclpkg.cpp:35:71: error: unable to find numeric literal operator &#39;operator&#34;&#34;U7U&#39;
     this-&gt;__PVT__foo[1U][7U] = std::make_shared&lt;Vtop_test_t&gt;(vlSymsp, 1U7U);
                                                                       ^~~~
Vtop_container_t__Vclpkg.cpp:36:71: error: unable to find numeric literal operator &#39;operator&#34;&#34;U0U&#39;
     this-&gt;__PVT__foo[2U][0U] = std::make_shared&lt;Vtop_test_t&gt;(vlSymsp, 2U0U);
                                                                       ^~~~
Vtop_container_t__Vclpkg.cpp:37:71: error: unable to find numeric literal operator &#39;operator&#34;&#34;U1U&#39;
     this-&gt;__PVT__foo[2U][1U] = std::make_shared&lt;Vtop_test_t&gt;(vlSymsp, 2U1U);
                                                                       ^~~~
Vtop_container_t__Vclpkg.cpp:38:71: error: unable to find numeric literal operator &#39;operator&#34;&#34;U2U&#39;
     this-&gt;__PVT__foo[2U][2U] = std::make_shared&lt;Vtop_test_t&gt;(vlSymsp, 2U2U);
                                                                       ^~~~
Vtop_container_t__Vclpkg.cpp:39:71: error: unable to find numeric literal operator &#39;operator&#34;&#34;U3U&#39;
     this-&gt;__PVT__foo[2U][3U] = std::make_shared&lt;Vtop_test_t&gt;(vlSymsp, 2U3U);
                                                                       ^~~~
Vtop_container_t__Vclpkg.cpp:40:71: error: unable to find numeric literal operator &#39;operator&#34;&#34;U4U&#39;
     this-&gt;__PVT__foo[2U][4U] = std::make_shared&lt;Vtop_test_t&gt;(vlSymsp, 2U4U);
                                                                       ^~~~
Vtop_container_t__Vclpkg.cpp:41:71: error: unable to find numeric literal operator &#39;operator&#34;&#34;U5U&#39;
     this-&gt;__PVT__foo[2U][5U] = std::make_shared&lt;Vtop_test_t&gt;(vlSymsp, 2U5U);
                                                                       ^~~~
Vtop_container_t__Vclpkg.cpp:42:71: error: unable to find numeric literal operator &#39;operator&#34;&#34;U6U&#39;
     this-&gt;__PVT__foo[2U][6U] = std::make_shared&lt;Vtop_test_t&gt;(vlSymsp, 2U6U);
                                                                       ^~~~
Vtop_container_t__Vclpkg.cpp:43:71: error: unable to find numeric literal operator &#39;operator&#34;&#34;U7U&#39;
     this-&gt;__PVT__foo[2U][7U] = std::make_shared&lt;Vtop_test_t&gt;(vlSymsp, 2U7U);
                                                                       ^~~~
Vtop_container_t__Vclpkg.cpp:44:71: error: unable to find numeric literal operator &#39;operator&#34;&#34;U0U&#39;
     this-&gt;__PVT__foo[3U][0U] = std::make_shared&lt;Vtop_test_t&gt;(vlSymsp, 3U0U);
                                                                       ^~~~
Vtop_container_t__Vclpkg.cpp:45:71: error: unable to find numeric literal operator &#39;operator&#34;&#34;U1U&#39;
     this-&gt;__PVT__foo[3U][1U] = std::make_shared&lt;Vtop_test_t&gt;(vlSymsp, 3U1U);
                                                                       ^~~~
Vtop_container_t__Vclpkg.cpp:46:71: error: unable to find numeric literal operator &#39;operator&#34;&#34;U2U&#39;
     this-&gt;__PVT__foo[3U][2U] = std::make_shared&lt;Vtop_test_t&gt;(vlSymsp, 3U2U);
                                                                       ^~~~
Vtop_container_t__Vclpkg.cpp:47:71: error: unable to find numeric literal operator &#39;operator&#34;&#34;U3U&#39;
     this-&gt;__PVT__foo[3U][3U] = std::make_shared&lt;Vtop_test_t&gt;(vlSymsp, 3U3U);
                                                                       ^~~~
Vtop_container_t__Vclpkg.cpp:48:71: error: unable to find numeric literal operator &#39;operator&#34;&#34;U4U&#39;
     this-&gt;__PVT__foo[3U][4U] = std::make_shared&lt;Vtop_test_t&gt;(vlSymsp, 3U4U);
                                                                       ^~~~
Vtop_container_t__Vclpkg.cpp:49:71: error: unable to find numeric literal operator &#39;operator&#34;&#34;U5U&#39;
     this-&gt;__PVT__foo[3U][5U] = std::make_shared&lt;Vtop_test_t&gt;(vlSymsp, 3U5U);
                                                                       ^~~~
Vtop_container_t__Vclpkg.cpp:50:71: error: unable to find numeric literal operator &#39;operator&#34;&#34;U6U&#39;
     this-&gt;__PVT__foo[3U][6U] = std::make_shared&lt;Vtop_test_t&gt;(vlSymsp, 3U6U);
                                                                       ^~~~
Vtop_container_t__Vclpkg.cpp:51:71: error: unable to find numeric literal operator &#39;operator&#34;&#34;U7U&#39;
     this-&gt;__PVT__foo[3U][7U] = std::make_shared&lt;Vtop_test_t&gt;(vlSymsp, 3U7U);
                                                                       ^~~~
In file included from Vtop__ALL.cpp:6:0:
Vtop_container_t__Vclpkg.cpp: In member function &#39;std::__cxx11::string Vtop_container_t::to_string_middle() const&#39;:
Vtop_container_t__Vclpkg.cpp:738:44: error: no matching function for call to &#39;VL_TO_STRING(const std::shared_ptr&lt;Vtop_test_t&gt; [4][8])&#39;
     out += &#34;foo:&#34; + VL_TO_STRING(__PVT__foo);
                                            ^
In file included from Vtop.h:11:0,
                 from Vtop.cpp:5,
                 from Vtop__ALL.cpp:3:
/home/kbuilder/miniconda/envs/sv-test-env/share/verilator/include/verilated_heavy.h:37:20: note: candidate: std::__cxx11::string VL_TO_STRING(CData) &lt;near match&gt;
 extern std::string VL_TO_STRING(CData lhs);
                    ^~~~~~~~~~~~
/home/kbuilder/miniconda/envs/sv-test-env/share/verilator/include/verilated_heavy.h:37:20: note:   conversion of argument 1 would be ill-formed:
In file included from Vtop__ALL.cpp:6:0:
Vtop_container_t__Vclpkg.cpp:738:34: error: invalid conversion from &#39;const std::shared_ptr&lt;Vtop_test_t&gt; (*)[8]&#39; to &#39;CData {aka unsigned char}&#39; [-fpermissive]
     out += &#34;foo:&#34; + VL_TO_STRING(__PVT__foo);
                                  ^~~~~~~~~~
In file included from Vtop.h:11:0,
                 from Vtop.cpp:5,
                 from Vtop__ALL.cpp:3:
/home/kbuilder/miniconda/envs/sv-test-env/share/verilator/include/verilated_heavy.h:38:20: note: candidate: std::__cxx11::string VL_TO_STRING(SData) &lt;near match&gt;
 extern std::string VL_TO_STRING(SData lhs);
                    ^~~~~~~~~~~~
/home/kbuilder/miniconda/envs/sv-test-env/share/verilator/include/verilated_heavy.h:38:20: note:   conversion of argument 1 would be ill-formed:
In file included from Vtop__ALL.cpp:6:0:
Vtop_container_t__Vclpkg.cpp:738:34: error: invalid conversion from &#39;const std::shared_ptr&lt;Vtop_test_t&gt; (*)[8]&#39; to &#39;SData {aka short unsigned int}&#39; [-fpermissive]
     out += &#34;foo:&#34; + VL_TO_STRING(__PVT__foo);
                                  ^~~~~~~~~~
In file included from Vtop.h:11:0,
                 from Vtop.cpp:5,
                 from Vtop__ALL.cpp:3:
/home/kbuilder/miniconda/envs/sv-test-env/share/verilator/include/verilated_heavy.h:39:20: note: candidate: std::__cxx11::string VL_TO_STRING(IData) &lt;near match&gt;
 extern std::string VL_TO_STRING(IData lhs);
                    ^~~~~~~~~~~~
/home/kbuilder/miniconda/envs/sv-test-env/share/verilator/include/verilated_heavy.h:39:20: note:   conversion of argument 1 would be ill-formed:
In file included from Vtop__ALL.cpp:6:0:
Vtop_container_t__Vclpkg.cpp:738:34: error: invalid conversion from &#39;const std::shared_ptr&lt;Vtop_test_t&gt; (*)[8]&#39; to &#39;IData {aka unsigned int}&#39; [-fpermissive]
     out += &#34;foo:&#34; + VL_TO_STRING(__PVT__foo);
                                  ^~~~~~~~~~
In file included from Vtop.h:11:0,
                 from Vtop.cpp:5,
                 from Vtop__ALL.cpp:3:
/home/kbuilder/miniconda/envs/sv-test-env/share/verilator/include/verilated_heavy.h:40:20: note: candidate: std::__cxx11::string VL_TO_STRING(QData) &lt;near match&gt;
 extern std::string VL_TO_STRING(QData lhs);
                    ^~~~~~~~~~~~
/home/kbuilder/miniconda/envs/sv-test-env/share/verilator/include/verilated_heavy.h:40:20: note:   conversion of argument 1 would be ill-formed:
In file included from Vtop__ALL.cpp:6:0:
Vtop_container_t__Vclpkg.cpp:738:34: error: invalid conversion from &#39;const std::shared_ptr&lt;Vtop_test_t&gt; (*)[8]&#39; to &#39;QData {aka long unsigned int}&#39; [-fpermissive]
     out += &#34;foo:&#34; + VL_TO_STRING(__PVT__foo);
                                  ^~~~~~~~~~
In file included from Vtop.h:11:0,
                 from Vtop.cpp:5,
                 from Vtop__ALL.cpp:3:
/home/kbuilder/miniconda/envs/sv-test-env/share/verilator/include/verilated_heavy.h:41:20: note: candidate: std::__cxx11::string VL_TO_STRING(const string&amp;)
 inline std::string VL_TO_STRING(const std::string&amp; obj) { return &#34;\&#34;&#34; + obj + &#34;\&#34;&#34;; }
                    ^~~~~~~~~~~~
/home/kbuilder/miniconda/envs/sv-test-env/share/verilator/include/verilated_heavy.h:41:20: note:   no known conversion for argument 1 from &#39;const std::shared_ptr&lt;Vtop_test_t&gt; [4][8]&#39; to &#39;const string&amp; {aka const std::__cxx11::basic_string&lt;char&gt;&amp;}&#39;
/home/kbuilder/miniconda/envs/sv-test-env/share/verilator/include/verilated_heavy.h:106:44: note: candidate: template&lt;long unsigned int T_Words&gt; std::__cxx11::string VL_TO_STRING(const VlWide&lt;T_Words&gt;&amp;)
 template &lt;std::size_t T_Words&gt; std::string VL_TO_STRING(const VlWide&lt;T_Words&gt;&amp; obj) {
                                            ^~~~~~~~~~~~
/home/kbuilder/miniconda/envs/sv-test-env/share/verilator/include/verilated_heavy.h:106:44: note:   template argument deduction/substitution failed:
In file included from Vtop__ALL.cpp:6:0:
Vtop_container_t__Vclpkg.cpp:738:44: note:   mismatched types &#39;const VlWide&lt;T_Words&gt;&#39; and &#39;const std::shared_ptr&lt;Vtop_test_t&gt; [4][8]&#39;
     out += &#34;foo:&#34; + VL_TO_STRING(__PVT__foo);
                                            ^
In file included from Vtop.h:11:0,
                 from Vtop.cpp:5,
                 from Vtop__ALL.cpp:3:
/home/kbuilder/miniconda/envs/sv-test-env/share/verilator/include/verilated_heavy.h:217:13: note: candidate: template&lt;class T_Key, class T_Value&gt; std::__cxx11::string VL_TO_STRING(const VlAssocArray&lt;T_Key, T_Value&gt;&amp;)
 std::string VL_TO_STRING(const VlAssocArray&lt;T_Key, T_Value&gt;&amp; obj) {
             ^~~~~~~~~~~~
/home/kbuilder/miniconda/envs/sv-test-env/share/verilator/include/verilated_heavy.h:217:13: note:   template argument deduction/substitution failed:
In file included from Vtop__ALL.cpp:6:0:
Vtop_container_t__Vclpkg.cpp:738:44: note:   mismatched types &#39;const VlAssocArray&lt;T_Key, T_Value&gt;&#39; and &#39;const std::shared_ptr&lt;Vtop_test_t&gt; [4][8]&#39;
     out += &#34;foo:&#34; + VL_TO_STRING(__PVT__foo);
                                            ^
In file included from Vtop.h:11:0,
                 from Vtop.cpp:5,
                 from Vtop__ALL.cpp:3:
/home/kbuilder/miniconda/envs/sv-test-env/share/verilator/include/verilated_heavy.h:406:38: note: candidate: template&lt;class T_Value&gt; std::__cxx11::string VL_TO_STRING(const VlQueue&lt;T_Value&gt;&amp;)
 template &lt;class T_Value&gt; std::string VL_TO_STRING(const VlQueue&lt;T_Value&gt;&amp; obj) {
                                      ^~~~~~~~~~~~
/home/kbuilder/miniconda/envs/sv-test-env/share/verilator/include/verilated_heavy.h:406:38: note:   template argument deduction/substitution failed:
In file included from Vtop__ALL.cpp:6:0:
Vtop_container_t__Vclpkg.cpp:738:44: note:   mismatched types &#39;const VlQueue&lt;T_Value&gt;&#39; and &#39;const std::shared_ptr&lt;Vtop_test_t&gt; [4][8]&#39;
     out += &#34;foo:&#34; + VL_TO_STRING(__PVT__foo);
                                            ^
In file included from Vtop__ALL.cpp:5:0:
Vtop_test_t__Vclpkg.cpp:34:13: note: candidate: std::__cxx11::string VL_TO_STRING(const std::shared_ptr&lt;Vtop_test_t&gt;&amp;)
 std::string VL_TO_STRING(const VlClassRef&lt;Vtop_test_t&gt;&amp; obj) {
             ^~~~~~~~~~~~
Vtop_test_t__Vclpkg.cpp:34:13: note:   no known conversion for argument 1 from &#39;const std::shared_ptr&lt;Vtop_test_t&gt; [4][8]&#39; to &#39;const std::shared_ptr&lt;Vtop_test_t&gt;&amp;&#39;
In file included from Vtop__ALL.cpp:6:0:
Vtop_container_t__Vclpkg.cpp:722:13: note: candidate: std::__cxx11::string VL_TO_STRING(const std::shared_ptr&lt;Vtop_container_t&gt;&amp;)
 std::string VL_TO_STRING(const VlClassRef&lt;Vtop_container_t&gt;&amp; obj) {
             ^~~~~~~~~~~~
Vtop_container_t__Vclpkg.cpp:722:13: note:   no known conversion for argument 1 from &#39;const std::shared_ptr&lt;Vtop_test_t&gt; [4][8]&#39; to &#39;const std::shared_ptr&lt;Vtop_container_t&gt;&amp;&#39;
/home/kbuilder/miniconda/envs/sv-test-env/share/verilator/include/verilated.mk:235: recipe for target &#39;Vtop__ALL.o&#39; failed
make[1]: *** [Vtop__ALL.o] Error 1
make[1]: Target &#39;default&#39; not remade because of errors.
make[1]: Leaving directory &#39;/tmpfs/tmp/tmpl1nuwlnr/vbuild&#39;
+ ./vbuild/vmain
scr.sh: 4: scr.sh: ./vbuild/vmain: not found

</pre>
</body>