<head>
  <style>
    .log { font-family: "Courier New", Consolas, monospace; font-size: 80%; }
    .test-failed { background-color: #ffaaaa; }
    .test-passed { background-color: #aaffaa; }
  </style>
</head>
<body>
<h3><a href="https://verilator.org" target="_blank">verilator</a></h3>
<pre class="test-failed">
description: Test imported from ivtest
rc: 127 (means success: 0)
should_fail_because: this test was imported from ivtest and is designed to fail
tags: ivtest
incdirs: /tmpfs/src/github/sv-tests/third_party/tests/ivtest /tmpfs/src/github/sv-tests/third_party/tests/ivtest/ivltests
top_module: 
type: simulation
mode: simulation
files: <a href="../../../../third_party/tests/ivtest/ivltests/sv_port_default1.v.html" target="file-frame">third_party/tests/ivtest/ivltests/sv_port_default1.v</a>
defines: 
time_elapsed: 1.045s
ram usage: 65076 KB
</pre>
<pre class="log">

sh scr.sh --cc -Wno-fatal -Wno-UNOPTFLAT -Wno-BLKANDNBLK -Wpedantic -Wno-context -I/tmpfs/src/github/sv-tests/third_party/tests/ivtest -I/tmpfs/src/github/sv-tests/third_party/tests/ivtest/ivltests --Mdir vbuild --prefix Vtop --exe -o vmain vmain.cpp <a href="../../../../third_party/tests/ivtest/ivltests/sv_port_default1.v.html" target="file-frame">third_party/tests/ivtest/ivltests/sv_port_default1.v</a>
+ verilator --cc -Wno-fatal -Wno-UNOPTFLAT -Wno-BLKANDNBLK -Wpedantic -Wno-context -I/tmpfs/src/github/sv-tests/third_party/tests/ivtest -I/tmpfs/src/github/sv-tests/third_party/tests/ivtest/ivltests --Mdir vbuild --prefix Vtop --exe -o vmain vmain.cpp <a href="../../../../third_party/tests/ivtest/ivltests/sv_port_default1.v.html" target="file-frame">third_party/tests/ivtest/ivltests/sv_port_default1.v</a>
+ make -C vbuild -f Vtop.mk
make[1]: warning: jobserver unavailable: using -j1.  Add &#39;+&#39; to parent make rule.
make[1]: Entering directory &#39;/tmpfs/tmp/tmp9o7z6vow/vbuild&#39;
ccache x86_64-conda_cos6-linux-gnu-c++ -fvisibility-inlines-hidden -std=c++17 -fmessage-length=0 -march=nocona -mtune=haswell -ftree-vectorize -fPIC -fstack-protector-strong -fno-plt -O2 -ffunction-sections -pipe -isystem /home/kbuilder/miniconda/envs/sv-test-env/include -DNDEBUG -D_FORTIFY_SOURCE=2 -O2 -isystem /home/kbuilder/miniconda/envs/sv-test-env/include -I.  -MMD -I/home/kbuilder/miniconda/envs/sv-test-env/share/verilator/include -I/home/kbuilder/miniconda/envs/sv-test-env/share/verilator/include/vltstd -DVM_COVERAGE=0 -DVM_SC=0 -DVM_TRACE=0 -DVM_TRACE_FST=0 -faligned-new -Wno-bool-operation -Wno-sign-compare -Wno-uninitialized -Wno-unused-but-set-variable -Wno-unused-parameter -Wno-unused-variable -Wno-shadow      -std=gnu++14 -Os -c -o vmain.o ../vmain.cpp
ccache x86_64-conda_cos6-linux-gnu-c++ -fvisibility-inlines-hidden -std=c++17 -fmessage-length=0 -march=nocona -mtune=haswell -ftree-vectorize -fPIC -fstack-protector-strong -fno-plt -O2 -ffunction-sections -pipe -isystem /home/kbuilder/miniconda/envs/sv-test-env/include -DNDEBUG -D_FORTIFY_SOURCE=2 -O2 -isystem /home/kbuilder/miniconda/envs/sv-test-env/include -I.  -MMD -I/home/kbuilder/miniconda/envs/sv-test-env/share/verilator/include -I/home/kbuilder/miniconda/envs/sv-test-env/share/verilator/include/vltstd -DVM_COVERAGE=0 -DVM_SC=0 -DVM_TRACE=0 -DVM_TRACE_FST=0 -faligned-new -Wno-bool-operation -Wno-sign-compare -Wno-uninitialized -Wno-unused-but-set-variable -Wno-unused-parameter -Wno-unused-variable -Wno-shadow      -std=gnu++14 -Os -c -o verilated.o /home/kbuilder/miniconda/envs/sv-test-env/share/verilator/include/verilated.cpp
In file included from /home/kbuilder/miniconda/envs/sv-test-env/share/verilator/include/verilated.cpp:25:0:
/home/kbuilder/miniconda/envs/sv-test-env/share/verilator/include/verilated_imp.h: In static member function &#39;static void VerilatedImp::fdWrite(IData, const string&amp;)&#39;:
/home/kbuilder/miniconda/envs/sv-test-env/share/verilator/include/verilated_imp.h:539:13: warning: ignoring return value of &#39;size_t fwrite(const void*, size_t, size_t, FILE*)&#39;, declared with attribute warn_unused_result [-Wunused-result]
             (void)fwrite(output.c_str(), 1, output.size(), i);
             ^~~~~~~~~~~~~~~~~~~~~~~~~~~~~~~~~~~~~~~~~~~~~~~~~
/home/kbuilder/miniconda/envs/sv-test-env/bin/perl /home/kbuilder/miniconda/envs/sv-test-env/share/verilator/bin/verilator_includer -DVL_INCLUDE_OPT=include Vtop.cpp Vtop_main.cpp Vtop_foo_t__Vclpkg.cpp Vtop__Slow.cpp Vtop_main__Slow.cpp Vtop_foo_t__Vclpkg__Slow.cpp Vtop__Syms.cpp &gt; Vtop__ALL.cpp
ccache x86_64-conda_cos6-linux-gnu-c++ -fvisibility-inlines-hidden -std=c++17 -fmessage-length=0 -march=nocona -mtune=haswell -ftree-vectorize -fPIC -fstack-protector-strong -fno-plt -O2 -ffunction-sections -pipe -isystem /home/kbuilder/miniconda/envs/sv-test-env/include -DNDEBUG -D_FORTIFY_SOURCE=2 -O2 -isystem /home/kbuilder/miniconda/envs/sv-test-env/include -I.  -MMD -I/home/kbuilder/miniconda/envs/sv-test-env/share/verilator/include -I/home/kbuilder/miniconda/envs/sv-test-env/share/verilator/include/vltstd -DVM_COVERAGE=0 -DVM_SC=0 -DVM_TRACE=0 -DVM_TRACE_FST=0 -faligned-new -Wno-bool-operation -Wno-sign-compare -Wno-uninitialized -Wno-unused-but-set-variable -Wno-unused-parameter -Wno-unused-variable -Wno-shadow      -std=gnu++14 -Os -c -o Vtop__ALL.o Vtop__ALL.cpp
In file included from Vtop__ALL.cpp:7:0:
Vtop_main__Slow.cpp: In static member function &#39;static void Vtop_main::_initial__TOP__main__1(Vtop__Syms*)&#39;:
Vtop_main__Slow.cpp:34:76: error: unable to find numeric literal operator &#39;operator&#34;&#34;U0x6e65772074657874ULL&#39;
     vlSymsp-&gt;TOP__main.__PVT__obj1 = std::make_shared&lt;Vtop_foo_t&gt;(vlSymsp, 5U0x6e65772074657874ULL);
                                                                            ^~~~~~~~~~~~~~~~~~~~~~~
In file included from Vtop__ALL.cpp:7:0:
Vtop_main__Slow.cpp:47:67: error: expected &#39;)&#39; before &#39;std&#39;
                                                                   std::string(&#34;default text&#34;));
                                                                   ^~~
In file included from /home/kbuilder/miniconda/envs/sv-test-env/x86_64-conda_cos6-linux-gnu/include/c++/7.3.0/x86_64-conda_cos6-linux-gnu/bits/c++allocator.h:33:0,
                 from /home/kbuilder/miniconda/envs/sv-test-env/x86_64-conda_cos6-linux-gnu/include/c++/7.3.0/bits/allocator.h:46,
                 from /home/kbuilder/miniconda/envs/sv-test-env/x86_64-conda_cos6-linux-gnu/include/c++/7.3.0/deque:61,
                 from /home/kbuilder/miniconda/envs/sv-test-env/share/verilator/include/verilated_heavy.h:29,
                 from Vtop.h:11,
                 from Vtop.cpp:5,
                 from Vtop__ALL.cpp:3:
/home/kbuilder/miniconda/envs/sv-test-env/x86_64-conda_cos6-linux-gnu/include/c++/7.3.0/ext/new_allocator.h: In instantiation of &#39;void __gnu_cxx::new_allocator&lt;_Tp&gt;::construct(_Up*, _Args&amp;&amp; ...) [with _Up = Vtop_foo_t; _Args = {Vtop__Syms* __restrict__&amp;, unsigned int}; _Tp = Vtop_foo_t]&#39;:
/home/kbuilder/miniconda/envs/sv-test-env/x86_64-conda_cos6-linux-gnu/include/c++/7.3.0/bits/alloc_traits.h:475:4:   required from &#39;static void std::allocator_traits&lt;std::allocator&lt;_Tp1&gt; &gt;::construct(std::allocator_traits&lt;std::allocator&lt;_Tp1&gt; &gt;::allocator_type&amp;, _Up*, _Args&amp;&amp; ...) [with _Up = Vtop_foo_t; _Args = {Vtop__Syms* __restrict__&amp;, unsigned int}; _Tp = Vtop_foo_t; std::allocator_traits&lt;std::allocator&lt;_Tp1&gt; &gt;::allocator_type = std::allocator&lt;Vtop_foo_t&gt;]&#39;
/home/kbuilder/miniconda/envs/sv-test-env/x86_64-conda_cos6-linux-gnu/include/c++/7.3.0/bits/shared_ptr_base.h:526:39:   required from &#39;std::_Sp_counted_ptr_inplace&lt;_Tp, _Alloc, _Lp&gt;::_Sp_counted_ptr_inplace(_Alloc, _Args&amp;&amp; ...) [with _Args = {Vtop__Syms* __restrict__&amp;, unsigned int}; _Tp = Vtop_foo_t; _Alloc = std::allocator&lt;Vtop_foo_t&gt;; __gnu_cxx::_Lock_policy _Lp = (__gnu_cxx::_Lock_policy)2]&#39;
/home/kbuilder/miniconda/envs/sv-test-env/x86_64-conda_cos6-linux-gnu/include/c++/7.3.0/bits/shared_ptr_base.h:637:4:   required from &#39;std::__shared_count&lt;_Lp&gt;::__shared_count(std::_Sp_make_shared_tag, _Tp*, const _Alloc&amp;, _Args&amp;&amp; ...) [with _Tp = Vtop_foo_t; _Alloc = std::allocator&lt;Vtop_foo_t&gt;; _Args = {Vtop__Syms* __restrict__&amp;, unsigned int}; __gnu_cxx::_Lock_policy _Lp = (__gnu_cxx::_Lock_policy)2]&#39;
/home/kbuilder/miniconda/envs/sv-test-env/x86_64-conda_cos6-linux-gnu/include/c++/7.3.0/bits/shared_ptr_base.h:1295:35:   required from &#39;std::__shared_ptr&lt;_Tp, _Lp&gt;::__shared_ptr(std::_Sp_make_shared_tag, const _Alloc&amp;, _Args&amp;&amp; ...) [with _Alloc = std::allocator&lt;Vtop_foo_t&gt;; _Args = {Vtop__Syms* __restrict__&amp;, unsigned int}; _Tp = Vtop_foo_t; __gnu_cxx::_Lock_policy _Lp = (__gnu_cxx::_Lock_policy)2]&#39;
/home/kbuilder/miniconda/envs/sv-test-env/x86_64-conda_cos6-linux-gnu/include/c++/7.3.0/bits/shared_ptr.h:344:64:   required from &#39;std::shared_ptr&lt;_Tp&gt;::shared_ptr(std::_Sp_make_shared_tag, const _Alloc&amp;, _Args&amp;&amp; ...) [with _Alloc = std::allocator&lt;Vtop_foo_t&gt;; _Args = {Vtop__Syms* __restrict__&amp;, unsigned int}; _Tp = Vtop_foo_t]&#39;
/home/kbuilder/miniconda/envs/sv-test-env/x86_64-conda_cos6-linux-gnu/include/c++/7.3.0/bits/shared_ptr.h:690:14:   required from &#39;std::shared_ptr&lt;_Tp&gt; std::allocate_shared(const _Alloc&amp;, _Args&amp;&amp; ...) [with _Tp = Vtop_foo_t; _Alloc = std::allocator&lt;Vtop_foo_t&gt;; _Args = {Vtop__Syms* __restrict__&amp;, unsigned int}]&#39;
/home/kbuilder/miniconda/envs/sv-test-env/x86_64-conda_cos6-linux-gnu/include/c++/7.3.0/bits/shared_ptr.h:706:39:   required from &#39;std::shared_ptr&lt;_Tp&gt; std::make_shared(_Args&amp;&amp; ...) [with _Tp = Vtop_foo_t; _Args = {Vtop__Syms* __restrict__&amp;, unsigned int}]&#39;
Vtop_main__Slow.cpp:47:94:   required from here
/home/kbuilder/miniconda/envs/sv-test-env/x86_64-conda_cos6-linux-gnu/include/c++/7.3.0/ext/new_allocator.h:136:4: error: no matching function for call to &#39;Vtop_foo_t::Vtop_foo_t(Vtop__Syms* __restrict__&amp;, unsigned int)&#39;
  { ::new((void *)__p) _Up(std::forward&lt;_Args&gt;(__args)...); }
    ^~~~~~~~~~~~~~~~~~~~~~~~~~~~~~~~~~~~~~~~~~~~~~~~~~~~~~
In file included from Vtop__ALL.cpp:5:0:
Vtop_foo_t__Vclpkg.cpp:12:1: note: candidate: Vtop_foo_t::Vtop_foo_t(Vtop__Syms*, IData, std::__cxx11::string)
 Vtop_foo_t::Vtop_foo_t(Vtop__Syms* __restrict vlSymsp, IData/*31:0*/ int_init, std::string text_init) {
 ^~~~~~~~~~
Vtop_foo_t__Vclpkg.cpp:12:1: note:   candidate expects 3 arguments, 2 provided
In file included from Vtop__Syms.h:15:0,
                 from Vtop.cpp:6,
                 from Vtop__ALL.cpp:3:
Vtop_foo_t__Vclpkg.h:46:7: note: candidate: Vtop_foo_t::Vtop_foo_t(const Vtop_foo_t&amp;)
 class Vtop_foo_t {
       ^~~~~~~~~~
Vtop_foo_t__Vclpkg.h:46:7: note:   candidate expects 1 argument, 2 provided
/home/kbuilder/miniconda/envs/sv-test-env/share/verilator/include/verilated.mk:235: recipe for target &#39;Vtop__ALL.o&#39; failed
make[1]: *** [Vtop__ALL.o] Error 1
make[1]: Target &#39;default&#39; not remade because of errors.
make[1]: Leaving directory &#39;/tmpfs/tmp/tmp9o7z6vow/vbuild&#39;
+ ./vbuild/vmain
scr.sh: 4: scr.sh: ./vbuild/vmain: not found

</pre>
</body>