<head>
  <style>
    .log { font-family: "Courier New", Consolas, monospace; font-size: 80%; }
    .test-failed { background-color: #ffaaaa; }
    .test-passed { background-color: #aaffaa; }
  </style>
</head>
<body>
<h3><a href="https://github.com/MikePopoloski/slang" target="_blank">slang</a></h3>
<pre class="test-failed">
description: Tests imported from hdlconv
rc: 1 (means success: 0)
tags: hdlconv
incdirs: /tmpfs/src/github/sv-tests/third_party/tests/hdlconvertor/tests/sv_test/std2017
top_module: 
type: parsing
mode: parsing
files: <a href="../../../../third_party/tests/hdlconvertor/tests/sv_test/std2017/p278.sv.html" target="file-frame">third_party/tests/hdlconvertor/tests/sv_test/std2017/p278.sv</a>
defines: 
time_elapsed: 0.002s
ram usage: 9252 KB
</pre>
<pre class="log">

slang-driver --single-unit -I /tmpfs/src/github/sv-tests/third_party/tests/hdlconvertor/tests/sv_test/std2017 <a href="../../../../third_party/tests/hdlconvertor/tests/sv_test/std2017/p278.sv.html" target="file-frame">third_party/tests/hdlconvertor/tests/sv_test/std2017/p278.sv</a>
../../src/github/sv-tests/third_party/tests/hdlconvertor/tests/sv_test/std2017/p278.sv:2:1: error: language feature not yet supported
rand int header;
^~~~
../../src/github/sv-tests/third_party/tests/hdlconvertor/tests/sv_test/std2017/p278.sv:3:1: error: language feature not yet supported
rand int len;
^~~~
../../src/github/sv-tests/third_party/tests/hdlconvertor/tests/sv_test/std2017/p278.sv:4:1: error: language feature not yet supported
rand byte payload[];
^~~~
../../src/github/sv-tests/third_party/tests/hdlconvertor/tests/sv_test/std2017/p278.sv:6:1: error: language feature not yet supported
constraint G { len &gt; 1; payload.size == len ; }
^~~~~~~~~~~~~~~~~~~~~~~~~~~~~~~~~~~~~~~~~~~~~~~
../../src/github/sv-tests/third_party/tests/hdlconvertor/tests/sv_test/std2017/p278.sv:7:44: error: invalid member access for type &#39;dynamic array of byte&#39;
function void post_randomize; crc = payload.sum; endfunction
                                    ~~~~~~~^~~~
warning: no top-level modules found in design [-Wno-top]

Build failed: 5 errors, 1 warning

</pre>
</body>