<head>
  <style>
    .log { font-family: "Courier New", Consolas, monospace; font-size: 80%; }
    .test-failed { background-color: #ffaaaa; }
    .test-passed { background-color: #aaffaa; }
  </style>
</head>
<body>
<h3><a href="https://github.com/MikePopoloski/slang" target="_blank">slang</a></h3>
<pre class="test-failed">
description: Tests imported from hdlconv
rc: 1 (means success: 0)
tags: hdlconv
incdirs: /tmpfs/src/github/sv-tests/third_party/tests/hdlconvertor/tests/sv_test/std2017
top_module: 
type: parsing
mode: parsing
files: <a href="../../../../third_party/tests/hdlconvertor/tests/sv_test/std2017/p341.sv.html" target="file-frame">third_party/tests/hdlconvertor/tests/sv_test/std2017/p341.sv</a>
defines: 
time_elapsed: 0.003s
ram usage: 9076 KB
</pre>
<pre class="log">

slang-driver --single-unit -I /tmpfs/src/github/sv-tests/third_party/tests/hdlconvertor/tests/sv_test/std2017 <a href="../../../../third_party/tests/hdlconvertor/tests/sv_test/std2017/p341.sv.html" target="file-frame">third_party/tests/hdlconvertor/tests/sv_test/std2017/p341.sv</a>
Top level design units:
    top

../../src/github/sv-tests/third_party/tests/hdlconvertor/tests/sv_test/std2017/p341.sv:5:12: error: &#39;phi1&#39; is not an interface instance or array of instances
test main (phi1, data, write, phi2, cmd, enable);
           ^~~~
../../src/github/sv-tests/third_party/tests/hdlconvertor/tests/sv_test/std2017/p341.sv:5:18: error: &#39;data&#39; is not an interface instance or array of instances
test main (phi1, data, write, phi2, cmd, enable);
                 ^~~~
../../src/github/sv-tests/third_party/tests/hdlconvertor/tests/sv_test/std2017/p341.sv:5:24: error: too many port connections given to instantiation of module &#39;main&#39; (6 given, expected 2)
test main (phi1, data, write, phi2, cmd, enable);
                       ^
../../src/github/sv-tests/third_party/tests/hdlconvertor/tests/sv_test/std2017/p341.sv:6:1: error: unknown module &#39;cpu&#39;
cpu cpu1 (phi1, data, write);
^~~
../../src/github/sv-tests/third_party/tests/hdlconvertor/tests/sv_test/std2017/p341.sv:7:1: error: unknown module &#39;mem&#39;
mem mem1 (phi2, cmd, enable);
^~~
../../src/github/sv-tests/third_party/tests/hdlconvertor/tests/sv_test/std2017/p341.sv:24:1: error: language feature not yet supported
clocking cd1 @(posedge a.clk);
^~~~~~~~~~~~~~~~~~~~~~~~~~~~~~
../../src/github/sv-tests/third_party/tests/hdlconvertor/tests/sv_test/std2017/p341.sv:29:1: error: language feature not yet supported
clocking cd2 @(posedge b.clk);
^~~~~~~~~~~~~~~~~~~~~~~~~~~~~~

Build failed: 7 errors, 0 warnings

</pre>
</body>