<head>
  <style>
    .log { font-family: "Courier New", Consolas, monospace; font-size: 80%; }
    .test-failed { background-color: #ffaaaa; }
    .test-passed { background-color: #aaffaa; }
  </style>
</head>
<body>
<h3><a href="https://github.com/MikePopoloski/slang" target="_blank">slang</a></h3>
<pre class="test-failed">
description: Tests imported from hdlconv
rc: 1 (means success: 0)
tags: hdlconv
incdirs: /tmpfs/src/github/sv-tests/third_party/tests/hdlconvertor/tests/verilog
top_module: 
type: parsing
mode: parsing
files: <a href="../../../../third_party/tests/hdlconvertor/tests/verilog/aes.v.html" target="file-frame">third_party/tests/hdlconvertor/tests/verilog/aes.v</a>
defines: 
time_elapsed: 0.005s
ram usage: 9080 KB
</pre>
<pre class="log">

slang-driver --single-unit -I /tmpfs/src/github/sv-tests/third_party/tests/hdlconvertor/tests/verilog <a href="../../../../third_party/tests/hdlconvertor/tests/verilog/aes.v.html" target="file-frame">third_party/tests/hdlconvertor/tests/verilog/aes.v</a>
Top level design units:
    aes_cipher_top

../../src/github/sv-tests/third_party/tests/hdlconvertor/tests/verilog/aes.v:226:1: error: unknown module &#39;aes_key_expand_128&#39;
aes_key_expand_128 u0(
^~~~~~~~~~~~~~~~~~
../../src/github/sv-tests/third_party/tests/hdlconvertor/tests/verilog/aes.v:235:1: error: unknown module &#39;aes_sbox&#39;
aes_sbox us00(	.a(	sa00	), .d(	sa00_sub	));
^~~~~~~~      	   	    	      	        	
../../src/github/sv-tests/third_party/tests/hdlconvertor/tests/verilog/aes.v:236:1: error: unknown module &#39;aes_sbox&#39;
aes_sbox us01(	.a(	sa01	), .d(	sa01_sub	));
^~~~~~~~      	   	    	      	        	
../../src/github/sv-tests/third_party/tests/hdlconvertor/tests/verilog/aes.v:237:1: error: unknown module &#39;aes_sbox&#39;
aes_sbox us02(	.a(	sa02	), .d(	sa02_sub	));
^~~~~~~~      	   	    	      	        	
../../src/github/sv-tests/third_party/tests/hdlconvertor/tests/verilog/aes.v:238:1: error: unknown module &#39;aes_sbox&#39;
aes_sbox us03(	.a(	sa03	), .d(	sa03_sub	));
^~~~~~~~      	   	    	      	        	
../../src/github/sv-tests/third_party/tests/hdlconvertor/tests/verilog/aes.v:239:1: error: unknown module &#39;aes_sbox&#39;
aes_sbox us10(	.a(	sa10	), .d(	sa10_sub	));
^~~~~~~~      	   	    	      	        	
../../src/github/sv-tests/third_party/tests/hdlconvertor/tests/verilog/aes.v:240:1: error: unknown module &#39;aes_sbox&#39;
aes_sbox us11(	.a(	sa11	), .d(	sa11_sub	));
^~~~~~~~      	   	    	      	        	
../../src/github/sv-tests/third_party/tests/hdlconvertor/tests/verilog/aes.v:241:1: error: unknown module &#39;aes_sbox&#39;
aes_sbox us12(	.a(	sa12	), .d(	sa12_sub	));
^~~~~~~~      	   	    	      	        	
../../src/github/sv-tests/third_party/tests/hdlconvertor/tests/verilog/aes.v:242:1: error: unknown module &#39;aes_sbox&#39;
aes_sbox us13(	.a(	sa13	), .d(	sa13_sub	));
^~~~~~~~      	   	    	      	        	
../../src/github/sv-tests/third_party/tests/hdlconvertor/tests/verilog/aes.v:243:1: error: unknown module &#39;aes_sbox&#39;
aes_sbox us20(	.a(	sa20	), .d(	sa20_sub	));
^~~~~~~~      	   	    	      	        	
../../src/github/sv-tests/third_party/tests/hdlconvertor/tests/verilog/aes.v:244:1: error: unknown module &#39;aes_sbox&#39;
aes_sbox us21(	.a(	sa21	), .d(	sa21_sub	));
^~~~~~~~      	   	    	      	        	
../../src/github/sv-tests/third_party/tests/hdlconvertor/tests/verilog/aes.v:245:1: error: unknown module &#39;aes_sbox&#39;
aes_sbox us22(	.a(	sa22	), .d(	sa22_sub	));
^~~~~~~~      	   	    	      	        	
../../src/github/sv-tests/third_party/tests/hdlconvertor/tests/verilog/aes.v:246:1: error: unknown module &#39;aes_sbox&#39;
aes_sbox us23(	.a(	sa23	), .d(	sa23_sub	));
^~~~~~~~      	   	    	      	        	
../../src/github/sv-tests/third_party/tests/hdlconvertor/tests/verilog/aes.v:247:1: error: unknown module &#39;aes_sbox&#39;
aes_sbox us30(	.a(	sa30	), .d(	sa30_sub	));
^~~~~~~~      	   	    	      	        	
../../src/github/sv-tests/third_party/tests/hdlconvertor/tests/verilog/aes.v:248:1: error: unknown module &#39;aes_sbox&#39;
aes_sbox us31(	.a(	sa31	), .d(	sa31_sub	));
^~~~~~~~      	   	    	      	        	
../../src/github/sv-tests/third_party/tests/hdlconvertor/tests/verilog/aes.v:249:1: error: unknown module &#39;aes_sbox&#39;
aes_sbox us32(	.a(	sa32	), .d(	sa32_sub	));
^~~~~~~~      	   	    	      	        	
../../src/github/sv-tests/third_party/tests/hdlconvertor/tests/verilog/aes.v:250:1: error: unknown module &#39;aes_sbox&#39;
aes_sbox us33(	.a(	sa33	), .d(	sa33_sub	));
^~~~~~~~      	   	    	      	        	

Build failed: 17 errors, 0 warnings

</pre>
</body>