<head>
  <style>
    .log { font-family: "Courier New", Consolas, monospace; font-size: 80%; }
    .test-failed { background-color: #ffaaaa; }
    .test-passed { background-color: #aaffaa; }
  </style>
</head>
<body>
<h3><a href="https://github.com/MikePopoloski/slang" target="_blank">slang</a></h3>
<pre class="test-failed">
description: Tests imported from hdlconv
rc: 1 (means success: 0)
tags: hdlconv
incdirs: /tmpfs/src/github/sv-tests/third_party/tests/hdlconvertor/tests/sv_test/std2017
top_module: 
type: parsing
mode: parsing
files: <a href="../../../../third_party/tests/hdlconvertor/tests/sv_test/std2017/p525.sv.html" target="file-frame">third_party/tests/hdlconvertor/tests/sv_test/std2017/p525.sv</a>
defines: 
time_elapsed: 0.003s
ram usage: 9024 KB
</pre>
<pre class="log">

slang-driver --single-unit -I /tmpfs/src/github/sv-tests/third_party/tests/hdlconvertor/tests/sv_test/std2017 <a href="../../../../third_party/tests/hdlconvertor/tests/sv_test/std2017/p525.sv.html" target="file-frame">third_party/tests/hdlconvertor/tests/sv_test/std2017/p525.sv</a>
../../src/github/sv-tests/third_party/tests/hdlconvertor/tests/sv_test/std2017/p525.sv:5:1: error: language feature not yet supported
rand int x, y;
^~~~
../../src/github/sv-tests/third_party/tests/hdlconvertor/tests/sv_test/std2017/p525.sv:7:1: error: language feature not yet supported
constraint c1 { (x &lt; y &amp;&amp; (a.x &gt; b.x || a.x ==5)) -&gt; x+y == 10; }
^~~~~~~~~~~~~~~~~~~~~~~~~~~~~~~~~~~~~~~~~~~~~~~~~~~~~~~~~~~~~~~~~
../../src/github/sv-tests/third_party/tests/hdlconvertor/tests/sv_test/std2017/p525.sv:12:1: error: language feature not yet supported
rand bit mode;
^~~~
../../src/github/sv-tests/third_party/tests/hdlconvertor/tests/sv_test/std2017/p525.sv:13:1: error: language feature not yet supported
rand int length;
^~~~
../../src/github/sv-tests/third_party/tests/hdlconvertor/tests/sv_test/std2017/p525.sv:14:1: error: language feature not yet supported
constraint deflt {
^~~~~~~~~~~~~~~~~~
warning: no top-level modules found in design [-Wno-top]

Build failed: 5 errors, 1 warning

</pre>
</body>