<head>
  <style>
    .log { font-family: "Courier New", Consolas, monospace; font-size: 80%; }
    .test-failed { background-color: #ffaaaa; }
    .test-passed { background-color: #aaffaa; }
  </style>
</head>
<body>
<h3><a href="https://github.com/MikePopoloski/slang" target="_blank">slang</a></h3>
<pre class="test-failed">
description: Tests imported from hdlconv
rc: 1 (means success: 0)
tags: hdlconv
incdirs: /tmpfs/src/github/sv-tests/third_party/tests/hdlconvertor/tests/sv_test/std2017
top_module: 
type: parsing
mode: parsing
files: <a href="../../../../third_party/tests/hdlconvertor/tests/sv_test/std2017/p504_2.sv.html" target="file-frame">third_party/tests/hdlconvertor/tests/sv_test/std2017/p504_2.sv</a>
defines: 
time_elapsed: 0.002s
ram usage: 9064 KB
</pre>
<pre class="log">

slang-driver --single-unit -I /tmpfs/src/github/sv-tests/third_party/tests/hdlconvertor/tests/sv_test/std2017 <a href="../../../../third_party/tests/hdlconvertor/tests/sv_test/std2017/p504_2.sv.html" target="file-frame">third_party/tests/hdlconvertor/tests/sv_test/std2017/p504_2.sv</a>
../../src/github/sv-tests/third_party/tests/hdlconvertor/tests/sv_test/std2017/p504_2.sv:1:20: error: use of undeclared identifier &#39;MyBus&#39;
task exercise_bus (MyBus bus);
                   ^~~~~
../../src/github/sv-tests/third_party/tests/hdlconvertor/tests/sv_test/std2017/p504_2.sv:4:7: error: language feature not yet supported
res = bus.randomize() with {atype == low;};
      ^~~~~~~~~~~~~~~~~~~~~~~~~~~~~~~~~~~~
../../src/github/sv-tests/third_party/tests/hdlconvertor/tests/sv_test/std2017/p504_2.sv:6:7: error: language feature not yet supported
res = bus.randomize() with {10 &lt;= addr &amp;&amp; addr &lt;= 20;};
      ^~~~~~~~~~~~~~~~~~~~~~~~~~~~~~~~~~~~~~~~~~~~~~~~
../../src/github/sv-tests/third_party/tests/hdlconvertor/tests/sv_test/std2017/p504_2.sv:8:7: error: language feature not yet supported
res = bus.randomize() with {(data &amp; (data - 1)) == 0;};
      ^~~~~~~~~~~~~~~~~~~~~~~~~~~~~~~~~~~~~~~~~~~~~~~~
warning: no top-level modules found in design [-Wno-top]

Build failed: 4 errors, 1 warning

</pre>
</body>