<head>
  <style>
    .log { font-family: "Courier New", Consolas, monospace; font-size: 80%; }
    .test-failed { background-color: #ffaaaa; }
    .test-passed { background-color: #aaffaa; }
  </style>
</head>
<body>
<h3><a href="https://github.com/MikePopoloski/slang" target="_blank">slang</a></h3>
<pre class="test-failed">
description: Tests imported from hdlconv
rc: 1 (means success: 0)
tags: hdlconv
incdirs: /tmpfs/src/github/sv-tests/third_party/tests/hdlconvertor/tests/sv_test/std2017
top_module: 
type: parsing
mode: parsing
files: <a href="../../../../third_party/tests/hdlconvertor/tests/sv_test/std2017/p295.sv.html" target="file-frame">third_party/tests/hdlconvertor/tests/sv_test/std2017/p295.sv</a>
defines: 
time_elapsed: 0.003s
ram usage: 9020 KB
</pre>
<pre class="log">

slang-driver --single-unit -I /tmpfs/src/github/sv-tests/third_party/tests/hdlconvertor/tests/sv_test/std2017 <a href="../../../../third_party/tests/hdlconvertor/tests/sv_test/std2017/p295.sv.html" target="file-frame">third_party/tests/hdlconvertor/tests/sv_test/std2017/p295.sv</a>
Top level design units:
    m
    top

../../src/github/sv-tests/third_party/tests/hdlconvertor/tests/sv_test/std2017/p295.sv:1:8: error: redefinition of &#39;top&#39;
module top;
       ^
../../src/github/sv-tests/third_party/tests/hdlconvertor/tests/sv_test/std2017/p295.sv:1:8: note: previous definition here
module top;
       ^
../../src/github/sv-tests/third_party/tests/hdlconvertor/tests/sv_test/std2017/p295.sv:3:3: error: language feature not yet supported
  let x = a || b;
  ^~~~~~~~~~~~~~~
../../src/github/sv-tests/third_party/tests/hdlconvertor/tests/sv_test/std2017/p295.sv:3:9: error: expected expression
  let x = a || b;
        ^
../../src/github/sv-tests/third_party/tests/hdlconvertor/tests/sv_test/std2017/p295.sv:3:17: error: expected &#39;=&#39;
  let x = a || b;
                ^
../../src/github/sv-tests/third_party/tests/hdlconvertor/tests/sv_test/std2017/p295.sv:4:3: error: language feature not yet supported
  sequence s;
  ^~~~~~~~~~~
../../src/github/sv-tests/third_party/tests/hdlconvertor/tests/sv_test/std2017/p295.sv:17:8: error: redefinition of &#39;m&#39;
module m();
       ^
../../src/github/sv-tests/third_party/tests/hdlconvertor/tests/sv_test/std2017/p295.sv:17:8: note: previous definition here
module m();
       ^
../../src/github/sv-tests/third_party/tests/hdlconvertor/tests/sv_test/std2017/p295.sv:25:7: error: language feature not yet supported
      let my_let(x) = !x || b &amp;&amp; c[i];
      ^~~~~~~~~~~~~~~~~~~~~~~~~~~~~~~~
../../src/github/sv-tests/third_party/tests/hdlconvertor/tests/sv_test/std2017/p295.sv:25:21: error: expected expression
      let my_let(x) = !x || b &amp;&amp; c[i];
                    ^
../../src/github/sv-tests/third_party/tests/hdlconvertor/tests/sv_test/std2017/p295.sv:25:38: error: expected &#39;=&#39;
      let my_let(x) = !x || b &amp;&amp; c[i];
                                     ^
../../src/github/sv-tests/third_party/tests/hdlconvertor/tests/sv_test/std2017/p295.sv:26:25: error: use of undeclared identifier &#39;my_let&#39;
      assign d[2 - i] = my_let(a); // OK
                        ^~~~~~
../../src/github/sv-tests/third_party/tests/hdlconvertor/tests/sv_test/std2017/p295.sv:36:29: error: expected expression
  let ones_match(bits x, y) = x == y;
                            ^
../../src/github/sv-tests/third_party/tests/hdlconvertor/tests/sv_test/std2017/p295.sv:36:37: error: expected &#39;=&#39;
  let ones_match(bits x, y) = x == y;
                                    ^
../../src/github/sv-tests/third_party/tests/hdlconvertor/tests/sv_test/std2017/p295.sv:37:24: error: expected expression
  let same(logic x, y) = x === y;
                       ^
../../src/github/sv-tests/third_party/tests/hdlconvertor/tests/sv_test/std2017/p295.sv:37:33: error: expected &#39;=&#39;
  let same(logic x, y) = x === y;
                                ^

Build failed: 14 errors, 0 warnings

</pre>
</body>