<head>
  <style>
    .log { font-family: "Courier New", Consolas, monospace; font-size: 80%; }
    .test-failed { background-color: #ffaaaa; }
    .test-passed { background-color: #aaffaa; }
  </style>
</head>
<body>
<h3><a href="https://github.com/MikePopoloski/slang" target="_blank">slang</a></h3>
<pre class="test-failed">
description: Tests imported from hdlconv
rc: 1 (means success: 0)
should_fail: 0
tags: hdlconv
incdirs: /tmpfs/src/github/sv-tests/third_party/tests/hdlconvertor/tests/sv_test/std2017
top_module: 
type: parsing
mode: parsing
files: <a href="../../../../third_party/tests/hdlconvertor/tests/sv_test/std2017/p168.sv.html" target="file-frame">third_party/tests/hdlconvertor/tests/sv_test/std2017/p168.sv</a>
time_elapsed: 0.000s
ram usage: 9692 KB
</pre>
<pre class="log">

slang-driver --single-unit -I/tmpfs/src/github/sv-tests/third_party/tests/hdlconvertor/tests/sv_test/std2017 <a href="../../../../third_party/tests/hdlconvertor/tests/sv_test/std2017/p168.sv.html" target="file-frame">third_party/tests/hdlconvertor/tests/sv_test/std2017/p168.sv</a>
../../src/github/sv-tests/third_party/tests/hdlconvertor/tests/sv_test/std2017/p168.sv:4:7: warning: initializing a static variable in a procedural context requires an explicit &#39;static&#39; keyword [-Wexplicit-static]
	byte b[] = { 1, 2, 3, 4 };
	     ^
../../src/github/sv-tests/third_party/tests/hdlconvertor/tests/sv_test/std2017/p168.sv:4:8: error: dimension requires a constant range
	byte b[] = { 1, 2, 3, 4 };
	      ^~
../../src/github/sv-tests/third_party/tests/hdlconvertor/tests/sv_test/std2017/p168.sv:8:6: error: language feature not yet supported
	y = b.xor with ( item + 4 ); // y becomes 12 =&gt; 5 ^ 6 ^ 7 ^ 8
	    ^~~~~~~~~~~~~~~~~~~~~~~
../../src/github/sv-tests/third_party/tests/hdlconvertor/tests/sv_test/std2017/p168.sv:12:14: warning: initializing a static variable in a procedural context requires an explicit &#39;static&#39; keyword [-Wexplicit-static]
	logic [7:0] m [2][2] = &#39;{ &#39;{5, 10}, &#39;{15, 20} };
	            ^
../../src/github/sv-tests/third_party/tests/hdlconvertor/tests/sv_test/std2017/p168.sv:14:6: error: language feature not yet supported
	y = m.sum with (item.sum with (item)); // y becomes 50 =&gt; 5+10+15+20
	    ^~~~~~~~~~~~~~~~~~~~~~~~~~~~~~~~~
../../src/github/sv-tests/third_party/tests/hdlconvertor/tests/sv_test/std2017/p168.sv:20:6: error: language feature not yet supported
	y = bit_arr.sum with ( int&#39;(item) ); // forces result to be 32-bit
	    ^~~~~~~~~~~~~~~~~~~~~~~~~~~~~~~

</pre>
</body>