<head>
  <style>
    .log { font-family: "Courier New", Consolas, monospace; font-size: 80%; }
    .test-failed { background-color: #ffaaaa; }
    .test-passed { background-color: #aaffaa; }
  </style>
</head>
<body>
<h3><a href="https://github.com/MikePopoloski/slang" target="_blank">slang</a></h3>
<pre class="test-failed">
description: Tests imported from hdlconv
rc: 1 (means success: 0)
should_fail: 0
tags: hdlconv
incdirs: /tmpfs/src/github/sv-tests/third_party/tests/hdlconvertor/tests/sv_test/std2017
top_module: 
type: parsing
mode: parsing
files: <a href="../../../../third_party/tests/hdlconvertor/tests/sv_test/std2017/p541.sv.html" target="file-frame">third_party/tests/hdlconvertor/tests/sv_test/std2017/p541.sv</a>
time_elapsed: 0.000s
ram usage: 9624 KB
</pre>
<pre class="log">

slang-driver --single-unit -I/tmpfs/src/github/sv-tests/third_party/tests/hdlconvertor/tests/sv_test/std2017 <a href="../../../../third_party/tests/hdlconvertor/tests/sv_test/std2017/p541.sv.html" target="file-frame">third_party/tests/hdlconvertor/tests/sv_test/std2017/p541.sv</a>
../../src/github/sv-tests/third_party/tests/hdlconvertor/tests/sv_test/std2017/p541.sv:1:1: error: language feature not yet supported
class C1;
^~~~~~~~~
../../src/github/sv-tests/third_party/tests/hdlconvertor/tests/sv_test/std2017/p541.sv:5:1: error: language feature not yet supported
class C2;
^~~~~~~~~
../../src/github/sv-tests/third_party/tests/hdlconvertor/tests/sv_test/std2017/p541.sv:11:2: error: use of undeclared identifier &#39;C1&#39;
	C1 c1 = new();
	^~
../../src/github/sv-tests/third_party/tests/hdlconvertor/tests/sv_test/std2017/p541.sv:11:5: warning: initializing a static variable in a procedural context requires an explicit &#39;static&#39; keyword [-Wexplicit-static]
	C1 c1 = new();
	   ^~
../../src/github/sv-tests/third_party/tests/hdlconvertor/tests/sv_test/std2017/p541.sv:11:10: error: language feature not yet supported
	C1 c1 = new();
	        ^~~~~
../../src/github/sv-tests/third_party/tests/hdlconvertor/tests/sv_test/std2017/p541.sv:12:2: error: use of undeclared identifier &#39;C2&#39;
	C2 c2 = new();
	^~
../../src/github/sv-tests/third_party/tests/hdlconvertor/tests/sv_test/std2017/p541.sv:12:5: warning: initializing a static variable in a procedural context requires an explicit &#39;static&#39; keyword [-Wexplicit-static]
	C2 c2 = new();
	   ^~
../../src/github/sv-tests/third_party/tests/hdlconvertor/tests/sv_test/std2017/p541.sv:12:10: error: language feature not yet supported
	C2 c2 = new();
	        ^~~~~

</pre>
</body>