<head>
  <style>
    .log { font-family: "Courier New", Consolas, monospace; font-size: 80%; }
    .test-failed { background-color: #ffaaaa; }
    .test-passed { background-color: #aaffaa; }
  </style>
</head>
<body>
<h3><a href="https://github.com/MikePopoloski/slang" target="_blank">slang</a></h3>
<pre class="test-failed">
description: Tests imported from hdlconv
rc: 1 (means success: 0)
tags: hdlconv
incdirs: /tmpfs/src/github/sv-tests/third_party/tests/hdlconvertor/tests/sv_test/std2017
top_module: 
type: parsing
mode: parsing
files: <a href="../../../../third_party/tests/hdlconvertor/tests/sv_test/std2017/p794.sv.html" target="file-frame">third_party/tests/hdlconvertor/tests/sv_test/std2017/p794.sv</a>
defines: 
time_elapsed: 0.003s
ram usage: 9200 KB
</pre>
<pre class="log">

slang-driver --single-unit -I /tmpfs/src/github/sv-tests/third_party/tests/hdlconvertor/tests/sv_test/std2017 <a href="../../../../third_party/tests/hdlconvertor/tests/sv_test/std2017/p794.sv.html" target="file-frame">third_party/tests/hdlconvertor/tests/sv_test/std2017/p794.sv</a>
Top level design units:
    dimm

../../src/github/sv-tests/third_party/tests/hdlconvertor/tests/sv_test/std2017/p794.sv:14:9: error: unknown module &#39;sms_08b216t0&#39;
        sms_08b216t0 p(.clk(clk), .csb(csx), .cke(cke),.ba(ba),
        ^~~~~~~~~~~~
../../src/github/sv-tests/third_party/tests/hdlconvertor/tests/sv_test/std2017/p794.sv:24:11: error: use of undeclared identifier &#39;word&#39;
          word[3].p.read_mem(address, data[63:48]);
          ^~~~
../../src/github/sv-tests/third_party/tests/hdlconvertor/tests/sv_test/std2017/p794.sv:25:11: error: use of undeclared identifier &#39;word&#39;
          word[2].p.read_mem(address, data[47:32]);
          ^~~~
../../src/github/sv-tests/third_party/tests/hdlconvertor/tests/sv_test/std2017/p794.sv:26:11: error: use of undeclared identifier &#39;word&#39;
          word[1].p.read_mem(address, data[31:16]);
          ^~~~
../../src/github/sv-tests/third_party/tests/hdlconvertor/tests/sv_test/std2017/p794.sv:27:11: error: use of undeclared identifier &#39;word&#39;
          word[0].p.read_mem(address, data[15: 0]);
          ^~~~

Build failed: 5 errors, 0 warnings

</pre>
</body>