<head>
  <style>
    .log { font-family: "Courier New", Consolas, monospace; font-size: 80%; }
    .test-failed { background-color: #ffaaaa; }
    .test-passed { background-color: #aaffaa; }
  </style>
</head>
<body>
<h3><a href="https://github.com/MikePopoloski/slang" target="_blank">slang</a></h3>
<pre class="test-failed">
description: Tests imported from hdlconv
rc: 1 (means success: 0)
tags: hdlconv
incdirs: /tmpfs/src/github/sv-tests/third_party/tests/hdlconvertor/tests/sv_test/std2017
top_module: 
type: parsing
mode: parsing
files: <a href="../../../../third_party/tests/hdlconvertor/tests/sv_test/std2017/p720.sv.html" target="file-frame">third_party/tests/hdlconvertor/tests/sv_test/std2017/p720.sv</a>
defines: 
time_elapsed: 0.002s
ram usage: 9004 KB
</pre>
<pre class="log">

slang-driver --single-unit -I /tmpfs/src/github/sv-tests/third_party/tests/hdlconvertor/tests/sv_test/std2017 <a href="../../../../third_party/tests/hdlconvertor/tests/sv_test/std2017/p720.sv.html" target="file-frame">third_party/tests/hdlconvertor/tests/sv_test/std2017/p720.sv</a>
../../src/github/sv-tests/third_party/tests/hdlconvertor/tests/sv_test/std2017/p720.sv:1:1: error: expected member
extern module m (a,b,c,d);
^~~~~~
../../src/github/sv-tests/third_party/tests/hdlconvertor/tests/sv_test/std2017/p720.sv:2:1: error: expected member
extern module a #(parameter size= 8, parameter type TP = logic [7:0])
^~~~~~
../../src/github/sv-tests/third_party/tests/hdlconvertor/tests/sv_test/std2017/p720.sv:11:10: error: expected &#39;endmodule&#39;
endmodule
         ^
../../src/github/sv-tests/third_party/tests/hdlconvertor/tests/sv_test/std2017/p720.sv:2:8: note: to match this &#39;module&#39;
extern module a #(parameter size= 8, parameter type TP = logic [7:0])
       ^
warning: no top-level modules found in design [-Wno-top]

Build failed: 3 errors, 1 warning

</pre>
</body>