<head>
  <style>
    .log { font-family: "Courier New", Consolas, monospace; font-size: 80%; }
    .test-failed { background-color: #ffaaaa; }
    .test-passed { background-color: #aaffaa; }
  </style>
</head>
<body>
<h3><a href="https://github.com/MikePopoloski/slang" target="_blank">slang</a></h3>
<pre class="test-failed">
description: Tests imported from hdlconv
rc: 1 (means success: 0)
tags: hdlconv
incdirs: /tmpfs/src/github/sv-tests/third_party/tests/hdlconvertor/tests/sv_test/std2017
top_module: 
type: parsing
mode: parsing
files: <a href="../../../../third_party/tests/hdlconvertor/tests/sv_test/std2017/p496.sv.html" target="file-frame">third_party/tests/hdlconvertor/tests/sv_test/std2017/p496.sv</a>
defines: 
time_elapsed: 0.002s
ram usage: 9040 KB
</pre>
<pre class="log">

slang-driver --single-unit -I /tmpfs/src/github/sv-tests/third_party/tests/hdlconvertor/tests/sv_test/std2017 <a href="../../../../third_party/tests/hdlconvertor/tests/sv_test/std2017/p496.sv.html" target="file-frame">third_party/tests/hdlconvertor/tests/sv_test/std2017/p496.sv</a>
../../src/github/sv-tests/third_party/tests/hdlconvertor/tests/sv_test/std2017/p496.sv:1:1: error: expected member
checker reason_about_one_bit(bit [63:0] data1, bit [63:0] data2,
^~~~~~~
../../src/github/sv-tests/third_party/tests/hdlconvertor/tests/sv_test/std2017/p496.sv:5:34: error: expected declarator
endchecker : reason_about_one_bit
                                 ^
../../src/github/sv-tests/third_party/tests/hdlconvertor/tests/sv_test/std2017/p496.sv:12:34: error: expected declarator
endchecker : reason_about_all_bit
                                 ^
../../src/github/sv-tests/third_party/tests/hdlconvertor/tests/sv_test/std2017/p496.sv:24:24: error: expected declarator
endchecker : data_legal
                       ^
../../src/github/sv-tests/third_party/tests/hdlconvertor/tests/sv_test/std2017/p496.sv:40:33: error: expected declarator
endchecker : data_legal_with_loc
                                ^
warning: no top-level modules found in design [-Wno-top]

Build failed: 5 errors, 1 warning

</pre>
</body>