<head>
  <style>
    .log { font-family: "Courier New", Consolas, monospace; font-size: 80%; }
    .test-failed { background-color: #ffaaaa; }
    .test-passed { background-color: #aaffaa; }
  </style>
</head>
<body>
<h3><a href="https://github.com/MikePopoloski/slang" target="_blank">slang</a></h3>
<pre class="test-failed">
description: Tests imported from hdlconv
rc: 1 (means success: 0)
tags: hdlconv
incdirs: /tmpfs/src/github/sv-tests/third_party/tests/hdlconvertor/tests/sv_test/std2017
top_module: 
type: parsing
mode: parsing
files: <a href="../../../../third_party/tests/hdlconvertor/tests/sv_test/std2017/p783.sv.html" target="file-frame">third_party/tests/hdlconvertor/tests/sv_test/std2017/p783.sv</a>
defines: 
time_elapsed: 0.003s
ram usage: 9208 KB
</pre>
<pre class="log">

slang-driver --single-unit -I /tmpfs/src/github/sv-tests/third_party/tests/hdlconvertor/tests/sv_test/std2017 <a href="../../../../third_party/tests/hdlconvertor/tests/sv_test/std2017/p783.sv.html" target="file-frame">third_party/tests/hdlconvertor/tests/sv_test/std2017/p783.sv</a>
Top level design units:
    top

../../src/github/sv-tests/third_party/tests/hdlconvertor/tests/sv_test/std2017/p783.sv:6:1: error: language feature not yet supported
export p1::*;
^~~~~~~~~~~~
../../src/github/sv-tests/third_party/tests/hdlconvertor/tests/sv_test/std2017/p783.sv:6:7: error: expected string literal
export p1::*;
      ^
../../src/github/sv-tests/third_party/tests/hdlconvertor/tests/sv_test/std2017/p783.sv:6:10: error: expected &#39;=&#39;
export p1::*;
         ^
../../src/github/sv-tests/third_party/tests/hdlconvertor/tests/sv_test/std2017/p783.sv:6:12: error: expected identifier
export p1::*;
           ^
../../src/github/sv-tests/third_party/tests/hdlconvertor/tests/sv_test/std2017/p783.sv:13:1: error: language feature not yet supported
export p2::*;
^~~~~~~~~~~~
../../src/github/sv-tests/third_party/tests/hdlconvertor/tests/sv_test/std2017/p783.sv:13:7: error: expected string literal
export p2::*;
      ^
../../src/github/sv-tests/third_party/tests/hdlconvertor/tests/sv_test/std2017/p783.sv:13:10: error: expected &#39;=&#39;
export p2::*;
         ^
../../src/github/sv-tests/third_party/tests/hdlconvertor/tests/sv_test/std2017/p783.sv:13:12: error: expected identifier
export p2::*;
           ^
../../src/github/sv-tests/third_party/tests/hdlconvertor/tests/sv_test/std2017/p783.sv:22:1: error: language feature not yet supported
export p1::*;
^~~~~~~~~~~~
../../src/github/sv-tests/third_party/tests/hdlconvertor/tests/sv_test/std2017/p783.sv:22:7: error: expected string literal
export p1::*;
      ^
../../src/github/sv-tests/third_party/tests/hdlconvertor/tests/sv_test/std2017/p783.sv:22:10: error: expected &#39;=&#39;
export p1::*;
         ^
../../src/github/sv-tests/third_party/tests/hdlconvertor/tests/sv_test/std2017/p783.sv:22:12: error: expected identifier
export p1::*;
           ^
../../src/github/sv-tests/third_party/tests/hdlconvertor/tests/sv_test/std2017/p783.sv:28:1: error: language feature not yet supported
export p1::x;
^~~~~~~~~~~~~
../../src/github/sv-tests/third_party/tests/hdlconvertor/tests/sv_test/std2017/p783.sv:28:7: error: expected string literal
export p1::x;
      ^
../../src/github/sv-tests/third_party/tests/hdlconvertor/tests/sv_test/std2017/p783.sv:28:10: error: expected &#39;=&#39;
export p1::x;
         ^
../../src/github/sv-tests/third_party/tests/hdlconvertor/tests/sv_test/std2017/p783.sv:29:1: error: language feature not yet supported
export p4::x;
^~~~~~~~~~~~~
../../src/github/sv-tests/third_party/tests/hdlconvertor/tests/sv_test/std2017/p783.sv:29:7: error: expected string literal
export p4::x;
      ^
../../src/github/sv-tests/third_party/tests/hdlconvertor/tests/sv_test/std2017/p783.sv:29:10: error: expected &#39;=&#39;
export p4::x;
         ^
../../src/github/sv-tests/third_party/tests/hdlconvertor/tests/sv_test/std2017/p783.sv:33:1: error: language feature not yet supported
export p1::x;
^~~~~~~~~~~~~
../../src/github/sv-tests/third_party/tests/hdlconvertor/tests/sv_test/std2017/p783.sv:33:7: error: expected string literal
export p1::x;
      ^
fatal error: too many errors emitted, stopping now [--error-limit=]

Build failed: 20 errors, 0 warnings

</pre>
</body>