<head>
  <style>
    .log { font-family: "Courier New", Consolas, monospace; font-size: 80%; }
    .test-failed { background-color: #ffaaaa; }
    .test-passed { background-color: #aaffaa; }
  </style>
</head>
<body>
<h3><a href="https://github.com/MikePopoloski/slang" target="_blank">slang</a></h3>
<pre class="test-failed">
description: Tests imported from hdlconv
rc: 1 (means success: 0)
tags: hdlconv
incdirs: /tmpfs/src/github/sv-tests/third_party/tests/hdlconvertor/tests/sv_test/std2017
top_module: 
type: parsing
mode: parsing
files: <a href="../../../../third_party/tests/hdlconvertor/tests/sv_test/std2017/p751.sv.html" target="file-frame">third_party/tests/hdlconvertor/tests/sv_test/std2017/p751.sv</a>
defines: 
time_elapsed: 0.003s
ram usage: 8940 KB
</pre>
<pre class="log">

slang-driver --single-unit -I /tmpfs/src/github/sv-tests/third_party/tests/hdlconvertor/tests/sv_test/std2017 <a href="../../../../third_party/tests/hdlconvertor/tests/sv_test/std2017/p751.sv.html" target="file-frame">third_party/tests/hdlconvertor/tests/sv_test/std2017/p751.sv</a>
Top level design units:
    top

../../src/github/sv-tests/third_party/tests/hdlconvertor/tests/sv_test/std2017/p751.sv:1:8: error: redefinition of &#39;memMod&#39;
module memMod( input logic req,
       ^
../../src/github/sv-tests/third_party/tests/hdlconvertor/tests/sv_test/std2017/p751.sv:1:8: note: previous definition here
module memMod( input logic req,
       ^
../../src/github/sv-tests/third_party/tests/hdlconvertor/tests/sv_test/std2017/p751.sv:12:8: error: redefinition of &#39;cpuMod&#39;
module cpuMod(
       ^
../../src/github/sv-tests/third_party/tests/hdlconvertor/tests/sv_test/std2017/p751.sv:12:8: note: previous definition here
module cpuMod(
       ^
../../src/github/sv-tests/third_party/tests/hdlconvertor/tests/sv_test/std2017/p751.sv:22:8: error: redefinition of &#39;top&#39;
module top;
       ^
../../src/github/sv-tests/third_party/tests/hdlconvertor/tests/sv_test/std2017/p751.sv:22:8: note: previous definition here
module top;
       ^

Build failed: 3 errors, 0 warnings

</pre>
</body>