<head>
  <style>
    .log { font-family: "Courier New", Consolas, monospace; font-size: 80%; }
    .test-failed { background-color: #ffaaaa; }
    .test-passed { background-color: #aaffaa; }
  </style>
</head>
<body>
<h3><a href="https://github.com/MikePopoloski/slang" target="_blank">slang</a></h3>
<pre class="test-failed">
description: Tests imported from hdlconv
rc: 1 (means success: 0)
tags: hdlconv
incdirs: /tmpfs/src/github/sv-tests/third_party/tests/hdlconvertor/tests/sv_test/std2017
top_module: 
type: parsing
mode: parsing
files: <a href="../../../../third_party/tests/hdlconvertor/tests/sv_test/std2017/p252.sv.html" target="file-frame">third_party/tests/hdlconvertor/tests/sv_test/std2017/p252.sv</a>
defines: 
time_elapsed: 0.003s
ram usage: 9056 KB
</pre>
<pre class="log">

slang-driver --single-unit -I /tmpfs/src/github/sv-tests/third_party/tests/hdlconvertor/tests/sv_test/std2017 <a href="../../../../third_party/tests/hdlconvertor/tests/sv_test/std2017/p252.sv.html" target="file-frame">third_party/tests/hdlconvertor/tests/sv_test/std2017/p252.sv</a>
Top level design units:
    byte_rip
    byte_swap

../../src/github/sv-tests/third_party/tests/hdlconvertor/tests/sv_test/std2017/p252.sv:2:1: error: expected member
alias {A[7:0],A[15:8],A[23:16],A[31:24]} = B;
^~~~~
../../src/github/sv-tests/third_party/tests/hdlconvertor/tests/sv_test/std2017/p252.sv:2:45: error: expected declarator
alias {A[7:0],A[15:8],A[23:16],A[31:24]} = B;
                                            ^
../../src/github/sv-tests/third_party/tests/hdlconvertor/tests/sv_test/std2017/p252.sv:7:1: error: expected member
alias W[7:0] = LSB;
^~~~~
../../src/github/sv-tests/third_party/tests/hdlconvertor/tests/sv_test/std2017/p252.sv:7:13: error: expected declarator
alias W[7:0] = LSB;
            ^
../../src/github/sv-tests/third_party/tests/hdlconvertor/tests/sv_test/std2017/p252.sv:7:19: error: expected declarator
alias W[7:0] = LSB;
                  ^
../../src/github/sv-tests/third_party/tests/hdlconvertor/tests/sv_test/std2017/p252.sv:8:1: error: expected member
alias W[31:24] = MSB;
^~~~~
../../src/github/sv-tests/third_party/tests/hdlconvertor/tests/sv_test/std2017/p252.sv:8:15: error: expected declarator
alias W[31:24] = MSB;
              ^
../../src/github/sv-tests/third_party/tests/hdlconvertor/tests/sv_test/std2017/p252.sv:8:21: error: expected declarator
alias W[31:24] = MSB;
                    ^

Build failed: 8 errors, 0 warnings

</pre>
</body>