<head>
  <style>
    .log { font-family: "Courier New", Consolas, monospace; font-size: 80%; }
    .test-failed { background-color: #ffaaaa; }
    .test-passed { background-color: #aaffaa; }
  </style>
</head>
<body>
<h3><a href="https://github.com/MikePopoloski/slang" target="_blank">slang</a></h3>
<pre class="test-failed">
description: Tests imported from hdlconv
rc: 1 (means success: 0)
tags: hdlconv
incdirs: /tmpfs/src/github/sv-tests/third_party/tests/hdlconvertor/tests/sv_test/std2017
top_module: 
type: parsing
mode: parsing
files: <a href="../../../../third_party/tests/hdlconvertor/tests/sv_test/std2017/p577.sv.html" target="file-frame">third_party/tests/hdlconvertor/tests/sv_test/std2017/p577.sv</a>
defines: 
time_elapsed: 0.002s
ram usage: 8976 KB
</pre>
<pre class="log">

slang-driver --single-unit -I /tmpfs/src/github/sv-tests/third_party/tests/hdlconvertor/tests/sv_test/std2017 <a href="../../../../third_party/tests/hdlconvertor/tests/sv_test/std2017/p577.sv.html" target="file-frame">third_party/tests/hdlconvertor/tests/sv_test/std2017/p577.sv</a>
Top level design units:
    mod_m

../../src/github/sv-tests/third_party/tests/hdlconvertor/tests/sv_test/std2017/p577.sv:3:2: error: language feature not yet supported
	covergroup cg(int cg_lim);
	^~~~~~~~~~~~~~~~~~~~~~~~~~
../../src/github/sv-tests/third_party/tests/hdlconvertor/tests/sv_test/std2017/p577.sv:6:7: error: expected &#39;coverpoint&#39;
	aXb : cross a, b
	     ^
../../src/github/sv-tests/third_party/tests/hdlconvertor/tests/sv_test/std2017/p577.sv:6:15: error: expected &#39;:&#39;
	aXb : cross a, b
	             ^
../../src/github/sv-tests/third_party/tests/hdlconvertor/tests/sv_test/std2017/p577.sv:6:18: error: expected &#39;:&#39;
	aXb : cross a, b
	                ^
../../src/github/sv-tests/third_party/tests/hdlconvertor/tests/sv_test/std2017/p577.sv:8:3: error: expected expression
		function CrossQueueType myFunc1(int f_lim);
		^
../../src/github/sv-tests/third_party/tests/hdlconvertor/tests/sv_test/std2017/p577.sv:12:11: error: expected &#39;:&#39;
		bins one = myFunc1(cg_lim);
		        ^
../../src/github/sv-tests/third_party/tests/hdlconvertor/tests/sv_test/std2017/p577.sv:13:3: error: expected member
		bins two = myFunc2(cg_lim);
		^~~~
../../src/github/sv-tests/third_party/tests/hdlconvertor/tests/sv_test/std2017/p577.sv:13:11: error: expected &#39;:&#39;
		bins two = myFunc2(cg_lim);
		        ^
../../src/github/sv-tests/third_party/tests/hdlconvertor/tests/sv_test/std2017/p577.sv:14:3: error: expected member
		function CrossQueueType myFunc2(logic [31:0] f_lim);
		^~~~~~~~
../../src/github/sv-tests/third_party/tests/hdlconvertor/tests/sv_test/std2017/p577.sv:20:2: error: use of undeclared identifier &#39;cg&#39;
	cg cg_inst = new(3);
	^~
../../src/github/sv-tests/third_party/tests/hdlconvertor/tests/sv_test/std2017/p577.sv:22:2: error: language feature not yet supported
	covergroup yy;
	^~~~~~~~~~~~~~
../../src/github/sv-tests/third_party/tests/hdlconvertor/tests/sv_test/std2017/p577.sv:23:2: error: expected member
	cross a, b
	^~~~~
../../src/github/sv-tests/third_party/tests/hdlconvertor/tests/sv_test/std2017/p577.sv:23:9: error: expected &#39;:&#39;
	cross a, b
	       ^
../../src/github/sv-tests/third_party/tests/hdlconvertor/tests/sv_test/std2017/p577.sv:23:12: error: expected &#39;:&#39;
	cross a, b
	          ^
../../src/github/sv-tests/third_party/tests/hdlconvertor/tests/sv_test/std2017/p577.sv:25:2: error: expected expression
	ignore_bins ignore = binsof(a) intersect { 5, [1:3] };
	^
../../src/github/sv-tests/third_party/tests/hdlconvertor/tests/sv_test/std2017/p577.sv:25:20: error: expected &#39;:&#39;
	ignore_bins ignore = binsof(a) intersect { 5, [1:3] };
	                  ^
../../src/github/sv-tests/third_party/tests/hdlconvertor/tests/sv_test/std2017/p577.sv:25:23: error: expected expression
	ignore_bins ignore = binsof(a) intersect { 5, [1:3] };
	                     ^

Build failed: 17 errors, 0 warnings

</pre>
</body>