<head>
  <style>
    .log { font-family: "Courier New", Consolas, monospace; font-size: 80%; }
    .test-failed { background-color: #ffaaaa; }
    .test-passed { background-color: #aaffaa; }
  </style>
</head>
<body>
<h3><a href="https://github.com/MikePopoloski/slang" target="_blank">slang</a></h3>
<pre class="test-failed">
description: Tests imported from hdlconv
rc: 1 (means success: 0)
tags: hdlconv
incdirs: /tmpfs/src/github/sv-tests/third_party/tests/hdlconvertor/tests/sv_test/std2017
top_module: 
type: parsing
mode: parsing
files: <a href="../../../../third_party/tests/hdlconvertor/tests/sv_test/std2017/p550.sv.html" target="file-frame">third_party/tests/hdlconvertor/tests/sv_test/std2017/p550.sv</a>
defines: 
time_elapsed: 0.003s
ram usage: 9116 KB
</pre>
<pre class="log">

slang-driver --single-unit -I /tmpfs/src/github/sv-tests/third_party/tests/hdlconvertor/tests/sv_test/std2017 <a href="../../../../third_party/tests/hdlconvertor/tests/sv_test/std2017/p550.sv.html" target="file-frame">third_party/tests/hdlconvertor/tests/sv_test/std2017/p550.sv</a>
Top level design units:
    rand_sequence1

../../src/github/sv-tests/third_party/tests/hdlconvertor/tests/sv_test/std2017/p550.sv:4:2: error: expected statement
	randsequence( bin_op )
	^
../../src/github/sv-tests/third_party/tests/hdlconvertor/tests/sv_test/std2017/p550.sv:4:14: error: expected statement
	randsequence( bin_op )
	            ^
../../src/github/sv-tests/third_party/tests/hdlconvertor/tests/sv_test/std2017/p550.sv:5:7: error: expected &#39;&#39;&#39;
		void bin_op : value operator value // void type is optional
		    ^
../../src/github/sv-tests/third_party/tests/hdlconvertor/tests/sv_test/std2017/p550.sv:5:8: error: use of undeclared identifier &#39;bin_op&#39;
		void bin_op : value operator value // void type is optional
		     ^~~~~~
../../src/github/sv-tests/third_party/tests/hdlconvertor/tests/sv_test/std2017/p550.sv:5:14: error: expected &#39;)&#39;
		void bin_op : value operator value // void type is optional
		           ^
../../src/github/sv-tests/third_party/tests/hdlconvertor/tests/sv_test/std2017/p550.sv:5:17: error: use of undeclared identifier &#39;value&#39;
		void bin_op : value operator value // void type is optional
		              ^~~~~
../../src/github/sv-tests/third_party/tests/hdlconvertor/tests/sv_test/std2017/p550.sv:5:17: error: declaration must come before all statements in the block
		void bin_op : value operator value // void type is optional
		              ^
../../src/github/sv-tests/third_party/tests/hdlconvertor/tests/sv_test/std2017/p550.sv:5:23: error: redefinition of &#39;operator&#39;
		void bin_op : value operator value // void type is optional
		                    ^
../../src/github/sv-tests/third_party/tests/hdlconvertor/tests/sv_test/std2017/p550.sv:9:10: note: previous definition here
		string operator : add := 5 { return &#34;+&#34; ; }
		       ^
../../src/github/sv-tests/third_party/tests/hdlconvertor/tests/sv_test/std2017/p550.sv:5:31: error: expected &#39;,&#39;
		void bin_op : value operator value // void type is optional
		                            ^
../../src/github/sv-tests/third_party/tests/hdlconvertor/tests/sv_test/std2017/p550.sv:5:32: error: redefinition of &#39;value&#39;
		void bin_op : value operator value // void type is optional
		                             ^
../../src/github/sv-tests/third_party/tests/hdlconvertor/tests/sv_test/std2017/p550.sv:8:13: note: previous definition here
		bit [7:0] value : { return $urandom; } ;
		          ^
../../src/github/sv-tests/third_party/tests/hdlconvertor/tests/sv_test/std2017/p550.sv:6:3: error: expected declarator
		{ $display(&#34;%s %b %b&#34;, operator, value[1], value[2]); }
		^
../../src/github/sv-tests/third_party/tests/hdlconvertor/tests/sv_test/std2017/p550.sv:8:19: error: expected declarator
		bit [7:0] value : { return $urandom; } ;
		                ^
../../src/github/sv-tests/third_party/tests/hdlconvertor/tests/sv_test/std2017/p550.sv:9:19: error: expected declarator
		string operator : add := 5 { return &#34;+&#34; ; }
		                ^
../../src/github/sv-tests/third_party/tests/hdlconvertor/tests/sv_test/std2017/p550.sv:9:20: error: expected &#39;,&#39;
		string operator : add := 5 { return &#34;+&#34; ; }
		                 ^
../../src/github/sv-tests/third_party/tests/hdlconvertor/tests/sv_test/std2017/p550.sv:9:25: error: expected declarator
		string operator : add := 5 { return &#34;+&#34; ; }
		                      ^~
../../src/github/sv-tests/third_party/tests/hdlconvertor/tests/sv_test/std2017/p550.sv:10:10: error: expected &#39;,&#39;
						  | dec := 2 { return &#34;-&#34; ; }
						   ^
../../src/github/sv-tests/third_party/tests/hdlconvertor/tests/sv_test/std2017/p550.sv:10:15: error: expected declarator
						  | dec := 2 { return &#34;-&#34; ; }
						        ^~
../../src/github/sv-tests/third_party/tests/hdlconvertor/tests/sv_test/std2017/p550.sv:11:10: error: expected &#39;,&#39;
						  | mult := 1 { return &#34;*&#34; ; }
						   ^
../../src/github/sv-tests/third_party/tests/hdlconvertor/tests/sv_test/std2017/p550.sv:11:16: error: expected declarator
						  | mult := 1 { return &#34;*&#34; ; }
						         ^~
../../src/github/sv-tests/third_party/tests/hdlconvertor/tests/sv_test/std2017/p550.sv:12:10: error: expected &#39;end&#39;
						  ;
						   ^

Build failed: 20 errors, 0 warnings

</pre>
</body>