<head>
  <style>
    .log { font-family: "Courier New", Consolas, monospace; font-size: 80%; }
    .test-failed { background-color: #ffaaaa; }
    .test-passed { background-color: #aaffaa; }
  </style>
</head>
<body>
<h3><a href="https://github.com/MikePopoloski/slang" target="_blank">slang</a></h3>
<pre class="test-failed">
description: Tests imported from hdlconv
rc: 1 (means success: 0)
tags: hdlconv
incdirs: /tmpfs/src/github/sv-tests/third_party/tests/hdlconvertor/tests/sv_test/std2017
top_module: 
type: parsing
mode: parsing
files: <a href="../../../../third_party/tests/hdlconvertor/tests/sv_test/std2017/p493.sv.html" target="file-frame">third_party/tests/hdlconvertor/tests/sv_test/std2017/p493.sv</a>
defines: 
time_elapsed: 0.002s
ram usage: 9116 KB
</pre>
<pre class="log">

slang-driver --single-unit -I /tmpfs/src/github/sv-tests/third_party/tests/hdlconvertor/tests/sv_test/std2017 <a href="../../../../third_party/tests/hdlconvertor/tests/sv_test/std2017/p493.sv.html" target="file-frame">third_party/tests/hdlconvertor/tests/sv_test/std2017/p493.sv</a>
../../src/github/sv-tests/third_party/tests/hdlconvertor/tests/sv_test/std2017/p493.sv:1:1: error: expected member
checker my_check(logic clk, active);
^~~~~~~
../../src/github/sv-tests/third_party/tests/hdlconvertor/tests/sv_test/std2017/p493.sv:20:22: error: expected declarator
endchecker : my_check
                     ^
warning: no top-level modules found in design [-Wno-top]

Build failed: 2 errors, 1 warning

</pre>
</body>