<head>
  <style>
    .log { font-family: "Courier New", Consolas, monospace; font-size: 80%; }
    .test-failed { background-color: #ffaaaa; }
    .test-passed { background-color: #aaffaa; }
  </style>
</head>
<body>
<h3><a href="https://github.com/MikePopoloski/slang" target="_blank">slang</a></h3>
<pre class="test-failed">
description: Tests imported from hdlconv
rc: 1 (means success: 0)
tags: hdlconv
incdirs: /tmpfs/src/github/sv-tests/third_party/tests/hdlconvertor/tests/sv_test/std2017
top_module: 
type: parsing
mode: parsing
files: <a href="../../../../third_party/tests/hdlconvertor/tests/sv_test/std2017/p772.sv.html" target="file-frame">third_party/tests/hdlconvertor/tests/sv_test/std2017/p772.sv</a>
defines: 
time_elapsed: 0.003s
ram usage: 9268 KB
</pre>
<pre class="log">

slang-driver --single-unit -I /tmpfs/src/github/sv-tests/third_party/tests/hdlconvertor/tests/sv_test/std2017 <a href="../../../../third_party/tests/hdlconvertor/tests/sv_test/std2017/p772.sv.html" target="file-frame">third_party/tests/hdlconvertor/tests/sv_test/std2017/p772.sv</a>
Top level design units:
    top

../../src/github/sv-tests/third_party/tests/hdlconvertor/tests/sv_test/std2017/p772.sv:3:1: error: unknown module &#39;SyncBus&#39;
SyncBus b1( clk );
^~~~~~~
../../src/github/sv-tests/third_party/tests/hdlconvertor/tests/sv_test/std2017/p772.sv:4:1: error: unknown module &#39;SyncBus&#39;
SyncBus b2( clk );
^~~~~~~
../../src/github/sv-tests/third_party/tests/hdlconvertor/tests/sv_test/std2017/p772.sv:6:1: error: use of undeclared identifier &#39;VI&#39;
VI v[2] = &#39;{ b1, b2 };
^~
../../src/github/sv-tests/third_party/tests/hdlconvertor/tests/sv_test/std2017/p772.sv:6:4: warning: initializing a static variable in a procedural context requires an explicit &#39;static&#39; keyword [-Wexplicit-static]
VI v[2] = &#39;{ b1, b2 };
   ^
../../src/github/sv-tests/third_party/tests/hdlconvertor/tests/sv_test/std2017/p772.sv:8:1: error: use of undeclared identifier &#39;do_it&#39;
do_it( v[ $urandom_range( 0, 1 ) ] );
^~~~~
../../src/github/sv-tests/third_party/tests/hdlconvertor/tests/sv_test/std2017/p772.sv:16:1: error: language feature not yet supported
clocking sb @(posedge clk);
^~~~~~~~~~~~~~~~~~~~~~~~~~~

Build failed: 5 errors, 1 warning

</pre>
</body>