<head>
  <style>
    .log { font-family: "Courier New", Consolas, monospace; font-size: 80%; }
    .test-failed { background-color: #ffaaaa; }
    .test-passed { background-color: #aaffaa; }
  </style>
</head>
<body>
<h3><a href="https://github.com/MikePopoloski/slang" target="_blank">slang</a></h3>
<pre class="test-failed">
description: Tests imported from hdlconv
rc: 1 (means success: 0)
tags: hdlconv
incdirs: /tmpfs/src/github/sv-tests/third_party/tests/hdlconvertor/tests/sv_test/std2017
top_module: 
type: parsing
mode: parsing
files: <a href="../../../../third_party/tests/hdlconvertor/tests/sv_test/std2017/p296.sv.html" target="file-frame">third_party/tests/hdlconvertor/tests/sv_test/std2017/p296.sv</a>
defines: 
time_elapsed: 0.003s
ram usage: 9180 KB
</pre>
<pre class="log">

slang-driver --single-unit -I /tmpfs/src/github/sv-tests/third_party/tests/hdlconvertor/tests/sv_test/std2017 <a href="../../../../third_party/tests/hdlconvertor/tests/sv_test/std2017/p296.sv.html" target="file-frame">third_party/tests/hdlconvertor/tests/sv_test/std2017/p296.sv</a>
Top level design units:
    m

../../src/github/sv-tests/third_party/tests/hdlconvertor/tests/sv_test/std2017/p296.sv:1:8: error: redefinition of &#39;m&#39;
module m(input clock);
       ^
../../src/github/sv-tests/third_party/tests/hdlconvertor/tests/sv_test/std2017/p296.sv:1:8: note: previous definition here
module m(input clock);
       ^
../../src/github/sv-tests/third_party/tests/hdlconvertor/tests/sv_test/std2017/p296.sv:9:1: error: language feature not yet supported
property toggles(bit x, y);
^~~~~~~~~~~~~~~~~~~~~~~~~~~
../../src/github/sv-tests/third_party/tests/hdlconvertor/tests/sv_test/std2017/p296.sv:12:1: warning: language feature not yet supported [-Wnot-supported]
a2: assert property (@(posedge clock) toggles(c, d));
^~~~~~~~~~~~~~~~~~~~~~~~~~~~~~~~~~~~~~~~~~~~~~~~~~~~~
../../src/github/sv-tests/third_party/tests/hdlconvertor/tests/sv_test/std2017/p296.sv:18:11: error: expected expression
let p1(x) = $past(x);
          ^
../../src/github/sv-tests/third_party/tests/hdlconvertor/tests/sv_test/std2017/p296.sv:18:21: error: expected &#39;=&#39;
let p1(x) = $past(x);
                    ^
../../src/github/sv-tests/third_party/tests/hdlconvertor/tests/sv_test/std2017/p296.sv:19:11: error: expected expression
let p2(x) = $past(x,,,@(posedge clock));
          ^
../../src/github/sv-tests/third_party/tests/hdlconvertor/tests/sv_test/std2017/p296.sv:19:39: error: expected expression
let p2(x) = $past(x,,,@(posedge clock));
                                      ^
../../src/github/sv-tests/third_party/tests/hdlconvertor/tests/sv_test/std2017/p296.sv:19:40: error: expected &#39;=&#39;
let p2(x) = $past(x,,,@(posedge clock));
                                       ^
../../src/github/sv-tests/third_party/tests/hdlconvertor/tests/sv_test/std2017/p296.sv:20:10: error: expected expression
let s(x) = $sampled(x);
         ^
../../src/github/sv-tests/third_party/tests/hdlconvertor/tests/sv_test/std2017/p296.sv:20:23: error: expected &#39;=&#39;
let s(x) = $sampled(x);
                      ^

Build failed: 9 errors, 1 warning

</pre>
</body>