<head>
  <style>
    .log { font-family: "Courier New", Consolas, monospace; font-size: 80%; }
    .test-failed { background-color: #ffaaaa; }
    .test-passed { background-color: #aaffaa; }
  </style>
</head>
<body>
<h3><a href="https://github.com/MikePopoloski/slang" target="_blank">slang</a></h3>
<pre class="test-failed">
description: Tests imported from hdlconv
rc: 1 (means success: 0)
tags: hdlconv
incdirs: /tmpfs/src/github/sv-tests/third_party/tests/hdlconvertor/tests/sv_test/std2017
top_module: 
type: parsing
mode: parsing
files: <a href="../../../../third_party/tests/hdlconvertor/tests/sv_test/std2017/p490.sv.html" target="file-frame">third_party/tests/hdlconvertor/tests/sv_test/std2017/p490.sv</a>
defines: 
time_elapsed: 0.002s
ram usage: 9080 KB
</pre>
<pre class="log">

slang-driver --single-unit -I /tmpfs/src/github/sv-tests/third_party/tests/hdlconvertor/tests/sv_test/std2017 <a href="../../../../third_party/tests/hdlconvertor/tests/sv_test/std2017/p490.sv.html" target="file-frame">third_party/tests/hdlconvertor/tests/sv_test/std2017/p490.sv</a>
Top level design units:
    m

../../src/github/sv-tests/third_party/tests/hdlconvertor/tests/sv_test/std2017/p490.sv:2:1: error: expected member
checker check_in_context (logic test_sig,
^~~~~~~
../../src/github/sv-tests/third_party/tests/hdlconvertor/tests/sv_test/std2017/p490.sv:9:30: error: expected declarator
endchecker : check_in_context
                             ^
../../src/github/sv-tests/third_party/tests/hdlconvertor/tests/sv_test/std2017/p490.sv:16:3: error: unknown module &#39;check_in_context&#39;
  check_in_context my_check1(.test_sig(b), .clock(clk), .reset(rst));
  ^~~~~~~~~~~~~~~~
../../src/github/sv-tests/third_party/tests/hdlconvertor/tests/sv_test/std2017/p490.sv:20:7: error: use of undeclared identifier &#39;check_in_context&#39;
      check_in_context my_check2(a);
      ^~~~~~~~~~~~~~~~
../../src/github/sv-tests/third_party/tests/hdlconvertor/tests/sv_test/std2017/p490.sv:20:33: error: expected declarator
      check_in_context my_check2(a);
                                ^

Build failed: 5 errors, 0 warnings

</pre>
</body>