<head>
  <style>
    .log { font-family: "Courier New", Consolas, monospace; font-size: 80%; }
    .test-failed { background-color: #ffaaaa; }
    .test-passed { background-color: #aaffaa; }
  </style>
</head>
<body>
<h3><a href="https://github.com/MikePopoloski/slang" target="_blank">slang</a></h3>
<pre class="test-failed">
description: Tests imported from hdlconv
rc: 1 (means success: 0)
tags: hdlconv
incdirs: /tmpfs/src/github/sv-tests/third_party/tests/hdlconvertor/tests/sv_test/std2017
top_module: 
type: parsing
mode: parsing
files: <a href="../../../../third_party/tests/hdlconvertor/tests/sv_test/std2017/p765.sv.html" target="file-frame">third_party/tests/hdlconvertor/tests/sv_test/std2017/p765.sv</a>
defines: 
time_elapsed: 0.003s
ram usage: 9256 KB
</pre>
<pre class="log">

slang-driver --single-unit -I /tmpfs/src/github/sv-tests/third_party/tests/hdlconvertor/tests/sv_test/std2017 <a href="../../../../third_party/tests/hdlconvertor/tests/sv_test/std2017/p765.sv.html" target="file-frame">third_party/tests/hdlconvertor/tests/sv_test/std2017/p765.sv</a>
Top level design units:
    top

../../src/github/sv-tests/third_party/tests/hdlconvertor/tests/sv_test/std2017/p765.sv:8:1: error: expected member
extern forkjoin task countSlaves();
^~~~~~
../../src/github/sv-tests/third_party/tests/hdlconvertor/tests/sv_test/std2017/p765.sv:9:1: error: expected statement
extern forkjoin task Read (input logic [7:0] raddr);
^~~~~~
../../src/github/sv-tests/third_party/tests/hdlconvertor/tests/sv_test/std2017/p765.sv:28:4: error: expected &#39;endtask&#39;
end
   ^
../../src/github/sv-tests/third_party/tests/hdlconvertor/tests/sv_test/std2017/p765.sv:8:17: note: to match this &#39;task&#39;
extern forkjoin task countSlaves();
                ^
../../src/github/sv-tests/third_party/tests/hdlconvertor/tests/sv_test/std2017/p765.sv:30:54: error: unknown interface &#39;interface&#39;
module memMod #(parameter int minaddr=0, maxaddr=0) (interface a);
                                                     ^~~~~~~~~
../../src/github/sv-tests/third_party/tests/hdlconvertor/tests/sv_test/std2017/p765.sv:33:1: error: expected subroutine name
task a.countSlaves();
^    ~~~~~~~~~~~~~
../../src/github/sv-tests/third_party/tests/hdlconvertor/tests/sv_test/std2017/p765.sv:33:6: error: &#39;a&#39; is not a class type
task a.countSlaves();
     ^
../../src/github/sv-tests/third_party/tests/hdlconvertor/tests/sv_test/std2017/p765.sv:36:1: error: expected subroutine name
task a.Read(input logic [7:0] raddr); // Read method
^    ~~~~~~
../../src/github/sv-tests/third_party/tests/hdlconvertor/tests/sv_test/std2017/p765.sv:36:6: error: &#39;a&#39; is not a class type
task a.Read(input logic [7:0] raddr); // Read method
     ^
../../src/github/sv-tests/third_party/tests/hdlconvertor/tests/sv_test/std2017/p765.sv:43:1: error: expected subroutine name
task a.Write(input logic [7:0] waddr); // Write method
^    ~~~~~~~
../../src/github/sv-tests/third_party/tests/hdlconvertor/tests/sv_test/std2017/p765.sv:43:6: error: &#39;a&#39; is not a class type
task a.Write(input logic [7:0] waddr); // Write method
     ^
../../src/github/sv-tests/third_party/tests/hdlconvertor/tests/sv_test/std2017/p765.sv:51:15: error: unknown interface &#39;interface&#39;
module cpuMod(interface b);
              ^~~~~~~~~
../../src/github/sv-tests/third_party/tests/hdlconvertor/tests/sv_test/std2017/p765.sv:57:15: error: unknown system name &#39;$dist_uniform&#39;
inst = instr&#39;($dist_uniform(seed, 0, 1));
              ^~~~~~~~~~~~~
../../src/github/sv-tests/third_party/tests/hdlconvertor/tests/sv_test/std2017/p765.sv:58:9: error: unknown system name &#39;$dist_uniform&#39;
raddr = $dist_uniform(seed, 0, 3);
        ^~~~~~~~~~~~~
../../src/github/sv-tests/third_party/tests/hdlconvertor/tests/sv_test/std2017/p765.sv:76:16: error: could not resolve hierarchical path name &#39;Write&#39;
disable sb_intf.Write; // task via interface instance
               ^~~~~~
../../src/github/sv-tests/third_party/tests/hdlconvertor/tests/sv_test/std2017/p765.sv:87:30: error: could not resolve hierarchical path name &#39;slave&#39;
memMod #(0, 127) mem1(sb_intf.slave);
                             ^~~~~~
../../src/github/sv-tests/third_party/tests/hdlconvertor/tests/sv_test/std2017/p765.sv:88:32: error: could not resolve hierarchical path name &#39;slave&#39;
memMod #(128, 255) mem2(sb_intf.slave);
                               ^~~~~~
../../src/github/sv-tests/third_party/tests/hdlconvertor/tests/sv_test/std2017/p765.sv:89:19: error: could not resolve hierarchical path name &#39;master&#39;
cpuMod cpu(sb_intf.master);
                  ^~~~~~~

Build failed: 17 errors, 0 warnings

</pre>
</body>