<head>
  <style>
    .log { font-family: "Courier New", Consolas, monospace; font-size: 80%; }
    .test-failed { background-color: #ffaaaa; }
    .test-passed { background-color: #aaffaa; }
  </style>
</head>
<body>
<h3><a href="https://github.com/MikePopoloski/slang" target="_blank">slang</a></h3>
<pre class="test-failed">
description: Tests imported from hdlconv
rc: 1 (means success: 0)
tags: hdlconv
incdirs: /tmpfs/src/github/sv-tests/third_party/tests/hdlconvertor/tests/sv_test/std2017
top_module: 
type: parsing
mode: parsing
files: <a href="../../../../third_party/tests/hdlconvertor/tests/sv_test/std2017/p348.sv.html" target="file-frame">third_party/tests/hdlconvertor/tests/sv_test/std2017/p348.sv</a>
defines: 
time_elapsed: 0.003s
ram usage: 9268 KB
</pre>
<pre class="log">

slang-driver --single-unit -I /tmpfs/src/github/sv-tests/third_party/tests/hdlconvertor/tests/sv_test/std2017 <a href="../../../../third_party/tests/hdlconvertor/tests/sv_test/std2017/p348.sv.html" target="file-frame">third_party/tests/hdlconvertor/tests/sv_test/std2017/p348.sv</a>
Top level design units:
    top

../../src/github/sv-tests/third_party/tests/hdlconvertor/tests/sv_test/std2017/p348.sv:3:3: error: language feature not yet supported
  global clocking top_clocking @(clk); endclocking
  ^~~~~~~~~~~~~~~~~~~~~~~~~~~~~~~~~~~~~~~~~~~~~~~~
../../src/github/sv-tests/third_party/tests/hdlconvertor/tests/sv_test/std2017/p348.sv:5:3: error: language feature not yet supported
  property p1(req, ack);
  ^~~~~~~~~~~~~~~~~~~~~~
../../src/github/sv-tests/third_party/tests/hdlconvertor/tests/sv_test/std2017/p348.sv:9:3: error: language feature not yet supported
  property p2(req, ack, interrupt);
  ^~~~~~~~~~~~~~~~~~~~~~~~~~~~~~~~~
../../src/github/sv-tests/third_party/tests/hdlconvertor/tests/sv_test/std2017/p348.sv:10:42: error: expected &#39;endproperty&#39;
    @($global_clock) accept_on(interrupt) p1(req, ack);
                                         ^
../../src/github/sv-tests/third_party/tests/hdlconvertor/tests/sv_test/std2017/p348.sv:9:3: note: to match this &#39;property&#39;
  property p2(req, ack, interrupt);
  ^
../../src/github/sv-tests/third_party/tests/hdlconvertor/tests/sv_test/std2017/p348.sv:10:43: error: unknown module &#39;p1&#39;
    @($global_clock) accept_on(interrupt) p1(req, ack);
                                          ^~
../../src/github/sv-tests/third_party/tests/hdlconvertor/tests/sv_test/std2017/p348.sv:10:45: error: expected hierarchical instantiation
    @($global_clock) accept_on(interrupt) p1(req, ack);
                                            ^
../../src/github/sv-tests/third_party/tests/hdlconvertor/tests/sv_test/std2017/p348.sv:11:3: error: expected member
  endproperty
  ^~~~~~~~~~~
../../src/github/sv-tests/third_party/tests/hdlconvertor/tests/sv_test/std2017/p348.sv:13:3: error: unknown module &#39;my_checker&#39;
  my_checker check( 
  ^~~~~~~~~~
../../src/github/sv-tests/third_party/tests/hdlconvertor/tests/sv_test/std2017/p348.sv:15:23: error: expected expression
	  @($global_clock) a[*1:$] ##1 b);
	                     ^
../../src/github/sv-tests/third_party/tests/hdlconvertor/tests/sv_test/std2017/p348.sv:18:1: error: expected member
checker my_checker(property p, sequence s);
^~~~~~~

Build failed: 10 errors, 0 warnings

</pre>
</body>