<head>
  <style>
    .log { font-family: "Courier New", Consolas, monospace; font-size: 80%; }
    .test-failed { background-color: #ffaaaa; }
    .test-passed { background-color: #aaffaa; }
  </style>
</head>
<body>
<h3><a href="https://github.com/MikePopoloski/slang" target="_blank">slang</a></h3>
<pre class="test-failed">
description: Tests imported from hdlconv
rc: 1 (means success: 0)
tags: hdlconv
incdirs: /tmpfs/src/github/sv-tests/third_party/tests/hdlconvertor/tests/sv_test/std2017
top_module: 
type: parsing
mode: parsing
files: <a href="../../../../third_party/tests/hdlconvertor/tests/sv_test/std2017/p714.sv.html" target="file-frame">third_party/tests/hdlconvertor/tests/sv_test/std2017/p714.sv</a>
defines: 
time_elapsed: 0.003s
ram usage: 9264 KB
</pre>
<pre class="log">

slang-driver --single-unit -I /tmpfs/src/github/sv-tests/third_party/tests/hdlconvertor/tests/sv_test/std2017 <a href="../../../../third_party/tests/hdlconvertor/tests/sv_test/std2017/p714.sv.html" target="file-frame">third_party/tests/hdlconvertor/tests/sv_test/std2017/p714.sv</a>
Top level design units:
    alu_accum4
    alu_accum5

../../src/github/sv-tests/third_party/tests/hdlconvertor/tests/sv_test/std2017/p714.sv:7:1: error: unknown module &#39;alu&#39;
alu
^~~
../../src/github/sv-tests/third_party/tests/hdlconvertor/tests/sv_test/std2017/p714.sv:10:1: error: unknown module &#39;accum&#39;
accum accum (.*, .dataout(dataout[7:0]), .datain(alu_out));
^~~~~
../../src/github/sv-tests/third_party/tests/hdlconvertor/tests/sv_test/std2017/p714.sv:11:1: error: unknown module &#39;xtend&#39;
xtend xtend (.*, .dout(dataout[15:8]), .din(alu_out[7]));
^~~~~
../../src/github/sv-tests/third_party/tests/hdlconvertor/tests/sv_test/std2017/p714.sv:22:1: error: unknown module &#39;alu&#39;
alu alu (.ain(ain), .bin(bin), .alu_out, .zero(), .opcode);
^~~
../../src/github/sv-tests/third_party/tests/hdlconvertor/tests/sv_test/std2017/p714.sv:24:1: error: unknown module &#39;accum&#39;
accum accum (dataout[7:0], alu_out, clk, rst_n);
^~~~~
../../src/github/sv-tests/third_party/tests/hdlconvertor/tests/sv_test/std2017/p714.sv:26:1: error: unknown module &#39;xtend&#39;
xtend xtend (.dout(dataout[15:8]), .*, .din(alu_out[7]));
^~~~~

Build failed: 6 errors, 0 warnings

</pre>
</body>