<head>
  <style>
    .log { font-family: "Courier New", Consolas, monospace; font-size: 80%; }
    .test-failed { background-color: #ffaaaa; }
    .test-passed { background-color: #aaffaa; }
  </style>
</head>
<body>
<h3><a href="https://github.com/MikePopoloski/slang" target="_blank">slang</a></h3>
<pre class="test-failed">
description: Tests imported from hdlconv
rc: 1 (means success: 0)
tags: hdlconv
incdirs: /tmpfs/src/github/sv-tests/third_party/tests/hdlconvertor/tests/sv_test/std2017
top_module: 
type: parsing
mode: parsing
files: <a href="../../../../third_party/tests/hdlconvertor/tests/sv_test/std2017/p196.sv.html" target="file-frame">third_party/tests/hdlconvertor/tests/sv_test/std2017/p196.sv</a>
defines: 
time_elapsed: 0.003s
ram usage: 9108 KB
</pre>
<pre class="log">

slang-driver --single-unit -I /tmpfs/src/github/sv-tests/third_party/tests/hdlconvertor/tests/sv_test/std2017 <a href="../../../../third_party/tests/hdlconvertor/tests/sv_test/std2017/p196.sv.html" target="file-frame">third_party/tests/hdlconvertor/tests/sv_test/std2017/p196.sv</a>
../../src/github/sv-tests/third_party/tests/hdlconvertor/tests/sv_test/std2017/p196.sv:2:1: error: language feature not yet supported
interface class PutImp#(type PUT_T = logic);
^~~~~~~~~
../../src/github/sv-tests/third_party/tests/hdlconvertor/tests/sv_test/std2017/p196.sv:6:1: error: language feature not yet supported
interface class GetImp#(type GET_T = logic);
^~~~~~~~~
../../src/github/sv-tests/third_party/tests/hdlconvertor/tests/sv_test/std2017/p196.sv:17:62: error: use of undeclared identifier &#39;T&#39;
class Fifo #(type T = logic, int DEPTH = 1) extends MyQueue#(T, DEPTH) implements PutImp#(T), GetImp#(T);
                                                             ^
../../src/github/sv-tests/third_party/tests/hdlconvertor/tests/sv_test/std2017/p196.sv:17:65: error: use of undeclared identifier &#39;DEPTH&#39;
class Fifo #(type T = logic, int DEPTH = 1) extends MyQueue#(T, DEPTH) implements PutImp#(T), GetImp#(T);
                                                                ^~~~~
warning: no top-level modules found in design [-Wno-top]

Build failed: 4 errors, 1 warning

</pre>
</body>