<head>
  <style>
    .log { font-family: "Courier New", Consolas, monospace; font-size: 80%; }
    .test-failed { background-color: #ffaaaa; }
    .test-passed { background-color: #aaffaa; }
  </style>
</head>
<body>
<h3><a href="https://github.com/MikePopoloski/slang" target="_blank">slang</a></h3>
<pre class="test-failed">
description: Tests imported from hdlconv
rc: 1 (means success: 0)
tags: hdlconv
incdirs: /tmpfs/src/github/sv-tests/third_party/tests/hdlconvertor/tests/sv_test/std2017
top_module: 
type: parsing
mode: parsing
files: <a href="../../../../third_party/tests/hdlconvertor/tests/sv_test/std2017/p230.sv.html" target="file-frame">third_party/tests/hdlconvertor/tests/sv_test/std2017/p230.sv</a>
defines: 
time_elapsed: 0.002s
ram usage: 9004 KB
</pre>
<pre class="log">

slang-driver --single-unit -I /tmpfs/src/github/sv-tests/third_party/tests/hdlconvertor/tests/sv_test/std2017 <a href="../../../../third_party/tests/hdlconvertor/tests/sv_test/std2017/p230.sv.html" target="file-frame">third_party/tests/hdlconvertor/tests/sv_test/std2017/p230.sv</a>
../../src/github/sv-tests/third_party/tests/hdlconvertor/tests/sv_test/std2017/p230.sv:2:1: error: use of undeclared identifier &#39;process&#39;
process job[] = new [N];
^~~~~~~
../../src/github/sv-tests/third_party/tests/hdlconvertor/tests/sv_test/std2017/p230.sv:2:17: error: new array expression can only be used in an assignment to a dynamic array type
process job[] = new [N];
                ^~~~~~~
../../src/github/sv-tests/third_party/tests/hdlconvertor/tests/sv_test/std2017/p230.sv:6:16: error: unknown class or package &#39;process&#39;
begin job[k] = process::self(); end
               ^~~~~~~
../../src/github/sv-tests/third_party/tests/hdlconvertor/tests/sv_test/std2017/p230.sv:9:1: error: language feature not yet supported
wait( job[j] != null );
^~~~~~~~~~~~~~~~~~~~~~~
../../src/github/sv-tests/third_party/tests/hdlconvertor/tests/sv_test/std2017/p230.sv:13:23: error: unknown class or package &#39;process&#39;
if ( job[j].status != process::FINISHED )
                      ^~~~~~~
warning: no top-level modules found in design [-Wno-top]

Build failed: 5 errors, 1 warning

</pre>
</body>