<head>
  <style>
    .log { font-family: "Courier New", Consolas, monospace; font-size: 80%; }
    .test-failed { background-color: #ffaaaa; }
    .test-passed { background-color: #aaffaa; }
  </style>
</head>
<body>
<h3><a href="https://github.com/MikePopoloski/slang" target="_blank">slang</a></h3>
<pre class="test-failed">
description: Tests imported from hdlconv
rc: 1 (means success: 0)
tags: hdlconv
incdirs: /tmpfs/src/github/sv-tests/third_party/tests/hdlconvertor/tests/sv_test/std2017
top_module: 
type: parsing
mode: parsing
files: <a href="../../../../third_party/tests/hdlconvertor/tests/sv_test/std2017/p239.sv.html" target="file-frame">third_party/tests/hdlconvertor/tests/sv_test/std2017/p239.sv</a>
defines: 
time_elapsed: 0.000s
ram usage: 9940 KB
</pre>
<pre class="log">

slang-driver --single-unit -I/tmpfs/src/github/sv-tests/third_party/tests/hdlconvertor/tests/sv_test/std2017 <a href="../../../../third_party/tests/hdlconvertor/tests/sv_test/std2017/p239.sv.html" target="file-frame">third_party/tests/hdlconvertor/tests/sv_test/std2017/p239.sv</a>
../../src/github/sv-tests/third_party/tests/hdlconvertor/tests/sv_test/std2017/p239.sv:5:5: error: language feature not yet supported
a = #10 1; // a will be assigned 1 at time 10
    ^~~~~
../../src/github/sv-tests/third_party/tests/hdlconvertor/tests/sv_test/std2017/p239.sv:6:5: error: language feature not yet supported
b = #2 0; // b will be assigned 0 at time 12
    ^~~~
../../src/github/sv-tests/third_party/tests/hdlconvertor/tests/sv_test/std2017/p239.sv:7:5: error: language feature not yet supported
c = #4 1; // c will be assigned 1 at time 16
    ^~~~
../../src/github/sv-tests/third_party/tests/hdlconvertor/tests/sv_test/std2017/p239.sv:11:6: error: language feature not yet supported
d &lt;= #10 1;
     ^~~~~
../../src/github/sv-tests/third_party/tests/hdlconvertor/tests/sv_test/std2017/p239.sv:12:6: error: language feature not yet supported
e &lt;= #2 0;
     ^~~~
../../src/github/sv-tests/third_party/tests/hdlconvertor/tests/sv_test/std2017/p239.sv:13:6: error: language feature not yet supported
f &lt;= #4 1;
     ^~~~
../../src/github/sv-tests/third_party/tests/hdlconvertor/tests/sv_test/std2017/p239.sv:38:6: error: language feature not yet supported
a &lt;= #4 0;
     ^~~~
../../src/github/sv-tests/third_party/tests/hdlconvertor/tests/sv_test/std2017/p239.sv:39:6: error: language feature not yet supported
a &lt;= #4 1;
     ^~~~

</pre>
</body>