<head>
  <style>
    .log { font-family: "Courier New", Consolas, monospace; font-size: 80%; }
    .test-failed { background-color: #ffaaaa; }
    .test-passed { background-color: #aaffaa; }
  </style>
</head>
<body>
<h3><a href="https://github.com/MikePopoloski/slang" target="_blank">slang</a></h3>
<pre class="test-failed">
description: Tests imported from hdlconv
rc: 1 (means success: 0)
tags: hdlconv
incdirs: /tmpfs/src/github/sv-tests/third_party/tests/hdlconvertor/tests/sv_test/std2017
top_module: 
type: parsing
mode: parsing
files: <a href="../../../../third_party/tests/hdlconvertor/tests/sv_test/std2017/p469.sv.html" target="file-frame">third_party/tests/hdlconvertor/tests/sv_test/std2017/p469.sv</a>
defines: 
time_elapsed: 0.003s
ram usage: 9180 KB
</pre>
<pre class="log">

slang-driver --single-unit -I /tmpfs/src/github/sv-tests/third_party/tests/hdlconvertor/tests/sv_test/std2017 <a href="../../../../third_party/tests/hdlconvertor/tests/sv_test/std2017/p469.sv.html" target="file-frame">third_party/tests/hdlconvertor/tests/sv_test/std2017/p469.sv</a>
Top level design units:
    m

../../src/github/sv-tests/third_party/tests/hdlconvertor/tests/sv_test/std2017/p469.sv:3:3: error: language feature not yet supported
  default clocking @(negedge clk1); endclocking
  ^~~~~~~~~~~~~~~~~~~~~~~~~~~~~~~~~~~~~~~~~~~~~
../../src/github/sv-tests/third_party/tests/hdlconvertor/tests/sv_test/std2017/p469.sv:4:3: error: expected member
  default disable iff rst1;
  ^~~~~~~
../../src/github/sv-tests/third_party/tests/hdlconvertor/tests/sv_test/std2017/p469.sv:4:27: error: expected declarator
  default disable iff rst1;
                          ^
../../src/github/sv-tests/third_party/tests/hdlconvertor/tests/sv_test/std2017/p469.sv:6:3: error: language feature not yet supported
  property p_triggers(start_event, end_event, form, clk = $inferred_clock,
  ^~~~~~~~~~~~~~~~~~~~~~~~~~~~~~~~~~~~~~~~~~~~~~~~~~~~~~~~~~~~~~~~~~~~~~~~
../../src/github/sv-tests/third_party/tests/hdlconvertor/tests/sv_test/std2017/p469.sv:8:55: error: expected expression
    @clk disable iff (rst) (start_event ##0 end_event[-&gt;1]) |=&gt; form;
                                                      ^
../../src/github/sv-tests/third_party/tests/hdlconvertor/tests/sv_test/std2017/p469.sv:11:3: error: language feature not yet supported
  property p_multiclock(clkw, clkx = $inferred_clock, clky, w, x, y, z);
  ^~~~~~~~~~~~~~~~~~~~~~~~~~~~~~~~~~~~~~~~~~~~~~~~~~~~~~~~~~~~~~~~~~~~~~
../../src/github/sv-tests/third_party/tests/hdlconvertor/tests/sv_test/std2017/p469.sv:15:3: warning: language feature not yet supported [-Wnot-supported]
  a1: assert property (p_triggers(a, b, c));
  ^~~~~~~~~~~~~~~~~~~~~~~~~~~~~~~~~~~~~~~~~~
../../src/github/sv-tests/third_party/tests/hdlconvertor/tests/sv_test/std2017/p469.sv:17:3: warning: language feature not yet supported [-Wnot-supported]
  a2: assert property (p_triggers(a, b, c, posedge clk1, 1&#39;b0) );
  ^~~~~~~~~~~~~~~~~~~~~~~~~~~~~~~~~~~~~~~~~~~~~~~~~~~~~~~~~~~~~~~
../../src/github/sv-tests/third_party/tests/hdlconvertor/tests/sv_test/std2017/p469.sv:17:44: error: expected expression
  a2: assert property (p_triggers(a, b, c, posedge clk1, 1&#39;b0) );
                                           ^
../../src/github/sv-tests/third_party/tests/hdlconvertor/tests/sv_test/std2017/p469.sv:17:51: error: expected &#39;,&#39;
  a2: assert property (p_triggers(a, b, c, posedge clk1, 1&#39;b0) );
                                                  ^
../../src/github/sv-tests/third_party/tests/hdlconvertor/tests/sv_test/std2017/p469.sv:23:7: error: language feature not yet supported
      a3: assert property (p_triggers(a, b, c));
      ^~~~~~~~~~~~~~~~~~~~~~~~~~~~~~~~~~~~~~~~~~
../../src/github/sv-tests/third_party/tests/hdlconvertor/tests/sv_test/std2017/p469.sv:27:3: warning: language feature not yet supported [-Wnot-supported]
  a4: assert property(p_multiclock(negedge clk2, , posedge clk1,a, b, c, d) );
  ^~~~~~~~~~~~~~~~~~~~~~~~~~~~~~~~~~
../../src/github/sv-tests/third_party/tests/hdlconvertor/tests/sv_test/std2017/p469.sv:27:36: error: expected statement
  a4: assert property(p_multiclock(negedge clk2, , posedge clk1,a, b, c, d) );
                                   ^
../../src/github/sv-tests/third_party/tests/hdlconvertor/tests/sv_test/std2017/p469.sv:27:36: error: expected argument
  a4: assert property(p_multiclock(negedge clk2, , posedge clk1,a, b, c, d) );
                                   ^
../../src/github/sv-tests/third_party/tests/hdlconvertor/tests/sv_test/std2017/p469.sv:27:44: error: &#39;clk2&#39; is not a type
  a4: assert property(p_multiclock(negedge clk2, , posedge clk1,a, b, c, d) );
                                           ^~~~
../../src/github/sv-tests/third_party/tests/hdlconvertor/tests/sv_test/std2017/p469.sv:27:48: error: expected identifier
  a4: assert property(p_multiclock(negedge clk2, , posedge clk1,a, b, c, d) );
                                               ^
../../src/github/sv-tests/third_party/tests/hdlconvertor/tests/sv_test/std2017/p469.sv:27:49: error: expected identifier
  a4: assert property(p_multiclock(negedge clk2, , posedge clk1,a, b, c, d) );
                                                ^
../../src/github/sv-tests/third_party/tests/hdlconvertor/tests/sv_test/std2017/p469.sv:27:51: error: expected identifier
  a4: assert property(p_multiclock(negedge clk2, , posedge clk1,a, b, c, d) );
                                                  ^
../../src/github/sv-tests/third_party/tests/hdlconvertor/tests/sv_test/std2017/p469.sv:27:59: error: expected &#39;,&#39;
  a4: assert property(p_multiclock(negedge clk2, , posedge clk1,a, b, c, d) );
                                                          ^
../../src/github/sv-tests/third_party/tests/hdlconvertor/tests/sv_test/std2017/p469.sv:27:60: error: redefinition of &#39;clk1&#39;
  a4: assert property(p_multiclock(negedge clk2, , posedge clk1,a, b, c, d) );
                                                           ^
../../src/github/sv-tests/third_party/tests/hdlconvertor/tests/sv_test/std2017/p469.sv:1:34: note: previous definition here
module m(logic a, b, c, d, rst1, clk1, clk2);
                                 ^
../../src/github/sv-tests/third_party/tests/hdlconvertor/tests/sv_test/std2017/p469.sv:27:65: error: redefinition of &#39;a&#39;
  a4: assert property(p_multiclock(negedge clk2, , posedge clk1,a, b, c, d) );
                                                                ^
../../src/github/sv-tests/third_party/tests/hdlconvertor/tests/sv_test/std2017/p469.sv:1:16: note: previous definition here
module m(logic a, b, c, d, rst1, clk1, clk2);
               ^
../../src/github/sv-tests/third_party/tests/hdlconvertor/tests/sv_test/std2017/p469.sv:27:68: error: redefinition of &#39;b&#39;
  a4: assert property(p_multiclock(negedge clk2, , posedge clk1,a, b, c, d) );
                                                                   ^
../../src/github/sv-tests/third_party/tests/hdlconvertor/tests/sv_test/std2017/p469.sv:1:19: note: previous definition here
module m(logic a, b, c, d, rst1, clk1, clk2);
                  ^
../../src/github/sv-tests/third_party/tests/hdlconvertor/tests/sv_test/std2017/p469.sv:27:71: error: redefinition of &#39;c&#39;
  a4: assert property(p_multiclock(negedge clk2, , posedge clk1,a, b, c, d) );
                                                                      ^
../../src/github/sv-tests/third_party/tests/hdlconvertor/tests/sv_test/std2017/p469.sv:1:22: note: previous definition here
module m(logic a, b, c, d, rst1, clk1, clk2);
                     ^
fatal error: too many errors emitted, stopping now [--error-limit=]

Build failed: 20 errors, 3 warnings

</pre>
</body>