<head>
  <style>
    .log { font-family: "Courier New", Consolas, monospace; font-size: 80%; }
    .test-failed { background-color: #ffaaaa; }
    .test-passed { background-color: #aaffaa; }
  </style>
</head>
<body>
<h3><a href="https://github.com/MikePopoloski/slang" target="_blank">slang</a></h3>
<pre class="test-failed">
description: Tests imported from hdlconv
rc: 1 (means success: 0)
tags: hdlconv
incdirs: /tmpfs/src/github/sv-tests/third_party/tests/hdlconvertor/tests/sv_test/std2017
top_module: 
type: parsing
mode: parsing
files: <a href="../../../../third_party/tests/hdlconvertor/tests/sv_test/std2017/p297.sv.html" target="file-frame">third_party/tests/hdlconvertor/tests/sv_test/std2017/p297.sv</a>
defines: 
time_elapsed: 0.003s
ram usage: 9248 KB
</pre>
<pre class="log">

slang-driver --single-unit -I /tmpfs/src/github/sv-tests/third_party/tests/hdlconvertor/tests/sv_test/std2017 <a href="../../../../third_party/tests/hdlconvertor/tests/sv_test/std2017/p297.sv.html" target="file-frame">third_party/tests/hdlconvertor/tests/sv_test/std2017/p297.sv</a>
Top level design units:
    m

../../src/github/sv-tests/third_party/tests/hdlconvertor/tests/sv_test/std2017/p297.sv:7:17: error: unknown system name &#39;$past&#39;
    a1: assert(($past(a))); // Illegal: no clock can be inferred
                ^~~~~
../../src/github/sv-tests/third_party/tests/hdlconvertor/tests/sv_test/std2017/p297.sv:8:17: error: unknown system name &#39;$past&#39;
    a2: assert(($past(a,,,@(posedge clock))));
                ^~~~~
../../src/github/sv-tests/third_party/tests/hdlconvertor/tests/sv_test/std2017/p297.sv:8:43: error: expected expression
    a2: assert(($past(a,,,@(posedge clock))));
                                          ^
../../src/github/sv-tests/third_party/tests/hdlconvertor/tests/sv_test/std2017/p297.sv:9:17: error: unknown system name &#39;$sampled&#39;
    a3: assert(($sampled (a)));
                ^~~~~~~~
../../src/github/sv-tests/third_party/tests/hdlconvertor/tests/sv_test/std2017/p297.sv:11:3: warning: language feature not yet supported [-Wnot-supported]
  a4: assert property(@(posedge clock)($past(a)));
  ^~~~~~~~~~~~~~~~~~~~~~~~~~~~~~~~~~~~~~~~~~~~~~~~

Build failed: 4 errors, 1 warning

</pre>
</body>