<head>
  <style>
    .log { font-family: "Courier New", Consolas, monospace; font-size: 80%; }
    .test-failed { background-color: #ffaaaa; }
    .test-passed { background-color: #aaffaa; }
  </style>
</head>
<body>
<h3><a href="https://github.com/MikePopoloski/slang" target="_blank">slang</a></h3>
<pre class="test-failed">
description: Tests imported from hdlconv
rc: 1 (means success: 0)
tags: hdlconv
incdirs: /tmpfs/src/github/sv-tests/third_party/tests/hdlconvertor/tests/sv_test/std2017
top_module: 
type: parsing
mode: parsing
files: <a href="../../../../third_party/tests/hdlconvertor/tests/sv_test/std2017/p755.sv.html" target="file-frame">third_party/tests/hdlconvertor/tests/sv_test/std2017/p755.sv</a>
defines: 
time_elapsed: 0.002s
ram usage: 9064 KB
</pre>
<pre class="log">

slang-driver --single-unit -I /tmpfs/src/github/sv-tests/third_party/tests/hdlconvertor/tests/sv_test/std2017 <a href="../../../../third_party/tests/hdlconvertor/tests/sv_test/std2017/p755.sv.html" target="file-frame">third_party/tests/hdlconvertor/tests/sv_test/std2017/p755.sv</a>
Top level design units:
    top

../../src/github/sv-tests/third_party/tests/hdlconvertor/tests/sv_test/std2017/p755.sv:1:8: error: redefinition of &#39;m&#39;
module m (i2.master i);
       ^
../../src/github/sv-tests/third_party/tests/hdlconvertor/tests/sv_test/std2017/p755.sv:1:8: note: previous definition here
module m (i2.master i);
       ^
../../src/github/sv-tests/third_party/tests/hdlconvertor/tests/sv_test/std2017/p755.sv:1:11: error: unknown interface &#39;i2&#39;
module m (i2.master i);
          ^~
../../src/github/sv-tests/third_party/tests/hdlconvertor/tests/sv_test/std2017/p755.sv:3:8: error: redefinition of &#39;s&#39;
module s (i2.slave i);
       ^
../../src/github/sv-tests/third_party/tests/hdlconvertor/tests/sv_test/std2017/p755.sv:3:8: note: previous definition here
module s (i2.slave i);
       ^
../../src/github/sv-tests/third_party/tests/hdlconvertor/tests/sv_test/std2017/p755.sv:3:11: error: unknown interface &#39;i2&#39;
module s (i2.slave i);
          ^~
../../src/github/sv-tests/third_party/tests/hdlconvertor/tests/sv_test/std2017/p755.sv:5:8: error: redefinition of &#39;top&#39;
module top;
       ^
../../src/github/sv-tests/third_party/tests/hdlconvertor/tests/sv_test/std2017/p755.sv:5:8: note: previous definition here
module top;
       ^
../../src/github/sv-tests/third_party/tests/hdlconvertor/tests/sv_test/std2017/p755.sv:6:1: error: unknown module &#39;i2&#39;
i2 i();
^~

Build failed: 6 errors, 0 warnings

</pre>
</body>