<head>
  <style>
    .log { font-family: "Courier New", Consolas, monospace; font-size: 80%; }
    .test-failed { background-color: #ffaaaa; }
    .test-passed { background-color: #aaffaa; }
  </style>
</head>
<body>
<h3><a href="https://github.com/MikePopoloski/slang" target="_blank">slang</a></h3>
<pre class="test-failed">
description: Tests imported from hdlconv
rc: 1 (means success: 0)
tags: hdlconv
incdirs: /tmpfs/src/github/sv-tests/third_party/tests/hdlconvertor/tests/sv_test/std2017
top_module: 
type: parsing
mode: parsing
files: <a href="../../../../third_party/tests/hdlconvertor/tests/sv_test/std2017/p253.sv.html" target="file-frame">third_party/tests/hdlconvertor/tests/sv_test/std2017/p253.sv</a>
defines: 
time_elapsed: 0.003s
ram usage: 9200 KB
</pre>
<pre class="log">

slang-driver --single-unit -I /tmpfs/src/github/sv-tests/third_party/tests/hdlconvertor/tests/sv_test/std2017 <a href="../../../../third_party/tests/hdlconvertor/tests/sv_test/std2017/p253.sv.html" target="file-frame">third_party/tests/hdlconvertor/tests/sv_test/std2017/p253.sv</a>
Top level design units:
    my_dff
    overlap

../../src/github/sv-tests/third_party/tests/hdlconvertor/tests/sv_test/std2017/p253.sv:3:8: error: redefinition of &#39;overlap&#39;
module overlap(inout wire [15:0] bus16, inout wire [11:0] low12, high12);
       ^
../../src/github/sv-tests/third_party/tests/hdlconvertor/tests/sv_test/std2017/p253.sv:3:8: note: previous definition here
module overlap(inout wire [15:0] bus16, inout wire [11:0] low12, high12);
       ^
../../src/github/sv-tests/third_party/tests/hdlconvertor/tests/sv_test/std2017/p253.sv:4:1: error: expected member
alias bus16[11:0] = low12;
^~~~~
../../src/github/sv-tests/third_party/tests/hdlconvertor/tests/sv_test/std2017/p253.sv:4:18: error: expected declarator
alias bus16[11:0] = low12;
                 ^
../../src/github/sv-tests/third_party/tests/hdlconvertor/tests/sv_test/std2017/p253.sv:4:26: error: expected declarator
alias bus16[11:0] = low12;
                         ^
../../src/github/sv-tests/third_party/tests/hdlconvertor/tests/sv_test/std2017/p253.sv:5:1: error: expected member
alias bus16[15:4] = high12;
^~~~~
../../src/github/sv-tests/third_party/tests/hdlconvertor/tests/sv_test/std2017/p253.sv:5:18: error: expected declarator
alias bus16[15:4] = high12;
                 ^
../../src/github/sv-tests/third_party/tests/hdlconvertor/tests/sv_test/std2017/p253.sv:5:27: error: expected declarator
alias bus16[15:4] = high12;
                          ^
../../src/github/sv-tests/third_party/tests/hdlconvertor/tests/sv_test/std2017/p253.sv:8:1: error: expected member
alias bus16 = {high12, low12[3:0]};
^~~~~
../../src/github/sv-tests/third_party/tests/hdlconvertor/tests/sv_test/std2017/p253.sv:8:12: error: expected declarator
alias bus16 = {high12, low12[3:0]};
           ^
../../src/github/sv-tests/third_party/tests/hdlconvertor/tests/sv_test/std2017/p253.sv:9:1: error: expected member
alias high12[7:0] = low12[11:4];
^~~~~
../../src/github/sv-tests/third_party/tests/hdlconvertor/tests/sv_test/std2017/p253.sv:9:18: error: expected declarator
alias high12[7:0] = low12[11:4];
                 ^
../../src/github/sv-tests/third_party/tests/hdlconvertor/tests/sv_test/std2017/p253.sv:9:32: error: expected declarator
alias high12[7:0] = low12[11:4];
                               ^
../../src/github/sv-tests/third_party/tests/hdlconvertor/tests/sv_test/std2017/p253.sv:15:1: error: expected member
alias rst = Reset = reset = RST;
^~~~~
../../src/github/sv-tests/third_party/tests/hdlconvertor/tests/sv_test/std2017/p253.sv:15:10: error: expected declarator
alias rst = Reset = reset = RST;
         ^
../../src/github/sv-tests/third_party/tests/hdlconvertor/tests/sv_test/std2017/p253.sv:15:18: error: expected declarator
alias rst = Reset = reset = RST;
                 ^
../../src/github/sv-tests/third_party/tests/hdlconvertor/tests/sv_test/std2017/p253.sv:15:26: error: expected declarator
alias rst = Reset = reset = RST;
                         ^
../../src/github/sv-tests/third_party/tests/hdlconvertor/tests/sv_test/std2017/p253.sv:15:32: error: expected declarator
alias rst = Reset = reset = RST;
                               ^
../../src/github/sv-tests/third_party/tests/hdlconvertor/tests/sv_test/std2017/p253.sv:16:1: error: expected member
alias clk = Clk = clock = CLK;
^~~~~
../../src/github/sv-tests/third_party/tests/hdlconvertor/tests/sv_test/std2017/p253.sv:16:10: error: expected declarator
alias clk = Clk = clock = CLK;
         ^
../../src/github/sv-tests/third_party/tests/hdlconvertor/tests/sv_test/std2017/p253.sv:16:16: error: expected declarator
alias clk = Clk = clock = CLK;
               ^
fatal error: too many errors emitted, stopping now [--error-limit=]

Build failed: 20 errors, 0 warnings

</pre>
</body>