<head>
  <style>
    .log { font-family: "Courier New", Consolas, monospace; font-size: 80%; }
    .test-failed { background-color: #ffaaaa; }
    .test-passed { background-color: #aaffaa; }
  </style>
</head>
<body>
<h3><a href="https://github.com/MikePopoloski/slang" target="_blank">slang</a></h3>
<pre class="test-failed">
description: Tests imported from hdlconv
rc: 1 (means success: 0)
tags: hdlconv
incdirs: /tmpfs/src/github/sv-tests/third_party/tests/hdlconvertor/tests/sv_test/std2017
top_module: 
type: parsing
mode: parsing
files: <a href="../../../../third_party/tests/hdlconvertor/tests/sv_test/std2017/p724.sv.html" target="file-frame">third_party/tests/hdlconvertor/tests/sv_test/std2017/p724.sv</a>
defines: 
time_elapsed: 0.003s
ram usage: 8984 KB
</pre>
<pre class="log">

slang-driver --single-unit -I /tmpfs/src/github/sv-tests/third_party/tests/hdlconvertor/tests/sv_test/std2017 <a href="../../../../third_party/tests/hdlconvertor/tests/sv_test/std2017/p724.sv.html" target="file-frame">third_party/tests/hdlconvertor/tests/sv_test/std2017/p724.sv</a>
Top level design units:
    top

../../src/github/sv-tests/third_party/tests/hdlconvertor/tests/sv_test/std2017/p724.sv:6:1: warning: language feature not yet supported [-Wnot-supported]
assert #0 (a^b);
^~~~~~~~~~~~~~~~
../../src/github/sv-tests/third_party/tests/hdlconvertor/tests/sv_test/std2017/p724.sv:6:1: error: member not allowed in module declaration
assert #0 (a^b);
^~~~~~~~~~~~~~~~
../../src/github/sv-tests/third_party/tests/hdlconvertor/tests/sv_test/std2017/p724.sv:8:1: warning: language feature not yet supported [-Wnot-supported]
A1: assert #0 (a^b); // assertion can be accessed in control tasks
^~~~~~~~~~~~~~~~~~~~
../../src/github/sv-tests/third_party/tests/hdlconvertor/tests/sv_test/std2017/p724.sv:8:1: error: member not allowed in module declaration
A1: assert #0 (a^b); // assertion can be accessed in control tasks
^~~~~~~~~~~~~~~~~~~~
../../src/github/sv-tests/third_party/tests/hdlconvertor/tests/sv_test/std2017/p724.sv:26:1: error: language feature not yet supported
C1: cover property(e)
^~~~~~~~~~~~~~~~~~~~~
../../src/github/sv-tests/third_party/tests/hdlconvertor/tests/sv_test/std2017/p724.sv:38:1: error: language feature not yet supported
C2: cover property(f)
^~~~~~~~~~~~~~~~~~~~~
../../src/github/sv-tests/third_party/tests/hdlconvertor/tests/sv_test/std2017/p724.sv:47:1: error: language feature not yet supported
C3: cover property(f)
^~~~~~~~~~~~~~~~~~~~~
../../src/github/sv-tests/third_party/tests/hdlconvertor/tests/sv_test/std2017/p724.sv:54:1: warning: language feature not yet supported [-Wnot-supported]
assert property(@(posedge clk) a |-&gt; b) else // unnamed assertion
^~~~~~~~~~~~~~~~~~~~~~~~~~~~~~~~~~~~~~~~~~~~~~~~~~~~~~~~~~~~~~~~~

Build failed: 5 errors, 3 warnings

</pre>
</body>