<head>
  <style>
    .log { font-family: "Courier New", Consolas, monospace; font-size: 80%; }
    .test-failed { background-color: #ffaaaa; }
    .test-passed { background-color: #aaffaa; }
  </style>
</head>
<body>
<h3><a href="https://github.com/MikePopoloski/slang" target="_blank">slang</a></h3>
<pre class="test-failed">
description: Tests imported from hdlconv
rc: 1 (means success: 0)
tags: hdlconv
incdirs: /tmpfs/src/github/sv-tests/third_party/tests/hdlconvertor/tests/sv_test/std2017
top_module: 
type: parsing
mode: parsing
files: <a href="../../../../third_party/tests/hdlconvertor/tests/sv_test/std2017/p526.sv.html" target="file-frame">third_party/tests/hdlconvertor/tests/sv_test/std2017/p526.sv</a>
defines: 
time_elapsed: 0.003s
ram usage: 9104 KB
</pre>
<pre class="log">

slang-driver --single-unit -I /tmpfs/src/github/sv-tests/third_party/tests/hdlconvertor/tests/sv_test/std2017 <a href="../../../../third_party/tests/hdlconvertor/tests/sv_test/std2017/p526.sv.html" target="file-frame">third_party/tests/hdlconvertor/tests/sv_test/std2017/p526.sv</a>
../../src/github/sv-tests/third_party/tests/hdlconvertor/tests/sv_test/std2017/p526.sv:2:1: error: language feature not yet supported
rand int x;
^~~~
../../src/github/sv-tests/third_party/tests/hdlconvertor/tests/sv_test/std2017/p526.sv:3:1: error: language feature not yet supported
constraint a { soft x &gt; 10 ; soft x &lt; 100 ; }
^~~~~~~~~~~~~~~~~~~~~~~~~~~~~~~~~~~~~~~~~~~~~
../../src/github/sv-tests/third_party/tests/hdlconvertor/tests/sv_test/std2017/p526.sv:8:1: error: language feature not yet supported
constraint b { soft x inside {[5:9]} ; }
^~~~~~~~~~~~~~~~~~~~~~~~~~~~~~~~~~~~~~~~
../../src/github/sv-tests/third_party/tests/hdlconvertor/tests/sv_test/std2017/p526.sv:12:1: error: language feature not yet supported
rand int y;
^~~~
../../src/github/sv-tests/third_party/tests/hdlconvertor/tests/sv_test/std2017/p526.sv:13:1: error: language feature not yet supported
constraint c { soft y &gt; 10 ; }
^~~~~~~~~~~~~~~~~~~~~~~~~~~~~~
../../src/github/sv-tests/third_party/tests/hdlconvertor/tests/sv_test/std2017/p526.sv:18:1: error: language feature not yet supported
constraint d { soft y inside {[5:9]} ; }
^~~~~~~~~~~~~~~~~~~~~~~~~~~~~~~~~~~~~~~~
../../src/github/sv-tests/third_party/tests/hdlconvertor/tests/sv_test/std2017/p526.sv:19:1: error: language feature not yet supported
constraint e ;
^~~~~~~~~~~~~~
../../src/github/sv-tests/third_party/tests/hdlconvertor/tests/sv_test/std2017/p526.sv:21:1: error: language feature not yet supported
rand D1 p1;
^~~~
../../src/github/sv-tests/third_party/tests/hdlconvertor/tests/sv_test/std2017/p526.sv:22:1: error: language feature not yet supported
rand B1 p2;
^~~~
../../src/github/sv-tests/third_party/tests/hdlconvertor/tests/sv_test/std2017/p526.sv:23:1: error: language feature not yet supported
rand D1 p3;
^~~~
../../src/github/sv-tests/third_party/tests/hdlconvertor/tests/sv_test/std2017/p526.sv:24:1: error: language feature not yet supported
constraint f { soft p1.x &lt; p2.x ; }
^~~~~~~~~~~~~~~~~~~~~~~~~~~~~~~~~~~
../../src/github/sv-tests/third_party/tests/hdlconvertor/tests/sv_test/std2017/p526.sv:27:1: error: expected member
constraint D2::e { soft y &gt; 100 ; }
^~~~~~~~~~
../../src/github/sv-tests/third_party/tests/hdlconvertor/tests/sv_test/std2017/p526.sv:27:17: error: expected declarator
constraint D2::e { soft y &gt; 100 ; }
                ^
warning: no top-level modules found in design [-Wno-top]

Build failed: 13 errors, 1 warning

</pre>
</body>