<head>
  <style>
    .log { font-family: "Courier New", Consolas, monospace; font-size: 80%; }
    .test-failed { background-color: #ffaaaa; }
    .test-passed { background-color: #aaffaa; }
  </style>
</head>
<body>
<h3><a href="https://github.com/MikePopoloski/slang" target="_blank">slang</a></h3>
<pre class="test-failed">
description: Tests imported from hdlconv
rc: 1 (means success: 0)
tags: hdlconv
incdirs: /tmpfs/src/github/sv-tests/third_party/tests/hdlconvertor/tests/sv_test/std2017
top_module: 
type: parsing
mode: parsing
files: <a href="../../../../third_party/tests/hdlconvertor/tests/sv_test/std2017/p477.sv.html" target="file-frame">third_party/tests/hdlconvertor/tests/sv_test/std2017/p477.sv</a>
defines: 
time_elapsed: 0.004s
ram usage: 9076 KB
</pre>
<pre class="log">

slang-driver --single-unit -I /tmpfs/src/github/sv-tests/third_party/tests/hdlconvertor/tests/sv_test/std2017 <a href="../../../../third_party/tests/hdlconvertor/tests/sv_test/std2017/p477.sv.html" target="file-frame">third_party/tests/hdlconvertor/tests/sv_test/std2017/p477.sv</a>
Top level design units:
    examples_with_default

../../src/github/sv-tests/third_party/tests/hdlconvertor/tests/sv_test/std2017/p477.sv:2:1: error: language feature not yet supported
property q1;
^~~~~~~~~~~~
../../src/github/sv-tests/third_party/tests/hdlconvertor/tests/sv_test/std2017/p477.sv:5:1: error: language feature not yet supported
property q2;
^~~~~~~~~~~~
../../src/github/sv-tests/third_party/tests/hdlconvertor/tests/sv_test/std2017/p477.sv:8:1: error: language feature not yet supported
default clocking posedge_clk @(posedge clk);
^~~~~~~~~~~~~~~~~~~~~~~~~~~~~~~~~~~~~~~~~~~~
../../src/github/sv-tests/third_party/tests/hdlconvertor/tests/sv_test/std2017/p477.sv:19:18: error: expected expression
@(posedge clk) b[*3];
                 ^
../../src/github/sv-tests/third_party/tests/hdlconvertor/tests/sv_test/std2017/p477.sv:23:1: error: language feature not yet supported
property q5;
^~~~~~~~~~~~
../../src/github/sv-tests/third_party/tests/hdlconvertor/tests/sv_test/std2017/p477.sv:24:18: error: expected expression
@(negedge clk) b[*3] |=&gt; !b;
                 ^
../../src/github/sv-tests/third_party/tests/hdlconvertor/tests/sv_test/std2017/p477.sv:28:1: error: language feature not yet supported
a1: assert property ($fell(c) |=&gt; q1);
^~~~~~~~~~~~~~~~~~~~~~~~~~~~~~~~~~~~~~
../../src/github/sv-tests/third_party/tests/hdlconvertor/tests/sv_test/std2017/p477.sv:31:1: error: language feature not yet supported
a2: assert property (posedge_clk.q4);
^~~~~~~~~~~~~~~~~~~~~~~~~~~~~~~~~~~~~
../../src/github/sv-tests/third_party/tests/hdlconvertor/tests/sv_test/std2017/p477.sv:34:1: error: language feature not yet supported
a4: assert property (q5);
^~~~~~~~~~~~~~~~~~~~~~~~~
../../src/github/sv-tests/third_party/tests/hdlconvertor/tests/sv_test/std2017/p477.sv:38:1: error: language feature not yet supported
property q6;
^~~~~~~~~~~~
../../src/github/sv-tests/third_party/tests/hdlconvertor/tests/sv_test/std2017/p477.sv:42:1: warning: language feature not yet supported [-Wnot-supported]
a6: assert property ($fell(c) |=&gt; q6);
^~~~~~~~~~~~~~~~~~~~~~~~~~~~~~~~~~~~~~
../../src/github/sv-tests/third_party/tests/hdlconvertor/tests/sv_test/std2017/p477.sv:45:1: error: language feature not yet supported
sequence s2;
^~~~~~~~~~~~
../../src/github/sv-tests/third_party/tests/hdlconvertor/tests/sv_test/std2017/p477.sv:48:1: warning: language feature not yet supported [-Wnot-supported]
c1: cover property (s2);
^~~~~~~~~~~~~~~~~~~~~~~~
../../src/github/sv-tests/third_party/tests/hdlconvertor/tests/sv_test/std2017/p477.sv:50:1: warning: language feature not yet supported [-Wnot-supported]
c2: cover property (@(negedge clk) s2);
^~~~~~~~~~~~~~~~~~~~~~~~~~~~~~~~~~~~~~~

Build failed: 11 errors, 3 warnings

</pre>
</body>