<head>
  <style>
    .log { font-family: "Courier New", Consolas, monospace; font-size: 80%; }
    .test-failed { background-color: #ffaaaa; }
    .test-passed { background-color: #aaffaa; }
  </style>
</head>
<body>
<h3><a href="https://github.com/MikePopoloski/slang" target="_blank">slang</a></h3>
<pre class="test-failed">
description: Tests imported from hdlconv
rc: 1 (means success: 0)
tags: hdlconv
incdirs: /tmpfs/src/github/sv-tests/third_party/tests/hdlconvertor/tests/sv_test/std2017
top_module: 
type: parsing
mode: parsing
files: <a href="../../../../third_party/tests/hdlconvertor/tests/sv_test/std2017/p541.sv.html" target="file-frame">third_party/tests/hdlconvertor/tests/sv_test/std2017/p541.sv</a>
defines: 
time_elapsed: 0.003s
ram usage: 9016 KB
</pre>
<pre class="log">

slang-driver --single-unit -I /tmpfs/src/github/sv-tests/third_party/tests/hdlconvertor/tests/sv_test/std2017 <a href="../../../../third_party/tests/hdlconvertor/tests/sv_test/std2017/p541.sv.html" target="file-frame">third_party/tests/hdlconvertor/tests/sv_test/std2017/p541.sv</a>
Top level design units:
    top

../../src/github/sv-tests/third_party/tests/hdlconvertor/tests/sv_test/std2017/p541.sv:2:2: error: language feature not yet supported
	rand integer x;
	^~~~
../../src/github/sv-tests/third_party/tests/hdlconvertor/tests/sv_test/std2017/p541.sv:6:2: error: language feature not yet supported
	rand integer y;
	^~~~
../../src/github/sv-tests/third_party/tests/hdlconvertor/tests/sv_test/std2017/p541.sv:11:5: warning: initializing a static variable in a procedural context requires an explicit &#39;static&#39; keyword [-Wexplicit-static]
	C1 c1 = new();
	   ^~
../../src/github/sv-tests/third_party/tests/hdlconvertor/tests/sv_test/std2017/p541.sv:12:5: warning: initializing a static variable in a procedural context requires an explicit &#39;static&#39; keyword [-Wexplicit-static]
	C2 c2 = new();
	   ^~
../../src/github/sv-tests/third_party/tests/hdlconvertor/tests/sv_test/std2017/p541.sv:14:11: error: no member named &#39;randomize&#39; in &#39;C1&#39;
	void&#39;(c1.randomize());
	      ~~~^~~~~~~~~
../../src/github/sv-tests/third_party/tests/hdlconvertor/tests/sv_test/std2017/p541.sv:16:11: error: no member named &#39;randomize&#39; in &#39;C2&#39;
	void&#39;(c2.randomize());
	      ~~~^~~~~~~~~

Build failed: 4 errors, 2 warnings

</pre>
</body>