<head>
  <style>
    .log { font-family: "Courier New", Consolas, monospace; font-size: 80%; }
    .test-failed { background-color: #ffaaaa; }
    .test-passed { background-color: #aaffaa; }
  </style>
</head>
<body>
<h3><a href="https://github.com/MikePopoloski/slang" target="_blank">slang</a></h3>
<pre class="test-failed">
description: Tests imported from hdlconv
rc: 1 (means success: 0)
tags: hdlconv
incdirs: /tmpfs/src/github/sv-tests/third_party/tests/hdlconvertor/tests/sv_test/std2017
top_module: 
type: parsing
mode: parsing
files: <a href="../../../../third_party/tests/hdlconvertor/tests/sv_test/std2017/p779.sv.html" target="file-frame">third_party/tests/hdlconvertor/tests/sv_test/std2017/p779.sv</a>
defines: 
time_elapsed: 0.002s
ram usage: 9176 KB
</pre>
<pre class="log">

slang-driver --single-unit -I /tmpfs/src/github/sv-tests/third_party/tests/hdlconvertor/tests/sv_test/std2017 <a href="../../../../third_party/tests/hdlconvertor/tests/sv_test/std2017/p779.sv.html" target="file-frame">third_party/tests/hdlconvertor/tests/sv_test/std2017/p779.sv</a>
Top level design units:
    top

../../src/github/sv-tests/third_party/tests/hdlconvertor/tests/sv_test/std2017/p779.sv:4:8: error: redefinition of &#39;top&#39;
module top;
       ^
../../src/github/sv-tests/third_party/tests/hdlconvertor/tests/sv_test/std2017/p779.sv:4:8: note: previous definition here
module top;
       ^
../../src/github/sv-tests/third_party/tests/hdlconvertor/tests/sv_test/std2017/p779.sv:7:9: error: import of &#39;x&#39; collides with an existing declaration
initial x = 1;
        ^
../../src/github/sv-tests/third_party/tests/hdlconvertor/tests/sv_test/std2017/p779.sv:11:5: note: declared here
int x;
    ^
../../src/github/sv-tests/third_party/tests/hdlconvertor/tests/sv_test/std2017/p779.sv:5:11: note: imported from here
import p::*;
          ^
../../src/github/sv-tests/third_party/tests/hdlconvertor/tests/sv_test/std2017/p779.sv:2:5: note: declared here
int x;
    ^
../../src/github/sv-tests/third_party/tests/hdlconvertor/tests/sv_test/std2017/p779.sv:14:9: error: redefinition of &#39;p&#39;
package p;
        ^
../../src/github/sv-tests/third_party/tests/hdlconvertor/tests/sv_test/std2017/p779.sv:1:9: note: previous definition here
package p;
        ^
../../src/github/sv-tests/third_party/tests/hdlconvertor/tests/sv_test/std2017/p779.sv:28:9: error: redefinition of &#39;p&#39;
package p;
        ^
../../src/github/sv-tests/third_party/tests/hdlconvertor/tests/sv_test/std2017/p779.sv:1:9: note: previous definition here
package p;
        ^

Build failed: 4 errors, 0 warnings

</pre>
</body>