<head>
  <style>
    .log { font-family: "Courier New", Consolas, monospace; font-size: 80%; }
    .test-failed { background-color: #ffaaaa; }
    .test-passed { background-color: #aaffaa; }
  </style>
</head>
<body>
<h3><a href="https://github.com/MikePopoloski/slang" target="_blank">slang</a></h3>
<pre class="test-failed">
description: Tests imported from hdlconv
rc: 1 (means success: 0)
tags: hdlconv
incdirs: /tmpfs/src/github/sv-tests/third_party/tests/hdlconvertor/tests/sv_test/std2017
top_module: 
type: parsing
mode: parsing
files: <a href="../../../../third_party/tests/hdlconvertor/tests/sv_test/std2017/p759.sv.html" target="file-frame">third_party/tests/hdlconvertor/tests/sv_test/std2017/p759.sv</a>
defines: 
time_elapsed: 0.003s
ram usage: 8912 KB
</pre>
<pre class="log">

slang-driver --single-unit -I /tmpfs/src/github/sv-tests/third_party/tests/hdlconvertor/tests/sv_test/std2017 <a href="../../../../third_party/tests/hdlconvertor/tests/sv_test/std2017/p759.sv.html" target="file-frame">third_party/tests/hdlconvertor/tests/sv_test/std2017/p759.sv</a>
Top level design units:
    top

../../src/github/sv-tests/third_party/tests/hdlconvertor/tests/sv_test/std2017/p759.sv:4:1: error: language feature not yet supported
clocking sb @(posedge clk);
^~~~~~~~~~~~~~~~~~~~~~~~~~~
../../src/github/sv-tests/third_party/tests/hdlconvertor/tests/sv_test/std2017/p759.sv:33:1: warning: language feature not yet supported [-Wnot-supported]
assert property (b1.sb.p1);
^~~~~~~~~~~~~~~~~~~~~~~~~~~
../../src/github/sv-tests/third_party/tests/hdlconvertor/tests/sv_test/std2017/p759.sv:36:3: error: could not resolve hierarchical path name &#39;sb&#39;
b1.sb.req &lt;= 1;
  ^~~
../../src/github/sv-tests/third_party/tests/hdlconvertor/tests/sv_test/std2017/p759.sv:37:1: error: language feature not yet supported
wait( b1.sb.gnt == 1 );
^~~~~~~~~~~~~~~~~~~~~~~
../../src/github/sv-tests/third_party/tests/hdlconvertor/tests/sv_test/std2017/p759.sv:38:3: error: could not resolve hierarchical path name &#39;sb&#39;
b1.sb.req &lt;= 0;
  ^~~
../../src/github/sv-tests/third_party/tests/hdlconvertor/tests/sv_test/std2017/p759.sv:39:3: error: could not resolve hierarchical path name &#39;sb&#39;
b2.sb.req &lt;= 1;
  ^~~
../../src/github/sv-tests/third_party/tests/hdlconvertor/tests/sv_test/std2017/p759.sv:40:1: error: language feature not yet supported
wait( b2.sb.gnt == 1 );
^~~~~~~~~~~~~~~~~~~~~~~
../../src/github/sv-tests/third_party/tests/hdlconvertor/tests/sv_test/std2017/p759.sv:41:3: error: could not resolve hierarchical path name &#39;sb&#39;
b2.sb.req &lt;= 0;
  ^~~

Build failed: 7 errors, 1 warning

</pre>
</body>