<head>
  <style>
    .log { font-family: "Courier New", Consolas, monospace; font-size: 80%; }
    .test-failed { background-color: #ffaaaa; }
    .test-passed { background-color: #aaffaa; }
  </style>
</head>
<body>
<h3><a href="https://github.com/MikePopoloski/slang" target="_blank">slang</a></h3>
<pre class="test-failed">
description: Tests imported from hdlconv
rc: 1 (means success: 0)
tags: hdlconv
incdirs: /tmpfs/src/github/sv-tests/third_party/tests/hdlconvertor/tests/sv_test/std2017
top_module: 
type: parsing
mode: parsing
files: <a href="../../../../third_party/tests/hdlconvertor/tests/sv_test/std2017/p573.sv.html" target="file-frame">third_party/tests/hdlconvertor/tests/sv_test/std2017/p573.sv</a>
defines: 
time_elapsed: 0.003s
ram usage: 9272 KB
</pre>
<pre class="log">

slang-driver --single-unit -I /tmpfs/src/github/sv-tests/third_party/tests/hdlconvertor/tests/sv_test/std2017 <a href="../../../../third_party/tests/hdlconvertor/tests/sv_test/std2017/p573.sv.html" target="file-frame">third_party/tests/hdlconvertor/tests/sv_test/std2017/p573.sv</a>
Top level design units:
    top

../../src/github/sv-tests/third_party/tests/hdlconvertor/tests/sv_test/std2017/p573.sv:3:2: error: language feature not yet supported
	covergroup cg @(posedge clk);
	^~~~~~~~~~~~~~~~~~~~~~~~~~~~~
../../src/github/sv-tests/third_party/tests/hdlconvertor/tests/sv_test/std2017/p573.sv:18:5: error: expected &#39;coverpoint&#39;
	c : cross a, b
	   ^
../../src/github/sv-tests/third_party/tests/hdlconvertor/tests/sv_test/std2017/p573.sv:18:13: error: expected &#39;:&#39;
	c : cross a, b
	           ^
../../src/github/sv-tests/third_party/tests/hdlconvertor/tests/sv_test/std2017/p573.sv:18:16: error: expected &#39;:&#39;
	c : cross a, b
	              ^
../../src/github/sv-tests/third_party/tests/hdlconvertor/tests/sv_test/std2017/p573.sv:20:3: error: expected expression
		bins c1 = ! binsof(a) intersect {[100:200]};// 4 cross products
		^
../../src/github/sv-tests/third_party/tests/hdlconvertor/tests/sv_test/std2017/p573.sv:20:10: error: expected &#39;:&#39;
		bins c1 = ! binsof(a) intersect {[100:200]};// 4 cross products
		       ^
../../src/github/sv-tests/third_party/tests/hdlconvertor/tests/sv_test/std2017/p573.sv:20:15: error: expected expression
		bins c1 = ! binsof(a) intersect {[100:200]};// 4 cross products
		            ^
../../src/github/sv-tests/third_party/tests/hdlconvertor/tests/sv_test/std2017/p573.sv:21:10: error: expected &#39;:&#39;
		bins c2 = binsof(a.a2) || binsof(b.b2);// 7 cross products
		       ^
../../src/github/sv-tests/third_party/tests/hdlconvertor/tests/sv_test/std2017/p573.sv:21:13: error: expected expression
		bins c2 = binsof(a.a2) || binsof(b.b2);// 7 cross products
		          ^
../../src/github/sv-tests/third_party/tests/hdlconvertor/tests/sv_test/std2017/p573.sv:22:10: error: expected &#39;:&#39;
		bins c3 = binsof(a.a1) &amp;&amp; binsof(b.b4);// 1 cross product
		       ^
../../src/github/sv-tests/third_party/tests/hdlconvertor/tests/sv_test/std2017/p573.sv:22:13: error: expected expression
		bins c3 = binsof(a.a1) &amp;&amp; binsof(b.b4);// 1 cross product
		          ^

Build failed: 11 errors, 0 warnings

</pre>
</body>