<head>
  <style>
    .log { font-family: "Courier New", Consolas, monospace; font-size: 80%; }
    .test-failed { background-color: #ffaaaa; }
    .test-passed { background-color: #aaffaa; }
  </style>
</head>
<body>
<h3><a href="https://github.com/MikePopoloski/slang" target="_blank">slang</a></h3>
<pre class="test-failed">
description: Tests imported from hdlconv
should_fail: 0
tags: hdlconv
incdirs: /tmpfs/src/github/sv-tests/third_party/tests/hdlconvertor/tests/sv_test/std2017
top_module: 
type: parsing
mode: parsing
files: <a href="../../../../third_party/tests/hdlconvertor/tests/sv_test/std2017/p560.sv.html" target="file-frame">third_party/tests/hdlconvertor/tests/sv_test/std2017/p560.sv</a>
time_elapsed: 0.000s
ram usage: 9628 KB
</pre>
<pre class="log">

../../src/github/sv-tests/third_party/tests/hdlconvertor/tests/sv_test/std2017/p560.sv:1:1: error: language feature not yet supported
covergroup cg ( ref int x , ref int y, input int c);
^~~~~~~~~~~~~~~~~~~~~~~~~~~~~~~~~~~~~~~~~~~~~~~~~~~~
../../src/github/sv-tests/third_party/tests/hdlconvertor/tests/sv_test/std2017/p560.sv:12:3: error: expected member
  cross x, y {
  ^~~~~
../../src/github/sv-tests/third_party/tests/hdlconvertor/tests/sv_test/std2017/p560.sv:12:10: error: expected expression
  cross x, y {
         ^
../../src/github/sv-tests/third_party/tests/hdlconvertor/tests/sv_test/std2017/p560.sv:12:10: error: expected &#39;:&#39;
  cross x, y {
         ^
../../src/github/sv-tests/third_party/tests/hdlconvertor/tests/sv_test/std2017/p560.sv:12:10: error: expected &#39;;&#39;
  cross x, y {
         ^
../../src/github/sv-tests/third_party/tests/hdlconvertor/tests/sv_test/std2017/p560.sv:12:10: error: expected member
  cross x, y {
         ^
../../src/github/sv-tests/third_party/tests/hdlconvertor/tests/sv_test/std2017/p560.sv:12:13: error: expected &#39;:&#39;
  cross x, y {
            ^
../../src/github/sv-tests/third_party/tests/hdlconvertor/tests/sv_test/std2017/p560.sv:13:22: error: expected &#39;,&#39;
    option.weight = c;
                     ^
../../src/github/sv-tests/third_party/tests/hdlconvertor/tests/sv_test/std2017/p560.sv:14:3: error: expected member
  }
  ^
../../src/github/sv-tests/third_party/tests/hdlconvertor/tests/sv_test/std2017/p560.sv:18:1: error: language feature not yet supported
covergroup g4;
^~~~~~~~~~~~~~

</pre>
</body>