<head>
  <style>
    .log { font-family: "Courier New", Consolas, monospace; font-size: 80%; }
    .test-failed { background-color: #ffaaaa; }
    .test-passed { background-color: #aaffaa; }
  </style>
</head>
<body>
<h3><a href="https://github.com/tree-sitter/tree-sitter-verilog" target="_blank">tree-sitter-verilog</a></h3>
<pre class="test-failed">
description: Test support of arrays as arugments to subroutines
rc: 1 (means success: 0)
tags: 7.7 7.4.2
incdirs: /tmpfs/src/github/sv-tests/tests/chapter-7/arrays/unpacked
top_module: 
type: simulation parsing
mode: parsing
files: <a href="../../../../../tests/chapter-7/arrays/unpacked/subroutines.sv.html" target="file-frame">tests/chapter-7/arrays/unpacked/subroutines.sv</a>
defines: 
time_elapsed: 0.090s
ram usage: 22192 KB
</pre>
<pre class="log">

<a href="../../../../../tests/chapter-7/arrays/unpacked/subroutines.sv.html#l-9" target="file-frame">tests/chapter-7/arrays/unpacked/subroutines.sv:9</a>:1: error: node type: ERROR
<a href="../../../../../tests/chapter-7/arrays/unpacked/subroutines.sv.html#l-9" target="file-frame">tests/chapter-7/arrays/unpacked/subroutines.sv:9</a>:18: error: node type: ERROR
<a href="../../../../../tests/chapter-7/arrays/unpacked/subroutines.sv.html#l-9" target="file-frame">tests/chapter-7/arrays/unpacked/subroutines.sv:9</a>:22: error: node type: ERROR
<a href="../../../../../tests/chapter-7/arrays/unpacked/subroutines.sv.html#l-9" target="file-frame">tests/chapter-7/arrays/unpacked/subroutines.sv:9</a>:31: error: node type: ERROR
<a href="../../../../../tests/chapter-7/arrays/unpacked/subroutines.sv.html#l-9" target="file-frame">tests/chapter-7/arrays/unpacked/subroutines.sv:9</a>:43: error: node type: ERROR
<a href="../../../../../tests/chapter-7/arrays/unpacked/subroutines.sv.html#l-18" target="file-frame">tests/chapter-7/arrays/unpacked/subroutines.sv:18</a>:22: error: node type: ERROR
<a href="../../../../../tests/chapter-7/arrays/unpacked/subroutines.sv.html#l-18" target="file-frame">tests/chapter-7/arrays/unpacked/subroutines.sv:18</a>:31: error: node type: ERROR
<a href="../../../../../tests/chapter-7/arrays/unpacked/subroutines.sv.html#l-18" target="file-frame">tests/chapter-7/arrays/unpacked/subroutines.sv:18</a>:50: error: node type: ERROR

</pre>
</body>