<head>
  <style>
    .log { font-family: "Courier New", Consolas, monospace; font-size: 80%; }
    .test-failed { background-color: #ffaaaa; }
    .test-passed { background-color: #aaffaa; }
  </style>
</head>
<body>
<h3><a href="http://iverilog.icarus.com/" target="_blank">icarus</a></h3>
<pre class="test-failed">
description: Test passing associative array as arugments support
rc: 5 (means success: 0)
tags: 7.9.10 7.8
incdirs: /tmpfs/src/github/sv-tests/tests/chapter-7/arrays/associative
top_module: 
type: simulation parsing
mode: parsing
files: <a href="../../../../../tests/chapter-7/arrays/associative/arguments.sv.html" target="file-frame">tests/chapter-7/arrays/associative/arguments.sv</a>
defines: 
time_elapsed: 0.007s
ram usage: 9172 KB
</pre>
<pre class="log">

iverilog -g2012 -o iverilog.out -I/tmpfs/src/github/sv-tests/tests/chapter-7/arrays/associative <a href="../../../../../tests/chapter-7/arrays/associative/arguments.sv.html" target="file-frame">tests/chapter-7/arrays/associative/arguments.sv</a>
<a href="../../../../../tests/chapter-7/arrays/associative/arguments.sv.html#l-9" target="file-frame">tests/chapter-7/arrays/associative/arguments.sv:9</a>: syntax error
<a href="../../../../../tests/chapter-7/arrays/associative/arguments.sv.html#l-9" target="file-frame">tests/chapter-7/arrays/associative/arguments.sv:9</a>: error: invalid module item.
<a href="../../../../../tests/chapter-7/arrays/associative/arguments.sv.html#l-11" target="file-frame">tests/chapter-7/arrays/associative/arguments.sv:11</a>: syntax error
<a href="../../../../../tests/chapter-7/arrays/associative/arguments.sv.html#l-11" target="file-frame">tests/chapter-7/arrays/associative/arguments.sv:11</a>: error: Error in task/function port item after port name arrayb.
<a href="../../../../../tests/chapter-7/arrays/associative/arguments.sv.html#l-11" target="file-frame">tests/chapter-7/arrays/associative/arguments.sv:11</a>: syntax error

</pre>
</body>