<head>
  <style>
    .log { font-family: "Courier New", Consolas, monospace; font-size: 80%; }
    .test-failed { background-color: #ffaaaa; }
    .test-passed { background-color: #aaffaa; }
  </style>
</head>
<body>
<h3><a href="https://verilogtorouting.org/" target="_blank">odin</a></h3>
<pre class="test-failed">
description: Test imported from ivtest
rc: -6 (means success: 0)
should_fail: 0
tags: ivtest
incdirs: /tmpfs/src/github/sv-tests/third_party/tests/ivtest /tmpfs/src/github/sv-tests/third_party/tests/ivtest/ivltests
top_module: 
type: parsing
mode: parsing
files: <a href="../../../../third_party/tests/ivtest/ivltests/array_packed_write_read.v.html" target="file-frame">third_party/tests/ivtest/ivltests/array_packed_write_read.v</a>
time_elapsed: 0.008s
ram usage: 9644 KB
</pre>
<pre class="log">

odin_II --permissive -o odin.blif -V <a href="../../../../third_party/tests/ivtest/ivltests/array_packed_write_read.v.html" target="file-frame">third_party/tests/ivtest/ivltests/array_packed_write_read.v</a>
--------------------------------------------------------------------
Welcome to ODIN II version 0.1 - the better High level synthesis tools++ targetting FPGAs (mainly VPR)
Email: jamieson.peter@gmail.com and ken@unb.ca for support issues

Warning::PARSE_ARGS Permissive flag is ON. Undefined behaviour may occur

Using Lut input width of: -1
Verilog: array_packed_write_read.v
--------------------------------------------------------------------
High-level synthesis Begin
Parser starting - we&#39;ll create an abstract syntax tree. Note this tree can be viewed using Grap Viz (see documentation)
Adding file <a href="../../../../third_party/tests/ivtest/ivltests/array_packed_write_read.v.html" target="file-frame">third_party/tests/ivtest/ivltests/array_packed_write_read.v</a> to parse list
Warning::PARSE_TO_AST array_packed_write_read.v::16 error in parsing: (syntax error, unexpected &#39;[&#39;, expecting vSYMBOL_ID or &#39;#&#39;)
   logic        [WA-1:0] [WB-1:0] abg0, abg1, abg2, abg3, abg4, abg5, abg6, abg7, abg8, abg9;  // big    endian array
Warning::PARSE_TO_AST array_packed_write_read.v::22 error in parsing: (syntax error, unexpected &#39;=&#39;, expecting &#39;(&#39;)
   bit err = 0;
Warning::PARSE_TO_AST array_packed_write_read.v::32 error in parsing: (syntax error, unexpected &#39;:&#39;)
      abg6 = {WA*WB{1&#39;bx}};  abg6 [       0   ][WB/2-1:0   ] = {1   *WB/2+0{1&#39;b1}};
Warning::PARSE_TO_AST array_packed_write_read.v::37 error in parsing: (syntax error, unexpected &#39;=&#39;, expecting vSYMBOL_ID or &#39;#&#39;)
      if (abg0 !== 16&#39;bxxxx_xxxx_xxxx_xxxx) begin $display(&#34;FAILED -- L=R -- abg0 = &#39;b%b&#34;, abg0); err=1; end
Warning::PARSE_TO_AST array_packed_write_read.v::60 error in parsing: (syntax error, unexpected &#39;=&#39;, expecting vSYMBOL_ID or &#39;#&#39;)
      if (abg0 !== 16&#39;bxxxx_xxxx_xxxx_xxxx) begin $display(&#34;FAILED -- L&lt;R -- abg0 = &#39;b%b&#34;, abg0); err=1; end
Warning::PARSE_TO_AST array_packed_write_read.v::83 error in parsing: (syntax error, unexpected &#39;=&#39;, expecting vSYMBOL_ID or &#39;#&#39;)
      if (abg0 !== 16&#39;bxxxx_xxxx_xxxx_xxxx) begin $display(&#34;FAILED -- L&gt;R -- abg0 = &#39;b%b&#34;, abg0); err=1; end
Warning::PARSE_TO_AST array_packed_write_read.v::106 error in parsing: (syntax error, unexpected &#39;=&#39;, expecting vSYMBOL_ID or &#39;#&#39;)
      if (alt0 !== 16&#39;bxxxx_xxxx_xxxx_xxxx) begin $display(&#34;FAILED -- L=R -- alt0 = &#39;b%b&#34;, alt0); err=1; end
Warning::PARSE_TO_AST array_packed_write_read.v::129 error in parsing: (syntax error, unexpected &#39;=&#39;, expecting vSYMBOL_ID or &#39;#&#39;)
      if (alt0 !== 16&#39;bxxxx_xxxx_xxxx_xxxx) begin $display(&#34;FAILED -- L&lt;R -- alt0 = &#39;b%b&#34;, alt0); err=1; end
Warning::PARSE_TO_AST array_packed_write_read.v::152 error in parsing: (syntax error, unexpected &#39;=&#39;, expecting vSYMBOL_ID or &#39;#&#39;)
      if (alt0 !== 16&#39;bxxxx_xxxx_xxxx_xxxx) begin $display(&#34;FAILED -- L&gt;R -- alt0 = &#39;b%b&#34;, alt0); err=1; end
Warning::PARSE_TO_AST array_packed_write_read.v::185 error in parsing: (syntax error, unexpected &#39;=&#39;, expecting vSYMBOL_ID or &#39;#&#39;)
      if (a1d1 !== 17&#39;bx_1111_1111_1111_1111) begin $display(&#34;FAILED -- L=R BE -- a1d1 = &#39;b%b&#34;, a1d1); err=1; end
Warning::PARSE_TO_AST array_packed_write_read.v::206 error in parsing: (syntax error, unexpected &#39;=&#39;, expecting vSYMBOL_ID or &#39;#&#39;)
      if (a1d1 !== 17&#39;b0_1111_1111_1111_1111) begin $display(&#34;FAILED -- L&gt;R BE -- a1d1 = &#39;b%b&#34;, a1d1); err=1; end
Warning::PARSE_TO_AST array_packed_write_read.v::227 error in parsing: (syntax error, unexpected &#39;=&#39;, expecting vSYMBOL_ID or &#39;#&#39;)
      if (a1d1 !== 17&#39;bx_x111_1111_1111_1111) begin $display(&#34;FAILED -- L&lt;R BE -- a1d1 = &#39;b%b&#34;, a1d1); err=1; end
Warning::PARSE_TO_AST array_packed_write_read.v::259 error in parsing: (syntax error, unexpected &#39;=&#39;, expecting vSYMBOL_ID or &#39;#&#39;)
      if (a1d1 !== 17&#39;bx_1111_1111_1111_1111) begin $display(&#34;FAILED -- L=R LE -- a1d1 = &#39;b%b&#34;, a1d1); err=1; end
Warning::PARSE_TO_AST array_packed_write_read.v::280 error in parsing: (syntax error, unexpected &#39;=&#39;, expecting vSYMBOL_ID or &#39;#&#39;)
      if (a1d1 !== 17&#39;b0_1111_1111_1111_1111) begin $display(&#34;FAILED -- L&gt;R LE -- a1d1 = &#39;b%b&#34;, a1d1); err=1; end
Warning::PARSE_TO_AST array_packed_write_read.v::301 error in parsing: (syntax error, unexpected &#39;=&#39;, expecting vSYMBOL_ID or &#39;#&#39;)
      if (a1d1 !== 17&#39;bx_x111_1111_1111_1111) begin $display(&#34;FAILED -- L&lt;R LE -- a1d1 = &#39;b%b&#34;, a1d1); err=1; end
Error::PARSE_TO_AST Parser found (15) errors in your syntax, exiting
Assertion failed()@[/tmp/really-really-really-really-really-really-really-really-really-really-really-really-really-long-path/conda/conda-bld/odin_ii_1589474561519/work/ODIN_II/SRC/odin_error.cpp]verify_delayed_error::27 

</pre>
</body>