<head>
  <style>
    .log { font-family: "Courier New", Consolas, monospace; font-size: 80%; }
    .test-failed { background-color: #ffaaaa; }
    .test-passed { background-color: #aaffaa; }
  </style>
</head>
<body>
<h3><a href="https://github.com/MikePopoloski/slang" target="_blank">slang</a></h3>
<pre class="test-failed">
description: uvm_driver class test
rc: 1 (means success: 0)
tags: uvm uvm-classes
incdirs: /tmpfs/src/github/sv-tests/third_party/tests/uvm/src /tmpfs/src/github/sv-tests/tests/generated/uvm_classes_1
top_module: 
type: simulation parsing
mode: parsing
files: <a href="../../../../third_party/tests/uvm/src/uvm_pkg.sv.html" target="file-frame">third_party/tests/uvm/src/uvm_pkg.sv</a> <a href="../../../../tests/generated/uvm_classes_1/uvm_driver_class_1.sv.html" target="file-frame">tests/generated/uvm_classes_1/uvm_driver_class_1.sv</a>
defines: 
time_elapsed: 0.169s
ram usage: 43500 KB
</pre>
<pre class="log">

slang-driver --single-unit -I /tmpfs/src/github/sv-tests/third_party/tests/uvm/src -I /tmpfs/src/github/sv-tests/tests/generated/uvm_classes_1 <a href="../../../../third_party/tests/uvm/src/uvm_pkg.sv.html" target="file-frame">third_party/tests/uvm/src/uvm_pkg.sv</a> <a href="../../../../tests/generated/uvm_classes_1/uvm_driver_class_1.sv.html" target="file-frame">tests/generated/uvm_classes_1/uvm_driver_class_1.sv</a>
Top level design units:
    top

../../src/github/sv-tests/tests/generated/uvm_classes_1/uvm_driver_class_1.sv:29:5: error: invalid property qualifier &#39;virtual&#39;
    virtual output_if out_vif;
    ^~~~~~~
../../src/github/sv-tests/tests/generated/uvm_classes_1/uvm_driver_class_1.sv:30:5: error: invalid property qualifier &#39;virtual&#39;
    virtual input_if in_vif;
    ^~~~~~~
in file included from ../../src/github/sv-tests/third_party/tests/uvm/src/uvm_pkg.sv:30:
in file included from ../../src/github/sv-tests/third_party/tests/uvm/src/dpi/uvm_dpi.svh:40:
../../src/github/sv-tests/third_party/tests/uvm/src/dpi/uvm_hdl.svh:66:3: error: language feature not yet supported
  import &#34;DPI-C&#34; context function int uvm_hdl_check_path(string path);
  ^~~~~~~~~~~~~~~~~~~~~~~~~~~~~~~~~~~~~~~~~~~~~~~~~~~~~~~~~~~~~~~~~~~~
../../src/github/sv-tests/third_party/tests/uvm/src/dpi/uvm_hdl.svh:74:3: error: language feature not yet supported
  import &#34;DPI-C&#34; context function int uvm_hdl_deposit(string path, uvm_hdl_data_t value);
  ^~~~~~~~~~~~~~~~~~~~~~~~~~~~~~~~~~~~~~~~~~~~~~~~~~~~~~~~~~~~~~~~~~~~~~~~~~~~~~~~~~~~~~~
../../src/github/sv-tests/third_party/tests/uvm/src/dpi/uvm_hdl.svh:81:3: error: language feature not yet supported
  import &#34;DPI-C&#34; context function int uvm_hdl_force(string path, uvm_hdl_data_t value);
  ^~~~~~~~~~~~~~~~~~~~~~~~~~~~~~~~~~~~~~~~~~~~~~~~~~~~~~~~~~~~~~~~~~~~~~~~~~~~~~~~~~~~~
../../src/github/sv-tests/third_party/tests/uvm/src/dpi/uvm_hdl.svh:112:3: error: language feature not yet supported
  import &#34;DPI-C&#34; context function int uvm_hdl_release_and_read(string path, inout uvm_hdl_data_t value);
  ^~~~~~~~~~~~~~~~~~~~~~~~~~~~~~~~~~~~~~~~~~~~~~~~~~~~~~~~~~~~~~~~~~~~~~~~~~~~~~~~~~~~~~~~~~~~~~~~~~~~~~
../../src/github/sv-tests/third_party/tests/uvm/src/dpi/uvm_hdl.svh:120:3: error: language feature not yet supported
  import &#34;DPI-C&#34; context function int uvm_hdl_release(string path);
  ^~~~~~~~~~~~~~~~~~~~~~~~~~~~~~~~~~~~~~~~~~~~~~~~~~~~~~~~~~~~~~~~~
../../src/github/sv-tests/third_party/tests/uvm/src/dpi/uvm_hdl.svh:128:3: error: language feature not yet supported
  import &#34;DPI-C&#34; context function int uvm_hdl_read(string path, output uvm_hdl_data_t value);
  ^~~~~~~~~~~~~~~~~~~~~~~~~~~~~~~~~~~~~~~~~~~~~~~~~~~~~~~~~~~~~~~~~~~~~~~~~~~~~~~~~~~~~~~~~~~
in file included from ../../src/github/sv-tests/third_party/tests/uvm/src/uvm_pkg.sv:30:
in file included from ../../src/github/sv-tests/third_party/tests/uvm/src/dpi/uvm_dpi.svh:41:
../../src/github/sv-tests/third_party/tests/uvm/src/dpi/uvm_svcmd_dpi.svh:27:1: error: language feature not yet supported
import &#34;DPI-C&#34; function string uvm_dpi_get_next_arg_c (int init);
^~~~~~~~~~~~~~~~~~~~~~~~~~~~~~~~~~~~~~~~~~~~~~~~~~~~~~~~~~~~~~~~~
../../src/github/sv-tests/third_party/tests/uvm/src/dpi/uvm_svcmd_dpi.svh:28:1: error: language feature not yet supported
import &#34;DPI-C&#34; function string uvm_dpi_get_tool_name_c ();
^~~~~~~~~~~~~~~~~~~~~~~~~~~~~~~~~~~~~~~~~~~~~~~~~~~~~~~~~~
../../src/github/sv-tests/third_party/tests/uvm/src/dpi/uvm_svcmd_dpi.svh:29:1: error: language feature not yet supported
import &#34;DPI-C&#34; function string uvm_dpi_get_tool_version_c ();
^~~~~~~~~~~~~~~~~~~~~~~~~~~~~~~~~~~~~~~~~~~~~~~~~~~~~~~~~~~~~
../../src/github/sv-tests/third_party/tests/uvm/src/dpi/uvm_svcmd_dpi.svh:43:1: error: language feature not yet supported
import &#34;DPI-C&#34; function chandle uvm_dpi_regcomp(string regex);
^~~~~~~~~~~~~~~~~~~~~~~~~~~~~~~~~~~~~~~~~~~~~~~~~~~~~~~~~~~~~~
../../src/github/sv-tests/third_party/tests/uvm/src/dpi/uvm_svcmd_dpi.svh:44:1: error: language feature not yet supported
import &#34;DPI-C&#34; function int uvm_dpi_regexec(chandle preg, string str);
^~~~~~~~~~~~~~~~~~~~~~~~~~~~~~~~~~~~~~~~~~~~~~~~~~~~~~~~~~~~~~~~~~~~~~
../../src/github/sv-tests/third_party/tests/uvm/src/dpi/uvm_svcmd_dpi.svh:45:1: error: language feature not yet supported
import &#34;DPI-C&#34; function void uvm_dpi_regfree(chandle preg);
^~~~~~~~~~~~~~~~~~~~~~~~~~~~~~~~~~~~~~~~~~~~~~~~~~~~~~~~~~~
in file included from ../../src/github/sv-tests/third_party/tests/uvm/src/uvm_pkg.sv:30:
in file included from ../../src/github/sv-tests/third_party/tests/uvm/src/dpi/uvm_dpi.svh:42:
../../src/github/sv-tests/third_party/tests/uvm/src/dpi/uvm_regex.svh:24:1: error: language feature not yet supported
import &#34;DPI-C&#34; context function int uvm_re_match(string re, string str);
^~~~~~~~~~~~~~~~~~~~~~~~~~~~~~~~~~~~~~~~~~~~~~~~~~~~~~~~~~~~~~~~~~~~~~~~
../../src/github/sv-tests/third_party/tests/uvm/src/dpi/uvm_regex.svh:25:1: error: language feature not yet supported
import &#34;DPI-C&#34; context function string uvm_glob_to_re(string glob);
^~~~~~~~~~~~~~~~~~~~~~~~~~~~~~~~~~~~~~~~~~~~~~~~~~~~~~~~~~~~~~~~~~~
in file included from ../../src/github/sv-tests/third_party/tests/uvm/src/uvm_pkg.sv:31:
in file included from ../../src/github/sv-tests/third_party/tests/uvm/src/base/uvm_base.svh:39:
../../src/github/sv-tests/third_party/tests/uvm/src/base/uvm_misc.svh:45:1: error: language feature not yet supported
virtual class uvm_void;
^~~~~~~
in file included from ../../src/github/sv-tests/third_party/tests/uvm/src/uvm_pkg.sv:31:
in file included from ../../src/github/sv-tests/third_party/tests/uvm/src/base/uvm_base.svh:41:
../../src/github/sv-tests/third_party/tests/uvm/src/base/uvm_coreservice.svh:62:1: error: language feature not yet supported
virtual class uvm_coreservice_t;
^~~~~~~
../../src/github/sv-tests/third_party/tests/uvm/src/base/uvm_coreservice.svh:194:7: error: redefinition of &#39;uvm_default_coreservice_t&#39; as different kind of symbol
class uvm_default_coreservice_t extends uvm_coreservice_t;
      ^
../../src/github/sv-tests/third_party/tests/uvm/src/base/uvm_coreservice.svh:49:15: note: previous definition here
typedef class uvm_default_coreservice_t;
              ^
in file included from ../../src/github/sv-tests/third_party/tests/uvm/src/uvm_pkg.sv:31:
in file included from ../../src/github/sv-tests/third_party/tests/uvm/src/base/uvm_base.svh:42:
../../src/github/sv-tests/third_party/tests/uvm/src/base/uvm_globals.svh:113:1: error: language feature not yet supported
export &#34;DPI-C&#34; function m__uvm_report_dpi;
^~~~~~~~~~~~~~~~~~~~~~~~~~~~~~~~~~~~~~~~~~
fatal error: too many errors emitted, stopping now [--error-limit=]

Build failed: 20 errors, 0 warnings

</pre>
</body>