<head>
  <style>
    .log { font-family: "Courier New", Consolas, monospace; font-size: 80%; }
    .test-failed { background-color: #ffaaaa; }
    .test-passed { background-color: #aaffaa; }
  </style>
</head>
<body>
<h3><a href="https://github.com/tree-sitter/tree-sitter-verilog" target="_blank">tree-sitter-verilog</a></h3>
<pre class="test-failed">
description: Test passing associative array as arugments support
rc: 1 (means success: 0)
tags: 7.9.10 7.8
incdirs: /tmpfs/src/github/sv-tests/tests/chapter-7/arrays/associative
top_module: 
type: simulation parsing
mode: parsing
files: <a href="../../../../../tests/chapter-7/arrays/associative/arguments.sv.html" target="file-frame">tests/chapter-7/arrays/associative/arguments.sv</a>
defines: 
time_elapsed: 0.089s
ram usage: 22312 KB
</pre>
<pre class="log">

<a href="../../../../../tests/chapter-7/arrays/associative/arguments.sv.html#l-12" target="file-frame">tests/chapter-7/arrays/associative/arguments.sv:12</a>:1: error: node type: ERROR
<a href="../../../../../tests/chapter-7/arrays/associative/arguments.sv.html#l-12" target="file-frame">tests/chapter-7/arrays/associative/arguments.sv:12</a>:18: error: node type: ERROR
<a href="../../../../../tests/chapter-7/arrays/associative/arguments.sv.html#l-12" target="file-frame">tests/chapter-7/arrays/associative/arguments.sv:12</a>:22: error: node type: ERROR
<a href="../../../../../tests/chapter-7/arrays/associative/arguments.sv.html#l-12" target="file-frame">tests/chapter-7/arrays/associative/arguments.sv:12</a>:33: error: node type: ERROR
<a href="../../../../../tests/chapter-7/arrays/associative/arguments.sv.html#l-12" target="file-frame">tests/chapter-7/arrays/associative/arguments.sv:12</a>:40: error: node type: ERROR
<a href="../../../../../tests/chapter-7/arrays/associative/arguments.sv.html#l-12" target="file-frame">tests/chapter-7/arrays/associative/arguments.sv:12</a>:51: error: node type: ERROR
<a href="../../../../../tests/chapter-7/arrays/associative/arguments.sv.html#l-12" target="file-frame">tests/chapter-7/arrays/associative/arguments.sv:12</a>:58: error: node type: ERROR
<a href="../../../../../tests/chapter-7/arrays/associative/arguments.sv.html#l-21" target="file-frame">tests/chapter-7/arrays/associative/arguments.sv:21</a>:22: error: node type: ERROR
<a href="../../../../../tests/chapter-7/arrays/associative/arguments.sv.html#l-21" target="file-frame">tests/chapter-7/arrays/associative/arguments.sv:21</a>:33: error: node type: ERROR
<a href="../../../../../tests/chapter-7/arrays/associative/arguments.sv.html#l-21" target="file-frame">tests/chapter-7/arrays/associative/arguments.sv:21</a>:40: error: node type: ERROR
<a href="../../../../../tests/chapter-7/arrays/associative/arguments.sv.html#l-21" target="file-frame">tests/chapter-7/arrays/associative/arguments.sv:21</a>:58: error: node type: ERROR
<a href="../../../../../tests/chapter-7/arrays/associative/arguments.sv.html#l-26" target="file-frame">tests/chapter-7/arrays/associative/arguments.sv:26</a>:22: error: node type: ERROR
<a href="../../../../../tests/chapter-7/arrays/associative/arguments.sv.html#l-26" target="file-frame">tests/chapter-7/arrays/associative/arguments.sv:26</a>:33: error: node type: ERROR
<a href="../../../../../tests/chapter-7/arrays/associative/arguments.sv.html#l-26" target="file-frame">tests/chapter-7/arrays/associative/arguments.sv:26</a>:40: error: node type: ERROR
<a href="../../../../../tests/chapter-7/arrays/associative/arguments.sv.html#l-26" target="file-frame">tests/chapter-7/arrays/associative/arguments.sv:26</a>:58: error: node type: ERROR

</pre>
</body>