<head>
  <style>
    .log { font-family: "Courier New", Consolas, monospace; font-size: 80%; }
    .test-failed { background-color: #ffaaaa; }
    .test-passed { background-color: #aaffaa; }
  </style>
</head>
<body>
<h3><a href="https://github.com/MikePopoloski/slang" target="_blank">slang</a></h3>
<pre class="test-failed">
description: Test imported from ivtest
rc: 1 (means success: 0)
tags: ivtest
incdirs: /tmpfs/src/github/sv-tests/third_party/tests/ivtest /tmpfs/src/github/sv-tests/third_party/tests/ivtest/ivltests
top_module: 
type: parsing
mode: parsing
files: <a href="../../../../third_party/tests/ivtest/ivltests/array_lval_select1.v.html" target="file-frame">third_party/tests/ivtest/ivltests/array_lval_select1.v</a>
defines: 
time_elapsed: 0.003s
ram usage: 9064 KB
</pre>
<pre class="log">

slang-driver --single-unit -I /tmpfs/src/github/sv-tests/third_party/tests/ivtest -I /tmpfs/src/github/sv-tests/third_party/tests/ivtest/ivltests <a href="../../../../third_party/tests/ivtest/ivltests/array_lval_select1.v.html" target="file-frame">third_party/tests/ivtest/ivltests/array_lval_select1.v</a>
Top level design units:
    top

../../src/github/sv-tests/third_party/tests/ivtest/ivltests/array_lval_select1.v:22:10: error: cannot refer to element 0 of &#39;unpacked array [2:1] of reg&#39;
  array1[0] = 1&#39;b1;
         ^
../../src/github/sv-tests/third_party/tests/ivtest/ivltests/array_lval_select1.v:28:10: error: cannot refer to element 3 of &#39;unpacked array [2:1] of reg&#39;
  array1[3] = 1&#39;b1;
         ^
../../src/github/sv-tests/third_party/tests/ivtest/ivltests/array_lval_select1.v:34:10: error: cannot refer to element 32&#39;bxxxxxxxxxxxxxxxxxxxxxxxxxxxxxxxx of &#39;unpacked array [1:0] of reg&#39;
  array2[&#39;bx] = 1&#39;b1;
         ^~~
../../src/github/sv-tests/third_party/tests/ivtest/ivltests/array_lval_select1.v:62:10: error: cannot refer to element 0 of &#39;unpacked array [2:1] of real&#39;
  array3[0] = 1.0;
         ^
../../src/github/sv-tests/third_party/tests/ivtest/ivltests/array_lval_select1.v:68:10: error: cannot refer to element 3 of &#39;unpacked array [2:1] of real&#39;
  array3[3] = 1.0;
         ^
../../src/github/sv-tests/third_party/tests/ivtest/ivltests/array_lval_select1.v:74:10: error: cannot refer to element 32&#39;bxxxxxxxxxxxxxxxxxxxxxxxxxxxxxxxx of &#39;unpacked array [1:0] of real&#39;
  array4[&#39;bx] = 1.0;
         ^~~

Build failed: 6 errors, 0 warnings

</pre>
</body>