<head>
  <style>
    .log { font-family: "Courier New", Consolas, monospace; font-size: 80%; }
    .test-failed { background-color: #ffaaaa; }
    .test-passed { background-color: #aaffaa; }
  </style>
</head>
<body>
<h3><a href="https://github.com/MikePopoloski/slang" target="_blank">slang</a></h3>
<pre class="test-failed">
description: Test imported from ivtest
rc: 1 (means success: 0)
should_fail: 0
tags: ivtest
incdirs: /tmpfs/src/github/sv-tests/third_party/tests/ivtest /tmpfs/src/github/sv-tests/third_party/tests/ivtest/ivltests
top_module: 
type: parsing
mode: parsing
files: <a href="../../../../third_party/tests/ivtest/ivltests/array_packed_sysfunct.v.html" target="file-frame">third_party/tests/ivtest/ivltests/array_packed_sysfunct.v</a>
time_elapsed: 0.004s
ram usage: 9560 KB
</pre>
<pre class="log">

slang-driver -I/tmpfs/src/github/sv-tests/third_party/tests/ivtest -I/tmpfs/src/github/sv-tests/third_party/tests/ivtest/ivltests <a href="../../../../third_party/tests/ivtest/ivltests/array_packed_sysfunct.v.html" target="file-frame">third_party/tests/ivtest/ivltests/array_packed_sysfunct.v</a>
../../src/github/sv-tests/third_party/tests/ivtest/ivltests/array_packed_sysfunct.v:31:11: error: unknown system name &#39;$dimensions&#39;
      if ($dimensions(abg) != 3)        begin $display(&#34;FAILED -- $dimensions(abg) = %0d&#34;, $dimensions(abg)); err=1; end;
          ^~~~~~~~~~~
../../src/github/sv-tests/third_party/tests/ivtest/ivltests/array_packed_sysfunct.v:31:92: error: unknown system name &#39;$dimensions&#39;
      if ($dimensions(abg) != 3)        begin $display(&#34;FAILED -- $dimensions(abg) = %0d&#34;, $dimensions(abg)); err=1; end;
                                                                                           ^~~~~~~~~~~
../../src/github/sv-tests/third_party/tests/ivtest/ivltests/array_packed_sysfunct.v:34:35: error: too many arguments to subroutine call; expected 1 but 2 were provided
         if ($left     (abg     , i) != wdt(i  )-1) begin $display(&#34;FAILED -- $left     (abg     , %0d) = %0d&#34;, i, $left     (abg     , i)); err=1; end;
                                  ^
../../src/github/sv-tests/third_party/tests/ivtest/ivltests/array_packed_sysfunct.v:34:137: error: too many arguments to subroutine call; expected 1 but 2 were provided
         if ($left     (abg     , i) != wdt(i  )-1) begin $display(&#34;FAILED -- $left     (abg     , %0d) = %0d&#34;, i, $left     (abg     , i)); err=1; end;
                                                                                                                                        ^
../../src/github/sv-tests/third_party/tests/ivtest/ivltests/array_packed_sysfunct.v:35:35: error: too many arguments to subroutine call; expected 1 but 2 were provided
         if ($right    (abg     , i) != 0         ) begin $display(&#34;FAILED -- $right    (abg     , %0d) = %0d&#34;, i, $right    (abg     , i)); err=1; end;
                                  ^
../../src/github/sv-tests/third_party/tests/ivtest/ivltests/array_packed_sysfunct.v:35:137: error: too many arguments to subroutine call; expected 1 but 2 were provided
         if ($right    (abg     , i) != 0         ) begin $display(&#34;FAILED -- $right    (abg     , %0d) = %0d&#34;, i, $right    (abg     , i)); err=1; end;
                                                                                                                                        ^
../../src/github/sv-tests/third_party/tests/ivtest/ivltests/array_packed_sysfunct.v:36:35: error: too many arguments to subroutine call; expected 1 but 2 were provided
         if ($low      (abg     , i) != 0         ) begin $display(&#34;FAILED -- $low      (abg     , %0d) = %0d&#34;, i, $low      (abg     , i)); err=1; end;
                                  ^
../../src/github/sv-tests/third_party/tests/ivtest/ivltests/array_packed_sysfunct.v:36:137: error: too many arguments to subroutine call; expected 1 but 2 were provided
         if ($low      (abg     , i) != 0         ) begin $display(&#34;FAILED -- $low      (abg     , %0d) = %0d&#34;, i, $low      (abg     , i)); err=1; end;
                                                                                                                                        ^
../../src/github/sv-tests/third_party/tests/ivtest/ivltests/array_packed_sysfunct.v:37:35: error: too many arguments to subroutine call; expected 1 but 2 were provided
         if ($high     (abg     , i) != wdt(i  )-1) begin $display(&#34;FAILED -- $high     (abg     , %0d) = %0d&#34;, i, $high     (abg     , i)); err=1; end;
                                  ^
../../src/github/sv-tests/third_party/tests/ivtest/ivltests/array_packed_sysfunct.v:37:137: error: too many arguments to subroutine call; expected 1 but 2 were provided
         if ($high     (abg     , i) != wdt(i  )-1) begin $display(&#34;FAILED -- $high     (abg     , %0d) = %0d&#34;, i, $high     (abg     , i)); err=1; end;
                                                                                                                                        ^
../../src/github/sv-tests/third_party/tests/ivtest/ivltests/array_packed_sysfunct.v:38:35: error: too many arguments to subroutine call; expected 1 but 2 were provided
         if ($increment(abg     , i) != 1         ) begin $display(&#34;FAILED -- $increment(abg     , %0d) = %0d&#34;, i, $increment(abg     , i)); err=1; end;
                                  ^
../../src/github/sv-tests/third_party/tests/ivtest/ivltests/array_packed_sysfunct.v:38:137: error: too many arguments to subroutine call; expected 1 but 2 were provided
         if ($increment(abg     , i) != 1         ) begin $display(&#34;FAILED -- $increment(abg     , %0d) = %0d&#34;, i, $increment(abg     , i)); err=1; end;
                                                                                                                                        ^
../../src/github/sv-tests/third_party/tests/ivtest/ivltests/array_packed_sysfunct.v:39:35: error: too many arguments to subroutine call; expected 1 but 2 were provided
         if ($size     (abg     , i) != wdt(i  )  ) begin $display(&#34;FAILED -- $size     (abg     , %0d) = %0d&#34;, i, $size     (abg     , i)); err=1; end;
                                  ^
../../src/github/sv-tests/third_party/tests/ivtest/ivltests/array_packed_sysfunct.v:39:137: error: too many arguments to subroutine call; expected 1 but 2 were provided
         if ($size     (abg     , i) != wdt(i  )  ) begin $display(&#34;FAILED -- $size     (abg     , %0d) = %0d&#34;, i, $size     (abg     , i)); err=1; end;
                                                                                                                                        ^
../../src/github/sv-tests/third_party/tests/ivtest/ivltests/array_packed_sysfunct.v:42:11: error: unknown system name &#39;$dimensions&#39;
      if ($dimensions(abg[1:0]) != 3)       begin $display(&#34;FAILED -- $dimensions(abg[1:0]) = %0d&#34;, $dimensions(abg[1:0])); err=1; end;
          ^~~~~~~~~~~
../../src/github/sv-tests/third_party/tests/ivtest/ivltests/array_packed_sysfunct.v:42:101: error: unknown system name &#39;$dimensions&#39;
      if ($dimensions(abg[1:0]) != 3)       begin $display(&#34;FAILED -- $dimensions(abg[1:0]) = %0d&#34;, $dimensions(abg[1:0])); err=1; end;
                                                                                                    ^~~~~~~~~~~
../../src/github/sv-tests/third_party/tests/ivtest/ivltests/array_packed_sysfunct.v:45:35: error: too many arguments to subroutine call; expected 1 but 2 were provided
         if ($left     (abg[1:0], i) != wdt(i  )-1) begin $display(&#34;FAILED -- $left     (abg[1:0], %0d) = %0d&#34;, i, $left     (abg[1:0], i)); err=1; end;
                                  ^
../../src/github/sv-tests/third_party/tests/ivtest/ivltests/array_packed_sysfunct.v:45:137: error: too many arguments to subroutine call; expected 1 but 2 were provided
         if ($left     (abg[1:0], i) != wdt(i  )-1) begin $display(&#34;FAILED -- $left     (abg[1:0], %0d) = %0d&#34;, i, $left     (abg[1:0], i)); err=1; end;
                                                                                                                                        ^
../../src/github/sv-tests/third_party/tests/ivtest/ivltests/array_packed_sysfunct.v:46:35: error: too many arguments to subroutine call; expected 1 but 2 were provided
         if ($right    (abg[1:0], i) != 0         ) begin $display(&#34;FAILED -- $right    (abg[1:0], %0d) = %0d&#34;, i, $right    (abg[1:0], i)); err=1; end;
                                  ^
../../src/github/sv-tests/third_party/tests/ivtest/ivltests/array_packed_sysfunct.v:46:137: error: too many arguments to subroutine call; expected 1 but 2 were provided
         if ($right    (abg[1:0], i) != 0         ) begin $display(&#34;FAILED -- $right    (abg[1:0], %0d) = %0d&#34;, i, $right    (abg[1:0], i)); err=1; end;
                                                                                                                                        ^
fatal error: too many errors emitted, stopping now [--error-limit=]

</pre>
</body>