<head>
  <style>
    .log { font-family: "Courier New", Consolas, monospace; font-size: 80%; }
    .test-failed { background-color: #ffaaaa; }
    .test-passed { background-color: #aaffaa; }
  </style>
</head>
<body>
<h3><a href="https://github.com/MikePopoloski/slang" target="_blank">slang</a></h3>
<pre class="test-failed">
description: Test imported from ivtest
rc: 1 (means success: 0)
tags: ivtest
incdirs: /tmpfs/src/github/sv-tests/third_party/tests/ivtest /tmpfs/src/github/sv-tests/third_party/tests/ivtest/ivltests
top_module: 
type: parsing
mode: parsing
files: <a href="../../../../third_party/tests/ivtest/ivltests/array_lval_select3a-.v.html" target="file-frame">third_party/tests/ivtest/ivltests/array_lval_select3a-.v</a>
defines: 
time_elapsed: 0.003s
ram usage: 9136 KB
</pre>
<pre class="log">

slang-driver --single-unit -I /tmpfs/src/github/sv-tests/third_party/tests/ivtest -I /tmpfs/src/github/sv-tests/third_party/tests/ivtest/ivltests <a href="../../../../third_party/tests/ivtest/ivltests/array_lval_select3a-.v.html" target="file-frame">third_party/tests/ivtest/ivltests/array_lval_select3a-.v</a>
Top level design units:
    top

../../src/github/sv-tests/third_party/tests/ivtest/ivltests/array_lval_select3a-.v:28:3: error: language feature not yet supported
  assign array1[0] = 2&#39;d1;
  ^~~~~~~~~~~~~~~~~~~~~~~~
../../src/github/sv-tests/third_party/tests/ivtest/ivltests/array_lval_select3a-.v:31:3: error: language feature not yet supported
  deassign array1[0];
  ^~~~~~~~~~~~~~~~~~~
../../src/github/sv-tests/third_party/tests/ivtest/ivltests/array_lval_select3a-.v:49:3: error: language feature not yet supported
  assign array1[3] = var1;
  ^~~~~~~~~~~~~~~~~~~~~~~~
../../src/github/sv-tests/third_party/tests/ivtest/ivltests/array_lval_select3a-.v:52:3: error: language feature not yet supported
  deassign array1[3];
  ^~~~~~~~~~~~~~~~~~~
../../src/github/sv-tests/third_party/tests/ivtest/ivltests/array_lval_select3a-.v:54:3: error: language feature not yet supported
  assign array2[&#39;bx] = 2&#39;d1;
  ^~~~~~~~~~~~~~~~~~~~~~~~~~
../../src/github/sv-tests/third_party/tests/ivtest/ivltests/array_lval_select3a-.v:57:3: error: language feature not yet supported
  deassign array2[&#39;bx];
  ^~~~~~~~~~~~~~~~~~~~~
../../src/github/sv-tests/third_party/tests/ivtest/ivltests/array_lval_select3a-.v:66:3: error: language feature not yet supported
  assign array3[0] = 1.0;
  ^~~~~~~~~~~~~~~~~~~~~~~
../../src/github/sv-tests/third_party/tests/ivtest/ivltests/array_lval_select3a-.v:69:3: error: language feature not yet supported
  deassign array3[0];
  ^~~~~~~~~~~~~~~~~~~
../../src/github/sv-tests/third_party/tests/ivtest/ivltests/array_lval_select3a-.v:87:3: error: language feature not yet supported
  assign array3[3] = var2;
  ^~~~~~~~~~~~~~~~~~~~~~~~
../../src/github/sv-tests/third_party/tests/ivtest/ivltests/array_lval_select3a-.v:90:3: error: language feature not yet supported
  deassign array3[3];
  ^~~~~~~~~~~~~~~~~~~
../../src/github/sv-tests/third_party/tests/ivtest/ivltests/array_lval_select3a-.v:92:3: error: language feature not yet supported
  assign array4[&#39;bx] = 1.0;
  ^~~~~~~~~~~~~~~~~~~~~~~~~
../../src/github/sv-tests/third_party/tests/ivtest/ivltests/array_lval_select3a-.v:95:3: error: language feature not yet supported
  deassign array4[&#39;bx];
  ^~~~~~~~~~~~~~~~~~~~~

Build failed: 12 errors, 0 warnings

</pre>
</body>