<head>
  <style>
    .log { font-family: "Courier New", Consolas, monospace; font-size: 80%; }
    .test-failed { background-color: #ffaaaa; }
    .test-passed { background-color: #aaffaa; }
  </style>
</head>
<body>
<h3><a href="https://github.com/MikePopoloski/slang" target="_blank">slang</a></h3>
<pre class="test-failed">
description: Test imported from ivtest
should_fail: 0
tags: ivtest
incdirs: /tmpfs/src/github/sv-tests/third_party/tests/ivtest /tmpfs/src/github/sv-tests/third_party/tests/ivtest/ivltests
top_module: 
type: parsing
mode: parsing
files: <a href="../../../../third_party/tests/ivtest/ivltests/br960a.v.html" target="file-frame">third_party/tests/ivtest/ivltests/br960a.v</a>
time_elapsed: 0.000s
ram usage: 9572 KB
</pre>
<pre class="log">

../../src/github/sv-tests/third_party/tests/ivtest/ivltests/br960a.v:8:3: error: expected member
  bufif1(Z, A, EN);
  ^~~~~~
../../src/github/sv-tests/third_party/tests/ivtest/ivltests/br960a.v:10:3: error: expected member
  specify
  ^~~~~~~
../../src/github/sv-tests/third_party/tests/ivtest/ivltests/br960a.v:12:5: error: expected member
    (EN =&gt; Z) = (0.3, 0.4);
    ^
../../src/github/sv-tests/third_party/tests/ivtest/ivltests/br960a.v:13:3: error: expected member
  endspecify
  ^~~~~~~~~~
../../src/github/sv-tests/third_party/tests/ivtest/ivltests/br960a.v:31:5: error: unknown system name &#39;$sdf_annotate&#39;
    $sdf_annotate(&#34;ivltests/br960a.sdf&#34;, dut);
    ^~~~~~~~~~~~~

</pre>
</body>