<head>
  <style>
    .log { font-family: "Courier New", Consolas, monospace; font-size: 80%; }
    .test-failed { background-color: #ffaaaa; }
    .test-passed { background-color: #aaffaa; }
  </style>
</head>
<body>
<h3><a href="https://github.com/MikePopoloski/slang" target="_blank">slang</a></h3>
<pre class="test-failed">
description: Test imported from ivtest
rc: 1 (means success: 0)
tags: ivtest
incdirs: /tmpfs/src/github/sv-tests/third_party/tests/ivtest /tmpfs/src/github/sv-tests/third_party/tests/ivtest/ivltests
top_module: 
type: parsing
mode: parsing
files: <a href="../../../../third_party/tests/ivtest/ivltests/def_nettype.v.html" target="file-frame">third_party/tests/ivtest/ivltests/def_nettype.v</a>
defines: 
time_elapsed: 0.005s
ram usage: 9188 KB
</pre>
<pre class="log">

slang-driver --single-unit -I /tmpfs/src/github/sv-tests/third_party/tests/ivtest -I /tmpfs/src/github/sv-tests/third_party/tests/ivtest/ivltests <a href="../../../../third_party/tests/ivtest/ivltests/def_nettype.v.html" target="file-frame">third_party/tests/ivtest/ivltests/def_nettype.v</a>
Top level design units:
    all
    top_tri
    top_tri0
    top_tri1
    top_triand
    top_trior
    top_wand
    top_wire
    top_wor

../../src/github/sv-tests/third_party/tests/ivtest/ivltests/def_nettype.v:28:10: error: identifier &#39;tmp&#39; used before its declaration
  assign tmp = in0;
         ^~~
../../src/github/sv-tests/third_party/tests/ivtest/ivltests/def_nettype.v:28:10: note: declared here
  assign tmp = in0;
         ^
../../src/github/sv-tests/third_party/tests/ivtest/ivltests/def_nettype.v:75:10: error: identifier &#39;tmp&#39; used before its declaration
  assign tmp = in0;
         ^~~
../../src/github/sv-tests/third_party/tests/ivtest/ivltests/def_nettype.v:75:10: note: declared here
  assign tmp = in0;
         ^
../../src/github/sv-tests/third_party/tests/ivtest/ivltests/def_nettype.v:122:10: error: identifier &#39;tmp&#39; used before its declaration
  assign tmp = in0;
         ^~~
../../src/github/sv-tests/third_party/tests/ivtest/ivltests/def_nettype.v:122:10: note: declared here
  assign tmp = in0;
         ^
../../src/github/sv-tests/third_party/tests/ivtest/ivltests/def_nettype.v:169:10: error: identifier &#39;tmp&#39; used before its declaration
  assign tmp = in0;
         ^~~
../../src/github/sv-tests/third_party/tests/ivtest/ivltests/def_nettype.v:169:10: note: declared here
  assign tmp = in0;
         ^
../../src/github/sv-tests/third_party/tests/ivtest/ivltests/def_nettype.v:216:10: error: identifier &#39;tmp&#39; used before its declaration
  assign tmp = in0;
         ^~~
../../src/github/sv-tests/third_party/tests/ivtest/ivltests/def_nettype.v:216:10: note: declared here
  assign tmp = in0;
         ^
../../src/github/sv-tests/third_party/tests/ivtest/ivltests/def_nettype.v:263:10: error: identifier &#39;tmp&#39; used before its declaration
  assign tmp = in0;
         ^~~
../../src/github/sv-tests/third_party/tests/ivtest/ivltests/def_nettype.v:263:10: note: declared here
  assign tmp = in0;
         ^
../../src/github/sv-tests/third_party/tests/ivtest/ivltests/def_nettype.v:310:10: error: identifier &#39;tmp&#39; used before its declaration
  assign tmp = in0;
         ^~~
../../src/github/sv-tests/third_party/tests/ivtest/ivltests/def_nettype.v:310:10: note: declared here
  assign tmp = in0;
         ^
../../src/github/sv-tests/third_party/tests/ivtest/ivltests/def_nettype.v:357:10: error: identifier &#39;tmp&#39; used before its declaration
  assign tmp = in0;
         ^~~
../../src/github/sv-tests/third_party/tests/ivtest/ivltests/def_nettype.v:357:10: note: declared here
  assign tmp = in0;
         ^

Build failed: 8 errors, 0 warnings

</pre>
</body>