<head>
  <style>
    .log { font-family: "Courier New", Consolas, monospace; font-size: 80%; }
    .test-failed { background-color: #ffaaaa; }
    .test-passed { background-color: #aaffaa; }
  </style>
</head>
<body>
<h3><a href="https://github.com/MikePopoloski/slang" target="_blank">slang</a></h3>
<pre class="test-failed">
description: Test imported from ivtest
rc: 1 (means success: 0)
tags: ivtest
incdirs: /tmpfs/src/github/sv-tests/third_party/tests/ivtest /tmpfs/src/github/sv-tests/third_party/tests/ivtest/ivltests
top_module: 
type: parsing
mode: parsing
files: <a href="../../../../third_party/tests/ivtest/ivltests/memidxrng.v.html" target="file-frame">third_party/tests/ivtest/ivltests/memidxrng.v</a>
defines: 
time_elapsed: 0.003s
ram usage: 9152 KB
</pre>
<pre class="log">

slang-driver --single-unit -I /tmpfs/src/github/sv-tests/third_party/tests/ivtest -I /tmpfs/src/github/sv-tests/third_party/tests/ivtest/ivltests <a href="../../../../third_party/tests/ivtest/ivltests/memidxrng.v.html" target="file-frame">third_party/tests/ivtest/ivltests/memidxrng.v</a>
Top level design units:
    memidxrng

../../src/github/sv-tests/third_party/tests/ivtest/ivltests/memidxrng.v:38:10: error: cannot refer to element 13 of &#39;unpacked array [12:2] of reg&#39;
	if (mem[13] !== 1&#39;bx)
	        ^~
../../src/github/sv-tests/third_party/tests/ivtest/ivltests/memidxrng.v:40:54: error: cannot refer to element 14 of &#39;unpacked array [12:2] of reg&#39;
	     $display(&#34;FAILED: mem[13] = %b, expect x&#34;, mem[14]);
	                                                    ^~
../../src/github/sv-tests/third_party/tests/ivtest/ivltests/memidxrng.v:43:10: error: cannot refer to element 1 of &#39;unpacked array [12:2] of reg&#39;
	if (mem[1] !== 1&#39;bx)
	        ^
../../src/github/sv-tests/third_party/tests/ivtest/ivltests/memidxrng.v:45:53: error: cannot refer to element 1 of &#39;unpacked array [12:2] of reg&#39;
	     $display(&#34;FAILED: mem[1] = %b, expect x&#34;, mem[1]);
	                                                   ^

Build failed: 4 errors, 0 warnings

</pre>
</body>