<head>
  <style>
    .log { font-family: "Courier New", Consolas, monospace; font-size: 80%; }
    .test-failed { background-color: #ffaaaa; }
    .test-passed { background-color: #aaffaa; }
  </style>
</head>
<body>
<h3><a href="https://github.com/MikePopoloski/slang" target="_blank">slang</a></h3>
<pre class="test-failed">
description: Test imported from ivtest
rc: 1 (means success: 0)
tags: ivtest
incdirs: /tmpfs/src/github/sv-tests/third_party/tests/ivtest /tmpfs/src/github/sv-tests/third_party/tests/ivtest/ivltests
top_module: 
type: parsing
mode: parsing
files: <a href="../../../../third_party/tests/ivtest/contrib/pic.v.html" target="file-frame">third_party/tests/ivtest/contrib/pic.v</a>
defines: 
time_elapsed: 0.009s
ram usage: 8980 KB
</pre>
<pre class="log">

slang-driver --single-unit -I /tmpfs/src/github/sv-tests/third_party/tests/ivtest -I /tmpfs/src/github/sv-tests/third_party/tests/ivtest/ivltests <a href="../../../../third_party/tests/ivtest/contrib/pic.v.html" target="file-frame">third_party/tests/ivtest/contrib/pic.v</a>
Top level design units:
    pictest

../../src/github/sv-tests/third_party/tests/ivtest/contrib/pic.v:1704:4: error: identifier &#39;clear_memory&#39; used before its declaration
   clear_memory;
   ^~~~~~~~~~~~
../../src/github/sv-tests/third_party/tests/ivtest/contrib/pic.v:1706:6: note: declared here
task clear_memory;
     ^
../../src/github/sv-tests/third_party/tests/ivtest/contrib/pic.v:1897:10: error: identifier &#39;test1&#39; used before its declaration
      1: test1;
         ^~~~~
../../src/github/sv-tests/third_party/tests/ivtest/contrib/pic.v:1914:6: note: declared here
task test1;
     ^
../../src/github/sv-tests/third_party/tests/ivtest/contrib/pic.v:1898:10: error: identifier &#39;test2&#39; used before its declaration
      2: test2;
         ^~~~~
../../src/github/sv-tests/third_party/tests/ivtest/contrib/pic.v:1929:6: note: declared here
task test2;
     ^
../../src/github/sv-tests/third_party/tests/ivtest/contrib/pic.v:1899:10: error: identifier &#39;test3&#39; used before its declaration
      3: test3;
         ^~~~~
../../src/github/sv-tests/third_party/tests/ivtest/contrib/pic.v:1943:6: note: declared here
task test3;
     ^
../../src/github/sv-tests/third_party/tests/ivtest/contrib/pic.v:1900:10: error: identifier &#39;test4&#39; used before its declaration
      4: test4;
         ^~~~~
../../src/github/sv-tests/third_party/tests/ivtest/contrib/pic.v:1957:6: note: declared here
task test4;
     ^
../../src/github/sv-tests/third_party/tests/ivtest/contrib/pic.v:1901:10: error: identifier &#39;test5&#39; used before its declaration
      5: test5;
         ^~~~~
../../src/github/sv-tests/third_party/tests/ivtest/contrib/pic.v:1971:6: note: declared here
task test5;
     ^
../../src/github/sv-tests/third_party/tests/ivtest/contrib/pic.v:1902:10: error: identifier &#39;test6&#39; used before its declaration
      6: test6;
         ^~~~~
../../src/github/sv-tests/third_party/tests/ivtest/contrib/pic.v:1985:6: note: declared here
task test6;
     ^
../../src/github/sv-tests/third_party/tests/ivtest/contrib/pic.v:1903:10: error: identifier &#39;test7&#39; used before its declaration
      7: test7;
         ^~~~~
../../src/github/sv-tests/third_party/tests/ivtest/contrib/pic.v:2007:6: note: declared here
task test7;
     ^
../../src/github/sv-tests/third_party/tests/ivtest/contrib/pic.v:1904:10: error: identifier &#39;test8&#39; used before its declaration
      8: test8;
         ^~~~~
../../src/github/sv-tests/third_party/tests/ivtest/contrib/pic.v:2021:6: note: declared here
task test8;
     ^
../../src/github/sv-tests/third_party/tests/ivtest/contrib/pic.v:1905:10: error: identifier &#39;test9&#39; used before its declaration
      9: test9;
         ^~~~~
../../src/github/sv-tests/third_party/tests/ivtest/contrib/pic.v:2037:6: note: declared here
task test9;
     ^

Build failed: 10 errors, 0 warnings

</pre>
</body>