<head>
  <style>
    .log { font-family: "Courier New", Consolas, monospace; font-size: 80%; }
    .test-failed { background-color: #ffaaaa; }
    .test-passed { background-color: #aaffaa; }
  </style>
</head>
<body>
<h3><a href="https://github.com/MikePopoloski/slang" target="_blank">slang</a></h3>
<pre class="test-failed">
description: Test imported from ivtest
rc: 1 (means success: 0)
tags: ivtest
incdirs: /tmpfs/src/github/sv-tests/third_party/tests/ivtest /tmpfs/src/github/sv-tests/third_party/tests/ivtest/ivltests
top_module: 
type: parsing
mode: parsing
files: <a href="../../../../third_party/tests/ivtest/ivltests/pr1701855b.v.html" target="file-frame">third_party/tests/ivtest/ivltests/pr1701855b.v</a>
defines: 
time_elapsed: 0.003s
ram usage: 9004 KB
</pre>
<pre class="log">

slang-driver --single-unit -I /tmpfs/src/github/sv-tests/third_party/tests/ivtest -I /tmpfs/src/github/sv-tests/third_party/tests/ivtest/ivltests <a href="../../../../third_party/tests/ivtest/ivltests/pr1701855b.v.html" target="file-frame">third_party/tests/ivtest/ivltests/pr1701855b.v</a>
Top level design units:
    dummy
    top

../../src/github/sv-tests/third_party/tests/ivtest/ivltests/pr1701855b.v:24:21: error: expected module name
    $printtimescale(dummy.ipval);
                    ^~~~~~~~~~~
../../src/github/sv-tests/third_party/tests/ivtest/ivltests/pr1701855b.v:27:21: error: expected module name
    $printtimescale(top.ipval);
                    ^~~~~~~~~
../../src/github/sv-tests/third_party/tests/ivtest/ivltests/pr1701855b.v:33:21: error: expected module name
    $printtimescale(top.spval);
                    ^~~~~~~~~
../../src/github/sv-tests/third_party/tests/ivtest/ivltests/pr1701855b.v:36:21: error: expected module name
    $printtimescale(top.rpval);
                    ^~~~~~~~~
../../src/github/sv-tests/third_party/tests/ivtest/ivltests/pr1701855b.v:37:21: error: expected module name
    $printtimescale(top.evt);
                    ^~~~~~~
../../src/github/sv-tests/third_party/tests/ivtest/ivltests/pr1701855b.v:38:21: error: expected module name
    $printtimescale(top.rgval);
                    ^~~~~~~~~
../../src/github/sv-tests/third_party/tests/ivtest/ivltests/pr1701855b.v:39:21: error: expected module name
    $printtimescale(top.rgval[0]);
                    ^~~~~~~~~~~~
../../src/github/sv-tests/third_party/tests/ivtest/ivltests/pr1701855b.v:40:21: error: expected module name
    $printtimescale(top.rgarr);
                    ^~~~~~~~~
../../src/github/sv-tests/third_party/tests/ivtest/ivltests/pr1701855b.v:41:21: error: expected module name
    $printtimescale(top.rgarr[0]);
                    ^~~~~~~~~~~~
../../src/github/sv-tests/third_party/tests/ivtest/ivltests/pr1701855b.v:42:21: error: expected module name
    $printtimescale(top.wval);
                    ^~~~~~~~
../../src/github/sv-tests/third_party/tests/ivtest/ivltests/pr1701855b.v:43:21: error: expected module name
    $printtimescale(top.wval[0]);
                    ^~~~~~~~~~~
../../src/github/sv-tests/third_party/tests/ivtest/ivltests/pr1701855b.v:44:21: error: expected module name
    $printtimescale(top.warr);
                    ^~~~~~~~
../../src/github/sv-tests/third_party/tests/ivtest/ivltests/pr1701855b.v:45:21: error: expected module name
    $printtimescale(top.warr[0]);
                    ^~~~~~~~~~~
../../src/github/sv-tests/third_party/tests/ivtest/ivltests/pr1701855b.v:46:21: error: expected module name
    $printtimescale(top.ival);
                    ^~~~~~~~
../../src/github/sv-tests/third_party/tests/ivtest/ivltests/pr1701855b.v:47:21: error: expected module name
    $printtimescale(top.ival[1]);
                    ^~~~~~~~~~~
../../src/github/sv-tests/third_party/tests/ivtest/ivltests/pr1701855b.v:48:21: error: expected module name
    $printtimescale(top.rval);
                    ^~~~~~~~
../../src/github/sv-tests/third_party/tests/ivtest/ivltests/pr1701855b.v:49:21: error: expected module name
    $printtimescale(top.rarr);
                    ^~~~~~~~
../../src/github/sv-tests/third_party/tests/ivtest/ivltests/pr1701855b.v:50:21: error: expected module name
    $printtimescale(top.rarr[0]);
                    ^~~~~~~~~~~
../../src/github/sv-tests/third_party/tests/ivtest/ivltests/pr1701855b.v:51:21: error: expected module name
    $printtimescale(top.tval);
                    ^~~~~~~~
../../src/github/sv-tests/third_party/tests/ivtest/ivltests/pr1701855b.v:52:21: error: expected module name
    $printtimescale(top.blk);
                    ^~~~~~~
fatal error: too many errors emitted, stopping now [--error-limit=]

Build failed: 20 errors, 0 warnings

</pre>
</body>