<head>
  <style>
    .log { font-family: "Courier New", Consolas, monospace; font-size: 80%; }
    .test-failed { background-color: #ffaaaa; }
    .test-passed { background-color: #aaffaa; }
  </style>
</head>
<body>
<h3><a href="https://github.com/MikePopoloski/slang" target="_blank">slang</a></h3>
<pre class="test-failed">
description: Test imported from ivtest
rc: 1 (means success: 0)
should_fail: 0
tags: ivtest
incdirs: /tmpfs/src/github/sv-tests/third_party/tests/ivtest /tmpfs/src/github/sv-tests/third_party/tests/ivtest/ivltests
top_module: 
type: parsing
mode: parsing
files: <a href="../../../../third_party/tests/ivtest/ivltests/pr1723367.v.html" target="file-frame">third_party/tests/ivtest/ivltests/pr1723367.v</a>
time_elapsed: 0.004s
ram usage: 9644 KB
</pre>
<pre class="log">

slang-driver --single-unit -I/tmpfs/src/github/sv-tests/third_party/tests/ivtest -I/tmpfs/src/github/sv-tests/third_party/tests/ivtest/ivltests <a href="../../../../third_party/tests/ivtest/ivltests/pr1723367.v.html" target="file-frame">third_party/tests/ivtest/ivltests/pr1723367.v</a>
../../src/github/sv-tests/third_party/tests/ivtest/ivltests/pr1723367.v:55:6: error: use of undeclared identifier &#39;main&#39;
     main;
     ^~~~
../../src/github/sv-tests/third_party/tests/ivtest/ivltests/pr1723367.v:76:18: error: too many port connections given to instantiation of module &#39;m2&#39; (2 given, expected 1)
   m2 m2(dummy1, dummy2);
                 ^
../../src/github/sv-tests/third_party/tests/ivtest/ivltests/pr1723367.v:77:20: error: too many port connections given to instantiation of module &#39;m3&#39; (3 given, expected 2)
   m3 m3(dummy1, , dummy2);
                   ^
../../src/github/sv-tests/third_party/tests/ivtest/ivltests/pr1723367.v:82:7: warning: instance does not provide a connection for an unnamed port [-Wunconnected-unnamed-port]
   m7 m7(data,       );
      ^
:0:0: note: declared here
../../src/github/sv-tests/third_party/tests/ivtest/ivltests/pr1723367.v:82:14: error: misplaced trailing &#39;,&#39;
   m7 m7(data,       );
             ^
../../src/github/sv-tests/third_party/tests/ivtest/ivltests/pr1723367.v:87:8: warning: instance does not provide a connection for an unnamed port [-Wunconnected-unnamed-port]
   m11 m11(data,     );
       ^
:0:0: note: declared here
../../src/github/sv-tests/third_party/tests/ivtest/ivltests/pr1723367.v:87:16: error: misplaced trailing &#39;,&#39;
   m11 m11(data,     );
               ^
../../src/github/sv-tests/third_party/tests/ivtest/ivltests/pr1723367.v:92:8: warning: instance does not provide a connection for an unnamed port [-Wunconnected-unnamed-port]
   m15 m15(data[0],     );
       ^
:0:0: note: declared here
../../src/github/sv-tests/third_party/tests/ivtest/ivltests/pr1723367.v:92:19: error: misplaced trailing &#39;,&#39;
   m15 m15(data[0],     );
                  ^
../../src/github/sv-tests/third_party/tests/ivtest/ivltests/pr1723367.v:96:20: error: value of type &#39;unpacked array [7:0] of logic&#39; cannot be assigned to type &#39;logic[7:0]&#39;
   m18 m18(dummy1, data);
                   ^~~~
../../src/github/sv-tests/third_party/tests/ivtest/ivltests/pr1723367.v:97:8: warning: instance does not provide a connection for an unnamed port [-Wunconnected-unnamed-port]
   m19 m19(data,       );
       ^
:0:0: note: declared here
../../src/github/sv-tests/third_party/tests/ivtest/ivltests/pr1723367.v:97:16: error: misplaced trailing &#39;,&#39;
   m19 m19(data,       );
               ^
../../src/github/sv-tests/third_party/tests/ivtest/ivltests/pr1723367.v:102:8: warning: instance does not provide a connection for an unnamed port [-Wunconnected-unnamed-port]
   m23 m23(data,       );
       ^
:0:0: note: declared here
../../src/github/sv-tests/third_party/tests/ivtest/ivltests/pr1723367.v:102:16: error: misplaced trailing &#39;,&#39;
   m23 m23(data,       );
               ^
../../src/github/sv-tests/third_party/tests/ivtest/ivltests/pr1723367.v:116:11: error: expected identifier
module m2(,);
          ^
../../src/github/sv-tests/third_party/tests/ivtest/ivltests/pr1723367.v:116:11: error: misplaced trailing &#39;,&#39;
module m2(,);
          ^
../../src/github/sv-tests/third_party/tests/ivtest/ivltests/pr1723367.v:116:11: error: variable port &#39;&#39; cannot have direction inout
module m2(,);
          ^
../../src/github/sv-tests/third_party/tests/ivtest/ivltests/pr1723367.v:121:11: error: expected identifier
module m3(,,);
          ^
../../src/github/sv-tests/third_party/tests/ivtest/ivltests/pr1723367.v:121:11: error: variable port &#39;&#39; cannot have direction inout
module m3(,,);
          ^
../../src/github/sv-tests/third_party/tests/ivtest/ivltests/pr1723367.v:121:12: error: expected identifier
module m3(,,);
           ^
../../src/github/sv-tests/third_party/tests/ivtest/ivltests/pr1723367.v:121:12: error: misplaced trailing &#39;,&#39;
module m3(,,);
           ^
../../src/github/sv-tests/third_party/tests/ivtest/ivltests/pr1723367.v:121:12: error: variable port &#39;&#39; cannot have direction inout
module m3(,,);
           ^
../../src/github/sv-tests/third_party/tests/ivtest/ivltests/pr1723367.v:147:11: error: expected identifier
module m6(,a);
          ^
../../src/github/sv-tests/third_party/tests/ivtest/ivltests/pr1723367.v:147:11: error: variable port &#39;&#39; cannot have direction inout
module m6(,a);
          ^
../../src/github/sv-tests/third_party/tests/ivtest/ivltests/pr1723367.v:147:12: error: redefinition of &#39;a&#39; with a different type: &#39;logic&#39; vs &#39;logic[7:0]&#39;
module m6(,a);
           ^
../../src/github/sv-tests/third_party/tests/ivtest/ivltests/pr1723367.v:149:15: note: previous definition here
   wire [7:0] a;
              ^
fatal error: too many errors emitted, stopping now [--error-limit=]

</pre>
</body>