<head>
  <style>
    .log { font-family: "Courier New", Consolas, monospace; font-size: 80%; }
    .test-failed { background-color: #ffaaaa; }
    .test-passed { background-color: #aaffaa; }
  </style>
</head>
<body>
<h3><a href="https://github.com/MikePopoloski/slang" target="_blank">slang</a></h3>
<pre class="test-failed">
description: Test imported from ivtest
should_fail: 0
tags: ivtest
incdirs: /tmpfs/src/github/sv-tests/third_party/tests/ivtest /tmpfs/src/github/sv-tests/third_party/tests/ivtest/ivltests
top_module: 
type: parsing
mode: parsing
files: <a href="../../../../third_party/tests/ivtest/ivltests/pr2202846c.v.html" target="file-frame">third_party/tests/ivtest/ivltests/pr2202846c.v</a>
time_elapsed: 0.000s
ram usage: 9564 KB
</pre>
<pre class="log">

../../src/github/sv-tests/third_party/tests/ivtest/ivltests/pr2202846c.v:11:12: error: cannot select range of 1:0 from array of type &#39;reg[2:1]&#39;
     {expr[1:0], 4&#39;b??01} : result = 3;
           ^~~
../../src/github/sv-tests/third_party/tests/ivtest/ivltests/pr2202846c.v:12:11: error: cannot select range of 11:6 from array of type &#39;reg[2:1]&#39;
     expr[11:6]           : result = 4;
          ^~~~

</pre>
</body>