<head>
  <style>
    .log { font-family: "Courier New", Consolas, monospace; font-size: 80%; }
    .test-failed { background-color: #ffaaaa; }
    .test-passed { background-color: #aaffaa; }
  </style>
</head>
<body>
<h3><a href="https://github.com/MikePopoloski/slang" target="_blank">slang</a></h3>
<pre class="test-failed">
description: Test imported from ivtest
rc: 1 (means success: 0)
tags: ivtest
incdirs: /tmpfs/src/github/sv-tests/third_party/tests/ivtest /tmpfs/src/github/sv-tests/third_party/tests/ivtest/ivltests
top_module: 
type: parsing
mode: parsing
files: <a href="../../../../third_party/tests/ivtest/ivltests/pr2358848.v.html" target="file-frame">third_party/tests/ivtest/ivltests/pr2358848.v</a>
defines: 
time_elapsed: 0.003s
ram usage: 9108 KB
</pre>
<pre class="log">

slang-driver --single-unit -I /tmpfs/src/github/sv-tests/third_party/tests/ivtest -I /tmpfs/src/github/sv-tests/third_party/tests/ivtest/ivltests <a href="../../../../third_party/tests/ivtest/ivltests/pr2358848.v.html" target="file-frame">third_party/tests/ivtest/ivltests/pr2358848.v</a>
Top level design units:
    t

../../src/github/sv-tests/third_party/tests/ivtest/ivltests/pr2358848.v:12:23: error: cannot select range of [15:15] from &#39;logic[14:0]&#39;
  assign up1 = cim_k[(csek2 + ch)+:csek2];
                      ^~~~~~~~~~~~~~~~~~
../../src/github/sv-tests/third_party/tests/ivtest/ivltests/pr2358848.v:14:23: error: cannot select range of [17:17] from &#39;logic[14:0]&#39;
  assign up2 = cim_k[(csek2 + ch + 2)+:csek2];
                      ^~~~~~~~~~~~~~~~~~~~~~
../../src/github/sv-tests/third_party/tests/ivtest/ivltests/pr2358848.v:16:23: error: cannot select range of [-2:-2] from &#39;logic[14:0]&#39;
  assign up3 = cim_k[(csek2 + ch - 17)+:csek2];
                      ^~~~~~~~~~~~~~~~~~~~~~~
../../src/github/sv-tests/third_party/tests/ivtest/ivltests/pr2358848.v:18:23: error: cannot select range of [-3:-3] from &#39;logic[14:0]&#39;
  assign up4 = cim_k[(csek2 + ch - 18)+:csek2];
                      ^~~~~~~~~~~~~~~~~~~~~~~
../../src/github/sv-tests/third_party/tests/ivtest/ivltests/pr2358848.v:20:23: error: cannot refer to element 32&#39;sbxxxxxxxxxxxxxxxxxxxxxxxxxxxxxxxx of &#39;logic[14:0]&#39;
  assign up5 = cim_k[(csek2 + ch - offset)+:csek2];
                      ^~~~~~~~~~~~~~~~~~~
../../src/github/sv-tests/third_party/tests/ivtest/ivltests/pr2358848.v:23:24: error: cannot select range of [17:17] from &#39;logic[14:0]&#39;
  assign dwn1 = cim_k[(csek2 + ch + 2)-:csek2];
                       ^~~~~~~~~~~~~~~~~~~~~~
../../src/github/sv-tests/third_party/tests/ivtest/ivltests/pr2358848.v:25:24: error: cannot select range of [-2:-2] from &#39;logic[14:0]&#39;
  assign dwn2 = cim_k[(csek2 + ch - 17)-:csek2];
                       ^~~~~~~~~~~~~~~~~~~~~~~
../../src/github/sv-tests/third_party/tests/ivtest/ivltests/pr2358848.v:27:24: error: cannot refer to element 32&#39;sbxxxxxxxxxxxxxxxxxxxxxxxxxxxxxxxx of &#39;logic[14:0]&#39;
  assign dwn3 = cim_k[(csek2 + ch - offset)-:csek2];
                       ^~~~~~~~~~~~~~~~~~~

Build failed: 8 errors, 0 warnings

</pre>
</body>