<head>
  <style>
    .log { font-family: "Courier New", Consolas, monospace; font-size: 80%; }
    .test-failed { background-color: #ffaaaa; }
    .test-passed { background-color: #aaffaa; }
  </style>
</head>
<body>
<h3><a href="https://github.com/MikePopoloski/slang" target="_blank">slang</a></h3>
<pre class="test-failed">
description: Test imported from ivtest
rc: 1 (means success: 0)
tags: ivtest
incdirs: /tmpfs/src/github/sv-tests/third_party/tests/ivtest /tmpfs/src/github/sv-tests/third_party/tests/ivtest/ivltests
top_module: 
type: parsing
mode: parsing
files: <a href="../../../../third_party/tests/ivtest/ivltests/pr2434688.v.html" target="file-frame">third_party/tests/ivtest/ivltests/pr2434688.v</a>
defines: 
time_elapsed: 0.003s
ram usage: 9072 KB
</pre>
<pre class="log">

slang-driver --single-unit -I /tmpfs/src/github/sv-tests/third_party/tests/ivtest -I /tmpfs/src/github/sv-tests/third_party/tests/ivtest/ivltests <a href="../../../../third_party/tests/ivtest/ivltests/pr2434688.v.html" target="file-frame">third_party/tests/ivtest/ivltests/pr2434688.v</a>
Top level design units:
    top

../../src/github/sv-tests/third_party/tests/ivtest/ivltests/pr2434688.v:10:16: error: value must not have any unknown bits
    out = in[7:&#39;dx];
               ^~~
../../src/github/sv-tests/third_party/tests/ivtest/ivltests/pr2434688.v:16:14: error: value must not have any unknown bits
    out = in[&#39;dx:0];
             ^~~
../../src/github/sv-tests/third_party/tests/ivtest/ivltests/pr2434688.v:23:17: error: cannot refer to element 32&#39;bxxxxxxxxxxxxxxxxxxxxxxxxxxxxxxxx of &#39;reg[7:0]&#39;
    out[0] = in[&#39;dx];
                ^~~
../../src/github/sv-tests/third_party/tests/ivtest/ivltests/pr2434688.v:29:16: error: value must not have any unknown bits
    out = in[7:&#39;dz];
               ^~~
../../src/github/sv-tests/third_party/tests/ivtest/ivltests/pr2434688.v:35:14: error: value must not have any unknown bits
    out = in[&#39;dz:0];
             ^~~
../../src/github/sv-tests/third_party/tests/ivtest/ivltests/pr2434688.v:42:17: error: cannot refer to element 32&#39;bzzzzzzzzzzzzzzzzzzzzzzzzzzzzzzzz of &#39;reg[7:0]&#39;
    out[0] = in[&#39;dz];
                ^~~

Build failed: 6 errors, 0 warnings

</pre>
</body>