<head>
  <style>
    .log { font-family: "Courier New", Consolas, monospace; font-size: 80%; }
    .test-failed { background-color: #ffaaaa; }
    .test-passed { background-color: #aaffaa; }
  </style>
</head>
<body>
<h3><a href="https://github.com/MikePopoloski/slang" target="_blank">slang</a></h3>
<pre class="test-failed">
description: Test imported from ivtest
rc: 1 (means success: 0)
tags: ivtest
incdirs: /tmpfs/src/github/sv-tests/third_party/tests/ivtest /tmpfs/src/github/sv-tests/third_party/tests/ivtest/ivltests
top_module: 
type: parsing
mode: parsing
files: <a href="../../../../third_party/tests/ivtest/ivltests/pr2580730.v.html" target="file-frame">third_party/tests/ivtest/ivltests/pr2580730.v</a>
defines: 
time_elapsed: 0.000s
ram usage: 9936 KB
</pre>
<pre class="log">

slang-driver --single-unit -I/tmpfs/src/github/sv-tests/third_party/tests/ivtest -I/tmpfs/src/github/sv-tests/third_party/tests/ivtest/ivltests <a href="../../../../third_party/tests/ivtest/ivltests/pr2580730.v.html" target="file-frame">third_party/tests/ivtest/ivltests/pr2580730.v</a>
../../src/github/sv-tests/third_party/tests/ivtest/ivltests/pr2580730.v:16:5: error: unknown system name &#39;$timeformat&#39;
    $timeformat(-12, 0, &#34; ps&#34;, 16);
    ^~~~~~~~~~~
../../src/github/sv-tests/third_party/tests/ivtest/ivltests/pr2580730.v:19:14: error: language feature not yet supported
    rlval &lt;= #1 1.0;
             ^~~~~~
../../src/github/sv-tests/third_party/tests/ivtest/ivltests/pr2580730.v:20:13: error: language feature not yet supported
    rval &lt;= #2 1&#39;b1;
            ^~~~~~~
../../src/github/sv-tests/third_party/tests/ivtest/ivltests/pr2580730.v:21:16: error: language feature not yet supported
    aval[0] &lt;= #3 1&#39;b0;
               ^~~~~~~
../../src/github/sv-tests/third_party/tests/ivtest/ivltests/pr2580730.v:22:17: error: language feature not yet supported
    psval[1] &lt;= #4 1&#39;b1;
                ^~~~~~~
../../src/github/sv-tests/third_party/tests/ivtest/ivltests/pr2580730.v:52:14: error: language feature not yet supported
    rlval &lt;= #1 1.0;
             ^~~~~~
../../src/github/sv-tests/third_party/tests/ivtest/ivltests/pr2580730.v:53:13: error: language feature not yet supported
    rval &lt;= #2 1&#39;b1;
            ^~~~~~~
../../src/github/sv-tests/third_party/tests/ivtest/ivltests/pr2580730.v:54:16: error: language feature not yet supported
    aval[0] &lt;= #3 1&#39;b0;
               ^~~~~~~
../../src/github/sv-tests/third_party/tests/ivtest/ivltests/pr2580730.v:55:17: error: language feature not yet supported
    psval[1] &lt;= #4 1&#39;b1;
                ^~~~~~~

</pre>
</body>