<head>
  <style>
    .log { font-family: "Courier New", Consolas, monospace; font-size: 80%; }
    .test-failed { background-color: #ffaaaa; }
    .test-passed { background-color: #aaffaa; }
  </style>
</head>
<body>
<h3><a href="https://github.com/MikePopoloski/slang" target="_blank">slang</a></h3>
<pre class="test-failed">
description: Test imported from ivtest
rc: 1 (means success: 0)
should_fail: 0
tags: ivtest
incdirs: /tmpfs/src/github/sv-tests/third_party/tests/ivtest /tmpfs/src/github/sv-tests/third_party/tests/ivtest/ivltests
top_module: 
type: parsing
mode: parsing
files: <a href="../../../../third_party/tests/ivtest/ivltests/pr2800985a.v.html" target="file-frame">third_party/tests/ivtest/ivltests/pr2800985a.v</a>
time_elapsed: 0.000s
ram usage: 9608 KB
</pre>
<pre class="log">

slang-driver --single-unit -I/tmpfs/src/github/sv-tests/third_party/tests/ivtest -I/tmpfs/src/github/sv-tests/third_party/tests/ivtest/ivltests <a href="../../../../third_party/tests/ivtest/ivltests/pr2800985a.v.html" target="file-frame">third_party/tests/ivtest/ivltests/pr2800985a.v</a>
../../src/github/sv-tests/third_party/tests/ivtest/ivltests/pr2800985a.v:23:7: error: use of undeclared identifier &#39;clear_error&#39;
      clear_error;
      ^~~~~~~~~~~
../../src/github/sv-tests/third_party/tests/ivtest/ivltests/pr2800985a.v:31:15: error: unknown system name &#39;$ferror&#39;
      errno = $ferror(vfd, result);
              ^~~~~~~
../../src/github/sv-tests/third_party/tests/ivtest/ivltests/pr2800985a.v:41:18: error: no implicit conversion from &#39;bit[143:0]&#39; to &#39;string&#39;; explicit conversion exists, are you missing a cast?
    vfd = $fopen(work_file, &#34;w+&#34;);
                 ^~~~~~~~~
../../src/github/sv-tests/third_party/tests/ivtest/ivltests/pr2800985a.v:43:15: error: unknown system name &#39;$ferror&#39;
      errno = $ferror(vfd, result);
              ^~~~~~~
../../src/github/sv-tests/third_party/tests/ivtest/ivltests/pr2800985a.v:52:13: error: unknown system name &#39;$ferror&#39;
    errno = $ferror(1, result);
            ^~~~~~~
../../src/github/sv-tests/third_party/tests/ivtest/ivltests/pr2800985a.v:62:13: error: unknown system name &#39;$ferror&#39;
    errno = $ferror(bfd, result);
            ^~~~~~~
../../src/github/sv-tests/third_party/tests/ivtest/ivltests/pr2800985a.v:88:13: error: unknown system name &#39;$ferror&#39;
    errno = $ferror(bfd, result);
            ^~~~~~~
../../src/github/sv-tests/third_party/tests/ivtest/ivltests/pr2800985a.v:98:13: error: unknown system name &#39;$ferror&#39;
    errno = $ferror(bfd, result);
            ^~~~~~~
../../src/github/sv-tests/third_party/tests/ivtest/ivltests/pr2800985a.v:103:13: error: unknown system name &#39;$ferror&#39;
    errno = $ferror(bfd, result);
            ^~~~~~~
../../src/github/sv-tests/third_party/tests/ivtest/ivltests/pr2800985a.v:113:13: error: unknown system name &#39;$ferror&#39;
    errno = $ferror(bfd, result);
            ^~~~~~~
../../src/github/sv-tests/third_party/tests/ivtest/ivltests/pr2800985a.v:118:13: error: unknown system name &#39;$ferror&#39;
    errno = $ferror(bfd, result);
            ^~~~~~~
../../src/github/sv-tests/third_party/tests/ivtest/ivltests/pr2800985a.v:128:13: error: unknown system name &#39;$ferror&#39;
    errno = $ferror(bfd, result);
            ^~~~~~~
../../src/github/sv-tests/third_party/tests/ivtest/ivltests/pr2800985a.v:133:13: error: unknown system name &#39;$ferror&#39;
    errno = $ferror(bfd, result);
            ^~~~~~~
../../src/github/sv-tests/third_party/tests/ivtest/ivltests/pr2800985a.v:143:13: error: unknown system name &#39;$ferror&#39;
    errno = $ferror(bfd, result);
            ^~~~~~~
../../src/github/sv-tests/third_party/tests/ivtest/ivltests/pr2800985a.v:148:13: error: unknown system name &#39;$ferror&#39;
    errno = $ferror(bfd, result);
            ^~~~~~~
../../src/github/sv-tests/third_party/tests/ivtest/ivltests/pr2800985a.v:159:13: error: unknown system name &#39;$ferror&#39;
    errno = $ferror(bfd, result);
            ^~~~~~~
../../src/github/sv-tests/third_party/tests/ivtest/ivltests/pr2800985a.v:165:13: error: unknown system name &#39;$ferror&#39;
    errno = $ferror(bfd, result);
            ^~~~~~~
../../src/github/sv-tests/third_party/tests/ivtest/ivltests/pr2800985a.v:177:13: error: unknown system name &#39;$ferror&#39;
    errno = $ferror(bfd, result);
            ^~~~~~~
../../src/github/sv-tests/third_party/tests/ivtest/ivltests/pr2800985a.v:183:13: error: unknown system name &#39;$ferror&#39;
    errno = $ferror(bfd, result);
            ^~~~~~~
../../src/github/sv-tests/third_party/tests/ivtest/ivltests/pr2800985a.v:189:13: error: unknown system name &#39;$ferror&#39;
    errno = $ferror(vfd, result);
            ^~~~~~~
fatal error: too many errors emitted, stopping now [--error-limit=]

</pre>
</body>