<head>
  <style>
    .log { font-family: "Courier New", Consolas, monospace; font-size: 80%; }
    .test-failed { background-color: #ffaaaa; }
    .test-passed { background-color: #aaffaa; }
  </style>
</head>
<body>
<h3><a href="https://github.com/MikePopoloski/slang" target="_blank">slang</a></h3>
<pre class="test-failed">
description: Test imported from ivtest
should_fail: 0
tags: ivtest
incdirs: /tmpfs/src/github/sv-tests/third_party/tests/ivtest /tmpfs/src/github/sv-tests/third_party/tests/ivtest/ivltests
top_module: 
type: parsing
mode: parsing
files: <a href="../../../../third_party/tests/ivtest/ivltests/pr540b.v.html" target="file-frame">third_party/tests/ivtest/ivltests/pr540b.v</a>
time_elapsed: 0.000s
ram usage: 9504 KB
</pre>
<pre class="log">

../../src/github/sv-tests/third_party/tests/ivtest/ivltests/pr540b.v:63:5: error: language feature not yet supported
    disable block_name;
    ^~~~~~~~~~~~~~~~~~~
../../src/github/sv-tests/third_party/tests/ivtest/ivltests/pr540b.v:72:2: error: language feature not yet supported
	wait (fred);
	^~~~~~~~~~~~
../../src/github/sv-tests/third_party/tests/ivtest/ivltests/pr540b.v:74:4: error: language feature not yet supported
	  disable configloop;
	  ^~~~~~~~~~~~~~~~~~~
../../src/github/sv-tests/third_party/tests/ivtest/ivltests/pr540b.v:79:40: error: field width not allowed on &#39;%116&#39; format specifiers
    if (loop_fail) $display(&#34;\n\ttime: %0t, loop_cntr: %0d&#34;,$time,loop_cntr);
                                       ^~~
../../src/github/sv-tests/third_party/tests/ivtest/ivltests/pr540b.v:93:4: error: language feature not yet supported
	  disable forked_tasks;
	  ^~~~~~~~~~~~~~~~~~~~~
../../src/github/sv-tests/third_party/tests/ivtest/ivltests/pr540b.v:103:5: error: use of undeclared identifier &#39;task_with_loop&#39;
    task_with_loop;
    ^~~~~~~~~~~~~~
../../src/github/sv-tests/third_party/tests/ivtest/ivltests/pr540b.v:106:5: error: use of undeclared identifier &#39;task_with_fork&#39;
    task_with_fork;
    ^~~~~~~~~~~~~~
../../src/github/sv-tests/third_party/tests/ivtest/ivltests/pr540b.v:109:5: error: use of undeclared identifier &#39;task_with_fork2&#39;
    task_with_fork2;
    ^~~~~~~~~~~~~~~
../../src/github/sv-tests/third_party/tests/ivtest/ivltests/pr540b.v:113:5: error: use of undeclared identifier &#39;task_with_fork3&#39;
    task_with_fork3;
    ^~~~~~~~~~~~~~~
../../src/github/sv-tests/third_party/tests/ivtest/ivltests/pr540b.v:122:2: error: language feature not yet supported
	wait (fred);
	^~~~~~~~~~~~
../../src/github/sv-tests/third_party/tests/ivtest/ivltests/pr540b.v:124:4: error: language feature not yet supported
	  disable configtlp;
	  ^~~~~~~~~~~~~~~~~~
../../src/github/sv-tests/third_party/tests/ivtest/ivltests/pr540b.v:143:4: error: language feature not yet supported
	  disable forked_tasks_in_task;
	  ^~~~~~~~~~~~~~~~~~~~~~~~~~~~~
../../src/github/sv-tests/third_party/tests/ivtest/ivltests/pr540b.v:163:4: error: language feature not yet supported
	  disable gam;
	  ^~~~~~~~~~~~
../../src/github/sv-tests/third_party/tests/ivtest/ivltests/pr540b.v:183:4: error: language feature not yet supported
	  disable zet;
	  ^~~~~~~~~~~~

</pre>
</body>