<head>
  <style>
    .log { font-family: "Courier New", Consolas, monospace; font-size: 80%; }
    .test-failed { background-color: #ffaaaa; }
    .test-passed { background-color: #aaffaa; }
  </style>
</head>
<body>
<h3><a href="https://github.com/MikePopoloski/slang" target="_blank">slang</a></h3>
<pre class="test-failed">
description: Test imported from ivtest
rc: 1 (means success: 0)
tags: ivtest
incdirs: /tmpfs/src/github/sv-tests/third_party/tests/ivtest /tmpfs/src/github/sv-tests/third_party/tests/ivtest/ivltests
top_module: 
type: parsing
mode: parsing
files: <a href="../../../../third_party/tests/ivtest/ivltests/readmem-error.v.html" target="file-frame">third_party/tests/ivtest/ivltests/readmem-error.v</a>
defines: 
time_elapsed: 0.003s
ram usage: 9204 KB
</pre>
<pre class="log">

slang-driver --single-unit -I /tmpfs/src/github/sv-tests/third_party/tests/ivtest -I /tmpfs/src/github/sv-tests/third_party/tests/ivtest/ivltests <a href="../../../../third_party/tests/ivtest/ivltests/readmem-error.v.html" target="file-frame">third_party/tests/ivtest/ivltests/readmem-error.v</a>
Top level design units:
    top

../../src/github/sv-tests/third_party/tests/ivtest/ivltests/readmem-error.v:38:47: error: invalid argument type &#39;real&#39; to system task
    $readmemb(&#34;ivltests/readmemb.txt&#34;, array, rval);
                                              ^~~~
../../src/github/sv-tests/third_party/tests/ivtest/ivltests/readmem-error.v:49:50: error: invalid argument type &#39;real&#39; to system task
    $readmemb(&#34;ivltests/readmemb.txt&#34;, array, 0, rval);
                                                 ^~~~
../../src/github/sv-tests/third_party/tests/ivtest/ivltests/readmem-error.v:143:47: error: invalid argument type &#39;real&#39; to system task
    $readmemh(&#34;ivltests/readmemh.txt&#34;, array, rval);
                                              ^~~~
../../src/github/sv-tests/third_party/tests/ivtest/ivltests/readmem-error.v:154:50: error: invalid argument type &#39;real&#39; to system task
    $readmemh(&#34;ivltests/readmemh.txt&#34;, array, 0, rval);
                                                 ^~~~

Build failed: 4 errors, 0 warnings

</pre>
</body>