<head>
  <style>
    .log { font-family: "Courier New", Consolas, monospace; font-size: 80%; }
    .test-failed { background-color: #ffaaaa; }
    .test-passed { background-color: #aaffaa; }
  </style>
</head>
<body>
<h3><a href="https://github.com/MikePopoloski/slang" target="_blank">slang</a></h3>
<pre class="test-failed">
description: Test imported from ivtest
rc: 1 (means success: 0)
tags: ivtest
incdirs: /tmpfs/src/github/sv-tests/third_party/tests/ivtest /tmpfs/src/github/sv-tests/third_party/tests/ivtest/ivltests
top_module: 
type: parsing
mode: parsing
files: <a href="../../../../third_party/tests/ivtest/ivltests/real_delay.v.html" target="file-frame">third_party/tests/ivtest/ivltests/real_delay.v</a>
defines: 
time_elapsed: 0.004s
ram usage: 9100 KB
</pre>
<pre class="log">

slang-driver --single-unit -I /tmpfs/src/github/sv-tests/third_party/tests/ivtest -I /tmpfs/src/github/sv-tests/third_party/tests/ivtest/ivltests <a href="../../../../third_party/tests/ivtest/ivltests/real_delay.v.html" target="file-frame">third_party/tests/ivtest/ivltests/real_delay.v</a>
Top level design units:
    lrg_const
    lrg_var
    med_const
    med_var
    sml_const
    sml_var
    top

../../src/github/sv-tests/third_party/tests/ivtest/ivltests/real_delay.v:3:1: error: expected member
primitive not_u (out, in);
^~~~~~~~~
../../src/github/sv-tests/third_party/tests/ivtest/ivltests/real_delay.v:21:3: error: expected member
  specify
  ^~~~~~~
../../src/github/sv-tests/third_party/tests/ivtest/ivltests/real_delay.v:62:3: error: unknown module &#39;not_u&#39;
  not_u #(1.134, 0) dut_u (out_u, in);
  ^~~~~
../../src/github/sv-tests/third_party/tests/ivtest/ivltests/real_delay.v:67:5: error: unknown system name &#39;$sdf_annotate&#39;
    $sdf_annotate(&#34;ivltests/real_delay.sdf&#34;);
    ^~~~~~~~~~~~~
../../src/github/sv-tests/third_party/tests/ivtest/ivltests/real_delay.v:68:5: error: unknown system name &#39;$sdf_annotate&#39;
    $sdf_annotate(&#34;ivltests/real_delay_sml.sdf&#34;);
    ^~~~~~~~~~~~~
../../src/github/sv-tests/third_party/tests/ivtest/ivltests/real_delay.v:84:3: error: expected member
  specify
  ^~~~~~~
../../src/github/sv-tests/third_party/tests/ivtest/ivltests/real_delay.v:97:3: error: expected member
  specify
  ^~~~~~~
../../src/github/sv-tests/third_party/tests/ivtest/ivltests/real_delay.v:109:3: error: unknown module &#39;not_u&#39;
  not_u #(dly2, dly3) dut_u (out_u, in);
  ^~~~~
../../src/github/sv-tests/third_party/tests/ivtest/ivltests/real_delay.v:131:3: error: unknown module &#39;not_u&#39;
  not_u #(1.134, 0) dut_u (out_u, in);
  ^~~~~
../../src/github/sv-tests/third_party/tests/ivtest/ivltests/real_delay.v:136:5: error: unknown system name &#39;$sdf_annotate&#39;
    $sdf_annotate(&#34;ivltests/real_delay.sdf&#34;);
    ^~~~~~~~~~~~~
../../src/github/sv-tests/third_party/tests/ivtest/ivltests/real_delay.v:137:5: error: unknown system name &#39;$sdf_annotate&#39;
    $sdf_annotate(&#34;ivltests/real_delay_med.sdf&#34;);
    ^~~~~~~~~~~~~
../../src/github/sv-tests/third_party/tests/ivtest/ivltests/real_delay.v:153:3: error: expected member
  specify
  ^~~~~~~
../../src/github/sv-tests/third_party/tests/ivtest/ivltests/real_delay.v:166:3: error: expected member
  specify
  ^~~~~~~
../../src/github/sv-tests/third_party/tests/ivtest/ivltests/real_delay.v:177:3: error: unknown module &#39;not_u&#39;
  not_u #(dly2, dly3) dut_u (out_u, in);
  ^~~~~
../../src/github/sv-tests/third_party/tests/ivtest/ivltests/real_delay.v:199:3: error: unknown module &#39;not_u&#39;
  not_u #(1.134, 0) dut_u (out_u, in);
  ^~~~~
../../src/github/sv-tests/third_party/tests/ivtest/ivltests/real_delay.v:204:5: error: unknown system name &#39;$sdf_annotate&#39;
    $sdf_annotate(&#34;ivltests/real_delay.sdf&#34;);
    ^~~~~~~~~~~~~
../../src/github/sv-tests/third_party/tests/ivtest/ivltests/real_delay.v:205:5: error: unknown system name &#39;$sdf_annotate&#39;
    $sdf_annotate(&#34;ivltests/real_delay_lrg.sdf&#34;);
    ^~~~~~~~~~~~~
../../src/github/sv-tests/third_party/tests/ivtest/ivltests/real_delay.v:221:3: error: expected member
  specify
  ^~~~~~~
../../src/github/sv-tests/third_party/tests/ivtest/ivltests/real_delay.v:234:3: error: expected member
  specify
  ^~~~~~~
../../src/github/sv-tests/third_party/tests/ivtest/ivltests/real_delay.v:245:3: error: unknown module &#39;not_u&#39;
  not_u #(dly2, dly3) dut_u (out_u, in);
  ^~~~~

Build failed: 20 errors, 0 warnings

</pre>
</body>