<head>
  <style>
    .log { font-family: "Courier New", Consolas, monospace; font-size: 80%; }
    .test-failed { background-color: #ffaaaa; }
    .test-passed { background-color: #aaffaa; }
  </style>
</head>
<body>
<h3><a href="https://github.com/MikePopoloski/slang" target="_blank">slang</a></h3>
<pre class="test-failed">
description: Test imported from ivtest
rc: 1 (means success: 0)
tags: ivtest
incdirs: /tmpfs/src/github/sv-tests/third_party/tests/ivtest /tmpfs/src/github/sv-tests/third_party/tests/ivtest/ivltests
top_module: 
type: parsing
mode: parsing
files: <a href="../../../../third_party/tests/ivtest/ivltests/rtranif0.v.html" target="file-frame">third_party/tests/ivtest/ivltests/rtranif0.v</a>
defines: 
time_elapsed: 0.004s
ram usage: 9056 KB
</pre>
<pre class="log">

slang-driver --single-unit -I /tmpfs/src/github/sv-tests/third_party/tests/ivtest -I /tmpfs/src/github/sv-tests/third_party/tests/ivtest/ivltests <a href="../../../../third_party/tests/ivtest/ivltests/rtranif0.v.html" target="file-frame">third_party/tests/ivtest/ivltests/rtranif0.v</a>
Top level design units:
    test

../../src/github/sv-tests/third_party/tests/ivtest/ivltests/rtranif0.v:91:64: error: value of type &#39;logic&#39; is invalid for &#39;%v&#39; format specifier
  $display(&#34;a1(%v) a2(%v) a3(%v) a4(%v) a5(%v) a6(%v) a7(%v)&#34;, a1, a2, a3, a4, a5, a6, a7);
               ~~                                              ^~
../../src/github/sv-tests/third_party/tests/ivtest/ivltests/rtranif0.v:91:68: error: value of type &#39;logic&#39; is invalid for &#39;%v&#39; format specifier
  $display(&#34;a1(%v) a2(%v) a3(%v) a4(%v) a5(%v) a6(%v) a7(%v)&#34;, a1, a2, a3, a4, a5, a6, a7);
                      ~~                                           ^~
../../src/github/sv-tests/third_party/tests/ivtest/ivltests/rtranif0.v:91:72: error: value of type &#39;logic&#39; is invalid for &#39;%v&#39; format specifier
  $display(&#34;a1(%v) a2(%v) a3(%v) a4(%v) a5(%v) a6(%v) a7(%v)&#34;, a1, a2, a3, a4, a5, a6, a7);
                             ~~                                        ^~
../../src/github/sv-tests/third_party/tests/ivtest/ivltests/rtranif0.v:91:76: error: value of type &#39;logic&#39; is invalid for &#39;%v&#39; format specifier
  $display(&#34;a1(%v) a2(%v) a3(%v) a4(%v) a5(%v) a6(%v) a7(%v)&#34;, a1, a2, a3, a4, a5, a6, a7);
                                    ~~                                     ^~
../../src/github/sv-tests/third_party/tests/ivtest/ivltests/rtranif0.v:91:80: error: value of type &#39;logic&#39; is invalid for &#39;%v&#39; format specifier
  $display(&#34;a1(%v) a2(%v) a3(%v) a4(%v) a5(%v) a6(%v) a7(%v)&#34;, a1, a2, a3, a4, a5, a6, a7);
                                           ~~                                  ^~
../../src/github/sv-tests/third_party/tests/ivtest/ivltests/rtranif0.v:91:84: error: value of type &#39;logic&#39; is invalid for &#39;%v&#39; format specifier
  $display(&#34;a1(%v) a2(%v) a3(%v) a4(%v) a5(%v) a6(%v) a7(%v)&#34;, a1, a2, a3, a4, a5, a6, a7);
                                                  ~~                               ^~
../../src/github/sv-tests/third_party/tests/ivtest/ivltests/rtranif0.v:91:88: error: value of type &#39;logic&#39; is invalid for &#39;%v&#39; format specifier
  $display(&#34;a1(%v) a2(%v) a3(%v) a4(%v) a5(%v) a6(%v) a7(%v)&#34;, a1, a2, a3, a4, a5, a6, a7);
                                                         ~~                            ^~
../../src/github/sv-tests/third_party/tests/ivtest/ivltests/rtranif0.v:92:70: error: value of type &#39;logic&#39; is invalid for &#39;%v&#39; format specifier
  $display(&#34;t11(%v %v) t12(%v %v) t13(%v %v) t14(%v %v) t15(%v %v)&#34;, a11, b11, a12, b12, a13, b13, a14, b14, a15, b15);
                ~~                                                   ^~~
../../src/github/sv-tests/third_party/tests/ivtest/ivltests/rtranif0.v:92:75: error: value of type &#39;logic&#39; is invalid for &#39;%v&#39; format specifier
  $display(&#34;t11(%v %v) t12(%v %v) t13(%v %v) t14(%v %v) t15(%v %v)&#34;, a11, b11, a12, b12, a13, b13, a14, b14, a15, b15);
                   ~~                                                     ^~~
../../src/github/sv-tests/third_party/tests/ivtest/ivltests/rtranif0.v:92:80: error: value of type &#39;logic&#39; is invalid for &#39;%v&#39; format specifier
  $display(&#34;t11(%v %v) t12(%v %v) t13(%v %v) t14(%v %v) t15(%v %v)&#34;, a11, b11, a12, b12, a13, b13, a14, b14, a15, b15);
                           ~~                                                  ^~~
../../src/github/sv-tests/third_party/tests/ivtest/ivltests/rtranif0.v:92:85: error: value of type &#39;logic&#39; is invalid for &#39;%v&#39; format specifier
  $display(&#34;t11(%v %v) t12(%v %v) t13(%v %v) t14(%v %v) t15(%v %v)&#34;, a11, b11, a12, b12, a13, b13, a14, b14, a15, b15);
                              ~~                                                    ^~~
../../src/github/sv-tests/third_party/tests/ivtest/ivltests/rtranif0.v:92:90: error: value of type &#39;logic&#39; is invalid for &#39;%v&#39; format specifier
  $display(&#34;t11(%v %v) t12(%v %v) t13(%v %v) t14(%v %v) t15(%v %v)&#34;, a11, b11, a12, b12, a13, b13, a14, b14, a15, b15);
                                      ~~                                                 ^~~
../../src/github/sv-tests/third_party/tests/ivtest/ivltests/rtranif0.v:92:95: error: value of type &#39;logic&#39; is invalid for &#39;%v&#39; format specifier
  $display(&#34;t11(%v %v) t12(%v %v) t13(%v %v) t14(%v %v) t15(%v %v)&#34;, a11, b11, a12, b12, a13, b13, a14, b14, a15, b15);
                                         ~~                                                   ^~~
../../src/github/sv-tests/third_party/tests/ivtest/ivltests/rtranif0.v:92:100: error: value of type &#39;logic&#39; is invalid for &#39;%v&#39; format specifier
  $display(&#34;t11(%v %v) t12(%v %v) t13(%v %v) t14(%v %v) t15(%v %v)&#34;, a11, b11, a12, b12, a13, b13, a14, b14, a15, b15);
                                                 ~~                                                ^~~
../../src/github/sv-tests/third_party/tests/ivtest/ivltests/rtranif0.v:92:105: error: value of type &#39;logic&#39; is invalid for &#39;%v&#39; format specifier
  $display(&#34;t11(%v %v) t12(%v %v) t13(%v %v) t14(%v %v) t15(%v %v)&#34;, a11, b11, a12, b12, a13, b13, a14, b14, a15, b15);
                                                    ~~                                                  ^~~
../../src/github/sv-tests/third_party/tests/ivtest/ivltests/rtranif0.v:92:110: error: value of type &#39;logic&#39; is invalid for &#39;%v&#39; format specifier
  $display(&#34;t11(%v %v) t12(%v %v) t13(%v %v) t14(%v %v) t15(%v %v)&#34;, a11, b11, a12, b12, a13, b13, a14, b14, a15, b15);
                                                            ~~                                               ^~~
../../src/github/sv-tests/third_party/tests/ivtest/ivltests/rtranif0.v:92:115: error: value of type &#39;logic&#39; is invalid for &#39;%v&#39; format specifier
  $display(&#34;t11(%v %v) t12(%v %v) t13(%v %v) t14(%v %v) t15(%v %v)&#34;, a11, b11, a12, b12, a13, b13, a14, b14, a15, b15);
                                                               ~~                                                 ^~~
../../src/github/sv-tests/third_party/tests/ivtest/ivltests/rtranif0.v:93:70: error: value of type &#39;logic&#39; is invalid for &#39;%v&#39; format specifier
  $display(&#34;t21(%v %v) t22(%v %v) t23(%v %v) t24(%v %v) t25(%v %v)&#34;, a21, b21, a22, b22, a23, b23, a24, b24, a25, b25);
                ~~                                                   ^~~
../../src/github/sv-tests/third_party/tests/ivtest/ivltests/rtranif0.v:93:75: error: value of type &#39;logic&#39; is invalid for &#39;%v&#39; format specifier
  $display(&#34;t21(%v %v) t22(%v %v) t23(%v %v) t24(%v %v) t25(%v %v)&#34;, a21, b21, a22, b22, a23, b23, a24, b24, a25, b25);
                   ~~                                                     ^~~
../../src/github/sv-tests/third_party/tests/ivtest/ivltests/rtranif0.v:93:80: error: value of type &#39;logic&#39; is invalid for &#39;%v&#39; format specifier
  $display(&#34;t21(%v %v) t22(%v %v) t23(%v %v) t24(%v %v) t25(%v %v)&#34;, a21, b21, a22, b22, a23, b23, a24, b24, a25, b25);
                           ~~                                                  ^~~
fatal error: too many errors emitted, stopping now [--error-limit=]

Build failed: 20 errors, 0 warnings

</pre>
</body>