<head>
  <style>
    .log { font-family: "Courier New", Consolas, monospace; font-size: 80%; }
    .test-failed { background-color: #ffaaaa; }
    .test-passed { background-color: #aaffaa; }
  </style>
</head>
<body>
<h3><a href="https://github.com/MikePopoloski/slang" target="_blank">slang</a></h3>
<pre class="test-failed">
description: Test imported from ivtest
rc: 1 (means success: 0)
tags: ivtest
incdirs: /tmpfs/src/github/sv-tests/third_party/tests/ivtest /tmpfs/src/github/sv-tests/third_party/tests/ivtest/ivltests
top_module: 
type: parsing
mode: parsing
files: <a href="../../../../third_party/tests/ivtest/ivltests/scan-invalid.v.html" target="file-frame">third_party/tests/ivtest/ivltests/scan-invalid.v</a>
defines: 
time_elapsed: 0.003s
ram usage: 9112 KB
</pre>
<pre class="log">

slang-driver --single-unit -I /tmpfs/src/github/sv-tests/third_party/tests/ivtest -I /tmpfs/src/github/sv-tests/third_party/tests/ivtest/ivltests <a href="../../../../third_party/tests/ivtest/ivltests/scan-invalid.v.html" target="file-frame">third_party/tests/ivtest/ivltests/scan-invalid.v</a>
Top level design units:
    top

../../src/github/sv-tests/third_party/tests/ivtest/ivltests/scan-invalid.v:10:11: error: too few arguments to subroutine call; expected 2 but 1 were provided
    res = $sscanf(&#34;A string&#34;);
          ^~~~~~~~~~~~~~~~~~~
../../src/github/sv-tests/third_party/tests/ivtest/ivltests/scan-invalid.v:11:11: error: too few arguments to subroutine call; expected 2 but 1 were provided
    res = $sscanf(wval);
          ^~~~~~~~~~~~~
../../src/github/sv-tests/third_party/tests/ivtest/ivltests/scan-invalid.v:13:37: error: &#39;top&#39; is a module definition but is used as a value
    res = $sscanf(&#34;A string&#34;, &#34;%s&#34;, top);
                                    ^~~
../../src/github/sv-tests/third_party/tests/ivtest/ivltests/scan-invalid.v:20:11: error: too few arguments to subroutine call; expected 2 but 1 were provided
    res = $fscanf(1);
          ^~~~~~~~~~
../../src/github/sv-tests/third_party/tests/ivtest/ivltests/scan-invalid.v:21:11: error: too few arguments to subroutine call; expected 2 but 1 were provided
    res = $fscanf(&#34;A string&#34;);
          ^~~~~~~~~~~~~~~~~~~
../../src/github/sv-tests/third_party/tests/ivtest/ivltests/scan-invalid.v:23:28: error: &#39;top&#39; is a module definition but is used as a value
    res = $fscanf(1, &#34;%s&#34;, top);
                           ^~~

Build failed: 6 errors, 0 warnings

</pre>
</body>