<head>
  <style>
    .log { font-family: "Courier New", Consolas, monospace; font-size: 80%; }
    .test-failed { background-color: #ffaaaa; }
    .test-passed { background-color: #aaffaa; }
  </style>
</head>
<body>
<h3><a href="https://github.com/MikePopoloski/slang" target="_blank">slang</a></h3>
<pre class="test-failed">
description: Test imported from ivtest
rc: 1 (means success: 0)
tags: ivtest
incdirs: /tmpfs/src/github/sv-tests/third_party/tests/ivtest /tmpfs/src/github/sv-tests/third_party/tests/ivtest/ivltests
top_module: 
type: parsing
mode: parsing
files: <a href="../../../../third_party/tests/ivtest/ivltests/sel_rval_part_ob.v.html" target="file-frame">third_party/tests/ivtest/ivltests/sel_rval_part_ob.v</a>
defines: 
time_elapsed: 0.007s
ram usage: 9116 KB
</pre>
<pre class="log">

slang-driver --single-unit -I /tmpfs/src/github/sv-tests/third_party/tests/ivtest -I /tmpfs/src/github/sv-tests/third_party/tests/ivtest/ivltests <a href="../../../../third_party/tests/ivtest/ivltests/sel_rval_part_ob.v.html" target="file-frame">third_party/tests/ivtest/ivltests/sel_rval_part_ob.v</a>
Top level design units:
    top

../../src/github/sv-tests/third_party/tests/ivtest/ivltests/sel_rval_part_ob.v:42:15: error: cannot refer to element 32 of &#39;logic signed[31:0]&#39;
    if (pvar0[32] === 1&#39;bx) big_param = 1&#39;b0;
              ^~
../../src/github/sv-tests/third_party/tests/ivtest/ivltests/sel_rval_part_ob.v:50:18: error: cannot select range of [33:32] from &#39;logic signed[31:0]&#39;
    part = pvar0[33:32];  // May be after all
                 ^~~~~
../../src/github/sv-tests/third_party/tests/ivtest/ivltests/sel_rval_part_ob.v:55:18: error: cannot select range of [32:31] from &#39;logic signed[31:0]&#39;
    part = pvar0[32:31];  // May be partial after
                 ^~~~~
../../src/github/sv-tests/third_party/tests/ivtest/ivltests/sel_rval_part_ob.v:61:18: error: cannot select range of [-1:-2] from &#39;logic signed[31:0]&#39;
    part = pvar0[-1:-2];  // Before all
                 ^~~~~
../../src/github/sv-tests/third_party/tests/ivtest/ivltests/sel_rval_part_ob.v:66:18: error: cannot select range of [0:-1] from &#39;logic signed[31:0]&#39;
    part = pvar0[0:-1];  // Partial before
                 ^~~~
../../src/github/sv-tests/third_party/tests/ivtest/ivltests/sel_rval_part_ob.v:72:18: error: value must not have any unknown bits
    part = pvar0[1&#39;bx:1];  // Undefined 1st
                 ^~~~
../../src/github/sv-tests/third_party/tests/ivtest/ivltests/sel_rval_part_ob.v:78:20: error: value must not have any unknown bits
    part = pvar0[1:1&#39;bx];  // Undefined 2nd
                   ^~~~
../../src/github/sv-tests/third_party/tests/ivtest/ivltests/sel_rval_part_ob.v:84:18: error: value must not have any unknown bits
    part = pvar0[1&#39;bz:1];  // High-Z 1st
                 ^~~~
../../src/github/sv-tests/third_party/tests/ivtest/ivltests/sel_rval_part_ob.v:90:20: error: value must not have any unknown bits
    part = pvar0[1:1&#39;bz];  // High-Z 2nd
                   ^~~~
../../src/github/sv-tests/third_party/tests/ivtest/ivltests/sel_rval_part_ob.v:103:18: error: cannot select range of [33:32] from &#39;logic signed[31:0]&#39;
    part = pvar1[33:32];  // May be after all
                 ^~~~~
../../src/github/sv-tests/third_party/tests/ivtest/ivltests/sel_rval_part_ob.v:108:18: error: cannot select range of [32:31] from &#39;logic signed[31:0]&#39;
    part = pvar1[32:31];  // May be partial after
                 ^~~~~
../../src/github/sv-tests/third_party/tests/ivtest/ivltests/sel_rval_part_ob.v:114:18: error: cannot select range of [-1:-2] from &#39;logic signed[31:0]&#39;
    part = pvar1[-1:-2];  // Before all
                 ^~~~~
../../src/github/sv-tests/third_party/tests/ivtest/ivltests/sel_rval_part_ob.v:119:18: error: cannot select range of [0:-1] from &#39;logic signed[31:0]&#39;
    part = pvar1[0:-1];  // Partial before
                 ^~~~
../../src/github/sv-tests/third_party/tests/ivtest/ivltests/sel_rval_part_ob.v:125:18: error: value must not have any unknown bits
    part = pvar1[1&#39;bx:1];  // Undefined 1st
                 ^~~~
../../src/github/sv-tests/third_party/tests/ivtest/ivltests/sel_rval_part_ob.v:131:20: error: value must not have any unknown bits
    part = pvar1[1:1&#39;bx];  // Undefined 2nd
                   ^~~~
../../src/github/sv-tests/third_party/tests/ivtest/ivltests/sel_rval_part_ob.v:137:18: error: value must not have any unknown bits
    part = pvar1[1&#39;bz:1];  // High-Z 1st
                 ^~~~
../../src/github/sv-tests/third_party/tests/ivtest/ivltests/sel_rval_part_ob.v:143:20: error: value must not have any unknown bits
    part = pvar1[1:1&#39;bz];  // High-Z 2nd
                   ^~~~
../../src/github/sv-tests/third_party/tests/ivtest/ivltests/sel_rval_part_ob.v:156:18: error: cannot select range of [33:32] from &#39;logic signed[31:0]&#39;
    part = pvar2[33:32];  // May be after all
                 ^~~~~
../../src/github/sv-tests/third_party/tests/ivtest/ivltests/sel_rval_part_ob.v:161:18: error: cannot select range of [32:31] from &#39;logic signed[31:0]&#39;
    part = pvar2[32:31];  // May be partial after
                 ^~~~~
../../src/github/sv-tests/third_party/tests/ivtest/ivltests/sel_rval_part_ob.v:167:18: error: cannot select range of [-1:-2] from &#39;logic signed[31:0]&#39;
    part = pvar2[-1:-2];  // Before all
                 ^~~~~
fatal error: too many errors emitted, stopping now [--error-limit=]

Build failed: 20 errors, 0 warnings

</pre>
</body>