<head>
  <style>
    .log { font-family: "Courier New", Consolas, monospace; font-size: 80%; }
    .test-failed { background-color: #ffaaaa; }
    .test-passed { background-color: #aaffaa; }
  </style>
</head>
<body>
<h3><a href="https://github.com/MikePopoloski/slang" target="_blank">slang</a></h3>
<pre class="test-failed">
description: Test imported from ivtest
rc: 1 (means success: 0)
tags: ivtest
incdirs: /tmpfs/src/github/sv-tests/third_party/tests/ivtest /tmpfs/src/github/sv-tests/third_party/tests/ivtest/ivltests
top_module: 
type: parsing
mode: parsing
files: <a href="../../../../third_party/tests/ivtest/ivltests/sf_countbits_fail.v.html" target="file-frame">third_party/tests/ivtest/ivltests/sf_countbits_fail.v</a>
defines: 
time_elapsed: 0.002s
ram usage: 9064 KB
</pre>
<pre class="log">

slang-driver --single-unit -I /tmpfs/src/github/sv-tests/third_party/tests/ivtest -I /tmpfs/src/github/sv-tests/third_party/tests/ivtest/ivltests <a href="../../../../third_party/tests/ivtest/ivltests/sf_countbits_fail.v.html" target="file-frame">third_party/tests/ivtest/ivltests/sf_countbits_fail.v</a>
Top level design units:
    top

../../src/github/sv-tests/third_party/tests/ivtest/ivltests/sf_countbits_fail.v:6:14: error: too few arguments to subroutine call; expected 2 but 1 were provided
    result = $countbits(top);
             ^~~~~~~~~~~~~~~
../../src/github/sv-tests/third_party/tests/ivtest/ivltests/sf_countbits_fail.v:6:25: error: &#39;top&#39; is a module definition but is used as a value
    result = $countbits(top);
                        ^~~
../../src/github/sv-tests/third_party/tests/ivtest/ivltests/sf_countbits_fail.v:7:14: error: too few arguments to subroutine call; expected 2 but 1 were provided
    result = $countbits(&#34;a string&#34;);
             ^~~~~~~~~~~~~~~~~~~~~~
../../src/github/sv-tests/third_party/tests/ivtest/ivltests/sf_countbits_fail.v:8:14: error: too few arguments to subroutine call; expected 2 but 1 were provided
    result = $countbits(1&#39;bx);
             ^~~~~~~~~~~~~~~~

Build failed: 4 errors, 0 warnings

</pre>
</body>