<head>
  <style>
    .log { font-family: "Courier New", Consolas, monospace; font-size: 80%; }
    .test-failed { background-color: #ffaaaa; }
    .test-passed { background-color: #aaffaa; }
  </style>
</head>
<body>
<h3><a href="https://github.com/MikePopoloski/slang" target="_blank">slang</a></h3>
<pre class="test-failed">
description: Test imported from ivtest
rc: 1 (means success: 0)
tags: ivtest
incdirs: /tmpfs/src/github/sv-tests/third_party/tests/ivtest /tmpfs/src/github/sv-tests/third_party/tests/ivtest/ivltests
top_module: 
type: parsing
mode: parsing
files: <a href="../../../../third_party/tests/ivtest/ivltests/sf_onehot0_fail.v.html" target="file-frame">third_party/tests/ivtest/ivltests/sf_onehot0_fail.v</a>
defines: 
time_elapsed: 0.003s
ram usage: 9104 KB
</pre>
<pre class="log">

slang-driver --single-unit -I /tmpfs/src/github/sv-tests/third_party/tests/ivtest -I /tmpfs/src/github/sv-tests/third_party/tests/ivtest/ivltests <a href="../../../../third_party/tests/ivtest/ivltests/sf_onehot0_fail.v.html" target="file-frame">third_party/tests/ivtest/ivltests/sf_onehot0_fail.v</a>
Top level design units:
    top

../../src/github/sv-tests/third_party/tests/ivtest/ivltests/sf_onehot0_fail.v:6:23: error: &#39;top&#39; is a module definition but is used as a value
    result = $onehot0(top);
                      ^~~
../../src/github/sv-tests/third_party/tests/ivtest/ivltests/sf_onehot0_fail.v:8:31: error: too many arguments to subroutine call; expected 1 but 2 were provided
    result = $onehot0(4&#39;b001, 1&#39;b0);
                              ^~~~

Build failed: 2 errors, 0 warnings

</pre>
</body>