<head>
  <style>
    .log { font-family: "Courier New", Consolas, monospace; font-size: 80%; }
    .test-failed { background-color: #ffaaaa; }
    .test-passed { background-color: #aaffaa; }
  </style>
</head>
<body>
<h3><a href="https://github.com/MikePopoloski/slang" target="_blank">slang</a></h3>
<pre class="test-failed">
description: Test imported from ivtest
rc: 1 (means success: 0)
should_fail: 0
tags: ivtest
incdirs: /tmpfs/src/github/sv-tests/third_party/tests/ivtest /tmpfs/src/github/sv-tests/third_party/tests/ivtest/ivltests
top_module: 
type: parsing
mode: parsing
files: <a href="../../../../third_party/tests/ivtest/ivltests/sv_darray_word_size.v.html" target="file-frame">third_party/tests/ivtest/ivltests/sv_darray_word_size.v</a>
time_elapsed: 0.000s
ram usage: 9592 KB
</pre>
<pre class="log">

slang-driver --single-unit -I/tmpfs/src/github/sv-tests/third_party/tests/ivtest -I/tmpfs/src/github/sv-tests/third_party/tests/ivtest/ivltests <a href="../../../../third_party/tests/ivtest/ivltests/sv_darray_word_size.v.html" target="file-frame">third_party/tests/ivtest/ivltests/sv_darray_word_size.v</a>
../../src/github/sv-tests/third_party/tests/ivtest/ivltests/sv_darray_word_size.v:23:20: error: dimension requires a constant range
    bit [6:1] darr [];
                   ^~
../../src/github/sv-tests/third_party/tests/ivtest/ivltests/sv_darray_word_size.v:24:24: error: dimension requires a constant range
    bit [63:0] darr_64 [];
                       ^~
../../src/github/sv-tests/third_party/tests/ivtest/ivltests/sv_darray_word_size.v:25:27: error: dimension requires a constant range
    logic [4:10] darr_rev [];
                          ^~
../../src/github/sv-tests/third_party/tests/ivtest/ivltests/sv_darray_word_size.v:28:12: error: language feature not yet supported
    darr = new[4];
           ^~~~~~
../../src/github/sv-tests/third_party/tests/ivtest/ivltests/sv_darray_word_size.v:29:15: error: language feature not yet supported
    darr_64 = new[8];
              ^~~~~~
../../src/github/sv-tests/third_party/tests/ivtest/ivltests/sv_darray_word_size.v:30:16: error: language feature not yet supported
    darr_rev = new[3];
               ^~~~~~

</pre>
</body>