<head>
  <style>
    .log { font-family: "Courier New", Consolas, monospace; font-size: 80%; }
    .test-failed { background-color: #ffaaaa; }
    .test-passed { background-color: #aaffaa; }
  </style>
</head>
<body>
<h3><a href="https://github.com/MikePopoloski/slang" target="_blank">slang</a></h3>
<pre class="test-failed">
description: Test imported from ivtest
rc: 1 (means success: 0)
tags: ivtest
incdirs: /tmpfs/src/github/sv-tests/third_party/tests/ivtest /tmpfs/src/github/sv-tests/third_party/tests/ivtest/ivltests
top_module: 
type: parsing
mode: parsing
files: <a href="../../../../third_party/tests/ivtest/ivltests/sv_end_label.v.html" target="file-frame">third_party/tests/ivtest/ivltests/sv_end_label.v</a>
defines: 
time_elapsed: 0.002s
ram usage: 9136 KB
</pre>
<pre class="log">

slang-driver --single-unit -I /tmpfs/src/github/sv-tests/third_party/tests/ivtest -I /tmpfs/src/github/sv-tests/third_party/tests/ivtest/ivltests <a href="../../../../third_party/tests/ivtest/ivltests/sv_end_label.v.html" target="file-frame">third_party/tests/ivtest/ivltests/sv_end_label.v</a>
Top level design units:
    extra
    top

../../src/github/sv-tests/third_party/tests/ivtest/ivltests/sv_end_label.v:34:3: error: unknown module &#39;pbuf&#39;
  pbuf dut(y, a);
  ^~~~
../../src/github/sv-tests/third_party/tests/ivtest/ivltests/sv_end_label.v:37:5: error: unknown module &#39;pinv&#39;
    pinv dut2(yb, y);
    ^~~~
../../src/github/sv-tests/third_party/tests/ivtest/ivltests/sv_end_label.v:50:1: error: expected member
primitive pbuf (out, in);
^~~~~~~~~
../../src/github/sv-tests/third_party/tests/ivtest/ivltests/sv_end_label.v:57:19: error: expected declarator
endprimitive: pbuf
                  ^
../../src/github/sv-tests/third_party/tests/ivtest/ivltests/sv_end_label.v:64:19: error: expected declarator
endprimitive: pinv
                  ^

Build failed: 5 errors, 0 warnings

</pre>
</body>