<head>
  <style>
    .log { font-family: "Courier New", Consolas, monospace; font-size: 80%; }
    .test-failed { background-color: #ffaaaa; }
    .test-passed { background-color: #aaffaa; }
  </style>
</head>
<body>
<h3><a href="https://github.com/MikePopoloski/slang" target="_blank">slang</a></h3>
<pre class="test-failed">
description: Test imported from ivtest
rc: 1 (means success: 0)
should_fail: 0
tags: ivtest
incdirs: /tmpfs/src/github/sv-tests/third_party/tests/ivtest /tmpfs/src/github/sv-tests/third_party/tests/ivtest/ivltests
top_module: 
type: parsing
mode: parsing
files: <a href="../../../../third_party/tests/ivtest/ivltests/sv_foreach3.v.html" target="file-frame">third_party/tests/ivtest/ivltests/sv_foreach3.v</a>
time_elapsed: 0.000s
ram usage: 9512 KB
</pre>
<pre class="log">

slang-driver --single-unit -I/tmpfs/src/github/sv-tests/third_party/tests/ivtest -I/tmpfs/src/github/sv-tests/third_party/tests/ivtest/ivltests <a href="../../../../third_party/tests/ivtest/ivltests/sv_foreach3.v.html" target="file-frame">third_party/tests/ivtest/ivltests/sv_foreach3.v</a>
../../src/github/sv-tests/third_party/tests/ivtest/ivltests/sv_foreach3.v:24:4: error: language feature not yet supported
   class test_t;
   ^~~~~~~~~~~~~
../../src/github/sv-tests/third_party/tests/ivtest/ivltests/sv_foreach3.v:28:15: error: expected identifier
      function new (int ax, int bx);
              ^
../../src/github/sv-tests/third_party/tests/ivtest/ivltests/sv_foreach3.v:37:4: error: language feature not yet supported
   class container_t;
   ^~~~~~~~~~~~~~~~~~
../../src/github/sv-tests/third_party/tests/ivtest/ivltests/sv_foreach3.v:40:15: error: expected identifier
      function new();
              ^
../../src/github/sv-tests/third_party/tests/ivtest/ivltests/sv_foreach3.v:41:3: error: declaration must come before all statements in the block
	 bit [3:0] idx1, idx2;
	 ^
../../src/github/sv-tests/third_party/tests/ivtest/ivltests/sv_foreach3.v:79:4: error: use of undeclared identifier &#39;container_t&#39;
   container_t dut;
   ^~~~~~~~~~~
../../src/github/sv-tests/third_party/tests/ivtest/ivltests/sv_foreach3.v:81:13: error: language feature not yet supported
      dut = new;
            ^~~

</pre>
</body>