<head>
  <style>
    .log { font-family: "Courier New", Consolas, monospace; font-size: 80%; }
    .test-failed { background-color: #ffaaaa; }
    .test-passed { background-color: #aaffaa; }
  </style>
</head>
<body>
<h3><a href="https://github.com/MikePopoloski/slang" target="_blank">slang</a></h3>
<pre class="test-failed">
description: Test imported from ivtest
should_fail: 0
tags: ivtest
incdirs: /tmpfs/src/github/sv-tests/third_party/tests/ivtest /tmpfs/src/github/sv-tests/third_party/tests/ivtest/ivltests
top_module: 
type: parsing
mode: parsing
files: <a href="../../../../third_party/tests/ivtest/ivltests/sv_timeunit_prec3a.v.html" target="file-frame">third_party/tests/ivtest/ivltests/sv_timeunit_prec3a.v</a>
time_elapsed: 0.000s
ram usage: 9544 KB
</pre>
<pre class="log">

../../src/github/sv-tests/third_party/tests/ivtest/ivltests/sv_timeunit_prec3a.v:148:3: error: unknown system name &#39;$printtimescale&#39;
  $printtimescale(check_100s);
  ^~~~~~~~~~~~~~~
../../src/github/sv-tests/third_party/tests/ivtest/ivltests/sv_timeunit_prec3a.v:149:3: error: unknown system name &#39;$printtimescale&#39;
  $printtimescale(check_10s);
  ^~~~~~~~~~~~~~~
../../src/github/sv-tests/third_party/tests/ivtest/ivltests/sv_timeunit_prec3a.v:150:3: error: unknown system name &#39;$printtimescale&#39;
  $printtimescale(check_1s);
  ^~~~~~~~~~~~~~~
../../src/github/sv-tests/third_party/tests/ivtest/ivltests/sv_timeunit_prec3a.v:151:3: error: unknown system name &#39;$printtimescale&#39;
  $printtimescale(check_100ms);
  ^~~~~~~~~~~~~~~
../../src/github/sv-tests/third_party/tests/ivtest/ivltests/sv_timeunit_prec3a.v:152:3: error: unknown system name &#39;$printtimescale&#39;
  $printtimescale(check_10ms);
  ^~~~~~~~~~~~~~~
../../src/github/sv-tests/third_party/tests/ivtest/ivltests/sv_timeunit_prec3a.v:153:3: error: unknown system name &#39;$printtimescale&#39;
  $printtimescale(check_1ms);
  ^~~~~~~~~~~~~~~
../../src/github/sv-tests/third_party/tests/ivtest/ivltests/sv_timeunit_prec3a.v:154:3: error: unknown system name &#39;$printtimescale&#39;
  $printtimescale(check_100us);
  ^~~~~~~~~~~~~~~
../../src/github/sv-tests/third_party/tests/ivtest/ivltests/sv_timeunit_prec3a.v:155:3: error: unknown system name &#39;$printtimescale&#39;
  $printtimescale(check_10us);
  ^~~~~~~~~~~~~~~
../../src/github/sv-tests/third_party/tests/ivtest/ivltests/sv_timeunit_prec3a.v:156:3: error: unknown system name &#39;$printtimescale&#39;
  $printtimescale(check_1us);
  ^~~~~~~~~~~~~~~
../../src/github/sv-tests/third_party/tests/ivtest/ivltests/sv_timeunit_prec3a.v:157:3: error: unknown system name &#39;$printtimescale&#39;
  $printtimescale(check_100ns);
  ^~~~~~~~~~~~~~~
../../src/github/sv-tests/third_party/tests/ivtest/ivltests/sv_timeunit_prec3a.v:158:3: error: unknown system name &#39;$printtimescale&#39;
  $printtimescale(check_10ns);
  ^~~~~~~~~~~~~~~
../../src/github/sv-tests/third_party/tests/ivtest/ivltests/sv_timeunit_prec3a.v:159:3: error: unknown system name &#39;$printtimescale&#39;
  $printtimescale(check_1ns);
  ^~~~~~~~~~~~~~~
../../src/github/sv-tests/third_party/tests/ivtest/ivltests/sv_timeunit_prec3a.v:160:3: error: unknown system name &#39;$printtimescale&#39;
  $printtimescale(check_100ps);
  ^~~~~~~~~~~~~~~
../../src/github/sv-tests/third_party/tests/ivtest/ivltests/sv_timeunit_prec3a.v:161:3: error: unknown system name &#39;$printtimescale&#39;
  $printtimescale(check_10ps);
  ^~~~~~~~~~~~~~~
../../src/github/sv-tests/third_party/tests/ivtest/ivltests/sv_timeunit_prec3a.v:162:3: error: unknown system name &#39;$printtimescale&#39;
  $printtimescale(check_1ps);
  ^~~~~~~~~~~~~~~
../../src/github/sv-tests/third_party/tests/ivtest/ivltests/sv_timeunit_prec3a.v:163:3: error: unknown system name &#39;$printtimescale&#39;
  $printtimescale(check_100fs);
  ^~~~~~~~~~~~~~~
../../src/github/sv-tests/third_party/tests/ivtest/ivltests/sv_timeunit_prec3a.v:164:3: error: unknown system name &#39;$printtimescale&#39;
  $printtimescale(check_10fs);
  ^~~~~~~~~~~~~~~
../../src/github/sv-tests/third_party/tests/ivtest/ivltests/sv_timeunit_prec3a.v:165:3: error: unknown system name &#39;$printtimescale&#39;
  $printtimescale(check_1fs);
  ^~~~~~~~~~~~~~~
../../src/github/sv-tests/third_party/tests/ivtest/ivltests/sv_timeunit_prec3a.v:167:3: error: unknown system name &#39;$printtimescale&#39;
  $printtimescale(check_tu);
  ^~~~~~~~~~~~~~~
../../src/github/sv-tests/third_party/tests/ivtest/ivltests/sv_timeunit_prec3a.v:168:3: error: unknown system name &#39;$printtimescale&#39;
  $printtimescale(check_tp);
  ^~~~~~~~~~~~~~~
fatal error: too many errors emitted, stopping now [--error-limit=]

</pre>
</body>