<head>
  <style>
    .log { font-family: "Courier New", Consolas, monospace; font-size: 80%; }
    .test-failed { background-color: #ffaaaa; }
    .test-passed { background-color: #aaffaa; }
  </style>
</head>
<body>
<h3><a href="https://github.com/MikePopoloski/slang" target="_blank">slang</a></h3>
<pre class="test-failed">
description: Test imported from ivtest
rc: 1 (means success: 0)
tags: ivtest
incdirs: /tmpfs/src/github/sv-tests/third_party/tests/ivtest /tmpfs/src/github/sv-tests/third_party/tests/ivtest/ivltests
top_module: 
type: parsing
mode: parsing
files: <a href="../../../../third_party/tests/ivtest/ivltests/sv_wildcard_import5.v.html" target="file-frame">third_party/tests/ivtest/ivltests/sv_wildcard_import5.v</a>
defines: 
time_elapsed: 0.003s
ram usage: 9136 KB
</pre>
<pre class="log">

slang-driver --single-unit -I /tmpfs/src/github/sv-tests/third_party/tests/ivtest -I /tmpfs/src/github/sv-tests/third_party/tests/ivtest/ivltests <a href="../../../../third_party/tests/ivtest/ivltests/sv_wildcard_import5.v.html" target="file-frame">third_party/tests/ivtest/ivltests/sv_wildcard_import5.v</a>
Top level design units:
    test

../../src/github/sv-tests/third_party/tests/ivtest/ivltests/sv_wildcard_import5.v:50:1: error: multiple imports found for identifier &#39;word&#39;
word my_v;
^~~~
../../src/github/sv-tests/third_party/tests/ivtest/ivltests/sv_wildcard_import5.v:47:21: note: imported from here
import my_package1::*;
                    ^
../../src/github/sv-tests/third_party/tests/ivtest/ivltests/sv_wildcard_import5.v:6:21: note: declared here
typedef logic [1:0] word;
                    ^
../../src/github/sv-tests/third_party/tests/ivtest/ivltests/sv_wildcard_import5.v:48:21: note: imported from here
import my_package2::*;
                    ^
../../src/github/sv-tests/third_party/tests/ivtest/ivltests/sv_wildcard_import5.v:28:21: note: declared here
typedef logic [1:0] word;
                    ^
../../src/github/sv-tests/third_party/tests/ivtest/ivltests/sv_wildcard_import5.v:53:5: error: multiple imports found for identifier &#39;e&#39;
  @(e) v = p1 + p2;
    ^
../../src/github/sv-tests/third_party/tests/ivtest/ivltests/sv_wildcard_import5.v:47:21: note: imported from here
import my_package1::*;
                    ^
../../src/github/sv-tests/third_party/tests/ivtest/ivltests/sv_wildcard_import5.v:10:7: note: declared here
event e;
      ^
../../src/github/sv-tests/third_party/tests/ivtest/ivltests/sv_wildcard_import5.v:48:21: note: imported from here
import my_package2::*;
                    ^
../../src/github/sv-tests/third_party/tests/ivtest/ivltests/sv_wildcard_import5.v:32:7: note: declared here
event e;
      ^
../../src/github/sv-tests/third_party/tests/ivtest/ivltests/sv_wildcard_import5.v:53:8: error: multiple imports found for identifier &#39;v&#39;
  @(e) v = p1 + p2;
       ^
../../src/github/sv-tests/third_party/tests/ivtest/ivltests/sv_wildcard_import5.v:47:21: note: imported from here
import my_package1::*;
                    ^
../../src/github/sv-tests/third_party/tests/ivtest/ivltests/sv_wildcard_import5.v:8:6: note: declared here
word v;
     ^
../../src/github/sv-tests/third_party/tests/ivtest/ivltests/sv_wildcard_import5.v:48:21: note: imported from here
import my_package2::*;
                    ^
../../src/github/sv-tests/third_party/tests/ivtest/ivltests/sv_wildcard_import5.v:30:6: note: declared here
word v;
     ^
../../src/github/sv-tests/third_party/tests/ivtest/ivltests/sv_wildcard_import5.v:53:12: error: multiple imports found for identifier &#39;p1&#39;
  @(e) v = p1 + p2;
           ^~
../../src/github/sv-tests/third_party/tests/ivtest/ivltests/sv_wildcard_import5.v:47:21: note: imported from here
import my_package1::*;
                    ^
../../src/github/sv-tests/third_party/tests/ivtest/ivltests/sv_wildcard_import5.v:3:12: note: declared here
parameter  p1 = 1;
           ^
../../src/github/sv-tests/third_party/tests/ivtest/ivltests/sv_wildcard_import5.v:48:21: note: imported from here
import my_package2::*;
                    ^
../../src/github/sv-tests/third_party/tests/ivtest/ivltests/sv_wildcard_import5.v:25:12: note: declared here
parameter  p1 = 1;
           ^
../../src/github/sv-tests/third_party/tests/ivtest/ivltests/sv_wildcard_import5.v:53:17: error: multiple imports found for identifier &#39;p2&#39;
  @(e) v = p1 + p2;
                ^~
../../src/github/sv-tests/third_party/tests/ivtest/ivltests/sv_wildcard_import5.v:47:21: note: imported from here
import my_package1::*;
                    ^
../../src/github/sv-tests/third_party/tests/ivtest/ivltests/sv_wildcard_import5.v:4:12: note: declared here
localparam p2 = 2;
           ^
../../src/github/sv-tests/third_party/tests/ivtest/ivltests/sv_wildcard_import5.v:48:21: note: imported from here
import my_package2::*;
                    ^
../../src/github/sv-tests/third_party/tests/ivtest/ivltests/sv_wildcard_import5.v:26:12: note: declared here
localparam p2 = 2;
           ^
../../src/github/sv-tests/third_party/tests/ivtest/ivltests/sv_wildcard_import5.v:54:3: error: multiple imports found for identifier &#39;h&#39;
  h(f(1));
  ^
../../src/github/sv-tests/third_party/tests/ivtest/ivltests/sv_wildcard_import5.v:47:21: note: imported from here
import my_package1::*;
                    ^
../../src/github/sv-tests/third_party/tests/ivtest/ivltests/sv_wildcard_import5.v:16:6: note: declared here
task h(word i);
     ^
../../src/github/sv-tests/third_party/tests/ivtest/ivltests/sv_wildcard_import5.v:48:21: note: imported from here
import my_package2::*;
                    ^
../../src/github/sv-tests/third_party/tests/ivtest/ivltests/sv_wildcard_import5.v:38:6: note: declared here
task h(word i);
     ^

Build failed: 6 errors, 0 warnings

</pre>
</body>