<head>
  <style>
    .log { font-family: "Courier New", Consolas, monospace; font-size: 80%; }
    .test-failed { background-color: #ffaaaa; }
    .test-passed { background-color: #aaffaa; }
  </style>
</head>
<body>
<h3><a href="https://github.com/MikePopoloski/slang" target="_blank">slang</a></h3>
<pre class="test-failed">
description: Test imported from ivtest
rc: 1 (means success: 0)
tags: ivtest
incdirs: /tmpfs/src/github/sv-tests/third_party/tests/ivtest /tmpfs/src/github/sv-tests/third_party/tests/ivtest/ivltests
top_module: 
type: parsing
mode: parsing
files: <a href="../../../../third_party/tests/ivtest/ivltests/swrite.v.html" target="file-frame">third_party/tests/ivtest/ivltests/swrite.v</a>
defines: 
time_elapsed: 0.005s
ram usage: 9000 KB
</pre>
<pre class="log">

slang-driver --single-unit -I /tmpfs/src/github/sv-tests/third_party/tests/ivtest -I /tmpfs/src/github/sv-tests/third_party/tests/ivtest/ivltests <a href="../../../../third_party/tests/ivtest/ivltests/swrite.v.html" target="file-frame">third_party/tests/ivtest/ivltests/swrite.v</a>
Top level design units:
    top

../../src/github/sv-tests/third_party/tests/ivtest/ivltests/swrite.v:84:21: error: unknown system name &#39;$simtime&#39;
    $swrite(result, $simtime);
                    ^~~~~~~~
../../src/github/sv-tests/third_party/tests/ivtest/ivltests/swrite.v:104:22: error: floating point format specifier options used on non-floating point field
    $swrite(result, &#34;%-14b&#34;, 8&#39;b00001001);
                     ^~~~~
../../src/github/sv-tests/third_party/tests/ivtest/ivltests/swrite.v:116:22: error: floating point format specifier options used on non-floating point field
    $swrite(result, &#34;%-14o&#34;, 8&#39;b00001001);
                     ^~~~~
../../src/github/sv-tests/third_party/tests/ivtest/ivltests/swrite.v:128:22: error: floating point format specifier options used on non-floating point field
    $swrite(result, &#34;%-14h&#34;, 8&#39;b00001001);
                     ^~~~~
../../src/github/sv-tests/third_party/tests/ivtest/ivltests/swrite.v:136:22: error: field width not allowed on &#39;%c&#39; format specifiers
    $swrite(result, &#34;%4c&#34;, &#34;abcd&#34;);
                     ^~~
../../src/github/sv-tests/third_party/tests/ivtest/ivltests/swrite.v:138:22: error: field width not allowed on &#39;%c&#39; format specifiers
    $swrite(result, &#34;%-4c&#34;, &#34;abcd&#34;);
                     ^~~~
../../src/github/sv-tests/third_party/tests/ivtest/ivltests/swrite.v:166:22: error: unknown format specifier &#39;%+&#39;
    $swrite(result, &#34;%+d&#34;, val);
                     ^~
../../src/github/sv-tests/third_party/tests/ivtest/ivltests/swrite.v:170:22: error: floating point format specifier options used on non-floating point field
    $swrite(result, &#34;%-14d&#34;, val);
                     ^~~~~
../../src/github/sv-tests/third_party/tests/ivtest/ivltests/swrite.v:178:22: error: unknown format specifier &#39;%+&#39;
    $swrite(result, &#34;%+e&#34;, rval);
                     ^~
../../src/github/sv-tests/third_party/tests/ivtest/ivltests/swrite.v:190:22: error: unknown format specifier &#39;%+&#39;
    $swrite(result, &#34;%+f&#34;, rval);
                     ^~
../../src/github/sv-tests/third_party/tests/ivtest/ivltests/swrite.v:202:22: error: unknown format specifier &#39;%+&#39;
    $swrite(result, &#34;%+g&#34;, rval);
                     ^~
../../src/github/sv-tests/third_party/tests/ivtest/ivltests/swrite.v:220:22: error: field width not allowed on &#39;%m&#39; format specifiers
    $swrite(result, &#34;%8m&#34;);
                     ^~~
../../src/github/sv-tests/third_party/tests/ivtest/ivltests/swrite.v:222:22: error: field width not allowed on &#39;%m&#39; format specifiers
    $swrite(result, &#34;%-8m&#34;);
                     ^~~~
../../src/github/sv-tests/third_party/tests/ivtest/ivltests/swrite.v:234:22: error: floating point format specifier options used on non-floating point field
    $swrite(result, &#34;%-14s&#34;, &#34;Hello&#34;);
                     ^~~~~
../../src/github/sv-tests/third_party/tests/ivtest/ivltests/swrite.v:251:22: error: floating point format specifier options used on non-floating point field
    $swrite(result, &#34;%-t&#34;, 1);
                     ^~~
../../src/github/sv-tests/third_party/tests/ivtest/ivltests/swrite.v:255:22: error: floating point format specifier options used on non-floating point field
    $swrite(result, &#34;%-15t&#34;, 1);
                     ^~~~~
../../src/github/sv-tests/third_party/tests/ivtest/ivltests/swrite.v:257:22: error: floating point format specifier options used on non-floating point field
    $swrite(result, &#34;%15.1t&#34;, 1);
                     ^~~~~~
../../src/github/sv-tests/third_party/tests/ivtest/ivltests/swrite.v:265:22: error: floating point format specifier options used on non-floating point field
    $swrite(result, &#34;%-t&#34;, 1.1);
                     ^~~
../../src/github/sv-tests/third_party/tests/ivtest/ivltests/swrite.v:269:22: error: floating point format specifier options used on non-floating point field
    $swrite(result, &#34;%-15t&#34;, 1.1);
                     ^~~~~
../../src/github/sv-tests/third_party/tests/ivtest/ivltests/swrite.v:271:22: error: floating point format specifier options used on non-floating point field
    $swrite(result, &#34;%15.1t&#34;, 1.1);
                     ^~~~~~
fatal error: too many errors emitted, stopping now [--error-limit=]

Build failed: 20 errors, 0 warnings

</pre>
</body>