<head>
  <style>
    .log { font-family: "Courier New", Consolas, monospace; font-size: 80%; }
    .test-failed { background-color: #ffaaaa; }
    .test-passed { background-color: #aaffaa; }
  </style>
</head>
<body>
<h3><a href="https://github.com/MikePopoloski/slang" target="_blank">slang</a></h3>
<pre class="test-failed">
description: Test imported from ivtest
rc: 1 (means success: 0)
tags: ivtest
incdirs: /tmpfs/src/github/sv-tests/third_party/tests/ivtest /tmpfs/src/github/sv-tests/third_party/tests/ivtest/ivltests
top_module: 
type: parsing
mode: parsing
files: <a href="../../../../third_party/tests/ivtest/ivltests/test_vams_math.v.html" target="file-frame">third_party/tests/ivtest/ivltests/test_vams_math.v</a>
defines: 
time_elapsed: 0.005s
ram usage: 9084 KB
</pre>
<pre class="log">

slang-driver --single-unit -I /tmpfs/src/github/sv-tests/third_party/tests/ivtest -I /tmpfs/src/github/sv-tests/third_party/tests/ivtest/ivltests <a href="../../../../third_party/tests/ivtest/ivltests/test_vams_math.v.html" target="file-frame">third_party/tests/ivtest/ivltests/test_vams_math.v</a>
Top level design units:
    top

../../src/github/sv-tests/third_party/tests/ivtest/ivltests/test_vams_math.v:33:10: error: could not find or open include file
`include &#34;constants.vams&#34;
         ^~~~~~~~~~~~~~~~
../../src/github/sv-tests/third_party/tests/ivtest/ivltests/test_vams_math.v:43:12: error: use of undeclared identifier &#39;ln&#39;
    minf = ln(0);
           ^~
../../src/github/sv-tests/third_party/tests/ivtest/ivltests/test_vams_math.v:44:11: error: use of undeclared identifier &#39;abs&#39;
    nan = abs(sqrt(-1.0));
          ^~~
../../src/github/sv-tests/third_party/tests/ivtest/ivltests/test_vams_math.v:55:5: error: identifier &#39;check_sqrt&#39; used before its declaration
    check_sqrt;
    ^~~~~~~~~~
../../src/github/sv-tests/third_party/tests/ivtest/ivltests/test_vams_math.v:107:8: note: declared here
  task check_sqrt;
       ^
../../src/github/sv-tests/third_party/tests/ivtest/ivltests/test_vams_math.v:57:5: error: identifier &#39;check_ln&#39; used before its declaration
    check_ln;
    ^~~~~~~~
../../src/github/sv-tests/third_party/tests/ivtest/ivltests/test_vams_math.v:122:8: note: declared here
  task check_ln;
       ^
../../src/github/sv-tests/third_party/tests/ivtest/ivltests/test_vams_math.v:59:5: error: identifier &#39;check_log&#39; used before its declaration
    check_log;
    ^~~~~~~~~
../../src/github/sv-tests/third_party/tests/ivtest/ivltests/test_vams_math.v:138:8: note: declared here
  task check_log;
       ^
../../src/github/sv-tests/third_party/tests/ivtest/ivltests/test_vams_math.v:61:5: error: identifier &#39;check_exp&#39; used before its declaration
    check_exp;
    ^~~~~~~~~
../../src/github/sv-tests/third_party/tests/ivtest/ivltests/test_vams_math.v:154:8: note: declared here
  task check_exp;
       ^
../../src/github/sv-tests/third_party/tests/ivtest/ivltests/test_vams_math.v:63:5: error: identifier &#39;check_abs&#39; used before its declaration
    check_abs;
    ^~~~~~~~~
../../src/github/sv-tests/third_party/tests/ivtest/ivltests/test_vams_math.v:168:8: note: declared here
  task check_abs;
       ^
../../src/github/sv-tests/third_party/tests/ivtest/ivltests/test_vams_math.v:65:5: error: identifier &#39;check_ceil&#39; used before its declaration
    check_ceil;
    ^~~~~~~~~~
../../src/github/sv-tests/third_party/tests/ivtest/ivltests/test_vams_math.v:182:8: note: declared here
  task check_ceil;
       ^
../../src/github/sv-tests/third_party/tests/ivtest/ivltests/test_vams_math.v:67:5: error: identifier &#39;check_floor&#39; used before its declaration
    check_floor;
    ^~~~~~~~~~~
../../src/github/sv-tests/third_party/tests/ivtest/ivltests/test_vams_math.v:196:8: note: declared here
  task check_floor;
       ^
../../src/github/sv-tests/third_party/tests/ivtest/ivltests/test_vams_math.v:69:5: error: identifier &#39;check_sin&#39; used before its declaration
    check_sin;
    ^~~~~~~~~
../../src/github/sv-tests/third_party/tests/ivtest/ivltests/test_vams_math.v:210:8: note: declared here
  task check_sin;
       ^
../../src/github/sv-tests/third_party/tests/ivtest/ivltests/test_vams_math.v:71:5: error: identifier &#39;check_cos&#39; used before its declaration
    check_cos;
    ^~~~~~~~~
../../src/github/sv-tests/third_party/tests/ivtest/ivltests/test_vams_math.v:226:8: note: declared here
  task check_cos;
       ^
../../src/github/sv-tests/third_party/tests/ivtest/ivltests/test_vams_math.v:73:5: error: identifier &#39;check_tan&#39; used before its declaration
    check_tan;
    ^~~~~~~~~
../../src/github/sv-tests/third_party/tests/ivtest/ivltests/test_vams_math.v:242:8: note: declared here
  task check_tan;
       ^
../../src/github/sv-tests/third_party/tests/ivtest/ivltests/test_vams_math.v:75:5: error: identifier &#39;check_asin&#39; used before its declaration
    check_asin;
    ^~~~~~~~~~
../../src/github/sv-tests/third_party/tests/ivtest/ivltests/test_vams_math.v:263:8: note: declared here
  task check_asin;
       ^
../../src/github/sv-tests/third_party/tests/ivtest/ivltests/test_vams_math.v:77:5: error: identifier &#39;check_acos&#39; used before its declaration
    check_acos;
    ^~~~~~~~~~
../../src/github/sv-tests/third_party/tests/ivtest/ivltests/test_vams_math.v:281:8: note: declared here
  task check_acos;
       ^
../../src/github/sv-tests/third_party/tests/ivtest/ivltests/test_vams_math.v:79:5: error: identifier &#39;check_atan&#39; used before its declaration
    check_atan;
    ^~~~~~~~~~
../../src/github/sv-tests/third_party/tests/ivtest/ivltests/test_vams_math.v:299:8: note: declared here
  task check_atan;
       ^
../../src/github/sv-tests/third_party/tests/ivtest/ivltests/test_vams_math.v:81:5: error: identifier &#39;check_sinh&#39; used before its declaration
    check_sinh;
    ^~~~~~~~~~
../../src/github/sv-tests/third_party/tests/ivtest/ivltests/test_vams_math.v:315:8: note: declared here
  task check_sinh;
       ^
../../src/github/sv-tests/third_party/tests/ivtest/ivltests/test_vams_math.v:83:5: error: identifier &#39;check_cosh&#39; used before its declaration
    check_cosh;
    ^~~~~~~~~~
../../src/github/sv-tests/third_party/tests/ivtest/ivltests/test_vams_math.v:333:8: note: declared here
  task check_cosh;
       ^
../../src/github/sv-tests/third_party/tests/ivtest/ivltests/test_vams_math.v:85:5: error: identifier &#39;check_tanh&#39; used before its declaration
    check_tanh;
    ^~~~~~~~~~
../../src/github/sv-tests/third_party/tests/ivtest/ivltests/test_vams_math.v:351:8: note: declared here
  task check_tanh;
       ^
../../src/github/sv-tests/third_party/tests/ivtest/ivltests/test_vams_math.v:87:5: error: identifier &#39;check_asinh&#39; used before its declaration
    check_asinh;
    ^~~~~~~~~~~
../../src/github/sv-tests/third_party/tests/ivtest/ivltests/test_vams_math.v:369:8: note: declared here
  task check_asinh;
       ^
fatal error: too many errors emitted, stopping now [--error-limit=]

Build failed: 20 errors, 0 warnings

</pre>
</body>