<head>
  <style>
    .log { font-family: "Courier New", Consolas, monospace; font-size: 80%; }
    .test-failed { background-color: #ffaaaa; }
    .test-passed { background-color: #aaffaa; }
  </style>
</head>
<body>
<h3><a href="https://github.com/MikePopoloski/slang" target="_blank">slang</a></h3>
<pre class="test-failed">
description: Test imported from ivtest
rc: 1 (means success: 0)
tags: ivtest
incdirs: /tmpfs/src/github/sv-tests/third_party/tests/ivtest /tmpfs/src/github/sv-tests/third_party/tests/ivtest/ivltests
top_module: 
type: parsing
mode: parsing
files: <a href="../../../../third_party/tests/ivtest/ivltests/test_nmos.v.html" target="file-frame">third_party/tests/ivtest/ivltests/test_nmos.v</a>
defines: 
time_elapsed: 0.003s
ram usage: 9204 KB
</pre>
<pre class="log">

slang-driver --single-unit -I /tmpfs/src/github/sv-tests/third_party/tests/ivtest -I /tmpfs/src/github/sv-tests/third_party/tests/ivtest/ivltests <a href="../../../../third_party/tests/ivtest/ivltests/test_nmos.v.html" target="file-frame">third_party/tests/ivtest/ivltests/test_nmos.v</a>
Top level design units:
    test_nmos

../../src/github/sv-tests/third_party/tests/ivtest/ivltests/test_nmos.v:56:3: error: language feature not yet supported
  assign gnd = 1&#39;b1;
  ^~~~~~~~~~~~~~~~~~
../../src/github/sv-tests/third_party/tests/ivtest/ivltests/test_nmos.v:57:3: error: language feature not yet supported
  assign vdd = 1&#39;b0;
  ^~~~~~~~~~~~~~~~~~
../../src/github/sv-tests/third_party/tests/ivtest/ivltests/test_nmos.v:58:3: error: language feature not yet supported
  assign x = 1&#39;b0;
  ^~~~~~~~~~~~~~~~
../../src/github/sv-tests/third_party/tests/ivtest/ivltests/test_nmos.v:59:3: error: language feature not yet supported
  assign z = 1&#39;b0;
  ^~~~~~~~~~~~~~~~
../../src/github/sv-tests/third_party/tests/ivtest/ivltests/test_nmos.v:62:3: error: language feature not yet supported
  assign gnd = 1&#39;b0;
  ^~~~~~~~~~~~~~~~~~
../../src/github/sv-tests/third_party/tests/ivtest/ivltests/test_nmos.v:63:3: error: language feature not yet supported
  assign vdd = 1&#39;b1;
  ^~~~~~~~~~~~~~~~~~
../../src/github/sv-tests/third_party/tests/ivtest/ivltests/test_nmos.v:64:3: error: language feature not yet supported
  assign x = 1&#39;b1;
  ^~~~~~~~~~~~~~~~
../../src/github/sv-tests/third_party/tests/ivtest/ivltests/test_nmos.v:65:3: error: language feature not yet supported
  assign z = 1&#39;b1;
  ^~~~~~~~~~~~~~~~
../../src/github/sv-tests/third_party/tests/ivtest/ivltests/test_nmos.v:68:3: error: language feature not yet supported
  assign gnd = 1&#39;b0;
  ^~~~~~~~~~~~~~~~~~
../../src/github/sv-tests/third_party/tests/ivtest/ivltests/test_nmos.v:69:3: error: language feature not yet supported
  assign vdd = 1&#39;b1;
  ^~~~~~~~~~~~~~~~~~
../../src/github/sv-tests/third_party/tests/ivtest/ivltests/test_nmos.v:70:3: error: language feature not yet supported
  assign x = 1&#39;bx;
  ^~~~~~~~~~~~~~~~
../../src/github/sv-tests/third_party/tests/ivtest/ivltests/test_nmos.v:71:3: error: language feature not yet supported
  assign z = 1&#39;bz;
  ^~~~~~~~~~~~~~~~
../../src/github/sv-tests/third_party/tests/ivtest/ivltests/test_nmos.v:79:69: error: value of type &#39;logic&#39; is invalid for &#39;%v&#39; format specifier
      $display (&#34;FAILED: nmos s:%d g:%d d:%v expected:z&#34;, gnd, gnd, t0 );
                                          ~~                        ^~
../../src/github/sv-tests/third_party/tests/ivtest/ivltests/test_nmos.v:85:69: error: value of type &#39;logic&#39; is invalid for &#39;%v&#39; format specifier
      $display (&#34;FAILED: nmos s:%d g:%d d:%v expected:0&#34;, gnd, vdd, t1 );
                                          ~~                        ^~
../../src/github/sv-tests/third_party/tests/ivtest/ivltests/test_nmos.v:90:69: error: value of type &#39;logic&#39; is invalid for &#39;%v&#39; format specifier
      $display (&#34;FAILED: nmos s:%d g:%d d:%v expected:StL&#34;, gnd, x, t2 );
                                          ~~                        ^~
../../src/github/sv-tests/third_party/tests/ivtest/ivltests/test_nmos.v:95:69: error: value of type &#39;logic&#39; is invalid for &#39;%v&#39; format specifier
      $display (&#34;FAILED: nmos s:%d g:%d d:%v expected:StL&#34;, gnd, z, t3 );
                                          ~~                        ^~
../../src/github/sv-tests/third_party/tests/ivtest/ivltests/test_nmos.v:101:69: error: value of type &#39;logic&#39; is invalid for &#39;%v&#39; format specifier
      $display (&#34;FAILED: nmos s:%d g:%d d:%v expected:z&#34;, vdd, gnd, t4 );
                                          ~~                        ^~
../../src/github/sv-tests/third_party/tests/ivtest/ivltests/test_nmos.v:106:69: error: value of type &#39;logic&#39; is invalid for &#39;%v&#39; format specifier
      $display (&#34;FAILED: nmos s:%d g:%d d:%v expected:0&#34;, vdd, vdd, t5 );
                                          ~~                        ^~
../../src/github/sv-tests/third_party/tests/ivtest/ivltests/test_nmos.v:111:69: error: value of type &#39;logic&#39; is invalid for &#39;%v&#39; format specifier
      $display (&#34;FAILED: nmos s:%d g:%d d:%v expected:StH&#34;, vdd, x, t6 );
                                          ~~                        ^~
../../src/github/sv-tests/third_party/tests/ivtest/ivltests/test_nmos.v:116:69: error: value of type &#39;logic&#39; is invalid for &#39;%v&#39; format specifier
      $display (&#34;FAILED: nmos s:%d g:%d d:%v expected:StH&#34;, vdd, z, t7 );
                                          ~~                        ^~
fatal error: too many errors emitted, stopping now [--error-limit=]

Build failed: 20 errors, 0 warnings

</pre>
</body>