<head>
  <style>
    .log { font-family: "Courier New", Consolas, monospace; font-size: 80%; }
    .test-failed { background-color: #ffaaaa; }
    .test-passed { background-color: #aaffaa; }
  </style>
</head>
<body>
<h3><a href="https://github.com/MikePopoloski/slang" target="_blank">slang</a></h3>
<pre class="test-failed">
description: Test imported from ivtest
rc: 1 (means success: 0)
tags: ivtest
incdirs: /tmpfs/src/github/sv-tests/third_party/tests/ivtest /tmpfs/src/github/sv-tests/third_party/tests/ivtest/ivltests
top_module: 
type: parsing
mode: parsing
files: <a href="../../../../third_party/tests/ivtest/ivltests/undef_lval_select2.v.html" target="file-frame">third_party/tests/ivtest/ivltests/undef_lval_select2.v</a>
defines: 
time_elapsed: 0.003s
ram usage: 9204 KB
</pre>
<pre class="log">

slang-driver --single-unit -I /tmpfs/src/github/sv-tests/third_party/tests/ivtest -I /tmpfs/src/github/sv-tests/third_party/tests/ivtest/ivltests <a href="../../../../third_party/tests/ivtest/ivltests/undef_lval_select2.v.html" target="file-frame">third_party/tests/ivtest/ivltests/undef_lval_select2.v</a>
Top level design units:
    top

../../src/github/sv-tests/third_party/tests/ivtest/ivltests/undef_lval_select2.v:12:9: error: cannot refer to element 1&#39;bx of &#39;reg[2:-1]&#39;
    vec[1&#39;bx] &lt;= 1&#39;b1;
        ^~~~
../../src/github/sv-tests/third_party/tests/ivtest/ivltests/undef_lval_select2.v:26:9: error: value must not have any unknown bits
    vec[1&#39;bx:0] &lt;= 1&#39;b1;
        ^~~~
../../src/github/sv-tests/third_party/tests/ivtest/ivltests/undef_lval_select2.v:33:11: error: value must not have any unknown bits
    vec[0:1&#39;bx] &lt;= 1&#39;b1;
          ^~~~
../../src/github/sv-tests/third_party/tests/ivtest/ivltests/undef_lval_select2.v:40:14: error: value must not have any unknown bits
    vec[1&#39;bx:1&#39;bx] &lt;= 1&#39;b1;
             ^~~~
../../src/github/sv-tests/third_party/tests/ivtest/ivltests/undef_lval_select2.v:47:9: error: cannot refer to element 1&#39;bx of &#39;reg[2:-1]&#39;
    vec[1&#39;bx+:1] &lt;= 1&#39;b1;
        ^~~~
../../src/github/sv-tests/third_party/tests/ivtest/ivltests/undef_lval_select2.v:54:9: error: cannot refer to element 1&#39;bx of &#39;reg[2:-1]&#39;
    vec[1&#39;bx+:2] &lt;= 2&#39;b01;
        ^~~~
../../src/github/sv-tests/third_party/tests/ivtest/ivltests/undef_lval_select2.v:61:9: error: cannot refer to element 1&#39;bx of &#39;reg[2:-1]&#39;
    vec[1&#39;bx-:1] &lt;= 1&#39;b1;
        ^~~~
../../src/github/sv-tests/third_party/tests/ivtest/ivltests/undef_lval_select2.v:68:9: error: cannot refer to element 1&#39;bx of &#39;reg[2:-1]&#39;
    vec[1&#39;bx-:2] &lt;= 2&#39;b01;
        ^~~~

Build failed: 8 errors, 0 warnings

</pre>
</body>