<head>
  <style>
    .log { font-family: "Courier New", Consolas, monospace; font-size: 80%; }
    .test-failed { background-color: #ffaaaa; }
    .test-passed { background-color: #aaffaa; }
  </style>
</head>
<body>
<h3><a href="https://github.com/MikePopoloski/slang" target="_blank">slang</a></h3>
<pre class="test-failed">
description: Test imported from ivtest
rc: 1 (means success: 0)
should_fail: 0
tags: ivtest
incdirs: /tmpfs/src/github/sv-tests/third_party/tests/ivtest /tmpfs/src/github/sv-tests/third_party/tests/ivtest/ivltests
top_module: 
type: parsing
mode: parsing
files: <a href="../../../../third_party/tests/ivtest/ivltests/unp_array_typedef.v.html" target="file-frame">third_party/tests/ivtest/ivltests/unp_array_typedef.v</a>
time_elapsed: 0.000s
ram usage: 9756 KB
</pre>
<pre class="log">

slang-driver --single-unit -I/tmpfs/src/github/sv-tests/third_party/tests/ivtest -I/tmpfs/src/github/sv-tests/third_party/tests/ivtest/ivltests <a href="../../../../third_party/tests/ivtest/ivltests/unp_array_typedef.v.html" target="file-frame">third_party/tests/ivtest/ivltests/unp_array_typedef.v</a>
../../src/github/sv-tests/third_party/tests/ivtest/ivltests/unp_array_typedef.v:23:36: error: dimension requires a constant range
    typedef logic [7:0] bit_darray [];
                                   ^~
../../src/github/sv-tests/third_party/tests/ivtest/ivltests/unp_array_typedef.v:25:34: error: dimension requires a constant range
    typedef string string_darray [];
                                 ^~
../../src/github/sv-tests/third_party/tests/ivtest/ivltests/unp_array_typedef.v:27:30: error: dimension requires a constant range
    typedef real real_darray [];
                             ^~
../../src/github/sv-tests/third_party/tests/ivtest/ivltests/unp_array_typedef.v:29:28: error: dimension requires a constant range
    typedef int int_darray [];
                           ^~
../../src/github/sv-tests/third_party/tests/ivtest/ivltests/unp_array_typedef.v:35:30: error: dimension requires a constant range
    typedef word word_darray [];
                             ^~
../../src/github/sv-tests/third_party/tests/ivtest/ivltests/unp_array_typedef.v:51:16: error: language feature not yet supported
    bit_darr = new[3];
               ^~~~~~
../../src/github/sv-tests/third_party/tests/ivtest/ivltests/unp_array_typedef.v:73:19: error: language feature not yet supported
    string_darr = new[3];
                  ^~~~~~
../../src/github/sv-tests/third_party/tests/ivtest/ivltests/unp_array_typedef.v:92:17: error: language feature not yet supported
    real_darr = new[3];
                ^~~~~~
../../src/github/sv-tests/third_party/tests/ivtest/ivltests/unp_array_typedef.v:115:16: error: language feature not yet supported
    int_darr = new[3];
               ^~~~~~

</pre>
</body>