<head>
  <style>
    .log { font-family: "Courier New", Consolas, monospace; font-size: 80%; }
    .test-failed { background-color: #ffaaaa; }
    .test-passed { background-color: #aaffaa; }
  </style>
</head>
<body>
<h3><a href="https://github.com/MikePopoloski/slang" target="_blank">slang</a></h3>
<pre class="test-failed">
description: Test imported from ivtest
rc: 1 (means success: 0)
tags: ivtest
incdirs: /tmpfs/src/github/sv-tests/third_party/tests/ivtest /tmpfs/src/github/sv-tests/third_party/tests/ivtest/ivltests
top_module: 
type: parsing
mode: parsing
files: <a href="../../../../third_party/tests/ivtest/ivltests/vhdl_range.v.html" target="file-frame">third_party/tests/ivtest/ivltests/vhdl_range.v</a>
defines: 
time_elapsed: 0.003s
ram usage: 8976 KB
</pre>
<pre class="log">

slang-driver --single-unit -I /tmpfs/src/github/sv-tests/third_party/tests/ivtest -I /tmpfs/src/github/sv-tests/third_party/tests/ivtest/ivltests <a href="../../../../third_party/tests/ivtest/ivltests/vhdl_range.v.html" target="file-frame">third_party/tests/ivtest/ivltests/vhdl_range.v</a>
Top level design units:
    range_test

../../src/github/sv-tests/third_party/tests/ivtest/ivltests/vhdl_range.v:23:1: error: unknown module &#39;range_entity&#39;
range_entity dut();
^~~~~~~~~~~~
../../src/github/sv-tests/third_party/tests/ivtest/ivltests/vhdl_range.v:29:6: error: use of undeclared identifier &#39;dut&#39;
  if(dut.left_asc !== 2)
     ^~~
../../src/github/sv-tests/third_party/tests/ivtest/ivltests/vhdl_range.v:31:62: error: use of undeclared identifier &#39;dut&#39;
    $display(&#34;FAILED: left_asc should be %2d but is %2d&#34;, 2, dut.left_asc);
                                                             ^~~
../../src/github/sv-tests/third_party/tests/ivtest/ivltests/vhdl_range.v:35:6: error: use of undeclared identifier &#39;dut&#39;
  if(dut.right_asc !== 4)
     ^~~
../../src/github/sv-tests/third_party/tests/ivtest/ivltests/vhdl_range.v:37:63: error: use of undeclared identifier &#39;dut&#39;
    $display(&#34;FAILED: right_asc should be %2d but is %2d&#34;, 2, dut.right_asc);
                                                              ^~~
../../src/github/sv-tests/third_party/tests/ivtest/ivltests/vhdl_range.v:41:6: error: use of undeclared identifier &#39;dut&#39;
  if(dut.left_dsc !== 9)
     ^~~
../../src/github/sv-tests/third_party/tests/ivtest/ivltests/vhdl_range.v:43:62: error: use of undeclared identifier &#39;dut&#39;
    $display(&#34;FAILED: left_dsc should be %2d but is %2d&#34;, 2, dut.left_dsc);
                                                             ^~~
../../src/github/sv-tests/third_party/tests/ivtest/ivltests/vhdl_range.v:47:6: error: use of undeclared identifier &#39;dut&#39;
  if(dut.right_dsc !== 3)
     ^~~
../../src/github/sv-tests/third_party/tests/ivtest/ivltests/vhdl_range.v:49:63: error: use of undeclared identifier &#39;dut&#39;
    $display(&#34;FAILED: right_dsc should be %2d but is %2d&#34;, 2, dut.right_dsc);
                                                              ^~~
../../src/github/sv-tests/third_party/tests/ivtest/ivltests/vhdl_range.v:53:6: error: use of undeclared identifier &#39;dut&#39;
  if(dut.pow_left !== 16)
     ^~~
../../src/github/sv-tests/third_party/tests/ivtest/ivltests/vhdl_range.v:55:63: error: use of undeclared identifier &#39;dut&#39;
    $display(&#34;FAILED: pow_left should be %2d but is %2d&#34;, 16, dut.pow_left);
                                                              ^~~
../../src/github/sv-tests/third_party/tests/ivtest/ivltests/vhdl_range.v:59:6: error: use of undeclared identifier &#39;dut&#39;
  if(dut.rem_left !== 2)
     ^~~
../../src/github/sv-tests/third_party/tests/ivtest/ivltests/vhdl_range.v:61:62: error: use of undeclared identifier &#39;dut&#39;
    $display(&#34;FAILED: rem_left should be %2d but is %2d&#34;, 2, dut.rem_left);
                                                             ^~~
../../src/github/sv-tests/third_party/tests/ivtest/ivltests/vhdl_range.v:65:17: error: use of undeclared identifier &#39;dut&#39;
  for(i = $left(dut.ascending); i &lt;= $right(dut.ascending); i++)
                ^~~
../../src/github/sv-tests/third_party/tests/ivtest/ivltests/vhdl_range.v:65:45: error: use of undeclared identifier &#39;dut&#39;
  for(i = $left(dut.ascending); i &lt;= $right(dut.ascending); i++)
                                            ^~~
../../src/github/sv-tests/third_party/tests/ivtest/ivltests/vhdl_range.v:67:16: error: use of undeclared identifier &#39;dut&#39;
    if(2*i !== dut.ascending[i])
               ^~~
../../src/github/sv-tests/third_party/tests/ivtest/ivltests/vhdl_range.v:69:77: error: use of undeclared identifier &#39;dut&#39;
        $display(&#34;FAILED: ascending[%2d] should be %2d but is %2d&#34;, i, 2*i, dut.ascending[i]);
                                                                            ^~~
../../src/github/sv-tests/third_party/tests/ivtest/ivltests/vhdl_range.v:74:18: error: use of undeclared identifier &#39;dut&#39;
  for(i = $right(dut.descending); i &lt;= $left(dut.descending); i++)
                 ^~~
../../src/github/sv-tests/third_party/tests/ivtest/ivltests/vhdl_range.v:74:46: error: use of undeclared identifier &#39;dut&#39;
  for(i = $right(dut.descending); i &lt;= $left(dut.descending); i++)
                                             ^~~
../../src/github/sv-tests/third_party/tests/ivtest/ivltests/vhdl_range.v:76:16: error: use of undeclared identifier &#39;dut&#39;
    if(3*i !== dut.descending[i])
               ^~~
fatal error: too many errors emitted, stopping now [--error-limit=]

Build failed: 20 errors, 0 warnings

</pre>
</body>