<head>
  <style>
    .log { font-family: "Courier New", Consolas, monospace; font-size: 80%; }
    .test-failed { background-color: #ffaaaa; }
    .test-passed { background-color: #aaffaa; }
  </style>
</head>
<body>
<h3><a href="https://github.com/MikePopoloski/slang" target="_blank">slang</a></h3>
<pre class="test-failed">
description: Test imported from ivtest
rc: 1 (means success: 0)
tags: ivtest
incdirs: /tmpfs/src/github/sv-tests/third_party/tests/ivtest /tmpfs/src/github/sv-tests/third_party/tests/ivtest/ivltests
top_module: 
type: parsing
mode: parsing
files: <a href="../../../../third_party/tests/ivtest/ivltests/writemem-invalid.v.html" target="file-frame">third_party/tests/ivtest/ivltests/writemem-invalid.v</a>
defines: 
time_elapsed: 0.003s
ram usage: 9260 KB
</pre>
<pre class="log">

slang-driver --single-unit -I /tmpfs/src/github/sv-tests/third_party/tests/ivtest -I /tmpfs/src/github/sv-tests/third_party/tests/ivtest/ivltests <a href="../../../../third_party/tests/ivtest/ivltests/writemem-invalid.v.html" target="file-frame">third_party/tests/ivtest/ivltests/writemem-invalid.v</a>
Top level design units:
    top

:0:0: error: too many arguments to subroutine call; expected 4 but 5 were provided
../../src/github/sv-tests/third_party/tests/ivtest/ivltests/writemem-invalid.v:5:5: error: too few arguments to subroutine call; expected 2 but 0 were provided
    $writememb();
    ^~~~~~~~~~~~
../../src/github/sv-tests/third_party/tests/ivtest/ivltests/writemem-invalid.v:6:5: error: too few arguments to subroutine call; expected 2 but 1 were provided
    $writememb(top);
    ^~~~~~~~~~~~~~~
../../src/github/sv-tests/third_party/tests/ivtest/ivltests/writemem-invalid.v:6:16: error: &#39;top&#39; is a module definition but is used as a value
    $writememb(top);
               ^~~
../../src/github/sv-tests/third_party/tests/ivtest/ivltests/writemem-invalid.v:7:5: error: too few arguments to subroutine call; expected 2 but 1 were provided
    $writememb(&#34;writemem.txt&#34;);
    ^~~~~~~~~~~~~~~~~~~~~~~~~~
../../src/github/sv-tests/third_party/tests/ivtest/ivltests/writemem-invalid.v:8:32: error: &#39;top&#39; is a module definition but is used as a value
    $writememb(&#34;writemem.txt&#34;, top);
                               ^~~
../../src/github/sv-tests/third_party/tests/ivtest/ivltests/writemem-invalid.v:9:39: error: &#39;top&#39; is a module definition but is used as a value
    $writememb(&#34;writemem.txt&#34;, array, top);
                                      ^~~
../../src/github/sv-tests/third_party/tests/ivtest/ivltests/writemem-invalid.v:10:42: error: &#39;top&#39; is a module definition but is used as a value
    $writememb(&#34;writemem.txt&#34;, array, 0, top);
                                         ^~~
../../src/github/sv-tests/third_party/tests/ivtest/ivltests/writemem-invalid.v:11:45: error: &#39;top&#39; is a module definition but is used as a value
    $writememb(&#34;writemem.txt&#34;, array, 0, 7, top);
                                            ^~~
../../src/github/sv-tests/third_party/tests/ivtest/ivltests/writemem-invalid.v:13:5: error: too few arguments to subroutine call; expected 2 but 0 were provided
    $writememh();
    ^~~~~~~~~~~~
../../src/github/sv-tests/third_party/tests/ivtest/ivltests/writemem-invalid.v:14:5: error: too few arguments to subroutine call; expected 2 but 1 were provided
    $writememh(top);
    ^~~~~~~~~~~~~~~
../../src/github/sv-tests/third_party/tests/ivtest/ivltests/writemem-invalid.v:14:16: error: &#39;top&#39; is a module definition but is used as a value
    $writememh(top);
               ^~~
../../src/github/sv-tests/third_party/tests/ivtest/ivltests/writemem-invalid.v:15:5: error: too few arguments to subroutine call; expected 2 but 1 were provided
    $writememh(&#34;writemem.txt&#34;);
    ^~~~~~~~~~~~~~~~~~~~~~~~~~
../../src/github/sv-tests/third_party/tests/ivtest/ivltests/writemem-invalid.v:16:32: error: &#39;top&#39; is a module definition but is used as a value
    $writememh(&#34;writemem.txt&#34;, top);
                               ^~~
../../src/github/sv-tests/third_party/tests/ivtest/ivltests/writemem-invalid.v:17:39: error: &#39;top&#39; is a module definition but is used as a value
    $writememh(&#34;writemem.txt&#34;, array, top);
                                      ^~~
../../src/github/sv-tests/third_party/tests/ivtest/ivltests/writemem-invalid.v:18:42: error: &#39;top&#39; is a module definition but is used as a value
    $writememh(&#34;writemem.txt&#34;, array, 0, top);
                                         ^~~
../../src/github/sv-tests/third_party/tests/ivtest/ivltests/writemem-invalid.v:19:45: error: &#39;top&#39; is a module definition but is used as a value
    $writememh(&#34;writemem.txt&#34;, array, 0, 7, top);
                                            ^~~

Build failed: 17 errors, 0 warnings

</pre>
</body>