<head>
  <style>
    .log { font-family: "Courier New", Consolas, monospace; font-size: 80%; }
    .test-failed { background-color: #ffaaaa; }
    .test-passed { background-color: #aaffaa; }
  </style>
</head>
<body>
<h3><a href="https://github.com/MikePopoloski/slang" target="_blank">slang</a></h3>
<pre class="test-failed">
description: Test
rc: 1 (means success: 0)
tags: 8.3 uvm-req
incdirs: /tmpfs/src/github/sv-tests/tests/generic/member
top_module: 
type: parsing
mode: parsing
files: <a href="../../../../tests/generic/member/class_member_test_18.sv.html" target="file-frame">tests/generic/member/class_member_test_18.sv</a>
defines: 
time_elapsed: 0.002s
ram usage: 8980 KB
</pre>
<pre class="log">

slang-driver --single-unit -I /tmpfs/src/github/sv-tests/tests/generic/member <a href="../../../../tests/generic/member/class_member_test_18.sv.html" target="file-frame">tests/generic/member/class_member_test_18.sv</a>
../../src/github/sv-tests/tests/generic/member/class_member_test_18.sv:7:22: error: no implementation found in parent scope for &#39;subroutine&#39;
extern function void subroutine(input bool x);
                     ^
../../src/github/sv-tests/tests/generic/member/class_member_test_18.sv:7:39: error: use of undeclared identifier &#39;bool&#39;
extern function void subroutine(input bool x);
                                      ^~~~
warning: no top-level modules found in design [-Wno-top]

Build failed: 2 errors, 1 warning

</pre>
</body>