<head>
  <style>
    .log { font-family: "Courier New", Consolas, monospace; font-size: 80%; }
    .test-failed { background-color: #ffaaaa; }
    .test-passed { background-color: #aaffaa; }
  </style>
</head>
<body>
<h3><a href="https://github.com/MikePopoloski/slang" target="_blank">slang</a></h3>
<pre class="test-failed">
description: Test
rc: 1 (means success: 0)
tags: 8.3 uvm-req
incdirs: /tmpfs/src/github/sv-tests/tests/generic/member
top_module: 
type: parsing
mode: parsing
files: <a href="../../../../tests/generic/member/class_member_test_26.sv.html" target="file-frame">tests/generic/member/class_member_test_26.sv</a>
defines: 
time_elapsed: 0.003s
ram usage: 9236 KB
</pre>
<pre class="log">

slang-driver --single-unit -I /tmpfs/src/github/sv-tests/tests/generic/member <a href="../../../../tests/generic/member/class_member_test_26.sv.html" target="file-frame">tests/generic/member/class_member_test_26.sv</a>
../../src/github/sv-tests/tests/generic/member/class_member_test_26.sv:7:31: error: no implementation found in parent scope for &#39;subroutine&#39;
pure virtual function integer subroutine;
                              ^
../../src/github/sv-tests/tests/generic/member/class_member_test_26.sv:8:31: error: no implementation found in parent scope for &#39;compute&#39;
pure virtual function integer compute(int a, bit b);
                              ^
warning: no top-level modules found in design [-Wno-top]

Build failed: 2 errors, 1 warning

</pre>
</body>