<head>
  <style>
    .log { font-family: "Courier New", Consolas, monospace; font-size: 80%; }
    .test-failed { background-color: #ffaaaa; }
    .test-passed { background-color: #aaffaa; }
  </style>
</head>
<body>
<h3><a href="https://github.com/tree-sitter/tree-sitter-verilog" target="_blank">tree-sitter-verilog</a></h3>
<pre class="test-failed">
description: property with disable iff test with UVM
rc: 1 (means success: 0)
tags: uvm uvm-assertions
incdirs: /tmpfs/src/github/sv-tests/third_party/tests/uvm/src /tmpfs/src/github/sv-tests/tests/chapter-16
top_module: 
type: simulation parsing
mode: parsing
files: <a href="../../../third_party/tests/uvm/src/uvm_pkg.sv.html" target="file-frame">third_party/tests/uvm/src/uvm_pkg.sv</a> <a href="../../../tests/chapter-16/16.15--property-iff-uvm.sv.html" target="file-frame">tests/chapter-16/16.15--property-iff-uvm.sv</a>
defines: 
time_elapsed: 0.105s
ram usage: 33908 KB
</pre>
<pre class="log">

<a href="../../../third_party/tests/uvm/src/uvm_pkg.sv.html#l-27" target="file-frame">third_party/tests/uvm/src/uvm_pkg.sv:27</a>:16: error: node type: endpackage
<a href="../../../third_party/tests/uvm/src/uvm_pkg.sv.html#l-38" target="file-frame">third_party/tests/uvm/src/uvm_pkg.sv:38</a>:10: error: node type: ;
<a href="../../../tests/chapter-16/16.15--property-iff-uvm.sv.html#l-47" target="file-frame">tests/chapter-16/16.15--property-iff-uvm.sv:47</a>:49: error: node type: endfunction
<a href="../../../tests/chapter-16/16.15--property-iff-uvm.sv.html#l-49" target="file-frame">tests/chapter-16/16.15--property-iff-uvm.sv:49</a>:14: error: node type: ERROR
<a href="../../../tests/chapter-16/16.15--property-iff-uvm.sv.html#l-50" target="file-frame">tests/chapter-16/16.15--property-iff-uvm.sv:50</a>:25: error: node type: ERROR
<a href="../../../tests/chapter-16/16.15--property-iff-uvm.sv.html#l-50" target="file-frame">tests/chapter-16/16.15--property-iff-uvm.sv:50</a>:29: error: node type: ERROR
<a href="../../../tests/chapter-16/16.15--property-iff-uvm.sv.html#l-50" target="file-frame">tests/chapter-16/16.15--property-iff-uvm.sv:50</a>:40: error: node type: ERROR
<a href="../../../tests/chapter-16/16.15--property-iff-uvm.sv.html#l-50" target="file-frame">tests/chapter-16/16.15--property-iff-uvm.sv:50</a>:47: error: node type: ERROR
<a href="../../../tests/chapter-16/16.15--property-iff-uvm.sv.html#l-52" target="file-frame">tests/chapter-16/16.15--property-iff-uvm.sv:52</a>:15: error: node type: ERROR
<a href="../../../tests/chapter-16/16.15--property-iff-uvm.sv.html#l-52" target="file-frame">tests/chapter-16/16.15--property-iff-uvm.sv:52</a>:30: error: node type: ;
<a href="../../../tests/chapter-16/16.15--property-iff-uvm.sv.html#l-55" target="file-frame">tests/chapter-16/16.15--property-iff-uvm.sv:55</a>:29: error: node type: =
<a href="../../../tests/chapter-16/16.15--property-iff-uvm.sv.html#l-55" target="file-frame">tests/chapter-16/16.15--property-iff-uvm.sv:55</a>:36: error: node type: endtask
<a href="../../../tests/chapter-16/16.15--property-iff-uvm.sv.html#l-58" target="file-frame">tests/chapter-16/16.15--property-iff-uvm.sv:58</a>:18: error: node type: ERROR
<a href="../../../tests/chapter-16/16.15--property-iff-uvm.sv.html#l-59" target="file-frame">tests/chapter-16/16.15--property-iff-uvm.sv:59</a>:11: error: node type: ;
<a href="../../../tests/chapter-16/16.15--property-iff-uvm.sv.html#l-61" target="file-frame">tests/chapter-16/16.15--property-iff-uvm.sv:61</a>:13: error: node type: ERROR
<a href="../../../tests/chapter-16/16.15--property-iff-uvm.sv.html#l-61" target="file-frame">tests/chapter-16/16.15--property-iff-uvm.sv:61</a>:28: error: node type: ERROR
<a href="../../../tests/chapter-16/16.15--property-iff-uvm.sv.html#l-62" target="file-frame">tests/chapter-16/16.15--property-iff-uvm.sv:62</a>:11: error: node type: ERROR
<a href="../../../tests/chapter-16/16.15--property-iff-uvm.sv.html#l-62" target="file-frame">tests/chapter-16/16.15--property-iff-uvm.sv:62</a>:22: error: node type: ;
<a href="../../../tests/chapter-16/16.15--property-iff-uvm.sv.html#l-74" target="file-frame">tests/chapter-16/16.15--property-iff-uvm.sv:74</a>:49: error: node type: ERROR
<a href="../../../tests/chapter-16/16.15--property-iff-uvm.sv.html#l-78" target="file-frame">tests/chapter-16/16.15--property-iff-uvm.sv:78</a>:16: error: node type: simple_identifier
<a href="../../../tests/chapter-16/16.15--property-iff-uvm.sv.html#l-85" target="file-frame">tests/chapter-16/16.15--property-iff-uvm.sv:85</a>:31: error: node type: ;

</pre>
</body>