<head>
  <style>
    .log { font-family: "Courier New", Consolas, monospace; font-size: 80%; }
    .test-failed { background-color: #ffaaaa; }
    .test-passed { background-color: #aaffaa; }
  </style>
</head>
<body>
<h3><a href="https://github.com/tree-sitter/tree-sitter-verilog" target="_blank">tree-sitter-verilog</a></h3>
<pre class="test-failed">
description: sequence with local variables in UVM
rc: 1 (means success: 0)
tags: uvm uvm-assertions
incdirs: /tmpfs/src/github/sv-tests/third_party/tests/uvm/src /tmpfs/src/github/sv-tests/tests/chapter-16
top_module: 
type: simulation parsing
mode: parsing
files: <a href="../../../third_party/tests/uvm/src/uvm_pkg.sv.html" target="file-frame">third_party/tests/uvm/src/uvm_pkg.sv</a> <a href="../../../tests/chapter-16/16.13--sequence-multiclock-uvm.sv.html" target="file-frame">tests/chapter-16/16.13--sequence-multiclock-uvm.sv</a>
defines: 
time_elapsed: 0.105s
ram usage: 33440 KB
</pre>
<pre class="log">

<a href="../../../third_party/tests/uvm/src/uvm_pkg.sv.html#l-27" target="file-frame">third_party/tests/uvm/src/uvm_pkg.sv:27</a>:16: error: node type: endpackage
<a href="../../../third_party/tests/uvm/src/uvm_pkg.sv.html#l-38" target="file-frame">third_party/tests/uvm/src/uvm_pkg.sv:38</a>:10: error: node type: ;
<a href="../../../tests/chapter-16/16.13--sequence-multiclock-uvm.sv.html#l-51" target="file-frame">tests/chapter-16/16.13--sequence-multiclock-uvm.sv:51</a>:49: error: node type: endfunction
<a href="../../../tests/chapter-16/16.13--sequence-multiclock-uvm.sv.html#l-53" target="file-frame">tests/chapter-16/16.13--sequence-multiclock-uvm.sv:53</a>:14: error: node type: ERROR
<a href="../../../tests/chapter-16/16.13--sequence-multiclock-uvm.sv.html#l-54" target="file-frame">tests/chapter-16/16.13--sequence-multiclock-uvm.sv:54</a>:25: error: node type: ERROR
<a href="../../../tests/chapter-16/16.13--sequence-multiclock-uvm.sv.html#l-54" target="file-frame">tests/chapter-16/16.13--sequence-multiclock-uvm.sv:54</a>:29: error: node type: ERROR
<a href="../../../tests/chapter-16/16.13--sequence-multiclock-uvm.sv.html#l-54" target="file-frame">tests/chapter-16/16.13--sequence-multiclock-uvm.sv:54</a>:40: error: node type: ERROR
<a href="../../../tests/chapter-16/16.13--sequence-multiclock-uvm.sv.html#l-54" target="file-frame">tests/chapter-16/16.13--sequence-multiclock-uvm.sv:54</a>:47: error: node type: ERROR
<a href="../../../tests/chapter-16/16.13--sequence-multiclock-uvm.sv.html#l-56" target="file-frame">tests/chapter-16/16.13--sequence-multiclock-uvm.sv:56</a>:15: error: node type: ERROR
<a href="../../../tests/chapter-16/16.13--sequence-multiclock-uvm.sv.html#l-56" target="file-frame">tests/chapter-16/16.13--sequence-multiclock-uvm.sv:56</a>:30: error: node type: ;
<a href="../../../tests/chapter-16/16.13--sequence-multiclock-uvm.sv.html#l-59" target="file-frame">tests/chapter-16/16.13--sequence-multiclock-uvm.sv:59</a>:29: error: node type: =
<a href="../../../tests/chapter-16/16.13--sequence-multiclock-uvm.sv.html#l-59" target="file-frame">tests/chapter-16/16.13--sequence-multiclock-uvm.sv:59</a>:36: error: node type: endtask
<a href="../../../tests/chapter-16/16.13--sequence-multiclock-uvm.sv.html#l-62" target="file-frame">tests/chapter-16/16.13--sequence-multiclock-uvm.sv:62</a>:18: error: node type: ERROR
<a href="../../../tests/chapter-16/16.13--sequence-multiclock-uvm.sv.html#l-63" target="file-frame">tests/chapter-16/16.13--sequence-multiclock-uvm.sv:63</a>:11: error: node type: ;
<a href="../../../tests/chapter-16/16.13--sequence-multiclock-uvm.sv.html#l-65" target="file-frame">tests/chapter-16/16.13--sequence-multiclock-uvm.sv:65</a>:13: error: node type: ERROR
<a href="../../../tests/chapter-16/16.13--sequence-multiclock-uvm.sv.html#l-65" target="file-frame">tests/chapter-16/16.13--sequence-multiclock-uvm.sv:65</a>:28: error: node type: ERROR
<a href="../../../tests/chapter-16/16.13--sequence-multiclock-uvm.sv.html#l-66" target="file-frame">tests/chapter-16/16.13--sequence-multiclock-uvm.sv:66</a>:11: error: node type: ERROR
<a href="../../../tests/chapter-16/16.13--sequence-multiclock-uvm.sv.html#l-66" target="file-frame">tests/chapter-16/16.13--sequence-multiclock-uvm.sv:66</a>:22: error: node type: ;
<a href="../../../tests/chapter-16/16.13--sequence-multiclock-uvm.sv.html#l-78" target="file-frame">tests/chapter-16/16.13--sequence-multiclock-uvm.sv:78</a>:49: error: node type: ERROR
<a href="../../../tests/chapter-16/16.13--sequence-multiclock-uvm.sv.html#l-82" target="file-frame">tests/chapter-16/16.13--sequence-multiclock-uvm.sv:82</a>:16: error: node type: simple_identifier
<a href="../../../tests/chapter-16/16.13--sequence-multiclock-uvm.sv.html#l-86" target="file-frame">tests/chapter-16/16.13--sequence-multiclock-uvm.sv:86</a>:30: error: node type: ERROR
<a href="../../../tests/chapter-16/16.13--sequence-multiclock-uvm.sv.html#l-89" target="file-frame">tests/chapter-16/16.13--sequence-multiclock-uvm.sv:89</a>:30: error: node type: ;

</pre>
</body>