<head>
  <style>
    .log { font-family: "Courier New", Consolas, monospace; font-size: 80%; }
    .test-failed { background-color: #ffaaaa; }
    .test-passed { background-color: #aaffaa; }
  </style>
</head>
<body>
<h3><a href="https://github.com/tree-sitter/tree-sitter-verilog" target="_blank">tree-sitter-verilog</a></h3>
<pre class="test-failed">
description: sequence with &#34;throughout&#34; operator in UVM
rc: 1 (means success: 0)
tags: uvm uvm-assertions
incdirs: /tmpfs/src/github/sv-tests/third_party/tests/uvm/src /tmpfs/src/github/sv-tests/tests/chapter-16
top_module: 
type: simulation parsing
mode: parsing
files: <a href="../../../third_party/tests/uvm/src/uvm_pkg.sv.html" target="file-frame">third_party/tests/uvm/src/uvm_pkg.sv</a> <a href="../../../tests/chapter-16/16.7--sequence-throughout-uvm.sv.html" target="file-frame">tests/chapter-16/16.7--sequence-throughout-uvm.sv</a>
defines: 
time_elapsed: 0.119s
ram usage: 33572 KB
</pre>
<pre class="log">

<a href="../../../third_party/tests/uvm/src/uvm_pkg.sv.html#l-27" target="file-frame">third_party/tests/uvm/src/uvm_pkg.sv:27</a>:16: error: node type: endpackage
<a href="../../../third_party/tests/uvm/src/uvm_pkg.sv.html#l-38" target="file-frame">third_party/tests/uvm/src/uvm_pkg.sv:38</a>:10: error: node type: ;
<a href="../../../tests/chapter-16/16.7--sequence-throughout-uvm.sv.html#l-68" target="file-frame">tests/chapter-16/16.7--sequence-throughout-uvm.sv:68</a>:49: error: node type: endfunction
<a href="../../../tests/chapter-16/16.7--sequence-throughout-uvm.sv.html#l-70" target="file-frame">tests/chapter-16/16.7--sequence-throughout-uvm.sv:70</a>:14: error: node type: ERROR
<a href="../../../tests/chapter-16/16.7--sequence-throughout-uvm.sv.html#l-71" target="file-frame">tests/chapter-16/16.7--sequence-throughout-uvm.sv:71</a>:25: error: node type: ERROR
<a href="../../../tests/chapter-16/16.7--sequence-throughout-uvm.sv.html#l-71" target="file-frame">tests/chapter-16/16.7--sequence-throughout-uvm.sv:71</a>:29: error: node type: ERROR
<a href="../../../tests/chapter-16/16.7--sequence-throughout-uvm.sv.html#l-71" target="file-frame">tests/chapter-16/16.7--sequence-throughout-uvm.sv:71</a>:36: error: node type: ERROR
<a href="../../../tests/chapter-16/16.7--sequence-throughout-uvm.sv.html#l-71" target="file-frame">tests/chapter-16/16.7--sequence-throughout-uvm.sv:71</a>:43: error: node type: ERROR
<a href="../../../tests/chapter-16/16.7--sequence-throughout-uvm.sv.html#l-73" target="file-frame">tests/chapter-16/16.7--sequence-throughout-uvm.sv:73</a>:15: error: node type: ERROR
<a href="../../../tests/chapter-16/16.7--sequence-throughout-uvm.sv.html#l-73" target="file-frame">tests/chapter-16/16.7--sequence-throughout-uvm.sv:73</a>:30: error: node type: ;
<a href="../../../tests/chapter-16/16.7--sequence-throughout-uvm.sv.html#l-76" target="file-frame">tests/chapter-16/16.7--sequence-throughout-uvm.sv:76</a>:29: error: node type: =
<a href="../../../tests/chapter-16/16.7--sequence-throughout-uvm.sv.html#l-76" target="file-frame">tests/chapter-16/16.7--sequence-throughout-uvm.sv:76</a>:36: error: node type: endtask
<a href="../../../tests/chapter-16/16.7--sequence-throughout-uvm.sv.html#l-79" target="file-frame">tests/chapter-16/16.7--sequence-throughout-uvm.sv:79</a>:18: error: node type: ERROR
<a href="../../../tests/chapter-16/16.7--sequence-throughout-uvm.sv.html#l-80" target="file-frame">tests/chapter-16/16.7--sequence-throughout-uvm.sv:80</a>:11: error: node type: ;
<a href="../../../tests/chapter-16/16.7--sequence-throughout-uvm.sv.html#l-82" target="file-frame">tests/chapter-16/16.7--sequence-throughout-uvm.sv:82</a>:13: error: node type: ERROR
<a href="../../../tests/chapter-16/16.7--sequence-throughout-uvm.sv.html#l-82" target="file-frame">tests/chapter-16/16.7--sequence-throughout-uvm.sv:82</a>:28: error: node type: ERROR
<a href="../../../tests/chapter-16/16.7--sequence-throughout-uvm.sv.html#l-83" target="file-frame">tests/chapter-16/16.7--sequence-throughout-uvm.sv:83</a>:11: error: node type: ERROR
<a href="../../../tests/chapter-16/16.7--sequence-throughout-uvm.sv.html#l-83" target="file-frame">tests/chapter-16/16.7--sequence-throughout-uvm.sv:83</a>:22: error: node type: ;
<a href="../../../tests/chapter-16/16.7--sequence-throughout-uvm.sv.html#l-95" target="file-frame">tests/chapter-16/16.7--sequence-throughout-uvm.sv:95</a>:45: error: node type: ERROR
<a href="../../../tests/chapter-16/16.7--sequence-throughout-uvm.sv.html#l-98" target="file-frame">tests/chapter-16/16.7--sequence-throughout-uvm.sv:98</a>:16: error: node type: simple_identifier
<a href="../../../tests/chapter-16/16.7--sequence-throughout-uvm.sv.html#l-109" target="file-frame">tests/chapter-16/16.7--sequence-throughout-uvm.sv:109</a>:50: error: node type: ;

</pre>
</body>