<head>
  <style>
    .log { font-family: "Courier New", Consolas, monospace; font-size: 80%; }
    .test-failed { background-color: #ffaaaa; }
    .test-passed { background-color: #aaffaa; }
  </style>
</head>
<body>
<h3><a href="https://github.com/tree-sitter/tree-sitter-verilog" target="_blank">tree-sitter-verilog</a></h3>
<pre class="test-failed">
description: sequence with &#34;stable&#34; task in UVM
rc: 1 (means success: 0)
tags: uvm uvm-assertions
incdirs: /tmpfs/src/github/sv-tests/third_party/tests/uvm/src /tmpfs/src/github/sv-tests/tests/chapter-16
top_module: 
type: simulation parsing
mode: parsing
files: <a href="../../../third_party/tests/uvm/src/uvm_pkg.sv.html" target="file-frame">third_party/tests/uvm/src/uvm_pkg.sv</a> <a href="../../../tests/chapter-16/16.9--sequence-stable-uvm.sv.html" target="file-frame">tests/chapter-16/16.9--sequence-stable-uvm.sv</a>
defines: 
time_elapsed: 0.103s
ram usage: 30168 KB
</pre>
<pre class="log">

<a href="../../../third_party/tests/uvm/src/uvm_pkg.sv.html#l-27" target="file-frame">third_party/tests/uvm/src/uvm_pkg.sv:27</a>:16: error: node type: endpackage
<a href="../../../third_party/tests/uvm/src/uvm_pkg.sv.html#l-38" target="file-frame">third_party/tests/uvm/src/uvm_pkg.sv:38</a>:10: error: node type: ;
<a href="../../../tests/chapter-16/16.9--sequence-stable-uvm.sv.html#l-36" target="file-frame">tests/chapter-16/16.9--sequence-stable-uvm.sv:36</a>:49: error: node type: endfunction
<a href="../../../tests/chapter-16/16.9--sequence-stable-uvm.sv.html#l-38" target="file-frame">tests/chapter-16/16.9--sequence-stable-uvm.sv:38</a>:14: error: node type: ERROR
<a href="../../../tests/chapter-16/16.9--sequence-stable-uvm.sv.html#l-39" target="file-frame">tests/chapter-16/16.9--sequence-stable-uvm.sv:39</a>:25: error: node type: ERROR
<a href="../../../tests/chapter-16/16.9--sequence-stable-uvm.sv.html#l-39" target="file-frame">tests/chapter-16/16.9--sequence-stable-uvm.sv:39</a>:29: error: node type: ERROR
<a href="../../../tests/chapter-16/16.9--sequence-stable-uvm.sv.html#l-39" target="file-frame">tests/chapter-16/16.9--sequence-stable-uvm.sv:39</a>:40: error: node type: ERROR
<a href="../../../tests/chapter-16/16.9--sequence-stable-uvm.sv.html#l-39" target="file-frame">tests/chapter-16/16.9--sequence-stable-uvm.sv:39</a>:47: error: node type: ERROR
<a href="../../../tests/chapter-16/16.9--sequence-stable-uvm.sv.html#l-41" target="file-frame">tests/chapter-16/16.9--sequence-stable-uvm.sv:41</a>:15: error: node type: ERROR
<a href="../../../tests/chapter-16/16.9--sequence-stable-uvm.sv.html#l-41" target="file-frame">tests/chapter-16/16.9--sequence-stable-uvm.sv:41</a>:30: error: node type: ;
<a href="../../../tests/chapter-16/16.9--sequence-stable-uvm.sv.html#l-44" target="file-frame">tests/chapter-16/16.9--sequence-stable-uvm.sv:44</a>:29: error: node type: =
<a href="../../../tests/chapter-16/16.9--sequence-stable-uvm.sv.html#l-44" target="file-frame">tests/chapter-16/16.9--sequence-stable-uvm.sv:44</a>:36: error: node type: endtask
<a href="../../../tests/chapter-16/16.9--sequence-stable-uvm.sv.html#l-47" target="file-frame">tests/chapter-16/16.9--sequence-stable-uvm.sv:47</a>:18: error: node type: ERROR
<a href="../../../tests/chapter-16/16.9--sequence-stable-uvm.sv.html#l-48" target="file-frame">tests/chapter-16/16.9--sequence-stable-uvm.sv:48</a>:11: error: node type: ;
<a href="../../../tests/chapter-16/16.9--sequence-stable-uvm.sv.html#l-50" target="file-frame">tests/chapter-16/16.9--sequence-stable-uvm.sv:50</a>:13: error: node type: ERROR
<a href="../../../tests/chapter-16/16.9--sequence-stable-uvm.sv.html#l-50" target="file-frame">tests/chapter-16/16.9--sequence-stable-uvm.sv:50</a>:28: error: node type: ERROR
<a href="../../../tests/chapter-16/16.9--sequence-stable-uvm.sv.html#l-51" target="file-frame">tests/chapter-16/16.9--sequence-stable-uvm.sv:51</a>:11: error: node type: ERROR
<a href="../../../tests/chapter-16/16.9--sequence-stable-uvm.sv.html#l-51" target="file-frame">tests/chapter-16/16.9--sequence-stable-uvm.sv:51</a>:22: error: node type: ;
<a href="../../../tests/chapter-16/16.9--sequence-stable-uvm.sv.html#l-65" target="file-frame">tests/chapter-16/16.9--sequence-stable-uvm.sv:65</a>:49: error: node type: ERROR
<a href="../../../tests/chapter-16/16.9--sequence-stable-uvm.sv.html#l-68" target="file-frame">tests/chapter-16/16.9--sequence-stable-uvm.sv:68</a>:16: error: node type: simple_identifier
<a href="../../../tests/chapter-16/16.9--sequence-stable-uvm.sv.html#l-75" target="file-frame">tests/chapter-16/16.9--sequence-stable-uvm.sv:75</a>:30: error: node type: ;

</pre>
</body>