<head>
  <style>
    .log { font-family: "Courier New", Consolas, monospace; font-size: 80%; }
    .test-failed { background-color: #ffaaaa; }
    .test-passed { background-color: #aaffaa; }
  </style>
</head>
<body>
<h3><a href="http://iverilog.icarus.com/" target="_blank">icarus</a></h3>
<pre class="test-failed">
description: Test
rc: 5 (means success: 0)
tags: 6.18 uvm-req
incdirs: /tmpfs/src/github/sv-tests/tests/generic/typedef
top_module: 
type: parsing
mode: parsing
files: <a href="../../../../tests/generic/typedef/typedef_test_0.sv.html" target="file-frame">tests/generic/typedef/typedef_test_0.sv</a>
defines: 
time_elapsed: 0.007s
ram usage: 8972 KB
</pre>
<pre class="log">

iverilog -g2012 -o iverilog.out -I/tmpfs/src/github/sv-tests/tests/generic/typedef <a href="../../../../tests/generic/typedef/typedef_test_0.sv.html" target="file-frame">tests/generic/typedef/typedef_test_0.sv</a>
<a href="../../../../tests/generic/typedef/typedef_test_0.sv.html#l-8" target="file-frame">tests/generic/typedef/typedef_test_0.sv:8</a>: error: Typedef identifier &#34;i_am_a_type_really&#34; is already a type name.
<a href="../../../../tests/generic/typedef/typedef_test_0.sv.html#l-11" target="file-frame">tests/generic/typedef/typedef_test_0.sv:11</a>: syntax error
<a href="../../../../tests/generic/typedef/typedef_test_0.sv.html#l-11" target="file-frame">tests/generic/typedef/typedef_test_0.sv:11</a>: error: Syntax error in typedef clause.
<a href="../../../../tests/generic/typedef/typedef_test_0.sv.html#l-12" target="file-frame">tests/generic/typedef/typedef_test_0.sv:12</a>: syntax error
<a href="../../../../tests/generic/typedef/typedef_test_0.sv.html#l-12" target="file-frame">tests/generic/typedef/typedef_test_0.sv:12</a>: error: Syntax error in typedef clause.

</pre>
</body>