<head>
  <style>
    .log { font-family: "Courier New", Consolas, monospace; font-size: 80%; }
    .test-failed { background-color: #ffaaaa; }
    .test-passed { background-color: #aaffaa; }
  </style>
</head>
<body>
<h3><a href="http://iverilog.icarus.com/" target="_blank">icarus</a></h3>
<pre class="test-failed">
description: Tests imported from utd-sv
rc: 4 (means success: 0)
tags: utd-sv
incdirs: /tmpfs/src/github/sv-tests/third_party/tests/utd-sv
top_module: 
type: parsing
mode: parsing
files: <a href="../../../../third_party/tests/utd-sv/ctu_clsp_clkgn_clksw.v.html" target="file-frame">third_party/tests/utd-sv/ctu_clsp_clkgn_clksw.v</a>
defines: 
time_elapsed: 0.008s
ram usage: 9044 KB
</pre>
<pre class="log">

iverilog -g2012 -o iverilog.out -I/tmpfs/src/github/sv-tests/third_party/tests/utd-sv <a href="../../../../third_party/tests/utd-sv/ctu_clsp_clkgn_clksw.v.html" target="file-frame">third_party/tests/utd-sv/ctu_clsp_clkgn_clksw.v</a>
<a href="../../../../third_party/tests/utd-sv/ctu_clsp_clkgn_clksw.v.html#l-89" target="file-frame">third_party/tests/utd-sv/ctu_clsp_clkgn_clksw.v:89</a>: error: Unknown module type: ctu_clsp_clkgn_clksel
<a href="../../../../third_party/tests/utd-sv/ctu_clsp_clkgn_clksw.v.html#l-119" target="file-frame">third_party/tests/utd-sv/ctu_clsp_clkgn_clksw.v:119</a>: error: Unknown module type: ctu_clsp_clkgn_clksel
<a href="../../../../third_party/tests/utd-sv/ctu_clsp_clkgn_clksw.v.html#l-149" target="file-frame">third_party/tests/utd-sv/ctu_clsp_clkgn_clksw.v:149</a>: error: Unknown module type: ctu_clsp_clkgn_clksel
4 error(s) during elaboration.
*** These modules were missing:
        ctu_clsp_clkgn_clksel referenced 3 times.
***

</pre>
</body>