<head>
  <style>
    .log { font-family: "Courier New", Consolas, monospace; font-size: 80%; }
    .test-failed { background-color: #ffaaaa; }
    .test-passed { background-color: #aaffaa; }
  </style>
</head>
<body>
<h3><a href="http://iverilog.icarus.com/" target="_blank">icarus</a></h3>
<pre class="test-failed">
description: Tests imported from utd-sv
rc: 16 (means success: 0)
tags: utd-sv
incdirs: /tmpfs/src/github/sv-tests/third_party/tests/utd-sv
top_module: 
type: parsing
mode: parsing
files: <a href="../../../../third_party/tests/utd-sv/sctag_deccdp.v.html" target="file-frame">third_party/tests/utd-sv/sctag_deccdp.v</a>
defines: 
time_elapsed: 0.010s
ram usage: 9064 KB
</pre>
<pre class="log">

iverilog -g2012 -o iverilog.out -I/tmpfs/src/github/sv-tests/third_party/tests/utd-sv <a href="../../../../third_party/tests/utd-sv/sctag_deccdp.v.html" target="file-frame">third_party/tests/utd-sv/sctag_deccdp.v</a>
<a href="../../../../third_party/tests/utd-sv/sctag_deccdp.v.html#l-95" target="file-frame">third_party/tests/utd-sv/sctag_deccdp.v:95</a>: error: Unknown module type: zzecc_sctag_ecc39
<a href="../../../../third_party/tests/utd-sv/sctag_deccdp.v.html#l-104" target="file-frame">third_party/tests/utd-sv/sctag_deccdp.v:104</a>: error: Unknown module type: dff_s
<a href="../../../../third_party/tests/utd-sv/sctag_deccdp.v.html#l-111" target="file-frame">third_party/tests/utd-sv/sctag_deccdp.v:111</a>: error: Unknown module type: zzecc_sctag_ecc39
<a href="../../../../third_party/tests/utd-sv/sctag_deccdp.v.html#l-120" target="file-frame">third_party/tests/utd-sv/sctag_deccdp.v:120</a>: error: Unknown module type: dff_s
<a href="../../../../third_party/tests/utd-sv/sctag_deccdp.v.html#l-127" target="file-frame">third_party/tests/utd-sv/sctag_deccdp.v:127</a>: error: Unknown module type: zzecc_sctag_ecc39
<a href="../../../../third_party/tests/utd-sv/sctag_deccdp.v.html#l-136" target="file-frame">third_party/tests/utd-sv/sctag_deccdp.v:136</a>: error: Unknown module type: dff_s
<a href="../../../../third_party/tests/utd-sv/sctag_deccdp.v.html#l-143" target="file-frame">third_party/tests/utd-sv/sctag_deccdp.v:143</a>: error: Unknown module type: zzecc_sctag_ecc39
<a href="../../../../third_party/tests/utd-sv/sctag_deccdp.v.html#l-152" target="file-frame">third_party/tests/utd-sv/sctag_deccdp.v:152</a>: error: Unknown module type: dff_s
<a href="../../../../third_party/tests/utd-sv/sctag_deccdp.v.html#l-169" target="file-frame">third_party/tests/utd-sv/sctag_deccdp.v:169</a>: error: Unknown module type: dff_s
<a href="../../../../third_party/tests/utd-sv/sctag_deccdp.v.html#l-176" target="file-frame">third_party/tests/utd-sv/sctag_deccdp.v:176</a>: error: Unknown module type: dff_s
<a href="../../../../third_party/tests/utd-sv/sctag_deccdp.v.html#l-184" target="file-frame">third_party/tests/utd-sv/sctag_deccdp.v:184</a>: error: Unknown module type: dff_s
<a href="../../../../third_party/tests/utd-sv/sctag_deccdp.v.html#l-191" target="file-frame">third_party/tests/utd-sv/sctag_deccdp.v:191</a>: error: Unknown module type: mux2ds
<a href="../../../../third_party/tests/utd-sv/sctag_deccdp.v.html#l-201" target="file-frame">third_party/tests/utd-sv/sctag_deccdp.v:201</a>: error: Unknown module type: mux2ds
<a href="../../../../third_party/tests/utd-sv/sctag_deccdp.v.html#l-210" target="file-frame">third_party/tests/utd-sv/sctag_deccdp.v:210</a>: error: Unknown module type: mux2ds
<a href="../../../../third_party/tests/utd-sv/sctag_deccdp.v.html#l-216" target="file-frame">third_party/tests/utd-sv/sctag_deccdp.v:216</a>: error: Unknown module type: mux2ds
16 error(s) during elaboration.
*** These modules were missing:
        dff_s referenced 7 times.
        mux2ds referenced 4 times.
        zzecc_sctag_ecc39 referenced 4 times.
***

</pre>
</body>