<head>
  <style>
    .log { font-family: "Courier New", Consolas, monospace; font-size: 80%; }
    .test-failed { background-color: #ffaaaa; }
    .test-passed { background-color: #aaffaa; }
  </style>
</head>
<body>
<h3><a href="http://iverilog.icarus.com/" target="_blank">icarus</a></h3>
<pre class="test-failed">
description: Tests imported from utd-sv
rc: 9 (means success: 0)
tags: utd-sv
incdirs: /tmpfs/src/github/sv-tests/third_party/tests/utd-sv
top_module: 
type: parsing
mode: parsing
files: <a href="../../../../third_party/tests/utd-sv/pcx_dp3.v.html" target="file-frame">third_party/tests/utd-sv/pcx_dp3.v</a>
defines: 
time_elapsed: 0.010s
ram usage: 9056 KB
</pre>
<pre class="log">

iverilog -g2012 -o iverilog.out -I/tmpfs/src/github/sv-tests/third_party/tests/utd-sv <a href="../../../../third_party/tests/utd-sv/pcx_dp3.v.html" target="file-frame">third_party/tests/utd-sv/pcx_dp3.v</a>
<a href="../../../../third_party/tests/utd-sv/pcx_dp3.v.html#l-136" target="file-frame">third_party/tests/utd-sv/pcx_dp3.v:136</a>: error: Unknown module type: pcx_dp_maca_r
<a href="../../../../third_party/tests/utd-sv/pcx_dp3.v.html#l-172" target="file-frame">third_party/tests/utd-sv/pcx_dp3.v:172</a>: error: Unknown module type: pcx_dp_macb_r
<a href="../../../../third_party/tests/utd-sv/pcx_dp3.v.html#l-188" target="file-frame">third_party/tests/utd-sv/pcx_dp3.v:188</a>: error: Unknown module type: pcx_dp_macb_r
<a href="../../../../third_party/tests/utd-sv/pcx_dp3.v.html#l-204" target="file-frame">third_party/tests/utd-sv/pcx_dp3.v:204</a>: error: Unknown module type: pcx_dp_macb_r
<a href="../../../../third_party/tests/utd-sv/pcx_dp3.v.html#l-243" target="file-frame">third_party/tests/utd-sv/pcx_dp3.v:243</a>: error: Unknown module type: pcx_dp_macc_l
<a href="../../../../third_party/tests/utd-sv/pcx_dp3.v.html#l-282" target="file-frame">third_party/tests/utd-sv/pcx_dp3.v:282</a>: error: Unknown module type: pcx_dp_macb_l
<a href="../../../../third_party/tests/utd-sv/pcx_dp3.v.html#l-298" target="file-frame">third_party/tests/utd-sv/pcx_dp3.v:298</a>: error: Unknown module type: pcx_dp_macb_l
<a href="../../../../third_party/tests/utd-sv/pcx_dp3.v.html#l-335" target="file-frame">third_party/tests/utd-sv/pcx_dp3.v:335</a>: error: Unknown module type: pcx_dp_maca_l
9 error(s) during elaboration.
*** These modules were missing:
        pcx_dp_maca_l referenced 1 times.
        pcx_dp_maca_r referenced 1 times.
        pcx_dp_macb_l referenced 2 times.
        pcx_dp_macb_r referenced 3 times.
        pcx_dp_macc_l referenced 1 times.
***

</pre>
</body>