<head>
  <style>
    .log { font-family: "Courier New", Consolas, monospace; font-size: 80%; }
    .test-failed { background-color: #ffaaaa; }
    .test-passed { background-color: #aaffaa; }
  </style>
</head>
<body>
<h3><a href="http://iverilog.icarus.com/" target="_blank">icarus</a></h3>
<pre class="test-failed">
description: Tests imported from utd-sv
rc: 9 (means success: 0)
tags: utd-sv
incdirs: /tmpfs/src/github/sv-tests/third_party/tests/utd-sv
top_module: 
type: parsing
mode: parsing
files: <a href="../../../../third_party/tests/utd-sv/pcx_dp1.v.html" target="file-frame">third_party/tests/utd-sv/pcx_dp1.v</a>
defines: 
time_elapsed: 0.011s
ram usage: 9056 KB
</pre>
<pre class="log">

iverilog -g2012 -o iverilog.out -I/tmpfs/src/github/sv-tests/third_party/tests/utd-sv <a href="../../../../third_party/tests/utd-sv/pcx_dp1.v.html" target="file-frame">third_party/tests/utd-sv/pcx_dp1.v</a>
<a href="../../../../third_party/tests/utd-sv/pcx_dp1.v.html#l-132" target="file-frame">third_party/tests/utd-sv/pcx_dp1.v:132</a>: error: Unknown module type: pcx_dp_maca_r
<a href="../../../../third_party/tests/utd-sv/pcx_dp1.v.html#l-168" target="file-frame">third_party/tests/utd-sv/pcx_dp1.v:168</a>: error: Unknown module type: pcx_dp_macb_r
<a href="../../../../third_party/tests/utd-sv/pcx_dp1.v.html#l-184" target="file-frame">third_party/tests/utd-sv/pcx_dp1.v:184</a>: error: Unknown module type: pcx_dp_macb_r
<a href="../../../../third_party/tests/utd-sv/pcx_dp1.v.html#l-221" target="file-frame">third_party/tests/utd-sv/pcx_dp1.v:221</a>: error: Unknown module type: pcx_dp_macc_r
<a href="../../../../third_party/tests/utd-sv/pcx_dp1.v.html#l-261" target="file-frame">third_party/tests/utd-sv/pcx_dp1.v:261</a>: error: Unknown module type: pcx_dp_macb_l
<a href="../../../../third_party/tests/utd-sv/pcx_dp1.v.html#l-277" target="file-frame">third_party/tests/utd-sv/pcx_dp1.v:277</a>: error: Unknown module type: pcx_dp_macb_l
<a href="../../../../third_party/tests/utd-sv/pcx_dp1.v.html#l-293" target="file-frame">third_party/tests/utd-sv/pcx_dp1.v:293</a>: error: Unknown module type: pcx_dp_macb_l
<a href="../../../../third_party/tests/utd-sv/pcx_dp1.v.html#l-330" target="file-frame">third_party/tests/utd-sv/pcx_dp1.v:330</a>: error: Unknown module type: pcx_dp_maca_l
9 error(s) during elaboration.
*** These modules were missing:
        pcx_dp_maca_l referenced 1 times.
        pcx_dp_maca_r referenced 1 times.
        pcx_dp_macb_l referenced 3 times.
        pcx_dp_macb_r referenced 2 times.
        pcx_dp_macc_r referenced 1 times.
***

</pre>
</body>