<head>
  <style>
    .log { font-family: "Courier New", Consolas, monospace; font-size: 80%; }
    .test-failed { background-color: #ffaaaa; }
    .test-passed { background-color: #aaffaa; }
  </style>
</head>
<body>
<h3><a href="http://iverilog.icarus.com/" target="_blank">icarus</a></h3>
<pre class="test-failed">
description: Tests imported from utd-sv
rc: 18 (means success: 0)
tags: utd-sv
incdirs: /tmpfs/src/github/sv-tests/third_party/tests/utd-sv
top_module: 
type: parsing
mode: parsing
files: <a href="../../../../third_party/tests/utd-sv/sctag_tagdp.v.html" target="file-frame">third_party/tests/utd-sv/sctag_tagdp.v</a>
defines: 
time_elapsed: 0.011s
ram usage: 9012 KB
</pre>
<pre class="log">

iverilog -g2012 -o iverilog.out -I/tmpfs/src/github/sv-tests/third_party/tests/utd-sv <a href="../../../../third_party/tests/utd-sv/sctag_tagdp.v.html" target="file-frame">third_party/tests/utd-sv/sctag_tagdp.v</a>
<a href="../../../../third_party/tests/utd-sv/sctag_tagdp.v.html#l-142" target="file-frame">third_party/tests/utd-sv/sctag_tagdp.v:142</a>: error: Unknown module type: clken_buf
<a href="../../../../third_party/tests/utd-sv/sctag_tagdp.v.html#l-146" target="file-frame">third_party/tests/utd-sv/sctag_tagdp.v:146</a>: error: Unknown module type: dff_s
<a href="../../../../third_party/tests/utd-sv/sctag_tagdp.v.html#l-150" target="file-frame">third_party/tests/utd-sv/sctag_tagdp.v:150</a>: error: Unknown module type: zzecc_sctag_24b_gen
<a href="../../../../third_party/tests/utd-sv/sctag_tagdp.v.html#l-182" target="file-frame">third_party/tests/utd-sv/sctag_tagdp.v:182</a>: error: Unknown module type: mux2ds
<a href="../../../../third_party/tests/utd-sv/sctag_tagdp.v.html#l-189" target="file-frame">third_party/tests/utd-sv/sctag_tagdp.v:189</a>: error: Unknown module type: dff_s
<a href="../../../../third_party/tests/utd-sv/sctag_tagdp.v.html#l-197" target="file-frame">third_party/tests/utd-sv/sctag_tagdp.v:197</a>: error: Unknown module type: mux4ds
<a href="../../../../third_party/tests/utd-sv/sctag_tagdp.v.html#l-219" target="file-frame">third_party/tests/utd-sv/sctag_tagdp.v:219</a>: error: Unknown module type: dff_s
<a href="../../../../third_party/tests/utd-sv/sctag_tagdp.v.html#l-222" target="file-frame">third_party/tests/utd-sv/sctag_tagdp.v:222</a>: error: Unknown module type: dff_s
<a href="../../../../third_party/tests/utd-sv/sctag_tagdp.v.html#l-225" target="file-frame">third_party/tests/utd-sv/sctag_tagdp.v:225</a>: error: Unknown module type: dff_s
<a href="../../../../third_party/tests/utd-sv/sctag_tagdp.v.html#l-234" target="file-frame">third_party/tests/utd-sv/sctag_tagdp.v:234</a>: error: Unknown module type: dff_s
<a href="../../../../third_party/tests/utd-sv/sctag_tagdp.v.html#l-237" target="file-frame">third_party/tests/utd-sv/sctag_tagdp.v:237</a>: error: Unknown module type: dff_s
<a href="../../../../third_party/tests/utd-sv/sctag_tagdp.v.html#l-240" target="file-frame">third_party/tests/utd-sv/sctag_tagdp.v:240</a>: error: Unknown module type: dff_s
<a href="../../../../third_party/tests/utd-sv/sctag_tagdp.v.html#l-243" target="file-frame">third_party/tests/utd-sv/sctag_tagdp.v:243</a>: error: Unknown module type: dff_s
<a href="../../../../third_party/tests/utd-sv/sctag_tagdp.v.html#l-246" target="file-frame">third_party/tests/utd-sv/sctag_tagdp.v:246</a>: error: Unknown module type: dff_s
<a href="../../../../third_party/tests/utd-sv/sctag_tagdp.v.html#l-249" target="file-frame">third_party/tests/utd-sv/sctag_tagdp.v:249</a>: error: Unknown module type: dff_s
<a href="../../../../third_party/tests/utd-sv/sctag_tagdp.v.html#l-252" target="file-frame">third_party/tests/utd-sv/sctag_tagdp.v:252</a>: error: Unknown module type: dff_s
<a href="../../../../third_party/tests/utd-sv/sctag_tagdp.v.html#l-259" target="file-frame">third_party/tests/utd-sv/sctag_tagdp.v:259</a>: error: Unknown module type: dff_s
18 error(s) during elaboration.
*** These modules were missing:
        clken_buf referenced 1 times.
        dff_s referenced 13 times.
        mux2ds referenced 1 times.
        mux4ds referenced 1 times.
        zzecc_sctag_24b_gen referenced 1 times.
***

</pre>
</body>