<head>
  <style>
    .log { font-family: "Courier New", Consolas, monospace; font-size: 80%; }
    .test-failed { background-color: #ffaaaa; }
    .test-passed { background-color: #aaffaa; }
  </style>
</head>
<body>
<h3><a href="http://iverilog.icarus.com/" target="_blank">icarus</a></h3>
<pre class="test-failed">
description: Tests imported from utd-sv
rc: 3 (means success: 0)
tags: utd-sv
incdirs: /tmpfs/src/github/sv-tests/third_party/tests/utd-sv
top_module: 
type: parsing
mode: parsing
files: <a href="../../../../third_party/tests/utd-sv/sctag_retdp.v.html" target="file-frame">third_party/tests/utd-sv/sctag_retdp.v</a>
defines: 
time_elapsed: 0.008s
ram usage: 9136 KB
</pre>
<pre class="log">

iverilog -g2012 -o iverilog.out -I/tmpfs/src/github/sv-tests/third_party/tests/utd-sv <a href="../../../../third_party/tests/utd-sv/sctag_retdp.v.html" target="file-frame">third_party/tests/utd-sv/sctag_retdp.v</a>
<a href="../../../../third_party/tests/utd-sv/sctag_retdp.v.html#l-58" target="file-frame">third_party/tests/utd-sv/sctag_retdp.v:58</a>: error: Unknown module type: dff_s
<a href="../../../../third_party/tests/utd-sv/sctag_retdp.v.html#l-65" target="file-frame">third_party/tests/utd-sv/sctag_retdp.v:65</a>: error: Unknown module type: dff_s
3 error(s) during elaboration.
*** These modules were missing:
        dff_s referenced 2 times.
***

</pre>
</body>