<head>
  <style>
    .log { font-family: "Courier New", Consolas, monospace; font-size: 80%; }
    .test-failed { background-color: #ffaaaa; }
    .test-passed { background-color: #aaffaa; }
  </style>
</head>
<body>
<h3><a href="http://iverilog.icarus.com/" target="_blank">icarus</a></h3>
<pre class="test-failed">
description: Tests imported from utd-sv
rc: 10 (means success: 0)
tags: utd-sv
incdirs: /tmpfs/src/github/sv-tests/third_party/tests/utd-sv
top_module: 
type: parsing
mode: parsing
files: <a href="../../../../third_party/tests/utd-sv/fpu.v.html" target="file-frame">third_party/tests/utd-sv/fpu.v</a>
defines: 
time_elapsed: 0.010s
ram usage: 9064 KB
</pre>
<pre class="log">

iverilog -g2012 -o iverilog.out -I/tmpfs/src/github/sv-tests/third_party/tests/utd-sv <a href="../../../../third_party/tests/utd-sv/fpu.v.html" target="file-frame">third_party/tests/utd-sv/fpu.v</a>
<a href="../../../../third_party/tests/utd-sv/fpu.v.html#l-268" target="file-frame">third_party/tests/utd-sv/fpu.v:268</a>: error: Unknown module type: fpu_in
<a href="../../../../third_party/tests/utd-sv/fpu.v.html#l-328" target="file-frame">third_party/tests/utd-sv/fpu.v:328</a>: error: Unknown module type: bw_r_rf16x160
<a href="../../../../third_party/tests/utd-sv/fpu.v.html#l-350" target="file-frame">third_party/tests/utd-sv/fpu.v:350</a>: error: Unknown module type: fpu_add
<a href="../../../../third_party/tests/utd-sv/fpu.v.html#l-395" target="file-frame">third_party/tests/utd-sv/fpu.v:395</a>: error: Unknown module type: fpu_mul
<a href="../../../../third_party/tests/utd-sv/fpu.v.html#l-438" target="file-frame">third_party/tests/utd-sv/fpu.v:438</a>: error: Unknown module type: fpu_div
<a href="../../../../third_party/tests/utd-sv/fpu.v.html#l-479" target="file-frame">third_party/tests/utd-sv/fpu.v:479</a>: error: Unknown module type: fpu_out
<a href="../../../../third_party/tests/utd-sv/fpu.v.html#l-530" target="file-frame">third_party/tests/utd-sv/fpu.v:530</a>: error: Unknown module type: test_stub_scan
<a href="../../../../third_party/tests/utd-sv/fpu.v.html#l-562" target="file-frame">third_party/tests/utd-sv/fpu.v:562</a>: error: Unknown module type: bw_clk_cl_fpu_cmp
<a href="../../../../third_party/tests/utd-sv/fpu.v.html#l-585" target="file-frame">third_party/tests/utd-sv/fpu.v:585</a>: error: Unknown module type: fpu_rptr_groups
10 error(s) during elaboration.
*** These modules were missing:
        bw_clk_cl_fpu_cmp referenced 1 times.
        bw_r_rf16x160 referenced 1 times.
        fpu_add referenced 1 times.
        fpu_div referenced 1 times.
        fpu_in referenced 1 times.
        fpu_mul referenced 1 times.
        fpu_out referenced 1 times.
        fpu_rptr_groups referenced 1 times.
        test_stub_scan referenced 1 times.
***

</pre>
</body>