<head>
  <style>
    .log { font-family: "Courier New", Consolas, monospace; font-size: 80%; }
    .test-failed { background-color: #ffaaaa; }
    .test-passed { background-color: #aaffaa; }
  </style>
</head>
<body>
<h3><a href="http://iverilog.icarus.com/" target="_blank">icarus</a></h3>
<pre class="test-failed">
description: Tests imported from utd-sv
rc: 17 (means success: 0)
tags: utd-sv
incdirs: /tmpfs/src/github/sv-tests/third_party/tests/utd-sv
top_module: 
type: parsing
mode: parsing
files: <a href="../../../../third_party/tests/utd-sv/lsu_stb_ctldp.v.html" target="file-frame">third_party/tests/utd-sv/lsu_stb_ctldp.v</a>
defines: 
time_elapsed: 0.009s
ram usage: 8976 KB
</pre>
<pre class="log">

iverilog -g2012 -o iverilog.out -I/tmpfs/src/github/sv-tests/third_party/tests/utd-sv <a href="../../../../third_party/tests/utd-sv/lsu_stb_ctldp.v.html" target="file-frame">third_party/tests/utd-sv/lsu_stb_ctldp.v</a>
<a href="../../../../third_party/tests/utd-sv/lsu_stb_ctldp.v.html#l-81" target="file-frame">third_party/tests/utd-sv/lsu_stb_ctldp.v:81</a>: error: Unknown module type: clken_buf
<a href="../../../../third_party/tests/utd-sv/lsu_stb_ctldp.v.html#l-91" target="file-frame">third_party/tests/utd-sv/lsu_stb_ctldp.v:91</a>: error: Unknown module type: clken_buf
<a href="../../../../third_party/tests/utd-sv/lsu_stb_ctldp.v.html#l-101" target="file-frame">third_party/tests/utd-sv/lsu_stb_ctldp.v:101</a>: error: Unknown module type: clken_buf
<a href="../../../../third_party/tests/utd-sv/lsu_stb_ctldp.v.html#l-111" target="file-frame">third_party/tests/utd-sv/lsu_stb_ctldp.v:111</a>: error: Unknown module type: clken_buf
<a href="../../../../third_party/tests/utd-sv/lsu_stb_ctldp.v.html#l-121" target="file-frame">third_party/tests/utd-sv/lsu_stb_ctldp.v:121</a>: error: Unknown module type: clken_buf
<a href="../../../../third_party/tests/utd-sv/lsu_stb_ctldp.v.html#l-131" target="file-frame">third_party/tests/utd-sv/lsu_stb_ctldp.v:131</a>: error: Unknown module type: clken_buf
<a href="../../../../third_party/tests/utd-sv/lsu_stb_ctldp.v.html#l-141" target="file-frame">third_party/tests/utd-sv/lsu_stb_ctldp.v:141</a>: error: Unknown module type: clken_buf
<a href="../../../../third_party/tests/utd-sv/lsu_stb_ctldp.v.html#l-151" target="file-frame">third_party/tests/utd-sv/lsu_stb_ctldp.v:151</a>: error: Unknown module type: clken_buf
<a href="../../../../third_party/tests/utd-sv/lsu_stb_ctldp.v.html#l-171" target="file-frame">third_party/tests/utd-sv/lsu_stb_ctldp.v:171</a>: error: Unknown module type: dff_s
<a href="../../../../third_party/tests/utd-sv/lsu_stb_ctldp.v.html#l-191" target="file-frame">third_party/tests/utd-sv/lsu_stb_ctldp.v:191</a>: error: Unknown module type: dff_s
<a href="../../../../third_party/tests/utd-sv/lsu_stb_ctldp.v.html#l-211" target="file-frame">third_party/tests/utd-sv/lsu_stb_ctldp.v:211</a>: error: Unknown module type: dff_s
<a href="../../../../third_party/tests/utd-sv/lsu_stb_ctldp.v.html#l-230" target="file-frame">third_party/tests/utd-sv/lsu_stb_ctldp.v:230</a>: error: Unknown module type: dff_s
<a href="../../../../third_party/tests/utd-sv/lsu_stb_ctldp.v.html#l-249" target="file-frame">third_party/tests/utd-sv/lsu_stb_ctldp.v:249</a>: error: Unknown module type: dff_s
<a href="../../../../third_party/tests/utd-sv/lsu_stb_ctldp.v.html#l-268" target="file-frame">third_party/tests/utd-sv/lsu_stb_ctldp.v:268</a>: error: Unknown module type: dff_s
<a href="../../../../third_party/tests/utd-sv/lsu_stb_ctldp.v.html#l-287" target="file-frame">third_party/tests/utd-sv/lsu_stb_ctldp.v:287</a>: error: Unknown module type: dff_s
<a href="../../../../third_party/tests/utd-sv/lsu_stb_ctldp.v.html#l-307" target="file-frame">third_party/tests/utd-sv/lsu_stb_ctldp.v:307</a>: error: Unknown module type: dff_s
17 error(s) during elaboration.
*** These modules were missing:
        clken_buf referenced 8 times.
        dff_s referenced 8 times.
***

</pre>
</body>