<head>
  <style>
    .log { font-family: "Courier New", Consolas, monospace; font-size: 80%; }
    .test-failed { background-color: #ffaaaa; }
    .test-passed { background-color: #aaffaa; }
  </style>
</head>
<body>
<h3><a href="http://iverilog.icarus.com/" target="_blank">icarus</a></h3>
<pre class="test-failed">
description: Tests imported from utd-sv
rc: 23 (means success: 0)
tags: utd-sv
incdirs: /tmpfs/src/github/sv-tests/third_party/tests/utd-sv
top_module: 
type: parsing
mode: parsing
files: <a href="../../../../third_party/tests/utd-sv/scbuf_rdmard.v.html" target="file-frame">third_party/tests/utd-sv/scbuf_rdmard.v</a>
defines: 
time_elapsed: 0.012s
ram usage: 9000 KB
</pre>
<pre class="log">

iverilog -g2012 -o iverilog.out -I/tmpfs/src/github/sv-tests/third_party/tests/utd-sv <a href="../../../../third_party/tests/utd-sv/scbuf_rdmard.v.html" target="file-frame">third_party/tests/utd-sv/scbuf_rdmard.v</a>
<a href="../../../../third_party/tests/utd-sv/scbuf_rdmard.v.html#l-97" target="file-frame">third_party/tests/utd-sv/scbuf_rdmard.v:97</a>: error: Unknown module type: clken_buf
<a href="../../../../third_party/tests/utd-sv/scbuf_rdmard.v.html#l-101" target="file-frame">third_party/tests/utd-sv/scbuf_rdmard.v:101</a>: error: Unknown module type: dff_s
<a href="../../../../third_party/tests/utd-sv/scbuf_rdmard.v.html#l-107" target="file-frame">third_party/tests/utd-sv/scbuf_rdmard.v:107</a>: error: Unknown module type: dff_s
<a href="../../../../third_party/tests/utd-sv/scbuf_rdmard.v.html#l-118" target="file-frame">third_party/tests/utd-sv/scbuf_rdmard.v:118</a>: error: Unknown module type: clken_buf
<a href="../../../../third_party/tests/utd-sv/scbuf_rdmard.v.html#l-121" target="file-frame">third_party/tests/utd-sv/scbuf_rdmard.v:121</a>: error: Unknown module type: dff_s
<a href="../../../../third_party/tests/utd-sv/scbuf_rdmard.v.html#l-126" target="file-frame">third_party/tests/utd-sv/scbuf_rdmard.v:126</a>: error: Unknown module type: dff_s
<a href="../../../../third_party/tests/utd-sv/scbuf_rdmard.v.html#l-131" target="file-frame">third_party/tests/utd-sv/scbuf_rdmard.v:131</a>: error: Unknown module type: dff_s
<a href="../../../../third_party/tests/utd-sv/scbuf_rdmard.v.html#l-138" target="file-frame">third_party/tests/utd-sv/scbuf_rdmard.v:138</a>: error: Unknown module type: dff_s
<a href="../../../../third_party/tests/utd-sv/scbuf_rdmard.v.html#l-143" target="file-frame">third_party/tests/utd-sv/scbuf_rdmard.v:143</a>: error: Unknown module type: dff_s
<a href="../../../../third_party/tests/utd-sv/scbuf_rdmard.v.html#l-148" target="file-frame">third_party/tests/utd-sv/scbuf_rdmard.v:148</a>: error: Unknown module type: dff_s
<a href="../../../../third_party/tests/utd-sv/scbuf_rdmard.v.html#l-157" target="file-frame">third_party/tests/utd-sv/scbuf_rdmard.v:157</a>: error: Unknown module type: dff_s
<a href="../../../../third_party/tests/utd-sv/scbuf_rdmard.v.html#l-165" target="file-frame">third_party/tests/utd-sv/scbuf_rdmard.v:165</a>: error: Unknown module type: dff_s
<a href="../../../../third_party/tests/utd-sv/scbuf_rdmard.v.html#l-170" target="file-frame">third_party/tests/utd-sv/scbuf_rdmard.v:170</a>: error: Unknown module type: dff_s
<a href="../../../../third_party/tests/utd-sv/scbuf_rdmard.v.html#l-194" target="file-frame">third_party/tests/utd-sv/scbuf_rdmard.v:194</a>: error: Unknown module type: mux4ds
<a href="../../../../third_party/tests/utd-sv/scbuf_rdmard.v.html#l-201" target="file-frame">third_party/tests/utd-sv/scbuf_rdmard.v:201</a>: error: Unknown module type: mux4ds
<a href="../../../../third_party/tests/utd-sv/scbuf_rdmard.v.html#l-210" target="file-frame">third_party/tests/utd-sv/scbuf_rdmard.v:210</a>: error: Unknown module type: mux4ds
<a href="../../../../third_party/tests/utd-sv/scbuf_rdmard.v.html#l-218" target="file-frame">third_party/tests/utd-sv/scbuf_rdmard.v:218</a>: error: Unknown module type: dff_s
<a href="../../../../third_party/tests/utd-sv/scbuf_rdmard.v.html#l-228" target="file-frame">third_party/tests/utd-sv/scbuf_rdmard.v:228</a>: error: Unknown module type: zzecc_sctag_ecc39
<a href="../../../../third_party/tests/utd-sv/scbuf_rdmard.v.html#l-242" target="file-frame">third_party/tests/utd-sv/scbuf_rdmard.v:242</a>: error: Unknown module type: mux2ds
<a href="../../../../third_party/tests/utd-sv/scbuf_rdmard.v.html#l-247" target="file-frame">third_party/tests/utd-sv/scbuf_rdmard.v:247</a>: error: Unknown module type: dff_s
<a href="../../../../third_party/tests/utd-sv/scbuf_rdmard.v.html#l-253" target="file-frame">third_party/tests/utd-sv/scbuf_rdmard.v:253</a>: error: Unknown module type: dff_s
<a href="../../../../third_party/tests/utd-sv/scbuf_rdmard.v.html#l-259" target="file-frame">third_party/tests/utd-sv/scbuf_rdmard.v:259</a>: error: Unknown module type: dff_s
23 error(s) during elaboration.
*** These modules were missing:
        clken_buf referenced 2 times.
        dff_s referenced 15 times.
        mux2ds referenced 1 times.
        mux4ds referenced 3 times.
        zzecc_sctag_ecc39 referenced 1 times.
***

</pre>
</body>