<head>
  <style>
    .log { font-family: "Courier New", Consolas, monospace; font-size: 80%; }
    .test-failed { background-color: #ffaaaa; }
    .test-passed { background-color: #aaffaa; }
  </style>
</head>
<body>
<h3><a href="http://iverilog.icarus.com/" target="_blank">icarus</a></h3>
<pre class="test-failed">
description: Tests imported from utd-sv
rc: 3 (means success: 0)
tags: utd-sv
incdirs: /tmpfs/src/github/sv-tests/third_party/tests/utd-sv
top_module: 
type: parsing
mode: parsing
files: <a href="../../../../third_party/tests/utd-sv/fpu_out.v.html" target="file-frame">third_party/tests/utd-sv/fpu_out.v</a>
defines: 
time_elapsed: 0.008s
ram usage: 9004 KB
</pre>
<pre class="log">

iverilog -g2012 -o iverilog.out -I/tmpfs/src/github/sv-tests/third_party/tests/utd-sv <a href="../../../../third_party/tests/utd-sv/fpu_out.v.html" target="file-frame">third_party/tests/utd-sv/fpu_out.v</a>
<a href="../../../../third_party/tests/utd-sv/fpu_out.v.html#l-147" target="file-frame">third_party/tests/utd-sv/fpu_out.v:147</a>: error: Unknown module type: fpu_out_ctl
<a href="../../../../third_party/tests/utd-sv/fpu_out.v.html#l-171" target="file-frame">third_party/tests/utd-sv/fpu_out.v:171</a>: error: Unknown module type: fpu_out_dp
3 error(s) during elaboration.
*** These modules were missing:
        fpu_out_ctl referenced 1 times.
        fpu_out_dp referenced 1 times.
***

</pre>
</body>