<head>
  <style>
    .log { font-family: "Courier New", Consolas, monospace; font-size: 80%; }
    .test-failed { background-color: #ffaaaa; }
    .test-passed { background-color: #aaffaa; }
  </style>
</head>
<body>
<h3><a href="http://iverilog.icarus.com/" target="_blank">icarus</a></h3>
<pre class="test-failed">
description: Tests imported from utd-sv
rc: 8 (means success: 0)
tags: utd-sv
incdirs: /tmpfs/src/github/sv-tests/third_party/tests/utd-sv
top_module: 
type: parsing
mode: parsing
files: <a href="../../../../third_party/tests/utd-sv/spu_maexp.v.html" target="file-frame">third_party/tests/utd-sv/spu_maexp.v</a>
defines: 
time_elapsed: 0.007s
ram usage: 9000 KB
</pre>
<pre class="log">

iverilog -g2012 -o iverilog.out -I/tmpfs/src/github/sv-tests/third_party/tests/utd-sv <a href="../../../../third_party/tests/utd-sv/spu_maexp.v.html" target="file-frame">third_party/tests/utd-sv/spu_maexp.v</a>
<a href="../../../../third_party/tests/utd-sv/spu_maexp.v.html#l-103" target="file-frame">third_party/tests/utd-sv/spu_maexp.v:103</a>: error: Unknown module type: dffre_s
<a href="../../../../third_party/tests/utd-sv/spu_maexp.v.html#l-132" target="file-frame">third_party/tests/utd-sv/spu_maexp.v:132</a>: error: Unknown module type: dff_s
<a href="../../../../third_party/tests/utd-sv/spu_maexp.v.html#l-137" target="file-frame">third_party/tests/utd-sv/spu_maexp.v:137</a>: error: Unknown module type: dffr_s
<a href="../../../../third_party/tests/utd-sv/spu_maexp.v.html#l-142" target="file-frame">third_party/tests/utd-sv/spu_maexp.v:142</a>: error: Unknown module type: dffr_s
<a href="../../../../third_party/tests/utd-sv/spu_maexp.v.html#l-147" target="file-frame">third_party/tests/utd-sv/spu_maexp.v:147</a>: error: Unknown module type: dffr_s
<a href="../../../../third_party/tests/utd-sv/spu_maexp.v.html#l-152" target="file-frame">third_party/tests/utd-sv/spu_maexp.v:152</a>: error: Unknown module type: dffr_s
<a href="../../../../third_party/tests/utd-sv/spu_maexp.v.html#l-157" target="file-frame">third_party/tests/utd-sv/spu_maexp.v:157</a>: error: Unknown module type: dffr_s
8 error(s) during elaboration.
*** These modules were missing:
        dff_s referenced 1 times.
        dffr_s referenced 5 times.
        dffre_s referenced 1 times.
***

</pre>
</body>