<head>
  <style>
    .log { font-family: "Courier New", Consolas, monospace; font-size: 80%; }
    .test-failed { background-color: #ffaaaa; }
    .test-passed { background-color: #aaffaa; }
  </style>
</head>
<body>
<h3><a href="http://iverilog.icarus.com/" target="_blank">icarus</a></h3>
<pre class="test-failed">
description: Tests imported from utd-sv
rc: 11 (means success: 0)
tags: utd-sv
incdirs: /tmpfs/src/github/sv-tests/third_party/tests/utd-sv
top_module: 
type: parsing
mode: parsing
files: <a href="../../../../third_party/tests/utd-sv/cpx.v.html" target="file-frame">third_party/tests/utd-sv/cpx.v</a>
defines: 
time_elapsed: 0.016s
ram usage: 9012 KB
</pre>
<pre class="log">

iverilog -g2012 -o iverilog.out -I/tmpfs/src/github/sv-tests/third_party/tests/utd-sv <a href="../../../../third_party/tests/utd-sv/cpx.v.html" target="file-frame">third_party/tests/utd-sv/cpx.v</a>
<a href="../../../../third_party/tests/utd-sv/cpx.v.html#l-308" target="file-frame">third_party/tests/utd-sv/cpx.v:308</a>: error: Unknown module type: cpx_dp_array
<a href="../../../../third_party/tests/utd-sv/cpx.v.html#l-408" target="file-frame">third_party/tests/utd-sv/cpx.v:408</a>: error: Unknown module type: ccx_arbc
<a href="../../../../third_party/tests/utd-sv/cpx.v.html#l-476" target="file-frame">third_party/tests/utd-sv/cpx.v:476</a>: error: Unknown module type: ccx_arbc
<a href="../../../../third_party/tests/utd-sv/cpx.v.html#l-544" target="file-frame">third_party/tests/utd-sv/cpx.v:544</a>: error: Unknown module type: ccx_arbc
<a href="../../../../third_party/tests/utd-sv/cpx.v.html#l-612" target="file-frame">third_party/tests/utd-sv/cpx.v:612</a>: error: Unknown module type: ccx_arbc
<a href="../../../../third_party/tests/utd-sv/cpx.v.html#l-680" target="file-frame">third_party/tests/utd-sv/cpx.v:680</a>: error: Unknown module type: ccx_arbc
<a href="../../../../third_party/tests/utd-sv/cpx.v.html#l-748" target="file-frame">third_party/tests/utd-sv/cpx.v:748</a>: error: Unknown module type: ccx_arbc
<a href="../../../../third_party/tests/utd-sv/cpx.v.html#l-816" target="file-frame">third_party/tests/utd-sv/cpx.v:816</a>: error: Unknown module type: ccx_arbc
<a href="../../../../third_party/tests/utd-sv/cpx.v.html#l-884" target="file-frame">third_party/tests/utd-sv/cpx.v:884</a>: error: Unknown module type: ccx_arbc
<a href="../../../../third_party/tests/utd-sv/cpx.v.html#l-952" target="file-frame">third_party/tests/utd-sv/cpx.v:952</a>: error: Unknown module type: cpx_buf_top
11 error(s) during elaboration.
*** These modules were missing:
        ccx_arbc referenced 8 times.
        cpx_buf_top referenced 1 times.
        cpx_dp_array referenced 1 times.
***

</pre>
</body>