<head>
  <style>
    .log { font-family: "Courier New", Consolas, monospace; font-size: 80%; }
    .test-failed { background-color: #ffaaaa; }
    .test-passed { background-color: #aaffaa; }
  </style>
</head>
<body>
<h3><a href="http://iverilog.icarus.com/" target="_blank">icarus</a></h3>
<pre class="test-failed">
description: Tests imported from utd-sv
rc: 16 (means success: 0)
tags: utd-sv
incdirs: /tmpfs/src/github/sv-tests/third_party/tests/utd-sv
top_module: 
type: parsing
mode: parsing
files: <a href="../../../../third_party/tests/utd-sv/ucb_flow_jbi.v.html" target="file-frame">third_party/tests/utd-sv/ucb_flow_jbi.v</a>
defines: 
time_elapsed: 0.013s
ram usage: 9056 KB
</pre>
<pre class="log">

iverilog -g2012 -o iverilog.out -I/tmpfs/src/github/sv-tests/third_party/tests/utd-sv <a href="../../../../third_party/tests/utd-sv/ucb_flow_jbi.v.html" target="file-frame">third_party/tests/utd-sv/ucb_flow_jbi.v</a>
<a href="../../../../third_party/tests/utd-sv/ucb_flow_jbi.v.html#l-180" target="file-frame">third_party/tests/utd-sv/ucb_flow_jbi.v:180</a>: error: Unknown module type: ucb_bus_in
<a href="../../../../third_party/tests/utd-sv/ucb_flow_jbi.v.html#l-213" target="file-frame">third_party/tests/utd-sv/ucb_flow_jbi.v:213</a>: error: Unknown module type: dff_ns
<a href="../../../../third_party/tests/utd-sv/ucb_flow_jbi.v.html#l-225" target="file-frame">third_party/tests/utd-sv/ucb_flow_jbi.v:225</a>: error: Unknown module type: dff_ns
<a href="../../../../third_party/tests/utd-sv/ucb_flow_jbi.v.html#l-232" target="file-frame">third_party/tests/utd-sv/ucb_flow_jbi.v:232</a>: error: Unknown module type: dffrle_ns
<a href="../../../../third_party/tests/utd-sv/ucb_flow_jbi.v.html#l-241" target="file-frame">third_party/tests/utd-sv/ucb_flow_jbi.v:241</a>: error: Unknown module type: dffe_ns
<a href="../../../../third_party/tests/utd-sv/ucb_flow_jbi.v.html#l-257" target="file-frame">third_party/tests/utd-sv/ucb_flow_jbi.v:257</a>: error: Unknown module type: dffe_ns
<a href="../../../../third_party/tests/utd-sv/ucb_flow_jbi.v.html#l-263" target="file-frame">third_party/tests/utd-sv/ucb_flow_jbi.v:263</a>: error: Unknown module type: dffe_ns
<a href="../../../../third_party/tests/utd-sv/ucb_flow_jbi.v.html#l-297" target="file-frame">third_party/tests/utd-sv/ucb_flow_jbi.v:297</a>: error: Unknown module type: dffrl_ns
<a href="../../../../third_party/tests/utd-sv/ucb_flow_jbi.v.html#l-302" target="file-frame">third_party/tests/utd-sv/ucb_flow_jbi.v:302</a>: error: Unknown module type: dffe_ns
<a href="../../../../third_party/tests/utd-sv/ucb_flow_jbi.v.html#l-307" target="file-frame">third_party/tests/utd-sv/ucb_flow_jbi.v:307</a>: error: Unknown module type: dffe_ns
<a href="../../../../third_party/tests/utd-sv/ucb_flow_jbi.v.html#l-321" target="file-frame">third_party/tests/utd-sv/ucb_flow_jbi.v:321</a>: error: Unknown module type: dffe_ns
<a href="../../../../third_party/tests/utd-sv/ucb_flow_jbi.v.html#l-344" target="file-frame">third_party/tests/utd-sv/ucb_flow_jbi.v:344</a>: error: Unknown module type: dffrl_ns
<a href="../../../../third_party/tests/utd-sv/ucb_flow_jbi.v.html#l-355" target="file-frame">third_party/tests/utd-sv/ucb_flow_jbi.v:355</a>: error: Unknown module type: dffe_ns
<a href="../../../../third_party/tests/utd-sv/ucb_flow_jbi.v.html#l-369" target="file-frame">third_party/tests/utd-sv/ucb_flow_jbi.v:369</a>: error: Unknown module type: dffrle_ns
<a href="../../../../third_party/tests/utd-sv/ucb_flow_jbi.v.html#l-401" target="file-frame">third_party/tests/utd-sv/ucb_flow_jbi.v:401</a>: error: Unknown module type: ucb_bus_out
16 error(s) during elaboration.
*** These modules were missing:
        dff_ns referenced 2 times.
        dffe_ns referenced 7 times.
        dffrl_ns referenced 2 times.
        dffrle_ns referenced 2 times.
        ucb_bus_in referenced 1 times.
        ucb_bus_out referenced 1 times.
***

</pre>
</body>