<head>
  <style>
    .log { font-family: "Courier New", Consolas, monospace; font-size: 80%; }
    .test-failed { background-color: #ffaaaa; }
    .test-passed { background-color: #aaffaa; }
  </style>
</head>
<body>
<h3><a href="http://iverilog.icarus.com/" target="_blank">icarus</a></h3>
<pre class="test-failed">
description: Tests imported from utd-sv
rc: 28 (means success: 0)
tags: utd-sv
incdirs: /tmpfs/src/github/sv-tests/third_party/tests/utd-sv
top_module: 
type: parsing
mode: parsing
files: <a href="../../../../third_party/tests/utd-sv/fpu_in2_gt_in1_frac.v.html" target="file-frame">third_party/tests/utd-sv/fpu_in2_gt_in1_frac.v</a>
defines: 
time_elapsed: 0.009s
ram usage: 9112 KB
</pre>
<pre class="log">

iverilog -g2012 -o iverilog.out -I/tmpfs/src/github/sv-tests/third_party/tests/utd-sv <a href="../../../../third_party/tests/utd-sv/fpu_in2_gt_in1_frac.v.html" target="file-frame">third_party/tests/utd-sv/fpu_in2_gt_in1_frac.v</a>
<a href="../../../../third_party/tests/utd-sv/fpu_in2_gt_in1_frac.v.html#l-110" target="file-frame">third_party/tests/utd-sv/fpu_in2_gt_in1_frac.v:110</a>: error: Unknown module type: fpu_in2_gt_in1_3b
<a href="../../../../third_party/tests/utd-sv/fpu_in2_gt_in1_frac.v.html#l-118" target="file-frame">third_party/tests/utd-sv/fpu_in2_gt_in1_frac.v:118</a>: error: Unknown module type: fpu_in2_gt_in1_2b
<a href="../../../../third_party/tests/utd-sv/fpu_in2_gt_in1_frac.v.html#l-126" target="file-frame">third_party/tests/utd-sv/fpu_in2_gt_in1_frac.v:126</a>: error: Unknown module type: fpu_in2_gt_in1_2b
<a href="../../../../third_party/tests/utd-sv/fpu_in2_gt_in1_frac.v.html#l-134" target="file-frame">third_party/tests/utd-sv/fpu_in2_gt_in1_frac.v:134</a>: error: Unknown module type: fpu_in2_gt_in1_3b
<a href="../../../../third_party/tests/utd-sv/fpu_in2_gt_in1_frac.v.html#l-142" target="file-frame">third_party/tests/utd-sv/fpu_in2_gt_in1_frac.v:142</a>: error: Unknown module type: fpu_in2_gt_in1_3b
<a href="../../../../third_party/tests/utd-sv/fpu_in2_gt_in1_frac.v.html#l-150" target="file-frame">third_party/tests/utd-sv/fpu_in2_gt_in1_frac.v:150</a>: error: Unknown module type: fpu_in2_gt_in1_3b
<a href="../../../../third_party/tests/utd-sv/fpu_in2_gt_in1_frac.v.html#l-158" target="file-frame">third_party/tests/utd-sv/fpu_in2_gt_in1_frac.v:158</a>: error: Unknown module type: fpu_in2_gt_in1_3b
<a href="../../../../third_party/tests/utd-sv/fpu_in2_gt_in1_frac.v.html#l-166" target="file-frame">third_party/tests/utd-sv/fpu_in2_gt_in1_frac.v:166</a>: error: Unknown module type: fpu_in2_gt_in1_3b
<a href="../../../../third_party/tests/utd-sv/fpu_in2_gt_in1_frac.v.html#l-174" target="file-frame">third_party/tests/utd-sv/fpu_in2_gt_in1_frac.v:174</a>: error: Unknown module type: fpu_in2_gt_in1_3b
<a href="../../../../third_party/tests/utd-sv/fpu_in2_gt_in1_frac.v.html#l-182" target="file-frame">third_party/tests/utd-sv/fpu_in2_gt_in1_frac.v:182</a>: error: Unknown module type: fpu_in2_gt_in1_3b
<a href="../../../../third_party/tests/utd-sv/fpu_in2_gt_in1_frac.v.html#l-190" target="file-frame">third_party/tests/utd-sv/fpu_in2_gt_in1_frac.v:190</a>: error: Unknown module type: fpu_in2_gt_in1_3b
<a href="../../../../third_party/tests/utd-sv/fpu_in2_gt_in1_frac.v.html#l-198" target="file-frame">third_party/tests/utd-sv/fpu_in2_gt_in1_frac.v:198</a>: error: Unknown module type: fpu_in2_gt_in1_3b
<a href="../../../../third_party/tests/utd-sv/fpu_in2_gt_in1_frac.v.html#l-206" target="file-frame">third_party/tests/utd-sv/fpu_in2_gt_in1_frac.v:206</a>: error: Unknown module type: fpu_in2_gt_in1_3b
<a href="../../../../third_party/tests/utd-sv/fpu_in2_gt_in1_frac.v.html#l-214" target="file-frame">third_party/tests/utd-sv/fpu_in2_gt_in1_frac.v:214</a>: error: Unknown module type: fpu_in2_gt_in1_3b
<a href="../../../../third_party/tests/utd-sv/fpu_in2_gt_in1_frac.v.html#l-222" target="file-frame">third_party/tests/utd-sv/fpu_in2_gt_in1_frac.v:222</a>: error: Unknown module type: fpu_in2_gt_in1_3b
<a href="../../../../third_party/tests/utd-sv/fpu_in2_gt_in1_frac.v.html#l-230" target="file-frame">third_party/tests/utd-sv/fpu_in2_gt_in1_frac.v:230</a>: error: Unknown module type: fpu_in2_gt_in1_3b
<a href="../../../../third_party/tests/utd-sv/fpu_in2_gt_in1_frac.v.html#l-238" target="file-frame">third_party/tests/utd-sv/fpu_in2_gt_in1_frac.v:238</a>: error: Unknown module type: fpu_in2_gt_in1_3b
<a href="../../../../third_party/tests/utd-sv/fpu_in2_gt_in1_frac.v.html#l-246" target="file-frame">third_party/tests/utd-sv/fpu_in2_gt_in1_frac.v:246</a>: error: Unknown module type: fpu_in2_gt_in1_3b
<a href="../../../../third_party/tests/utd-sv/fpu_in2_gt_in1_frac.v.html#l-254" target="file-frame">third_party/tests/utd-sv/fpu_in2_gt_in1_frac.v:254</a>: error: Unknown module type: fpu_in2_gt_in1_3b
<a href="../../../../third_party/tests/utd-sv/fpu_in2_gt_in1_frac.v.html#l-263" target="file-frame">third_party/tests/utd-sv/fpu_in2_gt_in1_frac.v:263</a>: error: Unknown module type: fpu_in2_gt_in1_3to1
<a href="../../../../third_party/tests/utd-sv/fpu_in2_gt_in1_frac.v.html#l-275" target="file-frame">third_party/tests/utd-sv/fpu_in2_gt_in1_frac.v:275</a>: error: Unknown module type: fpu_in2_gt_in1_3to1
<a href="../../../../third_party/tests/utd-sv/fpu_in2_gt_in1_frac.v.html#l-287" target="file-frame">third_party/tests/utd-sv/fpu_in2_gt_in1_frac.v:287</a>: error: Unknown module type: fpu_in2_gt_in1_3to1
<a href="../../../../third_party/tests/utd-sv/fpu_in2_gt_in1_frac.v.html#l-299" target="file-frame">third_party/tests/utd-sv/fpu_in2_gt_in1_frac.v:299</a>: error: Unknown module type: fpu_in2_gt_in1_3to1
<a href="../../../../third_party/tests/utd-sv/fpu_in2_gt_in1_frac.v.html#l-311" target="file-frame">third_party/tests/utd-sv/fpu_in2_gt_in1_frac.v:311</a>: error: Unknown module type: fpu_in2_gt_in1_3to1
<a href="../../../../third_party/tests/utd-sv/fpu_in2_gt_in1_frac.v.html#l-323" target="file-frame">third_party/tests/utd-sv/fpu_in2_gt_in1_frac.v:323</a>: error: Unknown module type: fpu_in2_gt_in1_3to1
<a href="../../../../third_party/tests/utd-sv/fpu_in2_gt_in1_frac.v.html#l-336" target="file-frame">third_party/tests/utd-sv/fpu_in2_gt_in1_frac.v:336</a>: error: Unknown module type: fpu_in2_gt_in1_3to1
<a href="../../../../third_party/tests/utd-sv/fpu_in2_gt_in1_frac.v.html#l-348" target="file-frame">third_party/tests/utd-sv/fpu_in2_gt_in1_frac.v:348</a>: error: Unknown module type: fpu_in2_gt_in1_3to1
28 error(s) during elaboration.
*** These modules were missing:
        fpu_in2_gt_in1_2b referenced 2 times.
        fpu_in2_gt_in1_3b referenced 17 times.
        fpu_in2_gt_in1_3to1 referenced 8 times.
***

</pre>
</body>