<head>
  <style>
    .log { font-family: "Courier New", Consolas, monospace; font-size: 80%; }
    .test-failed { background-color: #ffaaaa; }
    .test-passed { background-color: #aaffaa; }
  </style>
</head>
<body>
<h3><a href="http://iverilog.icarus.com/" target="_blank">icarus</a></h3>
<pre class="test-failed">
description: Tests imported from utd-sv
rc: 15 (means success: 0)
tags: utd-sv
incdirs: /tmpfs/src/github/sv-tests/third_party/tests/utd-sv
top_module: 
type: parsing
mode: parsing
files: <a href="../../../../third_party/tests/utd-sv/fpu_mul_exp_dp.v.html" target="file-frame">third_party/tests/utd-sv/fpu_mul_exp_dp.v</a>
defines: 
time_elapsed: 0.008s
ram usage: 9048 KB
</pre>
<pre class="log">

iverilog -g2012 -o iverilog.out -I/tmpfs/src/github/sv-tests/third_party/tests/utd-sv <a href="../../../../third_party/tests/utd-sv/fpu_mul_exp_dp.v.html" target="file-frame">third_party/tests/utd-sv/fpu_mul_exp_dp.v</a>
<a href="../../../../third_party/tests/utd-sv/fpu_mul_exp_dp.v.html#l-148" target="file-frame">third_party/tests/utd-sv/fpu_mul_exp_dp.v:148</a>: error: Unknown module type: clken_buf
<a href="../../../../third_party/tests/utd-sv/fpu_mul_exp_dp.v.html#l-161" target="file-frame">third_party/tests/utd-sv/fpu_mul_exp_dp.v:161</a>: error: Unknown module type: dffe_s
<a href="../../../../third_party/tests/utd-sv/fpu_mul_exp_dp.v.html#l-173" target="file-frame">third_party/tests/utd-sv/fpu_mul_exp_dp.v:173</a>: error: Unknown module type: dffe_s
<a href="../../../../third_party/tests/utd-sv/fpu_mul_exp_dp.v.html#l-219" target="file-frame">third_party/tests/utd-sv/fpu_mul_exp_dp.v:219</a>: error: Unknown module type: dffe_s
<a href="../../../../third_party/tests/utd-sv/fpu_mul_exp_dp.v.html#l-250" target="file-frame">third_party/tests/utd-sv/fpu_mul_exp_dp.v:250</a>: error: Unknown module type: dffe_s
<a href="../../../../third_party/tests/utd-sv/fpu_mul_exp_dp.v.html#l-271" target="file-frame">third_party/tests/utd-sv/fpu_mul_exp_dp.v:271</a>: error: Unknown module type: dffe_s
<a href="../../../../third_party/tests/utd-sv/fpu_mul_exp_dp.v.html#l-292" target="file-frame">third_party/tests/utd-sv/fpu_mul_exp_dp.v:292</a>: error: Unknown module type: dffe_s
<a href="../../../../third_party/tests/utd-sv/fpu_mul_exp_dp.v.html#l-304" target="file-frame">third_party/tests/utd-sv/fpu_mul_exp_dp.v:304</a>: error: Unknown module type: dffe_s
<a href="../../../../third_party/tests/utd-sv/fpu_mul_exp_dp.v.html#l-335" target="file-frame">third_party/tests/utd-sv/fpu_mul_exp_dp.v:335</a>: error: Unknown module type: dffe_s
<a href="../../../../third_party/tests/utd-sv/fpu_mul_exp_dp.v.html#l-370" target="file-frame">third_party/tests/utd-sv/fpu_mul_exp_dp.v:370</a>: error: Unknown module type: dff_s
<a href="../../../../third_party/tests/utd-sv/fpu_mul_exp_dp.v.html#l-392" target="file-frame">third_party/tests/utd-sv/fpu_mul_exp_dp.v:392</a>: error: Unknown module type: dff_s
<a href="../../../../third_party/tests/utd-sv/fpu_mul_exp_dp.v.html#l-406" target="file-frame">third_party/tests/utd-sv/fpu_mul_exp_dp.v:406</a>: error: Unknown module type: dff_s
<a href="../../../../third_party/tests/utd-sv/fpu_mul_exp_dp.v.html#l-426" target="file-frame">third_party/tests/utd-sv/fpu_mul_exp_dp.v:426</a>: error: Unknown module type: dff_s
<a href="../../../../third_party/tests/utd-sv/fpu_mul_exp_dp.v.html#l-476" target="file-frame">third_party/tests/utd-sv/fpu_mul_exp_dp.v:476</a>: error: Unknown module type: dffe_s
15 error(s) during elaboration.
*** These modules were missing:
        clken_buf referenced 1 times.
        dff_s referenced 4 times.
        dffe_s referenced 9 times.
***

</pre>
</body>