<head>
  <style>
    .log { font-family: "Courier New", Consolas, monospace; font-size: 80%; }
    .test-failed { background-color: #ffaaaa; }
    .test-passed { background-color: #aaffaa; }
  </style>
</head>
<body>
<h3><a href="http://iverilog.icarus.com/" target="_blank">icarus</a></h3>
<pre class="test-failed">
description: Tests imported from utd-sv
rc: 58 (means success: 0)
tags: utd-sv
incdirs: /tmpfs/src/github/sv-tests/third_party/tests/utd-sv
top_module: 
type: parsing
mode: parsing
files: <a href="../../../../third_party/tests/utd-sv/sctag_wbctl.v.html" target="file-frame">third_party/tests/utd-sv/sctag_wbctl.v</a>
defines: 
time_elapsed: 0.015s
ram usage: 9192 KB
</pre>
<pre class="log">

iverilog -g2012 -o iverilog.out -I/tmpfs/src/github/sv-tests/third_party/tests/utd-sv <a href="../../../../third_party/tests/utd-sv/sctag_wbctl.v.html" target="file-frame">third_party/tests/utd-sv/sctag_wbctl.v</a>
<a href="../../../../third_party/tests/utd-sv/sctag_wbctl.v.html#l-263" target="file-frame">third_party/tests/utd-sv/sctag_wbctl.v:263</a>: error: Unknown module type: dffrl_async
<a href="../../../../third_party/tests/utd-sv/sctag_wbctl.v.html#l-273" target="file-frame">third_party/tests/utd-sv/sctag_wbctl.v:273</a>: error: Unknown module type: dff_s
<a href="../../../../third_party/tests/utd-sv/sctag_wbctl.v.html#l-280" target="file-frame">third_party/tests/utd-sv/sctag_wbctl.v:280</a>: error: Unknown module type: dff_s
<a href="../../../../third_party/tests/utd-sv/sctag_wbctl.v.html#l-287" target="file-frame">third_party/tests/utd-sv/sctag_wbctl.v:287</a>: error: Unknown module type: dff_s
<a href="../../../../third_party/tests/utd-sv/sctag_wbctl.v.html#l-294" target="file-frame">third_party/tests/utd-sv/sctag_wbctl.v:294</a>: error: Unknown module type: dff_s
<a href="../../../../third_party/tests/utd-sv/sctag_wbctl.v.html#l-329" target="file-frame">third_party/tests/utd-sv/sctag_wbctl.v:329</a>: error: Unknown module type: dff_s
<a href="../../../../third_party/tests/utd-sv/sctag_wbctl.v.html#l-343" target="file-frame">third_party/tests/utd-sv/sctag_wbctl.v:343</a>: error: Unknown module type: dff_s
<a href="../../../../third_party/tests/utd-sv/sctag_wbctl.v.html#l-367" target="file-frame">third_party/tests/utd-sv/sctag_wbctl.v:367</a>: error: Unknown module type: dff_s
<a href="../../../../third_party/tests/utd-sv/sctag_wbctl.v.html#l-378" target="file-frame">third_party/tests/utd-sv/sctag_wbctl.v:378</a>: error: Unknown module type: dff_s
<a href="../../../../third_party/tests/utd-sv/sctag_wbctl.v.html#l-384" target="file-frame">third_party/tests/utd-sv/sctag_wbctl.v:384</a>: error: Unknown module type: dff_s
<a href="../../../../third_party/tests/utd-sv/sctag_wbctl.v.html#l-390" target="file-frame">third_party/tests/utd-sv/sctag_wbctl.v:390</a>: error: Unknown module type: dff_s
<a href="../../../../third_party/tests/utd-sv/sctag_wbctl.v.html#l-437" target="file-frame">third_party/tests/utd-sv/sctag_wbctl.v:437</a>: error: Unknown module type: dffrl_s
<a href="../../../../third_party/tests/utd-sv/sctag_wbctl.v.html#l-456" target="file-frame">third_party/tests/utd-sv/sctag_wbctl.v:456</a>: error: Unknown module type: dffrl_s
<a href="../../../../third_party/tests/utd-sv/sctag_wbctl.v.html#l-480" target="file-frame">third_party/tests/utd-sv/sctag_wbctl.v:480</a>: error: Unknown module type: dff_s
<a href="../../../../third_party/tests/utd-sv/sctag_wbctl.v.html#l-499" target="file-frame">third_party/tests/utd-sv/sctag_wbctl.v:499</a>: error: Unknown module type: dff_s
<a href="../../../../third_party/tests/utd-sv/sctag_wbctl.v.html#l-505" target="file-frame">third_party/tests/utd-sv/sctag_wbctl.v:505</a>: error: Unknown module type: dff_s
<a href="../../../../third_party/tests/utd-sv/sctag_wbctl.v.html#l-515" target="file-frame">third_party/tests/utd-sv/sctag_wbctl.v:515</a>: error: Unknown module type: dff_s
<a href="../../../../third_party/tests/utd-sv/sctag_wbctl.v.html#l-521" target="file-frame">third_party/tests/utd-sv/sctag_wbctl.v:521</a>: error: Unknown module type: dff_s
<a href="../../../../third_party/tests/utd-sv/sctag_wbctl.v.html#l-546" target="file-frame">third_party/tests/utd-sv/sctag_wbctl.v:546</a>: error: Unknown module type: dffe_s
<a href="../../../../third_party/tests/utd-sv/sctag_wbctl.v.html#l-553" target="file-frame">third_party/tests/utd-sv/sctag_wbctl.v:553</a>: error: Unknown module type: dffe_s
<a href="../../../../third_party/tests/utd-sv/sctag_wbctl.v.html#l-560" target="file-frame">third_party/tests/utd-sv/sctag_wbctl.v:560</a>: error: Unknown module type: dffe_s
<a href="../../../../third_party/tests/utd-sv/sctag_wbctl.v.html#l-567" target="file-frame">third_party/tests/utd-sv/sctag_wbctl.v:567</a>: error: Unknown module type: dffe_s
<a href="../../../../third_party/tests/utd-sv/sctag_wbctl.v.html#l-574" target="file-frame">third_party/tests/utd-sv/sctag_wbctl.v:574</a>: error: Unknown module type: dffe_s
<a href="../../../../third_party/tests/utd-sv/sctag_wbctl.v.html#l-581" target="file-frame">third_party/tests/utd-sv/sctag_wbctl.v:581</a>: error: Unknown module type: dffe_s
<a href="../../../../third_party/tests/utd-sv/sctag_wbctl.v.html#l-588" target="file-frame">third_party/tests/utd-sv/sctag_wbctl.v:588</a>: error: Unknown module type: dffe_s
<a href="../../../../third_party/tests/utd-sv/sctag_wbctl.v.html#l-595" target="file-frame">third_party/tests/utd-sv/sctag_wbctl.v:595</a>: error: Unknown module type: dffe_s
<a href="../../../../third_party/tests/utd-sv/sctag_wbctl.v.html#l-607" target="file-frame">third_party/tests/utd-sv/sctag_wbctl.v:607</a>: error: Unknown module type: dffrl_s
<a href="../../../../third_party/tests/utd-sv/sctag_wbctl.v.html#l-616" target="file-frame">third_party/tests/utd-sv/sctag_wbctl.v:616</a>: error: Unknown module type: dffrl_s
<a href="../../../../third_party/tests/utd-sv/sctag_wbctl.v.html#l-640" target="file-frame">third_party/tests/utd-sv/sctag_wbctl.v:640</a>: error: Unknown module type: mux4ds
<a href="../../../../third_party/tests/utd-sv/sctag_wbctl.v.html#l-647" target="file-frame">third_party/tests/utd-sv/sctag_wbctl.v:647</a>: error: Unknown module type: mux4ds
<a href="../../../../third_party/tests/utd-sv/sctag_wbctl.v.html#l-654" target="file-frame">third_party/tests/utd-sv/sctag_wbctl.v:654</a>: error: Unknown module type: mux2ds
<a href="../../../../third_party/tests/utd-sv/sctag_wbctl.v.html#l-724" target="file-frame">third_party/tests/utd-sv/sctag_wbctl.v:724</a>: error: Unknown module type: dff_s
<a href="../../../../third_party/tests/utd-sv/sctag_wbctl.v.html#l-736" target="file-frame">third_party/tests/utd-sv/sctag_wbctl.v:736</a>: error: Unknown module type: dffrl_s
<a href="../../../../third_party/tests/utd-sv/sctag_wbctl.v.html#l-750" target="file-frame">third_party/tests/utd-sv/sctag_wbctl.v:750</a>: error: Unknown module type: mux2ds
<a href="../../../../third_party/tests/utd-sv/sctag_wbctl.v.html#l-755" target="file-frame">third_party/tests/utd-sv/sctag_wbctl.v:755</a>: error: Unknown module type: dffrl_s
<a href="../../../../third_party/tests/utd-sv/sctag_wbctl.v.html#l-768" target="file-frame">third_party/tests/utd-sv/sctag_wbctl.v:768</a>: error: Unknown module type: dffe_s
<a href="../../../../third_party/tests/utd-sv/sctag_wbctl.v.html#l-776" target="file-frame">third_party/tests/utd-sv/sctag_wbctl.v:776</a>: error: Unknown module type: dffe_s
<a href="../../../../third_party/tests/utd-sv/sctag_wbctl.v.html#l-784" target="file-frame">third_party/tests/utd-sv/sctag_wbctl.v:784</a>: error: Unknown module type: dffe_s
<a href="../../../../third_party/tests/utd-sv/sctag_wbctl.v.html#l-792" target="file-frame">third_party/tests/utd-sv/sctag_wbctl.v:792</a>: error: Unknown module type: dffe_s
<a href="../../../../third_party/tests/utd-sv/sctag_wbctl.v.html#l-802" target="file-frame">third_party/tests/utd-sv/sctag_wbctl.v:802</a>: error: Unknown module type: dff_s
<a href="../../../../third_party/tests/utd-sv/sctag_wbctl.v.html#l-813" target="file-frame">third_party/tests/utd-sv/sctag_wbctl.v:813</a>: error: Unknown module type: dff_s
<a href="../../../../third_party/tests/utd-sv/sctag_wbctl.v.html#l-825" target="file-frame">third_party/tests/utd-sv/sctag_wbctl.v:825</a>: error: Unknown module type: dff_s
<a href="../../../../third_party/tests/utd-sv/sctag_wbctl.v.html#l-857" target="file-frame">third_party/tests/utd-sv/sctag_wbctl.v:857</a>: error: Unknown module type: dff_s
<a href="../../../../third_party/tests/utd-sv/sctag_wbctl.v.html#l-871" target="file-frame">third_party/tests/utd-sv/sctag_wbctl.v:871</a>: error: Unknown module type: dff_s
<a href="../../../../third_party/tests/utd-sv/sctag_wbctl.v.html#l-881" target="file-frame">third_party/tests/utd-sv/sctag_wbctl.v:881</a>: error: Unknown module type: mux2ds
<a href="../../../../third_party/tests/utd-sv/sctag_wbctl.v.html#l-886" target="file-frame">third_party/tests/utd-sv/sctag_wbctl.v:886</a>: error: Unknown module type: mux2ds
<a href="../../../../third_party/tests/utd-sv/sctag_wbctl.v.html#l-911" target="file-frame">third_party/tests/utd-sv/sctag_wbctl.v:911</a>: error: Unknown module type: mux3ds
<a href="../../../../third_party/tests/utd-sv/sctag_wbctl.v.html#l-917" target="file-frame">third_party/tests/utd-sv/sctag_wbctl.v:917</a>: error: Unknown module type: dff_s
<a href="../../../../third_party/tests/utd-sv/sctag_wbctl.v.html#l-930" target="file-frame">third_party/tests/utd-sv/sctag_wbctl.v:930</a>: error: Unknown module type: mux3ds
<a href="../../../../third_party/tests/utd-sv/sctag_wbctl.v.html#l-937" target="file-frame">third_party/tests/utd-sv/sctag_wbctl.v:937</a>: error: Unknown module type: dff_s
<a href="../../../../third_party/tests/utd-sv/sctag_wbctl.v.html#l-950" target="file-frame">third_party/tests/utd-sv/sctag_wbctl.v:950</a>: error: Unknown module type: mux3ds
<a href="../../../../third_party/tests/utd-sv/sctag_wbctl.v.html#l-957" target="file-frame">third_party/tests/utd-sv/sctag_wbctl.v:957</a>: error: Unknown module type: dff_s
<a href="../../../../third_party/tests/utd-sv/sctag_wbctl.v.html#l-969" target="file-frame">third_party/tests/utd-sv/sctag_wbctl.v:969</a>: error: Unknown module type: mux3ds
<a href="../../../../third_party/tests/utd-sv/sctag_wbctl.v.html#l-976" target="file-frame">third_party/tests/utd-sv/sctag_wbctl.v:976</a>: error: Unknown module type: dff_s
<a href="../../../../third_party/tests/utd-sv/sctag_wbctl.v.html#l-1130" target="file-frame">third_party/tests/utd-sv/sctag_wbctl.v:1130</a>: error: Unknown module type: mux3ds
<a href="../../../../third_party/tests/utd-sv/sctag_wbctl.v.html#l-1136" target="file-frame">third_party/tests/utd-sv/sctag_wbctl.v:1136</a>: error: Unknown module type: dffrl_s
<a href="../../../../third_party/tests/utd-sv/sctag_wbctl.v.html#l-1175" target="file-frame">third_party/tests/utd-sv/sctag_wbctl.v:1175</a>: error: Unknown module type: dffrl_s
58 error(s) during elaboration.
*** These modules were missing:
        dff_s referenced 25 times.
        dffe_s referenced 12 times.
        dffrl_async referenced 1 times.
        dffrl_s referenced 8 times.
        mux2ds referenced 4 times.
        mux3ds referenced 5 times.
        mux4ds referenced 2 times.
***

</pre>
</body>