<head>
  <style>
    .log { font-family: "Courier New", Consolas, monospace; font-size: 80%; }
    .test-failed { background-color: #ffaaaa; }
    .test-passed { background-color: #aaffaa; }
  </style>
</head>
<body>
<h3><a href="http://iverilog.icarus.com/" target="_blank">icarus</a></h3>
<pre class="test-failed">
description: Tests imported from utd-sv
rc: 25 (means success: 0)
tags: utd-sv
incdirs: /tmpfs/src/github/sv-tests/third_party/tests/utd-sv
top_module: 
type: parsing
mode: parsing
files: <a href="../../../../third_party/tests/utd-sv/fpu_cnt_lead0_53b.v.html" target="file-frame">third_party/tests/utd-sv/fpu_cnt_lead0_53b.v</a>
defines: 
time_elapsed: 0.008s
ram usage: 9016 KB
</pre>
<pre class="log">

iverilog -g2012 -o iverilog.out -I/tmpfs/src/github/sv-tests/third_party/tests/utd-sv <a href="../../../../third_party/tests/utd-sv/fpu_cnt_lead0_53b.v.html" target="file-frame">third_party/tests/utd-sv/fpu_cnt_lead0_53b.v</a>
<a href="../../../../third_party/tests/utd-sv/fpu_cnt_lead0_53b.v.html#l-136" target="file-frame">third_party/tests/utd-sv/fpu_cnt_lead0_53b.v:136</a>: error: Unknown module type: fpu_cnt_lead0_lvl1
<a href="../../../../third_party/tests/utd-sv/fpu_cnt_lead0_53b.v.html#l-144" target="file-frame">third_party/tests/utd-sv/fpu_cnt_lead0_53b.v:144</a>: error: Unknown module type: fpu_cnt_lead0_lvl1
<a href="../../../../third_party/tests/utd-sv/fpu_cnt_lead0_53b.v.html#l-152" target="file-frame">third_party/tests/utd-sv/fpu_cnt_lead0_53b.v:152</a>: error: Unknown module type: fpu_cnt_lead0_lvl1
<a href="../../../../third_party/tests/utd-sv/fpu_cnt_lead0_53b.v.html#l-160" target="file-frame">third_party/tests/utd-sv/fpu_cnt_lead0_53b.v:160</a>: error: Unknown module type: fpu_cnt_lead0_lvl1
<a href="../../../../third_party/tests/utd-sv/fpu_cnt_lead0_53b.v.html#l-168" target="file-frame">third_party/tests/utd-sv/fpu_cnt_lead0_53b.v:168</a>: error: Unknown module type: fpu_cnt_lead0_lvl1
<a href="../../../../third_party/tests/utd-sv/fpu_cnt_lead0_53b.v.html#l-176" target="file-frame">third_party/tests/utd-sv/fpu_cnt_lead0_53b.v:176</a>: error: Unknown module type: fpu_cnt_lead0_lvl1
<a href="../../../../third_party/tests/utd-sv/fpu_cnt_lead0_53b.v.html#l-184" target="file-frame">third_party/tests/utd-sv/fpu_cnt_lead0_53b.v:184</a>: error: Unknown module type: fpu_cnt_lead0_lvl1
<a href="../../../../third_party/tests/utd-sv/fpu_cnt_lead0_53b.v.html#l-192" target="file-frame">third_party/tests/utd-sv/fpu_cnt_lead0_53b.v:192</a>: error: Unknown module type: fpu_cnt_lead0_lvl1
<a href="../../../../third_party/tests/utd-sv/fpu_cnt_lead0_53b.v.html#l-200" target="file-frame">third_party/tests/utd-sv/fpu_cnt_lead0_53b.v:200</a>: error: Unknown module type: fpu_cnt_lead0_lvl1
<a href="../../../../third_party/tests/utd-sv/fpu_cnt_lead0_53b.v.html#l-208" target="file-frame">third_party/tests/utd-sv/fpu_cnt_lead0_53b.v:208</a>: error: Unknown module type: fpu_cnt_lead0_lvl1
<a href="../../../../third_party/tests/utd-sv/fpu_cnt_lead0_53b.v.html#l-216" target="file-frame">third_party/tests/utd-sv/fpu_cnt_lead0_53b.v:216</a>: error: Unknown module type: fpu_cnt_lead0_lvl1
<a href="../../../../third_party/tests/utd-sv/fpu_cnt_lead0_53b.v.html#l-224" target="file-frame">third_party/tests/utd-sv/fpu_cnt_lead0_53b.v:224</a>: error: Unknown module type: fpu_cnt_lead0_lvl1
<a href="../../../../third_party/tests/utd-sv/fpu_cnt_lead0_53b.v.html#l-232" target="file-frame">third_party/tests/utd-sv/fpu_cnt_lead0_53b.v:232</a>: error: Unknown module type: fpu_cnt_lead0_lvl1
<a href="../../../../third_party/tests/utd-sv/fpu_cnt_lead0_53b.v.html#l-243" target="file-frame">third_party/tests/utd-sv/fpu_cnt_lead0_53b.v:243</a>: error: Unknown module type: fpu_cnt_lead0_lvl2
<a href="../../../../third_party/tests/utd-sv/fpu_cnt_lead0_53b.v.html#l-256" target="file-frame">third_party/tests/utd-sv/fpu_cnt_lead0_53b.v:256</a>: error: Unknown module type: fpu_cnt_lead0_lvl2
<a href="../../../../third_party/tests/utd-sv/fpu_cnt_lead0_53b.v.html#l-269" target="file-frame">third_party/tests/utd-sv/fpu_cnt_lead0_53b.v:269</a>: error: Unknown module type: fpu_cnt_lead0_lvl2
<a href="../../../../third_party/tests/utd-sv/fpu_cnt_lead0_53b.v.html#l-282" target="file-frame">third_party/tests/utd-sv/fpu_cnt_lead0_53b.v:282</a>: error: Unknown module type: fpu_cnt_lead0_lvl2
<a href="../../../../third_party/tests/utd-sv/fpu_cnt_lead0_53b.v.html#l-295" target="file-frame">third_party/tests/utd-sv/fpu_cnt_lead0_53b.v:295</a>: error: Unknown module type: fpu_cnt_lead0_lvl2
<a href="../../../../third_party/tests/utd-sv/fpu_cnt_lead0_53b.v.html#l-308" target="file-frame">third_party/tests/utd-sv/fpu_cnt_lead0_53b.v:308</a>: error: Unknown module type: fpu_cnt_lead0_lvl2
<a href="../../../../third_party/tests/utd-sv/fpu_cnt_lead0_53b.v.html#l-327" target="file-frame">third_party/tests/utd-sv/fpu_cnt_lead0_53b.v:327</a>: error: Unknown module type: fpu_cnt_lead0_lvl3
<a href="../../../../third_party/tests/utd-sv/fpu_cnt_lead0_53b.v.html#l-343" target="file-frame">third_party/tests/utd-sv/fpu_cnt_lead0_53b.v:343</a>: error: Unknown module type: fpu_cnt_lead0_lvl3
<a href="../../../../third_party/tests/utd-sv/fpu_cnt_lead0_53b.v.html#l-359" target="file-frame">third_party/tests/utd-sv/fpu_cnt_lead0_53b.v:359</a>: error: Unknown module type: fpu_cnt_lead0_lvl3
<a href="../../../../third_party/tests/utd-sv/fpu_cnt_lead0_53b.v.html#l-378" target="file-frame">third_party/tests/utd-sv/fpu_cnt_lead0_53b.v:378</a>: error: Unknown module type: fpu_cnt_lead0_lvl4
<a href="../../../../third_party/tests/utd-sv/fpu_cnt_lead0_53b.v.html#l-397" target="file-frame">third_party/tests/utd-sv/fpu_cnt_lead0_53b.v:397</a>: error: Unknown module type: fpu_cnt_lead0_lvl4
25 error(s) during elaboration.
*** These modules were missing:
        fpu_cnt_lead0_lvl1 referenced 13 times.
        fpu_cnt_lead0_lvl2 referenced 6 times.
        fpu_cnt_lead0_lvl3 referenced 3 times.
        fpu_cnt_lead0_lvl4 referenced 2 times.
***

</pre>
</body>