<head>
  <style>
    .log { font-family: "Courier New", Consolas, monospace; font-size: 80%; }
    .test-failed { background-color: #ffaaaa; }
    .test-passed { background-color: #aaffaa; }
  </style>
</head>
<body>
<h3><a href="http://iverilog.icarus.com/" target="_blank">icarus</a></h3>
<pre class="test-failed">
description: Tests imported from utd-sv
rc: 17 (means success: 0)
tags: utd-sv
incdirs: /tmpfs/src/github/sv-tests/third_party/tests/utd-sv
top_module: 
type: parsing
mode: parsing
files: <a href="../../../../third_party/tests/utd-sv/lsu_stb_rwdp.v.html" target="file-frame">third_party/tests/utd-sv/lsu_stb_rwdp.v</a>
defines: 
time_elapsed: 0.011s
ram usage: 9204 KB
</pre>
<pre class="log">

iverilog -g2012 -o iverilog.out -I/tmpfs/src/github/sv-tests/third_party/tests/utd-sv <a href="../../../../third_party/tests/utd-sv/lsu_stb_rwdp.v.html" target="file-frame">third_party/tests/utd-sv/lsu_stb_rwdp.v</a>
<a href="../../../../third_party/tests/utd-sv/lsu_stb_rwdp.v.html#l-119" target="file-frame">third_party/tests/utd-sv/lsu_stb_rwdp.v:119</a>: error: Unknown module type: mux4ds
<a href="../../../../third_party/tests/utd-sv/lsu_stb_rwdp.v.html#l-132" target="file-frame">third_party/tests/utd-sv/lsu_stb_rwdp.v:132</a>: error: Unknown module type: dff_s
<a href="../../../../third_party/tests/utd-sv/lsu_stb_rwdp.v.html#l-146" target="file-frame">third_party/tests/utd-sv/lsu_stb_rwdp.v:146</a>: error: Unknown module type: dff_s
<a href="../../../../third_party/tests/utd-sv/lsu_stb_rwdp.v.html#l-153" target="file-frame">third_party/tests/utd-sv/lsu_stb_rwdp.v:153</a>: error: Unknown module type: dff_s
<a href="../../../../third_party/tests/utd-sv/lsu_stb_rwdp.v.html#l-190" target="file-frame">third_party/tests/utd-sv/lsu_stb_rwdp.v:190</a>: error: Unknown module type: mux4ds
<a href="../../../../third_party/tests/utd-sv/lsu_stb_rwdp.v.html#l-204" target="file-frame">third_party/tests/utd-sv/lsu_stb_rwdp.v:204</a>: error: Unknown module type: mux4ds
<a href="../../../../third_party/tests/utd-sv/lsu_stb_rwdp.v.html#l-217" target="file-frame">third_party/tests/utd-sv/lsu_stb_rwdp.v:217</a>: error: Unknown module type: mux3ds
<a href="../../../../third_party/tests/utd-sv/lsu_stb_rwdp.v.html#l-229" target="file-frame">third_party/tests/utd-sv/lsu_stb_rwdp.v:229</a>: error: Unknown module type: mux3ds
<a href="../../../../third_party/tests/utd-sv/lsu_stb_rwdp.v.html#l-241" target="file-frame">third_party/tests/utd-sv/lsu_stb_rwdp.v:241</a>: error: Unknown module type: mux3ds
<a href="../../../../third_party/tests/utd-sv/lsu_stb_rwdp.v.html#l-253" target="file-frame">third_party/tests/utd-sv/lsu_stb_rwdp.v:253</a>: error: Unknown module type: mux3ds
<a href="../../../../third_party/tests/utd-sv/lsu_stb_rwdp.v.html#l-265" target="file-frame">third_party/tests/utd-sv/lsu_stb_rwdp.v:265</a>: error: Unknown module type: mux3ds
<a href="../../../../third_party/tests/utd-sv/lsu_stb_rwdp.v.html#l-277" target="file-frame">third_party/tests/utd-sv/lsu_stb_rwdp.v:277</a>: error: Unknown module type: mux3ds
<a href="../../../../third_party/tests/utd-sv/lsu_stb_rwdp.v.html#l-308" target="file-frame">third_party/tests/utd-sv/lsu_stb_rwdp.v:308</a>: error: Unknown module type: mux3ds
<a href="../../../../third_party/tests/utd-sv/lsu_stb_rwdp.v.html#l-330" target="file-frame">third_party/tests/utd-sv/lsu_stb_rwdp.v:330</a>: error: Unknown module type: mux3ds
<a href="../../../../third_party/tests/utd-sv/lsu_stb_rwdp.v.html#l-348" target="file-frame">third_party/tests/utd-sv/lsu_stb_rwdp.v:348</a>: error: Unknown module type: mux3ds
<a href="../../../../third_party/tests/utd-sv/lsu_stb_rwdp.v.html#l-365" target="file-frame">third_party/tests/utd-sv/lsu_stb_rwdp.v:365</a>: error: Unknown module type: mux4ds
17 error(s) during elaboration.
*** These modules were missing:
        dff_s referenced 3 times.
        mux3ds referenced 9 times.
        mux4ds referenced 4 times.
***

</pre>
</body>