<head>
  <style>
    .log { font-family: "Courier New", Consolas, monospace; font-size: 80%; }
    .test-failed { background-color: #ffaaaa; }
    .test-passed { background-color: #aaffaa; }
  </style>
</head>
<body>
<h3><a href="http://iverilog.icarus.com/" target="_blank">icarus</a></h3>
<pre class="test-failed">
description: Tests imported from utd-sv
rc: 10 (means success: 0)
tags: utd-sv
incdirs: /tmpfs/src/github/sv-tests/third_party/tests/utd-sv
top_module: 
type: parsing
mode: parsing
files: <a href="../../../../third_party/tests/utd-sv/lsu_tagdp.v.html" target="file-frame">third_party/tests/utd-sv/lsu_tagdp.v</a>
defines: 
time_elapsed: 0.009s
ram usage: 8904 KB
</pre>
<pre class="log">

iverilog -g2012 -o iverilog.out -I/tmpfs/src/github/sv-tests/third_party/tests/utd-sv <a href="../../../../third_party/tests/utd-sv/lsu_tagdp.v.html" target="file-frame">third_party/tests/utd-sv/lsu_tagdp.v</a>
<a href="../../../../third_party/tests/utd-sv/lsu_tagdp.v.html#l-90" target="file-frame">third_party/tests/utd-sv/lsu_tagdp.v:90</a>: error: Unknown module type: mux4ds
<a href="../../../../third_party/tests/utd-sv/lsu_tagdp.v.html#l-102" target="file-frame">third_party/tests/utd-sv/lsu_tagdp.v:102</a>: error: Unknown module type: dff_s
<a href="../../../../third_party/tests/utd-sv/lsu_tagdp.v.html#l-108" target="file-frame">third_party/tests/utd-sv/lsu_tagdp.v:108</a>: error: Unknown module type: mux4ds
<a href="../../../../third_party/tests/utd-sv/lsu_tagdp.v.html#l-120" target="file-frame">third_party/tests/utd-sv/lsu_tagdp.v:120</a>: error: Unknown module type: dff_s
<a href="../../../../third_party/tests/utd-sv/lsu_tagdp.v.html#l-132" target="file-frame">third_party/tests/utd-sv/lsu_tagdp.v:132</a>: error: Unknown module type: dff_s
<a href="../../../../third_party/tests/utd-sv/lsu_tagdp.v.html#l-169" target="file-frame">third_party/tests/utd-sv/lsu_tagdp.v:169</a>: error: Unknown module type: dff_s
<a href="../../../../third_party/tests/utd-sv/lsu_tagdp.v.html#l-175" target="file-frame">third_party/tests/utd-sv/lsu_tagdp.v:175</a>: error: Unknown module type: dff_s
<a href="../../../../third_party/tests/utd-sv/lsu_tagdp.v.html#l-181" target="file-frame">third_party/tests/utd-sv/lsu_tagdp.v:181</a>: error: Unknown module type: dff_s
<a href="../../../../third_party/tests/utd-sv/lsu_tagdp.v.html#l-187" target="file-frame">third_party/tests/utd-sv/lsu_tagdp.v:187</a>: error: Unknown module type: dff_s
10 error(s) during elaboration.
*** These modules were missing:
        dff_s referenced 7 times.
        mux4ds referenced 2 times.
***

</pre>
</body>