<head>
  <style>
    .log { font-family: "Courier New", Consolas, monospace; font-size: 80%; }
    .test-failed { background-color: #ffaaaa; }
    .test-passed { background-color: #aaffaa; }
  </style>
</head>
<body>
<h3><a href="http://iverilog.icarus.com/" target="_blank">icarus</a></h3>
<pre class="test-failed">
description: Tests imported from utd-sv
rc: 9 (means success: 0)
tags: utd-sv
incdirs: /tmpfs/src/github/sv-tests/third_party/tests/utd-sv
top_module: 
type: parsing
mode: parsing
files: <a href="../../../../third_party/tests/utd-sv/ff_dram_sc_bank2.v.html" target="file-frame">third_party/tests/utd-sv/ff_dram_sc_bank2.v</a>
defines: 
time_elapsed: 0.011s
ram usage: 9104 KB
</pre>
<pre class="log">

iverilog -g2012 -o iverilog.out -I/tmpfs/src/github/sv-tests/third_party/tests/utd-sv <a href="../../../../third_party/tests/utd-sv/ff_dram_sc_bank2.v.html" target="file-frame">third_party/tests/utd-sv/ff_dram_sc_bank2.v</a>
<a href="../../../../third_party/tests/utd-sv/ff_dram_sc_bank2.v.html#l-126" target="file-frame">third_party/tests/utd-sv/ff_dram_sc_bank2.v:126</a>: error: Unknown module type: dff_s
<a href="../../../../third_party/tests/utd-sv/ff_dram_sc_bank2.v.html#l-207" target="file-frame">third_party/tests/utd-sv/ff_dram_sc_bank2.v:207</a>: error: Unknown module type: dff_s
<a href="../../../../third_party/tests/utd-sv/ff_dram_sc_bank2.v.html#l-288" target="file-frame">third_party/tests/utd-sv/ff_dram_sc_bank2.v:288</a>: error: Unknown module type: dff_s
<a href="../../../../third_party/tests/utd-sv/ff_dram_sc_bank2.v.html#l-369" target="file-frame">third_party/tests/utd-sv/ff_dram_sc_bank2.v:369</a>: error: Unknown module type: dff_s
<a href="../../../../third_party/tests/utd-sv/ff_dram_sc_bank2.v.html#l-450" target="file-frame">third_party/tests/utd-sv/ff_dram_sc_bank2.v:450</a>: error: Unknown module type: dff_s
<a href="../../../../third_party/tests/utd-sv/ff_dram_sc_bank2.v.html#l-517" target="file-frame">third_party/tests/utd-sv/ff_dram_sc_bank2.v:517</a>: error: Unknown module type: dff_s
<a href="../../../../third_party/tests/utd-sv/ff_dram_sc_bank2.v.html#l-589" target="file-frame">third_party/tests/utd-sv/ff_dram_sc_bank2.v:589</a>: error: Unknown module type: dff_s
<a href="../../../../third_party/tests/utd-sv/ff_dram_sc_bank2.v.html#l-602" target="file-frame">third_party/tests/utd-sv/ff_dram_sc_bank2.v:602</a>: error: Unknown module type: dff_s
9 error(s) during elaboration.
*** These modules were missing:
        dff_s referenced 8 times.
***

</pre>
</body>