<head>
  <style>
    .log { font-family: "Courier New", Consolas, monospace; font-size: 80%; }
    .test-failed { background-color: #ffaaaa; }
    .test-passed { background-color: #aaffaa; }
  </style>
</head>
<body>
<h3><a href="https://github.com/MikePopoloski/slang" target="_blank">slang</a></h3>
<pre class="test-failed">
description: uvm active agent (agent + monitor + driver + sequencer) test
rc: 1 (means success: 0)
should_fail: 0
tags: uvm uvm-agents
incdirs: /tmpfs/src/github/sv-tests/third_party/tests/uvm/src /tmpfs/src/github/sv-tests/tests/testbenches
top_module: 
type: simulation parsing
mode: parsing
files: <a href="../../../third_party/tests/uvm/src/uvm_pkg.sv.html" target="file-frame">third_party/tests/uvm/src/uvm_pkg.sv</a> <a href="../../../tests/testbenches/uvm_agent_active.sv.html" target="file-frame">tests/testbenches/uvm_agent_active.sv</a>
time_elapsed: 0.144s
ram usage: 40772 KB
</pre>
<pre class="log">

slang-driver --single-unit -I/tmpfs/src/github/sv-tests/third_party/tests/uvm/src -I/tmpfs/src/github/sv-tests/tests/testbenches <a href="../../../third_party/tests/uvm/src/uvm_pkg.sv.html" target="file-frame">third_party/tests/uvm/src/uvm_pkg.sv</a> <a href="../../../tests/testbenches/uvm_agent_active.sv.html" target="file-frame">tests/testbenches/uvm_agent_active.sv</a>
../../src/github/sv-tests/tests/testbenches/uvm_agent_active.sv:28:1: error: language feature not yet supported
class packet_in extends uvm_sequence_item;
^~~~~~~~~~~~~~~~~~~~~~~~~~~~~~~~~~~~~~~~~~
../../src/github/sv-tests/tests/testbenches/uvm_agent_active.sv:35:13: error: expected identifier
    function new(string name=&#34;packet_in&#34;);
            ^
../../src/github/sv-tests/tests/testbenches/uvm_agent_active.sv:40:1: error: language feature not yet supported
class monitor extends uvm_monitor;
^~~~~~~~~~~~~~~~~~~~~~~~~~~~~~~~~~
../../src/github/sv-tests/tests/testbenches/uvm_agent_active.sv:47:13: error: expected identifier
    function new(string name, uvm_component parent);
            ^
../../src/github/sv-tests/tests/testbenches/uvm_agent_active.sv:77:1: error: language feature not yet supported
class sequence_in extends uvm_sequence #(packet_in);
^~~~~~~~~~~~~~~~~~~~~~~~~~~~~~~~~~~~~~~~~~~~~~~~~~~~
../../src/github/sv-tests/tests/testbenches/uvm_agent_active.sv:80:13: error: expected identifier
    function new(string name=&#34;sequence_in&#34;);
            ^
../../src/github/sv-tests/tests/testbenches/uvm_agent_active.sv:94:1: error: language feature not yet supported
class sequencer extends uvm_sequencer #(packet_in);
^~~~~~~~~~~~~~~~~~~~~~~~~~~~~~~~~~~~~~~~~~~~~~~~~~~
../../src/github/sv-tests/tests/testbenches/uvm_agent_active.sv:97:13: error: expected identifier
    function new (string name = &#34;sequencer&#34;, uvm_component parent = null);
            ^
../../src/github/sv-tests/tests/testbenches/uvm_agent_active.sv:102:1: error: language feature not yet supported
class driver extends uvm_driver #(packet_in);
^~~~~~~~~~~~~~~~~~~~~~~~~~~~~~~~~~~~~~~~~~~~~
../../src/github/sv-tests/tests/testbenches/uvm_agent_active.sv:106:13: error: expected identifier
    function new(string name = &#34;driver&#34;, uvm_component parent = null);
            ^
../../src/github/sv-tests/tests/testbenches/uvm_agent_active.sv:139:1: error: language feature not yet supported
class agent_active extends uvm_agent;
^~~~~~~~~~~~~~~~~~~~~~~~~~~~~~~~~~~~~
../../src/github/sv-tests/tests/testbenches/uvm_agent_active.sv:147:13: error: expected identifier
    function new(string name = &#34;agent_active&#34;, uvm_component parent = null);
            ^
../../src/github/sv-tests/tests/testbenches/uvm_agent_active.sv:166:1: error: language feature not yet supported
class env extends uvm_env;
^~~~~~~~~~~~~~~~~~~~~~~~~~
../../src/github/sv-tests/tests/testbenches/uvm_agent_active.sv:174:13: error: expected identifier
    function new(string name, uvm_component parent = null);
            ^
in file included from ../../src/github/sv-tests/third_party/tests/uvm/src/uvm_pkg.sv:30:
in file included from ../../src/github/sv-tests/third_party/tests/uvm/src/dpi/uvm_dpi.svh:40:
../../src/github/sv-tests/third_party/tests/uvm/src/dpi/uvm_hdl.svh:66:3: error: language feature not yet supported
  import &#34;DPI-C&#34; context function int uvm_hdl_check_path(string path);
  ^~~~~~~~~~~~~~~~~~~~~~~~~~~~~~~~~~~~~~~~~~~~~~~~~~~~~~~~~~~~~~~~~~~~
../../src/github/sv-tests/third_party/tests/uvm/src/dpi/uvm_hdl.svh:74:3: error: language feature not yet supported
  import &#34;DPI-C&#34; context function int uvm_hdl_deposit(string path, uvm_hdl_data_t value);
  ^~~~~~~~~~~~~~~~~~~~~~~~~~~~~~~~~~~~~~~~~~~~~~~~~~~~~~~~~~~~~~~~~~~~~~~~~~~~~~~~~~~~~~~
../../src/github/sv-tests/third_party/tests/uvm/src/dpi/uvm_hdl.svh:81:3: error: language feature not yet supported
  import &#34;DPI-C&#34; context function int uvm_hdl_force(string path, uvm_hdl_data_t value);
  ^~~~~~~~~~~~~~~~~~~~~~~~~~~~~~~~~~~~~~~~~~~~~~~~~~~~~~~~~~~~~~~~~~~~~~~~~~~~~~~~~~~~~
../../src/github/sv-tests/third_party/tests/uvm/src/dpi/uvm_hdl.svh:112:3: error: language feature not yet supported
  import &#34;DPI-C&#34; context function int uvm_hdl_release_and_read(string path, inout uvm_hdl_data_t value);
  ^~~~~~~~~~~~~~~~~~~~~~~~~~~~~~~~~~~~~~~~~~~~~~~~~~~~~~~~~~~~~~~~~~~~~~~~~~~~~~~~~~~~~~~~~~~~~~~~~~~~~~
../../src/github/sv-tests/third_party/tests/uvm/src/dpi/uvm_hdl.svh:120:3: error: language feature not yet supported
  import &#34;DPI-C&#34; context function int uvm_hdl_release(string path);
  ^~~~~~~~~~~~~~~~~~~~~~~~~~~~~~~~~~~~~~~~~~~~~~~~~~~~~~~~~~~~~~~~~
../../src/github/sv-tests/third_party/tests/uvm/src/dpi/uvm_hdl.svh:128:3: error: language feature not yet supported
  import &#34;DPI-C&#34; context function int uvm_hdl_read(string path, output uvm_hdl_data_t value);
  ^~~~~~~~~~~~~~~~~~~~~~~~~~~~~~~~~~~~~~~~~~~~~~~~~~~~~~~~~~~~~~~~~~~~~~~~~~~~~~~~~~~~~~~~~~~
fatal error: too many errors emitted, stopping now [--error-limit=]

</pre>
</body>