<head>
  <style>
    .log { font-family: "Courier New", Consolas, monospace; font-size: 80%; }
    .test-failed { background-color: #ffaaaa; }
    .test-passed { background-color: #aaffaa; }
  </style>
</head>
<body>
<h3><a href="https://github.com/alainmarcel/uhdm-integration" target="_blank">verilator-uhdm</a></h3>
<pre class="test-failed">
description: Test imported from ivtest
rc: 1 (means success: 0)
tags: ivtest
incdirs: /tmpfs/src/github/sv-tests/third_party/tests/ivtest /tmpfs/src/github/sv-tests/third_party/tests/ivtest/ivltests
top_module: 
type: parsing
mode: parsing
files: <a href="../../../../third_party/tests/ivtest/ivltests/assign_nb1.v.html" target="file-frame">third_party/tests/ivtest/ivltests/assign_nb1.v</a>
defines: 
time_elapsed: 0.881s
ram usage: 31972 KB
</pre>
<pre class="log">

sh /tmpfs/tmp/tmpi7uljtdt/scr.sh --uhdm-ast -cc slpp_all/surelog.uhdm -Wno-fatal -Wno-UNOPTFLAT -Wno-BLKANDNBLK --top-module work_main --Mdir vbuild --prefix Vtop --exe -o vmain vmain.cpp
+ surelog-uhdm -nopython -nobuiltin -parse -sverilog -I/tmpfs/src/github/sv-tests/third_party/tests/ivtest -I/tmpfs/src/github/sv-tests/third_party/tests/ivtest/ivltests <a href="../../../../third_party/tests/ivtest/ivltests/assign_nb1.v.html" target="file-frame">third_party/tests/ivtest/ivltests/assign_nb1.v</a>
[INF:CM0023] Creating log file ./slpp_all/surelog.log.

[WRN:PA0205] <a href="../../../../third_party/tests/ivtest/ivltests/assign_nb1.v.html#l-20" target="file-frame">third_party/tests/ivtest/ivltests/assign_nb1.v:20</a>: No timescale set for &#34;main&#34;.

[INF:CP0300] Compilation...

[INF:CP0303] <a href="../../../../third_party/tests/ivtest/ivltests/assign_nb1.v.html#l-20" target="file-frame">third_party/tests/ivtest/ivltests/assign_nb1.v:20</a>: Compile module &#34;work@main&#34;.

[INF:EL0526] Design Elaboration...

[NTE:EL0503] <a href="../../../../third_party/tests/ivtest/ivltests/assign_nb1.v.html#l-20" target="file-frame">third_party/tests/ivtest/ivltests/assign_nb1.v:20</a>: Top level module &#34;work@main&#34;.

[NTE:EL0508] Nb Top level modules: 1.

[NTE:EL0509] Max instance depth: 1.

[NTE:EL0510] Nb instances: 1.

[NTE:EL0511] Nb leaf instances: 0.

[  FATAL] : 0
[ SYNTAX] : 0
[  ERROR] : 0
[WARNING] : 1
[   NOTE] : 5
+ verilator-uhdm --uhdm-ast -cc slpp_all/surelog.uhdm -Wno-fatal -Wno-UNOPTFLAT -Wno-BLKANDNBLK --top-module work_main --Mdir vbuild --prefix Vtop --exe -o vmain vmain.cpp
Object: builtin of type 600 (package) @ 0 : ?
Object: work_main of type 32 (module) @ 20 : <a href="../../../../third_party/tests/ivtest/ivltests/assign_nb1.v.html" target="file-frame">third_party/tests/ivtest/ivltests/assign_nb1.v</a>
Object:  of type 24 (initial) @ 0 : ?
Object: work_main of type 4 (begin) @ 27 : <a href="../../../../third_party/tests/ivtest/ivltests/assign_nb1.v.html" target="file-frame">third_party/tests/ivtest/ivltests/assign_nb1.v</a>
Object:  of type 11 (delay_control) @ 28 : <a href="../../../../third_party/tests/ivtest/ivltests/assign_nb1.v.html" target="file-frame">third_party/tests/ivtest/ivltests/assign_nb1.v</a>
Object:  of type 3 (assignment) @ 29 : <a href="../../../../third_party/tests/ivtest/ivltests/assign_nb1.v.html" target="file-frame">third_party/tests/ivtest/ivltests/assign_nb1.v</a>
Object:  of type 7 (constant) @ 29 : <a href="../../../../third_party/tests/ivtest/ivltests/assign_nb1.v.html" target="file-frame">third_party/tests/ivtest/ivltests/assign_nb1.v</a>
Object: x of type 106 (bit_select) @ 29 : <a href="../../../../third_party/tests/ivtest/ivltests/assign_nb1.v.html" target="file-frame">third_party/tests/ivtest/ivltests/assign_nb1.v</a>
Object: i of type 608 (ref_obj) @ 29 : <a href="../../../../third_party/tests/ivtest/ivltests/assign_nb1.v.html" target="file-frame">third_party/tests/ivtest/ivltests/assign_nb1.v</a>
Object:  of type 3 (assignment) @ 30 : <a href="../../../../third_party/tests/ivtest/ivltests/assign_nb1.v.html" target="file-frame">third_party/tests/ivtest/ivltests/assign_nb1.v</a>
Object:  of type 7 (constant) @ 30 : <a href="../../../../third_party/tests/ivtest/ivltests/assign_nb1.v.html" target="file-frame">third_party/tests/ivtest/ivltests/assign_nb1.v</a>
Object: y of type 106 (bit_select) @ 30 : <a href="../../../../third_party/tests/ivtest/ivltests/assign_nb1.v.html" target="file-frame">third_party/tests/ivtest/ivltests/assign_nb1.v</a>
Object: i of type 608 (ref_obj) @ 30 : <a href="../../../../third_party/tests/ivtest/ivltests/assign_nb1.v.html" target="file-frame">third_party/tests/ivtest/ivltests/assign_nb1.v</a>
VPI ERROR: Bad usage of vpi_iterate
Object:  of type 24 (initial) @ 0 : ?
Object: work_main of type 4 (begin) @ 34 : <a href="../../../../third_party/tests/ivtest/ivltests/assign_nb1.v.html" target="file-frame">third_party/tests/ivtest/ivltests/assign_nb1.v</a>
Object:  of type 3 (assignment) @ 35 : <a href="../../../../third_party/tests/ivtest/ivltests/assign_nb1.v.html" target="file-frame">third_party/tests/ivtest/ivltests/assign_nb1.v</a>
Object:  of type 7 (constant) @ 35 : <a href="../../../../third_party/tests/ivtest/ivltests/assign_nb1.v.html" target="file-frame">third_party/tests/ivtest/ivltests/assign_nb1.v</a>
Object: error of type 608 (ref_obj) @ 35 : <a href="../../../../third_party/tests/ivtest/ivltests/assign_nb1.v.html" target="file-frame">third_party/tests/ivtest/ivltests/assign_nb1.v</a>
Object:  of type 11 (delay_control) @ 36 : <a href="../../../../third_party/tests/ivtest/ivltests/assign_nb1.v.html" target="file-frame">third_party/tests/ivtest/ivltests/assign_nb1.v</a>
Object:  of type 3 (assignment) @ 37 : <a href="../../../../third_party/tests/ivtest/ivltests/assign_nb1.v.html" target="file-frame">third_party/tests/ivtest/ivltests/assign_nb1.v</a>
Object:  of type 7 (constant) @ 37 : <a href="../../../../third_party/tests/ivtest/ivltests/assign_nb1.v.html" target="file-frame">third_party/tests/ivtest/ivltests/assign_nb1.v</a>
Object: i of type 608 (ref_obj) @ 37 : <a href="../../../../third_party/tests/ivtest/ivltests/assign_nb1.v.html" target="file-frame">third_party/tests/ivtest/ivltests/assign_nb1.v</a>
Object:  of type 11 (delay_control) @ 38 : <a href="../../../../third_party/tests/ivtest/ivltests/assign_nb1.v.html" target="file-frame">third_party/tests/ivtest/ivltests/assign_nb1.v</a>
Object:  of type 22 (if_stmt) @ 39 : <a href="../../../../third_party/tests/ivtest/ivltests/assign_nb1.v.html" target="file-frame">third_party/tests/ivtest/ivltests/assign_nb1.v</a>
Object:  of type 39 (operation) @ 39 : <a href="../../../../third_party/tests/ivtest/ivltests/assign_nb1.v.html" target="file-frame">third_party/tests/ivtest/ivltests/assign_nb1.v</a>
%Error: 	! Encountered unhandled operation: 17
Object: work_main of type 4 (begin) @ 40 : <a href="../../../../third_party/tests/ivtest/ivltests/assign_nb1.v.html" target="file-frame">third_party/tests/ivtest/ivltests/assign_nb1.v</a>
Object: $display of type 56 (sys_func_call) @ 41 : <a href="../../../../third_party/tests/ivtest/ivltests/assign_nb1.v.html" target="file-frame">third_party/tests/ivtest/ivltests/assign_nb1.v</a>
Object:  of type 7 (constant) @ 41 : <a href="../../../../third_party/tests/ivtest/ivltests/assign_nb1.v.html" target="file-frame">third_party/tests/ivtest/ivltests/assign_nb1.v</a>
Object:  of type 3 (assignment) @ 42 : <a href="../../../../third_party/tests/ivtest/ivltests/assign_nb1.v.html" target="file-frame">third_party/tests/ivtest/ivltests/assign_nb1.v</a>
Object:  of type 7 (constant) @ 42 : <a href="../../../../third_party/tests/ivtest/ivltests/assign_nb1.v.html" target="file-frame">third_party/tests/ivtest/ivltests/assign_nb1.v</a>
Object: error of type 608 (ref_obj) @ 42 : <a href="../../../../third_party/tests/ivtest/ivltests/assign_nb1.v.html" target="file-frame">third_party/tests/ivtest/ivltests/assign_nb1.v</a>
VPI ERROR: Bad usage of vpi_iterate
%Error: Internal Error: ../V3Ast.cpp:343: Null item passed to setOp1p
+ exit 1

</pre>
</body>