<head>
  <style>
    .log { font-family: "Courier New", Consolas, monospace; font-size: 80%; }
    .test-failed { background-color: #ffaaaa; }
    .test-passed { background-color: #aaffaa; }
  </style>
</head>
<body>
<h3><a href="https://github.com/alainmarcel/uhdm-integration" target="_blank">verilator-uhdm</a></h3>
<pre class="test-failed">
description: Test imported from ivtest
rc: 1 (means success: 0)
tags: ivtest
incdirs: /tmpfs/src/github/sv-tests/third_party/tests/ivtest /tmpfs/src/github/sv-tests/third_party/tests/ivtest/ivltests
top_module: 
type: parsing
mode: parsing
files: <a href="../../../../third_party/tests/ivtest/ivltests/ldelay2.v.html" target="file-frame">third_party/tests/ivtest/ivltests/ldelay2.v</a>
defines: 
time_elapsed: 1.174s
ram usage: 36876 KB
</pre>
<pre class="log">

sh /tmpfs/tmp/tmp7ex8ffm4/scr.sh --uhdm-ast -cc slpp_all/surelog.uhdm -Wno-fatal -Wno-UNOPTFLAT -Wno-BLKANDNBLK --top-module work_test --Mdir vbuild --prefix Vtop --exe -o vmain vmain.cpp
+ surelog-uhdm -nopython -nobuiltin -parse -sverilog -I/tmpfs/src/github/sv-tests/third_party/tests/ivtest -I/tmpfs/src/github/sv-tests/third_party/tests/ivtest/ivltests <a href="../../../../third_party/tests/ivtest/ivltests/ldelay2.v.html" target="file-frame">third_party/tests/ivtest/ivltests/ldelay2.v</a>
[INF:CM0023] Creating log file ./slpp_all/surelog.log.

[WRN:PA0205] <a href="../../../../third_party/tests/ivtest/ivltests/ldelay2.v.html#l-24" target="file-frame">third_party/tests/ivtest/ivltests/ldelay2.v:24</a>: No timescale set for &#34;test&#34;.

[INF:CP0300] Compilation...

[INF:CP0303] <a href="../../../../third_party/tests/ivtest/ivltests/ldelay2.v.html#l-24" target="file-frame">third_party/tests/ivtest/ivltests/ldelay2.v:24</a>: Compile module &#34;work@test&#34;.

[INF:EL0526] Design Elaboration...

[NTE:EL0503] <a href="../../../../third_party/tests/ivtest/ivltests/ldelay2.v.html#l-24" target="file-frame">third_party/tests/ivtest/ivltests/ldelay2.v:24</a>: Top level module &#34;work@test&#34;.

[NTE:EL0508] Nb Top level modules: 1.

[NTE:EL0509] Max instance depth: 2.

[NTE:EL0510] Nb instances: 2.

[NTE:EL0511] Nb leaf instances: 1.

[  FATAL] : 0
[ SYNTAX] : 0
[  ERROR] : 0
[WARNING] : 1
[   NOTE] : 5
+ verilator-uhdm --uhdm-ast -cc slpp_all/surelog.uhdm -Wno-fatal -Wno-UNOPTFLAT -Wno-BLKANDNBLK --top-module work_test --Mdir vbuild --prefix Vtop --exe -o vmain vmain.cpp
Object: builtin of type 600 (package) @ 0 : ?
Object: work_test of type 32 (module) @ 24 : <a href="../../../../third_party/tests/ivtest/ivltests/ldelay2.v.html" target="file-frame">third_party/tests/ivtest/ivltests/ldelay2.v</a>
Object:  of type 24 (initial) @ 0 : ?
Object: work_test of type 4 (begin) @ 32 : <a href="../../../../third_party/tests/ivtest/ivltests/ldelay2.v.html" target="file-frame">third_party/tests/ivtest/ivltests/ldelay2.v</a>
Object:  of type 3 (assignment) @ 33 : <a href="../../../../third_party/tests/ivtest/ivltests/ldelay2.v.html" target="file-frame">third_party/tests/ivtest/ivltests/ldelay2.v</a>
Object:  of type 7 (constant) @ 33 : <a href="../../../../third_party/tests/ivtest/ivltests/ldelay2.v.html" target="file-frame">third_party/tests/ivtest/ivltests/ldelay2.v</a>
Object: error of type 608 (ref_obj) @ 33 : <a href="../../../../third_party/tests/ivtest/ivltests/ldelay2.v.html" target="file-frame">third_party/tests/ivtest/ivltests/ldelay2.v</a>
Object:  of type 11 (delay_control) @ 34 : <a href="../../../../third_party/tests/ivtest/ivltests/ldelay2.v.html" target="file-frame">third_party/tests/ivtest/ivltests/ldelay2.v</a>
Object:  of type 13 (event_control) @ 35 : <a href="../../../../third_party/tests/ivtest/ivltests/ldelay2.v.html" target="file-frame">third_party/tests/ivtest/ivltests/ldelay2.v</a>
Object: q of type 608 (ref_obj) @ 35 : <a href="../../../../third_party/tests/ivtest/ivltests/ldelay2.v.html" target="file-frame">third_party/tests/ivtest/ivltests/ldelay2.v</a>
Object:  of type 3 (assignment) @ 36 : <a href="../../../../third_party/tests/ivtest/ivltests/ldelay2.v.html" target="file-frame">third_party/tests/ivtest/ivltests/ldelay2.v</a>
Object:  of type 7 (constant) @ 36 : <a href="../../../../third_party/tests/ivtest/ivltests/ldelay2.v.html" target="file-frame">third_party/tests/ivtest/ivltests/ldelay2.v</a>
Object: error of type 608 (ref_obj) @ 36 : <a href="../../../../third_party/tests/ivtest/ivltests/ldelay2.v.html" target="file-frame">third_party/tests/ivtest/ivltests/ldelay2.v</a>
Object: $display of type 56 (sys_func_call) @ 37 : <a href="../../../../third_party/tests/ivtest/ivltests/ldelay2.v.html" target="file-frame">third_party/tests/ivtest/ivltests/ldelay2.v</a>
Object:  of type 7 (constant) @ 37 : <a href="../../../../third_party/tests/ivtest/ivltests/ldelay2.v.html" target="file-frame">third_party/tests/ivtest/ivltests/ldelay2.v</a>
Object: $time of type 56 (sys_func_call) @ 37 : <a href="../../../../third_party/tests/ivtest/ivltests/ldelay2.v.html" target="file-frame">third_party/tests/ivtest/ivltests/ldelay2.v</a>
Object: q of type 608 (ref_obj) @ 37 : <a href="../../../../third_party/tests/ivtest/ivltests/ldelay2.v.html" target="file-frame">third_party/tests/ivtest/ivltests/ldelay2.v</a>
VPI ERROR: Bad usage of vpi_iterate
Object:  of type 24 (initial) @ 0 : ?
Object: work_test of type 4 (begin) @ 41 : <a href="../../../../third_party/tests/ivtest/ivltests/ldelay2.v.html" target="file-frame">third_party/tests/ivtest/ivltests/ldelay2.v</a>
Object:  of type 3 (assignment) @ 43 : <a href="../../../../third_party/tests/ivtest/ivltests/ldelay2.v.html" target="file-frame">third_party/tests/ivtest/ivltests/ldelay2.v</a>
Object:  of type 7 (constant) @ 43 : <a href="../../../../third_party/tests/ivtest/ivltests/ldelay2.v.html" target="file-frame">third_party/tests/ivtest/ivltests/ldelay2.v</a>
Object: a of type 608 (ref_obj) @ 43 : <a href="../../../../third_party/tests/ivtest/ivltests/ldelay2.v.html" target="file-frame">third_party/tests/ivtest/ivltests/ldelay2.v</a>
Object:  of type 3 (assignment) @ 44 : <a href="../../../../third_party/tests/ivtest/ivltests/ldelay2.v.html" target="file-frame">third_party/tests/ivtest/ivltests/ldelay2.v</a>
Object:  of type 7 (constant) @ 44 : <a href="../../../../third_party/tests/ivtest/ivltests/ldelay2.v.html" target="file-frame">third_party/tests/ivtest/ivltests/ldelay2.v</a>
Object: b of type 608 (ref_obj) @ 44 : <a href="../../../../third_party/tests/ivtest/ivltests/ldelay2.v.html" target="file-frame">third_party/tests/ivtest/ivltests/ldelay2.v</a>
Object:  of type 11 (delay_control) @ 45 : <a href="../../../../third_party/tests/ivtest/ivltests/ldelay2.v.html" target="file-frame">third_party/tests/ivtest/ivltests/ldelay2.v</a>
Object:  of type 3 (assignment) @ 46 : <a href="../../../../third_party/tests/ivtest/ivltests/ldelay2.v.html" target="file-frame">third_party/tests/ivtest/ivltests/ldelay2.v</a>
Object:  of type 7 (constant) @ 46 : <a href="../../../../third_party/tests/ivtest/ivltests/ldelay2.v.html" target="file-frame">third_party/tests/ivtest/ivltests/ldelay2.v</a>
Object: a of type 608 (ref_obj) @ 46 : <a href="../../../../third_party/tests/ivtest/ivltests/ldelay2.v.html" target="file-frame">third_party/tests/ivtest/ivltests/ldelay2.v</a>
Object:  of type 3 (assignment) @ 47 : <a href="../../../../third_party/tests/ivtest/ivltests/ldelay2.v.html" target="file-frame">third_party/tests/ivtest/ivltests/ldelay2.v</a>
Object:  of type 7 (constant) @ 47 : <a href="../../../../third_party/tests/ivtest/ivltests/ldelay2.v.html" target="file-frame">third_party/tests/ivtest/ivltests/ldelay2.v</a>
Object: b of type 608 (ref_obj) @ 47 : <a href="../../../../third_party/tests/ivtest/ivltests/ldelay2.v.html" target="file-frame">third_party/tests/ivtest/ivltests/ldelay2.v</a>
Object:  of type 11 (delay_control) @ 48 : <a href="../../../../third_party/tests/ivtest/ivltests/ldelay2.v.html" target="file-frame">third_party/tests/ivtest/ivltests/ldelay2.v</a>
Object:  of type 3 (assignment) @ 49 : <a href="../../../../third_party/tests/ivtest/ivltests/ldelay2.v.html" target="file-frame">third_party/tests/ivtest/ivltests/ldelay2.v</a>
Object:  of type 7 (constant) @ 49 : <a href="../../../../third_party/tests/ivtest/ivltests/ldelay2.v.html" target="file-frame">third_party/tests/ivtest/ivltests/ldelay2.v</a>
Object: a of type 608 (ref_obj) @ 49 : <a href="../../../../third_party/tests/ivtest/ivltests/ldelay2.v.html" target="file-frame">third_party/tests/ivtest/ivltests/ldelay2.v</a>
Object:  of type 3 (assignment) @ 50 : <a href="../../../../third_party/tests/ivtest/ivltests/ldelay2.v.html" target="file-frame">third_party/tests/ivtest/ivltests/ldelay2.v</a>
Object:  of type 7 (constant) @ 50 : <a href="../../../../third_party/tests/ivtest/ivltests/ldelay2.v.html" target="file-frame">third_party/tests/ivtest/ivltests/ldelay2.v</a>
Object: b of type 608 (ref_obj) @ 50 : <a href="../../../../third_party/tests/ivtest/ivltests/ldelay2.v.html" target="file-frame">third_party/tests/ivtest/ivltests/ldelay2.v</a>
Object:  of type 11 (delay_control) @ 51 : <a href="../../../../third_party/tests/ivtest/ivltests/ldelay2.v.html" target="file-frame">third_party/tests/ivtest/ivltests/ldelay2.v</a>
Object:  of type 22 (if_stmt) @ 52 : <a href="../../../../third_party/tests/ivtest/ivltests/ldelay2.v.html" target="file-frame">third_party/tests/ivtest/ivltests/ldelay2.v</a>
Object:  of type 39 (operation) @ 52 : <a href="../../../../third_party/tests/ivtest/ivltests/ldelay2.v.html" target="file-frame">third_party/tests/ivtest/ivltests/ldelay2.v</a>
Object: error of type 608 (ref_obj) @ 52 : <a href="../../../../third_party/tests/ivtest/ivltests/ldelay2.v.html" target="file-frame">third_party/tests/ivtest/ivltests/ldelay2.v</a>
Object: $display of type 56 (sys_func_call) @ 53 : <a href="../../../../third_party/tests/ivtest/ivltests/ldelay2.v.html" target="file-frame">third_party/tests/ivtest/ivltests/ldelay2.v</a>
Object:  of type 7 (constant) @ 53 : <a href="../../../../third_party/tests/ivtest/ivltests/ldelay2.v.html" target="file-frame">third_party/tests/ivtest/ivltests/ldelay2.v</a>
VPI ERROR: Bad usage of vpi_iterate
Object: q of type 36 (logic_net) @ 26 : <a href="../../../../third_party/tests/ivtest/ivltests/ldelay2.v.html" target="file-frame">third_party/tests/ivtest/ivltests/ldelay2.v</a>
Object: a of type 36 (logic_net) @ 27 : <a href="../../../../third_party/tests/ivtest/ivltests/ldelay2.v.html" target="file-frame">third_party/tests/ivtest/ivltests/ldelay2.v</a>
Object: b of type 36 (logic_net) @ 27 : <a href="../../../../third_party/tests/ivtest/ivltests/ldelay2.v.html" target="file-frame">third_party/tests/ivtest/ivltests/ldelay2.v</a>
Object: error of type 36 (logic_net) @ 30 : <a href="../../../../third_party/tests/ivtest/ivltests/ldelay2.v.html" target="file-frame">third_party/tests/ivtest/ivltests/ldelay2.v</a>
Object: work_test of type 32 (module) @ 24 : <a href="../../../../third_party/tests/ivtest/ivltests/ldelay2.v.html" target="file-frame">third_party/tests/ivtest/ivltests/ldelay2.v</a>
Object: work_test.work_xor of type 21 (gate) @ 28 : <a href="../../../../third_party/tests/ivtest/ivltests/ldelay2.v.html" target="file-frame">third_party/tests/ivtest/ivltests/ldelay2.v</a>
%Error: 	! Unhandled type: 21
Object: q of type 36 (logic_net) @ 26 : <a href="../../../../third_party/tests/ivtest/ivltests/ldelay2.v.html" target="file-frame">third_party/tests/ivtest/ivltests/ldelay2.v</a>
Object: a of type 36 (logic_net) @ 27 : <a href="../../../../third_party/tests/ivtest/ivltests/ldelay2.v.html" target="file-frame">third_party/tests/ivtest/ivltests/ldelay2.v</a>
Object: b of type 36 (logic_net) @ 27 : <a href="../../../../third_party/tests/ivtest/ivltests/ldelay2.v.html" target="file-frame">third_party/tests/ivtest/ivltests/ldelay2.v</a>
Object: error of type 36 (logic_net) @ 30 : <a href="../../../../third_party/tests/ivtest/ivltests/ldelay2.v.html" target="file-frame">third_party/tests/ivtest/ivltests/ldelay2.v</a>
%Error: Exiting due to 1 error(s)
+ exit 1

</pre>
</body>