<head>
  <style>
    .log { font-family: "Courier New", Consolas, monospace; font-size: 80%; }
    .test-failed { background-color: #ffaaaa; }
    .test-passed { background-color: #aaffaa; }
  </style>
</head>
<body>
<h3><a href="https://github.com/alainmarcel/uhdm-integration" target="_blank">verilator-uhdm</a></h3>
<pre class="test-failed">
description: Test imported from ivtest
rc: 1 (means success: 0)
tags: ivtest
incdirs: /tmpfs/src/github/sv-tests/third_party/tests/ivtest /tmpfs/src/github/sv-tests/third_party/tests/ivtest/ivltests
top_module: 
type: parsing
mode: parsing
files: <a href="../../../../third_party/tests/ivtest/ivltests/task3.14C.v.html" target="file-frame">third_party/tests/ivtest/ivltests/task3.14C.v</a>
defines: 
time_elapsed: 0.865s
ram usage: 36988 KB
</pre>
<pre class="log">

sh /tmpfs/tmp/tmpop26euh2/scr.sh --uhdm-ast -cc slpp_all/surelog.uhdm -Wno-fatal -Wno-UNOPTFLAT -Wno-BLKANDNBLK --top-module work_main --Mdir vbuild --prefix Vtop --exe -o vmain vmain.cpp
+ surelog-uhdm -nopython -nobuiltin -parse -sverilog -I/tmpfs/src/github/sv-tests/third_party/tests/ivtest -I/tmpfs/src/github/sv-tests/third_party/tests/ivtest/ivltests <a href="../../../../third_party/tests/ivtest/ivltests/task3.14C.v.html" target="file-frame">third_party/tests/ivtest/ivltests/task3.14C.v</a>
[INF:CM0023] Creating log file ./slpp_all/surelog.log.

[WRN:PA0205] <a href="../../../../third_party/tests/ivtest/ivltests/task3.14C.v.html#l-22" target="file-frame">third_party/tests/ivtest/ivltests/task3.14C.v:22</a>: No timescale set for &#34;main&#34;.

[INF:CP0300] Compilation...

[INF:CP0303] <a href="../../../../third_party/tests/ivtest/ivltests/task3.14C.v.html#l-22" target="file-frame">third_party/tests/ivtest/ivltests/task3.14C.v:22</a>: Compile module &#34;work@main&#34;.

[INF:EL0526] Design Elaboration...

[NTE:EL0503] <a href="../../../../third_party/tests/ivtest/ivltests/task3.14C.v.html#l-22" target="file-frame">third_party/tests/ivtest/ivltests/task3.14C.v:22</a>: Top level module &#34;work@main&#34;.

[NTE:EL0508] Nb Top level modules: 1.

[NTE:EL0509] Max instance depth: 1.

[NTE:EL0510] Nb instances: 1.

[NTE:EL0511] Nb leaf instances: 0.

[  FATAL] : 0
[ SYNTAX] : 0
[  ERROR] : 0
[WARNING] : 1
[   NOTE] : 5
+ verilator-uhdm --uhdm-ast -cc slpp_all/surelog.uhdm -Wno-fatal -Wno-UNOPTFLAT -Wno-BLKANDNBLK --top-module work_main --Mdir vbuild --prefix Vtop --exe -o vmain vmain.cpp
VPI ERROR: Bad usage of vpi_handle
VPI ERROR: Bad usage of vpi_handle
VPI ERROR: Bad usage of vpi_handle
VPI ERROR: Bad usage of vpi_handle
VPI ERROR: Bad usage of vpi_handle
VPI ERROR: Bad usage of vpi_handle
VPI ERROR: Bad usage of vpi_handle
VPI ERROR: Bad usage of vpi_handle
Object: builtin of type 600 (package) @ 0 : ?
Object: work_main of type 32 (module) @ 22 : <a href="../../../../third_party/tests/ivtest/ivltests/task3.14C.v.html" target="file-frame">third_party/tests/ivtest/ivltests/task3.14C.v</a>
Object:  of type 24 (initial) @ 0 : ?
Object: work_main of type 4 (begin) @ 35 : <a href="../../../../third_party/tests/ivtest/ivltests/task3.14C.v.html" target="file-frame">third_party/tests/ivtest/ivltests/task3.14C.v</a>
Object:  of type 3 (assignment) @ 36 : <a href="../../../../third_party/tests/ivtest/ivltests/task3.14C.v.html" target="file-frame">third_party/tests/ivtest/ivltests/task3.14C.v</a>
Object:  of type 7 (constant) @ 36 : <a href="../../../../third_party/tests/ivtest/ivltests/task3.14C.v.html" target="file-frame">third_party/tests/ivtest/ivltests/task3.14C.v</a>
Object: error of type 608 (ref_obj) @ 36 : <a href="../../../../third_party/tests/ivtest/ivltests/task3.14C.v.html" target="file-frame">third_party/tests/ivtest/ivltests/task3.14C.v</a>
Object: my_task of type 60 (task_call) @ 37 : <a href="../../../../third_party/tests/ivtest/ivltests/task3.14C.v.html" target="file-frame">third_party/tests/ivtest/ivltests/task3.14C.v</a>
Object:  of type 22 (if_stmt) @ 38 : <a href="../../../../third_party/tests/ivtest/ivltests/task3.14C.v.html" target="file-frame">third_party/tests/ivtest/ivltests/task3.14C.v</a>
Object:  of type 39 (operation) @ 38 : <a href="../../../../third_party/tests/ivtest/ivltests/task3.14C.v.html" target="file-frame">third_party/tests/ivtest/ivltests/task3.14C.v</a>
Object: globvar of type 608 (ref_obj) @ 38 : <a href="../../../../third_party/tests/ivtest/ivltests/task3.14C.v.html" target="file-frame">third_party/tests/ivtest/ivltests/task3.14C.v</a>
Object: work_main of type 4 (begin) @ 39 : <a href="../../../../third_party/tests/ivtest/ivltests/task3.14C.v.html" target="file-frame">third_party/tests/ivtest/ivltests/task3.14C.v</a>
Object: $display of type 56 (sys_func_call) @ 40 : <a href="../../../../third_party/tests/ivtest/ivltests/task3.14C.v.html" target="file-frame">third_party/tests/ivtest/ivltests/task3.14C.v</a>
Object:  of type 7 (constant) @ 40 : <a href="../../../../third_party/tests/ivtest/ivltests/task3.14C.v.html" target="file-frame">third_party/tests/ivtest/ivltests/task3.14C.v</a>
Object:  of type 3 (assignment) @ 41 : <a href="../../../../third_party/tests/ivtest/ivltests/task3.14C.v.html" target="file-frame">third_party/tests/ivtest/ivltests/task3.14C.v</a>
Object:  of type 7 (constant) @ 41 : <a href="../../../../third_party/tests/ivtest/ivltests/task3.14C.v.html" target="file-frame">third_party/tests/ivtest/ivltests/task3.14C.v</a>
Object: error of type 608 (ref_obj) @ 41 : <a href="../../../../third_party/tests/ivtest/ivltests/task3.14C.v.html" target="file-frame">third_party/tests/ivtest/ivltests/task3.14C.v</a>
VPI ERROR: Bad usage of vpi_iterate
Object:  of type 3 (assignment) @ 44 : <a href="../../../../third_party/tests/ivtest/ivltests/task3.14C.v.html" target="file-frame">third_party/tests/ivtest/ivltests/task3.14C.v</a>
Object:  of type 7 (constant) @ 44 : <a href="../../../../third_party/tests/ivtest/ivltests/task3.14C.v.html" target="file-frame">third_party/tests/ivtest/ivltests/task3.14C.v</a>
Object: in1 of type 608 (ref_obj) @ 44 : <a href="../../../../third_party/tests/ivtest/ivltests/task3.14C.v.html" target="file-frame">third_party/tests/ivtest/ivltests/task3.14C.v</a>
Object: my_task of type 60 (task_call) @ 45 : <a href="../../../../third_party/tests/ivtest/ivltests/task3.14C.v.html" target="file-frame">third_party/tests/ivtest/ivltests/task3.14C.v</a>
Object:  of type 22 (if_stmt) @ 46 : <a href="../../../../third_party/tests/ivtest/ivltests/task3.14C.v.html" target="file-frame">third_party/tests/ivtest/ivltests/task3.14C.v</a>
Object:  of type 39 (operation) @ 46 : <a href="../../../../third_party/tests/ivtest/ivltests/task3.14C.v.html" target="file-frame">third_party/tests/ivtest/ivltests/task3.14C.v</a>
Object: globvar of type 608 (ref_obj) @ 46 : <a href="../../../../third_party/tests/ivtest/ivltests/task3.14C.v.html" target="file-frame">third_party/tests/ivtest/ivltests/task3.14C.v</a>
Object: work_main of type 4 (begin) @ 47 : <a href="../../../../third_party/tests/ivtest/ivltests/task3.14C.v.html" target="file-frame">third_party/tests/ivtest/ivltests/task3.14C.v</a>
Object: $display of type 56 (sys_func_call) @ 48 : <a href="../../../../third_party/tests/ivtest/ivltests/task3.14C.v.html" target="file-frame">third_party/tests/ivtest/ivltests/task3.14C.v</a>
Object:  of type 7 (constant) @ 48 : <a href="../../../../third_party/tests/ivtest/ivltests/task3.14C.v.html" target="file-frame">third_party/tests/ivtest/ivltests/task3.14C.v</a>
Object:  of type 3 (assignment) @ 49 : <a href="../../../../third_party/tests/ivtest/ivltests/task3.14C.v.html" target="file-frame">third_party/tests/ivtest/ivltests/task3.14C.v</a>
Object:  of type 7 (constant) @ 49 : <a href="../../../../third_party/tests/ivtest/ivltests/task3.14C.v.html" target="file-frame">third_party/tests/ivtest/ivltests/task3.14C.v</a>
Object: error of type 608 (ref_obj) @ 49 : <a href="../../../../third_party/tests/ivtest/ivltests/task3.14C.v.html" target="file-frame">third_party/tests/ivtest/ivltests/task3.14C.v</a>
VPI ERROR: Bad usage of vpi_iterate
Object:  of type 22 (if_stmt) @ 51 : <a href="../../../../third_party/tests/ivtest/ivltests/task3.14C.v.html" target="file-frame">third_party/tests/ivtest/ivltests/task3.14C.v</a>
Object:  of type 39 (operation) @ 51 : <a href="../../../../third_party/tests/ivtest/ivltests/task3.14C.v.html" target="file-frame">third_party/tests/ivtest/ivltests/task3.14C.v</a>
Object: error of type 608 (ref_obj) @ 51 : <a href="../../../../third_party/tests/ivtest/ivltests/task3.14C.v.html" target="file-frame">third_party/tests/ivtest/ivltests/task3.14C.v</a>
Object:  of type 7 (constant) @ 51 : <a href="../../../../third_party/tests/ivtest/ivltests/task3.14C.v.html" target="file-frame">third_party/tests/ivtest/ivltests/task3.14C.v</a>
Object: $display of type 56 (sys_func_call) @ 52 : <a href="../../../../third_party/tests/ivtest/ivltests/task3.14C.v.html" target="file-frame">third_party/tests/ivtest/ivltests/task3.14C.v</a>
Object:  of type 7 (constant) @ 52 : <a href="../../../../third_party/tests/ivtest/ivltests/task3.14C.v.html" target="file-frame">third_party/tests/ivtest/ivltests/task3.14C.v</a>
VPI ERROR: Bad usage of vpi_iterate
Object: my_task of type 59 (task) @ 28 : <a href="../../../../third_party/tests/ivtest/ivltests/task3.14C.v.html" target="file-frame">third_party/tests/ivtest/ivltests/task3.14C.v</a>
Object: in1 of type 28 (io_decl) @ 29 : <a href="../../../../third_party/tests/ivtest/ivltests/task3.14C.v.html" target="file-frame">third_party/tests/ivtest/ivltests/task3.14C.v</a>
Object: out1 of type 28 (io_decl) @ 30 : <a href="../../../../third_party/tests/ivtest/ivltests/task3.14C.v.html" target="file-frame">third_party/tests/ivtest/ivltests/task3.14C.v</a>
Object:  of type 3 (assignment) @ 31 : <a href="../../../../third_party/tests/ivtest/ivltests/task3.14C.v.html" target="file-frame">third_party/tests/ivtest/ivltests/task3.14C.v</a>
Object: in1 of type 608 (ref_obj) @ 31 : <a href="../../../../third_party/tests/ivtest/ivltests/task3.14C.v.html" target="file-frame">third_party/tests/ivtest/ivltests/task3.14C.v</a>
Object: out1 of type 608 (ref_obj) @ 31 : <a href="../../../../third_party/tests/ivtest/ivltests/task3.14C.v.html" target="file-frame">third_party/tests/ivtest/ivltests/task3.14C.v</a>
Object: globvar of type 36 (logic_net) @ 24 : <a href="../../../../third_party/tests/ivtest/ivltests/task3.14C.v.html" target="file-frame">third_party/tests/ivtest/ivltests/task3.14C.v</a>
Object: in1 of type 36 (logic_net) @ 25 : <a href="../../../../third_party/tests/ivtest/ivltests/task3.14C.v.html" target="file-frame">third_party/tests/ivtest/ivltests/task3.14C.v</a>
Object: error of type 36 (logic_net) @ 26 : <a href="../../../../third_party/tests/ivtest/ivltests/task3.14C.v.html" target="file-frame">third_party/tests/ivtest/ivltests/task3.14C.v</a>
Object: work_main of type 32 (module) @ 22 : <a href="../../../../third_party/tests/ivtest/ivltests/task3.14C.v.html" target="file-frame">third_party/tests/ivtest/ivltests/task3.14C.v</a>
Object: globvar of type 36 (logic_net) @ 24 : <a href="../../../../third_party/tests/ivtest/ivltests/task3.14C.v.html" target="file-frame">third_party/tests/ivtest/ivltests/task3.14C.v</a>
Object: in1 of type 36 (logic_net) @ 25 : <a href="../../../../third_party/tests/ivtest/ivltests/task3.14C.v.html" target="file-frame">third_party/tests/ivtest/ivltests/task3.14C.v</a>
Object: error of type 36 (logic_net) @ 26 : <a href="../../../../third_party/tests/ivtest/ivltests/task3.14C.v.html" target="file-frame">third_party/tests/ivtest/ivltests/task3.14C.v</a>
%Error: Missing argument on non-defaulted argument &#39;in1&#39; in function call to TASK &#39;my_task&#39;
                : ... In instance work_main
%Error: Missing argument on non-defaulted argument &#39;out1&#39; in function call to TASK &#39;my_task&#39;
                : ... In instance work_main
%Error: Exiting due to 2 error(s)
+ exit 1

</pre>
</body>