<head>
  <style>
    .log { font-family: "Courier New", Consolas, monospace; font-size: 80%; }
    .test-failed { background-color: #ffaaaa; }
    .test-passed { background-color: #aaffaa; }
  </style>
</head>
<body>
<h3><a href="https://github.com/MikePopoloski/slang" target="_blank">slang</a></h3>
<pre class="test-failed">
description: Tests imported from yosys
rc: 1 (means success: 0)
tags: yosys
incdirs: /tmpfs/src/github/sv-tests/tests/generated/yosys_hana
top_module: 
type: parsing
mode: parsing
files: <a href="../../../../third_party/tools/yosys/tests/hana/test_parser.v.html" target="file-frame">third_party/tools/yosys/tests/hana/test_parser.v</a> <a href="../../../../third_party/tools/yosys/tests/hana/hana_vlib.v.html" target="file-frame">third_party/tools/yosys/tests/hana/hana_vlib.v</a>
defines: 
time_elapsed: 0.008s
ram usage: 9132 KB
</pre>
<pre class="log">

slang-driver --single-unit -I /tmpfs/src/github/sv-tests/tests/generated/yosys_hana <a href="../../../../third_party/tools/yosys/tests/hana/test_parser.v.html" target="file-frame">third_party/tools/yosys/tests/hana/test_parser.v</a> <a href="../../../../third_party/tools/yosys/tests/hana/hana_vlib.v.html" target="file-frame">third_party/tools/yosys/tests/hana/hana_vlib.v</a>
Top level design units:
    ADD1
    ADD16
    ADD2
    ADD32
    ADD4
    ADD64
    ADD8
    AND2
    AND3
    AND4
    BUF
    CMP1
    CMP16
    CMP2
    CMP32
    CMP4
    CMP64
    CMP8
    DEC1
    DEC2
    DEC3
    DEC4
    DEC5
    DEC6
    DIV1
    DIV16
    DIV2
    DIV32
    DIV4
    DIV64
    DIV8
    FF
    GND
    INC1
    INC16
    INC2
    INC32
    INC4
    INC64
    INC8
    INV
    LATCH
    LSHIFT1
    LSHIFT16
    LSHIFT2
    LSHIFT32
    LSHIFT4
    LSHIFT64
    LSHIFT8
    MUL1
    MUL16
    MUL2
    MUL32
    MUL4
    MUL64
    MUL8
    MUX16
    MUX2
    MUX32
    MUX4
    MUX64
    MUX8
    NAND2
    NAND3
    NAND4
    NOR2
    NOR3
    NOR4
    OR2
    OR3
    OR4
    RFF
    RLATCH
    RSFF
    RSHIFT1
    RSHIFT16
    RSHIFT2
    RSHIFT32
    RSHIFT4
    RSHIFT64
    RSHIFT8
    SFF
    SRFF
    SUB1
    SUB16
    SUB2
    SUB32
    SUB4
    SUB64
    SUB8
    TRIBUF
    VCC
    XNOR2
    XNOR3
    XNOR4
    XOR2
    XOR3
    XOR4
    f1_test
    f2_test
    f3_test
    f4_
    f5_fulladd4
    f5_ternaryop
    f5_test
    f6_adder
    f7_test

../../src/github/sv-tests/third_party/tools/yosys/tests/hana/test_parser.v:33:11: error: expected &#39;;&#39;
module f4_`parvez();
          ^
../../src/github/sv-tests/third_party/tools/yosys/tests/hana/test_parser.v:33:11: error: expected hierarchical instantiation
module f4_`parvez();
          ^
../../src/github/sv-tests/third_party/tools/yosys/tests/hana/test_parser.v:29:21: note: expanded from macro &#39;parvez&#39;
`define parvez ahmad
                    ^
../../src/github/sv-tests/third_party/tools/yosys/tests/hana/test_parser.v:33:11: error: unknown module &#39;ahmad&#39;
module f4_`parvez();
          ^~~~~~~
../../src/github/sv-tests/third_party/tools/yosys/tests/hana/test_parser.v:29:16: note: expanded from macro &#39;parvez&#39;
`define parvez ahmad
               ^~~~~

Build failed: 3 errors, 0 warnings

</pre>
</body>