<head>
  <style>
    .log { font-family: "Courier New", Consolas, monospace; font-size: 80%; }
    .test-failed { background-color: #ffaaaa; }
    .test-passed { background-color: #aaffaa; }
  </style>
</head>
<body>
<h3><a href="https://github.com/MikePopoloski/slang" target="_blank">slang</a></h3>
<pre class="test-failed">
description: Tests imported from utd-sv
rc: 1 (means success: 0)
tags: utd-sv
incdirs: /tmpfs/src/github/sv-tests/third_party/tests/utd-sv
top_module: 
type: parsing
mode: parsing
files: <a href="../../../../third_party/tests/utd-sv/scbuf.v.html" target="file-frame">third_party/tests/utd-sv/scbuf.v</a>
defines: 
time_elapsed: 0.012s
ram usage: 9044 KB
</pre>
<pre class="log">

slang-driver --single-unit -I /tmpfs/src/github/sv-tests/third_party/tests/utd-sv <a href="../../../../third_party/tests/utd-sv/scbuf.v.html" target="file-frame">third_party/tests/utd-sv/scbuf.v</a>
Top level design units:
    scbuf

../../src/github/sv-tests/third_party/tests/utd-sv/scbuf.v:200:1: error: unknown module &#39;bw_clk_cl_scbuf_cmp&#39;
bw_clk_cl_scbuf_cmp  header(.cluster_grst_l(scbuf_grst_l),
^~~~~~~~~~~~~~~~~~~
../../src/github/sv-tests/third_party/tests/utd-sv/scbuf.v:213:1: error: unknown module &#39;test_stub_scan&#39;
test_stub_scan tstub
^~~~~~~~~~~~~~
../../src/github/sv-tests/third_party/tests/utd-sv/scbuf.v:242:1: error: unknown module &#39;scbuf_slowsig_buf&#39;
scbuf_slowsig_buf slowsig_buf1
^~~~~~~~~~~~~~~~~
../../src/github/sv-tests/third_party/tests/utd-sv/scbuf.v:256:1: error: unknown module &#39;scbuf_slowsig_buf&#39;
scbuf_slowsig_buf slowsig_buf2
^~~~~~~~~~~~~~~~~
../../src/github/sv-tests/third_party/tests/utd-sv/scbuf.v:270:1: error: unknown module &#39;scbuf_slowsig_buf&#39;
scbuf_slowsig_buf slowsig_buf3
^~~~~~~~~~~~~~~~~
../../src/github/sv-tests/third_party/tests/utd-sv/scbuf.v:286:1: error: unknown module &#39;scbuf_sig_buf&#39;
scbuf_sig_buf scbuf_sig_buf
^~~~~~~~~~~~~
../../src/github/sv-tests/third_party/tests/utd-sv/scbuf.v:307:1: error: unknown module &#39;scbuf_fbd&#39;
scbuf_fbd fbd
^~~~~~~~~
../../src/github/sv-tests/third_party/tests/utd-sv/scbuf.v:344:1: error: unknown module &#39;bw_r_rf16x160&#39;
bw_r_rf16x160  fb_array4
^~~~~~~~~~~~~
../../src/github/sv-tests/third_party/tests/utd-sv/scbuf.v:445:1: error: unknown module &#39;bw_r_rf16x160&#39;
bw_r_rf16x160  fb_array3
^~~~~~~~~~~~~
../../src/github/sv-tests/third_party/tests/utd-sv/scbuf.v:546:1: error: unknown module &#39;bw_r_rf16x160&#39;
bw_r_rf16x160  fb_array2
^~~~~~~~~~~~~
../../src/github/sv-tests/third_party/tests/utd-sv/scbuf.v:647:1: error: unknown module &#39;bw_r_rf16x160&#39;
bw_r_rf16x160  fb_array1
^~~~~~~~~~~~~
../../src/github/sv-tests/third_party/tests/utd-sv/scbuf.v:750:1: error: unknown module &#39;scbuf_rdmard&#39;
scbuf_rdmard rdmard
^~~~~~~~~~~~
../../src/github/sv-tests/third_party/tests/utd-sv/scbuf.v:772:1: error: unknown module &#39;bw_r_rf16x160&#39;
bw_r_rf16x160  wb_array4
^~~~~~~~~~~~~
../../src/github/sv-tests/third_party/tests/utd-sv/scbuf.v:872:1: error: unknown module &#39;bw_r_rf16x160&#39;
bw_r_rf16x160  wb_array3
^~~~~~~~~~~~~
../../src/github/sv-tests/third_party/tests/utd-sv/scbuf.v:972:1: error: unknown module &#39;bw_r_rf16x160&#39;
bw_r_rf16x160  wb_array2
^~~~~~~~~~~~~
../../src/github/sv-tests/third_party/tests/utd-sv/scbuf.v:1072:1: error: unknown module &#39;bw_r_rf16x160&#39;
bw_r_rf16x160  wb_array1
^~~~~~~~~~~~~
../../src/github/sv-tests/third_party/tests/utd-sv/scbuf.v:1174:1: error: unknown module &#39;scbuf_evict&#39;
scbuf_evict evict
^~~~~~~~~~~
../../src/github/sv-tests/third_party/tests/utd-sv/scbuf.v:1243:1: error: unknown module &#39;bw_r_rf16x160&#39;
bw_r_rf16x160  rdma_array4
^~~~~~~~~~~~~
../../src/github/sv-tests/third_party/tests/utd-sv/scbuf.v:1344:1: error: unknown module &#39;bw_r_rf16x160&#39;
bw_r_rf16x160  rdma_array3
^~~~~~~~~~~~~
../../src/github/sv-tests/third_party/tests/utd-sv/scbuf.v:1445:1: error: unknown module &#39;bw_r_rf16x160&#39;
bw_r_rf16x160  rdma_array2
^~~~~~~~~~~~~
fatal error: too many errors emitted, stopping now [--error-limit=]

Build failed: 20 errors, 0 warnings

</pre>
</body>