<head>
  <style>
    .log { font-family: "Courier New", Consolas, monospace; font-size: 80%; }
    .test-failed { background-color: #ffaaaa; }
    .test-passed { background-color: #aaffaa; }
  </style>
</head>
<body>
<h3><a href="https://github.com/MikePopoloski/slang" target="_blank">slang</a></h3>
<pre class="test-failed">
description: Tests imported from utd-sv
rc: 1 (means success: 0)
tags: utd-sv
incdirs: /tmpfs/src/github/sv-tests/third_party/tests/utd-sv
top_module: 
type: parsing
mode: parsing
files: <a href="../../../../third_party/tests/utd-sv/spu_mast.v.html" target="file-frame">third_party/tests/utd-sv/spu_mast.v</a>
defines: 
time_elapsed: 0.005s
ram usage: 9044 KB
</pre>
<pre class="log">

slang-driver --single-unit -I /tmpfs/src/github/sv-tests/third_party/tests/utd-sv <a href="../../../../third_party/tests/utd-sv/spu_mast.v.html" target="file-frame">third_party/tests/utd-sv/spu_mast.v</a>
Top level design units:
    spu_mast

../../src/github/sv-tests/third_party/tests/utd-sv/spu_mast.v:93:1: error: unknown module &#39;dff_s&#39;
dff_s    #(1) streq_ack_ff (
^~~~~
../../src/github/sv-tests/third_party/tests/utd-sv/spu_mast.v:108:1: error: unknown module &#39;dffre_s&#39;
dffre_s    #(1) spu_mast_done_ff (
^~~~~~~
../../src/github/sv-tests/third_party/tests/utd-sv/spu_mast.v:127:1: error: unknown module &#39;dff_s&#39;
dff_s    #(1) spu_mast_done_wen_ff (
^~~~~
../../src/github/sv-tests/third_party/tests/utd-sv/spu_mast.v:132:1: error: unknown module &#39;dffre_s&#39;
dffre_s    #(1) spu_mast_done_stack_ff (
^~~~~~~
../../src/github/sv-tests/third_party/tests/utd-sv/spu_mast.v:138:55: error: use of undeclared identifier &#39;spu_mast_done_set_stack&#39;; did you mean &#39;spu_mast_done_set_q&#39;?
assign ok_to_signal_cmplt = spu_wen_allma_stacks_ok &amp; spu_mast_done_set_stack;
                                                      ^~~~~~~~~~~~~~~~~~~~~~~
../../src/github/sv-tests/third_party/tests/utd-sv/spu_mast.v:106:6: note: declared here
wire spu_mast_done_set_q;
     ^
../../src/github/sv-tests/third_party/tests/utd-sv/spu_mast.v:149:1: error: unknown module &#39;dff_s&#39;
dff_s    #(1) idle_state_ff (
^~~~~
../../src/github/sv-tests/third_party/tests/utd-sv/spu_mast.v:154:1: error: unknown module &#39;dffr_s&#39;
dffr_s  #(1) rdmem_state_ff (
^~~~~~
../../src/github/sv-tests/third_party/tests/utd-sv/spu_mast.v:159:1: error: unknown module &#39;dffr_s&#39;
dffr_s  #(1) wait4stdrain_state_ff (
^~~~~~
../../src/github/sv-tests/third_party/tests/utd-sv/spu_mast.v:164:1: error: unknown module &#39;dffr_s&#39;
dffr_s  #(1) laststreq_state_ff (
^~~~~~
../../src/github/sv-tests/third_party/tests/utd-sv/spu_mast.v:184:6: error: use of undeclared identifier &#39;cur_wait4stdrain_state&#39;; did you mean &#39;nxt_wait4stdrain_state&#39;?
			((cur_wait4stdrain_state &amp; ~len_neqz &amp; rd_cntr_q[0]) |
			  ^~~~~~~~~~~~~~~~~~~~~~
../../src/github/sv-tests/third_party/tests/utd-sv/spu_mast.v:218:8: note: declared here
assign nxt_wait4stdrain_state = (
       ^
../../src/github/sv-tests/third_party/tests/utd-sv/spu_mast.v:185:6: error: use of undeclared identifier &#39;cur_laststreq_state&#39;; did you mean &#39;nxt_laststreq_state&#39;?
			  cur_laststreq_state) &amp; streq_ack ; 
			  ^~~~~~~~~~~~~~~~~~~
../../src/github/sv-tests/third_party/tests/utd-sv/spu_mast.v:230:8: note: declared here
assign nxt_laststreq_state = (
       ^
../../src/github/sv-tests/third_party/tests/utd-sv/spu_mast.v:188:9: error: identifier &#39;nxt_idle_state&#39; used before its declaration
assign  nxt_idle_state = (
        ^~~~~~~~~~~~~~
../../src/github/sv-tests/third_party/tests/utd-sv/spu_mast.v:188:9: note: declared here
assign  nxt_idle_state = (
        ^
../../src/github/sv-tests/third_party/tests/utd-sv/spu_mast.v:190:27: error: use of undeclared identifier &#39;cur_idle_state&#39;; did you mean &#39;nxt_idle_state&#39;?
                         (cur_idle_state &amp; ~start_stop));
                          ^~~~~~~~~~~~~~
../../src/github/sv-tests/third_party/tests/utd-sv/spu_mast.v:188:9: note: declared here
assign  nxt_idle_state = (
        ^
../../src/github/sv-tests/third_party/tests/utd-sv/spu_mast.v:193:26: error: use of undeclared identifier &#39;cur_idle_state&#39;; did you mean &#39;nxt_idle_state&#39;?
wire tr2rdmem_frm_idle = cur_idle_state &amp; start_stop;
                         ^~~~~~~~~~~~~~
../../src/github/sv-tests/third_party/tests/utd-sv/spu_mast.v:188:9: note: declared here
assign  nxt_idle_state = (
        ^
../../src/github/sv-tests/third_party/tests/utd-sv/spu_mast.v:198:1: error: unknown module &#39;dff_s&#39;
dff_s    #(1) dly_tr2rdmem_frm_idle_ff (
^~~~~
../../src/github/sv-tests/third_party/tests/utd-sv/spu_mast.v:207:36: error: use of undeclared identifier &#39;cur_wait4stdrain_state&#39;; did you mean &#39;nxt_wait4stdrain_state&#39;?
assign tr2rdmem_frm_wait4stdrain = cur_wait4stdrain_state &amp; 
                                   ^~~~~~~~~~~~~~~~~~~~~~
../../src/github/sv-tests/third_party/tests/utd-sv/spu_mast.v:218:8: note: declared here
assign nxt_wait4stdrain_state = (
       ^
../../src/github/sv-tests/third_party/tests/utd-sv/spu_mast.v:211:9: error: identifier &#39;nxt_rdmem_state&#39; used before its declaration
assign  nxt_rdmem_state = (
        ^~~~~~~~~~~~~~~
../../src/github/sv-tests/third_party/tests/utd-sv/spu_mast.v:211:9: note: declared here
assign  nxt_rdmem_state = (
        ^
../../src/github/sv-tests/third_party/tests/utd-sv/spu_mast.v:218:8: error: identifier &#39;nxt_wait4stdrain_state&#39; used before its declaration
assign nxt_wait4stdrain_state = (
       ^~~~~~~~~~~~~~~~~~~~~~
../../src/github/sv-tests/third_party/tests/utd-sv/spu_mast.v:218:8: note: declared here
assign nxt_wait4stdrain_state = (
       ^
../../src/github/sv-tests/third_party/tests/utd-sv/spu_mast.v:219:26: error: use of undeclared identifier &#39;cur_rdmem_state&#39;; did you mean &#39;nxt_rdmem_state&#39;?
                         cur_rdmem_state |
                         ^~~~~~~~~~~~~~~
../../src/github/sv-tests/third_party/tests/utd-sv/spu_mast.v:211:9: note: declared here
assign  nxt_rdmem_state = (
        ^
../../src/github/sv-tests/third_party/tests/utd-sv/spu_mast.v:220:6: error: use of undeclared identifier &#39;cur_wait4stdrain_state&#39;; did you mean &#39;nxt_wait4stdrain_state&#39;?
			 (cur_wait4stdrain_state &amp; ~(streq_ack | (spu_mast_allow_rdmem &amp; 
			  ^~~~~~~~~~~~~~~~~~~~~~
../../src/github/sv-tests/third_party/tests/utd-sv/spu_mast.v:218:8: note: declared here
assign nxt_wait4stdrain_state = (
       ^
fatal error: too many errors emitted, stopping now [--error-limit=]

Build failed: 20 errors, 0 warnings

</pre>
</body>