<head>
  <style>
    .log { font-family: "Courier New", Consolas, monospace; font-size: 80%; }
    .test-failed { background-color: #ffaaaa; }
    .test-passed { background-color: #aaffaa; }
  </style>
</head>
<body>
<h3><a href="https://github.com/MikePopoloski/slang" target="_blank">slang</a></h3>
<pre class="test-failed">
description: Tests imported from utd-sv
rc: 1 (means success: 0)
tags: utd-sv
incdirs: /tmpfs/src/github/sv-tests/third_party/tests/utd-sv
top_module: 
type: parsing
mode: parsing
files: <a href="../../../../third_party/tests/utd-sv/fpu_add_ctl.v.html" target="file-frame">third_party/tests/utd-sv/fpu_add_ctl.v</a>
defines: 
time_elapsed: 0.007s
ram usage: 9200 KB
</pre>
<pre class="log">

slang-driver --single-unit -I /tmpfs/src/github/sv-tests/third_party/tests/utd-sv <a href="../../../../third_party/tests/utd-sv/fpu_add_ctl.v.html" target="file-frame">third_party/tests/utd-sv/fpu_add_ctl.v</a>
Top level design units:
    fpu_add_ctl

../../src/github/sv-tests/third_party/tests/utd-sv/fpu_add_ctl.v:680:1: error: unknown module &#39;dffrl_async&#39;
dffrl_async #(1)  dffrl_add_ctl (
^~~~~~~~~~~
../../src/github/sv-tests/third_party/tests/utd-sv/fpu_add_ctl.v:699:1: error: unknown module &#39;dffe_s&#39;
dffe_s #(1) i_a1stg_in1_51 (
^~~~~~
../../src/github/sv-tests/third_party/tests/utd-sv/fpu_add_ctl.v:711:1: error: unknown module &#39;dffe_s&#39;
dffe_s #(1) i_a1stg_in1_54 (
^~~~~~
../../src/github/sv-tests/third_party/tests/utd-sv/fpu_add_ctl.v:723:1: error: unknown module &#39;dffe_s&#39;
dffe_s #(1) i_a1stg_in1_63 (
^~~~~~
../../src/github/sv-tests/third_party/tests/utd-sv/fpu_add_ctl.v:735:1: error: unknown module &#39;dffe_s&#39;
dffe_s #(1) i_a1stg_in1_50_0_neq_0 (
^~~~~~
../../src/github/sv-tests/third_party/tests/utd-sv/fpu_add_ctl.v:747:1: error: unknown module &#39;dffe_s&#39;
dffe_s #(1) i_a1stg_in1_53_32_neq_0 (
^~~~~~
../../src/github/sv-tests/third_party/tests/utd-sv/fpu_add_ctl.v:759:1: error: unknown module &#39;dffe_s&#39;
dffe_s #(1) i_a1stg_in1_exp_eq_0 (
^~~~~~
../../src/github/sv-tests/third_party/tests/utd-sv/fpu_add_ctl.v:771:1: error: unknown module &#39;dffe_s&#39;
dffe_s #(1) i_a1stg_in1_exp_neq_ffs (
^~~~~~
../../src/github/sv-tests/third_party/tests/utd-sv/fpu_add_ctl.v:783:1: error: unknown module &#39;dffe_s&#39;
dffe_s #(1) i_a1stg_in2_51 (
^~~~~~
../../src/github/sv-tests/third_party/tests/utd-sv/fpu_add_ctl.v:795:1: error: unknown module &#39;dffe_s&#39;
dffe_s #(1) i_a1stg_in2_54 (
^~~~~~
../../src/github/sv-tests/third_party/tests/utd-sv/fpu_add_ctl.v:807:1: error: unknown module &#39;dffe_s&#39;
dffe_s #(1) i_a1stg_in2_63 (
^~~~~~
../../src/github/sv-tests/third_party/tests/utd-sv/fpu_add_ctl.v:819:1: error: unknown module &#39;dffe_s&#39;
dffe_s #(1) i_a1stg_in2_50_0_neq_0 (
^~~~~~
../../src/github/sv-tests/third_party/tests/utd-sv/fpu_add_ctl.v:831:1: error: unknown module &#39;dffe_s&#39;
dffe_s #(1) i_a1stg_in2_53_32_neq_0 (
^~~~~~
../../src/github/sv-tests/third_party/tests/utd-sv/fpu_add_ctl.v:843:1: error: unknown module &#39;dffe_s&#39;
dffe_s #(1) i_a1stg_in2_exp_eq_0 (
^~~~~~
../../src/github/sv-tests/third_party/tests/utd-sv/fpu_add_ctl.v:855:1: error: unknown module &#39;dffe_s&#39;
dffe_s #(1) i_a1stg_in2_exp_neq_ffs (
^~~~~~
../../src/github/sv-tests/third_party/tests/utd-sv/fpu_add_ctl.v:1059:1: error: unknown module &#39;dffre_s&#39;
dffre_s #(8) i_a1stg_op (
^~~~~~~
../../src/github/sv-tests/third_party/tests/utd-sv/fpu_add_ctl.v:1072:1: error: unknown module &#39;dffe_s&#39;
dffe_s #(1) i_a1stg_sngop (
^~~~~~
../../src/github/sv-tests/third_party/tests/utd-sv/fpu_add_ctl.v:1084:1: error: unknown module &#39;dffe_s&#39;
dffe_s #(4) i_a1stg_sngopa (
^~~~~~
../../src/github/sv-tests/third_party/tests/utd-sv/fpu_add_ctl.v:1096:1: error: unknown module &#39;dffe_s&#39;
dffe_s #(1) i_a1stg_dblop (
^~~~~~
../../src/github/sv-tests/third_party/tests/utd-sv/fpu_add_ctl.v:1108:1: error: unknown module &#39;dffe_s&#39;
dffe_s #(4) i_a1stg_dblopa (
^~~~~~
fatal error: too many errors emitted, stopping now [--error-limit=]

Build failed: 20 errors, 0 warnings

</pre>
</body>