<head>
  <style>
    .log { font-family: "Courier New", Consolas, monospace; font-size: 80%; }
    .test-failed { background-color: #ffaaaa; }
    .test-passed { background-color: #aaffaa; }
  </style>
</head>
<body>
<h3><a href="https://github.com/MikePopoloski/slang" target="_blank">slang</a></h3>
<pre class="test-failed">
description: Tests imported from utd-sv
rc: 1 (means success: 0)
tags: utd-sv
incdirs: /tmpfs/src/github/sv-tests/third_party/tests/utd-sv
top_module: 
type: parsing
mode: parsing
files: <a href="../../../../third_party/tests/utd-sv/sparc_exu_ecl_divcntl.v.html" target="file-frame">third_party/tests/utd-sv/sparc_exu_ecl_divcntl.v</a>
defines: 
time_elapsed: 0.003s
ram usage: 8936 KB
</pre>
<pre class="log">

slang-driver --single-unit -I /tmpfs/src/github/sv-tests/third_party/tests/utd-sv <a href="../../../../third_party/tests/utd-sv/sparc_exu_ecl_divcntl.v.html" target="file-frame">third_party/tests/utd-sv/sparc_exu_ecl_divcntl.v</a>
Top level design units:
    sparc_exu_ecl_divcntl

../../src/github/sv-tests/third_party/tests/utd-sv/sparc_exu_ecl_divcntl.v:180:4: error: unknown module &#39;dff_s&#39;
   dff_s #(6) divstate_dff(.din(next_state[5:0]), .clk(clk), .q(div_state[5:0]), .se(se), .si(),
   ^~~~~
../../src/github/sv-tests/third_party/tests/utd-sv/sparc_exu_ecl_divcntl.v:217:4: error: unknown module &#39;sparc_exu_ecl_cnt6&#39;
   sparc_exu_ecl_cnt6 cnt6(.reset       (reset_cnt),
   ^~~~~~~~~~~~~~~~~~
../../src/github/sv-tests/third_party/tests/utd-sv/sparc_exu_ecl_divcntl.v:253:4: error: unknown module &#39;mux2ds&#39;
   mux2ds #(2) qnext_mux(.dout(q_next_nocout[1:0]), 
   ^~~~~~
../../src/github/sv-tests/third_party/tests/utd-sv/sparc_exu_ecl_divcntl.v:258:4: error: unknown module &#39;dp_mux2es&#39;
   dp_mux2es qnext_cout_mux(.dout(q_next),
   ^~~~~~~~~
../../src/github/sv-tests/third_party/tests/utd-sv/sparc_exu_ecl_divcntl.v:263:4: error: unknown module &#39;dff_s&#39;
   dff_s q_dff(.din(q_next), .clk(clk), .q(ecl_div_newq), .se(se), .si(),
   ^~~~~
../../src/github/sv-tests/third_party/tests/utd-sv/sparc_exu_ecl_divcntl.v:280:4: error: unknown module &#39;mux2ds&#39;
   mux2ds #(2) subnext_mux(.dout(sub_next_nocout[1:0]), 
   ^~~~~~
../../src/github/sv-tests/third_party/tests/utd-sv/sparc_exu_ecl_divcntl.v:285:4: error: unknown module &#39;dp_mux2es&#39;
   dp_mux2es subtract_cout_mux(.dout(sub_next),
   ^~~~~~~~~
../../src/github/sv-tests/third_party/tests/utd-sv/sparc_exu_ecl_divcntl.v:290:4: error: unknown module &#39;dff_s&#39;
   dff_s sub_dff(.din(sub_next), .clk(clk), .q(subtract), .se(se), .si(),
   ^~~~~
../../src/github/sv-tests/third_party/tests/utd-sv/sparc_exu_ecl_divcntl.v:315:4: error: unknown module &#39;dff_s&#39;
   dff_s zero_rem_dff(.din(zero_rem_d), .clk(clk), .q(zero_rem_q),
   ^~~~~
../../src/github/sv-tests/third_party/tests/utd-sv/sparc_exu_ecl_divcntl.v:331:4: error: unknown module &#39;dff_s&#39;
   dff_s last_cin_dff(.din(last_cin_next), .clk(clk), .q(last_cin),
   ^~~~~
../../src/github/sv-tests/third_party/tests/utd-sv/sparc_exu_ecl_divcntl.v:346:4: error: unknown module &#39;dffe_s&#39;
   dffe_s inputs_neg_dff(.din(inputs_neg_d), .clk(clk), .q(inputs_neg_q), 
   ^~~~~~
../../src/github/sv-tests/third_party/tests/utd-sv/sparc_exu_ecl_divcntl.v:348:4: error: unknown module &#39;dff_s&#39;
   dff_s #(5) cc_sig_dff(.din({div_ecl_upper32_equal, div_ecl_gencc_in_msb_l,
   ^~~~~
../../src/github/sv-tests/third_party/tests/utd-sv/sparc_exu_ecl_divcntl.v:379:4: error: unknown module &#39;dff_s&#39;
   dff_s #(3) muls_overlow_dff(.din({muls_rs1_data_31_m, rs2_data_31_m, div_ecl_adder_out_31}),
   ^~~~~
../../src/github/sv-tests/third_party/tests/utd-sv/sparc_exu_ecl_divcntl.v:385:4: error: unknown module &#39;dff_s&#39;
   dff_s muls_c_dff(.din(next_muls_c), .clk(clk), .q(muls_c),
   ^~~~~
../../src/github/sv-tests/third_party/tests/utd-sv/sparc_exu_ecl_divcntl.v:387:4: error: unknown module &#39;dff_s&#39;
   dff_s muls_v_dff(.din(next_muls_v), .clk(clk), .q(muls_v),
   ^~~~~

Build failed: 15 errors, 0 warnings

</pre>
</body>