<head>
  <style>
    .log { font-family: "Courier New", Consolas, monospace; font-size: 80%; }
    .test-failed { background-color: #ffaaaa; }
    .test-passed { background-color: #aaffaa; }
  </style>
</head>
<body>
<h3><a href="https://github.com/MikePopoloski/slang" target="_blank">slang</a></h3>
<pre class="test-failed">
description: Tests imported from utd-sv
rc: 1 (means success: 0)
tags: utd-sv
incdirs: /tmpfs/src/github/sv-tests/third_party/tests/utd-sv
top_module: 
type: parsing
mode: parsing
files: <a href="../../../../third_party/tests/utd-sv/sctag_arbaddrdp.v.html" target="file-frame">third_party/tests/utd-sv/sctag_arbaddrdp.v</a>
defines: 
time_elapsed: 0.005s
ram usage: 9204 KB
</pre>
<pre class="log">

slang-driver --single-unit -I /tmpfs/src/github/sv-tests/third_party/tests/utd-sv <a href="../../../../third_party/tests/utd-sv/sctag_arbaddrdp.v.html" target="file-frame">third_party/tests/utd-sv/sctag_arbaddrdp.v</a>
Top level design units:
    sctag_arbaddrdp

../../src/github/sv-tests/third_party/tests/utd-sv/sctag_arbaddrdp.v:267:1: error: unknown module &#39;zzecc_sctag_30b_cor&#39;
zzecc_sctag_30b_cor	ecc_corr(.din({err_tag_c4[29:6]}),
^~~~~~~~~~~~~~~~~~~	
../../src/github/sv-tests/third_party/tests/utd-sv/sctag_arbaddrdp.v:281:1: error: unknown module &#39;zzpar32&#39;
zzpar32	par_bit	(.z(par_err_tag_c4), .d({err_tag_c4[29:0],2&#39;b0}));
^~~~~~~	       	
../../src/github/sv-tests/third_party/tests/utd-sv/sctag_arbaddrdp.v:285:1: error: unknown module &#39;dff_s&#39;
dff_s     #(28) ff_tecc_corr_tag_c2   (.din(tecc_corr_tag_c1[27:0]), .clk(rclk),
^~~~~
../../src/github/sv-tests/third_party/tests/utd-sv/sctag_arbaddrdp.v:297:1: error: unknown module &#39;mux2ds&#39;
mux2ds	#(40) mux_mux2_instr_px2(.dout (mux2_addr_px2[39:0]) ,
^~~~~~	
../../src/github/sv-tests/third_party/tests/utd-sv/sctag_arbaddrdp.v:301:1: error: unknown module &#39;mux2ds&#39;
mux2ds	#(40) mux_mux3_instr_px2(.dout (mux3_addr_px2[39:0]) ,
^~~~~~	
../../src/github/sv-tests/third_party/tests/utd-sv/sctag_arbaddrdp.v:305:1: error: unknown module &#39;mux2ds&#39;
mux2ds	#(40) mux_mux4_instr_px2(.dout (mux4_addr_px2[39:0]) ,
^~~~~~	
../../src/github/sv-tests/third_party/tests/utd-sv/sctag_arbaddrdp.v:325:1: error: unknown module &#39;clken_buf&#39;
clken_buf  ckbuf_data_ecc_idx
^~~~~~~~~
../../src/github/sv-tests/third_party/tests/utd-sv/sctag_arbaddrdp.v:329:1: error: unknown module &#39;dffr_s&#39;
dffr_s    #(10)  ff_data_ecc_idx  (.din(data_ecc_idx_plus1[9:0]),
^~~~~~
../../src/github/sv-tests/third_party/tests/utd-sv/sctag_arbaddrdp.v:334:1: error: unknown module &#39;dff_s&#39;
dff_s    #(10)  ff_bist_vuad_idx_px2  (.din(bist_vuad_idx_px1[9:0]),
^~~~~
../../src/github/sv-tests/third_party/tests/utd-sv/sctag_arbaddrdp.v:339:1: error: unknown module &#39;mux2ds&#39;
mux2ds	#(10) 	mux_vuad_acc_idx_px2(.dout ( vuad_acc_idx_px2[9:0] ) ,
^~~~~~	      	
../../src/github/sv-tests/third_party/tests/utd-sv/sctag_arbaddrdp.v:345:1: error: unknown module &#39;mux2ds&#39;
mux2ds	#(10) mux_vuad_idx2_px2(.dout (vuad_idx2_px2[9:0] ) ,
^~~~~~	
../../src/github/sv-tests/third_party/tests/utd-sv/sctag_arbaddrdp.v:388:1: error: unknown module &#39;clken_buf&#39;
clken_buf  ckbuf_idx_hold
^~~~~~~~~
../../src/github/sv-tests/third_party/tests/utd-sv/sctag_arbaddrdp.v:392:1: error: unknown module &#39;dff_s&#39;
dff_s     #(10)    ff_idx_hold_c2   (.din(arbdp_addr_c2[17:8]), .clk(clk_idx_hold),
^~~~~
../../src/github/sv-tests/third_party/tests/utd-sv/sctag_arbaddrdp.v:396:1: error: unknown module &#39;mux3ds&#39;
mux3ds	#(10) 	mux_tag_idx_px(.dout ( tag_acc_idx_px2[9:0] ) ,
^~~~~~	      	
../../src/github/sv-tests/third_party/tests/utd-sv/sctag_arbaddrdp.v:404:1: error: unknown module &#39;mux2ds&#39;
mux2ds	#(10) mux_mux_idx2_px2(.dout (mux_idx2_px2[9:0] ) ,
^~~~~~	
../../src/github/sv-tests/third_party/tests/utd-sv/sctag_arbaddrdp.v:410:1: error: unknown module &#39;mux2ds&#39;
mux2ds	#(10) mux_data_idx_px2(.dout (data_idx_px2[9:0] ) ,
^~~~~~	
../../src/github/sv-tests/third_party/tests/utd-sv/sctag_arbaddrdp.v:434:1: error: unknown module &#39;dff_s&#39;
dff_s    #(10) ff_scdata_idx_c1   (.din(data_idx_px2[9:0]), .clk(rclk), 
^~~~~
../../src/github/sv-tests/third_party/tests/utd-sv/sctag_arbaddrdp.v:437:1: error: unknown module &#39;mux2ds&#39;
mux2ds	#(10) mux_c2stall(.dout (stall_idx_c1[9:0] ) ,
^~~~~~	
../../src/github/sv-tests/third_party/tests/utd-sv/sctag_arbaddrdp.v:447:1: error: unknown module &#39;mux2ds&#39;
mux2ds	#(10) mux_data_idx_c1(.dout (data_bist_idx_c1[9:0] ) ,
^~~~~~	
../../src/github/sv-tests/third_party/tests/utd-sv/sctag_arbaddrdp.v:454:1: error: unknown module &#39;dff_s&#39;
dff_s    #(10) ff_scdata_idx_c2   (.din(data_bist_idx_c1[9:0]), .clk(rclk), 
^~~~~
fatal error: too many errors emitted, stopping now [--error-limit=]

Build failed: 20 errors, 0 warnings

</pre>
</body>