<head>
  <style>
    .log { font-family: "Courier New", Consolas, monospace; font-size: 80%; }
    .test-failed { background-color: #ffaaaa; }
    .test-passed { background-color: #aaffaa; }
  </style>
</head>
<body>
<h3><a href="https://github.com/MikePopoloski/slang" target="_blank">slang</a></h3>
<pre class="test-failed">
description: Tests imported from utd-sv
rc: 1 (means success: 0)
tags: utd-sv
incdirs: /tmpfs/src/github/sv-tests/third_party/tests/utd-sv
top_module: 
type: parsing
mode: parsing
files: <a href="../../../../third_party/tests/utd-sv/ctu_bottom_rptr2.v.html" target="file-frame">third_party/tests/utd-sv/ctu_bottom_rptr2.v</a>
defines: 
time_elapsed: 0.002s
ram usage: 9020 KB
</pre>
<pre class="log">

slang-driver --single-unit -I /tmpfs/src/github/sv-tests/third_party/tests/utd-sv <a href="../../../../third_party/tests/utd-sv/ctu_bottom_rptr2.v.html" target="file-frame">third_party/tests/utd-sv/ctu_bottom_rptr2.v</a>
Top level design units:
    ctu_bottom_rptr2

../../src/github/sv-tests/third_party/tests/utd-sv/ctu_bottom_rptr2.v:49:4: error: unknown module &#39;bw_u1_scanlg_2x&#39;
   bw_u1_scanlg_2x so_lockup(.so(so), .sd(int_scanout), .ck(rclk), .se(se));
   ^~~~~~~~~~~~~~~
../../src/github/sv-tests/third_party/tests/utd-sv/ctu_bottom_rptr2.v:54:5: error: unknown module &#39;mux2ds&#39;
    mux2ds  #(20) mux_dbgmuxb01_row0   (.dout (l2_dbgbus_out_prev[19:0]),
    ^~~~~~
../../src/github/sv-tests/third_party/tests/utd-sv/ctu_bottom_rptr2.v:60:5: error: unknown module &#39;dff_s&#39;
    dff_s  #(20)   ff_dbgmuxb01_row0   (.q(l2_dbgbus_out[19:0]),
    ^~~~~
../../src/github/sv-tests/third_party/tests/utd-sv/ctu_bottom_rptr2.v:67:5: error: unknown module &#39;mux2ds&#39;
    mux2ds  #(20) mux_dbgmuxb01_row1   (.dout (l2_dbgbus_out_prev[39:20]),
    ^~~~~~
../../src/github/sv-tests/third_party/tests/utd-sv/ctu_bottom_rptr2.v:73:5: error: unknown module &#39;dff_s&#39;
    dff_s  #(20)   ff_dbgmuxb01_row1   (.q(l2_dbgbus_out[39:20]),
    ^~~~~
../../src/github/sv-tests/third_party/tests/utd-sv/ctu_bottom_rptr2.v:81:4: error: unknown module &#39;dff_s&#39;
   dff_s  #(1)   ff_valid   (.q(enable_01),
   ^~~~~

Build failed: 6 errors, 0 warnings

</pre>
</body>