<head>
  <style>
    .log { font-family: "Courier New", Consolas, monospace; font-size: 80%; }
    .test-failed { background-color: #ffaaaa; }
    .test-passed { background-color: #aaffaa; }
  </style>
</head>
<body>
<h3><a href="https://github.com/MikePopoloski/slang" target="_blank">slang</a></h3>
<pre class="test-failed">
description: Tests imported from utd-sv
rc: 1 (means success: 0)
tags: utd-sv
incdirs: /tmpfs/src/github/sv-tests/third_party/tests/utd-sv
top_module: 
type: parsing
mode: parsing
files: <a href="../../../../third_party/tests/utd-sv/fpu_add_exp_dp.v.html" target="file-frame">third_party/tests/utd-sv/fpu_add_exp_dp.v</a>
defines: 
time_elapsed: 0.004s
ram usage: 9256 KB
</pre>
<pre class="log">

slang-driver --single-unit -I /tmpfs/src/github/sv-tests/third_party/tests/utd-sv <a href="../../../../third_party/tests/utd-sv/fpu_add_exp_dp.v.html" target="file-frame">third_party/tests/utd-sv/fpu_add_exp_dp.v</a>
Top level design units:
    fpu_add_exp_dp

../../src/github/sv-tests/third_party/tests/utd-sv/fpu_add_exp_dp.v:213:1: error: unknown module &#39;clken_buf&#39;
clken_buf  ckbuf_add_exp_dp (
^~~~~~~~~
../../src/github/sv-tests/third_party/tests/utd-sv/fpu_add_exp_dp.v:228:1: error: unknown module &#39;dffe_s&#39;
dffe_s #(11) i_a1stg_in1 (
^~~~~~
../../src/github/sv-tests/third_party/tests/utd-sv/fpu_add_exp_dp.v:240:1: error: unknown module &#39;dffe_s&#39;
dffe_s #(11) i_a1stg_in1a (
^~~~~~
../../src/github/sv-tests/third_party/tests/utd-sv/fpu_add_exp_dp.v:252:1: error: unknown module &#39;dffe_s&#39;
dffe_s #(11) i_a1stg_in2 (
^~~~~~
../../src/github/sv-tests/third_party/tests/utd-sv/fpu_add_exp_dp.v:264:1: error: unknown module &#39;dffe_s&#39;
dffe_s #(11) i_a1stg_in2a (
^~~~~~
../../src/github/sv-tests/third_party/tests/utd-sv/fpu_add_exp_dp.v:276:1: error: unknown module &#39;dffe_s&#39;
dffe_s #(13) i_a1stg_dp_sngop (
^~~~~~
../../src/github/sv-tests/third_party/tests/utd-sv/fpu_add_exp_dp.v:288:1: error: unknown module &#39;dffe_s&#39;
dffe_s #(13) i_a1stg_dp_sngopa (
^~~~~~
../../src/github/sv-tests/third_party/tests/utd-sv/fpu_add_exp_dp.v:300:1: error: unknown module &#39;dffe_s&#39;
dffe_s #(13) i_a1stg_dp_dblop (
^~~~~~
../../src/github/sv-tests/third_party/tests/utd-sv/fpu_add_exp_dp.v:312:1: error: unknown module &#39;dffe_s&#39;
dffe_s #(13) i_a1stg_dp_dblopa (
^~~~~~
../../src/github/sv-tests/third_party/tests/utd-sv/fpu_add_exp_dp.v:324:1: error: unknown module &#39;dffe_s&#39;
dffe_s #(4) i_a1stg_op_7 (
^~~~~~
../../src/github/sv-tests/third_party/tests/utd-sv/fpu_add_exp_dp.v:336:1: error: unknown module &#39;dffe_s&#39;
dffe_s #(11) i_a1stg_expadd3_in1 (
^~~~~~
../../src/github/sv-tests/third_party/tests/utd-sv/fpu_add_exp_dp.v:351:1: error: unknown module &#39;dffe_s&#39;
dffe_s #(11) i_a1stg_expadd3_in2 (
^~~~~~
../../src/github/sv-tests/third_party/tests/utd-sv/fpu_add_exp_dp.v:433:1: error: unknown module &#39;dffe_s&#39;
dffe_s #(12) i_a2stg_exp (
^~~~~~
../../src/github/sv-tests/third_party/tests/utd-sv/fpu_add_exp_dp.v:445:1: error: unknown module &#39;dffe_s&#39;
dffe_s #(13) i_a2stg_expa (
^~~~~~
../../src/github/sv-tests/third_party/tests/utd-sv/fpu_add_exp_dp.v:479:1: error: unknown module &#39;dffe_s&#39;
dffe_s #(13) i_a2stg_expadd2_in2 (
^~~~~~
../../src/github/sv-tests/third_party/tests/utd-sv/fpu_add_exp_dp.v:521:1: error: unknown module &#39;dffe_s&#39;
dffe_s #(13) i_a3stg_exp (
^~~~~~
../../src/github/sv-tests/third_party/tests/utd-sv/fpu_add_exp_dp.v:553:1: error: unknown module &#39;dff_s&#39;
dff_s #(13) i_a4stg_exp_pre1 (
^~~~~
../../src/github/sv-tests/third_party/tests/utd-sv/fpu_add_exp_dp.v:568:1: error: unknown module &#39;dff_s&#39;
dff_s #(13) i_a4stg_exp_pre3 (
^~~~~
../../src/github/sv-tests/third_party/tests/utd-sv/fpu_add_exp_dp.v:586:1: error: unknown module &#39;dff_s&#39;
dff_s #(13) i_a4stg_exp_pre2 (
^~~~~
../../src/github/sv-tests/third_party/tests/utd-sv/fpu_add_exp_dp.v:601:1: error: unknown module &#39;dff_s&#39;
dff_s #(13) i_a4stg_exp_pre4 (
^~~~~
fatal error: too many errors emitted, stopping now [--error-limit=]

Build failed: 20 errors, 0 warnings

</pre>
</body>