<head>
  <style>
    .log { font-family: "Courier New", Consolas, monospace; font-size: 80%; }
    .test-failed { background-color: #ffaaaa; }
    .test-passed { background-color: #aaffaa; }
  </style>
</head>
<body>
<h3><a href="https://github.com/MikePopoloski/slang" target="_blank">slang</a></h3>
<pre class="test-failed">
description: Tests imported from utd-sv
rc: 1 (means success: 0)
tags: utd-sv
incdirs: /tmpfs/src/github/sv-tests/third_party/tests/utd-sv
top_module: 
type: parsing
mode: parsing
files: <a href="../../../../third_party/tests/utd-sv/sctag_oqdp.v.html" target="file-frame">third_party/tests/utd-sv/sctag_oqdp.v</a>
defines: 
time_elapsed: 0.005s
ram usage: 9200 KB
</pre>
<pre class="log">

slang-driver --single-unit -I /tmpfs/src/github/sv-tests/third_party/tests/utd-sv <a href="../../../../third_party/tests/utd-sv/sctag_oqdp.v.html" target="file-frame">third_party/tests/utd-sv/sctag_oqdp.v</a>
Top level design units:
    sctag_oqdp

../../src/github/sv-tests/third_party/tests/utd-sv/sctag_oqdp.v:254:1: error: unknown module &#39;dff_s&#39;
dff_s   #(2)   ff_arbdp_tid_c8
^~~~~
../../src/github/sv-tests/third_party/tests/utd-sv/sctag_oqdp.v:261:1: error: unknown module &#39;mux2ds&#39;
mux2ds #(2)  mux_tid_c7
^~~~~~
../../src/github/sv-tests/third_party/tests/utd-sv/sctag_oqdp.v:267:1: error: unknown module &#39;dff_s&#39;
dff_s   #(2)   ff_tid_c8
^~~~~
../../src/github/sv-tests/third_party/tests/utd-sv/sctag_oqdp.v:278:1: error: unknown module &#39;dff_s&#39;
dff_s   #(1)   ff_arbdp_nc_c8
^~~~~
../../src/github/sv-tests/third_party/tests/utd-sv/sctag_oqdp.v:285:1: error: unknown module &#39;mux2ds&#39;
mux2ds #(1)  mux_nc_c7
^~~~~~
../../src/github/sv-tests/third_party/tests/utd-sv/sctag_oqdp.v:291:1: error: unknown module &#39;dff_s&#39;
dff_s   #(1)   ff_nc_c8
^~~~~
../../src/github/sv-tests/third_party/tests/utd-sv/sctag_oqdp.v:302:1: error: unknown module &#39;dff_s&#39;
dff_s   #(4)   ff_rqtyp_rtn_c8
^~~~~
../../src/github/sv-tests/third_party/tests/utd-sv/sctag_oqdp.v:325:1: error: unknown module &#39;dff_s&#39;
dff_s   #(2)   ff_l1_way_c8
^~~~~
../../src/github/sv-tests/third_party/tests/utd-sv/sctag_oqdp.v:332:1: error: unknown module &#39;mux2ds&#39;
mux2ds #(2)  mux_l1_way_c7
^~~~~~
../../src/github/sv-tests/third_party/tests/utd-sv/sctag_oqdp.v:346:1: error: unknown module &#39;mux2ds&#39;
mux2ds #(3)  mux_buf_c7
^~~~~~
../../src/github/sv-tests/third_party/tests/utd-sv/sctag_oqdp.v:352:1: error: unknown module &#39;dff_s&#39;
dff_s   #(3)   ff_inval_buf_c8
^~~~~
../../src/github/sv-tests/third_party/tests/utd-sv/sctag_oqdp.v:368:1: error: unknown module &#39;dff_s&#39;
dff_s   #(3)   ff_ret_buf_c8
^~~~~
../../src/github/sv-tests/third_party/tests/utd-sv/sctag_oqdp.v:379:1: error: unknown module &#39;dff_s&#39;
dff_s   #(3)   ff_inst_cpuid_c8
^~~~~
../../src/github/sv-tests/third_party/tests/utd-sv/sctag_oqdp.v:386:1: error: unknown module &#39;mux2ds&#39;
mux2ds #(3)  mux_cpuid_c7
^~~~~~
../../src/github/sv-tests/third_party/tests/utd-sv/sctag_oqdp.v:392:1: error: unknown module &#39;mux2ds&#39;
mux2ds #(3)  int_diag_sel120to118
^~~~~~
../../src/github/sv-tests/third_party/tests/utd-sv/sctag_oqdp.v:397:1: error: unknown module &#39;dff_s&#39;
dff_s   #(3)   ff_inval_data120to118_c8
^~~~~
../../src/github/sv-tests/third_party/tests/utd-sv/sctag_oqdp.v:430:1: error: unknown module &#39;mux2ds&#39;
mux2ds #(3)  mux_inval_way_c7
^~~~~~
../../src/github/sv-tests/third_party/tests/utd-sv/sctag_oqdp.v:436:1: error: unknown module &#39;dff_s&#39;
dff_s   #(3)   ff_inval_way_c8
^~~~~
../../src/github/sv-tests/third_party/tests/utd-sv/sctag_oqdp.v:445:1: error: unknown module &#39;mux2ds&#39;
mux2ds #(3)  mux_ret_way_c7
^~~~~~
../../src/github/sv-tests/third_party/tests/utd-sv/sctag_oqdp.v:451:1: error: unknown module &#39;dff_s&#39;
dff_s   #(3)   ff_ret_way_c8
^~~~~
fatal error: too many errors emitted, stopping now [--error-limit=]

Build failed: 20 errors, 0 warnings

</pre>
</body>