<head>
  <style>
    .log { font-family: "Courier New", Consolas, monospace; font-size: 80%; }
    .test-failed { background-color: #ffaaaa; }
    .test-passed { background-color: #aaffaa; }
  </style>
</head>
<body>
<h3><a href="https://github.com/MikePopoloski/slang" target="_blank">slang</a></h3>
<pre class="test-failed">
description: Tests imported from utd-sv
rc: 1 (means success: 0)
tags: utd-sv
incdirs: /tmpfs/src/github/sv-tests/third_party/tests/utd-sv
top_module: 
type: parsing
mode: parsing
files: <a href="../../../../third_party/tests/utd-sv/sctag_ua_dp.v.html" target="file-frame">third_party/tests/utd-sv/sctag_ua_dp.v</a>
defines: 
time_elapsed: 0.004s
ram usage: 9172 KB
</pre>
<pre class="log">

slang-driver --single-unit -I /tmpfs/src/github/sv-tests/third_party/tests/utd-sv <a href="../../../../third_party/tests/utd-sv/sctag_ua_dp.v.html" target="file-frame">third_party/tests/utd-sv/sctag_ua_dp.v</a>
Top level design units:
    sctag_ua_dp

../../src/github/sv-tests/third_party/tests/utd-sv/sctag_ua_dp.v:121:1: error: unknown module &#39;mux2ds&#39;
mux2ds #(12)  mux_used_c1 // 2-1 mux flop
^~~~~~
../../src/github/sv-tests/third_party/tests/utd-sv/sctag_ua_dp.v:127:1: error: unknown module &#39;dff_s&#39;
dff_s    #(12)   ff_used_c2
^~~~~
../../src/github/sv-tests/third_party/tests/utd-sv/sctag_ua_dp.v:133:1: error: unknown module &#39;dff_s&#39;
dff_s    #(13)   ff_used_rd_c2	// vuad rd data c2 flop
^~~~~                         	
../../src/github/sv-tests/third_party/tests/utd-sv/sctag_ua_dp.v:143:1: error: unknown module &#39;mux2ds&#39;
mux2ds #(13)  mux_used_rd_c2	// rd data mux
^~~~~~                      	
../../src/github/sv-tests/third_party/tests/utd-sv/sctag_ua_dp.v:157:1: error: unknown module &#39;mux2ds&#39;
mux2ds #(12)  mux_used_byp_c2c3        // Bypass mux c2/c3 to c1
^~~~~~
../../src/github/sv-tests/third_party/tests/utd-sv/sctag_ua_dp.v:167:1: error: unknown module &#39;mux2ds&#39;
mux2ds #(12)  mux_used_byp_c1  // Bypass mux without the critical component
^~~~~~
../../src/github/sv-tests/third_party/tests/utd-sv/sctag_ua_dp.v:175:1: error: unknown module &#39;zzpar16&#39;
zzpar16  parity_used_rd   ( .z(used_rd_parity_c2),
^~~~~~~
../../src/github/sv-tests/third_party/tests/utd-sv/sctag_ua_dp.v:180:1: error: unknown module &#39;dff_s&#39;
dff_s    #(12)   ff_used_c3
^~~~~
../../src/github/sv-tests/third_party/tests/utd-sv/sctag_ua_dp.v:196:1: error: unknown module &#39;zzpar16&#39;
zzpar16  parity_used_wr   ( .z(parity_wr_c3[1]), 
^~~~~~~
../../src/github/sv-tests/third_party/tests/utd-sv/sctag_ua_dp.v:201:1: error: unknown module &#39;dff_s&#39;
dff_s    #(13)   ff_used_c4	// vuad C4 flop
^~~~~                      	
../../src/github/sv-tests/third_party/tests/utd-sv/sctag_ua_dp.v:208:1: error: unknown module &#39;mux2ds&#39;
mux2ds #(13)  mux_wr_array_used_c4
^~~~~~
../../src/github/sv-tests/third_party/tests/utd-sv/sctag_ua_dp.v:217:1: error: unknown module &#39;mux2ds&#39;
mux2ds #(12)  mux_used_byp_c4c5        // Bypass mux c4/c5 to c1
^~~~~~
../../src/github/sv-tests/third_party/tests/utd-sv/sctag_ua_dp.v:224:1: error: unknown module &#39;dff_s&#39;
dff_s    #(13)   ff_used_wr_c5	// Vuad C5 flop
^~~~~                         	
../../src/github/sv-tests/third_party/tests/utd-sv/sctag_ua_dp.v:231:1: error: unknown module &#39;dff_s&#39;
dff_s    #(13)   ff_used_wr_c6    // Vuad C6 flop
^~~~~
../../src/github/sv-tests/third_party/tests/utd-sv/sctag_ua_dp.v:248:1: error: unknown module &#39;mux2ds&#39;
mux2ds #(12)  mux_alloc_c1
^~~~~~
../../src/github/sv-tests/third_party/tests/utd-sv/sctag_ua_dp.v:253:1: error: unknown module &#39;dff_s&#39;
dff_s    #(12)   ff_alloc_c2
^~~~~
../../src/github/sv-tests/third_party/tests/utd-sv/sctag_ua_dp.v:259:1: error: unknown module &#39;dff_s&#39;
dff_s    #(13)   ff_alloc_rd_c2   // vuad rd data c2 flop
^~~~~
../../src/github/sv-tests/third_party/tests/utd-sv/sctag_ua_dp.v:270:1: error: unknown module &#39;mux2ds&#39;
mux2ds #(13)  mux_alloc_rd_c2   // rd data mux
^~~~~~
../../src/github/sv-tests/third_party/tests/utd-sv/sctag_ua_dp.v:288:1: error: unknown module &#39;mux2ds&#39;
mux2ds #(12)  mux_alloc_byp_c2c3        // Bypass mux c2/c3 to c1
^~~~~~
../../src/github/sv-tests/third_party/tests/utd-sv/sctag_ua_dp.v:298:1: error: unknown module &#39;mux2ds&#39;
mux2ds #(12)  mux_alloc_byp_c1  // Bypass mux without the critical component
^~~~~~
fatal error: too many errors emitted, stopping now [--error-limit=]

Build failed: 20 errors, 0 warnings

</pre>
</body>