<head>
  <style>
    .log { font-family: "Courier New", Consolas, monospace; font-size: 80%; }
    .test-failed { background-color: #ffaaaa; }
    .test-passed { background-color: #aaffaa; }
  </style>
</head>
<body>
<h3><a href="https://github.com/MikePopoloski/slang" target="_blank">slang</a></h3>
<pre class="test-failed">
description: Tests imported from utd-sv
rc: 1 (means success: 0)
tags: utd-sv
incdirs: /tmpfs/src/github/sv-tests/third_party/tests/utd-sv
top_module: 
type: parsing
mode: parsing
files: <a href="../../../../third_party/tests/utd-sv/ctu_clsp_jbusgif.v.html" target="file-frame">third_party/tests/utd-sv/ctu_clsp_jbusgif.v</a>
defines: 
time_elapsed: 0.003s
ram usage: 9008 KB
</pre>
<pre class="log">

slang-driver --single-unit -I /tmpfs/src/github/sv-tests/third_party/tests/utd-sv <a href="../../../../third_party/tests/utd-sv/ctu_clsp_jbusgif.v.html" target="file-frame">third_party/tests/utd-sv/ctu_clsp_jbusgif.v</a>
Top level design units:
    ctu_clsp_jbusgif

../../src/github/sv-tests/third_party/tests/utd-sv/ctu_clsp_jbusgif.v:102:4: error: unknown module &#39;dffrl_async_ns&#39;
   dffrl_async_ns    u_dram_dbginit_l(
   ^~~~~~~~~~~~~~
../../src/github/sv-tests/third_party/tests/utd-sv/ctu_clsp_jbusgif.v:109:4: error: unknown module &#39;dffrl_async_ns&#39;
   dffrl_async_ns    u_jbus_grst_l(
   ^~~~~~~~~~~~~~
../../src/github/sv-tests/third_party/tests/utd-sv/ctu_clsp_jbusgif.v:134:4: error: unknown module &#39;dffrl_async_ns&#39;
   dffrl_async_ns    u_ctu_dram02_jbus_cken_nsr(
   ^~~~~~~~~~~~~~
../../src/github/sv-tests/third_party/tests/utd-sv/ctu_clsp_jbusgif.v:140:4: error: unknown module &#39;dffrl_async_ns&#39;
   dffrl_async_ns    u_ctu_dram13_jbus_cken_nsr(
   ^~~~~~~~~~~~~~
../../src/github/sv-tests/third_party/tests/utd-sv/ctu_clsp_jbusgif.v:146:4: error: unknown module &#39;dffrl_async_ns&#39;
   dffrl_async_ns    u_ctu_iob_cken_muxed_nsr(
   ^~~~~~~~~~~~~~
../../src/github/sv-tests/third_party/tests/utd-sv/ctu_clsp_jbusgif.v:152:4: error: unknown module &#39;dffrl_async_ns&#39;
   dffrl_async_ns    u_ctu_jbi_cken_muxed_nsr(
   ^~~~~~~~~~~~~~
../../src/github/sv-tests/third_party/tests/utd-sv/ctu_clsp_jbusgif.v:158:4: error: unknown module &#39;dffsl_async_ns&#39;
   dffsl_async_ns    u_ctu_jbusr_cken_muxed_nsr(
   ^~~~~~~~~~~~~~
../../src/github/sv-tests/third_party/tests/utd-sv/ctu_clsp_jbusgif.v:164:4: error: unknown module &#39;dffsl_async_ns&#39;
   dffsl_async_ns    u_ctu_jbusl_cken_muxed_nsr(
   ^~~~~~~~~~~~~~
../../src/github/sv-tests/third_party/tests/utd-sv/ctu_clsp_jbusgif.v:170:4: error: unknown module &#39;dffrl_async_ns&#39;
   dffrl_async_ns    u_ctu_efc_cken_muxed_nsr(
   ^~~~~~~~~~~~~~
../../src/github/sv-tests/third_party/tests/utd-sv/ctu_clsp_jbusgif.v:176:4: error: unknown module &#39;dffsl_async_ns&#39;
   dffsl_async_ns    u_ctu_dbg_cken_muxed_nsr(
   ^~~~~~~~~~~~~~
../../src/github/sv-tests/third_party/tests/utd-sv/ctu_clsp_jbusgif.v:182:4: error: unknown module &#39;dffsl_async_ns&#39;
   dffsl_async_ns    u_ctu_misc_cken_muxed_nsr(
   ^~~~~~~~~~~~~~

Build failed: 11 errors, 0 warnings

</pre>
</body>