<head>
  <style>
    .log { font-family: "Courier New", Consolas, monospace; font-size: 80%; }
    .test-failed { background-color: #ffaaaa; }
    .test-passed { background-color: #aaffaa; }
  </style>
</head>
<body>
<h3><a href="https://github.com/MikePopoloski/slang" target="_blank">slang</a></h3>
<pre class="test-failed">
description: Tests imported from utd-sv
rc: 1 (means success: 0)
tags: utd-sv
incdirs: /tmpfs/src/github/sv-tests/third_party/tests/utd-sv
top_module: 
type: parsing
mode: parsing
files: <a href="../../../../third_party/tests/utd-sv/sparc_exu_byp_eccgen.v.html" target="file-frame">third_party/tests/utd-sv/sparc_exu_byp_eccgen.v</a>
defines: 
time_elapsed: 0.005s
ram usage: 9020 KB
</pre>
<pre class="log">

slang-driver --single-unit -I /tmpfs/src/github/sv-tests/third_party/tests/utd-sv <a href="../../../../third_party/tests/utd-sv/sparc_exu_byp_eccgen.v.html" target="file-frame">third_party/tests/utd-sv/sparc_exu_byp_eccgen.v</a>
Top level design units:
    sparc_exu_byp_eccgen

../../src/github/sv-tests/third_party/tests/utd-sv/sparc_exu_byp_eccgen.v:54:3: error: unknown module &#39;dff_s&#39;
  dff_s Imsk_5_  ( .q(msk_w5),  .din(msk[5]),  .clk(clk), .se(se), .si(), .so());
  ^~~~~
../../src/github/sv-tests/third_party/tests/utd-sv/sparc_exu_byp_eccgen.v:55:3: error: unknown module &#39;dff_s&#39;
  dff_s Imsk_4_  ( .q(msk_w4),  .din(msk[4]),  .clk(clk), .se(se), .si(), .so());
  ^~~~~
../../src/github/sv-tests/third_party/tests/utd-sv/sparc_exu_byp_eccgen.v:56:3: error: unknown module &#39;dff_s&#39;
  dff_s Ip0ff_7_ ( .q(p0_w[7]), .din(p0_g[7]), .clk(clk), .se(se), .si(), .so());
  ^~~~~
../../src/github/sv-tests/third_party/tests/utd-sv/sparc_exu_byp_eccgen.v:57:3: error: unknown module &#39;dff_s&#39;
  dff_s Ip0ff_6_ ( .q(p0_w[6]), .din(p0_g[6]), .clk(clk), .se(se), .si(), .so());
  ^~~~~
../../src/github/sv-tests/third_party/tests/utd-sv/sparc_exu_byp_eccgen.v:58:3: error: unknown module &#39;dff_s&#39;
  dff_s Ip0ff_5_ ( .q(p0_w[5]), .din(p0_g[5]), .clk(clk), .se(se), .si(), .so());
  ^~~~~
../../src/github/sv-tests/third_party/tests/utd-sv/sparc_exu_byp_eccgen.v:59:3: error: unknown module &#39;dff_s&#39;
  dff_s Ip0ff_4_ ( .q(p0_w[4]), .din(p0_g[4]), .clk(clk), .se(se), .si(), .so());
  ^~~~~
../../src/github/sv-tests/third_party/tests/utd-sv/sparc_exu_byp_eccgen.v:60:3: error: unknown module &#39;dff_s&#39;
  dff_s Ip0ff_3_ ( .q(p0_w[3]), .din(p0_g[3]), .clk(clk), .se(se), .si(), .so());
  ^~~~~
../../src/github/sv-tests/third_party/tests/utd-sv/sparc_exu_byp_eccgen.v:61:3: error: unknown module &#39;dff_s&#39;
  dff_s Ip0ff_2_ ( .q(p0_w[2]), .din(p0_g[2]), .clk(clk), .se(se), .si(), .so());
  ^~~~~
../../src/github/sv-tests/third_party/tests/utd-sv/sparc_exu_byp_eccgen.v:62:3: error: unknown module &#39;dff_s&#39;
  dff_s Ip0ff_1_ ( .q(p0_w[1]), .din(p0_g[1]), .clk(clk), .se(se), .si(), .so());
  ^~~~~
../../src/github/sv-tests/third_party/tests/utd-sv/sparc_exu_byp_eccgen.v:63:3: error: unknown module &#39;dff_s&#39;
  dff_s Ip0ff_0_ ( .q(p0_w[0]), .din(p0_g[0]), .clk(clk), .se(se), .si(), .so());
  ^~~~~
../../src/github/sv-tests/third_party/tests/utd-sv/sparc_exu_byp_eccgen.v:64:3: error: unknown module &#39;dff_s&#39;
  dff_s Ip1ff_7_ ( .q(p1_w[7]), .din(p1_g[7]), .clk(clk), .se(se), .si(), .so());
  ^~~~~
../../src/github/sv-tests/third_party/tests/utd-sv/sparc_exu_byp_eccgen.v:65:3: error: unknown module &#39;dff_s&#39;
  dff_s Ip1ff_6_ ( .q(p1_w[6]), .din(p1_g[6]), .clk(clk), .se(se), .si(), .so());
  ^~~~~
../../src/github/sv-tests/third_party/tests/utd-sv/sparc_exu_byp_eccgen.v:66:3: error: unknown module &#39;dff_s&#39;
  dff_s Ip1ff_5_ ( .q(p1_w[5]), .din(p1_g[5]), .clk(clk), .se(se), .si(), .so());
  ^~~~~
../../src/github/sv-tests/third_party/tests/utd-sv/sparc_exu_byp_eccgen.v:67:3: error: unknown module &#39;dff_s&#39;
  dff_s Ip1ff_4_ ( .q(p1_w[4]), .din(p1_g[4]), .clk(clk), .se(se), .si(), .so());
  ^~~~~
../../src/github/sv-tests/third_party/tests/utd-sv/sparc_exu_byp_eccgen.v:68:3: error: unknown module &#39;dff_s&#39;
  dff_s Ip1ff_3_ ( .q(p1_w[3]), .din(p1_g[3]), .clk(clk), .se(se), .si(), .so());
  ^~~~~
../../src/github/sv-tests/third_party/tests/utd-sv/sparc_exu_byp_eccgen.v:69:3: error: unknown module &#39;dff_s&#39;
  dff_s Ip1ff_2_ ( .q(p1_w[2]), .din(p1_g[2]), .clk(clk), .se(se), .si(), .so());
  ^~~~~
../../src/github/sv-tests/third_party/tests/utd-sv/sparc_exu_byp_eccgen.v:70:3: error: unknown module &#39;dff_s&#39;
  dff_s Ip1ff_1_ ( .q(p1_w[1]), .din(p1_g[1]), .clk(clk), .se(se), .si(), .so());
  ^~~~~
../../src/github/sv-tests/third_party/tests/utd-sv/sparc_exu_byp_eccgen.v:71:3: error: unknown module &#39;dff_s&#39;
  dff_s Ip1ff_0_ ( .q(p1_w[0]), .din(p1_g[0]), .clk(clk), .se(se), .si(), .so());
  ^~~~~
../../src/github/sv-tests/third_party/tests/utd-sv/sparc_exu_byp_eccgen.v:72:3: error: unknown module &#39;dff_s&#39;
  dff_s Ip2ff_7_ ( .q(p2_w[7]), .din(p2_g[7]), .clk(clk), .se(se), .si(), .so());
  ^~~~~
../../src/github/sv-tests/third_party/tests/utd-sv/sparc_exu_byp_eccgen.v:73:3: error: unknown module &#39;dff_s&#39;
  dff_s Ip2ff_6_ ( .q(p2_w[6]), .din(p2_g[6]), .clk(clk), .se(se), .si(), .so());
  ^~~~~
fatal error: too many errors emitted, stopping now [--error-limit=]

Build failed: 20 errors, 0 warnings

</pre>
</body>