<head>
  <style>
    .log { font-family: "Courier New", Consolas, monospace; font-size: 80%; }
    .test-failed { background-color: #ffaaaa; }
    .test-passed { background-color: #aaffaa; }
  </style>
</head>
<body>
<h3><a href="https://github.com/MikePopoloski/slang" target="_blank">slang</a></h3>
<pre class="test-failed">
description: Tests imported from utd-sv
rc: 1 (means success: 0)
tags: utd-sv
incdirs: /tmpfs/src/github/sv-tests/third_party/tests/utd-sv
top_module: 
type: parsing
mode: parsing
files: <a href="../../../../third_party/tests/utd-sv/fpu_cnt_lead0_64b.v.html" target="file-frame">third_party/tests/utd-sv/fpu_cnt_lead0_64b.v</a>
defines: 
time_elapsed: 0.003s
ram usage: 9188 KB
</pre>
<pre class="log">

slang-driver --single-unit -I /tmpfs/src/github/sv-tests/third_party/tests/utd-sv <a href="../../../../third_party/tests/utd-sv/fpu_cnt_lead0_64b.v.html" target="file-frame">third_party/tests/utd-sv/fpu_cnt_lead0_64b.v</a>
Top level design units:
    fpu_cnt_lead0_64b

../../src/github/sv-tests/third_party/tests/utd-sv/fpu_cnt_lead0_64b.v:152:1: error: unknown module &#39;fpu_cnt_lead0_lvl1&#39;
fpu_cnt_lead0_lvl1 i_fpu_cnt_lead0_lvl1_63_60 (
^~~~~~~~~~~~~~~~~~
../../src/github/sv-tests/third_party/tests/utd-sv/fpu_cnt_lead0_64b.v:160:1: error: unknown module &#39;fpu_cnt_lead0_lvl1&#39;
fpu_cnt_lead0_lvl1 i_fpu_cnt_lead0_lvl1_59_56 (
^~~~~~~~~~~~~~~~~~
../../src/github/sv-tests/third_party/tests/utd-sv/fpu_cnt_lead0_64b.v:168:1: error: unknown module &#39;fpu_cnt_lead0_lvl1&#39;
fpu_cnt_lead0_lvl1 i_fpu_cnt_lead0_lvl1_55_52 (
^~~~~~~~~~~~~~~~~~
../../src/github/sv-tests/third_party/tests/utd-sv/fpu_cnt_lead0_64b.v:176:1: error: unknown module &#39;fpu_cnt_lead0_lvl1&#39;
fpu_cnt_lead0_lvl1 i_fpu_cnt_lead0_lvl1_51_48 (
^~~~~~~~~~~~~~~~~~
../../src/github/sv-tests/third_party/tests/utd-sv/fpu_cnt_lead0_64b.v:184:1: error: unknown module &#39;fpu_cnt_lead0_lvl1&#39;
fpu_cnt_lead0_lvl1 i_fpu_cnt_lead0_lvl1_47_44 (
^~~~~~~~~~~~~~~~~~
../../src/github/sv-tests/third_party/tests/utd-sv/fpu_cnt_lead0_64b.v:192:1: error: unknown module &#39;fpu_cnt_lead0_lvl1&#39;
fpu_cnt_lead0_lvl1 i_fpu_cnt_lead0_lvl1_43_40 (
^~~~~~~~~~~~~~~~~~
../../src/github/sv-tests/third_party/tests/utd-sv/fpu_cnt_lead0_64b.v:200:1: error: unknown module &#39;fpu_cnt_lead0_lvl1&#39;
fpu_cnt_lead0_lvl1 i_fpu_cnt_lead0_lvl1_39_36 (
^~~~~~~~~~~~~~~~~~
../../src/github/sv-tests/third_party/tests/utd-sv/fpu_cnt_lead0_64b.v:208:1: error: unknown module &#39;fpu_cnt_lead0_lvl1&#39;
fpu_cnt_lead0_lvl1 i_fpu_cnt_lead0_lvl1_35_32 (
^~~~~~~~~~~~~~~~~~
../../src/github/sv-tests/third_party/tests/utd-sv/fpu_cnt_lead0_64b.v:216:1: error: unknown module &#39;fpu_cnt_lead0_lvl1&#39;
fpu_cnt_lead0_lvl1 i_fpu_cnt_lead0_lvl1_31_28 (
^~~~~~~~~~~~~~~~~~
../../src/github/sv-tests/third_party/tests/utd-sv/fpu_cnt_lead0_64b.v:224:1: error: unknown module &#39;fpu_cnt_lead0_lvl1&#39;
fpu_cnt_lead0_lvl1 i_fpu_cnt_lead0_lvl1_27_24 (
^~~~~~~~~~~~~~~~~~
../../src/github/sv-tests/third_party/tests/utd-sv/fpu_cnt_lead0_64b.v:232:1: error: unknown module &#39;fpu_cnt_lead0_lvl1&#39;
fpu_cnt_lead0_lvl1 i_fpu_cnt_lead0_lvl1_23_20 (
^~~~~~~~~~~~~~~~~~
../../src/github/sv-tests/third_party/tests/utd-sv/fpu_cnt_lead0_64b.v:240:1: error: unknown module &#39;fpu_cnt_lead0_lvl1&#39;
fpu_cnt_lead0_lvl1 i_fpu_cnt_lead0_lvl1_19_16 (
^~~~~~~~~~~~~~~~~~
../../src/github/sv-tests/third_party/tests/utd-sv/fpu_cnt_lead0_64b.v:248:1: error: unknown module &#39;fpu_cnt_lead0_lvl1&#39;
fpu_cnt_lead0_lvl1 i_fpu_cnt_lead0_lvl1_15_12 (
^~~~~~~~~~~~~~~~~~
../../src/github/sv-tests/third_party/tests/utd-sv/fpu_cnt_lead0_64b.v:256:1: error: unknown module &#39;fpu_cnt_lead0_lvl1&#39;
fpu_cnt_lead0_lvl1 i_fpu_cnt_lead0_lvl1_11_8 (
^~~~~~~~~~~~~~~~~~
../../src/github/sv-tests/third_party/tests/utd-sv/fpu_cnt_lead0_64b.v:264:1: error: unknown module &#39;fpu_cnt_lead0_lvl1&#39;
fpu_cnt_lead0_lvl1 i_fpu_cnt_lead0_lvl1_7_4 (
^~~~~~~~~~~~~~~~~~
../../src/github/sv-tests/third_party/tests/utd-sv/fpu_cnt_lead0_64b.v:272:1: error: unknown module &#39;fpu_cnt_lead0_lvl1&#39;
fpu_cnt_lead0_lvl1 i_fpu_cnt_lead0_lvl1_3_0 (
^~~~~~~~~~~~~~~~~~
../../src/github/sv-tests/third_party/tests/utd-sv/fpu_cnt_lead0_64b.v:281:1: error: unknown module &#39;fpu_cnt_lead0_lvl2&#39;
fpu_cnt_lead0_lvl2 i_fpu_cnt_lead0_lvl2_63_56 (
^~~~~~~~~~~~~~~~~~
../../src/github/sv-tests/third_party/tests/utd-sv/fpu_cnt_lead0_64b.v:294:1: error: unknown module &#39;fpu_cnt_lead0_lvl2&#39;
fpu_cnt_lead0_lvl2 i_fpu_cnt_lead0_lvl2_55_48 (
^~~~~~~~~~~~~~~~~~
../../src/github/sv-tests/third_party/tests/utd-sv/fpu_cnt_lead0_64b.v:307:1: error: unknown module &#39;fpu_cnt_lead0_lvl2&#39;
fpu_cnt_lead0_lvl2 i_fpu_cnt_lead0_lvl2_47_40 (
^~~~~~~~~~~~~~~~~~
../../src/github/sv-tests/third_party/tests/utd-sv/fpu_cnt_lead0_64b.v:320:1: error: unknown module &#39;fpu_cnt_lead0_lvl2&#39;
fpu_cnt_lead0_lvl2 i_fpu_cnt_lead0_lvl2_39_32 (
^~~~~~~~~~~~~~~~~~
fatal error: too many errors emitted, stopping now [--error-limit=]

Build failed: 20 errors, 0 warnings

</pre>
</body>