<head>
  <style>
    .log { font-family: "Courier New", Consolas, monospace; font-size: 80%; }
    .test-failed { background-color: #ffaaaa; }
    .test-passed { background-color: #aaffaa; }
  </style>
</head>
<body>
<h3><a href="https://github.com/MikePopoloski/slang" target="_blank">slang</a></h3>
<pre class="test-failed">
description: Tests imported from utd-sv
rc: 1 (means success: 0)
tags: utd-sv
incdirs: /tmpfs/src/github/sv-tests/third_party/tests/utd-sv
top_module: 
type: parsing
mode: parsing
files: <a href="../../../../third_party/tests/utd-sv/scbuf_fbd.v.html" target="file-frame">third_party/tests/utd-sv/scbuf_fbd.v</a>
defines: 
time_elapsed: 0.004s
ram usage: 9104 KB
</pre>
<pre class="log">

slang-driver --single-unit -I /tmpfs/src/github/sv-tests/third_party/tests/utd-sv <a href="../../../../third_party/tests/utd-sv/scbuf_fbd.v.html" target="file-frame">third_party/tests/utd-sv/scbuf_fbd.v</a>
Top level design units:
    scbuf_fbd

../../src/github/sv-tests/third_party/tests/utd-sv/scbuf_fbd.v:100:1: error: unknown module &#39;dff_s&#39;
dff_s   #(16)  ff_fbwr_wen_r3
^~~~~
../../src/github/sv-tests/third_party/tests/utd-sv/scbuf_fbd.v:124:1: error: unknown module &#39;dff_s&#39;
dff_s   #(3)   ff_fbwr_wl_r3
^~~~~
../../src/github/sv-tests/third_party/tests/utd-sv/scbuf_fbd.v:137:1: error: unknown module &#39;dff_s&#39;
dff_s   #(78)  ff_sctag_scdata_stdecc_c4
^~~~~
../../src/github/sv-tests/third_party/tests/utd-sv/scbuf_fbd.v:153:1: error: unknown module &#39;dff_s&#39;
dff_s   #(156) ff_btu_scbuf_decc_r3
^~~~~
../../src/github/sv-tests/third_party/tests/utd-sv/scbuf_fbd.v:164:1: error: unknown module &#39;dff_s&#39;
dff_s   #(1)   ff_fbd_stdatasel_c4
^~~~~
../../src/github/sv-tests/third_party/tests/utd-sv/scbuf_fbd.v:173:1: error: unknown module &#39;mux2ds&#39;
mux2ds #(624) mux_fb_array_din
^~~~~~

Build failed: 6 errors, 0 warnings

</pre>
</body>