<head>
  <style>
    .log { font-family: "Courier New", Consolas, monospace; font-size: 80%; }
    .test-failed { background-color: #ffaaaa; }
    .test-passed { background-color: #aaffaa; }
  </style>
</head>
<body>
<h3><a href="https://github.com/MikePopoloski/slang" target="_blank">slang</a></h3>
<pre class="test-failed">
description: Tests imported from utd-sv
rc: 1 (means success: 0)
tags: utd-sv
incdirs: /tmpfs/src/github/sv-tests/third_party/tests/utd-sv
top_module: 
type: parsing
mode: parsing
files: <a href="../../../../third_party/tests/utd-sv/sparc_ffu_vis.v.html" target="file-frame">third_party/tests/utd-sv/sparc_ffu_vis.v</a>
defines: 
time_elapsed: 0.003s
ram usage: 9012 KB
</pre>
<pre class="log">

slang-driver --single-unit -I /tmpfs/src/github/sv-tests/third_party/tests/utd-sv <a href="../../../../third_party/tests/utd-sv/sparc_ffu_vis.v.html" target="file-frame">third_party/tests/utd-sv/sparc_ffu_vis.v</a>
Top level design units:
    sparc_ffu_vis

../../src/github/sv-tests/third_party/tests/utd-sv/sparc_ffu_vis.v:93:4: error: unknown module &#39;sparc_ffu_part_add32&#39;
   sparc_ffu_part_add32 part_adder_hi(.z(add_out[63:32]),
   ^~~~~~~~~~~~~~~~~~~~
../../src/github/sv-tests/third_party/tests/utd-sv/sparc_ffu_vis.v:98:4: error: unknown module &#39;sparc_ffu_part_add32&#39;
   sparc_ffu_part_add32 part_adder_lo(.z(add_out[31:0]),
   ^~~~~~~~~~~~~~~~~~~~
../../src/github/sv-tests/third_party/tests/utd-sv/sparc_ffu_vis.v:111:4: error: unknown module &#39;dp_buffer&#39;
   dp_buffer #(64) align_rs1_buf(.dout(align_rs1[63:0]), .in(dp_vis_rs1_data[63:0]));
   ^~~~~~~~~
../../src/github/sv-tests/third_party/tests/utd-sv/sparc_ffu_vis.v:112:4: error: unknown module &#39;dp_buffer&#39;
   dp_buffer #(56) align_rs2_buf(.dout(align_rs2[63:8]), .in(dp_vis_rs2_data[63:8]));
   ^~~~~~~~~
../../src/github/sv-tests/third_party/tests/utd-sv/sparc_ffu_vis.v:113:4: error: unknown module &#39;mux4ds&#39;
   mux4ds #(72) falign_mux1(.dout(align_data1[71:0]),
   ^~~~~~
../../src/github/sv-tests/third_party/tests/utd-sv/sparc_ffu_vis.v:122:4: error: unknown module &#39;dp_mux2es&#39;
   dp_mux2es #(64) falign_mux2(.dout(align_out[63:0]),
   ^~~~~~~~~
../../src/github/sv-tests/third_party/tests/utd-sv/sparc_ffu_vis.v:145:4: error: unknown module &#39;mux3ds&#39;
   mux3ds #(64) pass_mux(.dout(logic_pass[63:0]),
   ^~~~~~
../../src/github/sv-tests/third_party/tests/utd-sv/sparc_ffu_vis.v:154:4: error: unknown module &#39;mux4ds&#39;
   mux4ds #(64) logic_mux(.dout(log_out[63:0]),
   ^~~~~~
../../src/github/sv-tests/third_party/tests/utd-sv/sparc_ffu_vis.v:169:4: error: unknown module &#39;mux3ds&#39;
   mux3ds #(64) output_mux(.dout(vis_dp_rd_data[63:0]),
   ^~~~~~

Build failed: 9 errors, 0 warnings

</pre>
</body>