<head>
  <style>
    .log { font-family: "Courier New", Consolas, monospace; font-size: 80%; }
    .test-failed { background-color: #ffaaaa; }
    .test-passed { background-color: #aaffaa; }
  </style>
</head>
<body>
<h3><a href="https://github.com/MikePopoloski/slang" target="_blank">slang</a></h3>
<pre class="test-failed">
description: Tests imported from utd-sv
rc: 1 (means success: 0)
tags: utd-sv
incdirs: /tmpfs/src/github/sv-tests/third_party/tests/utd-sv
top_module: 
type: parsing
mode: parsing
files: <a href="../../../../third_party/tests/utd-sv/spu_lsurpt1.v.html" target="file-frame">third_party/tests/utd-sv/spu_lsurpt1.v</a>
defines: 
time_elapsed: 0.003s
ram usage: 9008 KB
</pre>
<pre class="log">

slang-driver --single-unit -I /tmpfs/src/github/sv-tests/third_party/tests/utd-sv <a href="../../../../third_party/tests/utd-sv/spu_lsurpt1.v.html" target="file-frame">third_party/tests/utd-sv/spu_lsurpt1.v</a>
Top level design units:
    spu_lsurpt1

../../src/github/sv-tests/third_party/tests/utd-sv/spu_lsurpt1.v:149:1: error: unknown module &#39;dffe_s&#39;
dffe_s #(121) pcx_ff (
^~~~~~
../../src/github/sv-tests/third_party/tests/utd-sv/spu_lsurpt1.v:160:1: error: unknown module &#39;dffe_s&#39;
dffe_s #(2) pcx_7170_ff (
^~~~~~
../../src/github/sv-tests/third_party/tests/utd-sv/spu_lsurpt1.v:166:1: error: unknown module &#39;dp_mux2es&#39;
dp_mux2es #(2) pcx_7170_mx (
^~~~~~~~~
../../src/github/sv-tests/third_party/tests/utd-sv/spu_lsurpt1.v:181:1: error: unknown module &#39;dff_s&#39;
dff_s #(64) ldxa_data_ff (
^~~~~
../../src/github/sv-tests/third_party/tests/utd-sv/spu_lsurpt1.v:187:1: error: unknown module &#39;dff_s&#39;
dff_s #(2) ldxa_tid_ff (
^~~~~
../../src/github/sv-tests/third_party/tests/utd-sv/spu_lsurpt1.v:196:1: error: unknown module &#39;dffr_s&#39;
dffr_s #(1) ldxa_vld_ff (
^~~~~~
../../src/github/sv-tests/third_party/tests/utd-sv/spu_lsurpt1.v:203:1: error: unknown module &#39;dffr_s&#39;
dffr_s #(1) illgl_va_ff (
^~~~~~
../../src/github/sv-tests/third_party/tests/utd-sv/spu_lsurpt1.v:214:1: error: unknown module &#39;dff_s&#39;
dff_s #(64) exu_rs3_data_e_ff (
^~~~~
../../src/github/sv-tests/third_party/tests/utd-sv/spu_lsurpt1.v:220:1: error: unknown module &#39;dff_s&#39;
dff_s #(64) spu_rs3_data_m_ff (
^~~~~
../../src/github/sv-tests/third_party/tests/utd-sv/spu_lsurpt1.v:226:1: error: unknown module &#39;dff_s&#39;
dff_s #(64) spu_rs3_data_g_ff (
^~~~~
../../src/github/sv-tests/third_party/tests/utd-sv/spu_lsurpt1.v:238:1: error: unknown module &#39;dff_s&#39;
dff_s #(4) lsu_spu_stb_empty_ff (
^~~~~
../../src/github/sv-tests/third_party/tests/utd-sv/spu_lsurpt1.v:259:1: error: unknown module &#39;dff_s&#39;
dff_s  #(2) spu_ifu_ttype_tid_w2_ff (
^~~~~
../../src/github/sv-tests/third_party/tests/utd-sv/spu_lsurpt1.v:265:1: error: unknown module &#39;dff_s&#39;
dff_s  #(1) spu_lsu_unc_error_w2_ff (
^~~~~
../../src/github/sv-tests/third_party/tests/utd-sv/spu_lsurpt1.v:270:1: error: unknown module &#39;dff_s&#39;
dff_s  #(2) spu_lsu_stxa_ack_tid_ff (
^~~~~

Build failed: 14 errors, 0 warnings

</pre>
</body>