<head>
  <style>
    .log { font-family: "Courier New", Consolas, monospace; font-size: 80%; }
    .test-failed { background-color: #ffaaaa; }
    .test-passed { background-color: #aaffaa; }
  </style>
</head>
<body>
<h3><a href="https://github.com/MikePopoloski/slang" target="_blank">slang</a></h3>
<pre class="test-failed">
description: Tests imported from utd-sv
rc: 1 (means success: 0)
tags: utd-sv
incdirs: /tmpfs/src/github/sv-tests/third_party/tests/utd-sv
top_module: 
type: parsing
mode: parsing
files: <a href="../../../../third_party/tests/utd-sv/sctag_tagdp.v.html" target="file-frame">third_party/tests/utd-sv/sctag_tagdp.v</a>
defines: 
time_elapsed: 0.004s
ram usage: 9060 KB
</pre>
<pre class="log">

slang-driver --single-unit -I /tmpfs/src/github/sv-tests/third_party/tests/utd-sv <a href="../../../../third_party/tests/utd-sv/sctag_tagdp.v.html" target="file-frame">third_party/tests/utd-sv/sctag_tagdp.v</a>
Top level design units:
    sctag_tagdp

../../src/github/sv-tests/third_party/tests/utd-sv/sctag_tagdp.v:142:1: error: unknown module &#39;clken_buf&#39;
clken_buf  clk_buf  (.clk(clk_1), .rclk(rclk), .enb_l(sehold), .tmb_l(~se));
^~~~~~~~~
../../src/github/sv-tests/third_party/tests/utd-sv/sctag_tagdp.v:146:1: error: unknown module &#39;dff_s&#39;
dff_s     #(`TAG_WIDTH-6)  ff_wrdata_tag_c1  	
^~~~~                                        	
../../src/github/sv-tests/third_party/tests/utd-sv/sctag_tagdp.v:150:1: error: unknown module &#39;zzecc_sctag_24b_gen&#39;
zzecc_sctag_24b_gen     tagecc0 (.din({2&#39;b0,wrdata_tag_c1[`TAG_WIDTH-1:6]}),
^~~~~~~~~~~~~~~~~~~
../../src/github/sv-tests/third_party/tests/utd-sv/sctag_tagdp.v:182:1: error: unknown module &#39;mux2ds&#39;
mux2ds #(32) mux_cam_addr_c3 ( .dout (lkup_addr_c3[39:8]),
^~~~~~
../../src/github/sv-tests/third_party/tests/utd-sv/sctag_tagdp.v:189:1: error: unknown module &#39;dff_s&#39;
dff_s  #(30)  ff_tagdp_lkup_addr_c4  (.din(tagdp_lkup_addr_c3[39:10]), .clk(rclk),
^~~~~
../../src/github/sv-tests/third_party/tests/utd-sv/sctag_tagdp.v:197:1: error: unknown module &#39;mux4ds&#39;
mux4ds	#(`TAG_WIDTH)	mux_lru_tag (.dout (tagdp_evict_tag_c3[`TAG_WIDTH-1:0]),
^~~~~~	             	
../../src/github/sv-tests/third_party/tests/utd-sv/sctag_tagdp.v:219:1: error: unknown module &#39;dff_s&#39;
dff_s  #(`TAG_WIDTH)  ff_tagdp_evict_tag_c4  (.din(tagdp_evict_tag_c3[`TAG_WIDTH-1:0]), .clk(rclk),
^~~~~
../../src/github/sv-tests/third_party/tests/utd-sv/sctag_tagdp.v:222:1: error: unknown module &#39;dff_s&#39;
dff_s  #(`TAG_WIDTH)  ff_tagdp_diag_data_c6  (.din(tagdp_evict_tag_c4[`TAG_WIDTH-1:0]), .clk(rclk),
^~~~~
../../src/github/sv-tests/third_party/tests/utd-sv/sctag_tagdp.v:225:1: error: unknown module &#39;dff_s&#39;
dff_s  #(`TAG_WIDTH)  ff_tagdp_diag_data_c7  (.din(tagdp_diag_data_c6[`TAG_WIDTH-1:0]), .clk(rclk),
^~~~~
../../src/github/sv-tests/third_party/tests/utd-sv/sctag_tagdp.v:234:1: error: unknown module &#39;dff_s&#39;
dff_s     #(6)    ff_ecc_c2     (.din(tag_acc_ecc_c1[5:0]), .clk(rclk),
^~~~~
../../src/github/sv-tests/third_party/tests/utd-sv/sctag_tagdp.v:237:1: error: unknown module &#39;dff_s&#39;
dff_s     #(6)    ff_ecc_c3     (.din(tag_acc_ecc_c2[5:0]), .clk(rclk),
^~~~~
../../src/github/sv-tests/third_party/tests/utd-sv/sctag_tagdp.v:240:1: error: unknown module &#39;dff_s&#39;
dff_s     #(6)    ff_ecc_c4     (.din(tag_acc_ecc_c3[5:0]), .clk(rclk),
^~~~~
../../src/github/sv-tests/third_party/tests/utd-sv/sctag_tagdp.v:243:1: error: unknown module &#39;dff_s&#39;
dff_s     #(6)    ff_ecc_c5     (.din(tag_acc_ecc_c4[5:0]), .clk(rclk),
^~~~~
../../src/github/sv-tests/third_party/tests/utd-sv/sctag_tagdp.v:246:1: error: unknown module &#39;dff_s&#39;
dff_s     #(6)    ff_ecc_c6     (.din(tag_acc_ecc_c5[5:0]), .clk(rclk),
^~~~~
../../src/github/sv-tests/third_party/tests/utd-sv/sctag_tagdp.v:249:1: error: unknown module &#39;dff_s&#39;
dff_s     #(6)    ff_ecc_c7     (.din(tag_acc_ecc_c6[5:0]), .clk(rclk),
^~~~~
../../src/github/sv-tests/third_party/tests/utd-sv/sctag_tagdp.v:252:1: error: unknown module &#39;dff_s&#39;
dff_s     #(6)    ff_ecc_c8     (.din(tag_acc_ecc_c7[5:0]), .clk(rclk),
^~~~~
../../src/github/sv-tests/third_party/tests/utd-sv/sctag_tagdp.v:259:1: error: unknown module &#39;dff_s&#39;
dff_s  #(1)  ff_addr11_c4  (.din(lkup_addr_c3[11]), .clk(rclk),
^~~~~

Build failed: 17 errors, 0 warnings

</pre>
</body>