<head>
  <style>
    .log { font-family: "Courier New", Consolas, monospace; font-size: 80%; }
    .test-failed { background-color: #ffaaaa; }
    .test-passed { background-color: #aaffaa; }
  </style>
</head>
<body>
<h3><a href="https://github.com/MikePopoloski/slang" target="_blank">slang</a></h3>
<pre class="test-failed">
description: Tests imported from utd-sv
rc: 1 (means success: 0)
tags: utd-sv
incdirs: /tmpfs/src/github/sv-tests/third_party/tests/utd-sv
top_module: 
type: parsing
mode: parsing
files: <a href="../../../../third_party/tests/utd-sv/ctu_clsp_clkgn_clksel.v.html" target="file-frame">third_party/tests/utd-sv/ctu_clsp_clkgn_clksel.v</a>
defines: 
time_elapsed: 0.004s
ram usage: 9000 KB
</pre>
<pre class="log">

slang-driver --single-unit -I /tmpfs/src/github/sv-tests/third_party/tests/utd-sv <a href="../../../../third_party/tests/utd-sv/ctu_clsp_clkgn_clksel.v.html" target="file-frame">third_party/tests/utd-sv/ctu_clsp_clkgn_clksel.v</a>
Top level design units:
    ctu_clsp_clkgn_clksel

../../src/github/sv-tests/third_party/tests/utd-sv/ctu_clsp_clkgn_clksel.v:81:7: error: unknown module &#39;ctu_and2&#39;
      ctu_and2 u_capture_l_gated (.a (jtag_clock_dr), .b(capture_l), .z(nstep_clock_dr));
      ^~~~~~~~
../../src/github/sv-tests/third_party/tests/utd-sv/ctu_clsp_clkgn_clksel.v:86:7: error: unknown module &#39;ctu_mux21&#39;
      ctu_mux21 u_jtag_clock_mux_gated( .z(clock_dr), .s(testmode_l), .d0(jtag_clock_dr), 
      ^~~~~~~~~
../../src/github/sv-tests/third_party/tests/utd-sv/ctu_clsp_clkgn_clksel.v:91:8: error: unknown module &#39;ctu_clksel_async_synchronizer&#39;
       ctu_clksel_async_synchronizer u_mult_sel_clk(
       ^~~~~~~~~~~~~~~~~~~~~~~~~~~~~
../../src/github/sv-tests/third_party/tests/utd-sv/ctu_clsp_clkgn_clksel.v:99:8: error: unknown module &#39;ctu_clksel_async_synchronizer&#39;
       ctu_clksel_async_synchronizer u_byp_mult_sel_sync(
       ^~~~~~~~~~~~~~~~~~~~~~~~~~~~~
../../src/github/sv-tests/third_party/tests/utd-sv/ctu_clsp_clkgn_clksel.v:106:8: error: unknown module &#39;ctu_clksel_async_synchronizer&#39;
       ctu_clksel_async_synchronizer u_bypclk_sync(
       ^~~~~~~~~~~~~~~~~~~~~~~~~~~~~
../../src/github/sv-tests/third_party/tests/utd-sv/ctu_clsp_clkgn_clksel.v:113:8: error: unknown module &#39;ctu_clksel_async_synchronizer&#39;
       ctu_clksel_async_synchronizer u_tck_sync(
       ^~~~~~~~~~~~~~~~~~~~~~~~~~~~~
../../src/github/sv-tests/third_party/tests/utd-sv/ctu_clsp_clkgn_clksel.v:123:15: error: identifier &#39;altclk_sync_pre&#39; used before its declaration
       assign altclk_sync_pre =  byp_mult_sel_l;
              ^~~~~~~~~~~~~~~
../../src/github/sv-tests/third_party/tests/utd-sv/ctu_clsp_clkgn_clksel.v:123:15: note: declared here
       assign altclk_sync_pre =  byp_mult_sel_l;
              ^
../../src/github/sv-tests/third_party/tests/utd-sv/ctu_clsp_clkgn_clksel.v:127:8: error: unknown module &#39;bw_u1_aoi22_4x&#39;
       bw_u1_aoi22_4x u_clkout_gated ( .a1(bypclk_sync), .a2(divbypclk),
       ^~~~~~~~~~~~~~
../../src/github/sv-tests/third_party/tests/utd-sv/ctu_clsp_clkgn_clksel.v:130:8: error: unknown module &#39;ctu_inv&#39;
       ctu_inv u_altclk_sync_l_gated (.z(altclk_sync_l_bar), .a(altclk_sync_l));
       ^~~~~~~
../../src/github/sv-tests/third_party/tests/utd-sv/ctu_clsp_clkgn_clksel.v:131:8: error: unknown module &#39;bw_u1_oai21_4x&#39;
       bw_u1_oai21_4x  u_sysclk_sel_bar_gated (.a  (altclk_sync_l_bar),
       ^~~~~~~~~~~~~~
../../src/github/sv-tests/third_party/tests/utd-sv/ctu_clsp_clkgn_clksel.v:135:8: error: unknown module &#39;ctu_inv&#39;
       ctu_inv u_sysclk_sel_gated (.z(sysclk_sel), .a(sysclk_sel_bar));
       ^~~~~~~

Build failed: 11 errors, 0 warnings

</pre>
</body>