<head>
  <style>
    .log { font-family: "Courier New", Consolas, monospace; font-size: 80%; }
    .test-failed { background-color: #ffaaaa; }
    .test-passed { background-color: #aaffaa; }
  </style>
</head>
<body>
<h3><a href="https://github.com/MikePopoloski/slang" target="_blank">slang</a></h3>
<pre class="test-failed">
description: Tests imported from utd-sv
rc: 1 (means success: 0)
tags: utd-sv
incdirs: /tmpfs/src/github/sv-tests/third_party/tests/utd-sv
top_module: 
type: parsing
mode: parsing
files: <a href="../../../../third_party/tests/utd-sv/sctag_snpdp.v.html" target="file-frame">third_party/tests/utd-sv/sctag_snpdp.v</a>
defines: 
time_elapsed: 0.003s
ram usage: 9196 KB
</pre>
<pre class="log">

slang-driver --single-unit -I /tmpfs/src/github/sv-tests/third_party/tests/utd-sv <a href="../../../../third_party/tests/utd-sv/sctag_snpdp.v.html" target="file-frame">third_party/tests/utd-sv/sctag_snpdp.v</a>
Top level design units:
    sctag_snpdp

../../src/github/sv-tests/third_party/tests/utd-sv/sctag_snpdp.v:85:1: error: unknown module &#39;clken_buf&#39;
clken_buf  ckbuf_1  (.clk(clk_1), .rclk(rclk), .enb_l(~snp_hdr1_wen0_s0), .tmb_l(~se));
^~~~~~~~~
../../src/github/sv-tests/third_party/tests/utd-sv/sctag_snpdp.v:86:1: error: unknown module &#39;dff_s&#39;
dff_s   #(`JBI_HDR_SZ-3) ff_instr0    (.din(jbi_req_buf[`JBI_RQ_WR64:`JBI_SZ_LO]), .clk(clk_1),
^~~~~
../../src/github/sv-tests/third_party/tests/utd-sv/sctag_snpdp.v:93:1: error: unknown module &#39;clken_buf&#39;
clken_buf  ckbuf_2  (.clk(clk_2), .rclk(rclk), .enb_l(~snp_data1_wen0_s2), .tmb_l(~se));
^~~~~~~~~
../../src/github/sv-tests/third_party/tests/utd-sv/sctag_snpdp.v:94:1: error: unknown module &#39;dff_s&#39;
dff_s   #(2)		ff_instr0_entry ( .din(rdmad_wr_entry_s2[1:0]), .clk(clk_2),
^~~~~       		
../../src/github/sv-tests/third_party/tests/utd-sv/sctag_snpdp.v:102:1: error: unknown module &#39;dff_s&#39;
dff_s   #(1)		ff_instr0_poison ( .din(jbi_req_buf[`JBI_RQ_POISON]), .clk(clk_1),
^~~~~       		
../../src/github/sv-tests/third_party/tests/utd-sv/sctag_snpdp.v:110:1: error: unknown module &#39;dff_s&#39;
dff_s   #(8)  ff_addr0_1    (.din(jbi_req_buf[`JBI_ADDR_HI:`JBI_ADDR_LO]), .clk(clk_1),
^~~~~
../../src/github/sv-tests/third_party/tests/utd-sv/sctag_snpdp.v:119:1: error: unknown module &#39;clken_buf&#39;
clken_buf  ckbuf_4  (.clk(clk_4), .rclk(rclk), .enb_l(~snp_hdr2_wen0_s1), .tmb_l(~se));
^~~~~~~~~
../../src/github/sv-tests/third_party/tests/utd-sv/sctag_snpdp.v:120:1: error: unknown module &#39;dff_s&#39;
dff_s   #(32) ff_addr0_2    (.din(jbi_req_buf[31:0]), .clk(clk_4),
^~~~~
../../src/github/sv-tests/third_party/tests/utd-sv/sctag_snpdp.v:129:1: error: unknown module &#39;clken_buf&#39;
clken_buf  ckbuf_5  (.clk(clk_5), .rclk(rclk), .enb_l(~snp_data1_wen0_s2), .tmb_l(~se));
^~~~~~~~~
../../src/github/sv-tests/third_party/tests/utd-sv/sctag_snpdp.v:130:1: error: unknown module &#39;dff_s&#39;
dff_s   #(32) ff_data0_1    (.din(jbi_req_buf[31:0]), .clk(clk_5),
^~~~~
../../src/github/sv-tests/third_party/tests/utd-sv/sctag_snpdp.v:140:1: error: unknown module &#39;clken_buf&#39;
clken_buf  ckbuf_6  (.clk(clk_6), .rclk(rclk), .enb_l(~snp_data2_wen0_s3), .tmb_l(~se));
^~~~~~~~~
../../src/github/sv-tests/third_party/tests/utd-sv/sctag_snpdp.v:141:1: error: unknown module &#39;dff_s&#39;
dff_s   #(32) ff_data0_2    (.din(jbi_req_buf[31:0]), .clk(clk_6),
^~~~~
../../src/github/sv-tests/third_party/tests/utd-sv/sctag_snpdp.v:153:1: error: unknown module &#39;clken_buf&#39;
clken_buf  ckbuf_7  (.clk(clk_7), .rclk(rclk), .enb_l(~snp_hdr1_wen1_s0), .tmb_l(~se));
^~~~~~~~~
../../src/github/sv-tests/third_party/tests/utd-sv/sctag_snpdp.v:154:1: error: unknown module &#39;dff_s&#39;
dff_s   #(`JBI_HDR_SZ-3) ff_instr1    (.din(jbi_req_buf[`JBI_RQ_WR64:`JBI_SZ_LO]), .clk(clk_7),
^~~~~
../../src/github/sv-tests/third_party/tests/utd-sv/sctag_snpdp.v:161:1: error: unknown module &#39;clken_buf&#39;
clken_buf  ckbuf_8  (.clk(clk_8), .rclk(rclk), .enb_l(~snp_data1_wen1_s2), .tmb_l(~se));
^~~~~~~~~
../../src/github/sv-tests/third_party/tests/utd-sv/sctag_snpdp.v:162:1: error: unknown module &#39;dff_s&#39;
dff_s   #(2)		ff_instr1_entry ( .din(rdmad_wr_entry_s2[1:0]), .clk(clk_8),
^~~~~       		
../../src/github/sv-tests/third_party/tests/utd-sv/sctag_snpdp.v:169:1: error: unknown module &#39;dff_s&#39;
dff_s   #(1)		ff_instr1_poison ( .din(jbi_req_buf[`JBI_RQ_POISON]), .clk(clk_7),
^~~~~       		
../../src/github/sv-tests/third_party/tests/utd-sv/sctag_snpdp.v:177:1: error: unknown module &#39;dff_s&#39;
dff_s   #(8)  ff_addr1_1    (.din(jbi_req_buf[`JBI_ADDR_HI:`JBI_ADDR_LO]), .clk(clk_7),
^~~~~
../../src/github/sv-tests/third_party/tests/utd-sv/sctag_snpdp.v:186:1: error: unknown module &#39;clken_buf&#39;
clken_buf  ckbuf_10  (.clk(clk_10), .rclk(rclk), .enb_l(~snp_hdr2_wen1_s1), .tmb_l(~se));
^~~~~~~~~
../../src/github/sv-tests/third_party/tests/utd-sv/sctag_snpdp.v:187:1: error: unknown module &#39;dff_s&#39;
dff_s   #(32) ff_addr1_2    (.din(jbi_req_buf[31:0]), .clk(clk_10),
^~~~~
fatal error: too many errors emitted, stopping now [--error-limit=]

Build failed: 20 errors, 0 warnings

</pre>
</body>