<head>
  <style>
    .log { font-family: "Courier New", Consolas, monospace; font-size: 80%; }
    .test-failed { background-color: #ffaaaa; }
    .test-passed { background-color: #aaffaa; }
  </style>
</head>
<body>
<h3><a href="https://github.com/MikePopoloski/slang" target="_blank">slang</a></h3>
<pre class="test-failed">
description: Tests imported from utd-sv
rc: 1 (means success: 0)
tags: utd-sv
incdirs: /tmpfs/src/github/sv-tests/third_party/tests/utd-sv
top_module: 
type: parsing
mode: parsing
files: <a href="../../../../third_party/tests/utd-sv/ucb_bus_in.v.html" target="file-frame">third_party/tests/utd-sv/ucb_bus_in.v</a>
defines: 
time_elapsed: 0.004s
ram usage: 9132 KB
</pre>
<pre class="log">

slang-driver --single-unit -I /tmpfs/src/github/sv-tests/third_party/tests/utd-sv <a href="../../../../third_party/tests/utd-sv/ucb_bus_in.v.html" target="file-frame">third_party/tests/utd-sv/ucb_bus_in.v</a>
Top level design units:
    ucb_bus_in

../../src/github/sv-tests/third_party/tests/utd-sv/ucb_bus_in.v:102:4: error: unknown module &#39;dffrle_ns&#39;
   dffrle_ns #(1) vld_d1_ff (.din(vld),
   ^~~~~~~~~
../../src/github/sv-tests/third_party/tests/utd-sv/ucb_bus_in.v:108:4: error: unknown module &#39;dffe_ns&#39;
   dffe_ns #(UCB_BUS_WIDTH) data_d1_ff (.din(data),
   ^~~~~~~
../../src/github/sv-tests/third_party/tests/utd-sv/ucb_bus_in.v:113:4: error: unknown module &#39;dffrl_ns&#39;
   dffrl_ns #(1) stall_ff (.din(stall_a1),
   ^~~~~~~~
../../src/github/sv-tests/third_party/tests/utd-sv/ucb_bus_in.v:118:4: error: unknown module &#39;dffrl_ns&#39;
   dffrl_ns #(1) stall_d1_ff (.din(stall),
   ^~~~~~~~
../../src/github/sv-tests/third_party/tests/utd-sv/ucb_bus_in.v:136:4: error: unknown module &#39;dffrle_ns&#39;
   dffrle_ns #(1) vld_buf0_ff (.din(vld_d1),
   ^~~~~~~~~
../../src/github/sv-tests/third_party/tests/utd-sv/ucb_bus_in.v:142:4: error: unknown module &#39;dffe_ns&#39;
   dffe_ns #(UCB_BUS_WIDTH) data_buf0_ff (.din(data_d1),
   ^~~~~~~
../../src/github/sv-tests/third_party/tests/utd-sv/ucb_bus_in.v:148:4: error: unknown module &#39;dffrl_ns&#39;
   dffrl_ns #(1) skid_buf1_en_ff (.din(skid_buf0_en),
   ^~~~~~~~
../../src/github/sv-tests/third_party/tests/utd-sv/ucb_bus_in.v:153:4: error: unknown module &#39;dffrle_ns&#39;
   dffrle_ns #(1) vld_buf1_ff (.din(vld_d1),
   ^~~~~~~~~
../../src/github/sv-tests/third_party/tests/utd-sv/ucb_bus_in.v:159:4: error: unknown module &#39;dffe_ns&#39;
   dffe_ns #(UCB_BUS_WIDTH) data_buf1_ff (.din(data_d1),
   ^~~~~~~
../../src/github/sv-tests/third_party/tests/utd-sv/ucb_bus_in.v:175:4: error: unknown module &#39;dffrl_ns&#39;
   dffrl_ns #(1) skid_buf1_sel_ff (.din(skid_buf0_sel),
   ^~~~~~~~
../../src/github/sv-tests/third_party/tests/utd-sv/ucb_bus_in.v:195:4: error: unknown module &#39;dffrle_ns&#39;
   dffrle_ns #((REG_WIDTH+64)/UCB_BUS_WIDTH) indata_vec_ff (.din(indata_vec_next),
   ^~~~~~~~~
../../src/github/sv-tests/third_party/tests/utd-sv/ucb_bus_in.v:204:4: error: unknown module &#39;dffe_ns&#39;
   dffe_ns #(REG_WIDTH+64) indata_buf_ff (.din(indata_buf_next),
   ^~~~~~~
../../src/github/sv-tests/third_party/tests/utd-sv/ucb_bus_in.v:210:4: error: unknown module &#39;dffrle_ns&#39;
   dffrle_ns #(1) indata_vec0_d1_ff (.din(indata_vec[0]),
   ^~~~~~~~~

Build failed: 13 errors, 0 warnings

</pre>
</body>