<head>
  <style>
    .log { font-family: "Courier New", Consolas, monospace; font-size: 80%; }
    .test-failed { background-color: #ffaaaa; }
    .test-passed { background-color: #aaffaa; }
  </style>
</head>
<body>
<h3><a href="https://github.com/MikePopoloski/slang" target="_blank">slang</a></h3>
<pre class="test-failed">
description: Tests imported from utd-sv
rc: 1 (means success: 0)
tags: utd-sv
incdirs: /tmpfs/src/github/sv-tests/third_party/tests/utd-sv
top_module: 
type: parsing
mode: parsing
files: <a href="../../../../third_party/tests/utd-sv/sctag_snpctl.v.html" target="file-frame">third_party/tests/utd-sv/sctag_snpctl.v</a>
defines: 
time_elapsed: 0.004s
ram usage: 9072 KB
</pre>
<pre class="log">

slang-driver --single-unit -I /tmpfs/src/github/sv-tests/third_party/tests/utd-sv <a href="../../../../third_party/tests/utd-sv/sctag_snpctl.v.html" target="file-frame">third_party/tests/utd-sv/sctag_snpctl.v</a>
Top level design units:
    sctag_snpctl

../../src/github/sv-tests/third_party/tests/utd-sv/sctag_snpctl.v:88:2: error: unknown module &#39;dffrl_async&#39;
 dffrl_async    #(1)    reset_flop      (.q(dbb_rst_l),
 ^~~~~~~~~~~
../../src/github/sv-tests/third_party/tests/utd-sv/sctag_snpctl.v:169:1: error: unknown module &#39;dff_s&#39;
dff_s     #(1)    ff_jbi_req_vld_s0     (.din(jbi_req_vld_buf), .clk(rclk),
^~~~~
../../src/github/sv-tests/third_party/tests/utd-sv/sctag_snpctl.v:175:1: error: unknown module &#39;dffre_s&#39;
dffre_s   #(1)  ff_winv_rq_active_s2  (.din(snpdp_rq_winv_s1),
^~~~~~~
../../src/github/sv-tests/third_party/tests/utd-sv/sctag_snpctl.v:187:1: error: unknown module &#39;mux2ds&#39;
mux2ds #(5)  mux_snpiq_cnt (.dout (snpiq_cnt_in[4:0]),
^~~~~~
../../src/github/sv-tests/third_party/tests/utd-sv/sctag_snpctl.v:191:1: error: unknown module &#39;dffre_s&#39;
dffre_s   #(5)  ff_snpiq_cnt  (.din(snpiq_cnt_in[4:0]),
^~~~~~~
../../src/github/sv-tests/third_party/tests/utd-sv/sctag_snpctl.v:209:1: error: unknown module &#39;dffrl_s&#39;
dffrl_s #(1)  ff_wr_ptr (.q(wr_ptr), .din (wr_ptr_in),
^~~~~~~
../../src/github/sv-tests/third_party/tests/utd-sv/sctag_snpctl.v:267:1: error: unknown module &#39;dff_s&#39;
dff_s     #(16)    ff_rdmadata_wen_s2     (.din(rdmadata_wen_s1[15:0]), .clk(rclk),
^~~~~
../../src/github/sv-tests/third_party/tests/utd-sv/sctag_snpctl.v:270:1: error: unknown module &#39;dffre_s&#39;
dffre_s   #(1)  ff_winv_rq_active_s2_1  (.din(snpdp_rq_winv_s1),
^~~~~~~
../../src/github/sv-tests/third_party/tests/utd-sv/sctag_snpctl.v:283:1: error: unknown module &#39;dff_s&#39;
dff_s     #(2)    ff_rdmad_wr_entry_s2     (.din(rdmat_wr_entry_s1[1:0]), .clk(rclk),
^~~~~
../../src/github/sv-tests/third_party/tests/utd-sv/sctag_snpctl.v:286:1: error: unknown module &#39;mux2ds&#39;
mux2ds  #(2)    mux_rdmad_wr_entry_s2 (.dout (rdmad_wr_wl_s2[1:0]) ,
^~~~~~
../../src/github/sv-tests/third_party/tests/utd-sv/sctag_snpctl.v:294:1: error: unknown module &#39;dffrl_s&#39;
dffrl_s     #(2)    ff_rdmad_wr_entry_s2_d1     (.din(rdmad_wr_wl_s2[1:0]), .clk(rclk),
^~~~~~~
../../src/github/sv-tests/third_party/tests/utd-sv/sctag_snpctl.v:316:1: error: unknown module &#39;dffrl_s&#39;
dffrl_s #(2)  ff_snp_valid (.q(snpq_valid[1:0]), .din (snpq_valid_in[1:0]),
^~~~~~~
../../src/github/sv-tests/third_party/tests/utd-sv/sctag_snpctl.v:335:1: error: unknown module &#39;dffrl_s&#39;
dffrl_s #(1)  ff_rd_ptr (.q(rd_ptr), .din (rd_ptr_in),
^~~~~~~

Build failed: 13 errors, 0 warnings

</pre>
</body>