<head>
  <style>
    .log { font-family: "Courier New", Consolas, monospace; font-size: 80%; }
    .test-failed { background-color: #ffaaaa; }
    .test-passed { background-color: #aaffaa; }
  </style>
</head>
<body>
<h3><a href="https://github.com/MikePopoloski/slang" target="_blank">slang</a></h3>
<pre class="test-failed">
description: Tests imported from utd-sv
rc: 1 (means success: 0)
tags: utd-sv
incdirs: /tmpfs/src/github/sv-tests/third_party/tests/utd-sv
top_module: 
type: parsing
mode: parsing
files: <a href="../../../../third_party/tests/utd-sv/spu_maexp.v.html" target="file-frame">third_party/tests/utd-sv/spu_maexp.v</a>
defines: 
time_elapsed: 0.004s
ram usage: 9200 KB
</pre>
<pre class="log">

slang-driver --single-unit -I /tmpfs/src/github/sv-tests/third_party/tests/utd-sv <a href="../../../../third_party/tests/utd-sv/spu_maexp.v.html" target="file-frame">third_party/tests/utd-sv/spu_maexp.v</a>
Top level design units:
    spu_maexp

../../src/github/sv-tests/third_party/tests/utd-sv/spu_maexp.v:103:1: error: unknown module &#39;dffre_s&#39;
dffre_s    #(1) spu_maexp_done_ff (
^~~~~~~
../../src/github/sv-tests/third_party/tests/utd-sv/spu_maexp.v:132:1: error: unknown module &#39;dff_s&#39;
dff_s    #(1) idle_state_ff (
^~~~~
../../src/github/sv-tests/third_party/tests/utd-sv/spu_maexp.v:137:1: error: unknown module &#39;dffr_s&#39;
dffr_s  #(1) rde_state_ff (
^~~~~~
../../src/github/sv-tests/third_party/tests/utd-sv/spu_maexp.v:142:1: error: unknown module &#39;dffr_s&#39;
dffr_s  #(1) gotomulred1_state_ff (
^~~~~~
../../src/github/sv-tests/third_party/tests/utd-sv/spu_maexp.v:147:1: error: unknown module &#39;dffr_s&#39;
dffr_s  #(1) echk_state_ff (
^~~~~~
../../src/github/sv-tests/third_party/tests/utd-sv/spu_maexp.v:152:1: error: unknown module &#39;dffr_s&#39;
dffr_s  #(1) gotomulred2_state_ff (
^~~~~~
../../src/github/sv-tests/third_party/tests/utd-sv/spu_maexp.v:157:1: error: unknown module &#39;dffr_s&#39;
dffr_s  #(1) esmax_state_ff (
^~~~~~
../../src/github/sv-tests/third_party/tests/utd-sv/spu_maexp.v:169:47: error: use of undeclared identifier &#39;cur_esmax_state&#39;; did you mean &#39;nxt_esmax_state&#39;?
assign tr2idle_frm_esmax = spu_maaddr_esmax &amp; cur_esmax_state;
                                              ^~~~~~~~~~~~~~~
../../src/github/sv-tests/third_party/tests/utd-sv/spu_maexp.v:236:8: note: declared here
assign nxt_esmax_state = (
       ^
../../src/github/sv-tests/third_party/tests/utd-sv/spu_maexp.v:173:9: error: identifier &#39;nxt_idle_state&#39; used before its declaration
assign  nxt_idle_state = (
        ^~~~~~~~~~~~~~
../../src/github/sv-tests/third_party/tests/utd-sv/spu_maexp.v:173:9: note: declared here
assign  nxt_idle_state = (
        ^
../../src/github/sv-tests/third_party/tests/utd-sv/spu_maexp.v:176:27: error: use of undeclared identifier &#39;cur_idle_state&#39;; did you mean &#39;cur_rde_state&#39;?
                         (cur_idle_state &amp; ~expop_start));
                          ^~~~~~~~~~~~~~
../../src/github/sv-tests/third_party/tests/utd-sv/spu_maexp.v:92:6: note: declared here
wire cur_rde_state;
     ^
../../src/github/sv-tests/third_party/tests/utd-sv/spu_maexp.v:181:26: error: use of undeclared identifier &#39;cur_idle_state&#39;; did you mean &#39;cur_rde_state&#39;?
assign tr2rde_frm_idle = cur_idle_state &amp; expop_start;
                         ^~~~~~~~~~~~~~
../../src/github/sv-tests/third_party/tests/utd-sv/spu_maexp.v:92:6: note: declared here
wire cur_rde_state;
     ^
../../src/github/sv-tests/third_party/tests/utd-sv/spu_maexp.v:194:27: error: use of undeclared identifier &#39;cur_esmax_state&#39;; did you mean &#39;nxt_esmax_state&#39;?
assign tr2rde_frm_esmax = cur_esmax_state &amp; ~spu_maaddr_esmax &amp; spu_maaddr_esmod64;
                          ^~~~~~~~~~~~~~~
../../src/github/sv-tests/third_party/tests/utd-sv/spu_maexp.v:236:8: note: declared here
assign nxt_esmax_state = (
       ^
../../src/github/sv-tests/third_party/tests/utd-sv/spu_maexp.v:196:8: error: identifier &#39;nxt_rde_state&#39; used before its declaration
assign nxt_rde_state = (
       ^~~~~~~~~~~~~
../../src/github/sv-tests/third_party/tests/utd-sv/spu_maexp.v:196:8: note: declared here
assign nxt_rde_state = (
       ^
../../src/github/sv-tests/third_party/tests/utd-sv/spu_maexp.v:204:35: error: use of undeclared identifier &#39;cur_esmax_state&#39;; did you mean &#39;nxt_esmax_state&#39;?
assign tr2gotomulred1_frm_esmax = cur_esmax_state &amp; ~spu_maaddr_esmax &amp; 
                                  ^~~~~~~~~~~~~~~
../../src/github/sv-tests/third_party/tests/utd-sv/spu_maexp.v:236:8: note: declared here
assign nxt_esmax_state = (
       ^
../../src/github/sv-tests/third_party/tests/utd-sv/spu_maexp.v:207:8: error: identifier &#39;nxt_gotomulred1_state&#39; used before its declaration
assign nxt_gotomulred1_state = (
       ^~~~~~~~~~~~~~~~~~~~~
../../src/github/sv-tests/third_party/tests/utd-sv/spu_maexp.v:207:8: note: declared here
assign nxt_gotomulred1_state = (
       ^
../../src/github/sv-tests/third_party/tests/utd-sv/spu_maexp.v:210:7: error: use of undeclared identifier &#39;cur_gotomulred1_state&#39;; did you mean &#39;nxt_gotomulred1_state&#39;?
			  (cur_gotomulred1_state &amp; ~spu_mared_red_done) );
			   ^~~~~~~~~~~~~~~~~~~~~
../../src/github/sv-tests/third_party/tests/utd-sv/spu_maexp.v:207:8: note: declared here
assign nxt_gotomulred1_state = (
       ^
../../src/github/sv-tests/third_party/tests/utd-sv/spu_maexp.v:215:34: error: use of undeclared identifier &#39;cur_gotomulred1_state&#39;; did you mean &#39;nxt_gotomulred1_state&#39;?
assign tr2echk_frm_gotomulred1 = cur_gotomulred1_state &amp; spu_mared_red_done; 
                                 ^~~~~~~~~~~~~~~~~~~~~
../../src/github/sv-tests/third_party/tests/utd-sv/spu_maexp.v:207:8: note: declared here
assign nxt_gotomulred1_state = (
       ^
../../src/github/sv-tests/third_party/tests/utd-sv/spu_maexp.v:217:8: error: identifier &#39;nxt_echk_state&#39; used before its declaration
assign nxt_echk_state = (
       ^~~~~~~~~~~~~~
../../src/github/sv-tests/third_party/tests/utd-sv/spu_maexp.v:217:8: note: declared here
assign nxt_echk_state = (
       ^
../../src/github/sv-tests/third_party/tests/utd-sv/spu_maexp.v:223:34: error: use of undeclared identifier &#39;cur_echk_state&#39;; did you mean &#39;nxt_echk_state&#39;?
assign tr2gotomulred2_frm_echk = cur_echk_state &amp; spu_madp_e_eq_one; 
                                 ^~~~~~~~~~~~~~
../../src/github/sv-tests/third_party/tests/utd-sv/spu_maexp.v:217:8: note: declared here
assign nxt_echk_state = (
       ^
../../src/github/sv-tests/third_party/tests/utd-sv/spu_maexp.v:225:8: error: identifier &#39;nxt_gotomulred2_state&#39; used before its declaration
assign nxt_gotomulred2_state = (
       ^~~~~~~~~~~~~~~~~~~~~
../../src/github/sv-tests/third_party/tests/utd-sv/spu_maexp.v:225:8: note: declared here
assign nxt_gotomulred2_state = (
       ^
fatal error: too many errors emitted, stopping now [--error-limit=]

Build failed: 20 errors, 0 warnings

</pre>
</body>