<head>
  <style>
    .log { font-family: "Courier New", Consolas, monospace; font-size: 80%; }
    .test-failed { background-color: #ffaaaa; }
    .test-passed { background-color: #aaffaa; }
  </style>
</head>
<body>
<h3><a href="https://github.com/MikePopoloski/slang" target="_blank">slang</a></h3>
<pre class="test-failed">
description: Tests imported from utd-sv
rc: 1 (means success: 0)
tags: utd-sv
incdirs: /tmpfs/src/github/sv-tests/third_party/tests/utd-sv
top_module: 
type: parsing
mode: parsing
files: <a href="../../../../third_party/tests/utd-sv/lsu_dcdp.v.html" target="file-frame">third_party/tests/utd-sv/lsu_dcdp.v</a>
defines: 
time_elapsed: 0.004s
ram usage: 9076 KB
</pre>
<pre class="log">

slang-driver --single-unit -I /tmpfs/src/github/sv-tests/third_party/tests/utd-sv <a href="../../../../third_party/tests/utd-sv/lsu_dcdp.v.html" target="file-frame">third_party/tests/utd-sv/lsu_dcdp.v</a>
Top level design units:
    lsu_dcdp

../../src/github/sv-tests/third_party/tests/utd-sv/lsu_dcdp.v:245:1: error: unknown module &#39;mux4ds&#39;
mux4ds #(8) align_byte0_1h_mx (
^~~~~~
../../src/github/sv-tests/third_party/tests/utd-sv/lsu_dcdp.v:270:1: error: unknown module &#39;mux4ds&#39;
mux4ds #(8) align_byte0_2h_mx (
^~~~~~
../../src/github/sv-tests/third_party/tests/utd-sv/lsu_dcdp.v:306:1: error: unknown module &#39;mux4ds&#39;
mux4ds #(8) align_byte1_1h_mx (
^~~~~~
../../src/github/sv-tests/third_party/tests/utd-sv/lsu_dcdp.v:331:1: error: unknown module &#39;mux4ds&#39;
mux4ds #(8) align_byte1_2h_mx (
^~~~~~
../../src/github/sv-tests/third_party/tests/utd-sv/lsu_dcdp.v:384:1: error: unknown module &#39;mux4ds&#39;
mux4ds #(8) align_byte2_1st_mx (
^~~~~~
../../src/github/sv-tests/third_party/tests/utd-sv/lsu_dcdp.v:430:1: error: unknown module &#39;mux4ds&#39;
mux4ds #(8) align_byte3_1st_mx (
^~~~~~
../../src/github/sv-tests/third_party/tests/utd-sv/lsu_dcdp.v:582:1: error: unknown module &#39;dff_s&#39;
dff_s #(32) ld_data_msb_stgg (
^~~~~
../../src/github/sv-tests/third_party/tests/utd-sv/lsu_dcdp.v:592:1: error: unknown module &#39;dff_s&#39;
dff_s #(5) dcache_alt_stgm  (
^~~~~
../../src/github/sv-tests/third_party/tests/utd-sv/lsu_dcdp.v:602:1: error: unknown module &#39;dff_s&#39;
dff_s #(5) dcache_alt_stgg  (
^~~~~
../../src/github/sv-tests/third_party/tests/utd-sv/lsu_dcdp.v:630:1: error: unknown module &#39;dff_s&#39;
dff_s #(3) ldst_size_stgg(
^~~~~
../../src/github/sv-tests/third_party/tests/utd-sv/lsu_dcdp.v:639:1: error: unknown module &#39;dff_s&#39;
dff_s #(8) stgg_morphadd(
^~~~~
../../src/github/sv-tests/third_party/tests/utd-sv/lsu_dcdp.v:898:1: error: unknown module &#39;dff_s&#39;
dff_s #(37) stgg_mergesel(
^~~~~

Build failed: 12 errors, 0 warnings

</pre>
</body>