<head>
  <style>
    .log { font-family: "Courier New", Consolas, monospace; font-size: 80%; }
    .test-failed { background-color: #ffaaaa; }
    .test-passed { background-color: #aaffaa; }
  </style>
</head>
<body>
<h3><a href="https://github.com/MikePopoloski/slang" target="_blank">slang</a></h3>
<pre class="test-failed">
description: Tests imported from utd-sv
rc: 1 (means success: 0)
should_fail: 0
tags: utd-sv
incdirs: /tmpfs/src/github/sv-tests/third_party/tests/utd-sv
top_module: 
type: parsing
mode: parsing
files: <a href="../../../../third_party/tests/utd-sv/synchronizer_asr_dup.v.html" target="file-frame">third_party/tests/utd-sv/synchronizer_asr_dup.v</a>
time_elapsed: 0.000s
ram usage: 9616 KB
</pre>
<pre class="log">

slang-driver --single-unit -I/tmpfs/src/github/sv-tests/third_party/tests/utd-sv <a href="../../../../third_party/tests/utd-sv/synchronizer_asr_dup.v.html" target="file-frame">third_party/tests/utd-sv/synchronizer_asr_dup.v</a>
../../src/github/sv-tests/third_party/tests/utd-sv/synchronizer_asr_dup.v:42:4: error: unknown module &#39;bw_u1_soff_8x&#39;
   bw_u1_soff_8x repeater (
   ^~~~~~~~~~~~~
../../src/github/sv-tests/third_party/tests/utd-sv/synchronizer_asr_dup.v:50:4: error: unknown module &#39;bw_u1_scanl_2x&#39;
   bw_u1_scanl_2x lockup (
   ^~~~~~~~~~~~~~
../../src/github/sv-tests/third_party/tests/utd-sv/synchronizer_asr_dup.v:56:4: error: unknown module &#39;bw_u1_soffasr_2x&#39;
   bw_u1_soffasr_2x syncff (
   ^~~~~~~~~~~~~~~~

</pre>
</body>