<head>
  <style>
    .log { font-family: "Courier New", Consolas, monospace; font-size: 80%; }
    .test-failed { background-color: #ffaaaa; }
    .test-passed { background-color: #aaffaa; }
  </style>
</head>
<body>
<h3><a href="https://github.com/MikePopoloski/slang" target="_blank">slang</a></h3>
<pre class="test-failed">
description: Tests imported from utd-sv
rc: 1 (means success: 0)
tags: utd-sv
incdirs: /tmpfs/src/github/sv-tests/third_party/tests/utd-sv
top_module: 
type: parsing
mode: parsing
files: <a href="../../../../third_party/tests/utd-sv/lsu_tagdp.v.html" target="file-frame">third_party/tests/utd-sv/lsu_tagdp.v</a>
defines: 
time_elapsed: 0.003s
ram usage: 8992 KB
</pre>
<pre class="log">

slang-driver --single-unit -I /tmpfs/src/github/sv-tests/third_party/tests/utd-sv <a href="../../../../third_party/tests/utd-sv/lsu_tagdp.v.html" target="file-frame">third_party/tests/utd-sv/lsu_tagdp.v</a>
Top level design units:
    lsu_tagdp

../../src/github/sv-tests/third_party/tests/utd-sv/lsu_tagdp.v:90:1: error: unknown module &#39;mux4ds&#39;
mux4ds  #(31) dtag_rdata_sel (
^~~~~~
../../src/github/sv-tests/third_party/tests/utd-sv/lsu_tagdp.v:102:1: error: unknown module &#39;dff_s&#39;
dff_s  #(31) dtag_rdata_sel_g_ff (
^~~~~
../../src/github/sv-tests/third_party/tests/utd-sv/lsu_tagdp.v:108:1: error: unknown module &#39;mux4ds&#39;
mux4ds  #(64) lsu_misc_rdata_sel (
^~~~~~
../../src/github/sv-tests/third_party/tests/utd-sv/lsu_tagdp.v:120:1: error: unknown module &#39;dff_s&#39;
dff_s  #(64) lsu_misc_rdata_w2_ff (
^~~~~
../../src/github/sv-tests/third_party/tests/utd-sv/lsu_tagdp.v:132:1: error: unknown module &#39;dff_s&#39;
dff_s  #(4) dtag_rdata_parity_g_ff (
^~~~~
../../src/github/sv-tests/third_party/tests/utd-sv/lsu_tagdp.v:169:1: error: unknown module &#39;dff_s&#39;
dff_s  #(4) dtag_rdata_w0_8b_parity_g_ff (
^~~~~
../../src/github/sv-tests/third_party/tests/utd-sv/lsu_tagdp.v:175:1: error: unknown module &#39;dff_s&#39;
dff_s  #(4) dtag_rdata_w1_8b_parity_g_ff (
^~~~~
../../src/github/sv-tests/third_party/tests/utd-sv/lsu_tagdp.v:181:1: error: unknown module &#39;dff_s&#39;
dff_s  #(4) dtag_rdata_w2_8b_parity_g_ff (
^~~~~
../../src/github/sv-tests/third_party/tests/utd-sv/lsu_tagdp.v:187:1: error: unknown module &#39;dff_s&#39;
dff_s  #(4) dtag_rdata_w3_8b_parity_g_ff (
^~~~~

Build failed: 9 errors, 0 warnings

</pre>
</body>