<head>
  <style>
    .log { font-family: "Courier New", Consolas, monospace; font-size: 80%; }
    .test-failed { background-color: #ffaaaa; }
    .test-passed { background-color: #aaffaa; }
  </style>
</head>
<body>
<h3><a href="https://github.com/MikePopoloski/slang" target="_blank">slang</a></h3>
<pre class="test-failed">
description: Tests imported from utd-sv
rc: 1 (means success: 0)
tags: utd-sv
incdirs: /tmpfs/src/github/sv-tests/third_party/tests/utd-sv
top_module: 
type: parsing
mode: parsing
files: <a href="../../../../third_party/tests/utd-sv/fpu_in2_gt_in1_frac.v.html" target="file-frame">third_party/tests/utd-sv/fpu_in2_gt_in1_frac.v</a>
defines: 
time_elapsed: 0.002s
ram usage: 9168 KB
</pre>
<pre class="log">

slang-driver --single-unit -I /tmpfs/src/github/sv-tests/third_party/tests/utd-sv <a href="../../../../third_party/tests/utd-sv/fpu_in2_gt_in1_frac.v.html" target="file-frame">third_party/tests/utd-sv/fpu_in2_gt_in1_frac.v</a>
Top level design units:
    fpu_in2_gt_in1_frac

../../src/github/sv-tests/third_party/tests/utd-sv/fpu_in2_gt_in1_frac.v:110:1: error: unknown module &#39;fpu_in2_gt_in1_3b&#39;
fpu_in2_gt_in1_3b fpu_in2_gt_in1_54_52 (
^~~~~~~~~~~~~~~~~
../../src/github/sv-tests/third_party/tests/utd-sv/fpu_in2_gt_in1_frac.v:118:1: error: unknown module &#39;fpu_in2_gt_in1_2b&#39;
fpu_in2_gt_in1_2b fpu_in2_gt_in1_51_50 (
^~~~~~~~~~~~~~~~~
../../src/github/sv-tests/third_party/tests/utd-sv/fpu_in2_gt_in1_frac.v:126:1: error: unknown module &#39;fpu_in2_gt_in1_2b&#39;
fpu_in2_gt_in1_2b fpu_in2_gt_in1_49_48 (
^~~~~~~~~~~~~~~~~
../../src/github/sv-tests/third_party/tests/utd-sv/fpu_in2_gt_in1_frac.v:134:1: error: unknown module &#39;fpu_in2_gt_in1_3b&#39;
fpu_in2_gt_in1_3b fpu_in2_gt_in1_47_45 (
^~~~~~~~~~~~~~~~~
../../src/github/sv-tests/third_party/tests/utd-sv/fpu_in2_gt_in1_frac.v:142:1: error: unknown module &#39;fpu_in2_gt_in1_3b&#39;
fpu_in2_gt_in1_3b fpu_in2_gt_in1_44_42 (
^~~~~~~~~~~~~~~~~
../../src/github/sv-tests/third_party/tests/utd-sv/fpu_in2_gt_in1_frac.v:150:1: error: unknown module &#39;fpu_in2_gt_in1_3b&#39;
fpu_in2_gt_in1_3b fpu_in2_gt_in1_41_39 (
^~~~~~~~~~~~~~~~~
../../src/github/sv-tests/third_party/tests/utd-sv/fpu_in2_gt_in1_frac.v:158:1: error: unknown module &#39;fpu_in2_gt_in1_3b&#39;
fpu_in2_gt_in1_3b fpu_in2_gt_in1_38_36 (
^~~~~~~~~~~~~~~~~
../../src/github/sv-tests/third_party/tests/utd-sv/fpu_in2_gt_in1_frac.v:166:1: error: unknown module &#39;fpu_in2_gt_in1_3b&#39;
fpu_in2_gt_in1_3b fpu_in2_gt_in1_35_33 (
^~~~~~~~~~~~~~~~~
../../src/github/sv-tests/third_party/tests/utd-sv/fpu_in2_gt_in1_frac.v:174:1: error: unknown module &#39;fpu_in2_gt_in1_3b&#39;
fpu_in2_gt_in1_3b fpu_in2_gt_in1_32_30 (
^~~~~~~~~~~~~~~~~
../../src/github/sv-tests/third_party/tests/utd-sv/fpu_in2_gt_in1_frac.v:182:1: error: unknown module &#39;fpu_in2_gt_in1_3b&#39;
fpu_in2_gt_in1_3b fpu_in2_gt_in1_29_27 (
^~~~~~~~~~~~~~~~~
../../src/github/sv-tests/third_party/tests/utd-sv/fpu_in2_gt_in1_frac.v:190:1: error: unknown module &#39;fpu_in2_gt_in1_3b&#39;
fpu_in2_gt_in1_3b fpu_in2_gt_in1_26_24 (
^~~~~~~~~~~~~~~~~
../../src/github/sv-tests/third_party/tests/utd-sv/fpu_in2_gt_in1_frac.v:198:1: error: unknown module &#39;fpu_in2_gt_in1_3b&#39;
fpu_in2_gt_in1_3b fpu_in2_gt_in1_23_21 (
^~~~~~~~~~~~~~~~~
../../src/github/sv-tests/third_party/tests/utd-sv/fpu_in2_gt_in1_frac.v:206:1: error: unknown module &#39;fpu_in2_gt_in1_3b&#39;
fpu_in2_gt_in1_3b fpu_in2_gt_in1_20_18 (
^~~~~~~~~~~~~~~~~
../../src/github/sv-tests/third_party/tests/utd-sv/fpu_in2_gt_in1_frac.v:214:1: error: unknown module &#39;fpu_in2_gt_in1_3b&#39;
fpu_in2_gt_in1_3b fpu_in2_gt_in1_17_15 (
^~~~~~~~~~~~~~~~~
../../src/github/sv-tests/third_party/tests/utd-sv/fpu_in2_gt_in1_frac.v:222:1: error: unknown module &#39;fpu_in2_gt_in1_3b&#39;
fpu_in2_gt_in1_3b fpu_in2_gt_in1_14_12 (
^~~~~~~~~~~~~~~~~
../../src/github/sv-tests/third_party/tests/utd-sv/fpu_in2_gt_in1_frac.v:230:1: error: unknown module &#39;fpu_in2_gt_in1_3b&#39;
fpu_in2_gt_in1_3b fpu_in2_gt_in1_11_9 (
^~~~~~~~~~~~~~~~~
../../src/github/sv-tests/third_party/tests/utd-sv/fpu_in2_gt_in1_frac.v:238:1: error: unknown module &#39;fpu_in2_gt_in1_3b&#39;
fpu_in2_gt_in1_3b fpu_in2_gt_in1_8_6 (
^~~~~~~~~~~~~~~~~
../../src/github/sv-tests/third_party/tests/utd-sv/fpu_in2_gt_in1_frac.v:246:1: error: unknown module &#39;fpu_in2_gt_in1_3b&#39;
fpu_in2_gt_in1_3b fpu_in2_gt_in1_5_3 (
^~~~~~~~~~~~~~~~~
../../src/github/sv-tests/third_party/tests/utd-sv/fpu_in2_gt_in1_frac.v:254:1: error: unknown module &#39;fpu_in2_gt_in1_3b&#39;
fpu_in2_gt_in1_3b fpu_in2_gt_in1_2_0 (
^~~~~~~~~~~~~~~~~
../../src/github/sv-tests/third_party/tests/utd-sv/fpu_in2_gt_in1_frac.v:263:1: error: unknown module &#39;fpu_in2_gt_in1_3to1&#39;
fpu_in2_gt_in1_3to1 fpu_in2_gt_in1_51_45 (
^~~~~~~~~~~~~~~~~~~
fatal error: too many errors emitted, stopping now [--error-limit=]

Build failed: 20 errors, 0 warnings

</pre>
</body>