<head>
  <style>
    .log { font-family: "Courier New", Consolas, monospace; font-size: 80%; }
    .test-failed { background-color: #ffaaaa; }
    .test-passed { background-color: #aaffaa; }
  </style>
</head>
<body>
<h3><a href="https://github.com/MikePopoloski/slang" target="_blank">slang</a></h3>
<pre class="test-failed">
description: Tests imported from utd-sv
rc: 1 (means success: 0)
tags: utd-sv
incdirs: /tmpfs/src/github/sv-tests/third_party/tests/utd-sv
top_module: 
type: parsing
mode: parsing
files: <a href="../../../../third_party/tests/utd-sv/fpu_cnt_lead0_53b.v.html" target="file-frame">third_party/tests/utd-sv/fpu_cnt_lead0_53b.v</a>
defines: 
time_elapsed: 0.003s
ram usage: 8996 KB
</pre>
<pre class="log">

slang-driver --single-unit -I /tmpfs/src/github/sv-tests/third_party/tests/utd-sv <a href="../../../../third_party/tests/utd-sv/fpu_cnt_lead0_53b.v.html" target="file-frame">third_party/tests/utd-sv/fpu_cnt_lead0_53b.v</a>
Top level design units:
    fpu_cnt_lead0_53b

../../src/github/sv-tests/third_party/tests/utd-sv/fpu_cnt_lead0_53b.v:136:1: error: unknown module &#39;fpu_cnt_lead0_lvl1&#39;
fpu_cnt_lead0_lvl1 i_fpu_cnt_lead0_lvl1_52_49 (
^~~~~~~~~~~~~~~~~~
../../src/github/sv-tests/third_party/tests/utd-sv/fpu_cnt_lead0_53b.v:144:1: error: unknown module &#39;fpu_cnt_lead0_lvl1&#39;
fpu_cnt_lead0_lvl1 i_fpu_cnt_lead0_lvl1_48_45 (
^~~~~~~~~~~~~~~~~~
../../src/github/sv-tests/third_party/tests/utd-sv/fpu_cnt_lead0_53b.v:152:1: error: unknown module &#39;fpu_cnt_lead0_lvl1&#39;
fpu_cnt_lead0_lvl1 i_fpu_cnt_lead0_lvl1_44_41 (
^~~~~~~~~~~~~~~~~~
../../src/github/sv-tests/third_party/tests/utd-sv/fpu_cnt_lead0_53b.v:160:1: error: unknown module &#39;fpu_cnt_lead0_lvl1&#39;
fpu_cnt_lead0_lvl1 i_fpu_cnt_lead0_lvl1_40_37 (
^~~~~~~~~~~~~~~~~~
../../src/github/sv-tests/third_party/tests/utd-sv/fpu_cnt_lead0_53b.v:168:1: error: unknown module &#39;fpu_cnt_lead0_lvl1&#39;
fpu_cnt_lead0_lvl1 i_fpu_cnt_lead0_lvl1_36_33 (
^~~~~~~~~~~~~~~~~~
../../src/github/sv-tests/third_party/tests/utd-sv/fpu_cnt_lead0_53b.v:176:1: error: unknown module &#39;fpu_cnt_lead0_lvl1&#39;
fpu_cnt_lead0_lvl1 i_fpu_cnt_lead0_lvl1_32_29 (
^~~~~~~~~~~~~~~~~~
../../src/github/sv-tests/third_party/tests/utd-sv/fpu_cnt_lead0_53b.v:184:1: error: unknown module &#39;fpu_cnt_lead0_lvl1&#39;
fpu_cnt_lead0_lvl1 i_fpu_cnt_lead0_lvl1_28_25 (
^~~~~~~~~~~~~~~~~~
../../src/github/sv-tests/third_party/tests/utd-sv/fpu_cnt_lead0_53b.v:192:1: error: unknown module &#39;fpu_cnt_lead0_lvl1&#39;
fpu_cnt_lead0_lvl1 i_fpu_cnt_lead0_lvl1_24_21 (
^~~~~~~~~~~~~~~~~~
../../src/github/sv-tests/third_party/tests/utd-sv/fpu_cnt_lead0_53b.v:200:1: error: unknown module &#39;fpu_cnt_lead0_lvl1&#39;
fpu_cnt_lead0_lvl1 i_fpu_cnt_lead0_lvl1_20_17 (
^~~~~~~~~~~~~~~~~~
../../src/github/sv-tests/third_party/tests/utd-sv/fpu_cnt_lead0_53b.v:208:1: error: unknown module &#39;fpu_cnt_lead0_lvl1&#39;
fpu_cnt_lead0_lvl1 i_fpu_cnt_lead0_lvl1_16_13 (
^~~~~~~~~~~~~~~~~~
../../src/github/sv-tests/third_party/tests/utd-sv/fpu_cnt_lead0_53b.v:216:1: error: unknown module &#39;fpu_cnt_lead0_lvl1&#39;
fpu_cnt_lead0_lvl1 i_fpu_cnt_lead0_lvl1_12_9 (
^~~~~~~~~~~~~~~~~~
../../src/github/sv-tests/third_party/tests/utd-sv/fpu_cnt_lead0_53b.v:224:1: error: unknown module &#39;fpu_cnt_lead0_lvl1&#39;
fpu_cnt_lead0_lvl1 i_fpu_cnt_lead0_lvl1_8_5 (
^~~~~~~~~~~~~~~~~~
../../src/github/sv-tests/third_party/tests/utd-sv/fpu_cnt_lead0_53b.v:232:1: error: unknown module &#39;fpu_cnt_lead0_lvl1&#39;
fpu_cnt_lead0_lvl1 i_fpu_cnt_lead0_lvl1_4_1 (
^~~~~~~~~~~~~~~~~~
../../src/github/sv-tests/third_party/tests/utd-sv/fpu_cnt_lead0_53b.v:243:1: error: unknown module &#39;fpu_cnt_lead0_lvl2&#39;
fpu_cnt_lead0_lvl2 i_fpu_cnt_lead0_lvl2_52_45 (
^~~~~~~~~~~~~~~~~~
../../src/github/sv-tests/third_party/tests/utd-sv/fpu_cnt_lead0_53b.v:256:1: error: unknown module &#39;fpu_cnt_lead0_lvl2&#39;
fpu_cnt_lead0_lvl2 i_fpu_cnt_lead0_lvl2_44_37 (
^~~~~~~~~~~~~~~~~~
../../src/github/sv-tests/third_party/tests/utd-sv/fpu_cnt_lead0_53b.v:269:1: error: unknown module &#39;fpu_cnt_lead0_lvl2&#39;
fpu_cnt_lead0_lvl2 i_fpu_cnt_lead0_lvl2_36_29 (
^~~~~~~~~~~~~~~~~~
../../src/github/sv-tests/third_party/tests/utd-sv/fpu_cnt_lead0_53b.v:282:1: error: unknown module &#39;fpu_cnt_lead0_lvl2&#39;
fpu_cnt_lead0_lvl2 i_fpu_cnt_lead0_lvl2_28_21 (
^~~~~~~~~~~~~~~~~~
../../src/github/sv-tests/third_party/tests/utd-sv/fpu_cnt_lead0_53b.v:295:1: error: unknown module &#39;fpu_cnt_lead0_lvl2&#39;
fpu_cnt_lead0_lvl2 i_fpu_cnt_lead0_lvl2_20_13 (
^~~~~~~~~~~~~~~~~~
../../src/github/sv-tests/third_party/tests/utd-sv/fpu_cnt_lead0_53b.v:308:1: error: unknown module &#39;fpu_cnt_lead0_lvl2&#39;
fpu_cnt_lead0_lvl2 i_fpu_cnt_lead0_lvl2_12_5 (
^~~~~~~~~~~~~~~~~~
../../src/github/sv-tests/third_party/tests/utd-sv/fpu_cnt_lead0_53b.v:327:1: error: unknown module &#39;fpu_cnt_lead0_lvl3&#39;
fpu_cnt_lead0_lvl3 i_fpu_cnt_lead0_lvl3_52_37 (
^~~~~~~~~~~~~~~~~~
fatal error: too many errors emitted, stopping now [--error-limit=]

Build failed: 20 errors, 0 warnings

</pre>
</body>