<head>
  <style>
    .log { font-family: "Courier New", Consolas, monospace; font-size: 80%; }
    .test-failed { background-color: #ffaaaa; }
    .test-passed { background-color: #aaffaa; }
  </style>
</head>
<body>
<h3><a href="https://github.com/MikePopoloski/slang" target="_blank">slang</a></h3>
<pre class="test-failed">
description: Tests imported from utd-sv
rc: 1 (means success: 0)
tags: utd-sv
incdirs: /tmpfs/src/github/sv-tests/third_party/tests/utd-sv
top_module: 
type: parsing
mode: parsing
files: <a href="../../../../third_party/tests/utd-sv/scbuf_rdmard.v.html" target="file-frame">third_party/tests/utd-sv/scbuf_rdmard.v</a>
defines: 
time_elapsed: 0.004s
ram usage: 9108 KB
</pre>
<pre class="log">

slang-driver --single-unit -I /tmpfs/src/github/sv-tests/third_party/tests/utd-sv <a href="../../../../third_party/tests/utd-sv/scbuf_rdmard.v.html" target="file-frame">third_party/tests/utd-sv/scbuf_rdmard.v</a>
Top level design units:
    scbuf_rdmard

../../src/github/sv-tests/third_party/tests/utd-sv/scbuf_rdmard.v:97:1: error: unknown module &#39;clken_buf&#39;
clken_buf  clk_buf_ctag  (.clk(en_clk_ctag),                .rclk(rclk),
^~~~~~~~~
../../src/github/sv-tests/third_party/tests/utd-sv/scbuf_rdmard.v:101:1: error: unknown module &#39;dff_s&#39;
dff_s   #(15)  ff_sctag_scbuf_ctag_c8
^~~~~
../../src/github/sv-tests/third_party/tests/utd-sv/scbuf_rdmard.v:107:1: error: unknown module &#39;dff_s&#39;
dff_s   #(15)  ff_sctag_scbuf_ctag_c9
^~~~~
../../src/github/sv-tests/third_party/tests/utd-sv/scbuf_rdmard.v:118:1: error: unknown module &#39;clken_buf&#39;
clken_buf  clk_buf_data (.clk  (en_clk_data),         .rclk (rclk),
^~~~~~~~~
../../src/github/sv-tests/third_party/tests/utd-sv/scbuf_rdmard.v:121:1: error: unknown module &#39;dff_s&#39;
dff_s   #(1)   ff_sctag_scbuf_req_en_c8
^~~~~
../../src/github/sv-tests/third_party/tests/utd-sv/scbuf_rdmard.v:126:1: error: unknown module &#39;dff_s&#39;
dff_s   #(1)   ff_sctag_scbuf_req_en_c9
^~~~~
../../src/github/sv-tests/third_party/tests/utd-sv/scbuf_rdmard.v:131:1: error: unknown module &#39;dff_s&#39;
dff_s   #(1)   ff_sctag_scbuf_req_en_c10
^~~~~
../../src/github/sv-tests/third_party/tests/utd-sv/scbuf_rdmard.v:138:1: error: unknown module &#39;dff_s&#39;
dff_s   #(1)   ff_sctag_scbuf_word_vld_c8
^~~~~
../../src/github/sv-tests/third_party/tests/utd-sv/scbuf_rdmard.v:143:1: error: unknown module &#39;dff_s&#39;
dff_s   #(1)   ff_sctag_scbuf_word_vld_c9
^~~~~
../../src/github/sv-tests/third_party/tests/utd-sv/scbuf_rdmard.v:148:1: error: unknown module &#39;dff_s&#39;
dff_s   #(1)   ff_sctag_scbuf_word_vld_c10
^~~~~
../../src/github/sv-tests/third_party/tests/utd-sv/scbuf_rdmard.v:157:1: error: unknown module &#39;dff_s&#39;
dff_s   #(624) ff_scdata_scbuf_decc_out_c9
^~~~~
../../src/github/sv-tests/third_party/tests/utd-sv/scbuf_rdmard.v:165:1: error: unknown module &#39;dff_s&#39;
dff_s   #(4)   ff_sctag_scbuf_word_c8
^~~~~
../../src/github/sv-tests/third_party/tests/utd-sv/scbuf_rdmard.v:170:1: error: unknown module &#39;dff_s&#39;
dff_s   #(4)   ff_sctag_scbuf_word_c9
^~~~~
../../src/github/sv-tests/third_party/tests/utd-sv/scbuf_rdmard.v:194:1: error: unknown module &#39;mux4ds&#39;
mux4ds #(78) mux_scdata_scbuf_decc_out_r
^~~~~~
../../src/github/sv-tests/third_party/tests/utd-sv/scbuf_rdmard.v:201:1: error: unknown module &#39;mux4ds&#39;
mux4ds #(78) mux_scdata_scbuf_decc_out_l
^~~~~~
../../src/github/sv-tests/third_party/tests/utd-sv/scbuf_rdmard.v:210:1: error: unknown module &#39;mux4ds&#39;
mux4ds #(39) mux_scdata_scbuf_decc_out
^~~~~~
../../src/github/sv-tests/third_party/tests/utd-sv/scbuf_rdmard.v:218:1: error: unknown module &#39;dff_s&#39;
dff_s   #(39)  ff_scdata_scbuf_decc_out_c10
^~~~~
../../src/github/sv-tests/third_party/tests/utd-sv/scbuf_rdmard.v:228:1: error: unknown module &#39;zzecc_sctag_ecc39&#39;
zzecc_sctag_ecc39 u_ecctree_39b
^~~~~~~~~~~~~~~~~
../../src/github/sv-tests/third_party/tests/utd-sv/scbuf_rdmard.v:242:1: error: unknown module &#39;mux2ds&#39;
mux2ds #(32) mux_data_ctag_c9
^~~~~~
../../src/github/sv-tests/third_party/tests/utd-sv/scbuf_rdmard.v:247:1: error: unknown module &#39;dff_s&#39;
dff_s   #(32)  ff_data_ctag_mux_out_c10
^~~~~
fatal error: too many errors emitted, stopping now [--error-limit=]

Build failed: 20 errors, 0 warnings

</pre>
</body>