<head>
  <style>
    .log { font-family: "Courier New", Consolas, monospace; font-size: 80%; }
    .test-failed { background-color: #ffaaaa; }
    .test-passed { background-color: #aaffaa; }
  </style>
</head>
<body>
<h3><a href="https://github.com/MikePopoloski/slang" target="_blank">slang</a></h3>
<pre class="test-failed">
description: Tests imported from utd-sv
rc: 1 (means success: 0)
tags: utd-sv
incdirs: /tmpfs/src/github/sv-tests/third_party/tests/utd-sv
top_module: 
type: parsing
mode: parsing
files: <a href="../../../../third_party/tests/utd-sv/pad_ddr0.v.html" target="file-frame">third_party/tests/utd-sv/pad_ddr0.v</a>
defines: 
time_elapsed: 0.003s
ram usage: 9244 KB
</pre>
<pre class="log">

slang-driver --single-unit -I /tmpfs/src/github/sv-tests/third_party/tests/utd-sv <a href="../../../../third_party/tests/utd-sv/pad_ddr0.v.html" target="file-frame">third_party/tests/utd-sv/pad_ddr0.v</a>
Top level design units:
    pad_ddr0

../../src/github/sv-tests/third_party/tests/utd-sv/pad_ddr0.v:150:1: error: unknown module &#39;bw_clk_cl_ddr_ddr&#39;
bw_clk_cl_ddr_ddr pad_ddr0_header (
^~~~~~~~~~~~~~~~~
../../src/github/sv-tests/third_party/tests/utd-sv/pad_ddr0.v:165:1: error: unknown module &#39;ddr_ch&#39;
ddr_ch ddr0_ddr_ch (
^~~~~~
../../src/github/sv-tests/third_party/tests/utd-sv/pad_ddr0.v:235:1: error: unknown module &#39;bw_io_ddr_impctl_pulldown&#39;
bw_io_ddr_impctl_pulldown ddr0_impctl_pulldown (
^~~~~~~~~~~~~~~~~~~~~~~~~
../../src/github/sv-tests/third_party/tests/utd-sv/pad_ddr0.v:263:1: error: unknown module &#39;bw_iodll_code_adjust&#39;
bw_iodll_code_adjust ddr0_iodll_code_adjust (
^~~~~~~~~~~~~~~~~~~~
../../src/github/sv-tests/third_party/tests/utd-sv/pad_ddr0.v:275:1: error: unknown module &#39;bw_iodll&#39;
bw_iodll ddr0_master_dll (
^~~~~~~~
../../src/github/sv-tests/third_party/tests/utd-sv/pad_ddr0.v:291:1: error: unknown module &#39;bw_io_ddr_impctl_pullup&#39;
bw_io_ddr_impctl_pullup ddr0_impctl_pullup (
^~~~~~~~~~~~~~~~~~~~~~~
../../src/github/sv-tests/third_party/tests/utd-sv/pad_ddr0.v:312:1: error: unknown module &#39;bw_u1_buf_40x&#39;
bw_u1_buf_40x I223 (
^~~~~~~~~~~~~
../../src/github/sv-tests/third_party/tests/utd-sv/pad_ddr0.v:315:1: error: unknown module &#39;bw_u1_buf_40x&#39;
bw_u1_buf_40x I225 (
^~~~~~~~~~~~~
../../src/github/sv-tests/third_party/tests/utd-sv/pad_ddr0.v:318:1: error: unknown module &#39;bw_u1_scanl_2x&#39;
bw_u1_scanl_2x lockup_latch(
^~~~~~~~~~~~~~

Build failed: 9 errors, 0 warnings

</pre>
</body>