<head>
  <style>
    .log { font-family: "Courier New", Consolas, monospace; font-size: 80%; }
    .test-failed { background-color: #ffaaaa; }
    .test-passed { background-color: #aaffaa; }
  </style>
</head>
<body>
<h3><a href="https://github.com/MikePopoloski/slang" target="_blank">slang</a></h3>
<pre class="test-failed">
description: Tests imported from utd-sv
rc: 1 (means success: 0)
tags: utd-sv
incdirs: /tmpfs/src/github/sv-tests/third_party/tests/utd-sv
top_module: 
type: parsing
mode: parsing
files: <a href="../../../../third_party/tests/utd-sv/fpu_in_dp.v.html" target="file-frame">third_party/tests/utd-sv/fpu_in_dp.v</a>
defines: 
time_elapsed: 0.004s
ram usage: 9188 KB
</pre>
<pre class="log">

slang-driver --single-unit -I /tmpfs/src/github/sv-tests/third_party/tests/utd-sv <a href="../../../../third_party/tests/utd-sv/fpu_in_dp.v.html" target="file-frame">third_party/tests/utd-sv/fpu_in_dp.v</a>
Top level design units:
    fpu_in_dp

../../src/github/sv-tests/third_party/tests/utd-sv/fpu_in_dp.v:155:1: error: unknown module &#39;clken_buf&#39;
clken_buf  ckbuf_in_dp (
^~~~~~~~~
../../src/github/sv-tests/third_party/tests/utd-sv/fpu_in_dp.v:168:1: error: unknown module &#39;dff_s&#39;
dff_s #(5) i_fp_id_in (
^~~~~
../../src/github/sv-tests/third_party/tests/utd-sv/fpu_in_dp.v:179:1: error: unknown module &#39;dff_s&#39;
dff_s #(8) i_fp_op_in (
^~~~~
../../src/github/sv-tests/third_party/tests/utd-sv/fpu_in_dp.v:194:1: error: unknown module &#39;dff_s&#39;
dff_s #(2) i_fp_fcc_in (
^~~~~
../../src/github/sv-tests/third_party/tests/utd-sv/fpu_in_dp.v:205:1: error: unknown module &#39;dff_s&#39;
dff_s #(2) i_fp_rnd_mode_in (
^~~~~
../../src/github/sv-tests/third_party/tests/utd-sv/fpu_in_dp.v:216:1: error: unknown module &#39;dff_s&#39;
dff_s #(64) i_fp_srca_in (
^~~~~
../../src/github/sv-tests/third_party/tests/utd-sv/fpu_in_dp.v:246:1: error: unknown module &#39;dffe_s&#39;
dffe_s #(69) i_fp_srcb_in (
^~~~~~
../../src/github/sv-tests/third_party/tests/utd-sv/fpu_in_dp.v:281:1: error: unknown module &#39;dff_s&#39;
dff_s #(155) i_inq_din_d1 (
^~~~~

Build failed: 8 errors, 0 warnings

</pre>
</body>