<head>
  <style>
    .log { font-family: "Courier New", Consolas, monospace; font-size: 80%; }
    .test-failed { background-color: #ffaaaa; }
    .test-passed { background-color: #aaffaa; }
  </style>
</head>
<body>
<h3><a href="https://github.com/MikePopoloski/slang" target="_blank">slang</a></h3>
<pre class="test-failed">
description: Tests imported from utd-sv
rc: 1 (means success: 0)
tags: utd-sv
incdirs: /tmpfs/src/github/sv-tests/third_party/tests/utd-sv
top_module: 
type: parsing
mode: parsing
files: <a href="../../../../third_party/tests/utd-sv/scbuf_evict.v.html" target="file-frame">third_party/tests/utd-sv/scbuf_evict.v</a>
defines: 
time_elapsed: 0.008s
ram usage: 9260 KB
</pre>
<pre class="log">

slang-driver --single-unit -I /tmpfs/src/github/sv-tests/third_party/tests/utd-sv <a href="../../../../third_party/tests/utd-sv/scbuf_evict.v.html" target="file-frame">third_party/tests/utd-sv/scbuf_evict.v</a>
Top level design units:
    scbuf_evict

../../src/github/sv-tests/third_party/tests/utd-sv/scbuf_evict.v:172:1: error: unknown module &#39;dffrl_async&#39;
dffrl_async  #(1)  reset_flop
^~~~~~~~~~~
../../src/github/sv-tests/third_party/tests/utd-sv/scbuf_evict.v:186:1: error: unknown module &#39;dff_s&#39;
dff_s   #(39)  ff_jbi_sctag_req_ecc_s3    (.din(jbi_sctag_req_ecc_s2[38:0]), 
^~~~~
../../src/github/sv-tests/third_party/tests/utd-sv/scbuf_evict.v:194:1: error: unknown module &#39;dff_s&#39;
dff_s   #(1)   ff_sctag_scbuf_wbwr_wen_c7
^~~~~
../../src/github/sv-tests/third_party/tests/utd-sv/scbuf_evict.v:199:1: error: unknown module &#39;dff_s&#39;
dff_s   #(1)   ff_sctag_scbuf_wbwr_wen_c8
^~~~~
../../src/github/sv-tests/third_party/tests/utd-sv/scbuf_evict.v:209:1: error: unknown module &#39;dff_s&#39;
dff_s   #(3)   ff_sctag_scbuf_wbwr_wl_c7
^~~~~
../../src/github/sv-tests/third_party/tests/utd-sv/scbuf_evict.v:214:1: error: unknown module &#39;dff_s&#39;
dff_s   #(3)   ff_sctag_scbuf_wbwr_wl_c8
^~~~~
../../src/github/sv-tests/third_party/tests/utd-sv/scbuf_evict.v:225:1: error: unknown module &#39;dff_s&#39;
dff_s   #(3)   ff_sctag_scbuf_wbrd_wl_r1
^~~~~
../../src/github/sv-tests/third_party/tests/utd-sv/scbuf_evict.v:237:1: error: unknown module &#39;dff_s&#39;
dff_s   #(2)   ff_sctag_scbuf_rdma_rdwl_r1
^~~~~
../../src/github/sv-tests/third_party/tests/utd-sv/scbuf_evict.v:247:1: error: unknown module &#39;dff_s&#39;
dff_s   #(16)  ff_sctag_scbuf_rdma_wren_s3
^~~~~
../../src/github/sv-tests/third_party/tests/utd-sv/scbuf_evict.v:270:1: error: unknown module &#39;dff_s&#39;
dff_s   #(2)   ff_sctag_scbuf_rdma_wrwl_s3
^~~~~
../../src/github/sv-tests/third_party/tests/utd-sv/scbuf_evict.v:283:1: error: unknown module &#39;dff_s&#39;
dff_s   #(1)   ff_sctag_scbuf_wbrd_en_r1
^~~~~
../../src/github/sv-tests/third_party/tests/utd-sv/scbuf_evict.v:288:37: error: use of undeclared identifier &#39;sctag_scbuf_wbrd_en_r1&#39;; did you mean &#39;sctag_scbuf_wbrd_en_r0&#39;?
assign  sctag_scbuf_wbrd_en_r1_v1 = sctag_scbuf_wbrd_en_r1 ;
                                    ^~~~~~~~~~~~~~~~~~~~~~
../../src/github/sv-tests/third_party/tests/utd-sv/scbuf_evict.v:62:18: note: declared here
input            sctag_scbuf_wbrd_en_r0;
                 ^
../../src/github/sv-tests/third_party/tests/utd-sv/scbuf_evict.v:289:37: error: use of undeclared identifier &#39;sctag_scbuf_wbrd_en_r1&#39;; did you mean &#39;sctag_scbuf_wbrd_en_r0&#39;?
assign  sctag_scbuf_wbrd_en_r1_v2 = sctag_scbuf_wbrd_en_r1 ;
                                    ^~~~~~~~~~~~~~~~~~~~~~
../../src/github/sv-tests/third_party/tests/utd-sv/scbuf_evict.v:62:18: note: declared here
input            sctag_scbuf_wbrd_en_r0;
                 ^
../../src/github/sv-tests/third_party/tests/utd-sv/scbuf_evict.v:290:37: error: use of undeclared identifier &#39;sctag_scbuf_wbrd_en_r1&#39;; did you mean &#39;sctag_scbuf_wbrd_en_r0&#39;?
assign  sctag_scbuf_wbrd_en_r1_v3 = sctag_scbuf_wbrd_en_r1 ;
                                    ^~~~~~~~~~~~~~~~~~~~~~
../../src/github/sv-tests/third_party/tests/utd-sv/scbuf_evict.v:62:18: note: declared here
input            sctag_scbuf_wbrd_en_r0;
                 ^
../../src/github/sv-tests/third_party/tests/utd-sv/scbuf_evict.v:291:37: error: use of undeclared identifier &#39;sctag_scbuf_wbrd_en_r1&#39;; did you mean &#39;sctag_scbuf_wbrd_en_r0&#39;?
assign  sctag_scbuf_wbrd_en_r1_v4 = sctag_scbuf_wbrd_en_r1 ;
                                    ^~~~~~~~~~~~~~~~~~~~~~
../../src/github/sv-tests/third_party/tests/utd-sv/scbuf_evict.v:62:18: note: declared here
input            sctag_scbuf_wbrd_en_r0;
                 ^
../../src/github/sv-tests/third_party/tests/utd-sv/scbuf_evict.v:293:1: error: unknown module &#39;mux2ds&#39;
mux2ds #(1)  mux_wbrd_en_r1_in
^~~~~~
../../src/github/sv-tests/third_party/tests/utd-sv/scbuf_evict.v:297:1: error: unknown module &#39;dff_s&#39;
dff_s   #(1)   ff_sctag_scbuf_wbrd_en_r2
^~~~~
../../src/github/sv-tests/third_party/tests/utd-sv/scbuf_evict.v:303:1: error: unknown module &#39;dff_s&#39;
dff_s   #(1)   ff_sctag_scbuf_rdma_rden_r1
^~~~~
../../src/github/sv-tests/third_party/tests/utd-sv/scbuf_evict.v:313:1: error: unknown module &#39;dff_s&#39;
dff_s   #(1)   ff_sctag_scbuf_rdma_rden_r2
^~~~~
../../src/github/sv-tests/third_party/tests/utd-sv/scbuf_evict.v:318:1: error: unknown module &#39;dff_s&#39;
dff_s   #(1)   ff_sctag_scbuf_rdma_rden_r3
^~~~~
fatal error: too many errors emitted, stopping now [--error-limit=]

Build failed: 20 errors, 0 warnings

</pre>
</body>