<head>
  <style>
    .log { font-family: "Courier New", Consolas, monospace; font-size: 80%; }
    .test-failed { background-color: #ffaaaa; }
    .test-passed { background-color: #aaffaa; }
  </style>
</head>
<body>
<h3><a href="https://github.com/MikePopoloski/slang" target="_blank">slang</a></h3>
<pre class="test-failed">
description: Tests imported from utd-sv
rc: 1 (means success: 0)
tags: utd-sv
incdirs: /tmpfs/src/github/sv-tests/third_party/tests/utd-sv
top_module: 
type: parsing
mode: parsing
files: <a href="../../../../third_party/tests/utd-sv/primitives.v.html" target="file-frame">third_party/tests/utd-sv/primitives.v</a>
defines: 
time_elapsed: 0.002s
ram usage: 9040 KB
</pre>
<pre class="log">

slang-driver --single-unit -I /tmpfs/src/github/sv-tests/third_party/tests/utd-sv <a href="../../../../third_party/tests/utd-sv/primitives.v.html" target="file-frame">third_party/tests/utd-sv/primitives.v</a>
Top level design units:
    d_latch_gates

../../src/github/sv-tests/third_party/tests/utd-sv/primitives.v:8:5: error: redefinition of &#39;a&#39;
not a (n1,d), b(n2,c);
    ^
../../src/github/sv-tests/third_party/tests/utd-sv/primitives.v:7:5: note: previous definition here
not a (n1,d);
    ^
../../src/github/sv-tests/third_party/tests/utd-sv/primitives.v:10:38: error: redefinition of &#39;b&#39;
not                          (n1,d), b(n2,c);
                                     ^
../../src/github/sv-tests/third_party/tests/utd-sv/primitives.v:8:15: note: previous definition here
not a (n1,d), b(n2,c);
              ^
../../src/github/sv-tests/third_party/tests/utd-sv/primitives.v:11:28: error: redefinition of &#39;a&#39;
not                        a (n1,d), b(n2,c);
                           ^
../../src/github/sv-tests/third_party/tests/utd-sv/primitives.v:7:5: note: previous definition here
not a (n1,d);
    ^
../../src/github/sv-tests/third_party/tests/utd-sv/primitives.v:11:38: error: redefinition of &#39;b&#39;
not                        a (n1,d), b(n2,c);
                                     ^
../../src/github/sv-tests/third_party/tests/utd-sv/primitives.v:8:15: note: previous definition here
not a (n1,d), b(n2,c);
              ^
../../src/github/sv-tests/third_party/tests/utd-sv/primitives.v:12:28: error: redefinition of &#39;a&#39;
not (supply0,supply1)      a (n1,d), b(n2,c);
                           ^
../../src/github/sv-tests/third_party/tests/utd-sv/primitives.v:7:5: note: previous definition here
not a (n1,d);
    ^
../../src/github/sv-tests/third_party/tests/utd-sv/primitives.v:12:38: error: redefinition of &#39;b&#39;
not (supply0,supply1)      a (n1,d), b(n2,c);
                                     ^
../../src/github/sv-tests/third_party/tests/utd-sv/primitives.v:8:15: note: previous definition here
not a (n1,d), b(n2,c);
              ^
../../src/github/sv-tests/third_party/tests/utd-sv/primitives.v:13:28: error: redefinition of &#39;a&#39;
not (supply0,supply1) #(1) a (n1,d), b(n2,c);
                           ^
../../src/github/sv-tests/third_party/tests/utd-sv/primitives.v:7:5: note: previous definition here
not a (n1,d);
    ^
../../src/github/sv-tests/third_party/tests/utd-sv/primitives.v:13:38: error: redefinition of &#39;b&#39;
not (supply0,supply1) #(1) a (n1,d), b(n2,c);
                                     ^
../../src/github/sv-tests/third_party/tests/utd-sv/primitives.v:8:15: note: previous definition here
not a (n1,d), b(n2,c);
              ^
../../src/github/sv-tests/third_party/tests/utd-sv/primitives.v:14:5: error: redefinition of &#39;a&#39;
not a (n1,d), b(n2,c);
    ^
../../src/github/sv-tests/third_party/tests/utd-sv/primitives.v:7:5: note: previous definition here
not a (n1,d);
    ^
../../src/github/sv-tests/third_party/tests/utd-sv/primitives.v:14:15: error: redefinition of &#39;b&#39;
not a (n1,d), b(n2,c);
              ^
../../src/github/sv-tests/third_party/tests/utd-sv/primitives.v:8:15: note: previous definition here
not a (n1,d), b(n2,c);
              ^
../../src/github/sv-tests/third_party/tests/utd-sv/primitives.v:15:10: error: redefinition of &#39;a&#39;
not #(1) a (n1,d), b(n2,c);
         ^
../../src/github/sv-tests/third_party/tests/utd-sv/primitives.v:7:5: note: previous definition here
not a (n1,d);
    ^
../../src/github/sv-tests/third_party/tests/utd-sv/primitives.v:15:20: error: redefinition of &#39;b&#39;
not #(1) a (n1,d), b(n2,c);
                   ^
../../src/github/sv-tests/third_party/tests/utd-sv/primitives.v:8:15: note: previous definition here
not a (n1,d), b(n2,c);
              ^
../../src/github/sv-tests/third_party/tests/utd-sv/primitives.v:16:12: error: redefinition of &#39;a&#39;
not #(1,2) a (n1,d), b(n2,c);
           ^
../../src/github/sv-tests/third_party/tests/utd-sv/primitives.v:7:5: note: previous definition here
not a (n1,d);
    ^
../../src/github/sv-tests/third_party/tests/utd-sv/primitives.v:16:22: error: redefinition of &#39;b&#39;
not #(1,2) a (n1,d), b(n2,c);
                     ^
../../src/github/sv-tests/third_party/tests/utd-sv/primitives.v:8:15: note: previous definition here
not a (n1,d), b(n2,c);
              ^
../../src/github/sv-tests/third_party/tests/utd-sv/primitives.v:19:14: error: redefinition of &#39;a&#39;
tranif0      a (b,c,d);
             ^
../../src/github/sv-tests/third_party/tests/utd-sv/primitives.v:7:5: note: previous definition here
not a (n1,d);
    ^
../../src/github/sv-tests/third_party/tests/utd-sv/primitives.v:21:14: error: redefinition of &#39;a&#39;
tranif0 #(1) a (b,c,d);
             ^
../../src/github/sv-tests/third_party/tests/utd-sv/primitives.v:7:5: note: previous definition here
not a (n1,d);
    ^
../../src/github/sv-tests/third_party/tests/utd-sv/primitives.v:24:13: error: redefinition of &#39;a&#39;
bufif0      a (b,c,d);
            ^
../../src/github/sv-tests/third_party/tests/utd-sv/primitives.v:7:5: note: previous definition here
not a (n1,d);
    ^
../../src/github/sv-tests/third_party/tests/utd-sv/primitives.v:26:13: error: redefinition of &#39;a&#39;
bufif0 #(1) a (b,c,d);
            ^
../../src/github/sv-tests/third_party/tests/utd-sv/primitives.v:7:5: note: previous definition here
not a (n1,d);
    ^

Build failed: 18 errors, 0 warnings

</pre>
</body>