<head>
  <style>
    .log { font-family: "Courier New", Consolas, monospace; font-size: 80%; }
    .test-failed { background-color: #ffaaaa; }
    .test-passed { background-color: #aaffaa; }
  </style>
</head>
<body>
<h3><a href="https://github.com/MikePopoloski/slang" target="_blank">slang</a></h3>
<pre class="test-failed">
description: Tests imported from utd-sv
rc: 1 (means success: 0)
tags: utd-sv
incdirs: /tmpfs/src/github/sv-tests/third_party/tests/utd-sv
top_module: 
type: parsing
mode: parsing
files: <a href="../../../../third_party/tests/utd-sv/bw_dtl_impctl_pullup.v.html" target="file-frame">third_party/tests/utd-sv/bw_dtl_impctl_pullup.v</a>
defines: 
time_elapsed: 0.003s
ram usage: 9120 KB
</pre>
<pre class="log">

slang-driver --single-unit -I /tmpfs/src/github/sv-tests/third_party/tests/utd-sv <a href="../../../../third_party/tests/utd-sv/bw_dtl_impctl_pullup.v.html" target="file-frame">third_party/tests/utd-sv/bw_dtl_impctl_pullup.v</a>
Top level design units:
    bw_dtl_impctl_pullup

../../src/github/sv-tests/third_party/tests/utd-sv/bw_dtl_impctl_pullup.v:65:1: error: unknown module &#39;bw_u1_inv_5x&#39;
bw_u1_inv_5x I44_0_ (
^~~~~~~~~~~~
../../src/github/sv-tests/third_party/tests/utd-sv/bw_dtl_impctl_pullup.v:68:1: error: unknown module &#39;bw_u1_inv_5x&#39;
bw_u1_inv_5x I43_2_ (
^~~~~~~~~~~~
../../src/github/sv-tests/third_party/tests/utd-sv/bw_dtl_impctl_pullup.v:71:1: error: unknown module &#39;bw_u1_inv_4x&#39;
bw_u1_inv_4x I28_1_ (
^~~~~~~~~~~~
../../src/github/sv-tests/third_party/tests/utd-sv/bw_dtl_impctl_pullup.v:74:1: error: unknown module &#39;bw_u1_inv_10x&#39;
bw_u1_inv_10x I29_7_ (
^~~~~~~~~~~~~
../../src/github/sv-tests/third_party/tests/utd-sv/bw_dtl_impctl_pullup.v:77:1: error: unknown module &#39;bw_u1_inv_5x&#39;
bw_u1_inv_5x I44_1_ (
^~~~~~~~~~~~
../../src/github/sv-tests/third_party/tests/utd-sv/bw_dtl_impctl_pullup.v:80:1: error: unknown module &#39;bw_u1_inv_5x&#39;
bw_u1_inv_5x I43_3_ (
^~~~~~~~~~~~
../../src/github/sv-tests/third_party/tests/utd-sv/bw_dtl_impctl_pullup.v:83:1: error: unknown module &#39;bw_u1_inv_4x&#39;
bw_u1_inv_4x I28_2_ (
^~~~~~~~~~~~
../../src/github/sv-tests/third_party/tests/utd-sv/bw_dtl_impctl_pullup.v:86:1: error: unknown module &#39;bw_u1_inv_10x&#39;
bw_u1_inv_10x I29_0_ (
^~~~~~~~~~~~~
../../src/github/sv-tests/third_party/tests/utd-sv/bw_dtl_impctl_pullup.v:89:1: error: unknown module &#39;bw_io_impctl_dtl_uprcn&#39;
bw_io_impctl_dtl_uprcn I241 (
^~~~~~~~~~~~~~~~~~~~~~
../../src/github/sv-tests/third_party/tests/utd-sv/bw_dtl_impctl_pullup.v:101:1: error: unknown module &#39;bw_u1_inv_5x&#39;
bw_u1_inv_5x I44_2_ (
^~~~~~~~~~~~
../../src/github/sv-tests/third_party/tests/utd-sv/bw_dtl_impctl_pullup.v:104:1: error: unknown module &#39;bw_u1_inv_5x&#39;
bw_u1_inv_5x I43_4_ (
^~~~~~~~~~~~
../../src/github/sv-tests/third_party/tests/utd-sv/bw_dtl_impctl_pullup.v:107:1: error: unknown module &#39;bw_u1_inv_4x&#39;
bw_u1_inv_4x I28_3_ (
^~~~~~~~~~~~
../../src/github/sv-tests/third_party/tests/utd-sv/bw_dtl_impctl_pullup.v:110:1: error: unknown module &#39;bw_u1_inv_10x&#39;
bw_u1_inv_10x I29_1_ (
^~~~~~~~~~~~~
../../src/github/sv-tests/third_party/tests/utd-sv/bw_dtl_impctl_pullup.v:113:1: error: unknown module &#39;bw_u1_inv_5x&#39;
bw_u1_inv_5x I44_3_ (
^~~~~~~~~~~~
../../src/github/sv-tests/third_party/tests/utd-sv/bw_dtl_impctl_pullup.v:116:1: error: unknown module &#39;bw_u1_inv_5x&#39;
bw_u1_inv_5x I43_5_ (
^~~~~~~~~~~~
../../src/github/sv-tests/third_party/tests/utd-sv/bw_dtl_impctl_pullup.v:119:1: error: unknown module &#39;bw_u1_inv_4x&#39;
bw_u1_inv_4x I28_4_ (
^~~~~~~~~~~~
../../src/github/sv-tests/third_party/tests/utd-sv/bw_dtl_impctl_pullup.v:122:1: error: unknown module &#39;bw_u1_inv_10x&#39;
bw_u1_inv_10x I29_2_ (
^~~~~~~~~~~~~
../../src/github/sv-tests/third_party/tests/utd-sv/bw_dtl_impctl_pullup.v:125:1: error: unknown module &#39;bw_u1_inv_5x&#39;
bw_u1_inv_5x I44_4_ (
^~~~~~~~~~~~
../../src/github/sv-tests/third_party/tests/utd-sv/bw_dtl_impctl_pullup.v:128:1: error: unknown module &#39;bw_u1_inv_5x&#39;
bw_u1_inv_5x I43_6_ (
^~~~~~~~~~~~
../../src/github/sv-tests/third_party/tests/utd-sv/bw_dtl_impctl_pullup.v:131:1: error: unknown module &#39;bw_u1_inv_4x&#39;
bw_u1_inv_4x I28_5_ (
^~~~~~~~~~~~
fatal error: too many errors emitted, stopping now [--error-limit=]

Build failed: 20 errors, 0 warnings

</pre>
</body>