<head>
  <style>
    .log { font-family: "Courier New", Consolas, monospace; font-size: 80%; }
    .test-failed { background-color: #ffaaaa; }
    .test-passed { background-color: #aaffaa; }
  </style>
</head>
<body>
<h3><a href="https://github.com/MikePopoloski/slang" target="_blank">slang</a></h3>
<pre class="test-failed">
description: Tests imported from utd-sv
rc: 1 (means success: 0)
tags: utd-sv
incdirs: /tmpfs/src/github/sv-tests/third_party/tests/utd-sv
top_module: 
type: parsing
mode: parsing
files: <a href="../../../../third_party/tests/utd-sv/lsu_qdp2.v.html" target="file-frame">third_party/tests/utd-sv/lsu_qdp2.v</a>
defines: 
time_elapsed: 0.006s
ram usage: 8992 KB
</pre>
<pre class="log">

slang-driver --single-unit -I /tmpfs/src/github/sv-tests/third_party/tests/utd-sv <a href="../../../../third_party/tests/utd-sv/lsu_qdp2.v.html" target="file-frame">third_party/tests/utd-sv/lsu_qdp2.v</a>
Top level design units:
    lsu_qdp2

../../src/github/sv-tests/third_party/tests/utd-sv/lsu_qdp2.v:299:1: error: unknown module &#39;clken_buf&#39;
clken_buf stb_dfq_byp0_clken(                
^~~~~~~~~
../../src/github/sv-tests/third_party/tests/utd-sv/lsu_qdp2.v:313:1: error: unknown module &#39;dff_s&#39;
dff_s  #(83) stb_dfq_byp0_ff (                       
^~~~~
../../src/github/sv-tests/third_party/tests/utd-sv/lsu_qdp2.v:323:1: error: unknown module &#39;clken_buf&#39;
clken_buf stb_dfq_byp1_clken(                
^~~~~~~~~
../../src/github/sv-tests/third_party/tests/utd-sv/lsu_qdp2.v:337:1: error: unknown module &#39;dff_s&#39;
dff_s  #(83) stb_dfq_byp1_ff (                       
^~~~~
../../src/github/sv-tests/third_party/tests/utd-sv/lsu_qdp2.v:347:1: error: unknown module &#39;clken_buf&#39;
clken_buf stb_dfq_byp2_clken(                
^~~~~~~~~
../../src/github/sv-tests/third_party/tests/utd-sv/lsu_qdp2.v:361:1: error: unknown module &#39;dff_s&#39;
dff_s  #(83) stb_dfq_byp2_ff (                       
^~~~~
../../src/github/sv-tests/third_party/tests/utd-sv/lsu_qdp2.v:371:1: error: unknown module &#39;clken_buf&#39;
clken_buf stb_dfq_byp3_clken(                
^~~~~~~~~
../../src/github/sv-tests/third_party/tests/utd-sv/lsu_qdp2.v:385:1: error: unknown module &#39;dff_s&#39;
dff_s  #(83) stb_dfq_byp3_ff (                       
^~~~~
../../src/github/sv-tests/third_party/tests/utd-sv/lsu_qdp2.v:393:1: error: unknown module &#39;mux4ds&#39;
mux4ds  #(`STB_DFQ_VLD+1) stb_data_mx (
^~~~~~
../../src/github/sv-tests/third_party/tests/utd-sv/lsu_qdp2.v:470:1: error: unknown module &#39;clken_buf&#39;
clken_buf fwdpkt_clken(                             
^~~~~~~~~
../../src/github/sv-tests/third_party/tests/utd-sv/lsu_qdp2.v:484:1: error: unknown module &#39;dff_s&#39;
dff_s  #(108) fwdpkt_ff  (                                  
^~~~~
../../src/github/sv-tests/third_party/tests/utd-sv/lsu_qdp2.v:546:1: error: unknown module &#39;mux2ds&#39;
mux2ds  #(`DFQ_WIDTH+1) dfq_st_data_mx (
^~~~~~
../../src/github/sv-tests/third_party/tests/utd-sv/lsu_qdp2.v:557:1: error: unknown module &#39;mux2ds&#39;
mux2ds  #(`DFQ_WIDTH+1) dfq_byp_mx (
^~~~~~
../../src/github/sv-tests/third_party/tests/utd-sv/lsu_qdp2.v:605:1: error: unknown module &#39;clken_buf&#39;
clken_buf dfq_byp_ff_en_clken(                     
^~~~~~~~~
../../src/github/sv-tests/third_party/tests/utd-sv/lsu_qdp2.v:619:1: error: unknown module &#39;dff_s&#39;
dff_s  #(`DFQ_WIDTH) dfq_data_stg (                        
^~~~~
../../src/github/sv-tests/third_party/tests/utd-sv/lsu_qdp2.v:668:1: error: unknown module &#39;mux4ds&#39;
mux4ds  #(14) invfld_lo_sel (
^~~~~~
../../src/github/sv-tests/third_party/tests/utd-sv/lsu_qdp2.v:692:1: error: unknown module &#39;mux4ds&#39;
mux4ds  #(14) invfld_hi_sel (
^~~~~~
../../src/github/sv-tests/third_party/tests/utd-sv/lsu_qdp2.v:717:1: error: unknown module &#39;mux2ds&#39;
mux2ds  #(14) invfld_sel (
^~~~~~
../../src/github/sv-tests/third_party/tests/utd-sv/lsu_qdp2.v:735:1: error: unknown module &#39;mux4ds&#39;
mux4ds  #(14) st_dcfill_wrway_lo (
^~~~~~
../../src/github/sv-tests/third_party/tests/utd-sv/lsu_qdp2.v:759:1: error: unknown module &#39;mux4ds&#39;
mux4ds  #(14) st_dcfill_wrway_hi (
^~~~~~
fatal error: too many errors emitted, stopping now [--error-limit=]

Build failed: 20 errors, 0 warnings

</pre>
</body>