<head>
  <style>
    .log { font-family: "Courier New", Consolas, monospace; font-size: 80%; }
    .test-failed { background-color: #ffaaaa; }
    .test-passed { background-color: #aaffaa; }
  </style>
</head>
<body>
<h3><a href="https://github.com/MikePopoloski/slang" target="_blank">slang</a></h3>
<pre class="test-failed">
description: Tests imported from utd-sv
rc: 1 (means success: 0)
tags: utd-sv
incdirs: /tmpfs/src/github/sv-tests/third_party/tests/utd-sv
top_module: 
type: parsing
mode: parsing
files: <a href="../../../../third_party/tests/utd-sv/pcx_dp4.v.html" target="file-frame">third_party/tests/utd-sv/pcx_dp4.v</a>
defines: 
time_elapsed: 0.004s
ram usage: 9264 KB
</pre>
<pre class="log">

slang-driver --single-unit -I /tmpfs/src/github/sv-tests/third_party/tests/utd-sv <a href="../../../../third_party/tests/utd-sv/pcx_dp4.v.html" target="file-frame">third_party/tests/utd-sv/pcx_dp4.v</a>
Top level design units:
    pcx_dp4

../../src/github/sv-tests/third_party/tests/utd-sv/pcx_dp4.v:135:4: error: unknown module &#39;pcx_dp_maca_r&#39;
   pcx_dp_maca_r mac0(/*AUTOINST*/
   ^~~~~~~~~~~~~
../../src/github/sv-tests/third_party/tests/utd-sv/pcx_dp4.v:171:4: error: unknown module &#39;pcx_dp_macb_r&#39;
   pcx_dp_macb_r mac1(/*AUTOINST*/
   ^~~~~~~~~~~~~
../../src/github/sv-tests/third_party/tests/utd-sv/pcx_dp4.v:187:4: error: unknown module &#39;pcx_dp_macb_r&#39;
   pcx_dp_macb_r mac2(/*AUTOINST*/
   ^~~~~~~~~~~~~
../../src/github/sv-tests/third_party/tests/utd-sv/pcx_dp4.v:203:4: error: unknown module &#39;pcx_dp_macb_r&#39;
   pcx_dp_macb_r mac3(/*AUTOINST*/
   ^~~~~~~~~~~~~
../../src/github/sv-tests/third_party/tests/utd-sv/pcx_dp4.v:241:4: error: unknown module &#39;pcx_dp_macc_l&#39;
   pcx_dp_macc_l mac4(/*AUTOINST*/
   ^~~~~~~~~~~~~
../../src/github/sv-tests/third_party/tests/utd-sv/pcx_dp4.v:280:4: error: unknown module &#39;pcx_dp_macb_l&#39;
   pcx_dp_macb_l mac5(/*AUTOINST*/
   ^~~~~~~~~~~~~
../../src/github/sv-tests/third_party/tests/utd-sv/pcx_dp4.v:296:4: error: unknown module &#39;pcx_dp_macb_l&#39;
   pcx_dp_macb_l mac6(/*AUTOINST*/
   ^~~~~~~~~~~~~
../../src/github/sv-tests/third_party/tests/utd-sv/pcx_dp4.v:333:4: error: unknown module &#39;pcx_dp_maca_l&#39;
   pcx_dp_maca_l mac7(/*AUTOINST*/
   ^~~~~~~~~~~~~

Build failed: 8 errors, 0 warnings

</pre>
</body>