<head>
  <style>
    .log { font-family: "Courier New", Consolas, monospace; font-size: 80%; }
    .test-failed { background-color: #ffaaaa; }
    .test-passed { background-color: #aaffaa; }
  </style>
</head>
<body>
<h3><a href="https://github.com/MikePopoloski/slang" target="_blank">slang</a></h3>
<pre class="test-failed">
description: Tests imported from utd-sv
should_fail: 0
tags: utd-sv
incdirs: /tmpfs/src/github/sv-tests/third_party/tests/utd-sv
top_module: 
type: parsing
mode: parsing
files: <a href="../../../../third_party/tests/utd-sv/ctu_clsp_synch_dldg.v.html" target="file-frame">third_party/tests/utd-sv/ctu_clsp_synch_dldg.v</a>
time_elapsed: 0.000s
ram usage: 9516 KB
</pre>
<pre class="log">

../../src/github/sv-tests/third_party/tests/utd-sv/ctu_clsp_synch_dldg.v:77:6: error: unknown module &#39;dffrl_async_ns&#39;
     dffrl_async_ns  u_start_clk_dg(
     ^~~~~~~~~~~~~~
../../src/github/sv-tests/third_party/tests/utd-sv/ctu_clsp_synch_dldg.v:83:6: error: unknown module &#39;dff_ns&#39;
     dff_ns  u_ctu_ddr0_dram_cken_dg(
     ^~~~~~
../../src/github/sv-tests/third_party/tests/utd-sv/ctu_clsp_synch_dldg.v:87:6: error: unknown module &#39;dff_ns&#39;
     dff_ns  u_ctu_ddr1_dram_cken_dg(
     ^~~~~~
../../src/github/sv-tests/third_party/tests/utd-sv/ctu_clsp_synch_dldg.v:91:6: error: unknown module &#39;dff_ns&#39;
     dff_ns  u_ctu_ddr2_dram_cken_dg(
     ^~~~~~
../../src/github/sv-tests/third_party/tests/utd-sv/ctu_clsp_synch_dldg.v:96:6: error: unknown module &#39;dff_ns&#39;
     dff_ns  u_ctu_ddr3_dram_cken_dg(
     ^~~~~~
../../src/github/sv-tests/third_party/tests/utd-sv/ctu_clsp_synch_dldg.v:101:6: error: unknown module &#39;dff_ns&#39;
     dff_ns  u_ctu_dram02_dram_cken_dg(
     ^~~~~~
../../src/github/sv-tests/third_party/tests/utd-sv/ctu_clsp_synch_dldg.v:106:6: error: unknown module &#39;dff_ns&#39;
     dff_ns  u_ctu_dram13_dram_cken_dg(
     ^~~~~~
../../src/github/sv-tests/third_party/tests/utd-sv/ctu_clsp_synch_dldg.v:111:6: error: unknown module &#39;dff_ns&#39;
     dff_ns  u_a_grst_dg(
     ^~~~~~
../../src/github/sv-tests/third_party/tests/utd-sv/ctu_clsp_synch_dldg.v:116:6: error: unknown module &#39;dff_ns&#39;
     dff_ns  u_a_dbginit_dl(
     ^~~~~~
../../src/github/sv-tests/third_party/tests/utd-sv/ctu_clsp_synch_dldg.v:121:6: error: unknown module &#39;dff_ns&#39;
     dff_ns  u_de_grst_dsync_edge_dl(
     ^~~~~~
../../src/github/sv-tests/third_party/tests/utd-sv/ctu_clsp_synch_dldg.v:126:6: error: unknown module &#39;dff_ns&#39;
     dff_ns  u_de_dbginit_dsync_edge_dl(
     ^~~~~~

</pre>
</body>