<head>
  <style>
    .log { font-family: "Courier New", Consolas, monospace; font-size: 80%; }
    .test-failed { background-color: #ffaaaa; }
    .test-passed { background-color: #aaffaa; }
  </style>
</head>
<body>
<h3><a href="https://github.com/MikePopoloski/slang" target="_blank">slang</a></h3>
<pre class="test-failed">
description: Tests imported from utd-sv
rc: 1 (means success: 0)
tags: utd-sv
incdirs: /tmpfs/src/github/sv-tests/third_party/tests/utd-sv
top_module: 
type: parsing
mode: parsing
files: <a href="../../../../third_party/tests/utd-sv/ctu_clsp_cmpgif.v.html" target="file-frame">third_party/tests/utd-sv/ctu_clsp_cmpgif.v</a>
defines: 
time_elapsed: 0.003s
ram usage: 9268 KB
</pre>
<pre class="log">

slang-driver --single-unit -I /tmpfs/src/github/sv-tests/third_party/tests/utd-sv <a href="../../../../third_party/tests/utd-sv/ctu_clsp_cmpgif.v.html" target="file-frame">third_party/tests/utd-sv/ctu_clsp_cmpgif.v</a>
Top level design units:
    ctu_clsp_cmpgif

../../src/github/sv-tests/third_party/tests/utd-sv/ctu_clsp_cmpgif.v:139:4: error: unknown module &#39;dffrl_async_ns&#39;
   dffrl_async_ns    u_start_clk_cg(
   ^~~~~~~~~~~~~~
../../src/github/sv-tests/third_party/tests/utd-sv/ctu_clsp_cmpgif.v:145:4: error: unknown module &#39;dffrl_async_ns&#39;
   dffrl_async_ns    u_cmp_grst_l(
   ^~~~~~~~~~~~~~
../../src/github/sv-tests/third_party/tests/utd-sv/ctu_clsp_cmpgif.v:151:4: error: unknown module &#39;dffrl_async_ns&#39;
   dffrl_async_ns    u_cmp_dbginit_l(
   ^~~~~~~~~~~~~~
../../src/github/sv-tests/third_party/tests/utd-sv/ctu_clsp_cmpgif.v:157:4: error: unknown module &#39;dffrl_async_ns&#39;
   dffrl_async_ns    u_ctu_dram_rx_sync_cl(
   ^~~~~~~~~~~~~~
../../src/github/sv-tests/third_party/tests/utd-sv/ctu_clsp_cmpgif.v:163:4: error: unknown module &#39;dffrl_async_ns&#39;
   dffrl_async_ns    u_ctu_dram_tx_sync_cl(
   ^~~~~~~~~~~~~~
../../src/github/sv-tests/third_party/tests/utd-sv/ctu_clsp_cmpgif.v:169:4: error: unknown module &#39;dffrl_async_ns&#39;
   dffrl_async_ns    u_ctu_jbus_rx_sync_cl(
   ^~~~~~~~~~~~~~
../../src/github/sv-tests/third_party/tests/utd-sv/ctu_clsp_cmpgif.v:175:4: error: unknown module &#39;dffrl_async_ns&#39;
   dffrl_async_ns    u_ctu_jbus_tx_sync_cl(
   ^~~~~~~~~~~~~~
../../src/github/sv-tests/third_party/tests/utd-sv/ctu_clsp_cmpgif.v:182:4: error: unknown module &#39;dffrl_async_ns&#39;
   dffrl_async_ns    u_ctu_sparc0_cmp_cken_nsr(
   ^~~~~~~~~~~~~~
../../src/github/sv-tests/third_party/tests/utd-sv/ctu_clsp_cmpgif.v:187:4: error: unknown module &#39;dffrl_async_ns&#39;
   dffrl_async_ns    u_ctu_sparc1_cmp_cken_nsr(
   ^~~~~~~~~~~~~~
../../src/github/sv-tests/third_party/tests/utd-sv/ctu_clsp_cmpgif.v:192:4: error: unknown module &#39;dffrl_async_ns&#39;
   dffrl_async_ns    u_ctu_sparc2_cmp_cken_nsr(
   ^~~~~~~~~~~~~~
../../src/github/sv-tests/third_party/tests/utd-sv/ctu_clsp_cmpgif.v:197:4: error: unknown module &#39;dffrl_async_ns&#39;
   dffrl_async_ns    u_ctu_sparc3_cmp_cken_nsr(
   ^~~~~~~~~~~~~~
../../src/github/sv-tests/third_party/tests/utd-sv/ctu_clsp_cmpgif.v:202:4: error: unknown module &#39;dffrl_async_ns&#39;
   dffrl_async_ns    u_ctu_sparc4_cmp_cken_nsr(
   ^~~~~~~~~~~~~~
../../src/github/sv-tests/third_party/tests/utd-sv/ctu_clsp_cmpgif.v:207:4: error: unknown module &#39;dffrl_async_ns&#39;
   dffrl_async_ns    u_ctu_sparc5_cmp_cken_nsr(
   ^~~~~~~~~~~~~~
../../src/github/sv-tests/third_party/tests/utd-sv/ctu_clsp_cmpgif.v:212:4: error: unknown module &#39;dffrl_async_ns&#39;
   dffrl_async_ns    u_ctu_sparc6_cmp_cken_nsr(
   ^~~~~~~~~~~~~~
../../src/github/sv-tests/third_party/tests/utd-sv/ctu_clsp_cmpgif.v:217:4: error: unknown module &#39;dffrl_async_ns&#39;
   dffrl_async_ns    u_ctu_sparc7_cmp_cken_nsr(
   ^~~~~~~~~~~~~~
../../src/github/sv-tests/third_party/tests/utd-sv/ctu_clsp_cmpgif.v:223:4: error: unknown module &#39;dffrl_async_ns&#39;
   dffrl_async_ns    u_ctu_scdata0_cmp_cken_nsr(
   ^~~~~~~~~~~~~~
../../src/github/sv-tests/third_party/tests/utd-sv/ctu_clsp_cmpgif.v:228:4: error: unknown module &#39;dffrl_async_ns&#39;
   dffrl_async_ns    u_ctu_scdata1_cmp_cken_nsr(
   ^~~~~~~~~~~~~~
../../src/github/sv-tests/third_party/tests/utd-sv/ctu_clsp_cmpgif.v:233:4: error: unknown module &#39;dffrl_async_ns&#39;
   dffrl_async_ns    u_ctu_scdata2_cmp_cken_nsr(
   ^~~~~~~~~~~~~~
../../src/github/sv-tests/third_party/tests/utd-sv/ctu_clsp_cmpgif.v:238:4: error: unknown module &#39;dffrl_async_ns&#39;
   dffrl_async_ns    u_ctu_scdata3_cmp_cken_nsr(
   ^~~~~~~~~~~~~~
../../src/github/sv-tests/third_party/tests/utd-sv/ctu_clsp_cmpgif.v:244:4: error: unknown module &#39;dffrl_async_ns&#39;
   dffrl_async_ns    u_ctu_sctag0_cmp_cken_nsr(
   ^~~~~~~~~~~~~~
fatal error: too many errors emitted, stopping now [--error-limit=]

Build failed: 20 errors, 0 warnings

</pre>
</body>