<head>
  <style>
    .log { font-family: "Courier New", Consolas, monospace; font-size: 80%; }
    .test-failed { background-color: #ffaaaa; }
    .test-passed { background-color: #aaffaa; }
  </style>
</head>
<body>
<h3><a href="https://github.com/MikePopoloski/slang" target="_blank">slang</a></h3>
<pre class="test-failed">
description: Tests imported from utd-sv
rc: 1 (means success: 0)
tags: utd-sv
incdirs: /tmpfs/src/github/sv-tests/third_party/tests/utd-sv
top_module: 
type: parsing
mode: parsing
files: <a href="../../../../third_party/tests/utd-sv/fpu_out_dp.v.html" target="file-frame">third_party/tests/utd-sv/fpu_out_dp.v</a>
defines: 
time_elapsed: 0.003s
ram usage: 8984 KB
</pre>
<pre class="log">

slang-driver --single-unit -I /tmpfs/src/github/sv-tests/third_party/tests/utd-sv <a href="../../../../third_party/tests/utd-sv/fpu_out_dp.v.html" target="file-frame">third_party/tests/utd-sv/fpu_out_dp.v</a>
Top level design units:
    fpu_out_dp

../../src/github/sv-tests/third_party/tests/utd-sv/fpu_out_dp.v:112:1: error: unknown module &#39;clken_buf&#39;
clken_buf  ckbuf_out_dp (
^~~~~~~~~
../../src/github/sv-tests/third_party/tests/utd-sv/fpu_out_dp.v:185:1: error: unknown module &#39;dff_s&#39;
dff_s #(8) i_fp_cpx_data_ca_84_77 (
^~~~~
../../src/github/sv-tests/third_party/tests/utd-sv/fpu_out_dp.v:196:1: error: unknown module &#39;dff_s&#39;
dff_s #(77) i_fp_cpx_data_ca_76_0 (
^~~~~

Build failed: 3 errors, 0 warnings

</pre>
</body>