<head>
  <style>
    .log { font-family: "Courier New", Consolas, monospace; font-size: 80%; }
    .test-failed { background-color: #ffaaaa; }
    .test-passed { background-color: #aaffaa; }
  </style>
</head>
<body>
<h3><a href="https://github.com/MikePopoloski/slang" target="_blank">slang</a></h3>
<pre class="test-failed">
description: Tests imported from utd-sv
rc: 1 (means success: 0)
tags: utd-sv
incdirs: /tmpfs/src/github/sv-tests/third_party/tests/utd-sv
top_module: 
type: parsing
mode: parsing
files: <a href="../../../../third_party/tests/utd-sv/ctu_clsp_synch_cljl.v.html" target="file-frame">third_party/tests/utd-sv/ctu_clsp_synch_cljl.v</a>
defines: 
time_elapsed: 0.003s
ram usage: 9264 KB
</pre>
<pre class="log">

slang-driver --single-unit -I /tmpfs/src/github/sv-tests/third_party/tests/utd-sv <a href="../../../../third_party/tests/utd-sv/ctu_clsp_synch_cljl.v.html" target="file-frame">third_party/tests/utd-sv/ctu_clsp_synch_cljl.v</a>
Top level design units:
    ctu_clsp_synch_cljl

../../src/github/sv-tests/third_party/tests/utd-sv/ctu_clsp_synch_cljl.v:98:6: error: unknown module &#39;dffrl_ns&#39;
     dffrl_ns u_clsp_ctrl_srarm_jl( .rst_l	(start_clk_jl), /*AUTOINST*/
     ^~~~~~~~                             	
../../src/github/sv-tests/third_party/tests/utd-sv/ctu_clsp_synch_cljl.v:113:6: error: unknown module &#39;dffrl_ns&#39;
     dffrl_ns u_ctu_dram02_cken_jl( .rst_l	(start_clk_jl), /*AUTOINST*/
     ^~~~~~~~                             	
../../src/github/sv-tests/third_party/tests/utd-sv/ctu_clsp_synch_cljl.v:119:6: error: unknown module &#39;dffrl_ns&#39;
     dffrl_ns u_ctu_dram13_cken_jl( .rst_l	(start_clk_jl), /*AUTOINST*/
     ^~~~~~~~                             	
../../src/github/sv-tests/third_party/tests/utd-sv/ctu_clsp_synch_cljl.v:134:6: error: unknown module &#39;dffrl_ns&#39;
     dffrl_ns u_ctu_iob_cken_jl( .rst_l	(start_clk_jl), /*AUTOINST*/
     ^~~~~~~~                          	
../../src/github/sv-tests/third_party/tests/utd-sv/ctu_clsp_synch_cljl.v:148:6: error: unknown module &#39;dffrl_ns&#39;
     dffrl_ns u_ctu_efc_cken_jl( .rst_l	(start_clk_jl), /*AUTOINST*/
     ^~~~~~~~                          	
../../src/github/sv-tests/third_party/tests/utd-sv/ctu_clsp_synch_cljl.v:165:6: error: unknown module &#39;dffsl_async_ns&#39;
     dffsl_async_ns u_ctu_jbusl_cken_jl(
     ^~~~~~~~~~~~~~
../../src/github/sv-tests/third_party/tests/utd-sv/ctu_clsp_synch_cljl.v:183:6: error: unknown module &#39;dffsl_async_ns&#39;
     dffsl_async_ns u_ctu_jbusr_cken_jl( 
     ^~~~~~~~~~~~~~
../../src/github/sv-tests/third_party/tests/utd-sv/ctu_clsp_synch_cljl.v:200:6: error: unknown module &#39;dffrl_ns&#39;
     dffrl_ns u_ctu_jbi_cken_jl( .rst_l	(start_clk_jl), /*AUTOINST*/
     ^~~~~~~~                          	
../../src/github/sv-tests/third_party/tests/utd-sv/ctu_clsp_synch_cljl.v:217:6: error: unknown module &#39;dffsl_async_ns&#39;
     dffsl_async_ns u_ctu_dbg_cken_jl( .set_l	(io_pwron_rst_l), /*AUTOINST*/
     ^~~~~~~~~~~~~~                          	
../../src/github/sv-tests/third_party/tests/utd-sv/ctu_clsp_synch_cljl.v:234:6: error: unknown module &#39;dffsl_async_ns&#39;
     dffsl_async_ns u_ctu_misc_cken_jl( .set_l	(io_pwron_rst_l), /*AUTOINST*/
     ^~~~~~~~~~~~~~                           	
../../src/github/sv-tests/third_party/tests/utd-sv/ctu_clsp_synch_cljl.v:247:6: error: unknown module &#39;dff_ns&#39;
     dff_ns u_iob_ctu_l2_tr_jl(/*AUTOINST*/
     ^~~~~~
../../src/github/sv-tests/third_party/tests/utd-sv/ctu_clsp_synch_cljl.v:261:6: error: unknown module &#39;dff_ns&#39;
     dff_ns u_iob_ctu_tr_jl(/*AUTOINST*/
     ^~~~~~
../../src/github/sv-tests/third_party/tests/utd-sv/ctu_clsp_synch_cljl.v:274:6: error: unknown module &#39;dff_ns&#39;
     dff_ns u_jbi_ctu_tr_jl(/*AUTOINST*/
     ^~~~~~
../../src/github/sv-tests/third_party/tests/utd-sv/ctu_clsp_synch_cljl.v:287:6: error: unknown module &#39;dff_ns&#39;
     dff_ns u_dram02_ctu_tr_jl (/*AUTOINST*/
     ^~~~~~
../../src/github/sv-tests/third_party/tests/utd-sv/ctu_clsp_synch_cljl.v:293:6: error: unknown module &#39;dff_ns&#39;
     dff_ns u_dram13_ctu_tr_jl (/*AUTOINST*/
     ^~~~~~

Build failed: 15 errors, 0 warnings

</pre>
</body>