<head>
  <style>
    .log { font-family: "Courier New", Consolas, monospace; font-size: 80%; }
    .test-failed { background-color: #ffaaaa; }
    .test-passed { background-color: #aaffaa; }
  </style>
</head>
<body>
<h3><a href="https://github.com/MikePopoloski/slang" target="_blank">slang</a></h3>
<pre class="test-failed">
description: Tests imported from utd-sv
rc: 1 (means success: 0)
tags: utd-sv
incdirs: /tmpfs/src/github/sv-tests/third_party/tests/utd-sv
top_module: 
type: parsing
mode: parsing
files: <a href="../../../../third_party/tests/utd-sv/fpu.v.html" target="file-frame">third_party/tests/utd-sv/fpu.v</a>
defines: 
time_elapsed: 0.004s
ram usage: 9076 KB
</pre>
<pre class="log">

slang-driver --single-unit -I /tmpfs/src/github/sv-tests/third_party/tests/utd-sv <a href="../../../../third_party/tests/utd-sv/fpu.v.html" target="file-frame">third_party/tests/utd-sv/fpu.v</a>
Top level design units:
    fpu

../../src/github/sv-tests/third_party/tests/utd-sv/fpu.v:268:1: error: unknown module &#39;fpu_in&#39;
fpu_in fpu_in (
^~~~~~
../../src/github/sv-tests/third_party/tests/utd-sv/fpu.v:328:1: error: unknown module &#39;bw_r_rf16x160&#39;
bw_r_rf16x160 i_fpu_inq_sram (
^~~~~~~~~~~~~
../../src/github/sv-tests/third_party/tests/utd-sv/fpu.v:350:1: error: unknown module &#39;fpu_add&#39;
fpu_add fpu_add (
^~~~~~~
../../src/github/sv-tests/third_party/tests/utd-sv/fpu.v:395:1: error: unknown module &#39;fpu_mul&#39;
fpu_mul fpu_mul (
^~~~~~~
../../src/github/sv-tests/third_party/tests/utd-sv/fpu.v:438:1: error: unknown module &#39;fpu_div&#39;
fpu_div fpu_div (
^~~~~~~
../../src/github/sv-tests/third_party/tests/utd-sv/fpu.v:479:1: error: unknown module &#39;fpu_out&#39;
fpu_out fpu_out (
^~~~~~~
../../src/github/sv-tests/third_party/tests/utd-sv/fpu.v:530:1: error: unknown module &#39;test_stub_scan&#39;
test_stub_scan test_stub (
^~~~~~~~~~~~~~
../../src/github/sv-tests/third_party/tests/utd-sv/fpu.v:562:1: error: unknown module &#39;bw_clk_cl_fpu_cmp&#39;
bw_clk_cl_fpu_cmp cluster_header (
^~~~~~~~~~~~~~~~~
../../src/github/sv-tests/third_party/tests/utd-sv/fpu.v:585:1: error: unknown module &#39;fpu_rptr_groups&#39;
fpu_rptr_groups fpu_rptr_groups (
^~~~~~~~~~~~~~~

Build failed: 9 errors, 0 warnings

</pre>
</body>