<head>
  <style>
    .log { font-family: "Courier New", Consolas, monospace; font-size: 80%; }
    .test-failed { background-color: #ffaaaa; }
    .test-passed { background-color: #aaffaa; }
  </style>
</head>
<body>
<h3><a href="https://github.com/MikePopoloski/slang" target="_blank">slang</a></h3>
<pre class="test-failed">
description: Tests imported from utd-sv
rc: 1 (means success: 0)
tags: utd-sv
incdirs: /tmpfs/src/github/sv-tests/third_party/tests/utd-sv
top_module: 
type: parsing
mode: parsing
files: <a href="../../../../third_party/tests/utd-sv/ucb_flow_spi.v.html" target="file-frame">third_party/tests/utd-sv/ucb_flow_spi.v</a>
defines: 
time_elapsed: 0.006s
ram usage: 9000 KB
</pre>
<pre class="log">

slang-driver --single-unit -I /tmpfs/src/github/sv-tests/third_party/tests/utd-sv <a href="../../../../third_party/tests/utd-sv/ucb_flow_spi.v.html" target="file-frame">third_party/tests/utd-sv/ucb_flow_spi.v</a>
Top level design units:
    ucb_flow_spi

../../src/github/sv-tests/third_party/tests/utd-sv/ucb_flow_spi.v:186:4: error: unknown module &#39;ucb_bus_in&#39;
   ucb_bus_in #(IOB_UCB_WIDTH,64) ucb_bus_in (.rst_l(rst_l),
   ^~~~~~~~~~
../../src/github/sv-tests/third_party/tests/utd-sv/ucb_flow_spi.v:223:4: error: unknown module &#39;dff_ns&#39;
   dff_ns #(`UCB_BUF_DEPTH) buf_head_ff (.din(buf_head_next),
   ^~~~~~
../../src/github/sv-tests/third_party/tests/utd-sv/ucb_flow_spi.v:236:4: error: unknown module &#39;dff_ns&#39;
   dff_ns #(`UCB_BUF_DEPTH) buf_tail_ff (.din(buf_tail_next),
   ^~~~~~
../../src/github/sv-tests/third_party/tests/utd-sv/ucb_flow_spi.v:243:4: error: unknown module &#39;dffrle_ns&#39;
   dffrle_ns #(1) buf_full_ff (.din(buf_full_next),
   ^~~~~~~~~
../../src/github/sv-tests/third_party/tests/utd-sv/ucb_flow_spi.v:252:4: error: unknown module &#39;dffe_ns&#39;
   dffe_ns #(1) buf_empty_ff (.din(buf_empty_next),
   ^~~~~~~
../../src/github/sv-tests/third_party/tests/utd-sv/ucb_flow_spi.v:269:4: error: unknown module &#39;dffe_ns&#39;
   dffe_ns #(`UCB_BUF_WIDTH) buf0_ff (.din(req_in),
   ^~~~~~~
../../src/github/sv-tests/third_party/tests/utd-sv/ucb_flow_spi.v:275:4: error: unknown module &#39;dffe_ns&#39;
   dffe_ns #(`UCB_BUF_WIDTH) buf1_ff (.din(req_in),
   ^~~~~~~
../../src/github/sv-tests/third_party/tests/utd-sv/ucb_flow_spi.v:311:4: error: unknown module &#39;dffrl_ns&#39;
   dffrl_ns #(1) ack_buf_vld_ff (.din(ack_buf_vld_next),
   ^~~~~~~~
../../src/github/sv-tests/third_party/tests/utd-sv/ucb_flow_spi.v:316:4: error: unknown module &#39;dffe_ns&#39;
   dffe_ns #(1) ack_buf_is_nack_ff (.din(rd_nack_vld|ifill_nack_vld),
   ^~~~~~~
../../src/github/sv-tests/third_party/tests/utd-sv/ucb_flow_spi.v:321:4: error: unknown module &#39;dffe_ns&#39;
   dffe_ns #(1) ack_buf_is_data128_ff (.din(data128),
   ^~~~~~~
../../src/github/sv-tests/third_party/tests/utd-sv/ucb_flow_spi.v:336:4: error: unknown module &#39;dffe_ns&#39;
   dffe_ns #(REG_WIDTH+`UCB_BUF_HI-`UCB_PKT_LO+1) ack_buf_ff (.din(ack_buf_in),
   ^~~~~~~
../../src/github/sv-tests/third_party/tests/utd-sv/ucb_flow_spi.v:359:4: error: unknown module &#39;dffrl_ns&#39;
   dffrl_ns #(1) int_buf_vld_ff (.din(int_buf_vld_next),
   ^~~~~~~~
../../src/github/sv-tests/third_party/tests/utd-sv/ucb_flow_spi.v:370:4: error: unknown module &#39;dffe_ns&#39;
   dffe_ns #(`UCB_INT_VEC_HI-`UCB_PKT_LO+1) int_buf_ff (.din(int_buf_in),
   ^~~~~~~
../../src/github/sv-tests/third_party/tests/utd-sv/ucb_flow_spi.v:384:4: error: unknown module &#39;dffrle_ns&#39;
   dffrle_ns #(1) int_last_rd_ff (.din(int_buf_rd),
   ^~~~~~~~~
../../src/github/sv-tests/third_party/tests/utd-sv/ucb_flow_spi.v:416:4: error: unknown module &#39;ucb_bus_out&#39;
   ucb_bus_out #(UCB_IOB_WIDTH, REG_WIDTH) ucb_bus_out (.rst_l(rst_l),
   ^~~~~~~~~~~

Build failed: 15 errors, 0 warnings

</pre>
</body>