<head>
  <style>
    .log { font-family: "Courier New", Consolas, monospace; font-size: 80%; }
    .test-failed { background-color: #ffaaaa; }
    .test-passed { background-color: #aaffaa; }
  </style>
</head>
<body>
<h3><a href="https://github.com/tree-sitter/tree-sitter-verilog" target="_blank">tree-sitter-verilog</a></h3>
<pre class="test-failed">
description: Tests imported from yosys
rc: 1 (means success: 0)
tags: yosys
incdirs: /tmpfs/src/github/sv-tests/third_party/tools/yosys/tests/memories
top_module: 
type: parsing
mode: parsing
files: <a href="../../../../third_party/tools/yosys/tests/memories/amber23_sram_byte_en.v.html" target="file-frame">third_party/tools/yosys/tests/memories/amber23_sram_byte_en.v</a>
defines: 
time_elapsed: 0.105s
ram usage: 25420 KB
</pre>
<pre class="log">

<a href="../../../../third_party/tools/yosys/tests/memories/amber23_sram_byte_en.v.html#l-71" target="file-frame">third_party/tools/yosys/tests/memories/amber23_sram_byte_en.v:71</a>:32: error: node type: ERROR
<a href="../../../../third_party/tools/yosys/tests/memories/amber23_sram_byte_en.v.html#l-71" target="file-frame">third_party/tools/yosys/tests/memories/amber23_sram_byte_en.v:71</a>:93: error: node type: ERROR
<a href="../../../../third_party/tools/yosys/tests/memories/amber23_sram_byte_en.v.html#l-72" target="file-frame">third_party/tools/yosys/tests/memories/amber23_sram_byte_en.v:72</a>:32: error: node type: ERROR
<a href="../../../../third_party/tools/yosys/tests/memories/amber23_sram_byte_en.v.html#l-72" target="file-frame">third_party/tools/yosys/tests/memories/amber23_sram_byte_en.v:72</a>:93: error: node type: ERROR
<a href="../../../../third_party/tools/yosys/tests/memories/amber23_sram_byte_en.v.html#l-73" target="file-frame">third_party/tools/yosys/tests/memories/amber23_sram_byte_en.v:73</a>:32: error: node type: ERROR
<a href="../../../../third_party/tools/yosys/tests/memories/amber23_sram_byte_en.v.html#l-73" target="file-frame">third_party/tools/yosys/tests/memories/amber23_sram_byte_en.v:73</a>:93: error: node type: ERROR
<a href="../../../../third_party/tools/yosys/tests/memories/amber23_sram_byte_en.v.html#l-74" target="file-frame">third_party/tools/yosys/tests/memories/amber23_sram_byte_en.v:74</a>:32: error: node type: ERROR
<a href="../../../../third_party/tools/yosys/tests/memories/amber23_sram_byte_en.v.html#l-74" target="file-frame">third_party/tools/yosys/tests/memories/amber23_sram_byte_en.v:74</a>:93: error: node type: ERROR
<a href="../../../../third_party/tools/yosys/tests/memories/amber23_sram_byte_en.v.html#l-75" target="file-frame">third_party/tools/yosys/tests/memories/amber23_sram_byte_en.v:75</a>:32: error: node type: ERROR
<a href="../../../../third_party/tools/yosys/tests/memories/amber23_sram_byte_en.v.html#l-75" target="file-frame">third_party/tools/yosys/tests/memories/amber23_sram_byte_en.v:75</a>:93: error: node type: ERROR
<a href="../../../../third_party/tools/yosys/tests/memories/amber23_sram_byte_en.v.html#l-76" target="file-frame">third_party/tools/yosys/tests/memories/amber23_sram_byte_en.v:76</a>:32: error: node type: ERROR
<a href="../../../../third_party/tools/yosys/tests/memories/amber23_sram_byte_en.v.html#l-76" target="file-frame">third_party/tools/yosys/tests/memories/amber23_sram_byte_en.v:76</a>:93: error: node type: ERROR
<a href="../../../../third_party/tools/yosys/tests/memories/amber23_sram_byte_en.v.html#l-77" target="file-frame">third_party/tools/yosys/tests/memories/amber23_sram_byte_en.v:77</a>:32: error: node type: ERROR
<a href="../../../../third_party/tools/yosys/tests/memories/amber23_sram_byte_en.v.html#l-77" target="file-frame">third_party/tools/yosys/tests/memories/amber23_sram_byte_en.v:77</a>:93: error: node type: ERROR
<a href="../../../../third_party/tools/yosys/tests/memories/amber23_sram_byte_en.v.html#l-78" target="file-frame">third_party/tools/yosys/tests/memories/amber23_sram_byte_en.v:78</a>:32: error: node type: ERROR

</pre>
</body>