<head>
  <style>
    .log { font-family: "Courier New", Consolas, monospace; font-size: 80%; }
    .test-failed { background-color: #ffaaaa; }
    .test-passed { background-color: #aaffaa; }
  </style>
</head>
<body>
<h3><a href="https://github.com/tree-sitter/tree-sitter-verilog" target="_blank">tree-sitter-verilog</a></h3>
<pre class="test-failed">
description: Tests imported from yosys
rc: 1 (means success: 0)
tags: yosys
incdirs: /tmpfs/src/github/sv-tests/third_party/tools/yosys/tests/simple
top_module: 
type: parsing
mode: parsing
files: <a href="../../../../third_party/tools/yosys/tests/simple/const_branch_finish.v.html" target="file-frame">third_party/tools/yosys/tests/simple/const_branch_finish.v</a>
defines: 
time_elapsed: 0.090s
ram usage: 30708 KB
</pre>
<pre class="log">

<a href="../../../../third_party/tools/yosys/tests/simple/const_branch_finish.v.html#l-9" target="file-frame">third_party/tools/yosys/tests/simple/const_branch_finish.v:9</a>:14: error: node type: end
<a href="../../../../third_party/tools/yosys/tests/simple/const_branch_finish.v.html#l-11" target="file-frame">third_party/tools/yosys/tests/simple/const_branch_finish.v:11</a>:55: error: node type: end
<a href="../../../../third_party/tools/yosys/tests/simple/const_branch_finish.v.html#l-15" target="file-frame">third_party/tools/yosys/tests/simple/const_branch_finish.v:15</a>:3: error: node type: ERROR
<a href="../../../../third_party/tools/yosys/tests/simple/const_branch_finish.v.html#l-18" target="file-frame">third_party/tools/yosys/tests/simple/const_branch_finish.v:18</a>:2: error: node type: ERROR
<a href="../../../../third_party/tools/yosys/tests/simple/const_branch_finish.v.html#l-18" target="file-frame">third_party/tools/yosys/tests/simple/const_branch_finish.v:18</a>:16: error: node type: ERROR
<a href="../../../../third_party/tools/yosys/tests/simple/const_branch_finish.v.html#l-18" target="file-frame">third_party/tools/yosys/tests/simple/const_branch_finish.v:18</a>:25: error: node type: ERROR
<a href="../../../../third_party/tools/yosys/tests/simple/const_branch_finish.v.html#l-18" target="file-frame">third_party/tools/yosys/tests/simple/const_branch_finish.v:18</a>:61: error: node type: ;
<a href="../../../../third_party/tools/yosys/tests/simple/const_branch_finish.v.html#l-21" target="file-frame">third_party/tools/yosys/tests/simple/const_branch_finish.v:21</a>:4: error: node type: ;
<a href="../../../../third_party/tools/yosys/tests/simple/const_branch_finish.v.html#l-23" target="file-frame">third_party/tools/yosys/tests/simple/const_branch_finish.v:23</a>:8: error: node type: ERROR
<a href="../../../../third_party/tools/yosys/tests/simple/const_branch_finish.v.html#l-24" target="file-frame">third_party/tools/yosys/tests/simple/const_branch_finish.v:24</a>:26: error: node type: ;
<a href="../../../../third_party/tools/yosys/tests/simple/const_branch_finish.v.html#l-26" target="file-frame">third_party/tools/yosys/tests/simple/const_branch_finish.v:26</a>:18: error: node type: ;
<a href="../../../../third_party/tools/yosys/tests/simple/const_branch_finish.v.html#l-26" target="file-frame">third_party/tools/yosys/tests/simple/const_branch_finish.v:26</a>:25: error: node type: ERROR
<a href="../../../../third_party/tools/yosys/tests/simple/const_branch_finish.v.html#l-27" target="file-frame">third_party/tools/yosys/tests/simple/const_branch_finish.v:27</a>:26: error: node type: ;
<a href="../../../../third_party/tools/yosys/tests/simple/const_branch_finish.v.html#l-30" target="file-frame">third_party/tools/yosys/tests/simple/const_branch_finish.v:30</a>:3: error: node type: ERROR
<a href="../../../../third_party/tools/yosys/tests/simple/const_branch_finish.v.html#l-33" target="file-frame">third_party/tools/yosys/tests/simple/const_branch_finish.v:33</a>:9: error: node type: ERROR
<a href="../../../../third_party/tools/yosys/tests/simple/const_branch_finish.v.html#l-35" target="file-frame">third_party/tools/yosys/tests/simple/const_branch_finish.v:35</a>:11: error: node type: ERROR

</pre>
</body>