<head>
  <style>
    .log { font-family: "Courier New", Consolas, monospace; font-size: 80%; }
    .test-failed { background-color: #ffaaaa; }
    .test-passed { background-color: #aaffaa; }
  </style>
</head>
<body>
<h3><a href="https://github.com/tree-sitter/tree-sitter-verilog" target="_blank">tree-sitter-verilog</a></h3>
<pre class="test-failed">
description: Tests imported from yosys
rc: 1 (means success: 0)
tags: yosys
incdirs: /tmpfs/src/github/sv-tests/third_party/tools/yosys/tests/simple
top_module: 
type: parsing
mode: parsing
files: <a href="../../../../third_party/tools/yosys/tests/simple/task_func.v.html" target="file-frame">third_party/tools/yosys/tests/simple/task_func.v</a>
defines: 
time_elapsed: 0.112s
ram usage: 29024 KB
</pre>
<pre class="log">

<a href="../../../../third_party/tools/yosys/tests/simple/task_func.v.html#l-27" target="file-frame">third_party/tools/yosys/tests/simple/task_func.v:27</a>:8: error: node type: ERROR
<a href="../../../../third_party/tools/yosys/tests/simple/task_func.v.html#l-29" target="file-frame">third_party/tools/yosys/tests/simple/task_func.v:29</a>:7: error: node type: simple_identifier
<a href="../../../../third_party/tools/yosys/tests/simple/task_func.v.html#l-30" target="file-frame">third_party/tools/yosys/tests/simple/task_func.v:30</a>:7: error: node type: simple_identifier
<a href="../../../../third_party/tools/yosys/tests/simple/task_func.v.html#l-60" target="file-frame">third_party/tools/yosys/tests/simple/task_func.v:60</a>:8: error: node type: ERROR
<a href="../../../../third_party/tools/yosys/tests/simple/task_func.v.html#l-62" target="file-frame">third_party/tools/yosys/tests/simple/task_func.v:62</a>:7: error: node type: simple_identifier
<a href="../../../../third_party/tools/yosys/tests/simple/task_func.v.html#l-63" target="file-frame">third_party/tools/yosys/tests/simple/task_func.v:63</a>:7: error: node type: simple_identifier
<a href="../../../../third_party/tools/yosys/tests/simple/task_func.v.html#l-138" target="file-frame">third_party/tools/yosys/tests/simple/task_func.v:138</a>:8: error: node type: simple_identifier

</pre>
</body>