<head>
  <style>
    .log { font-family: "Courier New", Consolas, monospace; font-size: 80%; }
    .test-failed { background-color: #ffaaaa; }
    .test-passed { background-color: #aaffaa; }
  </style>
</head>
<body>
<h3><a href="https://github.com/tree-sitter/tree-sitter-verilog" target="_blank">tree-sitter-verilog</a></h3>
<pre class="test-failed">
description: Tests imported from yosys
rc: 1 (means success: 0)
tags: yosys
incdirs: /tmpfs/src/github/sv-tests/third_party/tools/yosys/tests/simple
top_module: 
type: parsing
mode: parsing
files: <a href="../../../../third_party/tools/yosys/tests/simple/generate.v.html" target="file-frame">third_party/tools/yosys/tests/simple/generate.v</a>
defines: 
time_elapsed: 0.111s
ram usage: 37720 KB
</pre>
<pre class="log">

<a href="../../../../third_party/tools/yosys/tests/simple/generate.v.html#l-137" target="file-frame">third_party/tools/yosys/tests/simple/generate.v:137</a>:31: error: node type: ERROR
<a href="../../../../third_party/tools/yosys/tests/simple/generate.v.html#l-137" target="file-frame">third_party/tools/yosys/tests/simple/generate.v:137</a>:47: error: node type: ERROR
<a href="../../../../third_party/tools/yosys/tests/simple/generate.v.html#l-140" target="file-frame">third_party/tools/yosys/tests/simple/generate.v:140</a>:25: error: node type: ERROR
<a href="../../../../third_party/tools/yosys/tests/simple/generate.v.html#l-140" target="file-frame">third_party/tools/yosys/tests/simple/generate.v:140</a>:34: error: node type: ERROR
<a href="../../../../third_party/tools/yosys/tests/simple/generate.v.html#l-140" target="file-frame">third_party/tools/yosys/tests/simple/generate.v:140</a>:38: error: node type: ERROR
<a href="../../../../third_party/tools/yosys/tests/simple/generate.v.html#l-141" target="file-frame">third_party/tools/yosys/tests/simple/generate.v:141</a>:20: error: node type: ERROR
<a href="../../../../third_party/tools/yosys/tests/simple/generate.v.html#l-141" target="file-frame">third_party/tools/yosys/tests/simple/generate.v:141</a>:40: error: node type: ERROR
<a href="../../../../third_party/tools/yosys/tests/simple/generate.v.html#l-144" target="file-frame">third_party/tools/yosys/tests/simple/generate.v:144</a>:33: error: node type: ERROR
<a href="../../../../third_party/tools/yosys/tests/simple/generate.v.html#l-144" target="file-frame">third_party/tools/yosys/tests/simple/generate.v:144</a>:42: error: node type: ERROR
<a href="../../../../third_party/tools/yosys/tests/simple/generate.v.html#l-144" target="file-frame">third_party/tools/yosys/tests/simple/generate.v:144</a>:52: error: node type: ERROR
<a href="../../../../third_party/tools/yosys/tests/simple/generate.v.html#l-148" target="file-frame">third_party/tools/yosys/tests/simple/generate.v:148</a>:31: error: node type: ERROR
<a href="../../../../third_party/tools/yosys/tests/simple/generate.v.html#l-169" target="file-frame">third_party/tools/yosys/tests/simple/generate.v:169</a>:8: error: node type: ERROR
<a href="../../../../third_party/tools/yosys/tests/simple/generate.v.html#l-169" target="file-frame">third_party/tools/yosys/tests/simple/generate.v:169</a>:14: error: node type: ;
<a href="../../../../third_party/tools/yosys/tests/simple/generate.v.html#l-194" target="file-frame">third_party/tools/yosys/tests/simple/generate.v:194</a>:0: error: node type: ERROR
<a href="../../../../third_party/tools/yosys/tests/simple/generate.v.html#l-200" target="file-frame">third_party/tools/yosys/tests/simple/generate.v:200</a>:38: error: node type: endgenerate
<a href="../../../../third_party/tools/yosys/tests/simple/generate.v.html#l-217" target="file-frame">third_party/tools/yosys/tests/simple/generate.v:217</a>:2: error: node type: ERROR
<a href="../../../../third_party/tools/yosys/tests/simple/generate.v.html#l-219" target="file-frame">third_party/tools/yosys/tests/simple/generate.v:219</a>:3: error: node type: ERROR
<a href="../../../../third_party/tools/yosys/tests/simple/generate.v.html#l-220" target="file-frame">third_party/tools/yosys/tests/simple/generate.v:220</a>:25: error: node type: endgenerate
<a href="../../../../third_party/tools/yosys/tests/simple/generate.v.html#l-229" target="file-frame">third_party/tools/yosys/tests/simple/generate.v:229</a>:3: error: node type: ERROR
<a href="../../../../third_party/tools/yosys/tests/simple/generate.v.html#l-241" target="file-frame">third_party/tools/yosys/tests/simple/generate.v:241</a>:10: error: node type: ERROR
<a href="../../../../third_party/tools/yosys/tests/simple/generate.v.html#l-251" target="file-frame">third_party/tools/yosys/tests/simple/generate.v:251</a>:12: error: node type: ;

</pre>
</body>