<head>
  <style>
    .log { font-family: "Courier New", Consolas, monospace; font-size: 80%; }
    .test-failed { background-color: #ffaaaa; }
    .test-passed { background-color: #aaffaa; }
  </style>
</head>
<body>
<h3><a href="https://github.com/tree-sitter/tree-sitter-verilog" target="_blank">tree-sitter-verilog</a></h3>
<pre class="test-failed">
description: Tests imported from yosys
rc: 1 (means success: 0)
tags: yosys
incdirs: /tmpfs/src/github/sv-tests/third_party/tools/yosys/tests/simple
top_module: 
type: parsing
mode: parsing
files: <a href="../../../../third_party/tools/yosys/tests/simple/fsm.v.html" target="file-frame">third_party/tools/yosys/tests/simple/fsm.v</a>
defines: 
time_elapsed: 0.110s
ram usage: 18012 KB
</pre>
<pre class="log">

<a href="../../../../third_party/tools/yosys/tests/simple/fsm.v.html#l-15" target="file-frame">third_party/tools/yosys/tests/simple/fsm.v:15</a>:36: error: node type: ;
<a href="../../../../third_party/tools/yosys/tests/simple/fsm.v.html#l-17" target="file-frame">third_party/tools/yosys/tests/simple/fsm.v:17</a>:21: error: node type: ;
<a href="../../../../third_party/tools/yosys/tests/simple/fsm.v.html#l-20" target="file-frame">third_party/tools/yosys/tests/simple/fsm.v:20</a>:5: error: node type: ERROR
<a href="../../../../third_party/tools/yosys/tests/simple/fsm.v.html#l-21" target="file-frame">third_party/tools/yosys/tests/simple/fsm.v:21</a>:7: error: node type: ERROR
<a href="../../../../third_party/tools/yosys/tests/simple/fsm.v.html#l-22" target="file-frame">third_party/tools/yosys/tests/simple/fsm.v:22</a>:7: error: node type: ERROR
<a href="../../../../third_party/tools/yosys/tests/simple/fsm.v.html#l-23" target="file-frame">third_party/tools/yosys/tests/simple/fsm.v:23</a>:9: error: node type: ERROR
<a href="../../../../third_party/tools/yosys/tests/simple/fsm.v.html#l-24" target="file-frame">third_party/tools/yosys/tests/simple/fsm.v:24</a>:9: error: node type: ERROR
<a href="../../../../third_party/tools/yosys/tests/simple/fsm.v.html#l-26" target="file-frame">third_party/tools/yosys/tests/simple/fsm.v:26</a>:10: error: node type: ERROR
<a href="../../../../third_party/tools/yosys/tests/simple/fsm.v.html#l-29" target="file-frame">third_party/tools/yosys/tests/simple/fsm.v:29</a>:8: error: node type: ERROR
<a href="../../../../third_party/tools/yosys/tests/simple/fsm.v.html#l-32" target="file-frame">third_party/tools/yosys/tests/simple/fsm.v:32</a>:5: error: node type: ERROR
<a href="../../../../third_party/tools/yosys/tests/simple/fsm.v.html#l-34" target="file-frame">third_party/tools/yosys/tests/simple/fsm.v:34</a>:5: error: node type: ERROR

</pre>
</body>