<head>
  <style>
    .log { font-family: "Courier New", Consolas, monospace; font-size: 80%; }
    .test-failed { background-color: #ffaaaa; }
    .test-passed { background-color: #aaffaa; }
  </style>
</head>
<body>
<h3><a href="https://github.com/tree-sitter/tree-sitter-verilog" target="_blank">tree-sitter-verilog</a></h3>
<pre class="test-failed">
description: Test support of array locator methods
rc: 1 (means success: 0)
tags: 7.12.1 7.12 7.10 7.12.2
incdirs: /tmpfs/src/github/sv-tests/tests/chapter-7/arrays/associative/locator-methods
top_module: 
type: simulation parsing
mode: parsing
files: <a href="../../../../../../tests/chapter-7/arrays/associative/locator-methods/unique.sv.html" target="file-frame">tests/chapter-7/arrays/associative/locator-methods/unique.sv</a>
defines: 
time_elapsed: 0.089s
ram usage: 22348 KB
</pre>
<pre class="log">

<a href="../../../../../../tests/chapter-7/arrays/associative/locator-methods/unique.sv.html#l-13" target="file-frame">tests/chapter-7/arrays/associative/locator-methods/unique.sv:13</a>:21: error: node type: ERROR
<a href="../../../../../../tests/chapter-7/arrays/associative/locator-methods/unique.sv.html#l-13" target="file-frame">tests/chapter-7/arrays/associative/locator-methods/unique.sv:13</a>:24: error: node type: ERROR
<a href="../../../../../../tests/chapter-7/arrays/associative/locator-methods/unique.sv.html#l-15" target="file-frame">tests/chapter-7/arrays/associative/locator-methods/unique.sv:15</a>:21: error: node type: ERROR
<a href="../../../../../../tests/chapter-7/arrays/associative/locator-methods/unique.sv.html#l-15" target="file-frame">tests/chapter-7/arrays/associative/locator-methods/unique.sv:15</a>:25: error: node type: ERROR
<a href="../../../../../../tests/chapter-7/arrays/associative/locator-methods/unique.sv.html#l-15" target="file-frame">tests/chapter-7/arrays/associative/locator-methods/unique.sv:15</a>:34: error: node type: ERROR
<a href="../../../../../../tests/chapter-7/arrays/associative/locator-methods/unique.sv.html#l-15" target="file-frame">tests/chapter-7/arrays/associative/locator-methods/unique.sv:15</a>:47: error: node type: ERROR

</pre>
</body>