<head>
  <style>
    .log { font-family: "Courier New", Consolas, monospace; font-size: 80%; }
    .test-failed { background-color: #ffaaaa; }
    .test-passed { background-color: #aaffaa; }
  </style>
</head>
<body>
<h3><a href="https://github.com/MikePopoloski/slang" target="_blank">slang</a></h3>
<pre class="test-failed">
description: Tests imported from basejump
should_fail: 0
tags: basejump
incdirs: /tmpfs/src/github/sv-tests/third_party/cores/basejump_stl/bsg_noc /tmpfs/src/github/sv-tests/third_party/cores/basejump_stl/bsg_misc /tmpfs/src/github/sv-tests/third_party/cores/basejump_stl/bsg_dataflow
top_module: 
type: parsing
mode: parsing
files: <a href="../../../../third_party/cores/basejump_stl/bsg_fpu/bsg_fpu_pkg.v.html" target="file-frame">third_party/cores/basejump_stl/bsg_fpu/bsg_fpu_pkg.v</a> <a href="../../../../third_party/cores/basejump_stl/bsg_cache/bsg_cache_non_blocking_pkg.v.html" target="file-frame">third_party/cores/basejump_stl/bsg_cache/bsg_cache_non_blocking_pkg.v</a> <a href="../../../../third_party/cores/basejump_stl/bsg_cache/bsg_cache_pkg.v.html" target="file-frame">third_party/cores/basejump_stl/bsg_cache/bsg_cache_pkg.v</a> <a href="../../../../third_party/cores/basejump_stl/bsg_misc/bsg_defines.v.html" target="file-frame">third_party/cores/basejump_stl/bsg_misc/bsg_defines.v</a> <a href="../../../../third_party/cores/basejump_stl/bsg_dataflow/bsg_serial_in_parallel_out_dynamic.v.html" target="file-frame">third_party/cores/basejump_stl/bsg_dataflow/bsg_serial_in_parallel_out_dynamic.v</a>
time_elapsed: 0.296s
ram usage: 138756 KB
</pre>
<pre class="log">

../../src/github/sv-tests/third_party/cores/basejump_stl/bsg_dataflow/bsg_serial_in_parallel_out_dynamic.v:12:33: error: unknown macro or compiler directive &#39;`BSG_SAFE_CLOG2&#39;
  ,parameter lg_max_els_lp    = `BSG_SAFE_CLOG2(max_els_p)
                                ^
../../src/github/sv-tests/third_party/cores/basejump_stl/bsg_dataflow/bsg_serial_in_parallel_out_dynamic.v:13:3: error: expected expression
  )
  ^
../../src/github/sv-tests/third_party/cores/basejump_stl/bsg_dataflow/bsg_serial_in_parallel_out_dynamic.v:64:3: error: unknown module &#39;bsg_counter_clear_up&#39;
  bsg_counter_clear_up
  ^~~~~~~~~~~~~~~~~~~~
../../src/github/sv-tests/third_party/cores/basejump_stl/bsg_dataflow/bsg_serial_in_parallel_out_dynamic.v:76:3: error: unknown module &#39;bsg_dff_reset_en&#39;
  bsg_dff_reset_en
  ^~~~~~~~~~~~~~~~
../../src/github/sv-tests/third_party/cores/basejump_stl/bsg_dataflow/bsg_serial_in_parallel_out_dynamic.v:92:3: error: unknown module &#39;bsg_two_fifo&#39;
  bsg_two_fifo
  ^~~~~~~~~~~~
../../src/github/sv-tests/third_party/cores/basejump_stl/bsg_dataflow/bsg_serial_in_parallel_out_dynamic.v:112:3: error: generate loop hit maximum step limit; possible infinite loop?
  for (i = 0; i &lt; max_els_p; i++)
  ^~~
../../src/github/sv-tests/third_party/cores/basejump_stl/bsg_dataflow/bsg_serial_in_parallel_out_dynamic.v:130:3: error: unknown module &#39;bsg_decode_with_v&#39;
  bsg_decode_with_v
  ^~~~~~~~~~~~~~~~~
../../src/github/sv-tests/third_party/cores/basejump_stl/bsg_dataflow/bsg_serial_in_parallel_out_dynamic.v:139:3: error: generate loop hit maximum step limit; possible infinite loop?
  for (i = 0; i &lt; max_els_p; i++) 
  ^~~

</pre>
</body>