<head>
  <style>
    .log { font-family: "Courier New", Consolas, monospace; font-size: 80%; }
    .test-failed { background-color: #ffaaaa; }
    .test-passed { background-color: #aaffaa; }
  </style>
</head>
<body>
<h3><a href="https://github.com/MikePopoloski/slang" target="_blank">slang</a></h3>
<pre class="test-failed">
description: Tests imported from basejump
rc: 1 (means success: 0)
should_fail: 0
tags: basejump
incdirs: /tmpfs/src/github/sv-tests/third_party/cores/basejump_stl/bsg_noc /tmpfs/src/github/sv-tests/third_party/cores/basejump_stl/bsg_misc /tmpfs/src/github/sv-tests/third_party/cores/basejump_stl/bsg_noc
top_module: 
type: parsing
mode: parsing
files: <a href="../../../../third_party/cores/basejump_stl/bsg_cache/bsg_cache_non_blocking_pkg.v.html" target="file-frame">third_party/cores/basejump_stl/bsg_cache/bsg_cache_non_blocking_pkg.v</a> <a href="../../../../third_party/cores/basejump_stl/bsg_cache/bsg_cache_pkg.v.html" target="file-frame">third_party/cores/basejump_stl/bsg_cache/bsg_cache_pkg.v</a> <a href="../../../../third_party/cores/basejump_stl/bsg_misc/bsg_defines.v.html" target="file-frame">third_party/cores/basejump_stl/bsg_misc/bsg_defines.v</a> <a href="../../../../third_party/cores/basejump_stl/bsg_noc/bsg_wormhole_router_decoder_dor.v.html" target="file-frame">third_party/cores/basejump_stl/bsg_noc/bsg_wormhole_router_decoder_dor.v</a>
time_elapsed: 0.000s
ram usage: 9560 KB
</pre>
<pre class="log">

slang-driver --single-unit -I/tmpfs/src/github/sv-tests/third_party/cores/basejump_stl/bsg_noc -I/tmpfs/src/github/sv-tests/third_party/cores/basejump_stl/bsg_misc -I/tmpfs/src/github/sv-tests/third_party/cores/basejump_stl/bsg_noc <a href="../../../../third_party/cores/basejump_stl/bsg_cache/bsg_cache_non_blocking_pkg.v.html" target="file-frame">third_party/cores/basejump_stl/bsg_cache/bsg_cache_non_blocking_pkg.v</a> <a href="../../../../third_party/cores/basejump_stl/bsg_cache/bsg_cache_pkg.v.html" target="file-frame">third_party/cores/basejump_stl/bsg_cache/bsg_cache_pkg.v</a> <a href="../../../../third_party/cores/basejump_stl/bsg_misc/bsg_defines.v.html" target="file-frame">third_party/cores/basejump_stl/bsg_misc/bsg_defines.v</a> <a href="../../../../third_party/cores/basejump_stl/bsg_noc/bsg_wormhole_router_decoder_dor.v.html" target="file-frame">third_party/cores/basejump_stl/bsg_noc/bsg_wormhole_router_decoder_dor.v</a>
../../src/github/sv-tests/third_party/cores/basejump_stl/bsg_noc/bsg_wormhole_router_decoder_dor.v:35:65: error: endianness of selection must match declared range (type is &#39;logic[1:0]&#39;)
        wire [local_cord_width_p-1:0] targ_cord = target_cord_i[upper_marker_lp-1:lower_marker_lp];
                                                                ^~~~~~~~~~~~~~~~~~~~~~~~~~~~~~~~~
../../src/github/sv-tests/third_party/cores/basejump_stl/bsg_noc/bsg_wormhole_router_decoder_dor.v:36:65: error: endianness of selection must match declared range (type is &#39;logic[1:0]&#39;)
        wire [local_cord_width_p-1:0] my_cord   =     my_cord_i[upper_marker_lp-1:lower_marker_lp];
                                                                ^~~~~~~~~~~~~~~~~~~~~~~~~~~~~~~~~
../../src/github/sv-tests/third_party/cores/basejump_stl/bsg_noc/bsg_wormhole_router_decoder_dor.v:73:23: error: unknown class or package &#39;bsg_noc_pkg&#39;
       initial assert(bsg_noc_pkg::P == 0
                      ^~~~~~~~~~~
../../src/github/sv-tests/third_party/cores/basejump_stl/bsg_noc/bsg_wormhole_router_decoder_dor.v:74:26: error: unknown class or package &#39;bsg_noc_pkg&#39;
                      &amp;&amp; bsg_noc_pkg::W == 1
                         ^~~~~~~~~~~
../../src/github/sv-tests/third_party/cores/basejump_stl/bsg_noc/bsg_wormhole_router_decoder_dor.v:75:26: error: unknown class or package &#39;bsg_noc_pkg&#39;
                      &amp;&amp; bsg_noc_pkg::E == 2
                         ^~~~~~~~~~~
../../src/github/sv-tests/third_party/cores/basejump_stl/bsg_noc/bsg_wormhole_router_decoder_dor.v:76:26: error: unknown class or package &#39;bsg_noc_pkg&#39;
                      &amp;&amp; bsg_noc_pkg::N == 3
                         ^~~~~~~~~~~
../../src/github/sv-tests/third_party/cores/basejump_stl/bsg_noc/bsg_wormhole_router_decoder_dor.v:77:26: error: unknown class or package &#39;bsg_noc_pkg&#39;
                      &amp;&amp; bsg_noc_pkg::S == 4) else $error(&#34;%m: bsg_noc_pkg dirs are inconsistent with this module&#34;);
                         ^~~~~~~~~~~

</pre>
</body>