<head>
  <style>
    .log { font-family: "Courier New", Consolas, monospace; font-size: 80%; }
    .test-failed { background-color: #ffaaaa; }
    .test-passed { background-color: #aaffaa; }
  </style>
</head>
<body>
<h3><a href="https://github.com/MikePopoloski/slang" target="_blank">slang</a></h3>
<pre class="test-failed">
description: Tests imported from basejump
rc: 1 (means success: 0)
tags: basejump
incdirs: /tmpfs/src/github/sv-tests/third_party/cores/basejump_stl/bsg_noc /tmpfs/src/github/sv-tests/third_party/cores/basejump_stl/bsg_misc /tmpfs/src/github/sv-tests/third_party/cores/basejump_stl/bsg_clk_gen
top_module: 
type: parsing
mode: parsing
files: <a href="../../../../third_party/cores/basejump_stl/bsg_cache/bsg_cache_non_blocking_pkg.v.html" target="file-frame">third_party/cores/basejump_stl/bsg_cache/bsg_cache_non_blocking_pkg.v</a> <a href="../../../../third_party/cores/basejump_stl/bsg_cache/bsg_cache_pkg.v.html" target="file-frame">third_party/cores/basejump_stl/bsg_cache/bsg_cache_pkg.v</a> <a href="../../../../third_party/cores/basejump_stl/bsg_misc/bsg_defines.v.html" target="file-frame">third_party/cores/basejump_stl/bsg_misc/bsg_defines.v</a> <a href="../../../../third_party/cores/basejump_stl/bsg_clk_gen/bsg_clk_gen.v.html" target="file-frame">third_party/cores/basejump_stl/bsg_clk_gen/bsg_clk_gen.v</a>
defines: 
time_elapsed: 0.004s
ram usage: 9000 KB
</pre>
<pre class="log">

slang-driver --single-unit -I /tmpfs/src/github/sv-tests/third_party/cores/basejump_stl/bsg_noc -I /tmpfs/src/github/sv-tests/third_party/cores/basejump_stl/bsg_misc -I /tmpfs/src/github/sv-tests/third_party/cores/basejump_stl/bsg_clk_gen <a href="../../../../third_party/cores/basejump_stl/bsg_cache/bsg_cache_non_blocking_pkg.v.html" target="file-frame">third_party/cores/basejump_stl/bsg_cache/bsg_cache_non_blocking_pkg.v</a> <a href="../../../../third_party/cores/basejump_stl/bsg_cache/bsg_cache_pkg.v.html" target="file-frame">third_party/cores/basejump_stl/bsg_cache/bsg_cache_pkg.v</a> <a href="../../../../third_party/cores/basejump_stl/bsg_misc/bsg_defines.v.html" target="file-frame">third_party/cores/basejump_stl/bsg_misc/bsg_defines.v</a> <a href="../../../../third_party/cores/basejump_stl/bsg_clk_gen/bsg_clk_gen.v.html" target="file-frame">third_party/cores/basejump_stl/bsg_clk_gen/bsg_clk_gen.v</a>
Top level design units:
    bsg_clk_gen

../../src/github/sv-tests/third_party/cores/basejump_stl/bsg_clk_gen/bsg_clk_gen.v:78:10: error: unknown package &#39;bsg_tag_pkg&#39;
  import bsg_tag_pkg::bsg_tag_s;
         ^
../../src/github/sv-tests/third_party/cores/basejump_stl/bsg_clk_gen/bsg_clk_gen.v:116:8: error: unknown module &#39;bsg_clk_gen_osc&#39;
       bsg_clk_gen_osc #(.num_adgs_p(num_adgs_p))  clk_gen_osc_inst
       ^~~~~~~~~~~~~~~
../../src/github/sv-tests/third_party/cores/basejump_stl/bsg_clk_gen/bsg_clk_gen.v:133:4: error: unknown module &#39;bsg_tag_client&#39;
   bsg_tag_client #(.width_p($bits(bsg_clk_gen_ds_tag_payload_s))
   ^~~~~~~~~~~~~~
../../src/github/sv-tests/third_party/cores/basejump_stl/bsg_clk_gen/bsg_clk_gen.v:156:3: error: unknown module &#39;bsg_counter_clock_downsample&#39;
  bsg_counter_clock_downsample #(.width_p(downsample_width_p),. harden_p(1)) clk_gen_ds_inst
  ^~~~~~~~~~~~~~~~~~~~~~~~~~~~
../../src/github/sv-tests/third_party/cores/basejump_stl/bsg_clk_gen/bsg_clk_gen.v:165:3: error: unknown module &#39;bsg_mux&#39;
  bsg_mux #(.width_p(1)
  ^~~~~~~

Build failed: 5 errors, 0 warnings

</pre>
</body>