<head>
  <style>
    .log { font-family: "Courier New", Consolas, monospace; font-size: 80%; }
    .test-failed { background-color: #ffaaaa; }
    .test-passed { background-color: #aaffaa; }
  </style>
</head>
<body>
<h3><a href="https://github.com/MikePopoloski/slang" target="_blank">slang</a></h3>
<pre class="test-failed">
description: Tests imported from basejump
rc: 1 (means success: 0)
should_fail: 0
tags: basejump
incdirs: /tmpfs/src/github/sv-tests/third_party/cores/basejump_stl/bsg_noc /tmpfs/src/github/sv-tests/third_party/cores/basejump_stl/bsg_misc /tmpfs/src/github/sv-tests/third_party/cores/basejump_stl/bsg_comm_link
top_module: 
type: parsing
mode: parsing
files: <a href="../../../../third_party/cores/basejump_stl/bsg_cache/bsg_cache_non_blocking_pkg.v.html" target="file-frame">third_party/cores/basejump_stl/bsg_cache/bsg_cache_non_blocking_pkg.v</a> <a href="../../../../third_party/cores/basejump_stl/bsg_cache/bsg_cache_pkg.v.html" target="file-frame">third_party/cores/basejump_stl/bsg_cache/bsg_cache_pkg.v</a> <a href="../../../../third_party/cores/basejump_stl/bsg_misc/bsg_defines.v.html" target="file-frame">third_party/cores/basejump_stl/bsg_misc/bsg_defines.v</a> <a href="../../../../third_party/cores/basejump_stl/bsg_comm_link/test_bsg_comm_link_checker.v.html" target="file-frame">third_party/cores/basejump_stl/bsg_comm_link/test_bsg_comm_link_checker.v</a>
time_elapsed: 0.168s
ram usage: 57144 KB
</pre>
<pre class="log">

slang-driver --single-unit -I/tmpfs/src/github/sv-tests/third_party/cores/basejump_stl/bsg_noc -I/tmpfs/src/github/sv-tests/third_party/cores/basejump_stl/bsg_misc -I/tmpfs/src/github/sv-tests/third_party/cores/basejump_stl/bsg_comm_link <a href="../../../../third_party/cores/basejump_stl/bsg_cache/bsg_cache_non_blocking_pkg.v.html" target="file-frame">third_party/cores/basejump_stl/bsg_cache/bsg_cache_non_blocking_pkg.v</a> <a href="../../../../third_party/cores/basejump_stl/bsg_cache/bsg_cache_pkg.v.html" target="file-frame">third_party/cores/basejump_stl/bsg_cache/bsg_cache_pkg.v</a> <a href="../../../../third_party/cores/basejump_stl/bsg_misc/bsg_defines.v.html" target="file-frame">third_party/cores/basejump_stl/bsg_misc/bsg_defines.v</a> <a href="../../../../third_party/cores/basejump_stl/bsg_comm_link/test_bsg_comm_link_checker.v.html" target="file-frame">third_party/cores/basejump_stl/bsg_comm_link/test_bsg_comm_link_checker.v</a>
../../src/github/sv-tests/third_party/cores/basejump_stl/bsg_comm_link/test_bsg_comm_link_checker.v:74:4: error: unknown module &#39;test_bsg_data_gen&#39;
   test_bsg_data_gen #(.channel_width_p(channel_width_p)
   ^~~~~~~~~~~~~~~~~
../../src/github/sv-tests/third_party/cores/basejump_stl/bsg_comm_link/test_bsg_comm_link_checker.v:91:55: error: floating point format specifier options used on non-floating point field
                        , &#34; ## chip %1d node %1d recv %-d, %x&#34;
                                                      ^~~
../../src/github/sv-tests/third_party/cores/basejump_stl/bsg_comm_link/test_bsg_comm_link_checker.v:95:47: error: endianness of selection must match declared range (type is &#39;logic[864706973:0]&#39;)
             assert (data_in_check == data_in[check_bytes_p*channel_width_p-1:0])
                                              ^~~~~~~~~~~~~~~~~~~~~~~~~~~~~~~~~
../../src/github/sv-tests/third_party/cores/basejump_stl/bsg_comm_link/test_bsg_comm_link_checker.v:111:44: error: floating point format specifier options used on non-floating point field
                  $display(&#34;## DONE node = %-d words = %-d CHANNEL_BITWIDTH = %-d&#34;,node_num_p,words_received_r,channel_width_p
                                           ^~~
../../src/github/sv-tests/third_party/cores/basejump_stl/bsg_comm_link/test_bsg_comm_link_checker.v:149:4: error: generate loop hit maximum step limit; possible infinite loop?
   for (j = 0; j &lt; num_channels_p; j=j+1)
   ^~~

</pre>
</body>