<head>
  <style>
    .log { font-family: "Courier New", Consolas, monospace; font-size: 80%; }
    .test-failed { background-color: #ffaaaa; }
    .test-passed { background-color: #aaffaa; }
  </style>
</head>
<body>
<h3><a href="https://github.com/MikePopoloski/slang" target="_blank">slang</a></h3>
<pre class="test-failed">
description: Tests imported from basejump
rc: 1 (means success: 0)
tags: basejump
incdirs: /tmpfs/src/github/sv-tests/third_party/cores/basejump_stl/bsg_noc /tmpfs/src/github/sv-tests/third_party/cores/basejump_stl/bsg_misc /tmpfs/src/github/sv-tests/third_party/cores/basejump_stl/bsg_misc
top_module: 
type: parsing
mode: parsing
files: <a href="../../../../third_party/cores/basejump_stl/bsg_cache/bsg_cache_non_blocking_pkg.v.html" target="file-frame">third_party/cores/basejump_stl/bsg_cache/bsg_cache_non_blocking_pkg.v</a> <a href="../../../../third_party/cores/basejump_stl/bsg_cache/bsg_cache_pkg.v.html" target="file-frame">third_party/cores/basejump_stl/bsg_cache/bsg_cache_pkg.v</a> <a href="../../../../third_party/cores/basejump_stl/bsg_misc/bsg_defines.v.html" target="file-frame">third_party/cores/basejump_stl/bsg_misc/bsg_defines.v</a> <a href="../../../../third_party/cores/basejump_stl/bsg_misc/bsg_pg_tree.v.html" target="file-frame">third_party/cores/basejump_stl/bsg_misc/bsg_pg_tree.v</a>
defines: 
time_elapsed: 0.004s
ram usage: 9112 KB
</pre>
<pre class="log">

slang-driver --single-unit -I /tmpfs/src/github/sv-tests/third_party/cores/basejump_stl/bsg_noc -I /tmpfs/src/github/sv-tests/third_party/cores/basejump_stl/bsg_misc -I /tmpfs/src/github/sv-tests/third_party/cores/basejump_stl/bsg_misc <a href="../../../../third_party/cores/basejump_stl/bsg_cache/bsg_cache_non_blocking_pkg.v.html" target="file-frame">third_party/cores/basejump_stl/bsg_cache/bsg_cache_non_blocking_pkg.v</a> <a href="../../../../third_party/cores/basejump_stl/bsg_cache/bsg_cache_pkg.v.html" target="file-frame">third_party/cores/basejump_stl/bsg_cache/bsg_cache_pkg.v</a> <a href="../../../../third_party/cores/basejump_stl/bsg_misc/bsg_defines.v.html" target="file-frame">third_party/cores/basejump_stl/bsg_misc/bsg_defines.v</a> <a href="../../../../third_party/cores/basejump_stl/bsg_misc/bsg_pg_tree.v.html" target="file-frame">third_party/cores/basejump_stl/bsg_misc/bsg_pg_tree.v</a>
../../src/github/sv-tests/third_party/cores/basejump_stl/bsg_misc/bsg_pg_tree.v:27:47: error: expected expression
  , parameter int l_edge_p [nodes_p-1:0]    = &#39; {0}
                                              ^
../../src/github/sv-tests/third_party/cores/basejump_stl/bsg_misc/bsg_pg_tree.v:27:48: error: expected &#39;(&#39;
  , parameter int l_edge_p [nodes_p-1:0]    = &#39; {0}
                                               ^
../../src/github/sv-tests/third_party/cores/basejump_stl/bsg_misc/bsg_pg_tree.v:27:52: error: expected &#39;)&#39;
  , parameter int l_edge_p [nodes_p-1:0]    = &#39; {0}
                                                   ^
../../src/github/sv-tests/third_party/cores/basejump_stl/bsg_misc/bsg_pg_tree.v:23:2: note: to match this &#39;(&#39;
#(parameter input_width_p=&#34;inv&#34;
 ^
../../src/github/sv-tests/third_party/cores/basejump_stl/bsg_misc/bsg_pg_tree.v:28:47: error: expected expression
  , parameter int r_edge_p [nodes_p-1:0]    = &#39; {0}
                                              ^
../../src/github/sv-tests/third_party/cores/basejump_stl/bsg_misc/bsg_pg_tree.v:28:48: error: expected &#39;(&#39;
  , parameter int r_edge_p [nodes_p-1:0]    = &#39; {0}
                                               ^
../../src/github/sv-tests/third_party/cores/basejump_stl/bsg_misc/bsg_pg_tree.v:28:52: error: expected &#39;)&#39;
  , parameter int r_edge_p [nodes_p-1:0]    = &#39; {0}
                                                   ^
../../src/github/sv-tests/third_party/cores/basejump_stl/bsg_misc/bsg_pg_tree.v:29:47: error: expected expression
  , parameter int o_edge_p [nodes_p-1:0]    = &#39; {0}
                                              ^
../../src/github/sv-tests/third_party/cores/basejump_stl/bsg_misc/bsg_pg_tree.v:29:48: error: expected &#39;(&#39;
  , parameter int o_edge_p [nodes_p-1:0]    = &#39; {0}
                                               ^
../../src/github/sv-tests/third_party/cores/basejump_stl/bsg_misc/bsg_pg_tree.v:29:52: error: expected &#39;)&#39;
  , parameter int o_edge_p [nodes_p-1:0]    = &#39; {0}
                                                   ^
../../src/github/sv-tests/third_party/cores/basejump_stl/bsg_misc/bsg_pg_tree.v:30:47: error: expected expression
  , parameter int node_type_p [nodes_p-1:0] = &#39; {0}
                                              ^
../../src/github/sv-tests/third_party/cores/basejump_stl/bsg_misc/bsg_pg_tree.v:30:48: error: expected &#39;(&#39;
  , parameter int node_type_p [nodes_p-1:0] = &#39; {0}
                                               ^
../../src/github/sv-tests/third_party/cores/basejump_stl/bsg_misc/bsg_pg_tree.v:30:52: error: expected &#39;)&#39;
  , parameter int node_type_p [nodes_p-1:0] = &#39; {0}
                                                   ^
../../src/github/sv-tests/third_party/cores/basejump_stl/bsg_misc/bsg_pg_tree.v:33:48: error: expected expression
  , parameter int row_p    [nodes_p-1:0]     = &#39; {0}
                                               ^
../../src/github/sv-tests/third_party/cores/basejump_stl/bsg_misc/bsg_pg_tree.v:33:49: error: expected &#39;(&#39;
  , parameter int row_p    [nodes_p-1:0]     = &#39; {0}
                                                ^
../../src/github/sv-tests/third_party/cores/basejump_stl/bsg_misc/bsg_pg_tree.v:36:3: error: expression is not callable
  (input  [input_width_p-1:0] p_i
  ^
../../src/github/sv-tests/third_party/cores/basejump_stl/bsg_misc/bsg_pg_tree.v:36:4: error: expected argument
  (input  [input_width_p-1:0] p_i
   ^
../../src/github/sv-tests/third_party/cores/basejump_stl/bsg_misc/bsg_pg_tree.v:36:9: error: expected &#39;,&#39;
  (input  [input_width_p-1:0] p_i
        ^
../../src/github/sv-tests/third_party/cores/basejump_stl/bsg_misc/bsg_pg_tree.v:37:5: error: expected identifier
   ,input [input_width_p-1:0] g_i
    ^
../../src/github/sv-tests/third_party/cores/basejump_stl/bsg_misc/bsg_pg_tree.v:37:10: error: expected &#39;,&#39;
   ,input [input_width_p-1:0] g_i
         ^
../../src/github/sv-tests/third_party/cores/basejump_stl/bsg_misc/bsg_pg_tree.v:38:5: error: expected identifier
   ,output [output_width_p-1:0] p_o
    ^
fatal error: too many errors emitted, stopping now [--error-limit=]

Build failed: 20 errors, 0 warnings

</pre>
</body>