<head>
  <style>
    .log { font-family: "Courier New", Consolas, monospace; font-size: 80%; }
    .test-failed { background-color: #ffaaaa; }
    .test-passed { background-color: #aaffaa; }
  </style>
</head>
<body>
<h3><a href="https://github.com/MikePopoloski/slang" target="_blank">slang</a></h3>
<pre class="test-failed">
description: Tests imported from basejump
rc: 1 (means success: 0)
tags: basejump
incdirs: /tmpfs/src/github/sv-tests/third_party/cores/basejump_stl/bsg_noc /tmpfs/src/github/sv-tests/third_party/cores/basejump_stl/bsg_misc /tmpfs/src/github/sv-tests/third_party/cores/basejump_stl/bsg_comm_link
top_module: 
type: parsing
mode: parsing
files: <a href="../../../../third_party/cores/basejump_stl/bsg_cache/bsg_cache_non_blocking_pkg.v.html" target="file-frame">third_party/cores/basejump_stl/bsg_cache/bsg_cache_non_blocking_pkg.v</a> <a href="../../../../third_party/cores/basejump_stl/bsg_cache/bsg_cache_pkg.v.html" target="file-frame">third_party/cores/basejump_stl/bsg_cache/bsg_cache_pkg.v</a> <a href="../../../../third_party/cores/basejump_stl/bsg_misc/bsg_defines.v.html" target="file-frame">third_party/cores/basejump_stl/bsg_misc/bsg_defines.v</a> <a href="../../../../third_party/cores/basejump_stl/bsg_comm_link/bsg_source_sync_channel_control_slave.v.html" target="file-frame">third_party/cores/basejump_stl/bsg_comm_link/bsg_source_sync_channel_control_slave.v</a>
defines: 
time_elapsed: 0.005s
ram usage: 9188 KB
</pre>
<pre class="log">

slang-driver --single-unit -I /tmpfs/src/github/sv-tests/third_party/cores/basejump_stl/bsg_noc -I /tmpfs/src/github/sv-tests/third_party/cores/basejump_stl/bsg_misc -I /tmpfs/src/github/sv-tests/third_party/cores/basejump_stl/bsg_comm_link <a href="../../../../third_party/cores/basejump_stl/bsg_cache/bsg_cache_non_blocking_pkg.v.html" target="file-frame">third_party/cores/basejump_stl/bsg_cache/bsg_cache_non_blocking_pkg.v</a> <a href="../../../../third_party/cores/basejump_stl/bsg_cache/bsg_cache_pkg.v.html" target="file-frame">third_party/cores/basejump_stl/bsg_cache/bsg_cache_pkg.v</a> <a href="../../../../third_party/cores/basejump_stl/bsg_misc/bsg_defines.v.html" target="file-frame">third_party/cores/basejump_stl/bsg_misc/bsg_defines.v</a> <a href="../../../../third_party/cores/basejump_stl/bsg_comm_link/bsg_source_sync_channel_control_slave.v.html" target="file-frame">third_party/cores/basejump_stl/bsg_comm_link/bsg_source_sync_channel_control_slave.v</a>
Top level design units:
    bsg_source_sync_channel_control_slave

../../src/github/sv-tests/third_party/cores/basejump_stl/bsg_comm_link/bsg_source_sync_channel_control_slave.v:55:42: error: replication constant can only be zero inside of a concatenation
                                    = { ((width_p+1) &gt;&gt; 1) { (2&#39;b10) } };
                                         ^~~~~~~~~~~~~~~~
../../src/github/sv-tests/third_party/cores/basejump_stl/bsg_comm_link/bsg_source_sync_channel_control_slave.v:63:71: error: cannot select range of 4 elements from &#39;logic[1:0]&#39;
     assign out_snoop_valid_data = { in_snoop_valid_data_i[(width_p)-:4], 1&#39;b0};
                                                                      ^
../../src/github/sv-tests/third_party/cores/basejump_stl/bsg_comm_link/bsg_source_sync_channel_control_slave.v:197:46: error: replication constant can only be zero inside of a concatenation
             out_override_valid_data_r &lt;= { (width_p+1)  {1&#39;b0} };
                                             ^~~~~~~~~
../../src/github/sv-tests/third_party/cores/basejump_stl/bsg_comm_link/bsg_source_sync_channel_control_slave.v:234:4: error: unknown module &#39;bsg_launch_sync_sync&#39;
   bsg_launch_sync_sync #(.width_p(1)) out_to_core_lss
   ^~~~~~~~~~~~~~~~~~~~
../../src/github/sv-tests/third_party/cores/basejump_stl/bsg_comm_link/bsg_source_sync_channel_control_slave.v:251:4: error: unknown module &#39;bsg_launch_sync_sync&#39;
   bsg_launch_sync_sync #(.width_p(3)) out_to_in_lss
   ^~~~~~~~~~~~~~~~~~~~
../../src/github/sv-tests/third_party/cores/basejump_stl/bsg_comm_link/bsg_source_sync_channel_control_slave.v:265:42: error: replication constant can only be zero inside of a concatenation
                                    = { ((width_p+1) &gt;&gt; 1) { (2&#39;b10) } };
                                         ^~~~~~~~~~~~~~~~
../../src/github/sv-tests/third_party/cores/basejump_stl/bsg_comm_link/bsg_source_sync_channel_control_slave.v:274:65: error: value must be positive
        out_override_valid_data_n = { 1&#39;b0, inactive_pattern[0+:width_p] };
                                                                ^~~~~~~
../../src/github/sv-tests/third_party/cores/basejump_stl/bsg_comm_link/bsg_source_sync_channel_control_slave.v:308:30: error: endianness of selection must match declared range (type is &#39;logic[23:0]&#39;)
               if (out_ctr_r[counter_min_bits_lp-1:lg_token_width_p] == 1&#39;b1)
                             ^~~~~~~~~~~~~~~~~~~~~~~~~~~~~~~~~~~~~~
../../src/github/sv-tests/third_party/cores/basejump_stl/bsg_comm_link/bsg_source_sync_channel_control_slave.v:309:63: error: value must be positive
                 out_override_valid_data_n = { 1&#39;b1, 1&#39;b1, { (width_p-1) {1&#39;b0}} };
                                                              ^~~~~~~~~
../../src/github/sv-tests/third_party/cores/basejump_stl/bsg_comm_link/bsg_source_sync_channel_control_slave.v:316:47: error: replication constant can only be zero inside of a concatenation
               out_override_valid_data_n = { (width_p+1) { out_rot_r[7] } };
                                              ^~~~~~~~~
../../src/github/sv-tests/third_party/cores/basejump_stl/bsg_comm_link/bsg_source_sync_channel_control_slave.v:324:74: error: value must be positive
                                           ? out_ctr_r[(1+(width_p+1))+:(width_p+1)]
                                                                         ^~~~~~~~~
../../src/github/sv-tests/third_party/cores/basejump_stl/bsg_comm_link/bsg_source_sync_channel_control_slave.v:325:60: error: value must be positive
                                           : out_ctr_r[1+:(width_p+1)];
                                                           ^~~~~~~~~

Build failed: 12 errors, 0 warnings

</pre>
</body>