<head>
  <style>
    .log { font-family: "Courier New", Consolas, monospace; font-size: 80%; }
    .test-failed { background-color: #ffaaaa; }
    .test-passed { background-color: #aaffaa; }
  </style>
</head>
<body>
<h3><a href="https://github.com/MikePopoloski/slang" target="_blank">slang</a></h3>
<pre class="test-failed">
description: Tests imported from basejump
should_fail: 0
tags: basejump
incdirs: /tmpfs/src/github/sv-tests/third_party/cores/basejump_stl/bsg_noc /tmpfs/src/github/sv-tests/third_party/cores/basejump_stl/bsg_misc /tmpfs/src/github/sv-tests/third_party/cores/basejump_stl/bsg_cache
top_module: 
type: parsing
mode: parsing
files: <a href="../../../../third_party/cores/basejump_stl/bsg_fpu/bsg_fpu_pkg.v.html" target="file-frame">third_party/cores/basejump_stl/bsg_fpu/bsg_fpu_pkg.v</a> <a href="../../../../third_party/cores/basejump_stl/bsg_cache/bsg_cache_pkg.v.html" target="file-frame">third_party/cores/basejump_stl/bsg_cache/bsg_cache_pkg.v</a> <a href="../../../../third_party/cores/basejump_stl/bsg_misc/bsg_defines.v.html" target="file-frame">third_party/cores/basejump_stl/bsg_misc/bsg_defines.v</a> <a href="../../../../third_party/cores/basejump_stl/bsg_cache/bsg_cache_to_axi_rx.v.html" target="file-frame">third_party/cores/basejump_stl/bsg_cache/bsg_cache_to_axi_rx.v</a>
time_elapsed: 0.332s
ram usage: 186728 KB
</pre>
<pre class="log">

../../src/github/sv-tests/third_party/cores/basejump_stl/bsg_cache/bsg_cache_to_axi_rx.v:17:32: error: unknown macro or compiler directive &#39;`BSG_SAFE_CLOG2&#39;
    ,parameter lg_num_cache_lp=`BSG_SAFE_CLOG2(num_cache_p)
                               ^
../../src/github/sv-tests/third_party/cores/basejump_stl/bsg_cache/bsg_cache_to_axi_rx.v:18:5: error: expected expression
    ,parameter data_width_ratio_lp=(axi_data_width_p/data_width_p)
    ^
../../src/github/sv-tests/third_party/cores/basejump_stl/bsg_cache/bsg_cache_to_axi_rx.v:68:3: error: unknown module &#39;bsg_fifo_1r1w_small&#39;
  bsg_fifo_1r1w_small #(
  ^~~~~~~~~~~~~~~~~~~
../../src/github/sv-tests/third_party/cores/basejump_stl/bsg_cache/bsg_cache_to_axi_rx.v:92:30: error: unknown macro or compiler directive &#39;`BSG_SAFE_CLOG2&#39;
  assign axi_arsize_o = (3)&#39;(`BSG_SAFE_CLOG2(axi_data_width_p&gt;&gt;3));
                             ^
../../src/github/sv-tests/third_party/cores/basejump_stl/bsg_cache/bsg_cache_to_axi_rx.v:92:66: error: expected expression
  assign axi_arsize_o = (3)&#39;(`BSG_SAFE_CLOG2(axi_data_width_p&gt;&gt;3));
                                                                 ^
../../src/github/sv-tests/third_party/cores/basejump_stl/bsg_cache/bsg_cache_to_axi_rx.v:106:3: error: unknown module &#39;bsg_parallel_in_serial_out&#39;
  bsg_parallel_in_serial_out #(
  ^~~~~~~~~~~~~~~~~~~~~~~~~~
../../src/github/sv-tests/third_party/cores/basejump_stl/bsg_cache/bsg_cache_to_axi_rx.v:126:3: error: unknown module &#39;bsg_decode_with_v&#39;
  bsg_decode_with_v #(
  ^~~~~~~~~~~~~~~~~
../../src/github/sv-tests/third_party/cores/basejump_stl/bsg_cache/bsg_cache_to_axi_rx.v:136:3: error: generate loop hit maximum step limit; possible infinite loop?
  for (genvar i = 0; i &lt; num_cache_p; i++) begin
  ^~~
../../src/github/sv-tests/third_party/cores/basejump_stl/bsg_cache/bsg_cache_to_axi_rx.v:142:10: error: unknown macro or compiler directive &#39;`BSG_SAFE_CLOG2&#39;
  logic [`BSG_SAFE_CLOG2(block_size_in_words_p)-1:0] count_lo;
         ^
../../src/github/sv-tests/third_party/cores/basejump_stl/bsg_cache/bsg_cache_to_axi_rx.v:146:3: error: unknown module &#39;bsg_counter_clear_up&#39;
  bsg_counter_clear_up #(
  ^~~~~~~~~~~~~~~~~~~~

</pre>
</body>