<head>
  <style>
    .log { font-family: "Courier New", Consolas, monospace; font-size: 80%; }
    .test-failed { background-color: #ffaaaa; }
    .test-passed { background-color: #aaffaa; }
  </style>
</head>
<body>
<h3><a href="https://github.com/MikePopoloski/slang" target="_blank">slang</a></h3>
<pre class="test-failed">
description: Tests imported from basejump
rc: 1 (means success: 0)
tags: basejump
incdirs: /tmpfs/src/github/sv-tests/third_party/cores/basejump_stl/bsg_noc /tmpfs/src/github/sv-tests/third_party/cores/basejump_stl/bsg_misc /tmpfs/src/github/sv-tests/third_party/cores/basejump_stl/bsg_misc
top_module: 
type: parsing
mode: parsing
files: <a href="../../../../third_party/cores/basejump_stl/bsg_cache/bsg_cache_non_blocking_pkg.v.html" target="file-frame">third_party/cores/basejump_stl/bsg_cache/bsg_cache_non_blocking_pkg.v</a> <a href="../../../../third_party/cores/basejump_stl/bsg_cache/bsg_cache_pkg.v.html" target="file-frame">third_party/cores/basejump_stl/bsg_cache/bsg_cache_pkg.v</a> <a href="../../../../third_party/cores/basejump_stl/bsg_misc/bsg_defines.v.html" target="file-frame">third_party/cores/basejump_stl/bsg_misc/bsg_defines.v</a> <a href="../../../../third_party/cores/basejump_stl/bsg_misc/bsg_crossbar_control_basic_o_by_i.v.html" target="file-frame">third_party/cores/basejump_stl/bsg_misc/bsg_crossbar_control_basic_o_by_i.v</a>
defines: 
time_elapsed: 0.513s
ram usage: 188184 KB
</pre>
<pre class="log">

slang-driver --single-unit -I /tmpfs/src/github/sv-tests/third_party/cores/basejump_stl/bsg_noc -I /tmpfs/src/github/sv-tests/third_party/cores/basejump_stl/bsg_misc -I /tmpfs/src/github/sv-tests/third_party/cores/basejump_stl/bsg_misc <a href="../../../../third_party/cores/basejump_stl/bsg_cache/bsg_cache_non_blocking_pkg.v.html" target="file-frame">third_party/cores/basejump_stl/bsg_cache/bsg_cache_non_blocking_pkg.v</a> <a href="../../../../third_party/cores/basejump_stl/bsg_cache/bsg_cache_pkg.v.html" target="file-frame">third_party/cores/basejump_stl/bsg_cache/bsg_cache_pkg.v</a> <a href="../../../../third_party/cores/basejump_stl/bsg_misc/bsg_defines.v.html" target="file-frame">third_party/cores/basejump_stl/bsg_misc/bsg_defines.v</a> <a href="../../../../third_party/cores/basejump_stl/bsg_misc/bsg_crossbar_control_basic_o_by_i.v.html" target="file-frame">third_party/cores/basejump_stl/bsg_misc/bsg_crossbar_control_basic_o_by_i.v</a>
Top level design units:
    bsg_crossbar_control_basic_o_by_i

../../src/github/sv-tests/third_party/cores/basejump_stl/bsg_misc/bsg_crossbar_control_basic_o_by_i.v:18:13: error: packed array is too large; maximum width is 16777215 bits
    , input [i_els_p-1:0][lg_o_els_lp-1:0] sel_io_i
            ^~~~~~~~~~~~~
../../src/github/sv-tests/third_party/cores/basejump_stl/bsg_misc/bsg_crossbar_control_basic_o_by_i.v:24:14: error: packed array is too large; maximum width is 16777215 bits
    , output [o_els_p-1:0][i_els_p-1:0] grants_oi_one_hot_o
             ^~~~~~~~~~~~~
../../src/github/sv-tests/third_party/cores/basejump_stl/bsg_misc/bsg_crossbar_control_basic_o_by_i.v:29:9: error: packed array is too large; maximum width is 16777215 bits
  logic [i_els_p-1:0][o_els_p-1:0] o_select;
        ^~~~~~~~~~~~~
../../src/github/sv-tests/third_party/cores/basejump_stl/bsg_misc/bsg_crossbar_control_basic_o_by_i.v:30:9: error: packed array is too large; maximum width is 16777215 bits
  logic [o_els_p-1:0][i_els_p-1:0] o_select_t;
        ^~~~~~~~~~~~~
../../src/github/sv-tests/third_party/cores/basejump_stl/bsg_misc/bsg_crossbar_control_basic_o_by_i.v:32:3: error: generate loop hit maximum step limit; possible infinite loop?
  for (genvar i = 0; i &lt; i_els_p; i++) begin: dv
  ^~~
../../src/github/sv-tests/third_party/cores/basejump_stl/bsg_misc/bsg_crossbar_control_basic_o_by_i.v:42:3: error: unknown module &#39;bsg_transpose&#39;
  bsg_transpose #(
  ^~~~~~~~~~~~~
../../src/github/sv-tests/third_party/cores/basejump_stl/bsg_misc/bsg_crossbar_control_basic_o_by_i.v:53:9: error: packed array is too large; maximum width is 16777215 bits
  logic [o_els_p-1:0][i_els_p-1:0] rr_yumi_lo;
        ^~~~~~~~~~~~~
../../src/github/sv-tests/third_party/cores/basejump_stl/bsg_misc/bsg_crossbar_control_basic_o_by_i.v:54:9: error: packed array is too large; maximum width is 16777215 bits
  logic [i_els_p-1:0][o_els_p-1:0] rr_yumi_lo_t;
        ^~~~~~~~~~~~~
../../src/github/sv-tests/third_party/cores/basejump_stl/bsg_misc/bsg_crossbar_control_basic_o_by_i.v:56:3: error: generate loop hit maximum step limit; possible infinite loop?
  for (genvar i = 0 ; i &lt; o_els_p; i++) begin: rr
  ^~~
../../src/github/sv-tests/third_party/cores/basejump_stl/bsg_misc/bsg_crossbar_control_basic_o_by_i.v:77:3: error: unknown module &#39;bsg_transpose&#39;
  bsg_transpose #(
  ^~~~~~~~~~~~~
../../src/github/sv-tests/third_party/cores/basejump_stl/bsg_misc/bsg_crossbar_control_basic_o_by_i.v:86:3: error: generate loop hit maximum step limit; possible infinite loop?
  for (genvar i = 0; i &lt; i_els_p; i++) begin
  ^~~

Build failed: 11 errors, 0 warnings

</pre>
</body>