<head>
  <style>
    .log { font-family: "Courier New", Consolas, monospace; font-size: 80%; }
    .test-failed { background-color: #ffaaaa; }
    .test-passed { background-color: #aaffaa; }
  </style>
</head>
<body>
<h3><a href="https://github.com/MikePopoloski/slang" target="_blank">slang</a></h3>
<pre class="test-failed">
description: Tests imported from basejump
rc: 1 (means success: 0)
should_fail_because: 
tags: basejump
incdirs: /tmpfs/src/github/sv-tests/third_party/cores/basejump_stl/bsg_noc /tmpfs/src/github/sv-tests/third_party/cores/basejump_stl/bsg_misc /tmpfs/src/github/sv-tests/third_party/cores/basejump_stl/bsg_test
top_module: 
type: parsing
mode: parsing
files: <a href="../../../../third_party/cores/basejump_stl/bsg_cache/bsg_cache_non_blocking_pkg.v.html" target="file-frame">third_party/cores/basejump_stl/bsg_cache/bsg_cache_non_blocking_pkg.v</a> <a href="../../../../third_party/cores/basejump_stl/bsg_cache/bsg_cache_pkg.v.html" target="file-frame">third_party/cores/basejump_stl/bsg_cache/bsg_cache_pkg.v</a> <a href="../../../../third_party/cores/basejump_stl/bsg_misc/bsg_defines.v.html" target="file-frame">third_party/cores/basejump_stl/bsg_misc/bsg_defines.v</a> <a href="../../../../third_party/cores/basejump_stl/bsg_test/bsg_nonsynth_dramsim3.v.html" target="file-frame">third_party/cores/basejump_stl/bsg_test/bsg_nonsynth_dramsim3.v</a>
defines: 
time_elapsed: 0.656s
ram usage: 304896 KB
</pre>
<pre class="log">

slang-driver --single-unit -I/tmpfs/src/github/sv-tests/third_party/cores/basejump_stl/bsg_noc -I/tmpfs/src/github/sv-tests/third_party/cores/basejump_stl/bsg_misc -I/tmpfs/src/github/sv-tests/third_party/cores/basejump_stl/bsg_test <a href="../../../../third_party/cores/basejump_stl/bsg_cache/bsg_cache_non_blocking_pkg.v.html" target="file-frame">third_party/cores/basejump_stl/bsg_cache/bsg_cache_non_blocking_pkg.v</a> <a href="../../../../third_party/cores/basejump_stl/bsg_cache/bsg_cache_pkg.v.html" target="file-frame">third_party/cores/basejump_stl/bsg_cache/bsg_cache_pkg.v</a> <a href="../../../../third_party/cores/basejump_stl/bsg_misc/bsg_defines.v.html" target="file-frame">third_party/cores/basejump_stl/bsg_misc/bsg_defines.v</a> <a href="../../../../third_party/cores/basejump_stl/bsg_test/bsg_nonsynth_dramsim3.v.html" target="file-frame">third_party/cores/basejump_stl/bsg_test/bsg_nonsynth_dramsim3.v</a>
../../src/github/sv-tests/third_party/cores/basejump_stl/bsg_test/bsg_nonsynth_dramsim3.v:47:3: error: language feature not yet supported
  import &#34;DPI-C&#34; context function 
  ^~~~~~~~~~~~~~~~~~~~~~~~~~~~~~~
../../src/github/sv-tests/third_party/cores/basejump_stl/bsg_test/bsg_nonsynth_dramsim3.v:53:3: error: language feature not yet supported
  import &#34;DPI-C&#34; context function 
  ^~~~~~~~~~~~~~~~~~~~~~~~~~~~~~~
../../src/github/sv-tests/third_party/cores/basejump_stl/bsg_test/bsg_nonsynth_dramsim3.v:56:3: error: language feature not yet supported
  import &#34;DPI-C&#34; context function 
  ^~~~~~~~~~~~~~~~~~~~~~~~~~~~~~~
../../src/github/sv-tests/third_party/cores/basejump_stl/bsg_test/bsg_nonsynth_dramsim3.v:59:3: error: language feature not yet supported
  import &#34;DPI-C&#34; context function 
  ^~~~~~~~~~~~~~~~~~~~~~~~~~~~~~~
../../src/github/sv-tests/third_party/cores/basejump_stl/bsg_test/bsg_nonsynth_dramsim3.v:62:3: error: language feature not yet supported
  import &#34;DPI-C&#34; context function 
  ^~~~~~~~~~~~~~~~~~~~~~~~~~~~~~~
../../src/github/sv-tests/third_party/cores/basejump_stl/bsg_test/bsg_nonsynth_dramsim3.v:65:3: error: language feature not yet supported
  import &#34;DPI-C&#34; context function 
  ^~~~~~~~~~~~~~~~~~~~~~~~~~~~~~~
../../src/github/sv-tests/third_party/cores/basejump_stl/bsg_test/bsg_nonsynth_dramsim3.v:68:3: error: language feature not yet supported
  import &#34;DPI-C&#34; context function 
  ^~~~~~~~~~~~~~~~~~~~~~~~~~~~~~~
../../src/github/sv-tests/third_party/cores/basejump_stl/bsg_test/bsg_nonsynth_dramsim3.v:71:3: error: language feature not yet supported
  import &#34;DPI-C&#34; context function
  ^~~~~~~~~~~~~~~~~~~~~~~~~~~~~~~
../../src/github/sv-tests/third_party/cores/basejump_stl/bsg_test/bsg_nonsynth_dramsim3.v:74:3: error: language feature not yet supported
  import &#34;DPI-C&#34; context function 
  ^~~~~~~~~~~~~~~~~~~~~~~~~~~~~~~
../../src/github/sv-tests/third_party/cores/basejump_stl/bsg_test/bsg_nonsynth_dramsim3.v:78:5: error: use of undeclared identifier &#39;bsg_dramsim3_init&#39;
    bsg_dramsim3_init(num_channels_p, data_width_p, size_in_bits_p, config_p);
    ^~~~~~~~~~~~~~~~~
../../src/github/sv-tests/third_party/cores/basejump_stl/bsg_test/bsg_nonsynth_dramsim3.v:84:3: error: generate loop hit maximum step limit; possible infinite loop?
  for (genvar i = 0; i &lt; num_channels_p; i++) begin
  ^~~
../../src/github/sv-tests/third_party/cores/basejump_stl/bsg_test/bsg_nonsynth_dramsim3.v:101:3: error: generate loop hit maximum step limit; possible infinite loop?
  for (genvar i = 0; i &lt; num_channels_p; i++)
  ^~~
../../src/github/sv-tests/third_party/cores/basejump_stl/bsg_test/bsg_nonsynth_dramsim3.v:109:3: error: generate loop hit maximum step limit; possible infinite loop?
  for (genvar i = 0; i &lt; num_channels_p; i++) begin
  ^~~
../../src/github/sv-tests/third_party/cores/basejump_stl/bsg_test/bsg_nonsynth_dramsim3.v:127:3: error: generate loop hit maximum step limit; possible infinite loop?
  for (genvar i = 0; i &lt; num_channels_p; i++) begin
  ^~~
../../src/github/sv-tests/third_party/cores/basejump_stl/bsg_test/bsg_nonsynth_dramsim3.v:155:24: error: use of undeclared identifier &#39;bsg_dramsim3_get_read_done&#39;
        read_done[i] = bsg_dramsim3_get_read_done(i);
                       ^~~~~~~~~~~~~~~~~~~~~~~~~~
../../src/github/sv-tests/third_party/cores/basejump_stl/bsg_test/bsg_nonsynth_dramsim3.v:157:31: error: use of undeclared identifier &#39;bsg_dramsim3_get_read_done_addr&#39;
          read_done_addr[i] = bsg_dramsim3_get_read_done_addr(i);
                              ^~~~~~~~~~~~~~~~~~~~~~~~~~~~~~~
../../src/github/sv-tests/third_party/cores/basejump_stl/bsg_test/bsg_nonsynth_dramsim3.v:159:27: error: use of undeclared identifier &#39;bsg_dramsim3_get_write_done&#39;
        write_done_o[i] = bsg_dramsim3_get_write_done(i);
                          ^~~~~~~~~~~~~~~~~~~~~~~~~~~
../../src/github/sv-tests/third_party/cores/basejump_stl/bsg_test/bsg_nonsynth_dramsim3.v:161:32: error: use of undeclared identifier &#39;bsg_dramsim3_get_write_done_addr&#39;
          write_done_addr[i] = bsg_dramsim3_get_write_done_addr(i);
                               ^~~~~~~~~~~~~~~~~~~~~~~~~~~~~~~~
../../src/github/sv-tests/third_party/cores/basejump_stl/bsg_test/bsg_nonsynth_dramsim3.v:165:7: error: use of undeclared identifier &#39;bsg_dramsim3_tick&#39;
      bsg_dramsim3_tick();
      ^~~~~~~~~~~~~~~~~
../../src/github/sv-tests/third_party/cores/basejump_stl/bsg_test/bsg_nonsynth_dramsim3.v:180:29: error: use of undeclared identifier &#39;bsg_dramsim3_send_write_req&#39;
              yumi_lo[i] &lt;= bsg_dramsim3_send_write_req(mem_addr[i]);
                            ^~~~~~~~~~~~~~~~~~~~~~~~~~~
fatal error: too many errors emitted, stopping now [--error-limit=]

</pre>
</body>