<head>
  <style>
    .log { font-family: "Courier New", Consolas, monospace; font-size: 80%; }
    .test-failed { background-color: #ffaaaa; }
    .test-passed { background-color: #aaffaa; }
  </style>
</head>
<body>
<h3><a href="https://github.com/MikePopoloski/slang" target="_blank">slang</a></h3>
<pre class="test-failed">
description: Tests imported from basejump
rc: 1 (means success: 0)
tags: basejump
incdirs: /tmpfs/src/github/sv-tests/third_party/cores/basejump_stl/bsg_noc /tmpfs/src/github/sv-tests/third_party/cores/basejump_stl/bsg_misc /tmpfs/src/github/sv-tests/third_party/cores/basejump_stl/bsg_misc
top_module: 
type: parsing
mode: parsing
files: <a href="../../../../third_party/cores/basejump_stl/bsg_cache/bsg_cache_non_blocking_pkg.v.html" target="file-frame">third_party/cores/basejump_stl/bsg_cache/bsg_cache_non_blocking_pkg.v</a> <a href="../../../../third_party/cores/basejump_stl/bsg_cache/bsg_cache_pkg.v.html" target="file-frame">third_party/cores/basejump_stl/bsg_cache/bsg_cache_pkg.v</a> <a href="../../../../third_party/cores/basejump_stl/bsg_misc/bsg_defines.v.html" target="file-frame">third_party/cores/basejump_stl/bsg_misc/bsg_defines.v</a> <a href="../../../../third_party/cores/basejump_stl/bsg_misc/bsg_arb_round_robin.v.html" target="file-frame">third_party/cores/basejump_stl/bsg_misc/bsg_arb_round_robin.v</a>
defines: 
time_elapsed: 0.004s
ram usage: 9072 KB
</pre>
<pre class="log">

slang-driver --single-unit -I /tmpfs/src/github/sv-tests/third_party/cores/basejump_stl/bsg_noc -I /tmpfs/src/github/sv-tests/third_party/cores/basejump_stl/bsg_misc -I /tmpfs/src/github/sv-tests/third_party/cores/basejump_stl/bsg_misc <a href="../../../../third_party/cores/basejump_stl/bsg_cache/bsg_cache_non_blocking_pkg.v.html" target="file-frame">third_party/cores/basejump_stl/bsg_cache/bsg_cache_non_blocking_pkg.v</a> <a href="../../../../third_party/cores/basejump_stl/bsg_cache/bsg_cache_pkg.v.html" target="file-frame">third_party/cores/basejump_stl/bsg_cache/bsg_cache_pkg.v</a> <a href="../../../../third_party/cores/basejump_stl/bsg_misc/bsg_defines.v.html" target="file-frame">third_party/cores/basejump_stl/bsg_misc/bsg_defines.v</a> <a href="../../../../third_party/cores/basejump_stl/bsg_misc/bsg_arb_round_robin.v.html" target="file-frame">third_party/cores/basejump_stl/bsg_misc/bsg_arb_round_robin.v</a>
Top level design units:
    bsg_arb_round_robin

../../src/github/sv-tests/third_party/cores/basejump_stl/bsg_misc/bsg_arb_round_robin.v:46:68: error: endianness of selection must match declared range (type is &#39;logic[2:0]&#39;)
      wire [width_p*2-1:0] scan_li = { 1&#39;b0, thermocode_r &amp; reqs_i[width_p-1-1:0], reqs_i };
                                                                   ^~~~~~~~~~~~~
../../src/github/sv-tests/third_party/cores/basejump_stl/bsg_misc/bsg_arb_round_robin.v:50:7: error: unknown module &#39;bsg_scan&#39;
      bsg_scan #(.width_p(width_p*2)
      ^~~~~~~~
../../src/github/sv-tests/third_party/cores/basejump_stl/bsg_misc/bsg_arb_round_robin.v:62:50: error: value must be positive
      assign grants_o = edge_detect[width_p*2-1-:width_p] | edge_detect[width_p-1:0];
                                                 ^~~~~~~
../../src/github/sv-tests/third_party/cores/basejump_stl/bsg_misc/bsg_arb_round_robin.v:62:73: error: endianness of selection must match declared range (type is &#39;logic[3:0]&#39;)
      assign grants_o = edge_detect[width_p*2-1-:width_p] | edge_detect[width_p-1:0];
                                                                        ^~~~~~~~~~~
../../src/github/sv-tests/third_party/cores/basejump_stl/bsg_misc/bsg_arb_round_robin.v:66:37: error: value must be positive
          if (|scan_li[width_p*2-1-:width_p]) // no wrap around
                                    ^~~~~~~
../../src/github/sv-tests/third_party/cores/basejump_stl/bsg_misc/bsg_arb_round_robin.v:67:49: error: value must be positive
            thermocode_n = scan_lo[width_p*2-1-:width_p-1];
                                                ^~~~~~~~~
../../src/github/sv-tests/third_party/cores/basejump_stl/bsg_misc/bsg_arb_round_robin.v:69:36: error: endianness of selection must match declared range (type is &#39;logic[3:0]&#39;)
            thermocode_n = scan_lo[width_p-1:1];
                                   ^~~~~~~~~~~

Build failed: 7 errors, 0 warnings

</pre>
</body>