<head>
  <style>
    .log { font-family: "Courier New", Consolas, monospace; font-size: 80%; }
    .test-failed { background-color: #ffaaaa; }
    .test-passed { background-color: #aaffaa; }
  </style>
</head>
<body>
<h3><a href="https://github.com/MikePopoloski/slang" target="_blank">slang</a></h3>
<pre class="test-failed">
description: Tests imported from basejump
rc: 1 (means success: 0)
tags: basejump
incdirs: /tmpfs/src/github/sv-tests/third_party/cores/basejump_stl/bsg_noc /tmpfs/src/github/sv-tests/third_party/cores/basejump_stl/bsg_misc /tmpfs/src/github/sv-tests/third_party/cores/basejump_stl/bsg_dataflow
top_module: 
type: parsing
mode: parsing
files: <a href="../../../../third_party/cores/basejump_stl/bsg_cache/bsg_cache_non_blocking_pkg.v.html" target="file-frame">third_party/cores/basejump_stl/bsg_cache/bsg_cache_non_blocking_pkg.v</a> <a href="../../../../third_party/cores/basejump_stl/bsg_cache/bsg_cache_pkg.v.html" target="file-frame">third_party/cores/basejump_stl/bsg_cache/bsg_cache_pkg.v</a> <a href="../../../../third_party/cores/basejump_stl/bsg_misc/bsg_defines.v.html" target="file-frame">third_party/cores/basejump_stl/bsg_misc/bsg_defines.v</a> <a href="../../../../third_party/cores/basejump_stl/bsg_dataflow/bsg_scatter_gather.v.html" target="file-frame">third_party/cores/basejump_stl/bsg_dataflow/bsg_scatter_gather.v</a>
defines: 
time_elapsed: 0.086s
ram usage: 22228 KB
</pre>
<pre class="log">

slang-driver --single-unit -I /tmpfs/src/github/sv-tests/third_party/cores/basejump_stl/bsg_noc -I /tmpfs/src/github/sv-tests/third_party/cores/basejump_stl/bsg_misc -I /tmpfs/src/github/sv-tests/third_party/cores/basejump_stl/bsg_dataflow <a href="../../../../third_party/cores/basejump_stl/bsg_cache/bsg_cache_non_blocking_pkg.v.html" target="file-frame">third_party/cores/basejump_stl/bsg_cache/bsg_cache_non_blocking_pkg.v</a> <a href="../../../../third_party/cores/basejump_stl/bsg_cache/bsg_cache_pkg.v.html" target="file-frame">third_party/cores/basejump_stl/bsg_cache/bsg_cache_pkg.v</a> <a href="../../../../third_party/cores/basejump_stl/bsg_misc/bsg_defines.v.html" target="file-frame">third_party/cores/basejump_stl/bsg_misc/bsg_defines.v</a> <a href="../../../../third_party/cores/basejump_stl/bsg_dataflow/bsg_scatter_gather.v.html" target="file-frame">third_party/cores/basejump_stl/bsg_dataflow/bsg_scatter_gather.v</a>
Top level design units:
    bsg_scatter_gather

../../src/github/sv-tests/third_party/cores/basejump_stl/bsg_dataflow/bsg_scatter_gather.v:33:21: error: packed array is too large; maximum width is 16777215 bits
       ,output reg [vec_size_lp*`BSG_SAFE_CLOG2(vec_size_lp)-1:0] fwd_o
                    ^~~~~~~~~~~~~~~~~~~~~~~~~~~~~~~~~~~~~~~~~~~~
../../src/github/sv-tests/third_party/cores/basejump_stl/bsg_dataflow/bsg_scatter_gather.v:34:21: error: packed array is too large; maximum width is 16777215 bits
       ,output reg [vec_size_lp*`BSG_SAFE_CLOG2(vec_size_lp)-1:0] fwd_datapath_o
                    ^~~~~~~~~~~~~~~~~~~~~~~~~~~~~~~~~~~~~~~~~~~~
../../src/github/sv-tests/third_party/cores/basejump_stl/bsg_dataflow/bsg_scatter_gather.v:35:21: error: packed array is too large; maximum width is 16777215 bits
       ,output reg [vec_size_lp*`BSG_SAFE_CLOG2(vec_size_lp)-1:0] bk_o
                    ^~~~~~~~~~~~~~~~~~~~~~~~~~~~~~~~~~~~~~~~~~~~
../../src/github/sv-tests/third_party/cores/basejump_stl/bsg_dataflow/bsg_scatter_gather.v:36:21: error: packed array is too large; maximum width is 16777215 bits
       ,output reg [vec_size_lp*`BSG_SAFE_CLOG2(vec_size_lp)-1:0] bk_datapath_o       
                    ^~~~~~~~~~~~~~~~~~~~~~~~~~~~~~~~~~~~~~~~~~~~

Build failed: 4 errors, 0 warnings

</pre>
</body>