<head>
  <style>
    .log { font-family: "Courier New", Consolas, monospace; font-size: 80%; }
    .test-failed { background-color: #ffaaaa; }
    .test-passed { background-color: #aaffaa; }
  </style>
</head>
<body>
<h3><a href="https://github.com/MikePopoloski/slang" target="_blank">slang</a></h3>
<pre class="test-failed">
description: Tests imported from basejump
rc: 1 (means success: 0)
tags: basejump
incdirs: /tmpfs/src/github/sv-tests/third_party/cores/basejump_stl/bsg_noc /tmpfs/src/github/sv-tests/third_party/cores/basejump_stl/bsg_misc /tmpfs/src/github/sv-tests/third_party/cores/basejump_stl/bsg_misc
top_module: 
type: parsing
mode: parsing
files: <a href="../../../../third_party/cores/basejump_stl/bsg_cache/bsg_cache_non_blocking_pkg.v.html" target="file-frame">third_party/cores/basejump_stl/bsg_cache/bsg_cache_non_blocking_pkg.v</a> <a href="../../../../third_party/cores/basejump_stl/bsg_cache/bsg_cache_pkg.v.html" target="file-frame">third_party/cores/basejump_stl/bsg_cache/bsg_cache_pkg.v</a> <a href="../../../../third_party/cores/basejump_stl/bsg_misc/bsg_defines.v.html" target="file-frame">third_party/cores/basejump_stl/bsg_misc/bsg_defines.v</a> <a href="../../../../third_party/cores/basejump_stl/bsg_misc/bsg_idiv_iterative.v.html" target="file-frame">third_party/cores/basejump_stl/bsg_misc/bsg_idiv_iterative.v</a>
defines: 
time_elapsed: 0.005s
ram usage: 9004 KB
</pre>
<pre class="log">

slang-driver --single-unit -I /tmpfs/src/github/sv-tests/third_party/cores/basejump_stl/bsg_noc -I /tmpfs/src/github/sv-tests/third_party/cores/basejump_stl/bsg_misc -I /tmpfs/src/github/sv-tests/third_party/cores/basejump_stl/bsg_misc <a href="../../../../third_party/cores/basejump_stl/bsg_cache/bsg_cache_non_blocking_pkg.v.html" target="file-frame">third_party/cores/basejump_stl/bsg_cache/bsg_cache_non_blocking_pkg.v</a> <a href="../../../../third_party/cores/basejump_stl/bsg_cache/bsg_cache_pkg.v.html" target="file-frame">third_party/cores/basejump_stl/bsg_cache/bsg_cache_pkg.v</a> <a href="../../../../third_party/cores/basejump_stl/bsg_misc/bsg_defines.v.html" target="file-frame">third_party/cores/basejump_stl/bsg_misc/bsg_defines.v</a> <a href="../../../../third_party/cores/basejump_stl/bsg_misc/bsg_idiv_iterative.v.html" target="file-frame">third_party/cores/basejump_stl/bsg_misc/bsg_idiv_iterative.v</a>
Top level design units:
    bsg_idiv_iterative

../../src/github/sv-tests/third_party/cores/basejump_stl/bsg_misc/bsg_idiv_iterative.v:45:4: error: unknown module &#39;bsg_buf&#39;
   bsg_buf #(.width_p(width_p)) remainder_buf (.i(opA[width_p-1:0]), .o(remainder_o));
   ^~~~~~~
../../src/github/sv-tests/third_party/cores/basejump_stl/bsg_misc/bsg_idiv_iterative.v:48:4: error: unknown module &#39;bsg_buf&#39;
   bsg_buf #(.width_p(width_p)) quotient_buf  (.i(opC[width_p-1:0]), .o(quotient_o));
   ^~~~~~~
../../src/github/sv-tests/third_party/cores/basejump_stl/bsg_misc/bsg_idiv_iterative.v:57:4: error: unknown module &#39;bsg_dff_en&#39;
   bsg_dff_en#(.width_p(1)) req_reg
   ^~~~~~~~~~
../../src/github/sv-tests/third_party/cores/basejump_stl/bsg_misc/bsg_idiv_iterative.v:64:4: error: unknown module &#39;bsg_dff_en&#39;
   bsg_dff_en#(.width_p(width_p))dividend_reg
   ^~~~~~~~~~
../../src/github/sv-tests/third_party/cores/basejump_stl/bsg_misc/bsg_idiv_iterative.v:71:4: error: unknown module &#39;bsg_dff_en&#39;
   bsg_dff_en#(.width_p(width_p))divisor_reg
   ^~~~~~~~~~
../../src/github/sv-tests/third_party/cores/basejump_stl/bsg_misc/bsg_idiv_iterative.v:84:4: error: unknown module &#39;bsg_mux&#39;
   bsg_mux  #(.width_p(width_p+1), .els_p(2)) muxA
   ^~~~~~~
../../src/github/sv-tests/third_party/cores/basejump_stl/bsg_misc/bsg_idiv_iterative.v:92:4: error: unknown module &#39;bsg_mux_one_hot&#39;
   bsg_mux_one_hot #(.width_p(width_p+1), .els_p(3)) muxB
   ^~~~~~~~~~~~~~~
../../src/github/sv-tests/third_party/cores/basejump_stl/bsg_misc/bsg_idiv_iterative.v:100:4: error: unknown module &#39;bsg_mux_one_hot&#39;
   bsg_mux_one_hot #(.width_p(width_p+1), .els_p(3)) muxC
   ^~~~~~~~~~~~~~~
../../src/github/sv-tests/third_party/cores/basejump_stl/bsg_misc/bsg_idiv_iterative.v:107:4: error: unknown module &#39;bsg_dff_en&#39;
   bsg_dff_en#(.width_p(width_p+1)) opA_reg
   ^~~~~~~~~~
../../src/github/sv-tests/third_party/cores/basejump_stl/bsg_misc/bsg_idiv_iterative.v:116:4: error: unknown module &#39;bsg_dff_en&#39;
   bsg_dff_en#(.width_p(width_p+1)) opB_reg
   ^~~~~~~~~~
../../src/github/sv-tests/third_party/cores/basejump_stl/bsg_misc/bsg_idiv_iterative.v:124:4: error: unknown module &#39;bsg_dff_en&#39;
   bsg_dff_en#(.width_p(width_p+1)) opC_reg
   ^~~~~~~~~~
../../src/github/sv-tests/third_party/cores/basejump_stl/bsg_misc/bsg_idiv_iterative.v:136:3: error: unknown module &#39;bsg_buf_ctrl&#39;
  bsg_buf_ctrl #(.width_p( width_p+1)) buf_opA_inv( .i(opA_inv), .o(opA_inv_buf)) ;
  ^~~~~~~~~~~~
../../src/github/sv-tests/third_party/cores/basejump_stl/bsg_misc/bsg_idiv_iterative.v:140:3: error: unknown module &#39;bsg_buf_ctrl&#39;
  bsg_buf_ctrl #(.width_p( width_p+1)) buf_opB_inv( .i(opB_inv), .o(opB_inv_buf)) ;
  ^~~~~~~~~~~~
../../src/github/sv-tests/third_party/cores/basejump_stl/bsg_misc/bsg_idiv_iterative.v:144:3: error: unknown module &#39;bsg_buf_ctrl&#39;
  bsg_buf_ctrl #(.width_p( width_p+1)) buf_opA_clr( .i(~opA_clr_l), .o(opA_clr_buf)) ;
  ^~~~~~~~~~~~
../../src/github/sv-tests/third_party/cores/basejump_stl/bsg_misc/bsg_idiv_iterative.v:148:3: error: unknown module &#39;bsg_buf_ctrl&#39;
  bsg_buf_ctrl #(.width_p( width_p+1)) buf_opB_clr( .i(~opB_clr_l), .o(opB_clr_buf)) ;
  ^~~~~~~~~~~~
../../src/github/sv-tests/third_party/cores/basejump_stl/bsg_misc/bsg_idiv_iterative.v:151:3: error: unknown module &#39;bsg_xnor&#39;
  bsg_xnor#(.width_p(width_p+1)) xnor_opA 
  ^~~~~~~~
../../src/github/sv-tests/third_party/cores/basejump_stl/bsg_misc/bsg_idiv_iterative.v:158:3: error: unknown module &#39;bsg_xnor&#39;
  bsg_xnor#(.width_p(width_p+1)) xnor_opB 
  ^~~~~~~~
../../src/github/sv-tests/third_party/cores/basejump_stl/bsg_misc/bsg_idiv_iterative.v:165:3: error: unknown module &#39;bsg_nor2&#39;
  bsg_nor2 #(.width_p(width_p+1)) nor_opA 
  ^~~~~~~~
../../src/github/sv-tests/third_party/cores/basejump_stl/bsg_misc/bsg_idiv_iterative.v:172:3: error: unknown module &#39;bsg_nor2&#39;
  bsg_nor2 #(.width_p(width_p+1)) nor_opB 
  ^~~~~~~~
../../src/github/sv-tests/third_party/cores/basejump_stl/bsg_misc/bsg_idiv_iterative.v:179:3: error: unknown module &#39;bsg_adder_cin&#39;
  bsg_adder_cin #(.width_p(width_p+1)) adder
  ^~~~~~~~~~~~~
fatal error: too many errors emitted, stopping now [--error-limit=]

Build failed: 20 errors, 0 warnings

</pre>
</body>