<head>
  <style>
    .log { font-family: "Courier New", Consolas, monospace; font-size: 80%; }
    .test-failed { background-color: #ffaaaa; }
    .test-passed { background-color: #aaffaa; }
  </style>
</head>
<body>
<h3><a href="https://github.com/MikePopoloski/slang" target="_blank">slang</a></h3>
<pre class="test-failed">
description: Tests imported from basejump
rc: 1 (means success: 0)
tags: basejump
incdirs: /tmpfs/src/github/sv-tests/third_party/cores/basejump_stl/bsg_noc /tmpfs/src/github/sv-tests/third_party/cores/basejump_stl/bsg_misc /tmpfs/src/github/sv-tests/third_party/cores/basejump_stl/bsg_mem
top_module: 
type: parsing
mode: parsing
files: <a href="../../../../third_party/cores/basejump_stl/bsg_cache/bsg_cache_non_blocking_pkg.v.html" target="file-frame">third_party/cores/basejump_stl/bsg_cache/bsg_cache_non_blocking_pkg.v</a> <a href="../../../../third_party/cores/basejump_stl/bsg_cache/bsg_cache_pkg.v.html" target="file-frame">third_party/cores/basejump_stl/bsg_cache/bsg_cache_pkg.v</a> <a href="../../../../third_party/cores/basejump_stl/bsg_misc/bsg_defines.v.html" target="file-frame">third_party/cores/basejump_stl/bsg_misc/bsg_defines.v</a> <a href="../../../../third_party/cores/basejump_stl/bsg_mem/bsg_mem_multiport.v.html" target="file-frame">third_party/cores/basejump_stl/bsg_mem/bsg_mem_multiport.v</a>
defines: 
time_elapsed: 0.659s
ram usage: 230636 KB
</pre>
<pre class="log">

slang-driver --single-unit -I /tmpfs/src/github/sv-tests/third_party/cores/basejump_stl/bsg_noc -I /tmpfs/src/github/sv-tests/third_party/cores/basejump_stl/bsg_misc -I /tmpfs/src/github/sv-tests/third_party/cores/basejump_stl/bsg_mem <a href="../../../../third_party/cores/basejump_stl/bsg_cache/bsg_cache_non_blocking_pkg.v.html" target="file-frame">third_party/cores/basejump_stl/bsg_cache/bsg_cache_non_blocking_pkg.v</a> <a href="../../../../third_party/cores/basejump_stl/bsg_cache/bsg_cache_pkg.v.html" target="file-frame">third_party/cores/basejump_stl/bsg_cache/bsg_cache_pkg.v</a> <a href="../../../../third_party/cores/basejump_stl/bsg_misc/bsg_defines.v.html" target="file-frame">third_party/cores/basejump_stl/bsg_misc/bsg_defines.v</a> <a href="../../../../third_party/cores/basejump_stl/bsg_mem/bsg_mem_multiport.v.html" target="file-frame">third_party/cores/basejump_stl/bsg_mem/bsg_mem_multiport.v</a>
Top level design units:
    bsg_mem_multiport

../../src/github/sv-tests/third_party/cores/basejump_stl/bsg_mem/bsg_mem_multiport.v:21:13: error: packed array is too large; maximum width is 16777215 bits
    , input [write_ports_p-1:0][addr_width_lp-1:0] w_addr_i
            ^~~~~~~~~~~~~~~~~~~
../../src/github/sv-tests/third_party/cores/basejump_stl/bsg_mem/bsg_mem_multiport.v:22:13: error: packed array is too large; maximum width is 16777215 bits
    , input [write_ports_p-1:0][width_p-1:0]       w_data_i
            ^~~~~~~~~~~~~~~~~~~
../../src/github/sv-tests/third_party/cores/basejump_stl/bsg_mem/bsg_mem_multiport.v:25:13: error: packed array is too large; maximum width is 16777215 bits
    , input [read_ports_p-1:0][addr_width_lp-1:0]   r_addr_i
            ^~~~~~~~~~~~~~~~~~
../../src/github/sv-tests/third_party/cores/basejump_stl/bsg_mem/bsg_mem_multiport.v:26:14: error: packed array is too large; maximum width is 16777215 bits
    , output [read_ports_p-1:0][width_p-1:0]        r_data_o
             ^~~~~~~~~~~~~~~~~~
../../src/github/sv-tests/third_party/cores/basejump_stl/bsg_mem/bsg_mem_multiport.v:34:4: error: generate loop hit maximum step limit; possible infinite loop?
   for (i = 0; i &lt; read_ports_p; i=i+1)
   ^~~
../../src/github/sv-tests/third_party/cores/basejump_stl/bsg_mem/bsg_mem_multiport.v:41:4: error: generate loop hit maximum step limit; possible infinite loop?
   for (i = 0; i &lt; write_ports_p; i=i+1)
   ^~~
../../src/github/sv-tests/third_party/cores/basejump_stl/bsg_mem/bsg_mem_multiport.v:56:4: error: generate loop hit maximum step limit; possible infinite loop?
   for (i = 0; i &lt; write_ports_p; i=i+1)
   ^~~
../../src/github/sv-tests/third_party/cores/basejump_stl/bsg_mem/bsg_mem_multiport.v:66:4: error: generate loop hit maximum step limit; possible infinite loop?
   for (i = 0; i &lt; write_ports_p; i=i+1)
   ^~~
../../src/github/sv-tests/third_party/cores/basejump_stl/bsg_mem/bsg_mem_multiport.v:81:81: error: use of undeclared identifier &#39;harden_p&#39;
                 ,width_p,els_p,read_write_same_addr_p, write_write_same_addr_p,harden_p);
                                                                                ^~~~~~~~

Build failed: 9 errors, 0 warnings

</pre>
</body>