<head>
  <style>
    .log { font-family: "Courier New", Consolas, monospace; font-size: 80%; }
    .test-failed { background-color: #ffaaaa; }
    .test-passed { background-color: #aaffaa; }
  </style>
</head>
<body>
<h3><a href="https://github.com/MikePopoloski/slang" target="_blank">slang</a></h3>
<pre class="test-failed">
description: Tests imported from basejump
rc: 1 (means success: 0)
tags: basejump
incdirs: /tmpfs/src/github/sv-tests/third_party/cores/basejump_stl/bsg_noc /tmpfs/src/github/sv-tests/third_party/cores/basejump_stl/bsg_misc /tmpfs/src/github/sv-tests/third_party/cores/basejump_stl/bsg_mem
top_module: 
type: parsing
mode: parsing
files: <a href="../../../../third_party/cores/basejump_stl/bsg_cache/bsg_cache_non_blocking_pkg.v.html" target="file-frame">third_party/cores/basejump_stl/bsg_cache/bsg_cache_non_blocking_pkg.v</a> <a href="../../../../third_party/cores/basejump_stl/bsg_cache/bsg_cache_pkg.v.html" target="file-frame">third_party/cores/basejump_stl/bsg_cache/bsg_cache_pkg.v</a> <a href="../../../../third_party/cores/basejump_stl/bsg_misc/bsg_defines.v.html" target="file-frame">third_party/cores/basejump_stl/bsg_misc/bsg_defines.v</a> <a href="../../../../third_party/cores/basejump_stl/bsg_mem/bsg_cam_1r1w_replacement.v.html" target="file-frame">third_party/cores/basejump_stl/bsg_mem/bsg_cam_1r1w_replacement.v</a>
defines: 
time_elapsed: 0.004s
ram usage: 9072 KB
</pre>
<pre class="log">

slang-driver --single-unit -I /tmpfs/src/github/sv-tests/third_party/cores/basejump_stl/bsg_noc -I /tmpfs/src/github/sv-tests/third_party/cores/basejump_stl/bsg_misc -I /tmpfs/src/github/sv-tests/third_party/cores/basejump_stl/bsg_mem <a href="../../../../third_party/cores/basejump_stl/bsg_cache/bsg_cache_non_blocking_pkg.v.html" target="file-frame">third_party/cores/basejump_stl/bsg_cache/bsg_cache_non_blocking_pkg.v</a> <a href="../../../../third_party/cores/basejump_stl/bsg_cache/bsg_cache_pkg.v.html" target="file-frame">third_party/cores/basejump_stl/bsg_cache/bsg_cache_pkg.v</a> <a href="../../../../third_party/cores/basejump_stl/bsg_misc/bsg_defines.v.html" target="file-frame">third_party/cores/basejump_stl/bsg_misc/bsg_defines.v</a> <a href="../../../../third_party/cores/basejump_stl/bsg_mem/bsg_cam_1r1w_replacement.v.html" target="file-frame">third_party/cores/basejump_stl/bsg_mem/bsg_cam_1r1w_replacement.v</a>
Top level design units:
    bsg_cam_1r1w_replacement

../../src/github/sv-tests/third_party/cores/basejump_stl/bsg_mem/bsg_cam_1r1w_replacement.v:42:7: error: unknown module &#39;bsg_dff_reset_en&#39;
      bsg_dff_reset_en
      ^~~~~~~~~~~~~~~~
../../src/github/sv-tests/third_party/cores/basejump_stl/bsg_mem/bsg_cam_1r1w_replacement.v:58:7: error: unknown module &#39;bsg_lru_pseudo_tree_encode&#39;
      bsg_lru_pseudo_tree_encode
      ^~~~~~~~~~~~~~~~~~~~~~~~~~
../../src/github/sv-tests/third_party/cores/basejump_stl/bsg_mem/bsg_cam_1r1w_replacement.v:68:7: error: unknown module &#39;bsg_priority_encode&#39;
      bsg_priority_encode
      ^~~~~~~~~~~~~~~~~~~
../../src/github/sv-tests/third_party/cores/basejump_stl/bsg_mem/bsg_cam_1r1w_replacement.v:80:7: error: unknown module &#39;bsg_decode&#39;
      bsg_decode
      ^~~~~~~~~~
../../src/github/sv-tests/third_party/cores/basejump_stl/bsg_mem/bsg_cam_1r1w_replacement.v:92:7: error: unknown module &#39;bsg_encode_one_hot&#39;
      bsg_encode_one_hot
      ^~~~~~~~~~~~~~~~~~
../../src/github/sv-tests/third_party/cores/basejump_stl/bsg_mem/bsg_cam_1r1w_replacement.v:102:7: error: unknown module &#39;bsg_lru_pseudo_tree_decode&#39;
      bsg_lru_pseudo_tree_decode
      ^~~~~~~~~~~~~~~~~~~~~~~~~~
../../src/github/sv-tests/third_party/cores/basejump_stl/bsg_mem/bsg_cam_1r1w_replacement.v:114:7: error: unknown module &#39;bsg_mux_bitwise&#39;
      bsg_mux_bitwise
      ^~~~~~~~~~~~~~~
../../src/github/sv-tests/third_party/cores/basejump_stl/bsg_mem/bsg_cam_1r1w_replacement.v:125:7: error: unknown module &#39;bsg_lru_pseudo_tree_decode&#39;
      bsg_lru_pseudo_tree_decode
      ^~~~~~~~~~~~~~~~~~~~~~~~~~
../../src/github/sv-tests/third_party/cores/basejump_stl/bsg_mem/bsg_cam_1r1w_replacement.v:135:7: error: unknown module &#39;bsg_mux_bitwise&#39;
      bsg_mux_bitwise
      ^~~~~~~~~~~~~~~

Build failed: 9 errors, 0 warnings

</pre>
</body>