<head>
  <style>
    .log { font-family: "Courier New", Consolas, monospace; font-size: 80%; }
    .test-failed { background-color: #ffaaaa; }
    .test-passed { background-color: #aaffaa; }
  </style>
</head>
<body>
<h3><a href="https://github.com/MikePopoloski/slang" target="_blank">slang</a></h3>
<pre class="test-failed">
description: Tests imported from basejump
rc: 1 (means success: 0)
should_fail: 0
tags: basejump
incdirs: /tmpfs/src/github/sv-tests/third_party/cores/basejump_stl/bsg_noc /tmpfs/src/github/sv-tests/third_party/cores/basejump_stl/bsg_misc /tmpfs/src/github/sv-tests/third_party/cores/basejump_stl/bsg_test
top_module: 
type: parsing
mode: parsing
files: <a href="../../../../third_party/cores/basejump_stl/bsg_cache/bsg_cache_non_blocking_pkg.v.html" target="file-frame">third_party/cores/basejump_stl/bsg_cache/bsg_cache_non_blocking_pkg.v</a> <a href="../../../../third_party/cores/basejump_stl/bsg_cache/bsg_cache_pkg.v.html" target="file-frame">third_party/cores/basejump_stl/bsg_cache/bsg_cache_pkg.v</a> <a href="../../../../third_party/cores/basejump_stl/bsg_misc/bsg_defines.v.html" target="file-frame">third_party/cores/basejump_stl/bsg_misc/bsg_defines.v</a> <a href="../../../../third_party/cores/basejump_stl/bsg_test/bsg_nonsynth_ramulator_hbm.v.html" target="file-frame">third_party/cores/basejump_stl/bsg_test/bsg_nonsynth_ramulator_hbm.v</a>
time_elapsed: 0.472s
ram usage: 243140 KB
</pre>
<pre class="log">

slang-driver --single-unit -I/tmpfs/src/github/sv-tests/third_party/cores/basejump_stl/bsg_noc -I/tmpfs/src/github/sv-tests/third_party/cores/basejump_stl/bsg_misc -I/tmpfs/src/github/sv-tests/third_party/cores/basejump_stl/bsg_test <a href="../../../../third_party/cores/basejump_stl/bsg_cache/bsg_cache_non_blocking_pkg.v.html" target="file-frame">third_party/cores/basejump_stl/bsg_cache/bsg_cache_non_blocking_pkg.v</a> <a href="../../../../third_party/cores/basejump_stl/bsg_cache/bsg_cache_pkg.v.html" target="file-frame">third_party/cores/basejump_stl/bsg_cache/bsg_cache_pkg.v</a> <a href="../../../../third_party/cores/basejump_stl/bsg_misc/bsg_defines.v.html" target="file-frame">third_party/cores/basejump_stl/bsg_misc/bsg_defines.v</a> <a href="../../../../third_party/cores/basejump_stl/bsg_test/bsg_nonsynth_ramulator_hbm.v.html" target="file-frame">third_party/cores/basejump_stl/bsg_test/bsg_nonsynth_ramulator_hbm.v</a>
../../src/github/sv-tests/third_party/cores/basejump_stl/bsg_test/bsg_nonsynth_ramulator_hbm.v:39:3: error: language feature not yet supported
  import &#34;DPI-C&#34; context function void init_hbm();
  ^~~~~~~~~~~~~~~~~~~~~~~~~~~~~~~~~~~~~~~~~~~~~~~~
../../src/github/sv-tests/third_party/cores/basejump_stl/bsg_test/bsg_nonsynth_ramulator_hbm.v:40:3: error: language feature not yet supported
  import &#34;DPI-C&#34; context function bit send_write_req(input longint addr);
  ^~~~~~~~~~~~~~~~~~~~~~~~~~~~~~~~~~~~~~~~~~~~~~~~~~~~~~~~~~~~~~~~~~~~~~~
../../src/github/sv-tests/third_party/cores/basejump_stl/bsg_test/bsg_nonsynth_ramulator_hbm.v:41:3: error: language feature not yet supported
  import &#34;DPI-C&#34; context function bit send_read_req(input longint addr);
  ^~~~~~~~~~~~~~~~~~~~~~~~~~~~~~~~~~~~~~~~~~~~~~~~~~~~~~~~~~~~~~~~~~~~~~
../../src/github/sv-tests/third_party/cores/basejump_stl/bsg_test/bsg_nonsynth_ramulator_hbm.v:42:3: error: language feature not yet supported
  import &#34;DPI-C&#34; context function bit get_read_done(int ch);
  ^~~~~~~~~~~~~~~~~~~~~~~~~~~~~~~~~~~~~~~~~~~~~~~~~~~~~~~~~~
../../src/github/sv-tests/third_party/cores/basejump_stl/bsg_test/bsg_nonsynth_ramulator_hbm.v:43:3: error: language feature not yet supported
  import &#34;DPI-C&#34; context function longint get_read_done_addr(int ch);
  ^~~~~~~~~~~~~~~~~~~~~~~~~~~~~~~~~~~~~~~~~~~~~~~~~~~~~~~~~~~~~~~~~~~
../../src/github/sv-tests/third_party/cores/basejump_stl/bsg_test/bsg_nonsynth_ramulator_hbm.v:44:3: error: language feature not yet supported
  import &#34;DPI-C&#34; context function void tick();
  ^~~~~~~~~~~~~~~~~~~~~~~~~~~~~~~~~~~~~~~~~~~~
../../src/github/sv-tests/third_party/cores/basejump_stl/bsg_test/bsg_nonsynth_ramulator_hbm.v:45:3: error: language feature not yet supported
  import &#34;DPI-C&#34; context function void finish_hbm();
  ^~~~~~~~~~~~~~~~~~~~~~~~~~~~~~~~~~~~~~~~~~~~~~~~~~
../../src/github/sv-tests/third_party/cores/basejump_stl/bsg_test/bsg_nonsynth_ramulator_hbm.v:48:5: error: use of undeclared identifier &#39;init_hbm&#39;
    init_hbm();
    ^~~~~~~~
../../src/github/sv-tests/third_party/cores/basejump_stl/bsg_test/bsg_nonsynth_ramulator_hbm.v:54:3: error: generate loop hit maximum step limit; possible infinite loop?
  for (genvar i = 0; i &lt; num_channels_p; i++) begin
  ^~~
../../src/github/sv-tests/third_party/cores/basejump_stl/bsg_test/bsg_nonsynth_ramulator_hbm.v:64:3: error: generate loop hit maximum step limit; possible infinite loop?
  for (genvar i = 0; i &lt; num_channels_p; i++)
  ^~~
../../src/github/sv-tests/third_party/cores/basejump_stl/bsg_test/bsg_nonsynth_ramulator_hbm.v:72:3: error: generate loop hit maximum step limit; possible infinite loop?
  for (genvar i = 0; i &lt; num_channels_p; i++) begin
  ^~~
../../src/github/sv-tests/third_party/cores/basejump_stl/bsg_test/bsg_nonsynth_ramulator_hbm.v:90:24: error: use of undeclared identifier &#39;get_read_done&#39;; did you mean &#39;read_done&#39;?
        read_done[i] = get_read_done(i);
                       ^~~~~~~~~~~~~
../../src/github/sv-tests/third_party/cores/basejump_stl/bsg_test/bsg_nonsynth_ramulator_hbm.v:68:30: note: declared here
  logic [num_channels_p-1:0] read_done;
                             ^
../../src/github/sv-tests/third_party/cores/basejump_stl/bsg_test/bsg_nonsynth_ramulator_hbm.v:92:31: error: use of undeclared identifier &#39;get_read_done_addr&#39;; did you mean &#39;read_done_addr&#39;?
          read_done_addr[i] = get_read_done_addr(i);
                              ^~~~~~~~~~~~~~~~~~
../../src/github/sv-tests/third_party/cores/basejump_stl/bsg_test/bsg_nonsynth_ramulator_hbm.v:69:75: note: declared here
  logic [num_channels_p-1:0][lg_num_channels_lp+channel_addr_width_p-1:0] read_done_addr;
                                                                          ^
../../src/github/sv-tests/third_party/cores/basejump_stl/bsg_test/bsg_nonsynth_ramulator_hbm.v:96:7: error: use of undeclared identifier &#39;tick&#39;
      tick();
      ^~~~
../../src/github/sv-tests/third_party/cores/basejump_stl/bsg_test/bsg_nonsynth_ramulator_hbm.v:111:29: error: use of undeclared identifier &#39;send_write_req&#39;
              yumi_lo[i] &lt;= send_write_req(mem_addr[i]);
                            ^~~~~~~~~~~~~~
../../src/github/sv-tests/third_party/cores/basejump_stl/bsg_test/bsg_nonsynth_ramulator_hbm.v:116:27: error: use of undeclared identifier &#39;send_read_req&#39;
            yumi_lo[i] &lt;= send_read_req(mem_addr[i]);
                          ^~~~~~~~~~~~~
../../src/github/sv-tests/third_party/cores/basejump_stl/bsg_test/bsg_nonsynth_ramulator_hbm.v:131:3: error: generate loop hit maximum step limit; possible infinite loop?
  for (genvar i = 0; i &lt; num_channels_p; i++) begin
  ^~~
../../src/github/sv-tests/third_party/cores/basejump_stl/bsg_test/bsg_nonsynth_ramulator_hbm.v:192:5: error: use of undeclared identifier &#39;finish_hbm&#39;
    finish_hbm();
    ^~~~~~~~~~

</pre>
</body>