<head>
  <style>
    .log { font-family: "Courier New", Consolas, monospace; font-size: 80%; }
    .test-failed { background-color: #ffaaaa; }
    .test-passed { background-color: #aaffaa; }
  </style>
</head>
<body>
<h3><a href="https://github.com/MikePopoloski/slang" target="_blank">slang</a></h3>
<pre class="test-failed">
description: Tests imported from basejump
rc: 1 (means success: 0)
tags: basejump
incdirs: /tmpfs/src/github/sv-tests/third_party/cores/basejump_stl/bsg_noc /tmpfs/src/github/sv-tests/third_party/cores/basejump_stl/bsg_misc /tmpfs/src/github/sv-tests/third_party/cores/basejump_stl/bsg_cache
top_module: 
type: parsing
mode: parsing
files: <a href="../../../../third_party/cores/basejump_stl/bsg_cache/bsg_cache_non_blocking_pkg.v.html" target="file-frame">third_party/cores/basejump_stl/bsg_cache/bsg_cache_non_blocking_pkg.v</a> <a href="../../../../third_party/cores/basejump_stl/bsg_cache/bsg_cache_pkg.v.html" target="file-frame">third_party/cores/basejump_stl/bsg_cache/bsg_cache_pkg.v</a> <a href="../../../../third_party/cores/basejump_stl/bsg_misc/bsg_defines.v.html" target="file-frame">third_party/cores/basejump_stl/bsg_misc/bsg_defines.v</a> <a href="../../../../third_party/cores/basejump_stl/bsg_cache/bsg_cache_to_test_dram.v.html" target="file-frame">third_party/cores/basejump_stl/bsg_cache/bsg_cache_to_test_dram.v</a>
defines: 
time_elapsed: 0.006s
ram usage: 9272 KB
</pre>
<pre class="log">

slang-driver --single-unit -I /tmpfs/src/github/sv-tests/third_party/cores/basejump_stl/bsg_noc -I /tmpfs/src/github/sv-tests/third_party/cores/basejump_stl/bsg_misc -I /tmpfs/src/github/sv-tests/third_party/cores/basejump_stl/bsg_cache <a href="../../../../third_party/cores/basejump_stl/bsg_cache/bsg_cache_non_blocking_pkg.v.html" target="file-frame">third_party/cores/basejump_stl/bsg_cache/bsg_cache_non_blocking_pkg.v</a> <a href="../../../../third_party/cores/basejump_stl/bsg_cache/bsg_cache_pkg.v.html" target="file-frame">third_party/cores/basejump_stl/bsg_cache/bsg_cache_pkg.v</a> <a href="../../../../third_party/cores/basejump_stl/bsg_misc/bsg_defines.v.html" target="file-frame">third_party/cores/basejump_stl/bsg_misc/bsg_defines.v</a> <a href="../../../../third_party/cores/basejump_stl/bsg_cache/bsg_cache_to_test_dram.v.html" target="file-frame">third_party/cores/basejump_stl/bsg_cache/bsg_cache_to_test_dram.v</a>
Top level design units:
    bsg_cache_to_test_dram

../../src/github/sv-tests/third_party/cores/basejump_stl/bsg_cache/bsg_cache_to_test_dram.v:38:13: error: packed array is too large; maximum width is 16777215 bits
    , input [num_cache_p-1:0][dma_pkt_width_lp-1:0] dma_pkt_i
            ^~~~~~~~~~~~~~~~~
../../src/github/sv-tests/third_party/cores/basejump_stl/bsg_cache/bsg_cache_to_test_dram.v:42:20: error: packed array is too large; maximum width is 16777215 bits
    , output logic [num_cache_p-1:0][dma_data_width_p-1:0] dma_data_o
                   ^~~~~~~~~~~~~~~~~
../../src/github/sv-tests/third_party/cores/basejump_stl/bsg_cache/bsg_cache_to_test_dram.v:46:13: error: packed array is too large; maximum width is 16777215 bits
    , input [num_cache_p-1:0][dma_data_width_p-1:0] dma_data_i
            ^~~~~~~~~~~~~~~~~
../../src/github/sv-tests/third_party/cores/basejump_stl/bsg_cache/bsg_cache_to_test_dram.v:75:23: error: packed array is too large; maximum width is 16777215 bits
  bsg_cache_dma_pkt_s [num_cache_p-1:0] dma_pkt;
                      ^~~~~~~~~~~~~~~~~
../../src/github/sv-tests/third_party/cores/basejump_stl/bsg_cache/bsg_cache_to_test_dram.v:89:3: error: unknown module &#39;bsg_round_robin_n_to_1&#39;
  bsg_round_robin_n_to_1 #(
  ^~~~~~~~~~~~~~~~~~~~~~
../../src/github/sv-tests/third_party/cores/basejump_stl/bsg_cache/bsg_cache_to_test_dram.v:111:3: error: unknown module &#39;bsg_counter_clear_up&#39;
  bsg_counter_clear_up #(
  ^~~~~~~~~~~~~~~~~~~~
../../src/github/sv-tests/third_party/cores/basejump_stl/bsg_cache/bsg_cache_to_test_dram.v:130:3: error: unknown module &#39;bsg_async_fifo&#39;
  bsg_async_fifo #(
  ^~~~~~~~~~~~~~
../../src/github/sv-tests/third_party/cores/basejump_stl/bsg_cache/bsg_cache_to_test_dram.v:150:3: error: unknown module &#39;bsg_cache_to_test_dram_rx&#39;
  bsg_cache_to_test_dram_rx #(
  ^~~~~~~~~~~~~~~~~~~~~~~~~
../../src/github/sv-tests/third_party/cores/basejump_stl/bsg_cache/bsg_cache_to_test_dram.v:179:3: error: unknown module &#39;bsg_cache_to_test_dram_tx&#39;
  bsg_cache_to_test_dram_tx #(
  ^~~~~~~~~~~~~~~~~~~~~~~~~
../../src/github/sv-tests/third_party/cores/basejump_stl/bsg_cache/bsg_cache_to_test_dram.v:289:11: error: value must be positive
        {(dram_channel_addr_width_p-cache_bank_addr_width_p-lg_num_cache_lp){1&#39;b0}},
          ^~~~~~~~~~~~~~~~~~~~~~~~~~~~~~~~~~~~~~~~~~~~~~~~~~~~~~~~~~~~~~~~~

Build failed: 10 errors, 0 warnings

</pre>
</body>