<head>
  <style>
    .log { font-family: "Courier New", Consolas, monospace; font-size: 80%; }
    .test-failed { background-color: #ffaaaa; }
    .test-passed { background-color: #aaffaa; }
  </style>
</head>
<body>
<h3><a href="https://github.com/MikePopoloski/slang" target="_blank">slang</a></h3>
<pre class="test-failed">
description: Tests imported from basejump
rc: 1 (means success: 0)
tags: basejump
incdirs: /tmpfs/src/github/sv-tests/third_party/cores/basejump_stl/bsg_noc /tmpfs/src/github/sv-tests/third_party/cores/basejump_stl/bsg_misc /tmpfs/src/github/sv-tests/third_party/cores/basejump_stl/bsg_misc
top_module: 
type: parsing
mode: parsing
files: <a href="../../../../third_party/cores/basejump_stl/bsg_cache/bsg_cache_non_blocking_pkg.v.html" target="file-frame">third_party/cores/basejump_stl/bsg_cache/bsg_cache_non_blocking_pkg.v</a> <a href="../../../../third_party/cores/basejump_stl/bsg_cache/bsg_cache_pkg.v.html" target="file-frame">third_party/cores/basejump_stl/bsg_cache/bsg_cache_pkg.v</a> <a href="../../../../third_party/cores/basejump_stl/bsg_misc/bsg_defines.v.html" target="file-frame">third_party/cores/basejump_stl/bsg_misc/bsg_defines.v</a> <a href="../../../../third_party/cores/basejump_stl/bsg_misc/bsg_binary_plus_one_to_gray.v.html" target="file-frame">third_party/cores/basejump_stl/bsg_misc/bsg_binary_plus_one_to_gray.v</a>
defines: 
time_elapsed: 0.004s
ram usage: 9160 KB
</pre>
<pre class="log">

slang-driver --single-unit -I /tmpfs/src/github/sv-tests/third_party/cores/basejump_stl/bsg_noc -I /tmpfs/src/github/sv-tests/third_party/cores/basejump_stl/bsg_misc -I /tmpfs/src/github/sv-tests/third_party/cores/basejump_stl/bsg_misc <a href="../../../../third_party/cores/basejump_stl/bsg_cache/bsg_cache_non_blocking_pkg.v.html" target="file-frame">third_party/cores/basejump_stl/bsg_cache/bsg_cache_non_blocking_pkg.v</a> <a href="../../../../third_party/cores/basejump_stl/bsg_cache/bsg_cache_pkg.v.html" target="file-frame">third_party/cores/basejump_stl/bsg_cache/bsg_cache_pkg.v</a> <a href="../../../../third_party/cores/basejump_stl/bsg_misc/bsg_defines.v.html" target="file-frame">third_party/cores/basejump_stl/bsg_misc/bsg_defines.v</a> <a href="../../../../third_party/cores/basejump_stl/bsg_misc/bsg_binary_plus_one_to_gray.v.html" target="file-frame">third_party/cores/basejump_stl/bsg_misc/bsg_binary_plus_one_to_gray.v</a>
Top level design units:
    bsg_binary_plus_one_to_gray

../../src/github/sv-tests/third_party/cores/basejump_stl/bsg_misc/bsg_binary_plus_one_to_gray.v:50:4: error: unknown module &#39;bsg_scan&#39;
   bsg_scan #(.width_p(width_p)
   ^~~~~~~~
../../src/github/sv-tests/third_party/cores/basejump_stl/bsg_misc/bsg_binary_plus_one_to_gray.v:55:50: error: endianness of selection must match declared range (type is &#39;logic[2:0]&#39;)
   wire [width_p:0]   temp = { 1&#39;b0, binary_scan[width_p-2:0], 1&#39;b1};
                                                 ^~~~~~~~~~~
../../src/github/sv-tests/third_party/cores/basejump_stl/bsg_misc/bsg_binary_plus_one_to_gray.v:56:43: error: endianness of selection must match declared range (type is &#39;logic[1:0]&#39;)
   wire [width_p-1:0] edge_detect = ~temp[width_p:1] &amp; temp[width_p-1:0];
                                          ^~~~~~~~~
../../src/github/sv-tests/third_party/cores/basejump_stl/bsg_misc/bsg_binary_plus_one_to_gray.v:56:61: error: endianness of selection must match declared range (type is &#39;logic[1:0]&#39;)
   wire [width_p-1:0] edge_detect = ~temp[width_p:1] &amp; temp[width_p-1:0];
                                                            ^~~~~~~~~~~

Build failed: 4 errors, 0 warnings

</pre>
</body>