<head>
  <style>
    .log { font-family: "Courier New", Consolas, monospace; font-size: 80%; }
    .test-failed { background-color: #ffaaaa; }
    .test-passed { background-color: #aaffaa; }
  </style>
</head>
<body>
<h3><a href="https://github.com/tree-sitter/tree-sitter-verilog" target="_blank">tree-sitter-verilog</a></h3>
<pre class="test-failed">
description: random stability - shuffle test
rc: 1 (means success: 0)
tags: 18.14 uvm
incdirs: /tmpfs/src/github/sv-tests/third_party/tests/uvm/src /tmpfs/src/github/sv-tests/tests/chapter-18
top_module: 
type: parsing
mode: parsing
files: <a href="../../../third_party/tests/uvm/src/uvm_pkg.sv.html" target="file-frame">third_party/tests/uvm/src/uvm_pkg.sv</a> <a href="../../../tests/chapter-18/18.14--random-stability_1.sv.html" target="file-frame">tests/chapter-18/18.14--random-stability_1.sv</a>
defines: 
time_elapsed: 0.092s
ram usage: 29944 KB
</pre>
<pre class="log">

<a href="../../../third_party/tests/uvm/src/uvm_pkg.sv.html#l-27" target="file-frame">third_party/tests/uvm/src/uvm_pkg.sv:27</a>:16: error: node type: endpackage
<a href="../../../third_party/tests/uvm/src/uvm_pkg.sv.html#l-38" target="file-frame">third_party/tests/uvm/src/uvm_pkg.sv:38</a>:10: error: node type: ;
<a href="../../../tests/chapter-18/18.14--random-stability_1.sv.html#l-20" target="file-frame">tests/chapter-18/18.14--random-stability_1.sv:20</a>:25: error: node type: =
<a href="../../../tests/chapter-18/18.14--random-stability_1.sv.html#l-24" target="file-frame">tests/chapter-18/18.14--random-stability_1.sv:24</a>:18: error: node type: ++
<a href="../../../tests/chapter-18/18.14--random-stability_1.sv.html#l-25" target="file-frame">tests/chapter-18/18.14--random-stability_1.sv:25</a>:21: error: node type: =
<a href="../../../tests/chapter-18/18.14--random-stability_1.sv.html#l-26" target="file-frame">tests/chapter-18/18.14--random-stability_1.sv:26</a>:18: error: node type: ++
<a href="../../../tests/chapter-18/18.14--random-stability_1.sv.html#l-29" target="file-frame">tests/chapter-18/18.14--random-stability_1.sv:29</a>:8: error: node type: ERROR
<a href="../../../tests/chapter-18/18.14--random-stability_1.sv.html#l-29" target="file-frame">tests/chapter-18/18.14--random-stability_1.sv:29</a>:17: error: node type: ERROR
<a href="../../../tests/chapter-18/18.14--random-stability_1.sv.html#l-29" target="file-frame">tests/chapter-18/18.14--random-stability_1.sv:29</a>:25: error: node type: ERROR
<a href="../../../tests/chapter-18/18.14--random-stability_1.sv.html#l-29" target="file-frame">tests/chapter-18/18.14--random-stability_1.sv:29</a>:79: error: node type: ERROR
<a href="../../../tests/chapter-18/18.14--random-stability_1.sv.html#l-31" target="file-frame">tests/chapter-18/18.14--random-stability_1.sv:31</a>:8: error: node type: ERROR
<a href="../../../tests/chapter-18/18.14--random-stability_1.sv.html#l-31" target="file-frame">tests/chapter-18/18.14--random-stability_1.sv:31</a>:18: error: node type: simple_identifier
<a href="../../../tests/chapter-18/18.14--random-stability_1.sv.html#l-34" target="file-frame">tests/chapter-18/18.14--random-stability_1.sv:34</a>:24: error: node type: =
<a href="../../../tests/chapter-18/18.14--random-stability_1.sv.html#l-45" target="file-frame">tests/chapter-18/18.14--random-stability_1.sv:45</a>:12: error: node type: simple_identifier

</pre>
</body>