<head>
  <style>
    .log { font-family: "Courier New", Consolas, monospace; font-size: 80%; }
    .test-failed { background-color: #ffaaaa; }
    .test-passed { background-color: #aaffaa; }
  </style>
</head>
<body>
<h3><a href="https://github.com/tree-sitter/tree-sitter-verilog" target="_blank">tree-sitter-verilog</a></h3>
<pre class="test-failed">
description: in-line constraint checker test
rc: 1 (means success: 0)
tags: 18.11.1 uvm
incdirs: /tmpfs/src/github/sv-tests/third_party/tests/uvm/src /tmpfs/src/github/sv-tests/tests/chapter-18
top_module: 
type: parsing
mode: parsing
files: <a href="../../../third_party/tests/uvm/src/uvm_pkg.sv.html" target="file-frame">third_party/tests/uvm/src/uvm_pkg.sv</a> <a href="../../../tests/chapter-18/18.11.1--in-line-constraint-checker_0.sv.html" target="file-frame">tests/chapter-18/18.11.1--in-line-constraint-checker_0.sv</a>
defines: 
time_elapsed: 0.101s
ram usage: 29688 KB
</pre>
<pre class="log">

<a href="../../../third_party/tests/uvm/src/uvm_pkg.sv.html#l-27" target="file-frame">third_party/tests/uvm/src/uvm_pkg.sv:27</a>:16: error: node type: endpackage
<a href="../../../third_party/tests/uvm/src/uvm_pkg.sv.html#l-38" target="file-frame">third_party/tests/uvm/src/uvm_pkg.sv:38</a>:10: error: node type: ;
<a href="../../../tests/chapter-18/18.11.1--in-line-constraint-checker_0.sv.html#l-27" target="file-frame">tests/chapter-18/18.11.1--in-line-constraint-checker_0.sv:27</a>:25: error: node type: =
<a href="../../../tests/chapter-18/18.11.1--in-line-constraint-checker_0.sv.html#l-34" target="file-frame">tests/chapter-18/18.11.1--in-line-constraint-checker_0.sv:34</a>:8: error: node type: ERROR
<a href="../../../tests/chapter-18/18.11.1--in-line-constraint-checker_0.sv.html#l-34" target="file-frame">tests/chapter-18/18.11.1--in-line-constraint-checker_0.sv:34</a>:17: error: node type: ERROR
<a href="../../../tests/chapter-18/18.11.1--in-line-constraint-checker_0.sv.html#l-34" target="file-frame">tests/chapter-18/18.11.1--in-line-constraint-checker_0.sv:34</a>:25: error: node type: ERROR
<a href="../../../tests/chapter-18/18.11.1--in-line-constraint-checker_0.sv.html#l-34" target="file-frame">tests/chapter-18/18.11.1--in-line-constraint-checker_0.sv:34</a>:85: error: node type: ERROR
<a href="../../../tests/chapter-18/18.11.1--in-line-constraint-checker_0.sv.html#l-36" target="file-frame">tests/chapter-18/18.11.1--in-line-constraint-checker_0.sv:36</a>:8: error: node type: ERROR
<a href="../../../tests/chapter-18/18.11.1--in-line-constraint-checker_0.sv.html#l-36" target="file-frame">tests/chapter-18/18.11.1--in-line-constraint-checker_0.sv:36</a>:18: error: node type: simple_identifier
<a href="../../../tests/chapter-18/18.11.1--in-line-constraint-checker_0.sv.html#l-39" target="file-frame">tests/chapter-18/18.11.1--in-line-constraint-checker_0.sv:39</a>:24: error: node type: =
<a href="../../../tests/chapter-18/18.11.1--in-line-constraint-checker_0.sv.html#l-50" target="file-frame">tests/chapter-18/18.11.1--in-line-constraint-checker_0.sv:50</a>:12: error: node type: simple_identifier

</pre>
</body>