<head>
  <style>
    .log { font-family: "Courier New", Consolas, monospace; font-size: 80%; }
    .test-failed { background-color: #ffaaaa; }
    .test-passed { background-color: #aaffaa; }
  </style>
</head>
<body>
<h3><a href="https://github.com/tree-sitter/tree-sitter-verilog" target="_blank">tree-sitter-verilog</a></h3>
<pre class="test-failed">
description: randsequence test
rc: 1 (means success: 0)
tags: 18.17
incdirs: /tmpfs/src/github/sv-tests/tests/chapter-18
top_module: 
type: parsing
mode: parsing
files: <a href="../../../tests/chapter-18/18.17--random-sequence-generation-randsequence_0.sv.html" target="file-frame">tests/chapter-18/18.17--random-sequence-generation-randsequence_0.sv</a>
defines: 
time_elapsed: 0.091s
ram usage: 18100 KB
</pre>
<pre class="log">

<a href="../../../tests/chapter-18/18.17--random-sequence-generation-randsequence_0.sv.html#l-8" target="file-frame">tests/chapter-18/18.17--random-sequence-generation-randsequence_0.sv:8</a>:16: error: node type: simple_identifier
<a href="../../../tests/chapter-18/18.17--random-sequence-generation-randsequence_0.sv.html#l-8" target="file-frame">tests/chapter-18/18.17--random-sequence-generation-randsequence_0.sv:8</a>:24: error: node type: ;
<a href="../../../tests/chapter-18/18.17--random-sequence-generation-randsequence_0.sv.html#l-9" target="file-frame">tests/chapter-18/18.17--random-sequence-generation-randsequence_0.sv:9</a>:8: error: node type: ERROR
<a href="../../../tests/chapter-18/18.17--random-sequence-generation-randsequence_0.sv.html#l-10" target="file-frame">tests/chapter-18/18.17--random-sequence-generation-randsequence_0.sv:10</a>:19: error: node type: }
<a href="../../../tests/chapter-18/18.17--random-sequence-generation-randsequence_0.sv.html#l-10" target="file-frame">tests/chapter-18/18.17--random-sequence-generation-randsequence_0.sv:10</a>:29: error: node type: ERROR
<a href="../../../tests/chapter-18/18.17--random-sequence-generation-randsequence_0.sv.html#l-11" target="file-frame">tests/chapter-18/18.17--random-sequence-generation-randsequence_0.sv:11</a>:20: error: node type: }
<a href="../../../tests/chapter-18/18.17--random-sequence-generation-randsequence_0.sv.html#l-11" target="file-frame">tests/chapter-18/18.17--random-sequence-generation-randsequence_0.sv:11</a>:30: error: node type: ERROR
<a href="../../../tests/chapter-18/18.17--random-sequence-generation-randsequence_0.sv.html#l-12" target="file-frame">tests/chapter-18/18.17--random-sequence-generation-randsequence_0.sv:12</a>:18: error: node type: }
<a href="../../../tests/chapter-18/18.17--random-sequence-generation-randsequence_0.sv.html#l-12" target="file-frame">tests/chapter-18/18.17--random-sequence-generation-randsequence_0.sv:12</a>:28: error: node type: ERROR
<a href="../../../tests/chapter-18/18.17--random-sequence-generation-randsequence_0.sv.html#l-13" target="file-frame">tests/chapter-18/18.17--random-sequence-generation-randsequence_0.sv:13</a>:4: error: node type: ERROR

</pre>
</body>