<head>
  <style>
    .log { font-family: "Courier New", Consolas, monospace; font-size: 80%; }
    .test-failed { background-color: #ffaaaa; }
    .test-passed { background-color: #aaffaa; }
  </style>
</head>
<body>
<h3><a href="https://github.com/tree-sitter/tree-sitter-verilog" target="_blank">tree-sitter-verilog</a></h3>
<pre class="test-failed">
description: in-line constraints test - randomize()
rc: 1 (means success: 0)
tags: 18.7 uvm
incdirs: /tmpfs/src/github/sv-tests/third_party/tests/uvm/src /tmpfs/src/github/sv-tests/tests/chapter-18
top_module: 
type: parsing
mode: parsing
files: <a href="../../../third_party/tests/uvm/src/uvm_pkg.sv.html" target="file-frame">third_party/tests/uvm/src/uvm_pkg.sv</a> <a href="../../../tests/chapter-18/18.7--in-line-constraints--randomize_4.sv.html" target="file-frame">tests/chapter-18/18.7--in-line-constraints--randomize_4.sv</a>
defines: 
time_elapsed: 0.108s
ram usage: 30640 KB
</pre>
<pre class="log">

<a href="../../../third_party/tests/uvm/src/uvm_pkg.sv.html#l-27" target="file-frame">third_party/tests/uvm/src/uvm_pkg.sv:27</a>:16: error: node type: endpackage
<a href="../../../third_party/tests/uvm/src/uvm_pkg.sv.html#l-38" target="file-frame">third_party/tests/uvm/src/uvm_pkg.sv:38</a>:10: error: node type: ;
<a href="../../../tests/chapter-18/18.7--in-line-constraints--randomize_4.sv.html#l-27" target="file-frame">tests/chapter-18/18.7--in-line-constraints--randomize_4.sv:27</a>:25: error: node type: =
<a href="../../../tests/chapter-18/18.7--in-line-constraints--randomize_4.sv.html#l-30" target="file-frame">tests/chapter-18/18.7--in-line-constraints--randomize_4.sv:30</a>:7: error: node type: simple_identifier
<a href="../../../tests/chapter-18/18.7--in-line-constraints--randomize_4.sv.html#l-32" target="file-frame">tests/chapter-18/18.7--in-line-constraints--randomize_4.sv:32</a>:8: error: node type: ERROR
<a href="../../../tests/chapter-18/18.7--in-line-constraints--randomize_4.sv.html#l-32" target="file-frame">tests/chapter-18/18.7--in-line-constraints--randomize_4.sv:32</a>:17: error: node type: ERROR
<a href="../../../tests/chapter-18/18.7--in-line-constraints--randomize_4.sv.html#l-32" target="file-frame">tests/chapter-18/18.7--in-line-constraints--randomize_4.sv:32</a>:25: error: node type: ERROR
<a href="../../../tests/chapter-18/18.7--in-line-constraints--randomize_4.sv.html#l-32" target="file-frame">tests/chapter-18/18.7--in-line-constraints--randomize_4.sv:32</a>:77: error: node type: ERROR
<a href="../../../tests/chapter-18/18.7--in-line-constraints--randomize_4.sv.html#l-34" target="file-frame">tests/chapter-18/18.7--in-line-constraints--randomize_4.sv:34</a>:8: error: node type: ERROR
<a href="../../../tests/chapter-18/18.7--in-line-constraints--randomize_4.sv.html#l-34" target="file-frame">tests/chapter-18/18.7--in-line-constraints--randomize_4.sv:34</a>:18: error: node type: simple_identifier
<a href="../../../tests/chapter-18/18.7--in-line-constraints--randomize_4.sv.html#l-37" target="file-frame">tests/chapter-18/18.7--in-line-constraints--randomize_4.sv:37</a>:24: error: node type: =
<a href="../../../tests/chapter-18/18.7--in-line-constraints--randomize_4.sv.html#l-48" target="file-frame">tests/chapter-18/18.7--in-line-constraints--randomize_4.sv:48</a>:12: error: node type: simple_identifier

</pre>
</body>