<head>
  <style>
    .log { font-family: "Courier New", Consolas, monospace; font-size: 80%; }
    .test-failed { background-color: #ffaaaa; }
    .test-passed { background-color: #aaffaa; }
  </style>
</head>
<body>
<h3><a href="https://github.com/tree-sitter/tree-sitter-verilog" target="_blank">tree-sitter-verilog</a></h3>
<pre class="test-failed">
description: Tests imported from basejump
rc: 1 (means success: 0)
tags: basejump
incdirs: /tmpfs/src/github/sv-tests/third_party/cores/basejump_stl/bsg_noc /tmpfs/src/github/sv-tests/third_party/cores/basejump_stl/bsg_misc /tmpfs/src/github/sv-tests/third_party/cores/basejump_stl/bsg_test
top_module: 
type: parsing
mode: parsing
files: <a href="../../../../third_party/cores/basejump_stl/bsg_cache/bsg_cache_non_blocking_pkg.v.html" target="file-frame">third_party/cores/basejump_stl/bsg_cache/bsg_cache_non_blocking_pkg.v</a> <a href="../../../../third_party/cores/basejump_stl/bsg_cache/bsg_cache_pkg.v.html" target="file-frame">third_party/cores/basejump_stl/bsg_cache/bsg_cache_pkg.v</a> <a href="../../../../third_party/cores/basejump_stl/bsg_misc/bsg_defines.v.html" target="file-frame">third_party/cores/basejump_stl/bsg_misc/bsg_defines.v</a> <a href="../../../../third_party/cores/basejump_stl/bsg_test/bsg_nonsynth_clock_gen.v.html" target="file-frame">third_party/cores/basejump_stl/bsg_test/bsg_nonsynth_clock_gen.v</a>
defines: 
time_elapsed: 0.106s
ram usage: 27472 KB
</pre>
<pre class="log">

<a href="../../../../third_party/cores/basejump_stl/bsg_cache/bsg_cache_non_blocking_pkg.v.html#l-48" target="file-frame">third_party/cores/basejump_stl/bsg_cache/bsg_cache_non_blocking_pkg.v:48</a>:4: error: node type: endpackage
<a href="../../../../third_party/cores/basejump_stl/bsg_cache/bsg_cache_non_blocking_pkg.v.html#l-288" target="file-frame">third_party/cores/basejump_stl/bsg_cache/bsg_cache_non_blocking_pkg.v:288</a>:0: error: node type: ERROR
<a href="../../../../third_party/cores/basejump_stl/bsg_cache/bsg_cache_pkg.v.html#l-95" target="file-frame">third_party/cores/basejump_stl/bsg_cache/bsg_cache_pkg.v:95</a>:4: error: node type: endpackage
<a href="../../../../third_party/cores/basejump_stl/bsg_cache/bsg_cache_pkg.v.html#l-192" target="file-frame">third_party/cores/basejump_stl/bsg_cache/bsg_cache_pkg.v:192</a>:0: error: node type: ERROR
<a href="../../../../third_party/cores/basejump_stl/bsg_test/bsg_nonsynth_clock_gen.v.html#l-12" target="file-frame">third_party/cores/basejump_stl/bsg_test/bsg_nonsynth_clock_gen.v:12</a>:4: error: node type: ERROR
<a href="../../../../third_party/cores/basejump_stl/bsg_test/bsg_nonsynth_clock_gen.v.html#l-12" target="file-frame">third_party/cores/basejump_stl/bsg_test/bsg_nonsynth_clock_gen.v:12</a>:17: error: node type: ERROR
<a href="../../../../third_party/cores/basejump_stl/bsg_test/bsg_nonsynth_clock_gen.v.html#l-12" target="file-frame">third_party/cores/basejump_stl/bsg_test/bsg_nonsynth_clock_gen.v:12</a>:49: error: node type: ERROR
<a href="../../../../third_party/cores/basejump_stl/bsg_test/bsg_nonsynth_clock_gen.v.html#l-13" target="file-frame">third_party/cores/basejump_stl/bsg_test/bsg_nonsynth_clock_gen.v:13</a>:11: error: node type: ERROR
<a href="../../../../third_party/cores/basejump_stl/bsg_test/bsg_nonsynth_clock_gen.v.html#l-21" target="file-frame">third_party/cores/basejump_stl/bsg_test/bsg_nonsynth_clock_gen.v:21</a>:15: error: node type: end
<a href="../../../../third_party/cores/basejump_stl/bsg_test/bsg_nonsynth_clock_gen.v.html#l-23" target="file-frame">third_party/cores/basejump_stl/bsg_test/bsg_nonsynth_clock_gen.v:23</a>:5: error: node type: ;

</pre>
</body>