<head>
  <style>
    .log { font-family: "Courier New", Consolas, monospace; font-size: 80%; }
    .test-failed { background-color: #ffaaaa; }
    .test-passed { background-color: #aaffaa; }
  </style>
</head>
<body>
<h3><a href="https://github.com/tree-sitter/tree-sitter-verilog" target="_blank">tree-sitter-verilog</a></h3>
<pre class="test-failed">
description: Tests imported from basejump
rc: 1 (means success: 0)
tags: basejump
incdirs: /tmpfs/src/github/sv-tests/third_party/cores/basejump_stl/bsg_noc /tmpfs/src/github/sv-tests/third_party/cores/basejump_stl/bsg_misc /tmpfs/src/github/sv-tests/third_party/cores/basejump_stl/bsg_test
top_module: 
type: parsing
mode: parsing
files: <a href="../../../../third_party/cores/basejump_stl/bsg_cache/bsg_cache_non_blocking_pkg.v.html" target="file-frame">third_party/cores/basejump_stl/bsg_cache/bsg_cache_non_blocking_pkg.v</a> <a href="../../../../third_party/cores/basejump_stl/bsg_cache/bsg_cache_pkg.v.html" target="file-frame">third_party/cores/basejump_stl/bsg_cache/bsg_cache_pkg.v</a> <a href="../../../../third_party/cores/basejump_stl/bsg_misc/bsg_defines.v.html" target="file-frame">third_party/cores/basejump_stl/bsg_misc/bsg_defines.v</a> <a href="../../../../third_party/cores/basejump_stl/bsg_test/bsg_dramsim3_pkg.v.html" target="file-frame">third_party/cores/basejump_stl/bsg_test/bsg_dramsim3_pkg.v</a>
defines: 
time_elapsed: 0.092s
ram usage: 23352 KB
</pre>
<pre class="log">

<a href="../../../../third_party/cores/basejump_stl/bsg_cache/bsg_cache_non_blocking_pkg.v.html#l-46" target="file-frame">third_party/cores/basejump_stl/bsg_cache/bsg_cache_non_blocking_pkg.v:46</a>:4: error: node type: endpackage
<a href="../../../../third_party/cores/basejump_stl/bsg_cache/bsg_cache_non_blocking_pkg.v.html#l-286" target="file-frame">third_party/cores/basejump_stl/bsg_cache/bsg_cache_non_blocking_pkg.v:286</a>:0: error: node type: ERROR
<a href="../../../../third_party/cores/basejump_stl/bsg_cache/bsg_cache_pkg.v.html#l-93" target="file-frame">third_party/cores/basejump_stl/bsg_cache/bsg_cache_pkg.v:93</a>:4: error: node type: endpackage
<a href="../../../../third_party/cores/basejump_stl/bsg_cache/bsg_cache_pkg.v.html#l-190" target="file-frame">third_party/cores/basejump_stl/bsg_cache/bsg_cache_pkg.v:190</a>:0: error: node type: ERROR
<a href="../../../../third_party/cores/basejump_stl/bsg_test/bsg_dramsim3_pkg.v.html#l-0" target="file-frame">third_party/cores/basejump_stl/bsg_test/bsg_dramsim3_pkg.v:0</a>:25: error: node type: endpackage
<a href="../../../../third_party/cores/basejump_stl/bsg_test/bsg_dramsim3_pkg.v.html#l-4" target="file-frame">third_party/cores/basejump_stl/bsg_test/bsg_dramsim3_pkg.v:4</a>:31: error: node type: ERROR
<a href="../../../../third_party/cores/basejump_stl/bsg_test/bsg_dramsim3_pkg.v.html#l-14" target="file-frame">third_party/cores/basejump_stl/bsg_test/bsg_dramsim3_pkg.v:14</a>:0: error: node type: ERROR
<a href="../../../../third_party/cores/basejump_stl/bsg_test/bsg_dramsim3_pkg.v.html#l-28" target="file-frame">third_party/cores/basejump_stl/bsg_test/bsg_dramsim3_pkg.v:28</a>:0: error: node type: ERROR
<a href="../../../../third_party/cores/basejump_stl/bsg_test/bsg_dramsim3_pkg.v.html#l-39" target="file-frame">third_party/cores/basejump_stl/bsg_test/bsg_dramsim3_pkg.v:39</a>:44: error: node type: ;

</pre>
</body>