<head>
  <style>
    .log { font-family: "Courier New", Consolas, monospace; font-size: 80%; }
    .test-failed { background-color: #ffaaaa; }
    .test-passed { background-color: #aaffaa; }
  </style>
</head>
<body>
<h3><a href="https://github.com/alainmarcel/uhdm-integration" target="_blank">yosys-uhdm</a></h3>
<pre class="test-failed">
description: Test imported from ivtest
rc: 1 (means success: 0)
should_fail_because: 
tags: ivtest
incdirs: /tmpfs/src/github/sv-tests/third_party/tests/ivtest /tmpfs/src/github/sv-tests/third_party/tests/ivtest/ivltests
top_module: 
type: parsing
mode: parsing
files: <a href="../../../../third_party/tests/ivtest/ivltests/br1025.v.html" target="file-frame">third_party/tests/ivtest/ivltests/br1025.v</a>
defines: 
time_elapsed: 1.324s
ram usage: 42368 KB
</pre>
<pre class="log">

sh /tmpfs/tmp/tmpi8j2za24/scr.sh
+ surelog-uhdm -nopython -nobuiltin -parse -sverilog -I/tmpfs/src/github/sv-tests/third_party/tests/ivtest -I/tmpfs/src/github/sv-tests/third_party/tests/ivtest/ivltests <a href="../../../../third_party/tests/ivtest/ivltests/br1025.v.html" target="file-frame">third_party/tests/ivtest/ivltests/br1025.v</a>
[INF:CM0023] Creating log file ./slpp_all/surelog.log.

[WRN:PA0205] <a href="../../../../third_party/tests/ivtest/ivltests/br1025.v.html#l-15" target="file-frame">third_party/tests/ivtest/ivltests/br1025.v:15</a>: No timescale set for &#34;bug&#34;.

[INF:CP0300] Compilation...

[INF:CP0303] <a href="../../../../third_party/tests/ivtest/ivltests/br1025.v.html#l-15" target="file-frame">third_party/tests/ivtest/ivltests/br1025.v:15</a>: Compile module &#34;work@bug&#34;.

[INF:EL0526] Design Elaboration...

[NTE:EL0503] <a href="../../../../third_party/tests/ivtest/ivltests/br1025.v.html#l-15" target="file-frame">third_party/tests/ivtest/ivltests/br1025.v:15</a>: Top level module &#34;work@bug&#34;.

[NTE:EL0508] Nb Top level modules: 1.

[NTE:EL0509] Max instance depth: 1.

[NTE:EL0510] Nb instances: 1.

[NTE:EL0511] Nb leaf instances: 0.

[  FATAL] : 0
[ SYNTAX] : 0
[  ERROR] : 0
[WARNING] : 1
[   NOTE] : 5
+ cat /tmpfs/tmp/tmpi8j2za24/yosys-script
read_uhdm slpp_all/surelog.uhdm
hierarchy -check -top \work_bug
proc
check
memory_dff
memory_collect
stat
check
write_json
write_verilog
+ yosys-uhdm -s /tmpfs/tmp/tmpi8j2za24/yosys-script

 /----------------------------------------------------------------------------\
 |                                                                            |
 |  yosys -- Yosys Open SYnthesis Suite                                       |
 |                                                                            |
 |  Copyright (C) 2012 - 2020  Claire Wolf &lt;claire@symbioticeda.com&gt;          |
 |                                                                            |
 |  Permission to use, copy, modify, and/or distribute this software for any  |
 |  purpose with or without fee is hereby granted, provided that the above    |
 |  copyright notice and this permission notice appear in all copies.         |
 |                                                                            |
 |  THE SOFTWARE IS PROVIDED &#34;AS IS&#34; AND THE AUTHOR DISCLAIMS ALL WARRANTIES  |
 |  WITH REGARD TO THIS SOFTWARE INCLUDING ALL IMPLIED WARRANTIES OF          |
 |  MERCHANTABILITY AND FITNESS. IN NO EVENT SHALL THE AUTHOR BE LIABLE FOR   |
 |  ANY SPECIAL, DIRECT, INDIRECT, OR CONSEQUENTIAL DAMAGES OR ANY DAMAGES    |
 |  WHATSOEVER RESULTING FROM LOSS OF USE, DATA OR PROFITS, WHETHER IN AN     |
 |  ACTION OF CONTRACT, NEGLIGENCE OR OTHER TORTIOUS ACTION, ARISING OUT OF   |
 |  OR IN CONNECTION WITH THE USE OR PERFORMANCE OF THIS SOFTWARE.            |
 |                                                                            |
 \----------------------------------------------------------------------------/

 Yosys 0.9+2406 (git sha1 0a06379e, clang 7.0.0 -fvisibility-inlines-hidden -fmessage-length=0 -march=nocona -mtune=haswell -ftree-vectorize -fPIC -fstack-protector-strong -fno-plt -O2 -ffunction-sections -fdebug-prefix-map=/tmp/really-really-really-really-really-really-really-really-really-really-really-really-really-long-path/conda/conda-bld/uhdm-integration_1593156724456/work=/usr/local/src/conda/uhdm-integration-0.0_0080_g5facd9a -fdebug-prefix-map=/home/kbuilder/miniconda/envs/sv-test-env=/usr/local/src/conda-prefix -fPIC -Os)


-- Executing script file `/tmpfs/tmp/tmpi8j2za24/yosys-script&#39; --

1. Executing UHDM frontend.
design: (work@bug)
 |vpiName:work@bug
 |uhdmallPackages:
 \_package: builtin, parent:work@bug
   |vpiDefName:builtin
   |vpiFullName:builtin
 |uhdmallClasses:
 \_class_defn: (builtin::array)
   |vpiName:builtin::array
   |vpiFullName:builtin.builtin::array
 |uhdmallClasses:
 \_class_defn: (builtin::queue)
   |vpiName:builtin::queue
   |vpiFullName:builtin.builtin::queue
 |uhdmallClasses:
 \_class_defn: (builtin::string)
   |vpiName:builtin::string
   |vpiFullName:builtin.builtin::string
 |uhdmallClasses:
 \_class_defn: (builtin::system)
   |vpiName:builtin::system
   |vpiFullName:builtin.builtin::system
 |uhdmallModules:
 \_module: work@bug, file:<a href="../../../../third_party/tests/ivtest/ivltests/br1025.v.html" target="file-frame">third_party/tests/ivtest/ivltests/br1025.v</a>, line:15, parent:work@bug
   |vpiDefName:work@bug
   |vpiFullName:work@bug
   |vpiProcess:
   \_initial: 
     |vpiStmt:
     \_begin: , line:21
       |vpiFullName:work@bug
       |vpiStmt:
       \_delay_control: , line:22
         |#0
         |vpiStmt:
         \_sys_func_call: ($display), line:22
           |vpiName:$display
           |vpiArgument:
           \_constant: , line:22
             |vpiConstType:6
             |vpiDecompile:&#34;sum = %0d&#34;
             |vpiSize:11
             |STRING:&#34;sum = %0d&#34;
           |vpiArgument:
           \_ref_obj: (sum), line:22
             |vpiName:sum
       |vpiStmt:
       \_if_else: , line:23
         |vpiCondition:
         \_operation: , line:23
           |vpiOpType:16
           |vpiOperand:
           \_ref_obj: (sum), line:23
             |vpiName:sum
             |vpiFullName:work@bug.sum
           |vpiOperand:
           \_constant: , line:23
             |vpiConstType:7
             |vpiDecompile:45
             |vpiSize:32
             |INT:45
         |vpiStmt:
         \_sys_func_call: ($display), line:24
           |vpiName:$display
           |vpiArgument:
           \_constant: , line:24
             |vpiConstType:6
             |vpiDecompile:&#34;PASSED&#34;
             |vpiSize:8
             |STRING:&#34;PASSED&#34;
         |vpiElseStmt:
         \_sys_func_call: ($display), line:26
           |vpiName:$display
           |vpiArgument:
           \_constant: , line:26
             |vpiConstType:6
             |vpiDecompile:&#34;FAILED&#34;
             |vpiSize:8
             |STRING:&#34;FAILED&#34;
   |vpiContAssign:
   \_cont_assign: , line:19
     |vpiRhs:
     \_func_call: (f), line:19
       |vpiName:f
       |vpiArgument:
       \_constant: , line:19
         |vpiConstType:7
         |vpiDecompile:10
         |vpiSize:32
         |INT:10
     |vpiLhs:
     \_ref_obj: (sum), line:19
       |vpiName:sum
       |vpiFullName:work@bug.sum
       |vpiActual:
       \_logic_net: (sum), line:17
         |vpiName:sum
         |vpiFullName:work@bug.sum
   |vpiNet:
   \_logic_net: (sum), line:17
 |uhdmtopModules:
 \_module: work@bug (work@bug), file:<a href="../../../../third_party/tests/ivtest/ivltests/br1025.v.html" target="file-frame">third_party/tests/ivtest/ivltests/br1025.v</a>, line:15
   |vpiDefName:work@bug
   |vpiName:work@bug
   |vpiNet:
   \_logic_net: (sum), line:17, parent:work@bug
     |vpiName:sum
     |vpiFullName:work@bug.sum
Object: \work_bug of type 3000
Object: \work_bug of type 32
Object: \sum of type 36
Object: \work_bug of type 32
Object:  of type 8
Object: \sum of type 608
Object: \sum of type 36
Object: \f of type 19
Object:  of type 7
Object:  of type 24
Object:  of type 4
Object:  of type 11
ERROR: Encountered unhandled object type: 11

</pre>
</body>