<head>
  <style>
    .log { font-family: "Courier New", Consolas, monospace; font-size: 80%; }
    .test-failed { background-color: #ffaaaa; }
    .test-passed { background-color: #aaffaa; }
  </style>
</head>
<body>
<h3><a href="https://github.com/alainmarcel/uhdm-integration" target="_blank">yosys-uhdm</a></h3>
<pre class="test-failed">
description: Test imported from ivtest
rc: 1 (means success: 0)
should_fail_because: 
tags: ivtest
incdirs: /tmpfs/src/github/sv-tests/third_party/tests/ivtest /tmpfs/src/github/sv-tests/third_party/tests/ivtest/ivltests
top_module: 
type: parsing
mode: parsing
files: <a href="../../../../third_party/tests/ivtest/ivltests/br943_944.v.html" target="file-frame">third_party/tests/ivtest/ivltests/br943_944.v</a>
defines: 
time_elapsed: 1.360s
ram usage: 39444 KB
</pre>
<pre class="log">

sh /tmpfs/tmp/tmp4ztryiq_/scr.sh
+ surelog-uhdm -nopython -nobuiltin -parse -sverilog -I/tmpfs/src/github/sv-tests/third_party/tests/ivtest -I/tmpfs/src/github/sv-tests/third_party/tests/ivtest/ivltests <a href="../../../../third_party/tests/ivtest/ivltests/br943_944.v.html" target="file-frame">third_party/tests/ivtest/ivltests/br943_944.v</a>
[INF:CM0023] Creating log file ./slpp_all/surelog.log.

[WRN:PA0205] <a href="../../../../third_party/tests/ivtest/ivltests/br943_944.v.html#l-24" target="file-frame">third_party/tests/ivtest/ivltests/br943_944.v:24</a>: No timescale set for &#34;bg943_test&#34;.

[INF:CP0300] Compilation...

[INF:CP0303] <a href="../../../../third_party/tests/ivtest/ivltests/br943_944.v.html#l-24" target="file-frame">third_party/tests/ivtest/ivltests/br943_944.v:24</a>: Compile module &#34;work@bg943_test&#34;.

[INF:EL0526] Design Elaboration...

[NTE:EL0503] <a href="../../../../third_party/tests/ivtest/ivltests/br943_944.v.html#l-24" target="file-frame">third_party/tests/ivtest/ivltests/br943_944.v:24</a>: Top level module &#34;work@bg943_test&#34;.

[WRN:EL0500] <a href="../../../../third_party/tests/ivtest/ivltests/br943_944.v.html#l-26" target="file-frame">third_party/tests/ivtest/ivltests/br943_944.v:26</a>: Cannot find a module definition for &#34;work@bg943_test::e&#34;.

[NTE:EL0508] Nb Top level modules: 1.

[NTE:EL0509] Max instance depth: 2.

[NTE:EL0510] Nb instances: 2.

[NTE:EL0511] Nb leaf instances: 1.

[WRN:EL0512] Nb undefined modules: 1.

[WRN:EL0513] Nb undefined instances: 1.

[  FATAL] : 0
[ SYNTAX] : 0
[  ERROR] : 0
[WARNING] : 4
[   NOTE] : 5
+ cat /tmpfs/tmp/tmp4ztryiq_/yosys-script
read_uhdm slpp_all/surelog.uhdm
hierarchy -check -top \work_bg943_test
proc
check
memory_dff
memory_collect
stat
check
write_json
write_verilog
+ yosys-uhdm -s /tmpfs/tmp/tmp4ztryiq_/yosys-script

 /----------------------------------------------------------------------------\
 |                                                                            |
 |  yosys -- Yosys Open SYnthesis Suite                                       |
 |                                                                            |
 |  Copyright (C) 2012 - 2020  Claire Wolf &lt;claire@symbioticeda.com&gt;          |
 |                                                                            |
 |  Permission to use, copy, modify, and/or distribute this software for any  |
 |  purpose with or without fee is hereby granted, provided that the above    |
 |  copyright notice and this permission notice appear in all copies.         |
 |                                                                            |
 |  THE SOFTWARE IS PROVIDED &#34;AS IS&#34; AND THE AUTHOR DISCLAIMS ALL WARRANTIES  |
 |  WITH REGARD TO THIS SOFTWARE INCLUDING ALL IMPLIED WARRANTIES OF          |
 |  MERCHANTABILITY AND FITNESS. IN NO EVENT SHALL THE AUTHOR BE LIABLE FOR   |
 |  ANY SPECIAL, DIRECT, INDIRECT, OR CONSEQUENTIAL DAMAGES OR ANY DAMAGES    |
 |  WHATSOEVER RESULTING FROM LOSS OF USE, DATA OR PROFITS, WHETHER IN AN     |
 |  ACTION OF CONTRACT, NEGLIGENCE OR OTHER TORTIOUS ACTION, ARISING OUT OF   |
 |  OR IN CONNECTION WITH THE USE OR PERFORMANCE OF THIS SOFTWARE.            |
 |                                                                            |
 \----------------------------------------------------------------------------/

 Yosys 0.9+2406 (git sha1 0a06379e, clang 7.0.0 -fvisibility-inlines-hidden -fmessage-length=0 -march=nocona -mtune=haswell -ftree-vectorize -fPIC -fstack-protector-strong -fno-plt -O2 -ffunction-sections -fdebug-prefix-map=/tmp/really-really-really-really-really-really-really-really-really-really-really-really-really-long-path/conda/conda-bld/uhdm-integration_1593156724456/work=/usr/local/src/conda/uhdm-integration-0.0_0080_g5facd9a -fdebug-prefix-map=/home/kbuilder/miniconda/envs/sv-test-env=/usr/local/src/conda-prefix -fPIC -Os)


-- Executing script file `/tmpfs/tmp/tmp4ztryiq_/yosys-script&#39; --

1. Executing UHDM frontend.
design: (work@bg943_test)
 |vpiName:work@bg943_test
 |uhdmallPackages:
 \_package: builtin, parent:work@bg943_test
   |vpiDefName:builtin
   |vpiFullName:builtin
 |uhdmallClasses:
 \_class_defn: (builtin::array)
   |vpiName:builtin::array
   |vpiFullName:builtin.builtin::array
 |uhdmallClasses:
 \_class_defn: (builtin::queue)
   |vpiName:builtin::queue
   |vpiFullName:builtin.builtin::queue
 |uhdmallClasses:
 \_class_defn: (builtin::string)
   |vpiName:builtin::string
   |vpiFullName:builtin.builtin::string
 |uhdmallClasses:
 \_class_defn: (builtin::system)
   |vpiName:builtin::system
   |vpiFullName:builtin.builtin::system
 |uhdmallModules:
 \_module: work@bg943_test, file:<a href="../../../../third_party/tests/ivtest/ivltests/br943_944.v.html" target="file-frame">third_party/tests/ivtest/ivltests/br943_944.v</a>, line:24, parent:work@bg943_test
   |vpiDefName:work@bg943_test
   |vpiFullName:work@bg943_test
   |vpiProcess:
   \_initial: 
     |vpiStmt:
     \_begin: , line:28
       |vpiFullName:work@bg943_test
       |vpiStmt:
       \_assignment: , line:29
         |vpiBlocking:1
         |vpiLhs:
         \_ref_obj: (clk), line:29
           |vpiName:clk
           |vpiFullName:work@bg943_test.clk
         |vpiRhs:
         \_constant: , line:29
           |vpiConstType:7
           |vpiDecompile:0
           |vpiSize:32
           |INT:0
       |vpiStmt:
       \_assignment: , line:30
         |vpiBlocking:1
         |vpiLhs:
         \_ref_obj: (rst), line:30
           |vpiName:rst
           |vpiFullName:work@bg943_test.rst
         |vpiRhs:
         \_constant: , line:30
           |vpiConstType:7
           |vpiDecompile:1
           |vpiSize:32
           |INT:1
       |vpiStmt:
       \_delay_control: , line:31
         |#1
       |vpiStmt:
       \_assignment: , line:33
         |vpiBlocking:1
         |vpiLhs:
         \_ref_obj: (clk), line:33
           |vpiName:clk
           |vpiFullName:work@bg943_test.clk
         |vpiRhs:
         \_constant: , line:33
           |vpiConstType:7
           |vpiDecompile:1
           |vpiSize:32
           |INT:1
       |vpiStmt:
       \_delay_control: , line:34
         |#1
       |vpiStmt:
       \_if_stmt: , line:35
         |vpiCondition:
         \_operation: , line:35
           |vpiOpType:17
           |vpiOperand:
           \_ref_obj: (q), line:35
             |vpiName:q
             |vpiFullName:work@bg943_test.q
           |vpiOperand:
           \_constant: , line:35
             |vpiConstType:3
             |vpiDecompile:&#39;b0
             |vpiSize:1
             |BIN:0
         |vpiStmt:
         \_begin: , line:35
           |vpiFullName:work@bg943_test
           |vpiStmt:
           \_sys_func_call: ($display), line:36
             |vpiName:$display
             |vpiArgument:
             \_constant: , line:36
               |vpiConstType:6
               |vpiDecompile:&#34;FAILED 1&#34;
               |vpiSize:10
               |STRING:&#34;FAILED 1&#34;
           |vpiStmt:
           \_sys_func_call: ($finish), line:37
             |vpiName:$finish
       |vpiStmt:
       \_delay_control: , line:39
         |#1
       |vpiStmt:
       \_assignment: , line:41
         |vpiBlocking:1
         |vpiLhs:
         \_ref_obj: (clk), line:41
           |vpiName:clk
           |vpiFullName:work@bg943_test.clk
         |vpiRhs:
         \_constant: , line:41
           |vpiConstType:7
           |vpiDecompile:0
           |vpiSize:32
           |INT:0
       |vpiStmt:
       \_assignment: , line:42
         |vpiBlocking:1
         |vpiLhs:
         \_ref_obj: (rst), line:42
           |vpiName:rst
           |vpiFullName:work@bg943_test.rst
         |vpiRhs:
         \_constant: , line:42
           |vpiConstType:7
           |vpiDecompile:0
           |vpiSize:32
           |INT:0
       |vpiStmt:
       \_delay_control: , line:43
         |#1
       |vpiStmt:
       \_assignment: , line:45
         |vpiBlocking:1
         |vpiLhs:
         \_ref_obj: (clk), line:45
           |vpiName:clk
           |vpiFullName:work@bg943_test.clk
         |vpiRhs:
         \_constant: , line:45
           |vpiConstType:7
           |vpiDecompile:1
           |vpiSize:32
           |INT:1
       |vpiStmt:
       \_delay_control: , line:46
         |#1
       |vpiStmt:
       \_if_stmt: , line:47
         |vpiCondition:
         \_operation: , line:47
           |vpiOpType:17
           |vpiOperand:
           \_ref_obj: (q), line:47
             |vpiName:q
             |vpiFullName:work@bg943_test.q
           |vpiOperand:
           \_constant: , line:47
             |vpiConstType:3
             |vpiDecompile:&#39;b1
             |vpiSize:1
             |BIN:1
         |vpiStmt:
         \_begin: , line:47
           |vpiFullName:work@bg943_test
           |vpiStmt:
           \_sys_func_call: ($display), line:48
             |vpiName:$display
             |vpiArgument:
             \_constant: , line:48
               |vpiConstType:6
               |vpiDecompile:&#34;FAILED 2&#34;
               |vpiSize:10
               |STRING:&#34;FAILED 2&#34;
           |vpiStmt:
           \_sys_func_call: ($finish), line:49
             |vpiName:$finish
       |vpiStmt:
       \_sys_func_call: ($display), line:52
         |vpiName:$display
         |vpiArgument:
         \_constant: , line:52
           |vpiConstType:6
           |vpiDecompile:&#34;PASSED&#34;
           |vpiSize:8
           |STRING:&#34;PASSED&#34;
   |vpiNet:
   \_logic_net: (clk), line:25
     |vpiName:clk
     |vpiFullName:work@bg943_test.clk
     |vpiNetType:36
   |vpiNet:
   \_logic_net: (rst), line:25
     |vpiName:rst
     |vpiFullName:work@bg943_test.rst
     |vpiNetType:36
   |vpiNet:
   \_logic_net: (q), line:25
     |vpiName:q
     |vpiFullName:work@bg943_test.q
     |vpiNetType:36
 |uhdmtopModules:
 \_module: work@bg943_test (work@bg943_test), file:<a href="../../../../third_party/tests/ivtest/ivltests/br943_944.v.html" target="file-frame">third_party/tests/ivtest/ivltests/br943_944.v</a>, line:24
   |vpiDefName:work@bg943_test
   |vpiName:work@bg943_test
   |vpiModule:
   \_module: work@bg943_test::e (dut), file:<a href="../../../../third_party/tests/ivtest/ivltests/br943_944.v.html" target="file-frame">third_party/tests/ivtest/ivltests/br943_944.v</a>, line:26, parent:work@bg943_test
     |vpiDefName:work@bg943_test::e
     |vpiName:dut
     |vpiFullName:work@bg943_test.dut
     |vpiInstance:
     \_module: work@bg943_test (work@bg943_test), file:<a href="../../../../third_party/tests/ivtest/ivltests/br943_944.v.html" target="file-frame">third_party/tests/ivtest/ivltests/br943_944.v</a>, line:24
   |vpiNet:
   \_logic_net: (clk), line:25, parent:work@bg943_test
     |vpiName:clk
     |vpiFullName:work@bg943_test.clk
     |vpiNetType:36
   |vpiNet:
   \_logic_net: (rst), line:25, parent:work@bg943_test
     |vpiName:rst
     |vpiFullName:work@bg943_test.rst
     |vpiNetType:36
   |vpiNet:
   \_logic_net: (q), line:25, parent:work@bg943_test
     |vpiName:q
     |vpiFullName:work@bg943_test.q
     |vpiNetType:36
Object: \work_bg943_test of type 3000
Object: \work_bg943_test of type 32
Object: \dut of type 32
Object: \clk of type 36
Object: \rst of type 36
Object: \q of type 36
Object: \work_bg943_test of type 32
Object:  of type 24
Object:  of type 4
Object:  of type 3
Object: \clk of type 608
Object:  of type 7
Object:  of type 3
Object: \rst of type 608
Object:  of type 7
Object:  of type 11
ERROR: Encountered unhandled object type: 11

</pre>
</body>