<head>
  <style>
    .log { font-family: "Courier New", Consolas, monospace; font-size: 80%; }
    .test-failed { background-color: #ffaaaa; }
    .test-passed { background-color: #aaffaa; }
  </style>
</head>
<body>
<h3><a href="https://github.com/alainmarcel/uhdm-integration" target="_blank">yosys-uhdm</a></h3>
<pre class="test-failed">
description: Test imported from ivtest
rc: 1 (means success: 0)
should_fail_because: 
tags: ivtest
incdirs: /tmpfs/src/github/sv-tests/third_party/tests/ivtest /tmpfs/src/github/sv-tests/third_party/tests/ivtest/ivltests
top_module: 
type: parsing
mode: parsing
files: <a href="../../../../third_party/tests/ivtest/ivltests/br973.v.html" target="file-frame">third_party/tests/ivtest/ivltests/br973.v</a>
defines: 
time_elapsed: 1.648s
ram usage: 40412 KB
</pre>
<pre class="log">

sh /tmpfs/tmp/tmpi7cr13vj/scr.sh
+ surelog-uhdm -nopython -nobuiltin -parse -sverilog -I/tmpfs/src/github/sv-tests/third_party/tests/ivtest -I/tmpfs/src/github/sv-tests/third_party/tests/ivtest/ivltests <a href="../../../../third_party/tests/ivtest/ivltests/br973.v.html" target="file-frame">third_party/tests/ivtest/ivltests/br973.v</a>
[INF:CM0023] Creating log file ./slpp_all/surelog.log.

[WRN:PA0205] <a href="../../../../third_party/tests/ivtest/ivltests/br973.v.html#l-3" target="file-frame">third_party/tests/ivtest/ivltests/br973.v:3</a>: No timescale set for &#34;test&#34;.

[INF:CP0300] Compilation...

[INF:CP0303] <a href="../../../../third_party/tests/ivtest/ivltests/br973.v.html#l-3" target="file-frame">third_party/tests/ivtest/ivltests/br973.v:3</a>: Compile module &#34;work@test&#34;.

[INF:EL0526] Design Elaboration...

[NTE:EL0503] <a href="../../../../third_party/tests/ivtest/ivltests/br973.v.html#l-3" target="file-frame">third_party/tests/ivtest/ivltests/br973.v:3</a>: Top level module &#34;work@test&#34;.

[NTE:EL0508] Nb Top level modules: 1.

[NTE:EL0509] Max instance depth: 1.

[NTE:EL0510] Nb instances: 1.

[NTE:EL0511] Nb leaf instances: 0.

[  FATAL] : 0
[ SYNTAX] : 0
[  ERROR] : 0
[WARNING] : 1
[   NOTE] : 5
+ cat /tmpfs/tmp/tmpi7cr13vj/yosys-script
read_uhdm slpp_all/surelog.uhdm
hierarchy -check -top \work_test
proc
check
memory_dff
memory_collect
stat
check
write_json
write_verilog
+ yosys-uhdm -s /tmpfs/tmp/tmpi7cr13vj/yosys-script

 /----------------------------------------------------------------------------\
 |                                                                            |
 |  yosys -- Yosys Open SYnthesis Suite                                       |
 |                                                                            |
 |  Copyright (C) 2012 - 2020  Claire Wolf &lt;claire@symbioticeda.com&gt;          |
 |                                                                            |
 |  Permission to use, copy, modify, and/or distribute this software for any  |
 |  purpose with or without fee is hereby granted, provided that the above    |
 |  copyright notice and this permission notice appear in all copies.         |
 |                                                                            |
 |  THE SOFTWARE IS PROVIDED &#34;AS IS&#34; AND THE AUTHOR DISCLAIMS ALL WARRANTIES  |
 |  WITH REGARD TO THIS SOFTWARE INCLUDING ALL IMPLIED WARRANTIES OF          |
 |  MERCHANTABILITY AND FITNESS. IN NO EVENT SHALL THE AUTHOR BE LIABLE FOR   |
 |  ANY SPECIAL, DIRECT, INDIRECT, OR CONSEQUENTIAL DAMAGES OR ANY DAMAGES    |
 |  WHATSOEVER RESULTING FROM LOSS OF USE, DATA OR PROFITS, WHETHER IN AN     |
 |  ACTION OF CONTRACT, NEGLIGENCE OR OTHER TORTIOUS ACTION, ARISING OUT OF   |
 |  OR IN CONNECTION WITH THE USE OR PERFORMANCE OF THIS SOFTWARE.            |
 |                                                                            |
 \----------------------------------------------------------------------------/

 Yosys 0.9+2406 (git sha1 0a06379e, clang 7.0.0 -fvisibility-inlines-hidden -fmessage-length=0 -march=nocona -mtune=haswell -ftree-vectorize -fPIC -fstack-protector-strong -fno-plt -O2 -ffunction-sections -fdebug-prefix-map=/tmp/really-really-really-really-really-really-really-really-really-really-really-really-really-long-path/conda/conda-bld/uhdm-integration_1593156724456/work=/usr/local/src/conda/uhdm-integration-0.0_0080_g5facd9a -fdebug-prefix-map=/home/kbuilder/miniconda/envs/sv-test-env=/usr/local/src/conda-prefix -fPIC -Os)


-- Executing script file `/tmpfs/tmp/tmpi7cr13vj/yosys-script&#39; --

1. Executing UHDM frontend.
design: (work@test)
 |vpiName:work@test
 |uhdmallPackages:
 \_package: builtin, parent:work@test
   |vpiDefName:builtin
   |vpiFullName:builtin
 |uhdmallClasses:
 \_class_defn: (builtin::array)
   |vpiName:builtin::array
   |vpiFullName:builtin.builtin::array
 |uhdmallClasses:
 \_class_defn: (builtin::queue)
   |vpiName:builtin::queue
   |vpiFullName:builtin.builtin::queue
 |uhdmallClasses:
 \_class_defn: (builtin::string)
   |vpiName:builtin::string
   |vpiFullName:builtin.builtin::string
 |uhdmallClasses:
 \_class_defn: (builtin::system)
   |vpiName:builtin::system
   |vpiFullName:builtin.builtin::system
 |uhdmallModules:
 \_module: work@test, file:<a href="../../../../third_party/tests/ivtest/ivltests/br973.v.html" target="file-frame">third_party/tests/ivtest/ivltests/br973.v</a>, line:3, parent:work@test
   |vpiDefName:work@test
   |vpiFullName:work@test
   |vpiProcess:
   \_initial: 
     |vpiStmt:
     \_begin: , line:13
       |vpiFullName:work@test
       |vpiStmt:
       \_if_else: , line:14
         |vpiCondition:
         \_operation: , line:14
           |vpiOpType:26
           |vpiOperand:
           \_operation: , line:14
             |vpiOpType:26
             |vpiOperand:
             \_operation: , line:14
               |vpiOpType:14
               |vpiOperand:
               \_sys_func_call: ($bits), line:14
                 |vpiName:$bits
                 |vpiArgument:
                 \_ref_obj: (enum1), line:14
                   |vpiName:enum1
               |vpiOperand:
               \_constant: , line:14
                 |vpiConstType:7
                 |vpiDecompile:1
                 |vpiSize:32
                 |INT:1
             |vpiOperand:
             \_operation: , line:14
               |vpiOpType:14
               |vpiOperand:
               \_sys_func_call: ($bits), line:14
                 |vpiName:$bits
                 |vpiArgument:
                 \_ref_obj: (enum2), line:14
                   |vpiName:enum2
               |vpiOperand:
               \_constant: , line:14
                 |vpiConstType:7
                 |vpiDecompile:1
                 |vpiSize:32
                 |INT:1
           |vpiOperand:
           \_operation: , line:14
             |vpiOpType:14
             |vpiOperand:
             \_sys_func_call: ($bits), line:14
               |vpiName:$bits
               |vpiArgument:
               \_ref_obj: (enum3), line:14
                 |vpiName:enum3
             |vpiOperand:
             \_constant: , line:14
               |vpiConstType:7
               |vpiDecompile:1
               |vpiSize:32
               |INT:1
         |vpiStmt:
         \_sys_func_call: ($display), line:15
           |vpiName:$display
           |vpiArgument:
           \_constant: , line:15
             |vpiConstType:6
             |vpiDecompile:&#34;PASSED&#34;
             |vpiSize:8
             |STRING:&#34;PASSED&#34;
         |vpiElseStmt:
         \_sys_func_call: ($display), line:17
           |vpiName:$display
           |vpiArgument:
           \_constant: , line:17
             |vpiConstType:6
             |vpiDecompile:&#34;FAILED&#34;
             |vpiSize:8
             |STRING:&#34;FAILED&#34;
   |vpiNet:
   \_logic_net: (enum1), line:9
     |vpiName:enum1
     |vpiFullName:work@test.enum1
   |vpiNet:
   \_logic_net: (enum2), line:10
     |vpiName:enum2
     |vpiFullName:work@test.enum2
   |vpiNet:
   \_logic_net: (enum3), line:11
     |vpiName:enum3
     |vpiFullName:work@test.enum3
   |vpiTypedef:
   \_enum_typespec: (A), line:5
     |vpiName:A
     |vpiBaseTypespec:
     \_bit_typespec: , line:5
     |vpiEnumConst:
     \_enum_const: (A0), line:5
       |vpiName:A0
       |INT:0
     |vpiEnumConst:
     \_enum_const: (A1), line:5
       |vpiName:A1
       |INT:1
   |vpiTypedef:
   \_enum_typespec: (B), line:6
     |vpiName:B
     |vpiBaseTypespec:
     \_logic_typespec: , line:6
     |vpiEnumConst:
     \_enum_const: (B0), line:6
       |vpiName:B0
       |INT:0
     |vpiEnumConst:
     \_enum_const: (B1), line:6
       |vpiName:B1
       |INT:1
   |vpiTypedef:
   \_enum_typespec: (C), line:7
     |vpiName:C
     |vpiBaseTypespec:
     \_logic_typespec: , line:7
     |vpiEnumConst:
     \_enum_const: (C0), line:7
       |vpiName:C0
       |INT:0
     |vpiEnumConst:
     \_enum_const: (C1), line:7
       |vpiName:C1
       |INT:1
 |uhdmtopModules:
 \_module: work@test (work@test), file:<a href="../../../../third_party/tests/ivtest/ivltests/br973.v.html" target="file-frame">third_party/tests/ivtest/ivltests/br973.v</a>, line:3
   |vpiDefName:work@test
   |vpiName:work@test
   |vpiVariables:
   \_enum_var: (enum1), line:9, parent:work@test
     |vpiName:enum1
     |vpiFullName:work@test.enum1
     |vpiTypespec:
     \_enum_typespec: (A), line:5
   |vpiVariables:
   \_enum_var: (enum2), line:10, parent:work@test
     |vpiName:enum2
     |vpiFullName:work@test.enum2
     |vpiTypespec:
     \_enum_typespec: (B), line:6
   |vpiVariables:
   \_enum_var: (enum3), line:11, parent:work@test
     |vpiName:enum3
     |vpiFullName:work@test.enum3
     |vpiTypespec:
     \_enum_typespec: (C), line:7
Object: \work_test of type 3000
Object: \work_test of type 32
Object: \work_test of type 32
Object:  of type 24
Object:  of type 4
Object:  of type 23
Object:  of type 39
Object:  of type 39
Object:  of type 39
Object: \$bits of type 56
Object: \enum1 of type 608
Object:  of type 7
Object:  of type 39
Object: \$bits of type 56
Object: \enum2 of type 608
Object:  of type 7
Object:  of type 39
Object: \$bits of type 56
Object: \enum3 of type 608
Object:  of type 7
Object: \$display of type 56
Object:  of type 7
Object: \$display of type 56
Object:  of type 7
Object: \A of type 633
Object: \A0 of type 634
Object: \A1 of type 634
ERROR: Encountered unhandled typespec: 640

</pre>
</body>