<head>
  <style>
    .log { font-family: "Courier New", Consolas, monospace; font-size: 80%; }
    .test-failed { background-color: #ffaaaa; }
    .test-passed { background-color: #aaffaa; }
  </style>
</head>
<body>
<h3><a href="https://github.com/alainmarcel/uhdm-integration" target="_blank">yosys-uhdm</a></h3>
<pre class="test-failed">
description: Test imported from ivtest
rc: 1 (means success: 0)
should_fail_because: 
tags: ivtest
incdirs: /tmpfs/src/github/sv-tests/third_party/tests/ivtest /tmpfs/src/github/sv-tests/third_party/tests/ivtest/ivltests
top_module: 
type: parsing
mode: parsing
files: <a href="../../../../third_party/tests/ivtest/ivltests/br985.v.html" target="file-frame">third_party/tests/ivtest/ivltests/br985.v</a>
defines: 
time_elapsed: 1.912s
ram usage: 38644 KB
</pre>
<pre class="log">

sh /tmpfs/tmp/tmpwckdktic/scr.sh
+ surelog-uhdm -nopython -nobuiltin -parse -sverilog -I/tmpfs/src/github/sv-tests/third_party/tests/ivtest -I/tmpfs/src/github/sv-tests/third_party/tests/ivtest/ivltests <a href="../../../../third_party/tests/ivtest/ivltests/br985.v.html" target="file-frame">third_party/tests/ivtest/ivltests/br985.v</a>
[INF:CM0023] Creating log file ./slpp_all/surelog.log.

[WRN:PA0205] <a href="../../../../third_party/tests/ivtest/ivltests/br985.v.html#l-20" target="file-frame">third_party/tests/ivtest/ivltests/br985.v:20</a>: No timescale set for &#34;br985_test&#34;.

[INF:CP0300] Compilation...

[INF:CP0303] <a href="../../../../third_party/tests/ivtest/ivltests/br985.v.html#l-20" target="file-frame">third_party/tests/ivtest/ivltests/br985.v:20</a>: Compile module &#34;work@br985_test&#34;.

[INF:EL0526] Design Elaboration...

[NTE:EL0503] <a href="../../../../third_party/tests/ivtest/ivltests/br985.v.html#l-20" target="file-frame">third_party/tests/ivtest/ivltests/br985.v:20</a>: Top level module &#34;work@br985_test&#34;.

[WRN:EL0500] <a href="../../../../third_party/tests/ivtest/ivltests/br985.v.html#l-23" target="file-frame">third_party/tests/ivtest/ivltests/br985.v:23</a>: Cannot find a module definition for &#34;work@br985_test::bug3&#34;.

[NTE:EL0508] Nb Top level modules: 1.

[NTE:EL0509] Max instance depth: 2.

[NTE:EL0510] Nb instances: 2.

[NTE:EL0511] Nb leaf instances: 1.

[WRN:EL0512] Nb undefined modules: 1.

[WRN:EL0513] Nb undefined instances: 1.

[  FATAL] : 0
[ SYNTAX] : 0
[  ERROR] : 0
[WARNING] : 4
[   NOTE] : 5
+ cat /tmpfs/tmp/tmpwckdktic/yosys-script
read_uhdm slpp_all/surelog.uhdm
hierarchy -check -top \work_br985_test
proc
check
memory_dff
memory_collect
stat
check
write_json
write_verilog
+ yosys-uhdm -s /tmpfs/tmp/tmpwckdktic/yosys-script

 /----------------------------------------------------------------------------\
 |                                                                            |
 |  yosys -- Yosys Open SYnthesis Suite                                       |
 |                                                                            |
 |  Copyright (C) 2012 - 2020  Claire Wolf &lt;claire@symbioticeda.com&gt;          |
 |                                                                            |
 |  Permission to use, copy, modify, and/or distribute this software for any  |
 |  purpose with or without fee is hereby granted, provided that the above    |
 |  copyright notice and this permission notice appear in all copies.         |
 |                                                                            |
 |  THE SOFTWARE IS PROVIDED &#34;AS IS&#34; AND THE AUTHOR DISCLAIMS ALL WARRANTIES  |
 |  WITH REGARD TO THIS SOFTWARE INCLUDING ALL IMPLIED WARRANTIES OF          |
 |  MERCHANTABILITY AND FITNESS. IN NO EVENT SHALL THE AUTHOR BE LIABLE FOR   |
 |  ANY SPECIAL, DIRECT, INDIRECT, OR CONSEQUENTIAL DAMAGES OR ANY DAMAGES    |
 |  WHATSOEVER RESULTING FROM LOSS OF USE, DATA OR PROFITS, WHETHER IN AN     |
 |  ACTION OF CONTRACT, NEGLIGENCE OR OTHER TORTIOUS ACTION, ARISING OUT OF   |
 |  OR IN CONNECTION WITH THE USE OR PERFORMANCE OF THIS SOFTWARE.            |
 |                                                                            |
 \----------------------------------------------------------------------------/

 Yosys 0.9+2406 (git sha1 410a291f, clang 7.0.0 -fvisibility-inlines-hidden -fmessage-length=0 -march=nocona -mtune=haswell -ftree-vectorize -fPIC -fstack-protector-strong -fno-plt -O2 -ffunction-sections -fdebug-prefix-map=/tmp/really-really-really-really-really-really-really-really-really-really-really-really-really-long-path/conda/conda-bld/uhdm-integration_1594060930077/work=/usr/local/src/conda/uhdm-integration-0.0_0090_g40649a7 -fdebug-prefix-map=/home/kbuilder/miniconda/envs/sv-test-env=/usr/local/src/conda-prefix -fPIC -Os)


-- Executing script file `/tmpfs/tmp/tmpwckdktic/yosys-script&#39; --

1. Executing UHDM frontend.
design: (work@br985_test)
 |vpiName:work@br985_test
 |uhdmallPackages:
 \_package: builtin, parent:work@br985_test
   |vpiDefName:builtin
   |vpiFullName:builtin
 |uhdmallClasses:
 \_class_defn: (builtin::array)
   |vpiName:builtin::array
   |vpiFullName:builtin.builtin::array
 |uhdmallClasses:
 \_class_defn: (builtin::queue)
   |vpiName:builtin::queue
   |vpiFullName:builtin.builtin::queue
 |uhdmallClasses:
 \_class_defn: (builtin::string)
   |vpiName:builtin::string
   |vpiFullName:builtin.builtin::string
 |uhdmallClasses:
 \_class_defn: (builtin::system)
   |vpiName:builtin::system
   |vpiFullName:builtin.builtin::system
 |uhdmallModules:
 \_module: work@br985_test, file:<a href="../../../../third_party/tests/ivtest/ivltests/br985.v.html" target="file-frame">third_party/tests/ivtest/ivltests/br985.v</a>, line:20, parent:work@br985_test
   |vpiDefName:work@br985_test
   |vpiFullName:work@br985_test
   |vpiProcess:
   \_initial: 
     |vpiStmt:
     \_begin: , line:25
       |vpiFullName:work@br985_test
       |vpiStmt:
       \_assignment: , line:27
         |vpiBlocking:1
         |vpiLhs:
         \_ref_obj: (sel), line:27
           |vpiName:sel
           |vpiFullName:work@br985_test.sel
         |vpiRhs:
         \_constant: , line:27
           |vpiConstType:3
           |vpiDecompile:4&#39;b0000
           |vpiSize:4
           |BIN:4&#39;b0000
       |vpiStmt:
       \_delay_control: , line:29
         |#1
         |vpiStmt:
         \_if_stmt: , line:29
           |vpiCondition:
           \_operation: , line:29
             |vpiOpType:17
             |vpiOperand:
             \_ref_obj: (spi_sdo), line:29
               |vpiName:spi_sdo
               |vpiFullName:work@br985_test.spi_sdo
             |vpiOperand:
             \_constant: , line:29
               |vpiConstType:3
               |vpiDecompile:&#39;b1
               |vpiSize:1
               |BIN:1
           |vpiStmt:
           \_begin: , line:30
             |vpiFullName:work@br985_test
             |vpiStmt:
             \_sys_func_call: ($display), line:31
               |vpiName:$display
               |vpiArgument:
               \_constant: , line:31
                 |vpiConstType:6
                 |vpiDecompile:&#34;FAILED&#34;
                 |vpiSize:8
                 |STRING:&#34;FAILED&#34;
             |vpiStmt:
             \_sys_func_call: ($finish), line:32
               |vpiName:$finish
       |vpiStmt:
       \_for_stmt: , line:35
         |vpiFullName:work@br985_test
         |vpiCondition:
         \_operation: , line:35
           |vpiOpType:20
           |vpiOperand:
           \_ref_obj: (i), line:35
             |vpiName:i
             |vpiFullName:work@br985_test.i
           |vpiOperand:
           \_constant: , line:35
             |vpiConstType:7
             |vpiDecompile:16
             |vpiSize:32
             |INT:16
         |vpiForInitStmt:
         \_assign_stmt: 
           |vpiRhs:
           \_unsupported_expr: , line:20
             |STRING:module br985_test;

           |vpiLhs:
           \_logic_var: (@@BAD_SYMBOL@@), line:35
             |vpiName:@@BAD_SYMBOL@@
             |vpiFullName:work@br985_test.@@BAD_SYMBOL@@
         |vpiForIncStmt:
         \_operation: , line:35
           |vpiOpType:82
           |vpiOperand:
           \_ref_obj: (i), line:35
             |vpiName:i
         |vpiStmt:
         \_begin: , line:36
           |vpiFullName:work@br985_test
           |vpiStmt:
           \_assignment: , line:37
             |vpiBlocking:1
             |vpiLhs:
             \_ref_obj: (sel), line:37
               |vpiName:sel
               |vpiFullName:work@br985_test.sel
             |vpiRhs:
             \_ref_obj: (i), line:37
               |vpiName:i
               |vpiFullName:work@br985_test.i
           |vpiStmt:
           \_delay_control: , line:38
             |#1
             |vpiStmt:
             \_if_stmt: , line:38
               |vpiCondition:
               \_operation: , line:38
                 |vpiOpType:17
                 |vpiOperand:
                 \_ref_obj: (spi_sdo), line:38
                   |vpiName:spi_sdo
                   |vpiFullName:work@br985_test.spi_sdo
                 |vpiOperand:
                 \_constant: , line:38
                   |vpiConstType:3
                   |vpiDecompile:&#39;b0
                   |vpiSize:1
                   |BIN:0
               |vpiStmt:
               \_begin: , line:39
                 |vpiFullName:work@br985_test
                 |vpiStmt:
                 \_sys_func_call: ($display), line:40
                   |vpiName:$display
                   |vpiArgument:
                   \_constant: , line:40
                     |vpiConstType:6
                     |vpiDecompile:&#34;FAILED&#34;
                     |vpiSize:8
                     |STRING:&#34;FAILED&#34;
                 |vpiStmt:
                 \_sys_func_call: ($finish), line:41
                   |vpiName:$finish
       |vpiStmt:
       \_sys_func_call: ($display), line:45
         |vpiName:$display
         |vpiArgument:
         \_constant: , line:45
           |vpiConstType:6
           |vpiDecompile:&#34;PASSED&#34;
           |vpiSize:8
           |STRING:&#34;PASSED&#34;
   |vpiNet:
   \_logic_net: (sel), line:21
     |vpiName:sel
     |vpiFullName:work@br985_test.sel
     |vpiNetType:36
   |vpiNet:
   \_logic_net: (value), line:22
     |vpiName:value
     |vpiFullName:work@br985_test.value
     |vpiNetType:36
   |vpiNet:
   \_logic_net: (spi_sdo), line:22
     |vpiName:spi_sdo
     |vpiFullName:work@br985_test.spi_sdo
     |vpiNetType:36
 |uhdmtopModules:
 \_module: work@br985_test (work@br985_test), file:<a href="../../../../third_party/tests/ivtest/ivltests/br985.v.html" target="file-frame">third_party/tests/ivtest/ivltests/br985.v</a>, line:20
   |vpiDefName:work@br985_test
   |vpiName:work@br985_test
   |vpiModule:
   \_module: work@br985_test::bug3 (dut), file:<a href="../../../../third_party/tests/ivtest/ivltests/br985.v.html" target="file-frame">third_party/tests/ivtest/ivltests/br985.v</a>, line:23, parent:work@br985_test
     |vpiDefName:work@br985_test::bug3
     |vpiName:dut
     |vpiFullName:work@br985_test.dut
     |vpiInstance:
     \_module: work@br985_test (work@br985_test), file:<a href="../../../../third_party/tests/ivtest/ivltests/br985.v.html" target="file-frame">third_party/tests/ivtest/ivltests/br985.v</a>, line:20
   |vpiNet:
   \_logic_net: (sel), line:21, parent:work@br985_test
     |vpiName:sel
     |vpiFullName:work@br985_test.sel
     |vpiNetType:36
     |vpiRange:
     \_range: , line:21
       |vpiLeftRange:
       \_constant: , line:21
         |vpiConstType:7
         |vpiDecompile:3
         |vpiSize:32
         |INT:3
       |vpiRightRange:
       \_constant: , line:21
         |vpiConstType:7
         |vpiDecompile:0
         |vpiSize:32
         |INT:0
   |vpiNet:
   \_logic_net: (value), line:22, parent:work@br985_test
     |vpiName:value
     |vpiFullName:work@br985_test.value
     |vpiNetType:36
   |vpiNet:
   \_logic_net: (spi_sdo), line:22, parent:work@br985_test
     |vpiName:spi_sdo
     |vpiFullName:work@br985_test.spi_sdo
     |vpiNetType:36
Object: \work_br985_test of type 3000
Object: \work_br985_test of type 32
Object: \dut of type 32
Object: \sel of type 36
Object:  of type 115
Object:  of type 7
Object:  of type 7
Object: \value of type 36
Object: \spi_sdo of type 36
Object: \work_br985_test of type 32
Object:  of type 24
Object:  of type 4
Object:  of type 3
Object: \sel of type 608
Object:  of type 7
Object:  of type 11
ERROR: Encountered unhandled object type: 11

</pre>
</body>