<head>
  <style>
    .log { font-family: "Courier New", Consolas, monospace; font-size: 80%; }
    .test-failed { background-color: #ffaaaa; }
    .test-passed { background-color: #aaffaa; }
  </style>
</head>
<body>
<h3><a href="https://github.com/alainmarcel/uhdm-integration" target="_blank">yosys-uhdm</a></h3>
<pre class="test-failed">
description: Test imported from ivtest
rc: 1 (means success: 0)
should_fail_because: 
tags: ivtest
incdirs: /tmpfs/src/github/sv-tests/third_party/tests/ivtest /tmpfs/src/github/sv-tests/third_party/tests/ivtest/ivltests
top_module: 
type: parsing
mode: parsing
files: <a href="../../../../third_party/tests/ivtest/ivltests/br_ml20171017.v.html" target="file-frame">third_party/tests/ivtest/ivltests/br_ml20171017.v</a>
defines: 
time_elapsed: 0.960s
ram usage: 33408 KB
</pre>
<pre class="log">

sh /tmpfs/tmp/tmp2yke1hc6/scr.sh
+ surelog-uhdm -nopython -nobuiltin -parse -sverilog -I/tmpfs/src/github/sv-tests/third_party/tests/ivtest -I/tmpfs/src/github/sv-tests/third_party/tests/ivtest/ivltests <a href="../../../../third_party/tests/ivtest/ivltests/br_ml20171017.v.html" target="file-frame">third_party/tests/ivtest/ivltests/br_ml20171017.v</a>
[INF:CM0023] Creating log file ./slpp_all/surelog.log.

[WRN:PA0205] <a href="../../../../third_party/tests/ivtest/ivltests/br_ml20171017.v.html#l-1" target="file-frame">third_party/tests/ivtest/ivltests/br_ml20171017.v:1</a>: No timescale set for &#34;test&#34;.

[INF:CP0300] Compilation...

[INF:CP0303] <a href="../../../../third_party/tests/ivtest/ivltests/br_ml20171017.v.html#l-1" target="file-frame">third_party/tests/ivtest/ivltests/br_ml20171017.v:1</a>: Compile module &#34;work@test&#34;.

[NTE:CP0309] <a href="../../../../third_party/tests/ivtest/ivltests/br_ml20171017.v.html#l-1" target="file-frame">third_party/tests/ivtest/ivltests/br_ml20171017.v:1</a>: Implicit port type (wire) for &#34;dataout&#34;.

[INF:EL0526] Design Elaboration...

[NTE:EL0503] <a href="../../../../third_party/tests/ivtest/ivltests/br_ml20171017.v.html#l-1" target="file-frame">third_party/tests/ivtest/ivltests/br_ml20171017.v:1</a>: Top level module &#34;work@test&#34;.

[NTE:EL0508] Nb Top level modules: 1.

[NTE:EL0509] Max instance depth: 1.

[NTE:EL0510] Nb instances: 1.

[NTE:EL0511] Nb leaf instances: 0.

[  FATAL] : 0
[ SYNTAX] : 0
[  ERROR] : 0
[WARNING] : 1
[   NOTE] : 6
+ cat /tmpfs/tmp/tmp2yke1hc6/yosys-script
read_uhdm slpp_all/surelog.uhdm
hierarchy -check -top \work_test
proc
check
memory_dff
memory_collect
stat
check
write_json
write_verilog
+ yosys-uhdm -s /tmpfs/tmp/tmp2yke1hc6/yosys-script

 /----------------------------------------------------------------------------\
 |                                                                            |
 |  yosys -- Yosys Open SYnthesis Suite                                       |
 |                                                                            |
 |  Copyright (C) 2012 - 2020  Claire Wolf &lt;claire@symbioticeda.com&gt;          |
 |                                                                            |
 |  Permission to use, copy, modify, and/or distribute this software for any  |
 |  purpose with or without fee is hereby granted, provided that the above    |
 |  copyright notice and this permission notice appear in all copies.         |
 |                                                                            |
 |  THE SOFTWARE IS PROVIDED &#34;AS IS&#34; AND THE AUTHOR DISCLAIMS ALL WARRANTIES  |
 |  WITH REGARD TO THIS SOFTWARE INCLUDING ALL IMPLIED WARRANTIES OF          |
 |  MERCHANTABILITY AND FITNESS. IN NO EVENT SHALL THE AUTHOR BE LIABLE FOR   |
 |  ANY SPECIAL, DIRECT, INDIRECT, OR CONSEQUENTIAL DAMAGES OR ANY DAMAGES    |
 |  WHATSOEVER RESULTING FROM LOSS OF USE, DATA OR PROFITS, WHETHER IN AN     |
 |  ACTION OF CONTRACT, NEGLIGENCE OR OTHER TORTIOUS ACTION, ARISING OUT OF   |
 |  OR IN CONNECTION WITH THE USE OR PERFORMANCE OF THIS SOFTWARE.            |
 |                                                                            |
 \----------------------------------------------------------------------------/

 Yosys 0.9+2406 (git sha1 0a06379e, clang 7.0.0 -fvisibility-inlines-hidden -fmessage-length=0 -march=nocona -mtune=haswell -ftree-vectorize -fPIC -fstack-protector-strong -fno-plt -O2 -ffunction-sections -fdebug-prefix-map=/tmp/really-really-really-really-really-really-really-really-really-really-really-really-really-long-path/conda/conda-bld/uhdm-integration_1593156724456/work=/usr/local/src/conda/uhdm-integration-0.0_0080_g5facd9a -fdebug-prefix-map=/home/kbuilder/miniconda/envs/sv-test-env=/usr/local/src/conda-prefix -fPIC -Os)


-- Executing script file `/tmpfs/tmp/tmp2yke1hc6/yosys-script&#39; --

1. Executing UHDM frontend.
design: (work@test)
 |vpiName:work@test
 |uhdmallPackages:
 \_package: builtin, parent:work@test
   |vpiDefName:builtin
   |vpiFullName:builtin
 |uhdmallClasses:
 \_class_defn: (builtin::array)
   |vpiName:builtin::array
   |vpiFullName:builtin.builtin::array
 |uhdmallClasses:
 \_class_defn: (builtin::queue)
   |vpiName:builtin::queue
   |vpiFullName:builtin.builtin::queue
 |uhdmallClasses:
 \_class_defn: (builtin::string)
   |vpiName:builtin::string
   |vpiFullName:builtin.builtin::string
 |uhdmallClasses:
 \_class_defn: (builtin::system)
   |vpiName:builtin::system
   |vpiFullName:builtin.builtin::system
 |uhdmallModules:
 \_module: work@test, file:<a href="../../../../third_party/tests/ivtest/ivltests/br_ml20171017.v.html" target="file-frame">third_party/tests/ivtest/ivltests/br_ml20171017.v</a>, line:1, parent:work@test
   |vpiDefName:work@test
   |vpiFullName:work@test
   |vpiProcess:
   \_initial: 
     |vpiStmt:
     \_begin: , line:6
       |vpiFullName:work@test
       |vpiStmt:
       \_delay_control: , line:7
         |#0
       |vpiStmt:
       \_if_else: , line:8
         |vpiCondition:
         \_operation: , line:8
           |vpiOpType:26
           |vpiOperand:
           \_operation: , line:8
             |vpiOpType:16
             |vpiOperand:
             \_bit_select: (dataout), line:8
               |vpiName:dataout
               |vpiFullName:work@test.dataout
               |vpiIndex:
               \_constant: , line:8
                 |vpiConstType:7
                 |vpiDecompile:0
                 |vpiSize:32
                 |INT:0
             |vpiOperand:
             \_constant: , line:8
               |vpiConstType:5
               |vpiDecompile:8&#39;h55
               |vpiSize:8
               |HEX:8&#39;h55
           |vpiOperand:
           \_operation: , line:8
             |vpiOpType:16
             |vpiOperand:
             \_bit_select: (dataout), line:8
               |vpiName:dataout
               |vpiFullName:work@test.dataout
               |vpiIndex:
               \_constant: , line:8
                 |vpiConstType:7
                 |vpiDecompile:1
                 |vpiSize:32
                 |INT:1
             |vpiOperand:
             \_constant: , line:8
               |vpiConstType:5
               |vpiDecompile:8&#39;haa
               |vpiSize:8
               |HEX:8&#39;haa
         |vpiStmt:
         \_sys_func_call: ($display), line:9
           |vpiName:$display
           |vpiArgument:
           \_constant: , line:9
             |vpiConstType:6
             |vpiDecompile:&#34;PASSED&#34;
             |vpiSize:8
             |STRING:&#34;PASSED&#34;
         |vpiElseStmt:
         \_sys_func_call: ($display), line:11
           |vpiName:$display
           |vpiArgument:
           \_constant: , line:11
             |vpiConstType:6
             |vpiDecompile:&#34;FAILED&#34;
             |vpiSize:8
             |STRING:&#34;FAILED&#34;
   |vpiPort:
   \_port: (dataout), line:1
     |vpiName:dataout
     |vpiDirection:2
     |vpiLowConn:
     \_ref_obj: 
       |vpiActual:
       \_logic_net: (dataout), line:1
         |vpiName:dataout
         |vpiFullName:work@test.dataout
   |vpiContAssign:
   \_cont_assign: , line:3
     |vpiRhs:
     \_constant: , line:3
       |vpiConstType:5
       |vpiDecompile:8&#39;h55
       |vpiSize:8
       |HEX:8&#39;h55
     |vpiLhs:
     \_bit_select: (dataout), line:3
       |vpiName:dataout
       |vpiFullName:work@test.dataout
       |vpiIndex:
       \_constant: , line:3
         |vpiConstType:7
         |vpiDecompile:0
         |vpiSize:32
         |INT:0
   |vpiContAssign:
   \_cont_assign: , line:4
     |vpiRhs:
     \_constant: , line:4
       |vpiConstType:5
       |vpiDecompile:8&#39;haa
       |vpiSize:8
       |HEX:8&#39;haa
     |vpiLhs:
     \_bit_select: (dataout), line:4
       |vpiName:dataout
       |vpiFullName:work@test.dataout
       |vpiIndex:
       \_constant: , line:4
         |vpiConstType:7
         |vpiDecompile:1
         |vpiSize:32
         |INT:1
   |vpiNet:
   \_logic_net: (dataout), line:1
 |uhdmtopModules:
 \_module: work@test (work@test), file:<a href="../../../../third_party/tests/ivtest/ivltests/br_ml20171017.v.html" target="file-frame">third_party/tests/ivtest/ivltests/br_ml20171017.v</a>, line:1
   |vpiDefName:work@test
   |vpiName:work@test
   |vpiPort:
   \_port: (dataout), line:1, parent:work@test
     |vpiName:dataout
     |vpiDirection:2
     |vpiLowConn:
     \_ref_obj: 
       |vpiActual:
       \_logic_net: (dataout), line:1, parent:work@test
         |vpiName:dataout
         |vpiFullName:work@test.dataout
   |vpiNet:
   \_logic_net: (dataout), line:1, parent:work@test
Object: \work_test of type 3000
Object: \work_test of type 32
Object: \dataout of type 44
Object: \dataout of type 36
Object: \work_test of type 32
Object:  of type 8
Object: \dataout of type 106
Object:  of type 7
Object:  of type 7
Object:  of type 8
Object: \dataout of type 106
Object:  of type 7
Object:  of type 7
Object:  of type 24
Object:  of type 4
Object:  of type 11
ERROR: Encountered unhandled object type: 11

</pre>
</body>