<head>
  <style>
    .log { font-family: "Courier New", Consolas, monospace; font-size: 80%; }
    .test-failed { background-color: #ffaaaa; }
    .test-passed { background-color: #aaffaa; }
  </style>
</head>
<body>
<h3><a href="https://github.com/alainmarcel/uhdm-integration" target="_blank">yosys-uhdm</a></h3>
<pre class="test-failed">
description: Test imported from ivtest
rc: 1 (means success: 0)
should_fail_because: 
tags: ivtest
incdirs: /tmpfs/src/github/sv-tests/third_party/tests/ivtest /tmpfs/src/github/sv-tests/third_party/tests/ivtest/ivltests
top_module: 
type: parsing
mode: parsing
files: <a href="../../../../third_party/tests/ivtest/ivltests/comp1001_fail4.v.html" target="file-frame">third_party/tests/ivtest/ivltests/comp1001_fail4.v</a>
defines: 
time_elapsed: 1.456s
ram usage: 40412 KB
</pre>
<pre class="log">

sh /tmpfs/tmp/tmpjjtpdvlv/scr.sh
+ surelog-uhdm -nopython -nobuiltin -parse -sverilog -I/tmpfs/src/github/sv-tests/third_party/tests/ivtest -I/tmpfs/src/github/sv-tests/third_party/tests/ivtest/ivltests <a href="../../../../third_party/tests/ivtest/ivltests/comp1001_fail4.v.html" target="file-frame">third_party/tests/ivtest/ivltests/comp1001_fail4.v</a>
[INF:CM0023] Creating log file ./slpp_all/surelog.log.

[WRN:PA0205] <a href="../../../../third_party/tests/ivtest/ivltests/comp1001_fail4.v.html#l-9" target="file-frame">third_party/tests/ivtest/ivltests/comp1001_fail4.v:9</a>: No timescale set for &#34;top&#34;.

[INF:CP0300] Compilation...

[INF:CP0303] <a href="../../../../third_party/tests/ivtest/ivltests/comp1001_fail4.v.html#l-9" target="file-frame">third_party/tests/ivtest/ivltests/comp1001_fail4.v:9</a>: Compile module &#34;work@top&#34;.

[INF:EL0526] Design Elaboration...

[NTE:EL0503] <a href="../../../../third_party/tests/ivtest/ivltests/comp1001_fail4.v.html#l-9" target="file-frame">third_party/tests/ivtest/ivltests/comp1001_fail4.v:9</a>: Top level module &#34;work@top&#34;.

[NTE:EL0508] Nb Top level modules: 1.

[NTE:EL0509] Max instance depth: 1.

[NTE:EL0510] Nb instances: 1.

[NTE:EL0511] Nb leaf instances: 0.

[  FATAL] : 0
[ SYNTAX] : 0
[  ERROR] : 0
[WARNING] : 1
[   NOTE] : 5
+ cat /tmpfs/tmp/tmpjjtpdvlv/yosys-script
read_uhdm slpp_all/surelog.uhdm
hierarchy -check -top \work_top
proc
check
memory_dff
memory_collect
stat
check
write_json
write_verilog
+ yosys-uhdm -s /tmpfs/tmp/tmpjjtpdvlv/yosys-script

 /----------------------------------------------------------------------------\
 |                                                                            |
 |  yosys -- Yosys Open SYnthesis Suite                                       |
 |                                                                            |
 |  Copyright (C) 2012 - 2020  Claire Wolf &lt;claire@symbioticeda.com&gt;          |
 |                                                                            |
 |  Permission to use, copy, modify, and/or distribute this software for any  |
 |  purpose with or without fee is hereby granted, provided that the above    |
 |  copyright notice and this permission notice appear in all copies.         |
 |                                                                            |
 |  THE SOFTWARE IS PROVIDED &#34;AS IS&#34; AND THE AUTHOR DISCLAIMS ALL WARRANTIES  |
 |  WITH REGARD TO THIS SOFTWARE INCLUDING ALL IMPLIED WARRANTIES OF          |
 |  MERCHANTABILITY AND FITNESS. IN NO EVENT SHALL THE AUTHOR BE LIABLE FOR   |
 |  ANY SPECIAL, DIRECT, INDIRECT, OR CONSEQUENTIAL DAMAGES OR ANY DAMAGES    |
 |  WHATSOEVER RESULTING FROM LOSS OF USE, DATA OR PROFITS, WHETHER IN AN     |
 |  ACTION OF CONTRACT, NEGLIGENCE OR OTHER TORTIOUS ACTION, ARISING OUT OF   |
 |  OR IN CONNECTION WITH THE USE OR PERFORMANCE OF THIS SOFTWARE.            |
 |                                                                            |
 \----------------------------------------------------------------------------/

 Yosys 0.9+2406 (git sha1 410a291f, clang 7.0.0 -fvisibility-inlines-hidden -fmessage-length=0 -march=nocona -mtune=haswell -ftree-vectorize -fPIC -fstack-protector-strong -fno-plt -O2 -ffunction-sections -fdebug-prefix-map=/tmp/really-really-really-really-really-really-really-really-really-really-really-really-really-long-path/conda/conda-bld/uhdm-integration_1594060930077/work=/usr/local/src/conda/uhdm-integration-0.0_0090_g40649a7 -fdebug-prefix-map=/home/kbuilder/miniconda/envs/sv-test-env=/usr/local/src/conda-prefix -fPIC -Os)


-- Executing script file `/tmpfs/tmp/tmpjjtpdvlv/yosys-script&#39; --

1. Executing UHDM frontend.
design: (work@top)
 |vpiName:work@top
 |uhdmallPackages:
 \_package: builtin, parent:work@top
   |vpiDefName:builtin
   |vpiFullName:builtin
 |uhdmallClasses:
 \_class_defn: (builtin::array)
   |vpiName:builtin::array
   |vpiFullName:builtin.builtin::array
 |uhdmallClasses:
 \_class_defn: (builtin::queue)
   |vpiName:builtin::queue
   |vpiFullName:builtin.builtin::queue
 |uhdmallClasses:
 \_class_defn: (builtin::string)
   |vpiName:builtin::string
   |vpiFullName:builtin.builtin::string
 |uhdmallClasses:
 \_class_defn: (builtin::system)
   |vpiName:builtin::system
   |vpiFullName:builtin.builtin::system
 |uhdmallModules:
 \_module: work@top, file:<a href="../../../../third_party/tests/ivtest/ivltests/comp1001_fail4.v.html" target="file-frame">third_party/tests/ivtest/ivltests/comp1001_fail4.v</a>, line:9, parent:work@top
   |vpiDefName:work@top
   |vpiFullName:work@top
   |vpiProcess:
   \_initial: 
     |vpiStmt:
     \_begin: , line:13
       |vpiFullName:work@top
       |vpiStmt:
       \_assignment: , line:14
         |vpiBlocking:1
         |vpiLhs:
         \_ref_obj: (r2), line:14
           |vpiName:r2
           |vpiFullName:work@top.r2
         |vpiRhs:
         \_operation: , line:14
           |vpiOpType:15
           |vpiOperand:
           \_operation: , line:14
             |vpiOpType:24
             |vpiOperand:
             \_constant: , line:14
               |vpiConstType:3
               |vpiDecompile:&#39;b1
               |vpiSize:1
               |BIN:1
             |vpiOperand:
             \_constant: , line:14
               |vpiConstType:3
               |vpiDecompile:&#39;b1
               |vpiSize:1
               |BIN:1
           |vpiOperand:
           \_unsupported_expr: , line:14
             |STRING:    r2 = (1&#39;b1+1&#39;b1) != 1&#39;bx;

       |vpiStmt:
       \_sys_func_call: ($displayb), line:16
         |vpiName:$displayb
         |vpiArgument:
         \_constant: , line:16
           |vpiConstType:6
           |vpiDecompile:&#34;r2 = &#34;
           |vpiSize:7
           |STRING:&#34;r2 = &#34;
         |vpiArgument:
         \_ref_obj: (r2), line:16
           |vpiName:r2
       |vpiStmt:
       \_if_else: , line:18
         |vpiCondition:
         \_operation: , line:18
           |vpiOpType:17
           |vpiOperand:
           \_ref_obj: (r2), line:18
             |vpiName:r2
             |vpiFullName:work@top.r2
           |vpiOperand:
           \_constant: , line:18
             |vpiConstType:3
             |vpiDecompile:31&#39;b0x
             |vpiSize:31
             |BIN:31&#39;b0x
         |vpiStmt:
         \_sys_func_call: ($display), line:18
           |vpiName:$display
           |vpiArgument:
           \_constant: , line:18
             |vpiConstType:6
             |vpiDecompile:&#34;FAILED&#34;
             |vpiSize:8
             |STRING:&#34;FAILED&#34;
         |vpiElseStmt:
         \_sys_func_call: ($display), line:19
           |vpiName:$display
           |vpiArgument:
           \_constant: , line:19
             |vpiConstType:6
             |vpiDecompile:&#34;PASSED&#34;
             |vpiSize:8
             |STRING:&#34;PASSED&#34;
   |vpiNet:
   \_logic_net: (r2), line:10
     |vpiName:r2
     |vpiFullName:work@top.r2
     |vpiNetType:48
   |vpiNet:
   \_logic_net: (r1), line:11
     |vpiName:r1
     |vpiFullName:work@top.r1
     |vpiNetType:48
 |uhdmtopModules:
 \_module: work@top (work@top), file:<a href="../../../../third_party/tests/ivtest/ivltests/comp1001_fail4.v.html" target="file-frame">third_party/tests/ivtest/ivltests/comp1001_fail4.v</a>, line:9
   |vpiDefName:work@top
   |vpiName:work@top
   |vpiNet:
   \_logic_net: (r2), line:10, parent:work@top
     |vpiName:r2
     |vpiFullName:work@top.r2
     |vpiNetType:48
     |vpiRange:
     \_range: , line:10
       |vpiLeftRange:
       \_constant: , line:10
         |vpiConstType:7
         |vpiDecompile:30
         |vpiSize:32
         |INT:30
       |vpiRightRange:
       \_constant: , line:10
         |vpiConstType:7
         |vpiDecompile:0
         |vpiSize:32
         |INT:0
   |vpiNet:
   \_logic_net: (r1), line:11, parent:work@top
     |vpiName:r1
     |vpiFullName:work@top.r1
     |vpiNetType:48
Object: \work_top of type 3000
Object: \work_top of type 32
Object: \r2 of type 36
Object:  of type 115
Object:  of type 7
Object:  of type 7
Object: \r1 of type 36
Object: \work_top of type 32
Object:  of type 24
Object:  of type 4
Object:  of type 3
Object: \r2 of type 608
Object:  of type 39
Object:  of type 39
Object:  of type 7
Object:  of type 7
Object:  of type 4001
ERROR: Encountered unhandled object type: 4001

</pre>
</body>