<head>
  <style>
    .log { font-family: "Courier New", Consolas, monospace; font-size: 80%; }
    .test-failed { background-color: #ffaaaa; }
    .test-passed { background-color: #aaffaa; }
  </style>
</head>
<body>
<h3><a href="https://github.com/alainmarcel/uhdm-integration" target="_blank">yosys-uhdm</a></h3>
<pre class="test-failed">
description: Test imported from ivtest
rc: 1 (means success: 0)
should_fail_because: 
tags: ivtest
incdirs: /tmpfs/src/github/sv-tests/third_party/tests/ivtest /tmpfs/src/github/sv-tests/third_party/tests/ivtest/ivltests
top_module: 
type: parsing
mode: parsing
files: <a href="../../../../third_party/tests/ivtest/ivltests/disblock.v.html" target="file-frame">third_party/tests/ivtest/ivltests/disblock.v</a>
defines: 
time_elapsed: 0.588s
ram usage: 30760 KB
</pre>
<pre class="log">

sh /tmpfs/tmp/tmpmjpsjxcr/scr.sh
+ surelog-uhdm -nopython -nobuiltin -parse -sverilog -I/tmpfs/src/github/sv-tests/third_party/tests/ivtest -I/tmpfs/src/github/sv-tests/third_party/tests/ivtest/ivltests <a href="../../../../third_party/tests/ivtest/ivltests/disblock.v.html" target="file-frame">third_party/tests/ivtest/ivltests/disblock.v</a>
[INF:CM0023] Creating log file ./slpp_all/surelog.log.

[WRN:PA0205] <a href="../../../../third_party/tests/ivtest/ivltests/disblock.v.html#l-22" target="file-frame">third_party/tests/ivtest/ivltests/disblock.v:22</a>: No timescale set for &#34;m&#34;.

[INF:CP0300] Compilation...

[INF:CP0303] <a href="../../../../third_party/tests/ivtest/ivltests/disblock.v.html#l-22" target="file-frame">third_party/tests/ivtest/ivltests/disblock.v:22</a>: Compile module &#34;work@m&#34;.

[INF:EL0526] Design Elaboration...

[NTE:EL0503] <a href="../../../../third_party/tests/ivtest/ivltests/disblock.v.html#l-22" target="file-frame">third_party/tests/ivtest/ivltests/disblock.v:22</a>: Top level module &#34;work@m&#34;.

[NTE:EL0508] Nb Top level modules: 1.

[NTE:EL0509] Max instance depth: 1.

[NTE:EL0510] Nb instances: 1.

[NTE:EL0511] Nb leaf instances: 0.

[  FATAL] : 0
[ SYNTAX] : 0
[  ERROR] : 0
[WARNING] : 1
[   NOTE] : 5
+ cat /tmpfs/tmp/tmpmjpsjxcr/yosys-script
read_uhdm slpp_all/surelog.uhdm
hierarchy -check -top \work_m
proc
check
memory_dff
memory_collect
stat
check
write_json
write_verilog
+ yosys-uhdm -s /tmpfs/tmp/tmpmjpsjxcr/yosys-script

 /----------------------------------------------------------------------------\
 |                                                                            |
 |  yosys -- Yosys Open SYnthesis Suite                                       |
 |                                                                            |
 |  Copyright (C) 2012 - 2020  Claire Wolf &lt;claire@symbioticeda.com&gt;          |
 |                                                                            |
 |  Permission to use, copy, modify, and/or distribute this software for any  |
 |  purpose with or without fee is hereby granted, provided that the above    |
 |  copyright notice and this permission notice appear in all copies.         |
 |                                                                            |
 |  THE SOFTWARE IS PROVIDED &#34;AS IS&#34; AND THE AUTHOR DISCLAIMS ALL WARRANTIES  |
 |  WITH REGARD TO THIS SOFTWARE INCLUDING ALL IMPLIED WARRANTIES OF          |
 |  MERCHANTABILITY AND FITNESS. IN NO EVENT SHALL THE AUTHOR BE LIABLE FOR   |
 |  ANY SPECIAL, DIRECT, INDIRECT, OR CONSEQUENTIAL DAMAGES OR ANY DAMAGES    |
 |  WHATSOEVER RESULTING FROM LOSS OF USE, DATA OR PROFITS, WHETHER IN AN     |
 |  ACTION OF CONTRACT, NEGLIGENCE OR OTHER TORTIOUS ACTION, ARISING OUT OF   |
 |  OR IN CONNECTION WITH THE USE OR PERFORMANCE OF THIS SOFTWARE.            |
 |                                                                            |
 \----------------------------------------------------------------------------/

 Yosys 0.9+2406 (git sha1 410a291f, clang 7.0.0 -fvisibility-inlines-hidden -fmessage-length=0 -march=nocona -mtune=haswell -ftree-vectorize -fPIC -fstack-protector-strong -fno-plt -O2 -ffunction-sections -fdebug-prefix-map=/tmp/really-really-really-really-really-really-really-really-really-really-really-really-really-long-path/conda/conda-bld/uhdm-integration_1594060930077/work=/usr/local/src/conda/uhdm-integration-0.0_0090_g40649a7 -fdebug-prefix-map=/home/kbuilder/miniconda/envs/sv-test-env=/usr/local/src/conda-prefix -fPIC -Os)


-- Executing script file `/tmpfs/tmp/tmpmjpsjxcr/yosys-script&#39; --

1. Executing UHDM frontend.
design: (work@m)
 |vpiName:work@m
 |uhdmallPackages:
 \_package: builtin, parent:work@m
   |vpiDefName:builtin
   |vpiFullName:builtin
 |uhdmallClasses:
 \_class_defn: (builtin::array)
   |vpiName:builtin::array
   |vpiFullName:builtin.builtin::array
 |uhdmallClasses:
 \_class_defn: (builtin::queue)
   |vpiName:builtin::queue
   |vpiFullName:builtin.builtin::queue
 |uhdmallClasses:
 \_class_defn: (builtin::string)
   |vpiName:builtin::string
   |vpiFullName:builtin.builtin::string
 |uhdmallClasses:
 \_class_defn: (builtin::system)
   |vpiName:builtin::system
   |vpiFullName:builtin.builtin::system
 |uhdmallModules:
 \_module: work@m, file:<a href="../../../../third_party/tests/ivtest/ivltests/disblock.v.html" target="file-frame">third_party/tests/ivtest/ivltests/disblock.v</a>, line:22, parent:work@m
   |vpiDefName:work@m
   |vpiFullName:work@m
   |vpiProcess:
   \_initial: 
     |vpiStmt:
     \_begin: , line:25
       |vpiFullName:work@m
       |vpiStmt:
       \_delay_control: , line:26
         |#10
       |vpiStmt:
       \_sys_func_call: ($display), line:27
         |vpiName:$display
         |vpiArgument:
         \_constant: , line:27
           |vpiConstType:6
           |vpiDecompile:&#34;FAILED&#34;
           |vpiSize:8
           |STRING:&#34;FAILED&#34;
       |vpiStmt:
       \_sys_func_call: ($finish), line:28
         |vpiName:$finish
   |vpiProcess:
   \_initial: 
     |vpiStmt:
     \_begin: , line:43
       |vpiFullName:work@m
       |vpiStmt:
       \_task_call: (t), line:44
         |vpiName:t
         |vpiTask:
         \_task: (t), line:31
           |vpiName:t
           |vpiFullName:work@m.t
           |vpiStmt:
           \_begin: , line:32, parent:t
             |vpiFullName:work@m.t
             |vpiStmt:
             \_named_begin: (wait_loop), line:33
               |vpiName:wait_loop
               |vpiFullName:work@m.t.wait_loop
               |vpiStmt:
               \_delay_control: , line:34, parent:wait_loop
                 |#1
               |vpiStmt:
               \_while_stmt: , line:35, parent:wait_loop
                 |vpiCondition:
                 \_constant: , line:35
                   |vpiConstType:7
                   |vpiDecompile:1
                   |vpiSize:32
                   |INT:1
                 |vpiStmt:
                 \_begin: , line:35
                   |vpiFullName:work@m.t.wait_loop
                   |vpiStmt:
                   \_delay_control: , line:36
                     |#1
       |vpiStmt:
       \_sys_func_call: ($display), line:45
         |vpiName:$display
         |vpiArgument:
         \_constant: , line:45
           |vpiConstType:6
           |vpiDecompile:&#34;PASSED&#34;
           |vpiSize:8
           |STRING:&#34;PASSED&#34;
       |vpiStmt:
       \_sys_func_call: ($finish), line:46
         |vpiName:$finish
   |vpiTaskFunc:
   \_task: (t), line:31
 |uhdmtopModules:
 \_module: work@m (work@m), file:<a href="../../../../third_party/tests/ivtest/ivltests/disblock.v.html" target="file-frame">third_party/tests/ivtest/ivltests/disblock.v</a>, line:22
   |vpiDefName:work@m
   |vpiName:work@m
Object: \work_m of type 3000
Object: \work_m of type 32
Object: \work_m of type 32
Object:  of type 24
Object:  of type 4
Object:  of type 11
ERROR: Encountered unhandled object type: 11

</pre>
</body>