<head>
  <style>
    .log { font-family: "Courier New", Consolas, monospace; font-size: 80%; }
    .test-failed { background-color: #ffaaaa; }
    .test-passed { background-color: #aaffaa; }
  </style>
</head>
<body>
<h3><a href="https://github.com/alainmarcel/uhdm-integration" target="_blank">yosys-uhdm</a></h3>
<pre class="test-failed">
description: Test imported from ivtest
rc: 1 (means success: 0)
should_fail_because: 
tags: ivtest
incdirs: /tmpfs/src/github/sv-tests/third_party/tests/ivtest /tmpfs/src/github/sv-tests/third_party/tests/ivtest/ivltests
top_module: 
type: parsing
mode: parsing
files: <a href="../../../../third_party/tests/ivtest/ivltests/lh_catadd.v.html" target="file-frame">third_party/tests/ivtest/ivltests/lh_catadd.v</a>
defines: 
time_elapsed: 1.480s
ram usage: 39924 KB
</pre>
<pre class="log">

sh /tmpfs/tmp/tmps4ejoel8/scr.sh
+ surelog-uhdm -nopython -nobuiltin -parse -sverilog -I/tmpfs/src/github/sv-tests/third_party/tests/ivtest -I/tmpfs/src/github/sv-tests/third_party/tests/ivtest/ivltests <a href="../../../../third_party/tests/ivtest/ivltests/lh_catadd.v.html" target="file-frame">third_party/tests/ivtest/ivltests/lh_catadd.v</a>
[INF:CM0023] Creating log file ./slpp_all/surelog.log.

[WRN:PA0205] <a href="../../../../third_party/tests/ivtest/ivltests/lh_catadd.v.html#l-20" target="file-frame">third_party/tests/ivtest/ivltests/lh_catadd.v:20</a>: No timescale set for &#34;test&#34;.

[INF:CP0300] Compilation...

[INF:CP0303] <a href="../../../../third_party/tests/ivtest/ivltests/lh_catadd.v.html#l-20" target="file-frame">third_party/tests/ivtest/ivltests/lh_catadd.v:20</a>: Compile module &#34;work@test&#34;.

[INF:EL0526] Design Elaboration...

[NTE:EL0503] <a href="../../../../third_party/tests/ivtest/ivltests/lh_catadd.v.html#l-20" target="file-frame">third_party/tests/ivtest/ivltests/lh_catadd.v:20</a>: Top level module &#34;work@test&#34;.

[NTE:EL0508] Nb Top level modules: 1.

[NTE:EL0509] Max instance depth: 1.

[NTE:EL0510] Nb instances: 1.

[NTE:EL0511] Nb leaf instances: 0.

[  FATAL] : 0
[ SYNTAX] : 0
[  ERROR] : 0
[WARNING] : 1
[   NOTE] : 5
+ cat /tmpfs/tmp/tmps4ejoel8/yosys-script
read_uhdm slpp_all/surelog.uhdm
hierarchy -check -top \work_test
proc
check
memory_dff
memory_collect
stat
check
write_json
write_verilog
+ yosys-uhdm -s /tmpfs/tmp/tmps4ejoel8/yosys-script

 /----------------------------------------------------------------------------\
 |                                                                            |
 |  yosys -- Yosys Open SYnthesis Suite                                       |
 |                                                                            |
 |  Copyright (C) 2012 - 2020  Claire Wolf &lt;claire@symbioticeda.com&gt;          |
 |                                                                            |
 |  Permission to use, copy, modify, and/or distribute this software for any  |
 |  purpose with or without fee is hereby granted, provided that the above    |
 |  copyright notice and this permission notice appear in all copies.         |
 |                                                                            |
 |  THE SOFTWARE IS PROVIDED &#34;AS IS&#34; AND THE AUTHOR DISCLAIMS ALL WARRANTIES  |
 |  WITH REGARD TO THIS SOFTWARE INCLUDING ALL IMPLIED WARRANTIES OF          |
 |  MERCHANTABILITY AND FITNESS. IN NO EVENT SHALL THE AUTHOR BE LIABLE FOR   |
 |  ANY SPECIAL, DIRECT, INDIRECT, OR CONSEQUENTIAL DAMAGES OR ANY DAMAGES    |
 |  WHATSOEVER RESULTING FROM LOSS OF USE, DATA OR PROFITS, WHETHER IN AN     |
 |  ACTION OF CONTRACT, NEGLIGENCE OR OTHER TORTIOUS ACTION, ARISING OUT OF   |
 |  OR IN CONNECTION WITH THE USE OR PERFORMANCE OF THIS SOFTWARE.            |
 |                                                                            |
 \----------------------------------------------------------------------------/

 Yosys 0.9+2406 (git sha1 410a291f, clang 7.0.0 -fvisibility-inlines-hidden -fmessage-length=0 -march=nocona -mtune=haswell -ftree-vectorize -fPIC -fstack-protector-strong -fno-plt -O2 -ffunction-sections -fdebug-prefix-map=/tmp/really-really-really-really-really-really-really-really-really-really-really-really-really-long-path/conda/conda-bld/uhdm-integration_1594060930077/work=/usr/local/src/conda/uhdm-integration-0.0_0090_g40649a7 -fdebug-prefix-map=/home/kbuilder/miniconda/envs/sv-test-env=/usr/local/src/conda-prefix -fPIC -Os)


-- Executing script file `/tmpfs/tmp/tmps4ejoel8/yosys-script&#39; --

1. Executing UHDM frontend.
design: (work@test)
 |vpiName:work@test
 |uhdmallPackages:
 \_package: builtin, parent:work@test
   |vpiDefName:builtin
   |vpiFullName:builtin
 |uhdmallClasses:
 \_class_defn: (builtin::array)
   |vpiName:builtin::array
   |vpiFullName:builtin.builtin::array
 |uhdmallClasses:
 \_class_defn: (builtin::queue)
   |vpiName:builtin::queue
   |vpiFullName:builtin.builtin::queue
 |uhdmallClasses:
 \_class_defn: (builtin::string)
   |vpiName:builtin::string
   |vpiFullName:builtin.builtin::string
 |uhdmallClasses:
 \_class_defn: (builtin::system)
   |vpiName:builtin::system
   |vpiFullName:builtin.builtin::system
 |uhdmallModules:
 \_module: work@test, file:<a href="../../../../third_party/tests/ivtest/ivltests/lh_catadd.v.html" target="file-frame">third_party/tests/ivtest/ivltests/lh_catadd.v</a>, line:20, parent:work@test
   |vpiDefName:work@test
   |vpiFullName:work@test
   |vpiProcess:
   \_initial: 
     |vpiStmt:
     \_begin: , line:27
       |vpiFullName:work@test
       |vpiStmt:
       \_delay_control: , line:28
         |#1
         |vpiStmt:
         \_if_stmt: , line:29
           |vpiCondition:
           \_operation: , line:29
             |vpiOpType:17
             |vpiOperand:
             \_ref_obj: (carry), line:29
               |vpiName:carry
               |vpiFullName:work@test.carry
             |vpiOperand:
             \_constant: , line:29
               |vpiConstType:3
               |vpiDecompile:&#39;b1
               |vpiSize:1
               |BIN:1
           |vpiStmt:
           \_begin: , line:29
             |vpiFullName:work@test
             |vpiStmt:
             \_sys_func_call: ($display), line:30
               |vpiName:$display
               |vpiArgument:
               \_constant: , line:30
                 |vpiConstType:6
                 |vpiDecompile:&#34;FAILED: carry === %b&#34;
                 |vpiSize:22
                 |STRING:&#34;FAILED: carry === %b&#34;
               |vpiArgument:
               \_ref_obj: (carry), line:30
                 |vpiName:carry
             |vpiStmt:
             \_sys_func_call: ($finish), line:31
               |vpiName:$finish
       |vpiStmt:
       \_if_stmt: , line:34
         |vpiCondition:
         \_operation: , line:34
           |vpiOpType:17
           |vpiOperand:
           \_ref_obj: (sum), line:34
             |vpiName:sum
             |vpiFullName:work@test.sum
           |vpiOperand:
           \_constant: , line:34
             |vpiConstType:3
             |vpiDecompile:4&#39;b0100
             |vpiSize:4
             |BIN:4&#39;b0100
         |vpiStmt:
         \_begin: , line:34
           |vpiFullName:work@test
           |vpiStmt:
           \_sys_func_call: ($display), line:35
             |vpiName:$display
             |vpiArgument:
             \_constant: , line:35
               |vpiConstType:6
               |vpiDecompile:&#34;FAILED: sum === %b&#34;
               |vpiSize:20
               |STRING:&#34;FAILED: sum === %b&#34;
             |vpiArgument:
             \_ref_obj: (sum), line:35
               |vpiName:sum
           |vpiStmt:
           \_sys_func_call: ($finish), line:36
             |vpiName:$finish
       |vpiStmt:
       \_sys_func_call: ($display), line:39
         |vpiName:$display
         |vpiArgument:
         \_constant: , line:39
           |vpiConstType:6
           |vpiDecompile:&#34;Correct results {carry,sum} === %b,%b&#34;
           |vpiSize:39
           |STRING:&#34;Correct results {carry,sum} === %b,%b&#34;
         |vpiArgument:
         \_ref_obj: (carry), line:39
           |vpiName:carry
         |vpiArgument:
         \_ref_obj: (sum), line:39
           |vpiName:sum
       |vpiStmt:
       \_sys_func_call: ($display), line:40
         |vpiName:$display
         |vpiArgument:
         \_constant: , line:40
           |vpiConstType:6
           |vpiDecompile:&#34;PASSED&#34;
           |vpiSize:8
           |STRING:&#34;PASSED&#34;
   |vpiContAssign:
   \_cont_assign: , line:25
     |vpiRhs:
     \_operation: , line:25
       |vpiOpType:24
       |vpiOperand:
       \_ref_obj: (a), line:25
         |vpiName:a
         |vpiFullName:work@test.a
       |vpiOperand:
       \_ref_obj: (b), line:25
         |vpiName:b
         |vpiFullName:work@test.b
     |vpiLhs:
     \_operation: , line:25
       |vpiOpType:33
       |vpiOperand:
       \_ref_obj: (carry), line:25
         |vpiName:carry
       |vpiOperand:
       \_ref_obj: (sum), line:25
         |vpiName:sum
   |vpiNet:
   \_logic_net: (a), line:22
     |vpiName:a
     |vpiFullName:work@test.a
     |vpiNetType:1
   |vpiNet:
   \_logic_net: (b), line:22
     |vpiName:b
     |vpiFullName:work@test.b
     |vpiNetType:1
   |vpiNet:
   \_logic_net: (sum), line:23
     |vpiName:sum
     |vpiFullName:work@test.sum
     |vpiNetType:1
   |vpiNet:
   \_logic_net: (carry), line:24
     |vpiName:carry
     |vpiFullName:work@test.carry
     |vpiNetType:1
 |uhdmtopModules:
 \_module: work@test (work@test), file:<a href="../../../../third_party/tests/ivtest/ivltests/lh_catadd.v.html" target="file-frame">third_party/tests/ivtest/ivltests/lh_catadd.v</a>, line:20
   |vpiDefName:work@test
   |vpiName:work@test
   |vpiNet:
   \_logic_net: (a), line:22, parent:work@test
     |vpiName:a
     |vpiFullName:work@test.a
     |vpiNetType:1
     |vpiRange:
     \_range: , line:22
       |vpiLeftRange:
       \_constant: , line:22
         |vpiConstType:7
         |vpiDecompile:3
         |vpiSize:32
         |INT:3
       |vpiRightRange:
       \_constant: , line:22
         |vpiConstType:7
         |vpiDecompile:0
         |vpiSize:32
         |INT:0
   |vpiNet:
   \_logic_net: (b), line:22, parent:work@test
     |vpiName:b
     |vpiFullName:work@test.b
     |vpiNetType:1
     |vpiRange:
     \_range: , line:22
       |vpiLeftRange:
       \_constant: , line:22
         |vpiConstType:7
         |vpiDecompile:3
         |vpiSize:32
         |INT:3
       |vpiRightRange:
       \_constant: , line:22
         |vpiConstType:7
         |vpiDecompile:0
         |vpiSize:32
         |INT:0
   |vpiNet:
   \_logic_net: (sum), line:23, parent:work@test
     |vpiName:sum
     |vpiFullName:work@test.sum
     |vpiNetType:1
     |vpiRange:
     \_range: , line:23
       |vpiLeftRange:
       \_constant: , line:23
         |vpiConstType:7
         |vpiDecompile:3
         |vpiSize:32
         |INT:3
       |vpiRightRange:
       \_constant: , line:23
         |vpiConstType:7
         |vpiDecompile:0
         |vpiSize:32
         |INT:0
   |vpiNet:
   \_logic_net: (carry), line:24, parent:work@test
     |vpiName:carry
     |vpiFullName:work@test.carry
     |vpiNetType:1
Object: \work_test of type 3000
Object: \work_test of type 32
Object: \a of type 36
Object:  of type 115
Object:  of type 7
Object:  of type 7
Object: \b of type 36
Object:  of type 115
Object:  of type 7
Object:  of type 7
Object: \sum of type 36
Object:  of type 115
Object:  of type 7
Object:  of type 7
Object: \carry of type 36
Object: \work_test of type 32
Object:  of type 8
Object:  of type 39
Object: \carry of type 608
Object: \sum of type 608
Object:  of type 39
Object: \a of type 608
Object: \b of type 608
Object:  of type 24
Object:  of type 4
Object:  of type 11
ERROR: Encountered unhandled object type: 11

</pre>
</body>