<head>
  <style>
    .log { font-family: "Courier New", Consolas, monospace; font-size: 80%; }
    .test-failed { background-color: #ffaaaa; }
    .test-passed { background-color: #aaffaa; }
  </style>
</head>
<body>
<h3><a href="https://github.com/alainmarcel/uhdm-integration" target="_blank">yosys-uhdm</a></h3>
<pre class="test-failed">
description: Test imported from ivtest
rc: 139 (means success: 0)
should_fail_because: 
tags: ivtest
incdirs: /tmpfs/src/github/sv-tests/third_party/tests/ivtest /tmpfs/src/github/sv-tests/third_party/tests/ivtest/ivltests
top_module: 
type: parsing
mode: parsing
files: <a href="../../../../third_party/tests/ivtest/ivltests/param_times.v.html" target="file-frame">third_party/tests/ivtest/ivltests/param_times.v</a>
defines: 
time_elapsed: 1.328s
ram usage: 40016 KB
</pre>
<pre class="log">

sh /tmpfs/tmp/tmpf2b4jgpp/scr.sh
+ surelog-uhdm -nopython -nobuiltin -parse -sverilog -I/tmpfs/src/github/sv-tests/third_party/tests/ivtest -I/tmpfs/src/github/sv-tests/third_party/tests/ivtest/ivltests <a href="../../../../third_party/tests/ivtest/ivltests/param_times.v.html" target="file-frame">third_party/tests/ivtest/ivltests/param_times.v</a>
[INF:CM0023] Creating log file ./slpp_all/surelog.log.

[WRN:PA0205] <a href="../../../../third_party/tests/ivtest/ivltests/param_times.v.html#l-25" target="file-frame">third_party/tests/ivtest/ivltests/param_times.v:25</a>: No timescale set for &#34;foo&#34;.

[WRN:PA0205] <a href="../../../../third_party/tests/ivtest/ivltests/param_times.v.html#l-42" target="file-frame">third_party/tests/ivtest/ivltests/param_times.v:42</a>: No timescale set for &#34;bar&#34;.

[INF:CP0300] Compilation...

[INF:CP0303] <a href="../../../../third_party/tests/ivtest/ivltests/param_times.v.html#l-42" target="file-frame">third_party/tests/ivtest/ivltests/param_times.v:42</a>: Compile module &#34;work@bar&#34;.

[INF:CP0303] <a href="../../../../third_party/tests/ivtest/ivltests/param_times.v.html#l-25" target="file-frame">third_party/tests/ivtest/ivltests/param_times.v:25</a>: Compile module &#34;work@foo&#34;.

[NTE:CP0309] <a href="../../../../third_party/tests/ivtest/ivltests/param_times.v.html#l-25" target="file-frame">third_party/tests/ivtest/ivltests/param_times.v:25</a>: Implicit port type (wire) for &#34;out&#34;.

[INF:EL0526] Design Elaboration...

[NTE:EL0503] <a href="../../../../third_party/tests/ivtest/ivltests/param_times.v.html#l-42" target="file-frame">third_party/tests/ivtest/ivltests/param_times.v:42</a>: Top level module &#34;work@bar&#34;.

[NTE:EL0508] Nb Top level modules: 1.

[NTE:EL0509] Max instance depth: 2.

[NTE:EL0510] Nb instances: 2.

[NTE:EL0511] Nb leaf instances: 0.

[  FATAL] : 0
[ SYNTAX] : 0
[  ERROR] : 0
[WARNING] : 2
[   NOTE] : 6
+ cat /tmpfs/tmp/tmpf2b4jgpp/yosys-script
read_uhdm slpp_all/surelog.uhdm
hierarchy -check -top \work_foo
proc
check
memory_dff
memory_collect
stat
check
write_json
write_verilog
+ yosys-uhdm -s /tmpfs/tmp/tmpf2b4jgpp/yosys-script

 /----------------------------------------------------------------------------\
 |                                                                            |
 |  yosys -- Yosys Open SYnthesis Suite                                       |
 |                                                                            |
 |  Copyright (C) 2012 - 2020  Claire Wolf &lt;claire@symbioticeda.com&gt;          |
 |                                                                            |
 |  Permission to use, copy, modify, and/or distribute this software for any  |
 |  purpose with or without fee is hereby granted, provided that the above    |
 |  copyright notice and this permission notice appear in all copies.         |
 |                                                                            |
 |  THE SOFTWARE IS PROVIDED &#34;AS IS&#34; AND THE AUTHOR DISCLAIMS ALL WARRANTIES  |
 |  WITH REGARD TO THIS SOFTWARE INCLUDING ALL IMPLIED WARRANTIES OF          |
 |  MERCHANTABILITY AND FITNESS. IN NO EVENT SHALL THE AUTHOR BE LIABLE FOR   |
 |  ANY SPECIAL, DIRECT, INDIRECT, OR CONSEQUENTIAL DAMAGES OR ANY DAMAGES    |
 |  WHATSOEVER RESULTING FROM LOSS OF USE, DATA OR PROFITS, WHETHER IN AN     |
 |  ACTION OF CONTRACT, NEGLIGENCE OR OTHER TORTIOUS ACTION, ARISING OUT OF   |
 |  OR IN CONNECTION WITH THE USE OR PERFORMANCE OF THIS SOFTWARE.            |
 |                                                                            |
 \----------------------------------------------------------------------------/

 Yosys 0.9+2406 (git sha1 410a291f, clang 7.0.0 -fvisibility-inlines-hidden -fmessage-length=0 -march=nocona -mtune=haswell -ftree-vectorize -fPIC -fstack-protector-strong -fno-plt -O2 -ffunction-sections -fdebug-prefix-map=/tmp/really-really-really-really-really-really-really-really-really-really-really-really-really-long-path/conda/conda-bld/uhdm-integration_1594060930077/work=/usr/local/src/conda/uhdm-integration-0.0_0090_g40649a7 -fdebug-prefix-map=/home/kbuilder/miniconda/envs/sv-test-env=/usr/local/src/conda-prefix -fPIC -Os)


-- Executing script file `/tmpfs/tmp/tmpf2b4jgpp/yosys-script&#39; --

1. Executing UHDM frontend.
design: (work@bar)
 |vpiName:work@bar
 |uhdmallPackages:
 \_package: builtin, parent:work@bar
   |vpiDefName:builtin
   |vpiFullName:builtin
 |uhdmallClasses:
 \_class_defn: (builtin::array)
   |vpiName:builtin::array
   |vpiFullName:builtin.builtin::array
 |uhdmallClasses:
 \_class_defn: (builtin::queue)
   |vpiName:builtin::queue
   |vpiFullName:builtin.builtin::queue
 |uhdmallClasses:
 \_class_defn: (builtin::string)
   |vpiName:builtin::string
   |vpiFullName:builtin.builtin::string
 |uhdmallClasses:
 \_class_defn: (builtin::system)
   |vpiName:builtin::system
   |vpiFullName:builtin.builtin::system
 |uhdmallModules:
 \_module: work@bar, file:<a href="../../../../third_party/tests/ivtest/ivltests/param_times.v.html" target="file-frame">third_party/tests/ivtest/ivltests/param_times.v</a>, line:42, parent:work@bar
   |vpiDefName:work@bar
   |vpiFullName:work@bar
 |uhdmallModules:
 \_module: work@foo, file:<a href="../../../../third_party/tests/ivtest/ivltests/param_times.v.html" target="file-frame">third_party/tests/ivtest/ivltests/param_times.v</a>, line:25, parent:work@bar
   |vpiDefName:work@foo
   |vpiFullName:work@foo
   |vpiProcess:
   \_initial: 
     |vpiStmt:
     \_begin: , line:31
       |vpiFullName:work@foo
       |vpiStmt:
       \_if_stmt: , line:32
         |vpiCondition:
         \_operation: , line:32
           |vpiOpType:15
           |vpiOperand:
           \_ref_obj: (blah), line:32
             |vpiName:blah
             |vpiFullName:work@foo.blah
           |vpiOperand:
           \_constant: , line:32
             |vpiConstType:7
             |vpiDecompile:4
             |vpiSize:32
             |INT:4
         |vpiStmt:
         \_begin: , line:32
           |vpiFullName:work@foo
           |vpiStmt:
           \_sys_func_call: ($display), line:33
             |vpiName:$display
             |vpiArgument:
             \_constant: , line:33
               |vpiConstType:6
               |vpiDecompile:&#34;FAILED -- parameter override of blah failed: %d&#34;
               |vpiSize:49
               |STRING:&#34;FAILED -- parameter override of blah failed: %d&#34;
             |vpiArgument:
             \_ref_obj: (blah), line:33
               |vpiName:blah
           |vpiStmt:
           \_sys_func_call: ($finish), line:34
             |vpiName:$finish
       |vpiStmt:
       \_sys_func_call: ($display), line:37
         |vpiName:$display
         |vpiArgument:
         \_constant: , line:37
           |vpiConstType:6
           |vpiDecompile:&#34;PASSED&#34;
           |vpiSize:8
           |STRING:&#34;PASSED&#34;
   |vpiPort:
   \_port: (in), line:25
     |vpiName:in
     |vpiDirection:1
     |vpiLowConn:
     \_ref_obj: 
       |vpiActual:
       \_logic_net: (in), line:25
         |vpiName:in
         |vpiFullName:work@foo.in
   |vpiPort:
   \_port: (out), line:25
     |vpiName:out
     |vpiDirection:2
     |vpiLowConn:
     \_ref_obj: 
       |vpiActual:
       \_logic_net: (out), line:25
         |vpiName:out
         |vpiFullName:work@foo.out
   |vpiNet:
   \_logic_net: (in), line:25
   |vpiNet:
   \_logic_net: (out), line:25
   |vpiParamAssign:
   \_param_assign: , line:26
     |vpiRhs:
     \_constant: , line:26
       |vpiConstType:7
       |vpiDecompile:2
       |vpiSize:32
       |INT:2
     |vpiLhs:
     \_parameter: (blah), line:26
       |vpiName:blah
   |vpiParameter:
   \_parameter: (blah), line:26
 |uhdmtopModules:
 \_module: work@bar (work@bar), file:<a href="../../../../third_party/tests/ivtest/ivltests/param_times.v.html" target="file-frame">third_party/tests/ivtest/ivltests/param_times.v</a>, line:42
   |vpiDefName:work@bar
   |vpiName:work@bar
   |vpiModule:
   \_module: work@foo (yak), file:<a href="../../../../third_party/tests/ivtest/ivltests/param_times.v.html" target="file-frame">third_party/tests/ivtest/ivltests/param_times.v</a>, line:47, parent:work@bar
     |vpiDefName:work@foo
     |vpiName:yak
     |vpiFullName:work@bar.yak
     |vpiPort:
     \_port: (in), line:25, parent:yak
       |vpiName:in
       |vpiDirection:1
       |vpiLowConn:
       \_ref_obj: 
         |vpiActual:
         \_logic_net: (in), line:25, parent:yak
           |vpiName:in
           |vpiFullName:work@bar.yak.in
     |vpiPort:
     \_port: (out), line:25, parent:yak
       |vpiName:out
       |vpiDirection:2
       |vpiLowConn:
       \_ref_obj: 
         |vpiActual:
         \_logic_net: (out), line:25, parent:yak
           |vpiName:out
           |vpiFullName:work@bar.yak.out
     |vpiNet:
     \_logic_net: (in), line:25, parent:yak
     |vpiNet:
     \_logic_net: (out), line:25, parent:yak
     |vpiInstance:
     \_module: work@bar (work@bar), file:<a href="../../../../third_party/tests/ivtest/ivltests/param_times.v.html" target="file-frame">third_party/tests/ivtest/ivltests/param_times.v</a>, line:42
     |vpiParameter:
     \_parameter: (blah), line:47
       |vpiName:blah
       |INT:1
Object: \work_bar of type 3000
Object: \work_bar of type 32
Object: \yak of type 32
Object: \in of type 44
Object: \out of type 44
VPI ERROR: Bad usage of vpi_get_str
Segmentation fault

</pre>
</body>