<head>
  <style>
    .log { font-family: "Courier New", Consolas, monospace; font-size: 80%; }
    .test-failed { background-color: #ffaaaa; }
    .test-passed { background-color: #aaffaa; }
  </style>
</head>
<body>
<h3><a href="https://github.com/alainmarcel/uhdm-integration" target="_blank">yosys-uhdm</a></h3>
<pre class="test-failed">
description: Test imported from ivtest
rc: 134 (means success: 0)
should_fail: 0
tags: ivtest
incdirs: /tmpfs/src/github/sv-tests/third_party/tests/ivtest /tmpfs/src/github/sv-tests/third_party/tests/ivtest/ivltests
top_module: 
type: parsing
mode: parsing
files: <a href="../../../../third_party/tests/ivtest/ivltests/pr1489570.v.html" target="file-frame">third_party/tests/ivtest/ivltests/pr1489570.v</a>
defines: 
time_elapsed: 1.492s
ram usage: 42272 KB
</pre>
<pre class="log">

sh /tmpfs/tmp/tmp5w6v4n1m/scr.sh
+ surelog-uhdm -nopython -nobuiltin -parse -sverilog -I/tmpfs/src/github/sv-tests/third_party/tests/ivtest -I/tmpfs/src/github/sv-tests/third_party/tests/ivtest/ivltests <a href="../../../../third_party/tests/ivtest/ivltests/pr1489570.v.html" target="file-frame">third_party/tests/ivtest/ivltests/pr1489570.v</a>
[INF:CM0023] Creating log file ./slpp_all/surelog.log.

[WRN:PA0205] <a href="../../../../third_party/tests/ivtest/ivltests/pr1489570.v.html#l-1" target="file-frame">third_party/tests/ivtest/ivltests/pr1489570.v:1</a>: No timescale set for &#34;bug&#34;.

[INF:CP0300] Compilation...

[INF:CP0303] <a href="../../../../third_party/tests/ivtest/ivltests/pr1489570.v.html#l-1" target="file-frame">third_party/tests/ivtest/ivltests/pr1489570.v:1</a>: Compile module &#34;work@bug&#34;.

[INF:EL0526] Design Elaboration...

[NTE:EL0503] <a href="../../../../third_party/tests/ivtest/ivltests/pr1489570.v.html#l-1" target="file-frame">third_party/tests/ivtest/ivltests/pr1489570.v:1</a>: Top level module &#34;work@bug&#34;.

[NTE:EL0508] Nb Top level modules: 1.

[NTE:EL0509] Max instance depth: 1.

[NTE:EL0510] Nb instances: 1.

[NTE:EL0511] Nb leaf instances: 0.

[  FATAL] : 0
[ SYNTAX] : 0
[  ERROR] : 0
[WARNING] : 1
[   NOTE] : 5
+ cat /tmpfs/tmp/tmp5w6v4n1m/yosys-script
read_uhdm slpp_all/surelog.uhdm
hierarchy -check -top \work_bug
proc
check
memory_dff
memory_collect
stat
check
write_json
write_verilog
+ yosys-uhdm -s /tmpfs/tmp/tmp5w6v4n1m/yosys-script

 /----------------------------------------------------------------------------\
 |                                                                            |
 |  yosys -- Yosys Open SYnthesis Suite                                       |
 |                                                                            |
 |  Copyright (C) 2012 - 2020  Claire Wolf &lt;claire@symbioticeda.com&gt;          |
 |                                                                            |
 |  Permission to use, copy, modify, and/or distribute this software for any  |
 |  purpose with or without fee is hereby granted, provided that the above    |
 |  copyright notice and this permission notice appear in all copies.         |
 |                                                                            |
 |  THE SOFTWARE IS PROVIDED &#34;AS IS&#34; AND THE AUTHOR DISCLAIMS ALL WARRANTIES  |
 |  WITH REGARD TO THIS SOFTWARE INCLUDING ALL IMPLIED WARRANTIES OF          |
 |  MERCHANTABILITY AND FITNESS. IN NO EVENT SHALL THE AUTHOR BE LIABLE FOR   |
 |  ANY SPECIAL, DIRECT, INDIRECT, OR CONSEQUENTIAL DAMAGES OR ANY DAMAGES    |
 |  WHATSOEVER RESULTING FROM LOSS OF USE, DATA OR PROFITS, WHETHER IN AN     |
 |  ACTION OF CONTRACT, NEGLIGENCE OR OTHER TORTIOUS ACTION, ARISING OUT OF   |
 |  OR IN CONNECTION WITH THE USE OR PERFORMANCE OF THIS SOFTWARE.            |
 |                                                                            |
 \----------------------------------------------------------------------------/

 Yosys 0.9+2406 (git sha1 0a06379e, clang 7.0.0 -fvisibility-inlines-hidden -fmessage-length=0 -march=nocona -mtune=haswell -ftree-vectorize -fPIC -fstack-protector-strong -fno-plt -O2 -ffunction-sections -fdebug-prefix-map=/tmp/really-really-really-really-really-really-really-really-really-really-really-really-really-long-path/conda/conda-bld/uhdm-integration_1593156724456/work=/usr/local/src/conda/uhdm-integration-0.0_0080_g5facd9a -fdebug-prefix-map=/home/kbuilder/miniconda/envs/sv-test-env=/usr/local/src/conda-prefix -fPIC -Os)


-- Executing script file `/tmpfs/tmp/tmp5w6v4n1m/yosys-script&#39; --

1. Executing UHDM frontend.
design: (work@bug)
 |vpiName:work@bug
 |uhdmallPackages:
 \_package: builtin, parent:work@bug
   |vpiDefName:builtin
   |vpiFullName:builtin
 |uhdmallClasses:
 \_class_defn: (builtin::array)
   |vpiName:builtin::array
   |vpiFullName:builtin.builtin::array
 |uhdmallClasses:
 \_class_defn: (builtin::queue)
   |vpiName:builtin::queue
   |vpiFullName:builtin.builtin::queue
 |uhdmallClasses:
 \_class_defn: (builtin::string)
   |vpiName:builtin::string
   |vpiFullName:builtin.builtin::string
 |uhdmallClasses:
 \_class_defn: (builtin::system)
   |vpiName:builtin::system
   |vpiFullName:builtin.builtin::system
 |uhdmallModules:
 \_module: work@bug, file:<a href="../../../../third_party/tests/ivtest/ivltests/pr1489570.v.html" target="file-frame">third_party/tests/ivtest/ivltests/pr1489570.v</a>, line:1, parent:work@bug
   |vpiDefName:work@bug
   |vpiFullName:work@bug
   |vpiProcess:
   \_initial: 
     |vpiStmt:
     \_assignment: , line:5
       |vpiBlocking:1
       |vpiLhs:
       \_ref_obj: (e), line:5
         |vpiName:e
         |vpiFullName:work@bug.e
       |vpiRhs:
       \_constant: , line:5
         |vpiConstType:3
         |vpiDecompile:96&#39;d10
         |BIN:96&#39;d10
   |vpiProcess:
   \_initial: 
     |vpiStmt:
     \_assignment: , line:6
       |vpiBlocking:1
       |vpiLhs:
       \_ref_obj: (f), line:6
         |vpiName:f
         |vpiFullName:work@bug.f
       |vpiRhs:
       \_constant: , line:6
         |vpiConstType:5
         |vpiDecompile:96&#39;hAAAAAAAAAAAAAAAAAAAAAAAA
         |vpiSize:96
         |HEX:96&#39;hAAAAAAAAAAAAAAAAAAAAAAAA
   |vpiProcess:
   \_initial: 
     |vpiStmt:
     \_begin: , line:11
       |vpiFullName:work@bug
       |vpiStmt:
       \_delay_control: , line:12
         |#1
         |vpiStmt:
         \_sys_func_call: ($display), line:12
           |vpiName:$display
           |vpiArgument:
           \_constant: , line:12
             |vpiConstType:6
             |vpiDecompile:&#34;div=%h&#34;
             |vpiSize:8
             |STRING:&#34;div=%h&#34;
           |vpiArgument:
           \_ref_obj: (div), line:12
             |vpiName:div
       |vpiStmt:
       \_sys_func_call: ($display), line:13
         |vpiName:$display
         |vpiArgument:
         \_constant: , line:13
           |vpiConstType:6
           |vpiDecompile:&#34;mod=%h&#34;
           |vpiSize:8
           |STRING:&#34;mod=%h&#34;
         |vpiArgument:
         \_ref_obj: (mod), line:13
           |vpiName:mod
       |vpiStmt:
       \_if_stmt: , line:15
         |vpiCondition:
         \_operation: , line:15
           |vpiOpType:17
           |vpiOperand:
           \_ref_obj: (div), line:15
             |vpiName:div
             |vpiFullName:work@bug.div
           |vpiOperand:
           \_constant: , line:15
             |vpiConstType:3
             |vpiDecompile:96&#39;d0
             |BIN:96&#39;d0
         |vpiStmt:
         \_begin: , line:15
           |vpiFullName:work@bug
           |vpiStmt:
           \_sys_func_call: ($display), line:16
             |vpiName:$display
             |vpiArgument:
             \_constant: , line:16
               |vpiConstType:6
               |vpiDecompile:&#34;FAILED&#34;
               |vpiSize:8
               |STRING:&#34;FAILED&#34;
           |vpiStmt:
           \_sys_func_call: ($finish), line:17
             |vpiName:$finish
       |vpiStmt:
       \_if_stmt: , line:20
         |vpiCondition:
         \_operation: , line:20
           |vpiOpType:17
           |vpiOperand:
           \_ref_obj: (mod), line:20
             |vpiName:mod
             |vpiFullName:work@bug.mod
           |vpiOperand:
           \_constant: , line:20
             |vpiConstType:3
             |vpiDecompile:96&#39;d10
             |BIN:96&#39;d10
         |vpiStmt:
         \_begin: , line:20
           |vpiFullName:work@bug
           |vpiStmt:
           \_sys_func_call: ($display), line:21
             |vpiName:$display
             |vpiArgument:
             \_constant: , line:21
               |vpiConstType:6
               |vpiDecompile:&#34;FAILED&#34;
               |vpiSize:8
               |STRING:&#34;FAILED&#34;
           |vpiStmt:
           \_sys_func_call: ($finish), line:22
             |vpiName:$finish
       |vpiStmt:
       \_sys_func_call: ($display), line:25
         |vpiName:$display
         |vpiArgument:
         \_constant: , line:25
           |vpiConstType:6
           |vpiDecompile:&#34;PASSED&#34;
           |vpiSize:8
           |STRING:&#34;PASSED&#34;
       |vpiStmt:
       \_sys_func_call: ($finish), line:26
         |vpiName:$finish
   |vpiNet:
   \_logic_net: (e), line:3
     |vpiName:e
     |vpiFullName:work@bug.e
     |vpiNetType:48
   |vpiNet:
   \_logic_net: (f), line:4
     |vpiName:f
     |vpiFullName:work@bug.f
     |vpiNetType:48
   |vpiNet:
   \_logic_net: (div), line:8
     |vpiName:div
     |vpiFullName:work@bug.div
     |vpiNetType:1
   |vpiNet:
   \_logic_net: (mod), line:9
     |vpiName:mod
     |vpiFullName:work@bug.mod
     |vpiNetType:1
 |uhdmtopModules:
 \_module: work@bug (work@bug), file:<a href="../../../../third_party/tests/ivtest/ivltests/pr1489570.v.html" target="file-frame">third_party/tests/ivtest/ivltests/pr1489570.v</a>, line:1
   |vpiDefName:work@bug
   |vpiName:work@bug
   |vpiNet:
   \_logic_net: (e), line:3, parent:work@bug
     |vpiName:e
     |vpiFullName:work@bug.e
     |vpiNetType:48
     |vpiRange:
     \_range: , line:3
       |vpiLeftRange:
       \_constant: , line:3
         |vpiConstType:7
         |vpiDecompile:95
         |vpiSize:32
         |INT:95
       |vpiRightRange:
       \_constant: , line:3
         |vpiConstType:7
         |vpiDecompile:0
         |vpiSize:32
         |INT:0
   |vpiNet:
   \_logic_net: (f), line:4, parent:work@bug
     |vpiName:f
     |vpiFullName:work@bug.f
     |vpiNetType:48
     |vpiRange:
     \_range: , line:4
       |vpiLeftRange:
       \_constant: , line:4
         |vpiConstType:7
         |vpiDecompile:95
         |vpiSize:32
         |INT:95
       |vpiRightRange:
       \_constant: , line:4
         |vpiConstType:7
         |vpiDecompile:0
         |vpiSize:32
         |INT:0
   |vpiNet:
   \_logic_net: (div), line:8, parent:work@bug
     |vpiName:div
     |vpiFullName:work@bug.div
     |vpiNetType:1
     |vpiRange:
     \_range: , line:8
       |vpiLeftRange:
       \_constant: , line:8
         |vpiConstType:7
         |vpiDecompile:95
         |vpiSize:32
         |INT:95
       |vpiRightRange:
       \_constant: , line:8
         |vpiConstType:7
         |vpiDecompile:0
         |vpiSize:32
         |INT:0
   |vpiNet:
   \_logic_net: (mod), line:9, parent:work@bug
     |vpiName:mod
     |vpiFullName:work@bug.mod
     |vpiNetType:1
     |vpiRange:
     \_range: , line:9
       |vpiLeftRange:
       \_constant: , line:9
         |vpiConstType:7
         |vpiDecompile:95
         |vpiSize:32
         |INT:95
       |vpiRightRange:
       \_constant: , line:9
         |vpiConstType:7
         |vpiDecompile:0
         |vpiSize:32
         |INT:0
Object: \work_bug of type 3000
Object: \work_bug of type 32
Object: \e of type 36
Object:  of type 115
Object:  of type 7
Object:  of type 7
Object: \f of type 36
Object:  of type 115
Object:  of type 7
Object:  of type 7
Object: \div of type 36
Object:  of type 115
Object:  of type 7
Object:  of type 7
Object: \mod of type 36
Object:  of type 115
Object:  of type 7
Object:  of type 7
Object: \work_bug of type 32
Object:  of type 24
Object:  of type 3
Object: \e of type 608
Object:  of type 7
Object:  of type 24
Object:  of type 3
Object: \f of type 608
Object:  of type 7
terminate called after throwing an instance of &#39;std::out_of_range&#39;
  what():  stoi
Aborted

</pre>
</body>