<head>
  <style>
    .log { font-family: "Courier New", Consolas, monospace; font-size: 80%; }
    .test-failed { background-color: #ffaaaa; }
    .test-passed { background-color: #aaffaa; }
  </style>
</head>
<body>
<h3><a href="https://github.com/alainmarcel/uhdm-integration" target="_blank">yosys-uhdm</a></h3>
<pre class="test-failed">
description: Test imported from ivtest
rc: 1 (means success: 0)
tags: ivtest
incdirs: /tmpfs/src/github/sv-tests/third_party/tests/ivtest /tmpfs/src/github/sv-tests/third_party/tests/ivtest/ivltests
top_module: 
type: parsing
mode: parsing
files: <a href="../../../../third_party/tests/ivtest/ivltests/pr142.v.html" target="file-frame">third_party/tests/ivtest/ivltests/pr142.v</a>
defines: 
time_elapsed: 1.452s
ram usage: 36128 KB
</pre>
<pre class="log">

sh /tmpfs/tmp/tmpssz8rpb0/scr.sh
+ surelog-uhdm -nopython -nobuiltin -parse -sverilog -I/tmpfs/src/github/sv-tests/third_party/tests/ivtest -I/tmpfs/src/github/sv-tests/third_party/tests/ivtest/ivltests <a href="../../../../third_party/tests/ivtest/ivltests/pr142.v.html" target="file-frame">third_party/tests/ivtest/ivltests/pr142.v</a>
[INF:CM0023] Creating log file ./slpp_all/surelog.log.

[WRN:PA0205] <a href="../../../../third_party/tests/ivtest/ivltests/pr142.v.html#l-21" target="file-frame">third_party/tests/ivtest/ivltests/pr142.v:21</a>: No timescale set for &#34;testit&#34;.

[INF:CP0300] Compilation...

[INF:CP0303] <a href="../../../../third_party/tests/ivtest/ivltests/pr142.v.html#l-21" target="file-frame">third_party/tests/ivtest/ivltests/pr142.v:21</a>: Compile module &#34;work@testit&#34;.

[INF:EL0526] Design Elaboration...

[NTE:EL0503] <a href="../../../../third_party/tests/ivtest/ivltests/pr142.v.html#l-21" target="file-frame">third_party/tests/ivtest/ivltests/pr142.v:21</a>: Top level module &#34;work@testit&#34;.

[NTE:EL0508] Nb Top level modules: 1.

[NTE:EL0509] Max instance depth: 1.

[NTE:EL0510] Nb instances: 1.

[NTE:EL0511] Nb leaf instances: 0.

[  FATAL] : 0
[ SYNTAX] : 0
[  ERROR] : 0
[WARNING] : 1
[   NOTE] : 5
+ cat /tmpfs/tmp/tmpssz8rpb0/yosys-script
read_uhdm slpp_all/surelog.uhdm
hierarchy -check -top \work_testit
proc
check
memory_dff
memory_collect
stat
check
write_json
write_verilog
+ yosys-uhdm -s /tmpfs/tmp/tmpssz8rpb0/yosys-script

 /----------------------------------------------------------------------------\
 |                                                                            |
 |  yosys -- Yosys Open SYnthesis Suite                                       |
 |                                                                            |
 |  Copyright (C) 2012 - 2020  Claire Wolf &lt;claire@symbioticeda.com&gt;          |
 |                                                                            |
 |  Permission to use, copy, modify, and/or distribute this software for any  |
 |  purpose with or without fee is hereby granted, provided that the above    |
 |  copyright notice and this permission notice appear in all copies.         |
 |                                                                            |
 |  THE SOFTWARE IS PROVIDED &#34;AS IS&#34; AND THE AUTHOR DISCLAIMS ALL WARRANTIES  |
 |  WITH REGARD TO THIS SOFTWARE INCLUDING ALL IMPLIED WARRANTIES OF          |
 |  MERCHANTABILITY AND FITNESS. IN NO EVENT SHALL THE AUTHOR BE LIABLE FOR   |
 |  ANY SPECIAL, DIRECT, INDIRECT, OR CONSEQUENTIAL DAMAGES OR ANY DAMAGES    |
 |  WHATSOEVER RESULTING FROM LOSS OF USE, DATA OR PROFITS, WHETHER IN AN     |
 |  ACTION OF CONTRACT, NEGLIGENCE OR OTHER TORTIOUS ACTION, ARISING OUT OF   |
 |  OR IN CONNECTION WITH THE USE OR PERFORMANCE OF THIS SOFTWARE.            |
 |                                                                            |
 \----------------------------------------------------------------------------/

 Yosys 0.9+2406 (git sha1 410a291f, clang 7.0.0 -fvisibility-inlines-hidden -fmessage-length=0 -march=nocona -mtune=haswell -ftree-vectorize -fPIC -fstack-protector-strong -fno-plt -O2 -ffunction-sections -fdebug-prefix-map=/tmp/really-really-really-really-really-really-really-really-really-really-really-really-really-long-path/conda/conda-bld/uhdm-integration_1594060930077/work=/usr/local/src/conda/uhdm-integration-0.0_0090_g40649a7 -fdebug-prefix-map=/home/kbuilder/miniconda/envs/sv-test-env=/usr/local/src/conda-prefix -fPIC -Os)


-- Executing script file `/tmpfs/tmp/tmpssz8rpb0/yosys-script&#39; --

1. Executing UHDM frontend.
design: (work@testit)
 |vpiName:work@testit
 |uhdmallPackages:
 \_package: builtin, parent:work@testit
   |vpiDefName:builtin
   |vpiFullName:builtin
 |uhdmallClasses:
 \_class_defn: (builtin::array)
   |vpiName:builtin::array
   |vpiFullName:builtin.builtin::array
 |uhdmallClasses:
 \_class_defn: (builtin::queue)
   |vpiName:builtin::queue
   |vpiFullName:builtin.builtin::queue
 |uhdmallClasses:
 \_class_defn: (builtin::string)
   |vpiName:builtin::string
   |vpiFullName:builtin.builtin::string
 |uhdmallClasses:
 \_class_defn: (builtin::system)
   |vpiName:builtin::system
   |vpiFullName:builtin.builtin::system
 |uhdmallModules:
 \_module: work@testit, file:<a href="../../../../third_party/tests/ivtest/ivltests/pr142.v.html" target="file-frame">third_party/tests/ivtest/ivltests/pr142.v</a>, line:21, parent:work@testit
   |vpiDefName:work@testit
   |vpiFullName:work@testit
   |vpiProcess:
   \_always: , line:26
     |vpiAlwaysType:1
     |vpiStmt:
     \_begin: , line:27
       |vpiFullName:work@testit
       |vpiStmt:
       \_delay_control: , line:28
         |#50
         |vpiStmt:
         \_assignment: , line:28
           |vpiBlocking:1
           |vpiLhs:
           \_ref_obj: (clk), line:28
             |vpiName:clk
             |vpiFullName:work@testit.clk
           |vpiRhs:
           \_operation: , line:28
             |vpiOpType:4
             |vpiOperand:
             \_ref_obj: (clk), line:28
               |vpiName:clk
               |vpiFullName:work@testit.clk
   |vpiProcess:
   \_initial: 
     |vpiStmt:
     \_begin: , line:46
       |vpiFullName:work@testit
       |vpiStmt:
       \_assignment: , line:47
         |vpiBlocking:1
         |vpiLhs:
         \_ref_obj: (clk), line:47
           |vpiName:clk
           |vpiFullName:work@testit.clk
         |vpiRhs:
         \_constant: , line:47
           |vpiConstType:7
           |vpiDecompile:0
           |vpiSize:32
           |INT:0
       |vpiStmt:
       \_assignment: , line:48
         |vpiBlocking:1
         |vpiLhs:
         \_ref_obj: (cnt), line:48
           |vpiName:cnt
           |vpiFullName:work@testit.cnt
         |vpiRhs:
         \_constant: , line:48
           |vpiConstType:7
           |vpiDecompile:0
           |vpiSize:32
           |INT:0
       |vpiStmt:
       \_sys_func_call: ($display), line:49
         |vpiName:$display
         |vpiArgument:
         \_constant: , line:49
           |vpiConstType:6
           |vpiDecompile:&#34;One&#34;
           |vpiSize:5
           |STRING:&#34;One&#34;
       |vpiStmt:
       \_assignment: , line:50
         |vpiBlocking:1
         |vpiLhs:
         \_ref_obj: (cnt), line:50
           |vpiName:cnt
           |vpiFullName:work@testit.cnt
         |vpiRhs:
         \_operation: , line:50
           |vpiOpType:24
           |vpiOperand:
           \_ref_obj: (cnt), line:50
             |vpiName:cnt
             |vpiFullName:work@testit.cnt
           |vpiOperand:
           \_constant: , line:50
             |vpiConstType:7
             |vpiDecompile:1
             |vpiSize:32
             |INT:1
       |vpiStmt:
       \_task_call: (idle), line:51
         |vpiName:idle
         |vpiTask:
         \_task: (idle), line:31
           |vpiName:idle
           |vpiFullName:work@testit.idle
           |vpiStmt:
           \_begin: , parent:idle
             |vpiFullName:work@testit.idle
             |vpiStmt:
             \_named_begin: (idletask), line:34
               |vpiName:idletask
               |vpiFullName:work@testit.idle.idletask
               |vpiStmt:
               \_for_stmt: , line:37, parent:idletask
                 |vpiFullName:work@testit.idle.idletask
                 |vpiCondition:
                 \_operation: , line:37
                   |vpiOpType:20
                   |vpiOperand:
                   \_ref_obj: (i), line:37
                     |vpiName:i
                     |vpiFullName:work@testit.idle.idletask.i
                   |vpiOperand:
                   \_ref_obj: (waitcnt), line:37
                     |vpiName:waitcnt
                     |vpiFullName:work@testit.idle.idletask.waitcnt
                 |vpiForInitStmt:
                 \_assign_stmt: 
                   |vpiRhs:
                   \_unsupported_expr: , line:21
                     |STRING:module testit;

                   |vpiLhs:
                   \_logic_var: (@@BAD_SYMBOL@@), line:37
                     |vpiName:@@BAD_SYMBOL@@
                     |vpiFullName:work@testit.idle.idletask.@@BAD_SYMBOL@@
                 |vpiForIncStmt:
                 \_operation: , line:37
                   |vpiOpType:82
                   |vpiOperand:
                   \_ref_obj: (i), line:37
                     |vpiName:i
                 |vpiStmt:
                 \_begin: , line:38
                   |vpiFullName:work@testit.idle.idletask
                   |vpiStmt:
                   \_event_control: , line:39
                     |vpiCondition:
                     \_operation: , line:39
                       |vpiOpType:39
                       |vpiOperand:
                       \_ref_obj: (clk), line:39
                         |vpiName:clk
                         |vpiFullName:work@testit.idle.idletask.clk
         |vpiArgument:
         \_constant: , line:51
           |vpiConstType:7
           |vpiDecompile:3
           |vpiSize:32
           |INT:3
       |vpiStmt:
       \_assignment: , line:52
         |vpiBlocking:1
         |vpiLhs:
         \_ref_obj: (cnt), line:52
           |vpiName:cnt
           |vpiFullName:work@testit.cnt
         |vpiRhs:
         \_operation: , line:52
           |vpiOpType:24
           |vpiOperand:
           \_ref_obj: (cnt), line:52
             |vpiName:cnt
             |vpiFullName:work@testit.cnt
           |vpiOperand:
           \_constant: , line:52
             |vpiConstType:7
             |vpiDecompile:1
             |vpiSize:32
             |INT:1
       |vpiStmt:
       \_sys_func_call: ($display), line:53
         |vpiName:$display
         |vpiArgument:
         \_constant: , line:53
           |vpiConstType:6
           |vpiDecompile:&#34;Two&#34;
           |vpiSize:5
           |STRING:&#34;Two&#34;
       |vpiStmt:
       \_if_else: , line:54
         |vpiCondition:
         \_operation: , line:54
           |vpiOpType:16
           |vpiOperand:
           \_ref_obj: (cnt), line:54
             |vpiName:cnt
             |vpiFullName:work@testit.cnt
           |vpiOperand:
           \_constant: , line:54
             |vpiConstType:7
             |vpiDecompile:2
             |vpiSize:32
             |INT:2
         |vpiStmt:
         \_sys_func_call: ($display), line:55
           |vpiName:$display
           |vpiArgument:
           \_constant: , line:55
             |vpiConstType:6
             |vpiDecompile:&#34;PASSED&#34;
             |vpiSize:8
             |STRING:&#34;PASSED&#34;
         |vpiElseStmt:
         \_sys_func_call: ($display), line:57
           |vpiName:$display
           |vpiArgument:
           \_constant: , line:57
             |vpiConstType:6
             |vpiDecompile:&#34;FAILED&#34;
             |vpiSize:8
             |STRING:&#34;FAILED&#34;
       |vpiStmt:
       \_sys_func_call: ($finish), line:58
         |vpiName:$finish
   |vpiTaskFunc:
   \_task: (idle), line:31
   |vpiNet:
   \_logic_net: (clk), line:23
     |vpiName:clk
     |vpiFullName:work@testit.clk
     |vpiNetType:48
   |vpiNet:
   \_logic_net: (cnt), line:24
     |vpiName:cnt
     |vpiFullName:work@testit.cnt
     |vpiNetType:48
 |uhdmtopModules:
 \_module: work@testit (work@testit), file:<a href="../../../../third_party/tests/ivtest/ivltests/pr142.v.html" target="file-frame">third_party/tests/ivtest/ivltests/pr142.v</a>, line:21
   |vpiDefName:work@testit
   |vpiName:work@testit
   |vpiNet:
   \_logic_net: (clk), line:23, parent:work@testit
     |vpiName:clk
     |vpiFullName:work@testit.clk
     |vpiNetType:48
   |vpiNet:
   \_logic_net: (cnt), line:24, parent:work@testit
     |vpiName:cnt
     |vpiFullName:work@testit.cnt
     |vpiNetType:48
     |vpiRange:
     \_range: , line:24
       |vpiLeftRange:
       \_constant: , line:24
         |vpiConstType:7
         |vpiDecompile:2
         |vpiSize:32
         |INT:2
       |vpiRightRange:
       \_constant: , line:24
         |vpiConstType:7
         |vpiDecompile:0
         |vpiSize:32
         |INT:0
Object: \work_testit of type 3000
Object: \work_testit of type 32
Object: \clk of type 36
Object: \cnt of type 36
Object:  of type 115
Object:  of type 7
Object:  of type 7
Object: \work_testit of type 32
Object:  of type 1
Object:  of type 4
Object:  of type 11
ERROR: Encountered unhandled object type: 11

</pre>
</body>