<head>
  <style>
    .log { font-family: "Courier New", Consolas, monospace; font-size: 80%; }
    .test-failed { background-color: #ffaaaa; }
    .test-passed { background-color: #aaffaa; }
  </style>
</head>
<body>
<h3><a href="https://github.com/alainmarcel/uhdm-integration" target="_blank">yosys-uhdm</a></h3>
<pre class="test-failed">
description: Test imported from ivtest
rc: 1 (means success: 0)
should_fail_because: 
tags: ivtest
incdirs: /tmpfs/src/github/sv-tests/third_party/tests/ivtest /tmpfs/src/github/sv-tests/third_party/tests/ivtest/ivltests
top_module: 
type: parsing
mode: parsing
files: <a href="../../../../third_party/tests/ivtest/ivltests/pr1570635b.v.html" target="file-frame">third_party/tests/ivtest/ivltests/pr1570635b.v</a>
defines: 
time_elapsed: 1.344s
ram usage: 39208 KB
</pre>
<pre class="log">

sh /tmpfs/tmp/tmpikzoqe0_/scr.sh
+ surelog-uhdm -nopython -nobuiltin -parse -sverilog -I/tmpfs/src/github/sv-tests/third_party/tests/ivtest -I/tmpfs/src/github/sv-tests/third_party/tests/ivtest/ivltests <a href="../../../../third_party/tests/ivtest/ivltests/pr1570635b.v.html" target="file-frame">third_party/tests/ivtest/ivltests/pr1570635b.v</a>
[INF:CM0023] Creating log file ./slpp_all/surelog.log.

[WRN:PA0205] <a href="../../../../third_party/tests/ivtest/ivltests/pr1570635b.v.html#l-1" target="file-frame">third_party/tests/ivtest/ivltests/pr1570635b.v:1</a>: No timescale set for &#34;test&#34;.

[INF:CP0300] Compilation...

[INF:CP0303] <a href="../../../../third_party/tests/ivtest/ivltests/pr1570635b.v.html#l-1" target="file-frame">third_party/tests/ivtest/ivltests/pr1570635b.v:1</a>: Compile module &#34;work@test&#34;.

[INF:EL0526] Design Elaboration...

[NTE:EL0503] <a href="../../../../third_party/tests/ivtest/ivltests/pr1570635b.v.html#l-1" target="file-frame">third_party/tests/ivtest/ivltests/pr1570635b.v:1</a>: Top level module &#34;work@test&#34;.

[NTE:EL0508] Nb Top level modules: 1.

[NTE:EL0509] Max instance depth: 1.

[NTE:EL0510] Nb instances: 1.

[NTE:EL0511] Nb leaf instances: 0.

[  FATAL] : 0
[ SYNTAX] : 0
[  ERROR] : 0
[WARNING] : 1
[   NOTE] : 5
+ cat /tmpfs/tmp/tmpikzoqe0_/yosys-script
read_uhdm slpp_all/surelog.uhdm
hierarchy -check -top \work_test
proc
check
memory_dff
memory_collect
stat
check
write_json
write_verilog
+ yosys-uhdm -s /tmpfs/tmp/tmpikzoqe0_/yosys-script

 /----------------------------------------------------------------------------\
 |                                                                            |
 |  yosys -- Yosys Open SYnthesis Suite                                       |
 |                                                                            |
 |  Copyright (C) 2012 - 2020  Claire Wolf &lt;claire@symbioticeda.com&gt;          |
 |                                                                            |
 |  Permission to use, copy, modify, and/or distribute this software for any  |
 |  purpose with or without fee is hereby granted, provided that the above    |
 |  copyright notice and this permission notice appear in all copies.         |
 |                                                                            |
 |  THE SOFTWARE IS PROVIDED &#34;AS IS&#34; AND THE AUTHOR DISCLAIMS ALL WARRANTIES  |
 |  WITH REGARD TO THIS SOFTWARE INCLUDING ALL IMPLIED WARRANTIES OF          |
 |  MERCHANTABILITY AND FITNESS. IN NO EVENT SHALL THE AUTHOR BE LIABLE FOR   |
 |  ANY SPECIAL, DIRECT, INDIRECT, OR CONSEQUENTIAL DAMAGES OR ANY DAMAGES    |
 |  WHATSOEVER RESULTING FROM LOSS OF USE, DATA OR PROFITS, WHETHER IN AN     |
 |  ACTION OF CONTRACT, NEGLIGENCE OR OTHER TORTIOUS ACTION, ARISING OUT OF   |
 |  OR IN CONNECTION WITH THE USE OR PERFORMANCE OF THIS SOFTWARE.            |
 |                                                                            |
 \----------------------------------------------------------------------------/

 Yosys 0.9+2406 (git sha1 410a291f, clang 7.0.0 -fvisibility-inlines-hidden -fmessage-length=0 -march=nocona -mtune=haswell -ftree-vectorize -fPIC -fstack-protector-strong -fno-plt -O2 -ffunction-sections -fdebug-prefix-map=/tmp/really-really-really-really-really-really-really-really-really-really-really-really-really-long-path/conda/conda-bld/uhdm-integration_1594060930077/work=/usr/local/src/conda/uhdm-integration-0.0_0090_g40649a7 -fdebug-prefix-map=/home/kbuilder/miniconda/envs/sv-test-env=/usr/local/src/conda-prefix -fPIC -Os)


-- Executing script file `/tmpfs/tmp/tmpikzoqe0_/yosys-script&#39; --

1. Executing UHDM frontend.
design: (work@test)
 |vpiName:work@test
 |uhdmallPackages:
 \_package: builtin, parent:work@test
   |vpiDefName:builtin
   |vpiFullName:builtin
 |uhdmallClasses:
 \_class_defn: (builtin::array)
   |vpiName:builtin::array
   |vpiFullName:builtin.builtin::array
 |uhdmallClasses:
 \_class_defn: (builtin::queue)
   |vpiName:builtin::queue
   |vpiFullName:builtin.builtin::queue
 |uhdmallClasses:
 \_class_defn: (builtin::string)
   |vpiName:builtin::string
   |vpiFullName:builtin.builtin::string
 |uhdmallClasses:
 \_class_defn: (builtin::system)
   |vpiName:builtin::system
   |vpiFullName:builtin.builtin::system
 |uhdmallModules:
 \_module: work@test, file:<a href="../../../../third_party/tests/ivtest/ivltests/pr1570635b.v.html" target="file-frame">third_party/tests/ivtest/ivltests/pr1570635b.v</a>, line:1, parent:work@test
   |vpiDefName:work@test
   |vpiFullName:work@test
   |vpiProcess:
   \_initial: 
     |vpiStmt:
     \_begin: , line:13
       |vpiFullName:work@test
       |vpiStmt:
       \_assignment: , line:14
         |vpiBlocking:1
         |vpiLhs:
         \_ref_obj: (a), line:14
           |vpiName:a
           |vpiFullName:work@test.a
         |vpiRhs:
         \_constant: , line:14
           |vpiConstType:5
           |vpiDecompile:16&#39;h8000
           |vpiSize:16
           |HEX:16&#39;h8000
       |vpiStmt:
       \_assignment: , line:15
         |vpiBlocking:1
         |vpiLhs:
         \_ref_obj: (b), line:15
           |vpiName:b
           |vpiFullName:work@test.b
         |vpiRhs:
         \_constant: , line:15
           |vpiConstType:5
           |vpiDecompile:16&#39;h8000
           |vpiSize:16
           |HEX:16&#39;h8000
       |vpiStmt:
       \_assignment: , line:16
         |vpiBlocking:1
         |vpiLhs:
         \_ref_obj: (answer), line:16
           |vpiName:answer
           |vpiFullName:work@test.answer
         |vpiRhs:
         \_operation: , line:16
           |vpiOpType:23
           |vpiOperand:
           \_operation: , line:16
             |vpiOpType:24
             |vpiOperand:
             \_operation: , line:16
               |vpiOpType:24
               |vpiOperand:
               \_ref_obj: (a), line:16
                 |vpiName:a
                 |vpiFullName:work@test.a
               |vpiOperand:
               \_ref_obj: (b), line:16
                 |vpiName:b
                 |vpiFullName:work@test.b
             |vpiOperand:
             \_constant: , line:16
               |vpiConstType:7
               |vpiDecompile:0
               |vpiSize:32
               |INT:0
           |vpiOperand:
           \_constant: , line:16
             |vpiConstType:7
             |vpiDecompile:1
             |vpiSize:32
             |INT:1
       |vpiStmt:
       \_if_stmt: , line:17
         |vpiCondition:
         \_operation: , line:17
           |vpiOpType:15
           |vpiOperand:
           \_ref_obj: (answer), line:17
             |vpiName:answer
             |vpiFullName:work@test.answer
           |vpiOperand:
           \_constant: , line:17
             |vpiConstType:5
             |vpiDecompile:16&#39;h8000
             |vpiSize:16
             |HEX:16&#39;h8000
         |vpiStmt:
         \_begin: , line:18
           |vpiFullName:work@test
           |vpiStmt:
           \_sys_func_call: ($display), line:19
             |vpiName:$display
             |vpiArgument:
             \_constant: , line:19
               |vpiConstType:6
               |vpiDecompile:&#34;FAILED -- expected 16&#39;h8000  received 16&#39;h%h&#34;
               |vpiSize:46
               |STRING:&#34;FAILED -- expected 16&#39;h8000  received 16&#39;h%h&#34;
             |vpiArgument:
             \_ref_obj: (answer), line:19
               |vpiName:answer
           |vpiStmt:
           \_sys_func_call: ($finish), line:20
             |vpiName:$finish
       |vpiStmt:
       \_sys_func_call: ($display), line:22
         |vpiName:$display
         |vpiArgument:
         \_constant: , line:22
           |vpiConstType:6
           |vpiDecompile:&#34;PASSED&#34;
           |vpiSize:8
           |STRING:&#34;PASSED&#34;
   |vpiNet:
   \_logic_net: (a), line:10
     |vpiName:a
     |vpiFullName:work@test.a
     |vpiNetType:48
   |vpiNet:
   \_logic_net: (b), line:10
     |vpiName:b
     |vpiFullName:work@test.b
     |vpiNetType:48
   |vpiNet:
   \_logic_net: (answer), line:10
     |vpiName:answer
     |vpiFullName:work@test.answer
     |vpiNetType:48
 |uhdmtopModules:
 \_module: work@test (work@test), file:<a href="../../../../third_party/tests/ivtest/ivltests/pr1570635b.v.html" target="file-frame">third_party/tests/ivtest/ivltests/pr1570635b.v</a>, line:1
   |vpiDefName:work@test
   |vpiName:work@test
   |vpiNet:
   \_logic_net: (a), line:10, parent:work@test
     |vpiName:a
     |vpiFullName:work@test.a
     |vpiNetType:48
     |vpiRange:
     \_range: , line:10
       |vpiLeftRange:
       \_constant: , line:10
         |vpiConstType:7
         |vpiDecompile:15
         |vpiSize:32
         |INT:15
       |vpiRightRange:
       \_constant: , line:10
         |vpiConstType:7
         |vpiDecompile:0
         |vpiSize:32
         |INT:0
   |vpiNet:
   \_logic_net: (b), line:10, parent:work@test
     |vpiName:b
     |vpiFullName:work@test.b
     |vpiNetType:48
     |vpiRange:
     \_range: , line:10
       |vpiLeftRange:
       \_constant: , line:10
         |vpiConstType:7
         |vpiDecompile:15
         |vpiSize:32
         |INT:15
       |vpiRightRange:
       \_constant: , line:10
         |vpiConstType:7
         |vpiDecompile:0
         |vpiSize:32
         |INT:0
   |vpiNet:
   \_logic_net: (answer), line:10, parent:work@test
     |vpiName:answer
     |vpiFullName:work@test.answer
     |vpiNetType:48
     |vpiRange:
     \_range: , line:10
       |vpiLeftRange:
       \_constant: , line:10
         |vpiConstType:7
         |vpiDecompile:15
         |vpiSize:32
         |INT:15
       |vpiRightRange:
       \_constant: , line:10
         |vpiConstType:7
         |vpiDecompile:0
         |vpiSize:32
         |INT:0
Object: \work_test of type 3000
Object: \work_test of type 32
Object: \a of type 36
Object:  of type 115
Object:  of type 7
Object:  of type 7
Object: \b of type 36
Object:  of type 115
Object:  of type 7
Object:  of type 7
Object: \answer of type 36
Object:  of type 115
Object:  of type 7
Object:  of type 7
Object: \work_test of type 32
Object:  of type 24
Object:  of type 4
Object:  of type 3
Object: \a of type 608
Object:  of type 7
Object:  of type 3
Object: \b of type 608
Object:  of type 7
Object:  of type 3
Object: \answer of type 608
Object:  of type 39
Object:  of type 39
Object:  of type 39
Object: \a of type 608
Object: \b of type 608
Object:  of type 7
Object:  of type 7
ERROR: Encountered unhandled operation: 23

</pre>
</body>