<head>
  <style>
    .log { font-family: "Courier New", Consolas, monospace; font-size: 80%; }
    .test-failed { background-color: #ffaaaa; }
    .test-passed { background-color: #aaffaa; }
  </style>
</head>
<body>
<h3><a href="https://github.com/alainmarcel/uhdm-integration" target="_blank">yosys-uhdm</a></h3>
<pre class="test-failed">
description: Test imported from ivtest
rc: 1 (means success: 0)
should_fail_because: 
tags: ivtest
incdirs: /tmpfs/src/github/sv-tests/third_party/tests/ivtest /tmpfs/src/github/sv-tests/third_party/tests/ivtest/ivltests
top_module: 
type: parsing
mode: parsing
files: <a href="../../../../third_party/tests/ivtest/ivltests/pr1983762.v.html" target="file-frame">third_party/tests/ivtest/ivltests/pr1983762.v</a>
defines: 
time_elapsed: 1.048s
ram usage: 34220 KB
</pre>
<pre class="log">

sh /tmpfs/tmp/tmp4f4tbkdq/scr.sh
+ surelog-uhdm -nopython -nobuiltin -parse -sverilog -I/tmpfs/src/github/sv-tests/third_party/tests/ivtest -I/tmpfs/src/github/sv-tests/third_party/tests/ivtest/ivltests <a href="../../../../third_party/tests/ivtest/ivltests/pr1983762.v.html" target="file-frame">third_party/tests/ivtest/ivltests/pr1983762.v</a>
[INF:CM0023] Creating log file ./slpp_all/surelog.log.

[WRN:PA0205] <a href="../../../../third_party/tests/ivtest/ivltests/pr1983762.v.html#l-1" target="file-frame">third_party/tests/ivtest/ivltests/pr1983762.v:1</a>: No timescale set for &#34;main&#34;.

[WRN:PA0205] <a href="../../../../third_party/tests/ivtest/ivltests/pr1983762.v.html#l-16" target="file-frame">third_party/tests/ivtest/ivltests/pr1983762.v:16</a>: No timescale set for &#34;print&#34;.

[INF:CP0300] Compilation...

[INF:CP0303] <a href="../../../../third_party/tests/ivtest/ivltests/pr1983762.v.html#l-1" target="file-frame">third_party/tests/ivtest/ivltests/pr1983762.v:1</a>: Compile module &#34;work@main&#34;.

[INF:CP0303] <a href="../../../../third_party/tests/ivtest/ivltests/pr1983762.v.html#l-16" target="file-frame">third_party/tests/ivtest/ivltests/pr1983762.v:16</a>: Compile module &#34;work@print&#34;.

[INF:EL0526] Design Elaboration...

[NTE:EL0503] <a href="../../../../third_party/tests/ivtest/ivltests/pr1983762.v.html#l-1" target="file-frame">third_party/tests/ivtest/ivltests/pr1983762.v:1</a>: Top level module &#34;work@main&#34;.

[NTE:EL0508] Nb Top level modules: 1.

[NTE:EL0509] Max instance depth: 2.

[NTE:EL0510] Nb instances: 2.

[NTE:EL0511] Nb leaf instances: 0.

[  FATAL] : 0
[ SYNTAX] : 0
[  ERROR] : 0
[WARNING] : 2
[   NOTE] : 5
+ cat /tmpfs/tmp/tmp4f4tbkdq/yosys-script
read_uhdm slpp_all/surelog.uhdm
hierarchy -check -top \work_main
proc
check
memory_dff
memory_collect
stat
check
write_json
write_verilog
+ yosys-uhdm -s /tmpfs/tmp/tmp4f4tbkdq/yosys-script

 /----------------------------------------------------------------------------\
 |                                                                            |
 |  yosys -- Yosys Open SYnthesis Suite                                       |
 |                                                                            |
 |  Copyright (C) 2012 - 2020  Claire Wolf &lt;claire@symbioticeda.com&gt;          |
 |                                                                            |
 |  Permission to use, copy, modify, and/or distribute this software for any  |
 |  purpose with or without fee is hereby granted, provided that the above    |
 |  copyright notice and this permission notice appear in all copies.         |
 |                                                                            |
 |  THE SOFTWARE IS PROVIDED &#34;AS IS&#34; AND THE AUTHOR DISCLAIMS ALL WARRANTIES  |
 |  WITH REGARD TO THIS SOFTWARE INCLUDING ALL IMPLIED WARRANTIES OF          |
 |  MERCHANTABILITY AND FITNESS. IN NO EVENT SHALL THE AUTHOR BE LIABLE FOR   |
 |  ANY SPECIAL, DIRECT, INDIRECT, OR CONSEQUENTIAL DAMAGES OR ANY DAMAGES    |
 |  WHATSOEVER RESULTING FROM LOSS OF USE, DATA OR PROFITS, WHETHER IN AN     |
 |  ACTION OF CONTRACT, NEGLIGENCE OR OTHER TORTIOUS ACTION, ARISING OUT OF   |
 |  OR IN CONNECTION WITH THE USE OR PERFORMANCE OF THIS SOFTWARE.            |
 |                                                                            |
 \----------------------------------------------------------------------------/

 Yosys 0.9+2406 (git sha1 0a06379e, clang 7.0.0 -fvisibility-inlines-hidden -fmessage-length=0 -march=nocona -mtune=haswell -ftree-vectorize -fPIC -fstack-protector-strong -fno-plt -O2 -ffunction-sections -fdebug-prefix-map=/tmp/really-really-really-really-really-really-really-really-really-really-really-really-really-long-path/conda/conda-bld/uhdm-integration_1593156724456/work=/usr/local/src/conda/uhdm-integration-0.0_0080_g5facd9a -fdebug-prefix-map=/home/kbuilder/miniconda/envs/sv-test-env=/usr/local/src/conda-prefix -fPIC -Os)


-- Executing script file `/tmpfs/tmp/tmp4f4tbkdq/yosys-script&#39; --

1. Executing UHDM frontend.
design: (work@main)
 |vpiName:work@main
 |uhdmallPackages:
 \_package: builtin, parent:work@main
   |vpiDefName:builtin
   |vpiFullName:builtin
 |uhdmallClasses:
 \_class_defn: (builtin::array)
   |vpiName:builtin::array
   |vpiFullName:builtin.builtin::array
 |uhdmallClasses:
 \_class_defn: (builtin::queue)
   |vpiName:builtin::queue
   |vpiFullName:builtin.builtin::queue
 |uhdmallClasses:
 \_class_defn: (builtin::string)
   |vpiName:builtin::string
   |vpiFullName:builtin.builtin::string
 |uhdmallClasses:
 \_class_defn: (builtin::system)
   |vpiName:builtin::system
   |vpiFullName:builtin.builtin::system
 |uhdmallModules:
 \_module: work@main, file:<a href="../../../../third_party/tests/ivtest/ivltests/pr1983762.v.html" target="file-frame">third_party/tests/ivtest/ivltests/pr1983762.v</a>, line:1, parent:work@main
   |vpiDefName:work@main
   |vpiFullName:work@main
   |vpiProcess:
   \_initial: 
     |vpiStmt:
     \_begin: , line:8
       |vpiFullName:work@main
       |vpiStmt:
       \_assignment: , line:9
         |vpiBlocking:1
         |vpiLhs:
         \_ref_obj: (clk), line:9
           |vpiName:clk
           |vpiFullName:work@main.clk
         |vpiRhs:
         \_constant: , line:9
           |vpiConstType:7
           |vpiDecompile:0
           |vpiSize:32
           |INT:0
       |vpiStmt:
       \_delay_control: , line:10
         |#1
         |vpiStmt:
         \_assignment: , line:10
           |vpiBlocking:1
           |vpiLhs:
           \_ref_obj: (clk), line:10
             |vpiName:clk
             |vpiFullName:work@main.clk
           |vpiRhs:
           \_constant: , line:10
             |vpiConstType:7
             |vpiDecompile:1
             |vpiSize:32
             |INT:1
       |vpiStmt:
       \_delay_control: , line:11
         |#1
         |vpiStmt:
         \_sys_func_call: ($finish), line:11
           |vpiName:$finish
   |vpiNet:
   \_logic_net: (clk), line:3
     |vpiName:clk
     |vpiFullName:work@main.clk
     |vpiNetType:48
   |vpiParamAssign:
   \_param_assign: , line:5
     |vpiRhs:
     \_constant: , line:5
       |vpiConstType:7
       |vpiDecompile:100
       |vpiSize:32
       |INT:100
     |vpiLhs:
     \_parameter: (TEST), line:5
       |vpiName:TEST
       |vpiLocalParam:1
       |vpiTypespec:
       \_int_typespec: , line:5
   |vpiParameter:
   \_parameter: (TEST), line:5
 |uhdmallModules:
 \_module: work@print, file:<a href="../../../../third_party/tests/ivtest/ivltests/pr1983762.v.html" target="file-frame">third_party/tests/ivtest/ivltests/pr1983762.v</a>, line:16, parent:work@main
   |vpiDefName:work@print
   |vpiFullName:work@print
   |vpiProcess:
   \_always: , line:21
     |vpiAlwaysType:1
     |vpiStmt:
     \_event_control: , line:21
       |vpiCondition:
       \_operation: , line:21
         |vpiOpType:39
         |vpiOperand:
         \_ref_obj: (clk), line:21
           |vpiName:clk
           |vpiFullName:work@print.clk
       |vpiStmt:
       \_begin: , line:21
         |vpiFullName:work@print
         |vpiStmt:
         \_if_stmt: , line:22
           |vpiCondition:
           \_operation: , line:22
             |vpiOpType:17
             |vpiOperand:
             \_ref_obj: (number), line:22
               |vpiName:number
               |vpiFullName:work@print.number
             |vpiOperand:
             \_constant: , line:22
               |vpiConstType:7
               |vpiDecompile:100
               |vpiSize:32
               |INT:100
           |vpiStmt:
           \_begin: , line:22
             |vpiFullName:work@print
             |vpiStmt:
             \_sys_func_call: ($display), line:23
               |vpiName:$display
               |vpiArgument:
               \_constant: , line:23
                 |vpiConstType:6
                 |vpiDecompile:&#34;FAILED -- number=%d\n&#34;
                 |vpiSize:23
                 |STRING:&#34;FAILED -- number=%d\n&#34;
               |vpiArgument:
               \_ref_obj: (number), line:23
                 |vpiName:number
             |vpiStmt:
             \_sys_func_call: ($finish), line:24
               |vpiName:$finish
         |vpiStmt:
         \_sys_func_call: ($display), line:26
           |vpiName:$display
           |vpiArgument:
           \_constant: , line:26
             |vpiConstType:6
             |vpiDecompile:&#34;%s&#34;
             |vpiSize:4
             |STRING:&#34;%s&#34;
           |vpiArgument:
           \_ref_obj: (message), line:26
             |vpiName:message
   |vpiPort:
   \_port: (clk), line:16
     |vpiName:clk
     |vpiDirection:1
     |vpiLowConn:
     \_ref_obj: 
       |vpiActual:
       \_logic_net: (clk), line:16
         |vpiName:clk
         |vpiFullName:work@print.clk
         |vpiNetType:1
   |vpiNet:
   \_logic_net: (clk), line:16
   |vpiParamAssign:
   \_param_assign: , line:18
     |vpiRhs:
     \_constant: , line:18
       |vpiConstType:6
       |vpiDecompile:&#34;&#34;
       |vpiSize:2
       |STRING:&#34;&#34;
     |vpiLhs:
     \_parameter: (message), line:18
       |vpiName:message
   |vpiParamAssign:
   \_param_assign: , line:19
     |vpiRhs:
     \_constant: , line:19
       |vpiConstType:7
       |vpiDecompile:0
       |vpiSize:32
       |INT:0
     |vpiLhs:
     \_parameter: (number), line:19
       |vpiName:number
   |vpiParameter:
   \_parameter: (message), line:18
   |vpiParameter:
   \_parameter: (number), line:19
 |uhdmtopModules:
 \_module: work@main (work@main), file:<a href="../../../../third_party/tests/ivtest/ivltests/pr1983762.v.html" target="file-frame">third_party/tests/ivtest/ivltests/pr1983762.v</a>, line:1
   |vpiDefName:work@main
   |vpiName:work@main
   |vpiModule:
   \_module: work@print (foo), file:<a href="../../../../third_party/tests/ivtest/ivltests/pr1983762.v.html" target="file-frame">third_party/tests/ivtest/ivltests/pr1983762.v</a>, line:6, parent:work@main
     |vpiDefName:work@print
     |vpiName:foo
     |vpiFullName:work@main.foo
     |vpiPort:
     \_port: (clk), line:16, parent:foo
       |vpiName:clk
       |vpiDirection:1
       |vpiHighConn:
       \_ref_obj: (clk), line:6
         |vpiName:clk
         |vpiActual:
         \_logic_net: (clk), line:3, parent:work@main
           |vpiName:clk
           |vpiFullName:work@main.clk
           |vpiNetType:48
       |vpiLowConn:
       \_ref_obj: 
         |vpiActual:
         \_logic_net: (clk), line:16, parent:foo
           |vpiName:clk
           |vpiFullName:work@main.foo.clk
           |vpiNetType:1
     |vpiNet:
     \_logic_net: (clk), line:16, parent:foo
     |vpiInstance:
     \_module: work@main (work@main), file:<a href="../../../../third_party/tests/ivtest/ivltests/pr1983762.v.html" target="file-frame">third_party/tests/ivtest/ivltests/pr1983762.v</a>, line:1
     |vpiParameter:
     \_parameter: (message), line:6
       |vpiName:message
       |STRING:&#34;PASSED&#34;
     |vpiParameter:
     \_parameter: (number), line:6
       |vpiName:number
       |INT:100
   |vpiNet:
   \_logic_net: (clk), line:3, parent:work@main
   |vpiParameter:
   \_parameter: (TEST), line:5
     |vpiName:TEST
     |INT:100
Object: \work_main of type 3000
Object: \work_main of type 32
Object: \foo of type 32
Object: \clk of type 44
Object: \message of type 41
ERROR: Encountered unhandled parameter format: 8

</pre>
</body>