<head>
  <style>
    .log { font-family: "Courier New", Consolas, monospace; font-size: 80%; }
    .test-failed { background-color: #ffaaaa; }
    .test-passed { background-color: #aaffaa; }
  </style>
</head>
<body>
<h3><a href="https://github.com/alainmarcel/uhdm-integration" target="_blank">yosys-uhdm</a></h3>
<pre class="test-failed">
description: Test imported from ivtest
rc: 1 (means success: 0)
tags: ivtest
incdirs: /tmpfs/src/github/sv-tests/third_party/tests/ivtest /tmpfs/src/github/sv-tests/third_party/tests/ivtest/ivltests
top_module: 
type: parsing
mode: parsing
files: <a href="../../../../third_party/tests/ivtest/ivltests/pr1903520.v.html" target="file-frame">third_party/tests/ivtest/ivltests/pr1903520.v</a>
defines: 
time_elapsed: 1.212s
ram usage: 40272 KB
</pre>
<pre class="log">

sh /tmpfs/tmp/tmpfwpko4y3/scr.sh
+ surelog-uhdm -nopython -nobuiltin -parse -sverilog -I/tmpfs/src/github/sv-tests/third_party/tests/ivtest -I/tmpfs/src/github/sv-tests/third_party/tests/ivtest/ivltests <a href="../../../../third_party/tests/ivtest/ivltests/pr1903520.v.html" target="file-frame">third_party/tests/ivtest/ivltests/pr1903520.v</a>
[INF:CM0023] Creating log file ./slpp_all/surelog.log.

[WRN:PA0205] <a href="../../../../third_party/tests/ivtest/ivltests/pr1903520.v.html#l-1" target="file-frame">third_party/tests/ivtest/ivltests/pr1903520.v:1</a>: No timescale set for &#34;test&#34;.

[WRN:PA0205] <a href="../../../../third_party/tests/ivtest/ivltests/pr1903520.v.html#l-10" target="file-frame">third_party/tests/ivtest/ivltests/pr1903520.v:10</a>: No timescale set for &#34;a&#34;.

[INF:CP0300] Compilation...

[INF:CP0303] <a href="../../../../third_party/tests/ivtest/ivltests/pr1903520.v.html#l-10" target="file-frame">third_party/tests/ivtest/ivltests/pr1903520.v:10</a>: Compile module &#34;work@a&#34;.

[INF:CP0303] <a href="../../../../third_party/tests/ivtest/ivltests/pr1903520.v.html#l-1" target="file-frame">third_party/tests/ivtest/ivltests/pr1903520.v:1</a>: Compile module &#34;work@test&#34;.

[INF:EL0526] Design Elaboration...

[NTE:EL0503] <a href="../../../../third_party/tests/ivtest/ivltests/pr1903520.v.html#l-1" target="file-frame">third_party/tests/ivtest/ivltests/pr1903520.v:1</a>: Top level module &#34;work@test&#34;.

[NTE:EL0508] Nb Top level modules: 1.

[NTE:EL0509] Max instance depth: 2.

[NTE:EL0510] Nb instances: 2.

[NTE:EL0511] Nb leaf instances: 1.

[  FATAL] : 0
[ SYNTAX] : 0
[  ERROR] : 0
[WARNING] : 2
[   NOTE] : 5
+ cat /tmpfs/tmp/tmpfwpko4y3/yosys-script
read_uhdm slpp_all/surelog.uhdm
hierarchy -check -top \work_test
proc
check
memory_dff
memory_collect
stat
check
write_json
write_verilog
+ yosys-uhdm -s /tmpfs/tmp/tmpfwpko4y3/yosys-script

 /----------------------------------------------------------------------------\
 |                                                                            |
 |  yosys -- Yosys Open SYnthesis Suite                                       |
 |                                                                            |
 |  Copyright (C) 2012 - 2020  Claire Wolf &lt;claire@symbioticeda.com&gt;          |
 |                                                                            |
 |  Permission to use, copy, modify, and/or distribute this software for any  |
 |  purpose with or without fee is hereby granted, provided that the above    |
 |  copyright notice and this permission notice appear in all copies.         |
 |                                                                            |
 |  THE SOFTWARE IS PROVIDED &#34;AS IS&#34; AND THE AUTHOR DISCLAIMS ALL WARRANTIES  |
 |  WITH REGARD TO THIS SOFTWARE INCLUDING ALL IMPLIED WARRANTIES OF          |
 |  MERCHANTABILITY AND FITNESS. IN NO EVENT SHALL THE AUTHOR BE LIABLE FOR   |
 |  ANY SPECIAL, DIRECT, INDIRECT, OR CONSEQUENTIAL DAMAGES OR ANY DAMAGES    |
 |  WHATSOEVER RESULTING FROM LOSS OF USE, DATA OR PROFITS, WHETHER IN AN     |
 |  ACTION OF CONTRACT, NEGLIGENCE OR OTHER TORTIOUS ACTION, ARISING OUT OF   |
 |  OR IN CONNECTION WITH THE USE OR PERFORMANCE OF THIS SOFTWARE.            |
 |                                                                            |
 \----------------------------------------------------------------------------/

 Yosys 0.9+2406 (git sha1 410a291f, clang 7.0.0 -fvisibility-inlines-hidden -fmessage-length=0 -march=nocona -mtune=haswell -ftree-vectorize -fPIC -fstack-protector-strong -fno-plt -O2 -ffunction-sections -fdebug-prefix-map=/tmp/really-really-really-really-really-really-really-really-really-really-really-really-really-long-path/conda/conda-bld/uhdm-integration_1594060930077/work=/usr/local/src/conda/uhdm-integration-0.0_0090_g40649a7 -fdebug-prefix-map=/home/kbuilder/miniconda/envs/sv-test-env=/usr/local/src/conda-prefix -fPIC -Os)


-- Executing script file `/tmpfs/tmp/tmpfwpko4y3/yosys-script&#39; --

1. Executing UHDM frontend.
design: (work@test)
 |vpiName:work@test
 |uhdmallPackages:
 \_package: builtin, parent:work@test
   |vpiDefName:builtin
   |vpiFullName:builtin
 |uhdmallClasses:
 \_class_defn: (builtin::array)
   |vpiName:builtin::array
   |vpiFullName:builtin.builtin::array
 |uhdmallClasses:
 \_class_defn: (builtin::queue)
   |vpiName:builtin::queue
   |vpiFullName:builtin.builtin::queue
 |uhdmallClasses:
 \_class_defn: (builtin::string)
   |vpiName:builtin::string
   |vpiFullName:builtin.builtin::string
 |uhdmallClasses:
 \_class_defn: (builtin::system)
   |vpiName:builtin::system
   |vpiFullName:builtin.builtin::system
 |uhdmallModules:
 \_module: work@a, file:<a href="../../../../third_party/tests/ivtest/ivltests/pr1903520.v.html" target="file-frame">third_party/tests/ivtest/ivltests/pr1903520.v</a>, line:10, parent:work@test
   |vpiDefName:work@a
   |vpiFullName:work@a
   |vpiProcess:
   \_initial: 
     |vpiStmt:
     \_delay_control: , line:12
       |#1
       |vpiStmt:
       \_if_else: , line:12
         |vpiCondition:
         \_ref_obj: (b), line:12
           |vpiName:b
           |vpiFullName:work@a.b
         |vpiStmt:
         \_sys_func_call: ($display), line:12
           |vpiName:$display
           |vpiArgument:
           \_constant: , line:12
             |vpiConstType:6
             |vpiDecompile:&#34;PASSED&#34;
             |vpiSize:8
             |STRING:&#34;PASSED&#34;
         |vpiElseStmt:
         \_sys_func_call: ($display), line:12
           |vpiName:$display
           |vpiArgument:
           \_constant: , line:12
             |vpiConstType:6
             |vpiDecompile:&#34;FAILED&#34;
             |vpiSize:8
             |STRING:&#34;FAILED&#34;
   |vpiPort:
   \_port: (b), line:10
     |vpiName:b
     |vpiDirection:1
     |vpiLowConn:
     \_ref_obj: 
       |vpiActual:
       \_logic_net: (b), line:10
         |vpiName:b
         |vpiFullName:work@a.b
   |vpiNet:
   \_logic_net: (b), line:10
 |uhdmallModules:
 \_module: work@test, file:<a href="../../../../third_party/tests/ivtest/ivltests/pr1903520.v.html" target="file-frame">third_party/tests/ivtest/ivltests/pr1903520.v</a>, line:1, parent:work@test
   |vpiDefName:work@test
   |vpiFullName:work@test
   |vpiContAssign:
   \_cont_assign: , line:4
     |vpiRhs:
     \_constant: , line:4
       |vpiConstType:7
       |vpiDecompile:0
       |vpiSize:32
       |INT:0
     |vpiLhs:
     \_bit_select: (b), line:4
       |vpiName:b
       |vpiFullName:work@test.b
       |vpiIndex:
       \_constant: , line:4
         |vpiConstType:7
         |vpiDecompile:0
         |vpiSize:32
         |INT:0
   |vpiNet:
   \_logic_net: (b), line:2
     |vpiName:b
     |vpiFullName:work@test.b
     |vpiNetType:1
 |uhdmtopModules:
 \_module: work@test (work@test), file:<a href="../../../../third_party/tests/ivtest/ivltests/pr1903520.v.html" target="file-frame">third_party/tests/ivtest/ivltests/pr1903520.v</a>, line:1
   |vpiDefName:work@test
   |vpiName:work@test
   |vpiModule:
   \_module: work@a (a), file:<a href="../../../../third_party/tests/ivtest/ivltests/pr1903520.v.html" target="file-frame">third_party/tests/ivtest/ivltests/pr1903520.v</a>, line:6, parent:work@test
     |vpiDefName:work@a
     |vpiName:a
     |vpiFullName:work@test.a
     |vpiPort:
     \_port: (b), line:10, parent:a
       |vpiName:b
       |vpiDirection:1
       |vpiHighConn:
       \_unsupported_expr: , line:1
         |STRING:module test();

       |vpiLowConn:
       \_ref_obj: 
         |vpiActual:
         \_logic_net: (b), line:10, parent:a
           |vpiName:b
           |vpiFullName:work@test.a.b
     |vpiNet:
     \_logic_net: (b), line:10, parent:a
     |vpiInstance:
     \_module: work@test (work@test), file:<a href="../../../../third_party/tests/ivtest/ivltests/pr1903520.v.html" target="file-frame">third_party/tests/ivtest/ivltests/pr1903520.v</a>, line:1
   |vpiNet:
   \_logic_net: (b), line:2, parent:work@test
     |vpiName:b
     |vpiFullName:work@test.b
     |vpiNetType:1
     |vpiRange:
     \_range: , line:2
       |vpiLeftRange:
       \_constant: , line:2
         |vpiConstType:7
         |vpiDecompile:1
         |vpiSize:32
         |INT:1
       |vpiRightRange:
       \_constant: , line:2
         |vpiConstType:7
         |vpiDecompile:0
         |vpiSize:32
         |INT:0
Object: \work_test of type 3000
Object: \work_test of type 32
Object: \a of type 32
Object: \b of type 44
Object: \b of type 36
Object: \b of type 36
Object:  of type 115
Object:  of type 7
Object:  of type 7
Object: \work_a of type 32
Object:  of type 24
Object:  of type 11
ERROR: Encountered unhandled object type: 11

</pre>
</body>