<head>
  <style>
    .log { font-family: "Courier New", Consolas, monospace; font-size: 80%; }
    .test-failed { background-color: #ffaaaa; }
    .test-passed { background-color: #aaffaa; }
  </style>
</head>
<body>
<h3><a href="https://github.com/alainmarcel/uhdm-integration" target="_blank">yosys-uhdm</a></h3>
<pre class="test-failed">
description: Test imported from ivtest
rc: 1 (means success: 0)
should_fail: 0
tags: ivtest
incdirs: /tmpfs/src/github/sv-tests/third_party/tests/ivtest /tmpfs/src/github/sv-tests/third_party/tests/ivtest/ivltests
top_module: 
type: parsing
mode: parsing
files: <a href="../../../../third_party/tests/ivtest/ivltests/pr2350934.v.html" target="file-frame">third_party/tests/ivtest/ivltests/pr2350934.v</a>
defines: 
time_elapsed: 1.728s
ram usage: 43540 KB
</pre>
<pre class="log">

sh /tmpfs/tmp/tmp4me468e1/scr.sh
+ surelog-uhdm -nopython -nobuiltin -parse -sverilog -I/tmpfs/src/github/sv-tests/third_party/tests/ivtest -I/tmpfs/src/github/sv-tests/third_party/tests/ivtest/ivltests <a href="../../../../third_party/tests/ivtest/ivltests/pr2350934.v.html" target="file-frame">third_party/tests/ivtest/ivltests/pr2350934.v</a>
[INF:CM0023] Creating log file ./slpp_all/surelog.log.

[WRN:PA0205] <a href="../../../../third_party/tests/ivtest/ivltests/pr2350934.v.html#l-1" target="file-frame">third_party/tests/ivtest/ivltests/pr2350934.v:1</a>: No timescale set for &#34;test&#34;.

[WRN:PA0205] <a href="../../../../third_party/tests/ivtest/ivltests/pr2350934.v.html#l-28" target="file-frame">third_party/tests/ivtest/ivltests/pr2350934.v:28</a>: No timescale set for &#34;top&#34;.

[INF:CP0300] Compilation...

[INF:CP0303] <a href="../../../../third_party/tests/ivtest/ivltests/pr2350934.v.html#l-1" target="file-frame">third_party/tests/ivtest/ivltests/pr2350934.v:1</a>: Compile module &#34;work@test&#34;.

[INF:CP0303] <a href="../../../../third_party/tests/ivtest/ivltests/pr2350934.v.html#l-28" target="file-frame">third_party/tests/ivtest/ivltests/pr2350934.v:28</a>: Compile module &#34;work@top&#34;.

[INF:EL0526] Design Elaboration...

[INF:CP0335] <a href="../../../../third_party/tests/ivtest/ivltests/pr2350934.v.html#l-8" target="file-frame">third_party/tests/ivtest/ivltests/pr2350934.v:8</a>: Compile generate block &#34;work@top.a.block&#34;.

[INF:CP0335] <a href="../../../../third_party/tests/ivtest/ivltests/pr2350934.v.html#l-17" target="file-frame">third_party/tests/ivtest/ivltests/pr2350934.v:17</a>: Compile generate block &#34;work@top.b.block&#34;.

[NTE:EL0503] <a href="../../../../third_party/tests/ivtest/ivltests/pr2350934.v.html#l-28" target="file-frame">third_party/tests/ivtest/ivltests/pr2350934.v:28</a>: Top level module &#34;work@top&#34;.

[NTE:EL0508] Nb Top level modules: 1.

[NTE:EL0509] Max instance depth: 2.

[NTE:EL0510] Nb instances: 3.

[NTE:EL0511] Nb leaf instances: 0.

[  FATAL] : 0
[ SYNTAX] : 0
[  ERROR] : 0
[WARNING] : 2
[   NOTE] : 5
+ cat /tmpfs/tmp/tmp4me468e1/yosys-script
read_uhdm slpp_all/surelog.uhdm
hierarchy -check -top \work_test
proc
check
memory_dff
memory_collect
stat
check
write_json
write_verilog
+ yosys-uhdm -s /tmpfs/tmp/tmp4me468e1/yosys-script

 /----------------------------------------------------------------------------\
 |                                                                            |
 |  yosys -- Yosys Open SYnthesis Suite                                       |
 |                                                                            |
 |  Copyright (C) 2012 - 2020  Claire Wolf &lt;claire@symbioticeda.com&gt;          |
 |                                                                            |
 |  Permission to use, copy, modify, and/or distribute this software for any  |
 |  purpose with or without fee is hereby granted, provided that the above    |
 |  copyright notice and this permission notice appear in all copies.         |
 |                                                                            |
 |  THE SOFTWARE IS PROVIDED &#34;AS IS&#34; AND THE AUTHOR DISCLAIMS ALL WARRANTIES  |
 |  WITH REGARD TO THIS SOFTWARE INCLUDING ALL IMPLIED WARRANTIES OF          |
 |  MERCHANTABILITY AND FITNESS. IN NO EVENT SHALL THE AUTHOR BE LIABLE FOR   |
 |  ANY SPECIAL, DIRECT, INDIRECT, OR CONSEQUENTIAL DAMAGES OR ANY DAMAGES    |
 |  WHATSOEVER RESULTING FROM LOSS OF USE, DATA OR PROFITS, WHETHER IN AN     |
 |  ACTION OF CONTRACT, NEGLIGENCE OR OTHER TORTIOUS ACTION, ARISING OUT OF   |
 |  OR IN CONNECTION WITH THE USE OR PERFORMANCE OF THIS SOFTWARE.            |
 |                                                                            |
 \----------------------------------------------------------------------------/

 Yosys 0.9+2406 (git sha1 0a06379e, clang 7.0.0 -fvisibility-inlines-hidden -fmessage-length=0 -march=nocona -mtune=haswell -ftree-vectorize -fPIC -fstack-protector-strong -fno-plt -O2 -ffunction-sections -fdebug-prefix-map=/tmp/really-really-really-really-really-really-really-really-really-really-really-really-really-long-path/conda/conda-bld/uhdm-integration_1593156724456/work=/usr/local/src/conda/uhdm-integration-0.0_0080_g5facd9a -fdebug-prefix-map=/home/kbuilder/miniconda/envs/sv-test-env=/usr/local/src/conda-prefix -fPIC -Os)


-- Executing script file `/tmpfs/tmp/tmp4me468e1/yosys-script&#39; --

1. Executing UHDM frontend.
design: (work@top)
 |vpiName:work@top
 |uhdmallPackages:
 \_package: builtin, parent:work@top
   |vpiDefName:builtin
   |vpiFullName:builtin
 |uhdmallClasses:
 \_class_defn: (builtin::array)
   |vpiName:builtin::array
   |vpiFullName:builtin.builtin::array
 |uhdmallClasses:
 \_class_defn: (builtin::queue)
   |vpiName:builtin::queue
   |vpiFullName:builtin.builtin::queue
 |uhdmallClasses:
 \_class_defn: (builtin::string)
   |vpiName:builtin::string
   |vpiFullName:builtin.builtin::string
 |uhdmallClasses:
 \_class_defn: (builtin::system)
   |vpiName:builtin::system
   |vpiFullName:builtin.builtin::system
 |uhdmallModules:
 \_module: work@test, file:<a href="../../../../third_party/tests/ivtest/ivltests/pr2350934.v.html" target="file-frame">third_party/tests/ivtest/ivltests/pr2350934.v</a>, line:1, parent:work@top
   |vpiDefName:work@test
   |vpiFullName:work@test
   |vpiProcess:
   \_initial: 
     |vpiStmt:
     \_assignment: , line:5
       |vpiBlocking:1
       |vpiLhs:
       \_ref_obj: (dummy), line:5
         |vpiName:dummy
         |vpiFullName:work@test.dummy
       |vpiRhs:
       \_ref_obj: (block.f), line:5
         |vpiName:block.f
         |vpiFullName:work@test.block.f
   |vpiNet:
   \_logic_net: (dummy), line:3
     |vpiName:dummy
     |vpiFullName:work@test.dummy
     |vpiNetType:48
   |vpiParamAssign:
   \_param_assign: , line:2
     |vpiRhs:
     \_constant: , line:2
       |vpiConstType:7
       |vpiDecompile:3
       |vpiSize:32
       |INT:3
     |vpiLhs:
     \_parameter: (param), line:2
       |vpiName:param
   |vpiParameter:
   \_parameter: (param), line:2
 |uhdmallModules:
 \_module: work@top, file:<a href="../../../../third_party/tests/ivtest/ivltests/pr2350934.v.html" target="file-frame">third_party/tests/ivtest/ivltests/pr2350934.v</a>, line:28, parent:work@top
   |vpiDefName:work@top
   |vpiFullName:work@top
   |vpiProcess:
   \_initial: 
     |vpiStmt:
     \_begin: , line:32
       |vpiFullName:work@top
       |vpiStmt:
       \_delay_control: , line:33
         |#1
         |vpiStmt:
         \_if_stmt: , line:33
           |vpiCondition:
           \_operation: , line:33
             |vpiOpType:17
             |vpiOperand:
             \_ref_obj: (a.dummy), line:33
               |vpiName:a.dummy
               |vpiFullName:work@top.a.dummy
             |vpiOperand:
             \_constant: , line:33
               |vpiConstType:7
               |vpiDecompile:1
               |vpiSize:32
               |INT:1
           |vpiStmt:
           \_begin: , line:33
             |vpiFullName:work@top
             |vpiStmt:
             \_sys_func_call: ($display), line:34
               |vpiName:$display
               |vpiArgument:
               \_constant: , line:34
                 |vpiConstType:6
                 |vpiDecompile:&#34;FAILED -- a.dummy = %d&#34;
                 |vpiSize:24
                 |STRING:&#34;FAILED -- a.dummy = %d&#34;
               |vpiArgument:
               \_ref_obj: (a.dummy), line:34
                 |vpiName:a.dummy
             |vpiStmt:
             \_sys_func_call: ($finish), line:35
               |vpiName:$finish
       |vpiStmt:
       \_if_stmt: , line:37
         |vpiCondition:
         \_operation: , line:37
           |vpiOpType:17
           |vpiOperand:
           \_ref_obj: (b.dummy), line:37
             |vpiName:b.dummy
             |vpiFullName:work@top.b.dummy
           |vpiOperand:
           \_constant: , line:37
             |vpiConstType:7
             |vpiDecompile:2
             |vpiSize:32
             |INT:2
         |vpiStmt:
         \_begin: , line:37
           |vpiFullName:work@top
           |vpiStmt:
           \_sys_func_call: ($display), line:38
             |vpiName:$display
             |vpiArgument:
             \_constant: , line:38
               |vpiConstType:6
               |vpiDecompile:&#34;FAILED -- b.dummy = %d&#34;
               |vpiSize:24
               |STRING:&#34;FAILED -- b.dummy = %d&#34;
             |vpiArgument:
             \_ref_obj: (b.dummy), line:38
               |vpiName:b.dummy
           |vpiStmt:
           \_sys_func_call: ($finish), line:39
             |vpiName:$finish
       |vpiStmt:
       \_sys_func_call: ($display), line:42
         |vpiName:$display
         |vpiArgument:
         \_constant: , line:42
           |vpiConstType:6
           |vpiDecompile:&#34;PASSED&#34;
           |vpiSize:8
           |STRING:&#34;PASSED&#34;
 |uhdmtopModules:
 \_module: work@top (work@top), file:<a href="../../../../third_party/tests/ivtest/ivltests/pr2350934.v.html" target="file-frame">third_party/tests/ivtest/ivltests/pr2350934.v</a>, line:28
   |vpiDefName:work@top
   |vpiName:work@top
   |vpiModule:
   \_module: work@test (a), file:<a href="../../../../third_party/tests/ivtest/ivltests/pr2350934.v.html" target="file-frame">third_party/tests/ivtest/ivltests/pr2350934.v</a>, line:29, parent:work@top
     |vpiDefName:work@test
     |vpiName:a
     |vpiFullName:work@top.a
     |vpiGenScopeArray:
     \_gen_scope_array: (block), line:8, parent:a
       |vpiName:block
       |vpiFullName:work@top.a.block
       |vpiGenScope:
       \_gen_scope: , parent:block
         |vpiFullName:work@top.a.block
     |vpiNet:
     \_logic_net: (dummy), line:3, parent:a
       |vpiName:dummy
       |vpiFullName:work@top.a.dummy
       |vpiNetType:48
       |vpiRange:
       \_range: , line:3
         |vpiLeftRange:
         \_constant: , line:3
           |vpiConstType:7
           |vpiDecompile:2
           |vpiSize:32
           |INT:2
         |vpiRightRange:
         \_constant: , line:3
           |vpiConstType:7
           |vpiDecompile:0
           |vpiSize:32
           |INT:0
     |vpiInstance:
     \_module: work@top (work@top), file:<a href="../../../../third_party/tests/ivtest/ivltests/pr2350934.v.html" target="file-frame">third_party/tests/ivtest/ivltests/pr2350934.v</a>, line:28
     |vpiParameter:
     \_parameter: (param), line:29
       |vpiName:param
       |INT:1
   |vpiModule:
   \_module: work@test (b), file:<a href="../../../../third_party/tests/ivtest/ivltests/pr2350934.v.html" target="file-frame">third_party/tests/ivtest/ivltests/pr2350934.v</a>, line:30, parent:work@top
     |vpiDefName:work@test
     |vpiName:b
     |vpiFullName:work@top.b
     |vpiGenScopeArray:
     \_gen_scope_array: (block), line:17, parent:b
       |vpiName:block
       |vpiFullName:work@top.b.block
       |vpiGenScope:
       \_gen_scope: , parent:block
         |vpiFullName:work@top.b.block
     |vpiNet:
     \_logic_net: (dummy), line:3, parent:b
       |vpiName:dummy
       |vpiFullName:work@top.b.dummy
       |vpiNetType:48
       |vpiRange:
       \_range: , line:3
         |vpiLeftRange:
         \_constant: , line:3
           |vpiConstType:7
           |vpiDecompile:2
           |vpiSize:32
           |INT:2
         |vpiRightRange:
         \_constant: , line:3
           |vpiConstType:7
           |vpiDecompile:0
           |vpiSize:32
           |INT:0
     |vpiInstance:
     \_module: work@top (work@top), file:<a href="../../../../third_party/tests/ivtest/ivltests/pr2350934.v.html" target="file-frame">third_party/tests/ivtest/ivltests/pr2350934.v</a>, line:28
     |vpiParameter:
     \_parameter: (param), line:30
       |vpiName:param
       |INT:2
Object: \work_top of type 3000
Object: \work_top of type 32
Object: \a of type 32
Object: \block of type 133
Object:  of type 134
Object: \param of type 41
Object: \dummy of type 36
Object:  of type 115
Object:  of type 7
Object:  of type 7
Object: \b of type 32
Object: \block of type 133
Object:  of type 134
Object: \param of type 41
Object: \dummy of type 36
Object:  of type 115
Object:  of type 7
Object:  of type 7
Object: \work_test of type 32
Object:  of type 24
Object:  of type 3
Object: \dummy of type 608
Object: \block.f of type 608
Object: \param of type 41
Object:  of type 40
Object: \param of type 41
Object:  of type 7
Object: \dummy of type 36
Object: \work_top of type 32
Object:  of type 24
Object:  of type 4
Object:  of type 11
ERROR: Encountered unhandled object type: 11

</pre>
</body>