<head>
  <style>
    .log { font-family: "Courier New", Consolas, monospace; font-size: 80%; }
    .test-failed { background-color: #ffaaaa; }
    .test-passed { background-color: #aaffaa; }
  </style>
</head>
<body>
<h3><a href="https://github.com/alainmarcel/uhdm-integration" target="_blank">yosys-uhdm</a></h3>
<pre class="test-failed">
description: Test imported from ivtest
rc: 139 (means success: 0)
tags: ivtest
incdirs: /tmpfs/src/github/sv-tests/third_party/tests/ivtest /tmpfs/src/github/sv-tests/third_party/tests/ivtest/ivltests
top_module: 
type: parsing
mode: parsing
files: <a href="../../../../third_party/tests/ivtest/ivltests/pr2728812a.v.html" target="file-frame">third_party/tests/ivtest/ivltests/pr2728812a.v</a>
defines: 
time_elapsed: 2.716s
ram usage: 46800 KB
</pre>
<pre class="log">

sh /tmpfs/tmp/tmpekmx_9vv/scr.sh
+ surelog-uhdm -nopython -nobuiltin -parse -sverilog -I/tmpfs/src/github/sv-tests/third_party/tests/ivtest -I/tmpfs/src/github/sv-tests/third_party/tests/ivtest/ivltests <a href="../../../../third_party/tests/ivtest/ivltests/pr2728812a.v.html" target="file-frame">third_party/tests/ivtest/ivltests/pr2728812a.v</a>
[INF:CM0023] Creating log file ./slpp_all/surelog.log.

[INF:CP0300] Compilation...

[INF:CP0303] <a href="../../../../third_party/tests/ivtest/ivltests/pr2728812a.v.html#l-27" target="file-frame">third_party/tests/ivtest/ivltests/pr2728812a.v:27</a>: Compile module &#34;work@sum&#34;.

[INF:CP0303] <a href="../../../../third_party/tests/ivtest/ivltests/pr2728812a.v.html#l-4" target="file-frame">third_party/tests/ivtest/ivltests/pr2728812a.v:4</a>: Compile module &#34;work@sum_test&#34;.

[INF:EL0526] Design Elaboration...

[INF:CP0335] <a href="../../../../third_party/tests/ivtest/ivltests/pr2728812a.v.html#l-42" target="file-frame">third_party/tests/ivtest/ivltests/pr2728812a.v:42</a>: Compile generate block &#34;work@sum_test.sum.genblk1&#34;.

[NTE:EL0503] <a href="../../../../third_party/tests/ivtest/ivltests/pr2728812a.v.html#l-4" target="file-frame">third_party/tests/ivtest/ivltests/pr2728812a.v:4</a>: Top level module &#34;work@sum_test&#34;.

[ERR:EL0507] <a href="../../../../third_party/tests/ivtest/ivltests/pr2728812a.v.html#l-45" target="file-frame">third_party/tests/ivtest/ivltests/pr2728812a.v:45</a>: Instantiation loop for &#34;work@sum&#34;,
             <a href="../../../../third_party/tests/ivtest/ivltests/pr2728812a.v.html#l-13" target="file-frame">third_party/tests/ivtest/ivltests/pr2728812a.v:13</a>: previous instantiation.

[ERR:EL0507] <a href="../../../../third_party/tests/ivtest/ivltests/pr2728812a.v.html#l-46" target="file-frame">third_party/tests/ivtest/ivltests/pr2728812a.v:46</a>: Instantiation loop for &#34;work@sum&#34;,
             <a href="../../../../third_party/tests/ivtest/ivltests/pr2728812a.v.html#l-13" target="file-frame">third_party/tests/ivtest/ivltests/pr2728812a.v:13</a>: previous instantiation.

[NTE:EL0508] Nb Top level modules: 1.

[NTE:EL0509] Max instance depth: 2.

[NTE:EL0510] Nb instances: 2.

[NTE:EL0511] Nb leaf instances: 0.

[  FATAL] : 0
[ SYNTAX] : 0
[  ERROR] : 2
[WARNING] : 0
[   NOTE] : 5
+ cat /tmpfs/tmp/tmpekmx_9vv/yosys-script
read_uhdm slpp_all/surelog.uhdm
hierarchy -check -top \work_sum_test
proc
check
memory_dff
memory_collect
stat
check
write_json
write_verilog
+ yosys-uhdm -s /tmpfs/tmp/tmpekmx_9vv/yosys-script

 /----------------------------------------------------------------------------\
 |                                                                            |
 |  yosys -- Yosys Open SYnthesis Suite                                       |
 |                                                                            |
 |  Copyright (C) 2012 - 2020  Claire Wolf &lt;claire@symbioticeda.com&gt;          |
 |                                                                            |
 |  Permission to use, copy, modify, and/or distribute this software for any  |
 |  purpose with or without fee is hereby granted, provided that the above    |
 |  copyright notice and this permission notice appear in all copies.         |
 |                                                                            |
 |  THE SOFTWARE IS PROVIDED &#34;AS IS&#34; AND THE AUTHOR DISCLAIMS ALL WARRANTIES  |
 |  WITH REGARD TO THIS SOFTWARE INCLUDING ALL IMPLIED WARRANTIES OF          |
 |  MERCHANTABILITY AND FITNESS. IN NO EVENT SHALL THE AUTHOR BE LIABLE FOR   |
 |  ANY SPECIAL, DIRECT, INDIRECT, OR CONSEQUENTIAL DAMAGES OR ANY DAMAGES    |
 |  WHATSOEVER RESULTING FROM LOSS OF USE, DATA OR PROFITS, WHETHER IN AN     |
 |  ACTION OF CONTRACT, NEGLIGENCE OR OTHER TORTIOUS ACTION, ARISING OUT OF   |
 |  OR IN CONNECTION WITH THE USE OR PERFORMANCE OF THIS SOFTWARE.            |
 |                                                                            |
 \----------------------------------------------------------------------------/

 Yosys 0.9+2406 (git sha1 410a291f, clang 7.0.0 -fvisibility-inlines-hidden -fmessage-length=0 -march=nocona -mtune=haswell -ftree-vectorize -fPIC -fstack-protector-strong -fno-plt -O2 -ffunction-sections -fdebug-prefix-map=/tmp/really-really-really-really-really-really-really-really-really-really-really-really-really-long-path/conda/conda-bld/uhdm-integration_1594060930077/work=/usr/local/src/conda/uhdm-integration-0.0_0090_g40649a7 -fdebug-prefix-map=/home/kbuilder/miniconda/envs/sv-test-env=/usr/local/src/conda-prefix -fPIC -Os)


-- Executing script file `/tmpfs/tmp/tmpekmx_9vv/yosys-script&#39; --

1. Executing UHDM frontend.
design: (work@sum_test)
 |vpiName:work@sum_test
 |uhdmallPackages:
 \_package: builtin, parent:work@sum_test
   |vpiDefName:builtin
   |vpiFullName:builtin
 |uhdmallClasses:
 \_class_defn: (builtin::array)
   |vpiName:builtin::array
   |vpiFullName:builtin.builtin::array
 |uhdmallClasses:
 \_class_defn: (builtin::queue)
   |vpiName:builtin::queue
   |vpiFullName:builtin.builtin::queue
 |uhdmallClasses:
 \_class_defn: (builtin::string)
   |vpiName:builtin::string
   |vpiFullName:builtin.builtin::string
 |uhdmallClasses:
 \_class_defn: (builtin::system)
   |vpiName:builtin::system
   |vpiFullName:builtin.builtin::system
 |uhdmallModules:
 \_module: work@sum, file:<a href="../../../../third_party/tests/ivtest/ivltests/pr2728812a.v.html" target="file-frame">third_party/tests/ivtest/ivltests/pr2728812a.v</a>, line:27, parent:work@sum_test
   |vpiDefName:work@sum
   |vpiFullName:work@sum
   |vpiPort:
   \_port: (clk), line:34
     |vpiName:clk
     |vpiDirection:1
     |vpiLowConn:
     \_ref_obj: 
       |vpiActual:
       \_logic_net: (clk), line:34
         |vpiName:clk
         |vpiFullName:work@sum.clk
   |vpiPort:
   \_port: (addends), line:35
     |vpiName:addends
     |vpiDirection:1
     |vpiLowConn:
     \_ref_obj: 
       |vpiActual:
       \_logic_net: (addends), line:35
         |vpiName:addends
         |vpiFullName:work@sum.addends
   |vpiPort:
   \_port: (s), line:36
     |vpiName:s
     |vpiDirection:2
     |vpiLowConn:
     \_ref_obj: 
       |vpiActual:
       \_logic_net: (s), line:36
         |vpiName:s
         |vpiFullName:work@sum.s
         |vpiNetType:48
   |vpiNet:
   \_logic_net: (clk), line:34
   |vpiNet:
   \_logic_net: (addends), line:35
   |vpiNet:
   \_logic_net: (s), line:36
   |vpiParamAssign:
   \_param_assign: , line:29
     |vpiRhs:
     \_constant: , line:29
       |vpiConstType:7
       |vpiDecompile:4
       |vpiSize:32
       |INT:4
     |vpiLhs:
     \_parameter: (n), line:29
       |vpiName:n
   |vpiParamAssign:
   \_param_assign: , line:30
     |vpiRhs:
     \_constant: , line:30
       |vpiConstType:7
       |vpiDecompile:8
       |vpiSize:32
       |INT:8
     |vpiLhs:
     \_parameter: (width), line:30
       |vpiName:width
   |vpiParamAssign:
   \_param_assign: , line:31
     |vpiRhs:
     \_constant: , line:31
       |vpiDecompile:2
       |INT:2
     |vpiLhs:
     \_parameter: (log_n), line:31
       |vpiName:log_n
   |vpiParameter:
   \_parameter: (n), line:29
   |vpiParameter:
   \_parameter: (width), line:30
   |vpiParameter:
   \_parameter: (log_n), line:31
 |uhdmallModules:
 \_module: work@sum_test, file:<a href="../../../../third_party/tests/ivtest/ivltests/pr2728812a.v.html" target="file-frame">third_party/tests/ivtest/ivltests/pr2728812a.v</a>, line:4, parent:work@sum_test
   |vpiDefName:work@sum_test
   |vpiFullName:work@sum_test
   |vpiProcess:
   \_initial: 
     |vpiStmt:
     \_begin: , line:8
       |vpiFullName:work@sum_test
       |vpiStmt:
       \_assignment: , line:9
         |vpiBlocking:1
         |vpiLhs:
         \_ref_obj: (clk), line:9
           |vpiName:clk
           |vpiFullName:work@sum_test.clk
         |vpiRhs:
         \_constant: , line:9
           |vpiConstType:7
           |vpiDecompile:0
           |vpiSize:32
           |INT:0
       |vpiStmt:
       \_forever_stmt: , line:10
         |vpiStmt:
         \_delay_control: , line:10
           |#10
           |vpiStmt:
           \_assignment: , line:10
             |vpiBlocking:1
             |vpiLhs:
             \_ref_obj: (clk), line:10
               |vpiName:clk
               |vpiFullName:work@sum_test.clk
             |vpiRhs:
             \_operation: , line:10
               |vpiOpType:4
               |vpiOperand:
               \_ref_obj: (clk), line:10
                 |vpiName:clk
                 |vpiFullName:work@sum_test.clk
   |vpiProcess:
   \_initial: 
     |vpiStmt:
     \_begin: , line:15
       |vpiFullName:work@sum_test
       |vpiStmt:
       \_sys_func_call: ($display), line:16
         |vpiName:$display
         |vpiArgument:
         \_constant: , line:16
           |vpiConstType:6
           |vpiDecompile:&#34;Starting...&#34;
           |vpiSize:13
           |STRING:&#34;Starting...&#34;
       |vpiStmt:
       \_repeat: , line:17
         |vpiCondition:
         \_constant: , line:17
           |vpiConstType:7
           |vpiDecompile:50
           |vpiSize:32
           |INT:50
         |vpiStmt:
         \_event_control: , line:17
           |vpiCondition:
           \_operation: , line:17
             |vpiOpType:39
             |vpiOperand:
             \_ref_obj: (clk), line:17
               |vpiName:clk
               |vpiFullName:work@sum_test.clk
       |vpiStmt:
       \_sys_func_call: ($display), line:18
         |vpiName:$display
         |vpiArgument:
         \_constant: , line:18
           |vpiConstType:6
           |vpiDecompile:&#34;sum = %d&#34;
           |vpiSize:10
           |STRING:&#34;sum = %d&#34;
         |vpiArgument:
         \_ref_obj: (s), line:18
           |vpiName:s
       |vpiStmt:
       \_if_else: , line:19
         |vpiCondition:
         \_operation: , line:19
           |vpiOpType:17
           |vpiOperand:
           \_ref_obj: (s), line:19
             |vpiName:s
             |vpiFullName:work@sum_test.s
           |vpiOperand:
           \_constant: , line:19
             |vpiConstType:7
             |vpiDecompile:150
             |vpiSize:32
             |INT:150
         |vpiStmt:
         \_sys_func_call: ($display), line:20
           |vpiName:$display
           |vpiArgument:
           \_constant: , line:20
             |vpiConstType:6
             |vpiDecompile:&#34;FAILED: expected 150, received %0d&#34;
             |vpiSize:36
             |STRING:&#34;FAILED: expected 150, received %0d&#34;
           |vpiArgument:
           \_ref_obj: (s), line:20
             |vpiName:s
         |vpiElseStmt:
         \_sys_func_call: ($display), line:22
           |vpiName:$display
           |vpiArgument:
           \_constant: , line:22
             |vpiConstType:6
             |vpiDecompile:&#34;PASSED&#34;
             |vpiSize:8
             |STRING:&#34;PASSED&#34;
       |vpiStmt:
       \_sys_func_call: ($finish), line:23
         |vpiName:$finish
   |vpiNet:
   \_logic_net: (clk), line:5
     |vpiName:clk
     |vpiFullName:work@sum_test.clk
     |vpiNetType:48
   |vpiNet:
   \_logic_net: (s), line:6
     |vpiName:s
     |vpiFullName:work@sum_test.s
     |vpiNetType:1
 |uhdmtopModules:
 \_module: work@sum_test (work@sum_test), file:<a href="../../../../third_party/tests/ivtest/ivltests/pr2728812a.v.html" target="file-frame">third_party/tests/ivtest/ivltests/pr2728812a.v</a>, line:4
   |vpiDefName:work@sum_test
   |vpiName:work@sum_test
   |vpiModule:
   \_module: work@sum (sum), file:<a href="../../../../third_party/tests/ivtest/ivltests/pr2728812a.v.html" target="file-frame">third_party/tests/ivtest/ivltests/pr2728812a.v</a>, line:13, parent:work@sum_test
     |vpiDefName:work@sum
     |vpiName:sum
     |vpiFullName:work@sum_test.sum
     |vpiPort:
     \_port: (clk), line:34, parent:sum
       |vpiName:clk
       |vpiDirection:1
       |vpiLowConn:
       \_ref_obj: 
         |vpiActual:
         \_logic_net: (clk), line:34, parent:sum
           |vpiName:clk
           |vpiFullName:work@sum_test.sum.clk
     |vpiPort:
     \_port: (addends), line:35, parent:sum
       |vpiName:addends
       |vpiDirection:1
       |vpiLowConn:
       \_ref_obj: 
         |vpiActual:
         \_logic_net: (addends), line:35, parent:sum
           |vpiName:addends
           |vpiFullName:work@sum_test.sum.addends
     |vpiPort:
     \_port: (s), line:36, parent:sum
       |vpiName:s
       |vpiDirection:2
       |vpiLowConn:
       \_ref_obj: 
         |vpiActual:
         \_logic_net: (s), line:36, parent:sum
           |vpiName:s
           |vpiFullName:work@sum_test.sum.s
           |vpiNetType:48
           |vpiRange:
           \_range: , line:36
             |vpiLeftRange:
             \_constant: , line:36
               |vpiConstType:7
               |vpiDecompile:9
               |vpiSize:32
               |INT:9
             |vpiRightRange:
             \_constant: , line:36
               |vpiConstType:7
               |vpiDecompile:0
               |vpiSize:32
               |INT:0
     |vpiGenScopeArray:
     \_gen_scope_array: (genblk1), line:42, parent:sum
       |vpiName:genblk1
       |vpiFullName:work@sum_test.sum.genblk1
       |vpiGenScope:
       \_gen_scope: , parent:genblk1
         |vpiFullName:work@sum_test.sum.genblk1
         |vpiNet:
         \_logic_net: (a1), line:43
           |vpiName:a1
           |vpiFullName:work@sum_test.sum.genblk1.a1
           |vpiNetType:1
           |vpiRange:
           \_range: , line:43
             |vpiLeftRange:
             \_constant: , line:43
               |vpiConstType:7
               |vpiDecompile:9
               |vpiSize:32
               |INT:9
             |vpiRightRange:
             \_constant: , line:43
               |vpiConstType:7
               |vpiDecompile:0
               |vpiSize:32
               |INT:0
         |vpiNet:
         \_logic_net: (a2), line:44
           |vpiName:a2
           |vpiFullName:work@sum_test.sum.genblk1.a2
           |vpiNetType:1
           |vpiRange:
           \_range: , line:44
             |vpiLeftRange:
             \_constant: , line:44
               |vpiConstType:7
               |vpiDecompile:9
               |vpiSize:32
               |INT:9
             |vpiRightRange:
             \_constant: , line:44
               |vpiConstType:7
               |vpiDecompile:0
               |vpiSize:32
               |INT:0
         |vpiProcess:
         \_always: , line:47
           |vpiAlwaysType:1
           |vpiStmt:
           \_event_control: , line:47
             |vpiCondition:
             \_operation: , line:47
               |vpiOpType:39
               |vpiOperand:
               \_ref_obj: (clk), line:47
                 |vpiName:clk
                 |vpiFullName:work@sum_test.sum.genblk1.clk
             |vpiStmt:
             \_assignment: , line:47
               |vpiLhs:
               \_ref_obj: (s), line:47
                 |vpiName:s
                 |vpiFullName:work@sum_test.sum.genblk1.s
               |vpiRhs:
               \_operation: , line:47
                 |vpiOpType:24
                 |vpiOperand:
                 \_ref_obj: (a1), line:47
                   |vpiName:a1
                   |vpiFullName:work@sum_test.sum.genblk1.a1
                 |vpiOperand:
                 \_ref_obj: (a2), line:47
                   |vpiName:a2
                   |vpiFullName:work@sum_test.sum.genblk1.a2
     |vpiNet:
     \_logic_net: (clk), line:34, parent:sum
     |vpiNet:
     \_logic_net: (addends), line:35, parent:sum
     |vpiNet:
     \_logic_net: (s), line:36, parent:sum
     |vpiInstance:
     \_module: work@sum_test (work@sum_test), file:<a href="../../../../third_party/tests/ivtest/ivltests/pr2728812a.v.html" target="file-frame">third_party/tests/ivtest/ivltests/pr2728812a.v</a>, line:4
     |vpiParameter:
     \_parameter: (log_n), line:31
       |vpiName:log_n
       |INT:2
     |vpiParameter:
     \_parameter: (n), line:29
       |vpiName:n
       |INT:4
     |vpiParameter:
     \_parameter: (width), line:30
       |vpiName:width
       |INT:8
   |vpiNet:
   \_logic_net: (clk), line:5, parent:work@sum_test
     |vpiName:clk
     |vpiFullName:work@sum_test.clk
     |vpiNetType:48
   |vpiNet:
   \_logic_net: (s), line:6, parent:work@sum_test
     |vpiName:s
     |vpiFullName:work@sum_test.s
     |vpiNetType:1
     |vpiRange:
     \_range: , line:6
       |vpiLeftRange:
       \_constant: , line:6
         |vpiConstType:7
         |vpiDecompile:10
         |vpiSize:32
         |INT:10
       |vpiRightRange:
       \_constant: , line:6
         |vpiConstType:7
         |vpiDecompile:0
         |vpiSize:32
         |INT:0
Object: \work_sum_test of type 3000
Object: \work_sum_test of type 32
Object: \sum of type 32
Object: \clk of type 44
Object: \addends of type 44
Object: \s of type 44
Object:  of type 115
Object:  of type 7
Object:  of type 7
Object: \genblk1 of type 133
Object:  of type 134
VPI ERROR: Bad usage of vpi_get_str
Segmentation fault

</pre>
</body>