<head>
  <style>
    .log { font-family: "Courier New", Consolas, monospace; font-size: 80%; }
    .test-failed { background-color: #ffaaaa; }
    .test-passed { background-color: #aaffaa; }
  </style>
</head>
<body>
<h3><a href="https://github.com/alainmarcel/uhdm-integration" target="_blank">yosys-uhdm</a></h3>
<pre class="test-failed">
description: Test imported from ivtest
rc: 134 (means success: 0)
should_fail: 0
tags: ivtest
incdirs: /tmpfs/src/github/sv-tests/third_party/tests/ivtest /tmpfs/src/github/sv-tests/third_party/tests/ivtest/ivltests
top_module: 
type: parsing
mode: parsing
files: <a href="../../../../third_party/tests/ivtest/ivltests/pr2991457b.v.html" target="file-frame">third_party/tests/ivtest/ivltests/pr2991457b.v</a>
defines: 
time_elapsed: 0.772s
ram usage: 31764 KB
</pre>
<pre class="log">

sh /tmpfs/tmp/tmp5m74noiy/scr.sh
+ surelog-uhdm -nopython -nobuiltin -parse -sverilog -I/tmpfs/src/github/sv-tests/third_party/tests/ivtest -I/tmpfs/src/github/sv-tests/third_party/tests/ivtest/ivltests <a href="../../../../third_party/tests/ivtest/ivltests/pr2991457b.v.html" target="file-frame">third_party/tests/ivtest/ivltests/pr2991457b.v</a>
[INF:CM0023] Creating log file ./slpp_all/surelog.log.

[WRN:PA0205] <a href="../../../../third_party/tests/ivtest/ivltests/pr2991457b.v.html#l-9" target="file-frame">third_party/tests/ivtest/ivltests/pr2991457b.v:9</a>: No timescale set for &#34;main&#34;.

[INF:CP0300] Compilation...

[INF:CP0303] <a href="../../../../third_party/tests/ivtest/ivltests/pr2991457b.v.html#l-9" target="file-frame">third_party/tests/ivtest/ivltests/pr2991457b.v:9</a>: Compile module &#34;work@main&#34;.

[INF:EL0526] Design Elaboration...

[NTE:EL0503] <a href="../../../../third_party/tests/ivtest/ivltests/pr2991457b.v.html#l-9" target="file-frame">third_party/tests/ivtest/ivltests/pr2991457b.v:9</a>: Top level module &#34;work@main&#34;.

[NTE:EL0508] Nb Top level modules: 1.

[NTE:EL0509] Max instance depth: 1.

[NTE:EL0510] Nb instances: 1.

[NTE:EL0511] Nb leaf instances: 0.

[  FATAL] : 0
[ SYNTAX] : 0
[  ERROR] : 0
[WARNING] : 1
[   NOTE] : 5
+ cat /tmpfs/tmp/tmp5m74noiy/yosys-script
read_uhdm slpp_all/surelog.uhdm
hierarchy -check -top \work_main
proc
check
memory_dff
memory_collect
stat
check
write_json
write_verilog
+ yosys-uhdm -s /tmpfs/tmp/tmp5m74noiy/yosys-script

 /----------------------------------------------------------------------------\
 |                                                                            |
 |  yosys -- Yosys Open SYnthesis Suite                                       |
 |                                                                            |
 |  Copyright (C) 2012 - 2020  Claire Wolf &lt;claire@symbioticeda.com&gt;          |
 |                                                                            |
 |  Permission to use, copy, modify, and/or distribute this software for any  |
 |  purpose with or without fee is hereby granted, provided that the above    |
 |  copyright notice and this permission notice appear in all copies.         |
 |                                                                            |
 |  THE SOFTWARE IS PROVIDED &#34;AS IS&#34; AND THE AUTHOR DISCLAIMS ALL WARRANTIES  |
 |  WITH REGARD TO THIS SOFTWARE INCLUDING ALL IMPLIED WARRANTIES OF          |
 |  MERCHANTABILITY AND FITNESS. IN NO EVENT SHALL THE AUTHOR BE LIABLE FOR   |
 |  ANY SPECIAL, DIRECT, INDIRECT, OR CONSEQUENTIAL DAMAGES OR ANY DAMAGES    |
 |  WHATSOEVER RESULTING FROM LOSS OF USE, DATA OR PROFITS, WHETHER IN AN     |
 |  ACTION OF CONTRACT, NEGLIGENCE OR OTHER TORTIOUS ACTION, ARISING OUT OF   |
 |  OR IN CONNECTION WITH THE USE OR PERFORMANCE OF THIS SOFTWARE.            |
 |                                                                            |
 \----------------------------------------------------------------------------/

 Yosys 0.9+2406 (git sha1 0a06379e, clang 7.0.0 -fvisibility-inlines-hidden -fmessage-length=0 -march=nocona -mtune=haswell -ftree-vectorize -fPIC -fstack-protector-strong -fno-plt -O2 -ffunction-sections -fdebug-prefix-map=/tmp/really-really-really-really-really-really-really-really-really-really-really-really-really-long-path/conda/conda-bld/uhdm-integration_1593156724456/work=/usr/local/src/conda/uhdm-integration-0.0_0080_g5facd9a -fdebug-prefix-map=/home/kbuilder/miniconda/envs/sv-test-env=/usr/local/src/conda-prefix -fPIC -Os)


-- Executing script file `/tmpfs/tmp/tmp5m74noiy/yosys-script&#39; --

1. Executing UHDM frontend.
design: (work@main)
 |vpiName:work@main
 |uhdmallPackages:
 \_package: builtin, parent:work@main
   |vpiDefName:builtin
   |vpiFullName:builtin
 |uhdmallClasses:
 \_class_defn: (builtin::array)
   |vpiName:builtin::array
   |vpiFullName:builtin.builtin::array
 |uhdmallClasses:
 \_class_defn: (builtin::queue)
   |vpiName:builtin::queue
   |vpiFullName:builtin.builtin::queue
 |uhdmallClasses:
 \_class_defn: (builtin::string)
   |vpiName:builtin::string
   |vpiFullName:builtin.builtin::string
 |uhdmallClasses:
 \_class_defn: (builtin::system)
   |vpiName:builtin::system
   |vpiFullName:builtin.builtin::system
 |uhdmallModules:
 \_module: work@main, file:<a href="../../../../third_party/tests/ivtest/ivltests/pr2991457b.v.html" target="file-frame">third_party/tests/ivtest/ivltests/pr2991457b.v</a>, line:9, parent:work@main
   |vpiDefName:work@main
   |vpiFullName:work@main
   |vpiProcess:
   \_initial: 
     |vpiStmt:
     \_begin: , line:13
       |vpiFullName:work@main
       |vpiStmt:
       \_assignment: , line:14
         |vpiBlocking:1
         |vpiLhs:
         \_ref_obj: (tmp), line:14
           |vpiName:tmp
           |vpiFullName:work@main.tmp
         |vpiRhs:
         \_constant: , line:14
           |vpiConstType:5
           |vpiDecompile:&#39;hx
           |HEX:&#39;hx
       |vpiStmt:
       \_if_stmt: , line:15
         |vpiCondition:
         \_operation: , line:15
           |vpiOpType:17
           |vpiOperand:
           \_ref_obj: (tmp), line:15
             |vpiName:tmp
             |vpiFullName:work@main.tmp
           |vpiOperand:
           \_constant: , line:15
             |vpiConstType:5
             |vpiDecompile:&#39;hx
             |HEX:&#39;hx
         |vpiStmt:
         \_begin: , line:15
           |vpiFullName:work@main
           |vpiStmt:
           \_sys_func_call: ($display), line:16
             |vpiName:$display
             |vpiArgument:
             \_constant: , line:16
               |vpiConstType:6
               |vpiDecompile:&#34;PASSED&#34;
               |vpiSize:8
               |STRING:&#34;PASSED&#34;
           |vpiStmt:
           \_sys_func_call: ($finish), line:17
             |vpiName:$finish
       |vpiStmt:
       \_sys_func_call: ($display), line:19
         |vpiName:$display
         |vpiArgument:
         \_constant: , line:19
           |vpiConstType:6
           |vpiDecompile:&#34;FAILED&#34;
           |vpiSize:8
           |STRING:&#34;FAILED&#34;
   |vpiNet:
   \_logic_net: (tmp), line:11
     |vpiName:tmp
     |vpiFullName:work@main.tmp
     |vpiNetType:48
 |uhdmtopModules:
 \_module: work@main (work@main), file:<a href="../../../../third_party/tests/ivtest/ivltests/pr2991457b.v.html" target="file-frame">third_party/tests/ivtest/ivltests/pr2991457b.v</a>, line:9
   |vpiDefName:work@main
   |vpiName:work@main
   |vpiNet:
   \_logic_net: (tmp), line:11, parent:work@main
     |vpiName:tmp
     |vpiFullName:work@main.tmp
     |vpiNetType:48
     |vpiRange:
     \_range: , line:11
       |vpiLeftRange:
       \_constant: , line:11
         |vpiConstType:7
         |vpiDecompile:3
         |vpiSize:32
         |INT:3
       |vpiRightRange:
       \_constant: , line:11
         |vpiConstType:7
         |vpiDecompile:0
         |vpiSize:32
         |INT:0
Object: \work_main of type 3000
Object: \work_main of type 32
Object: \tmp of type 36
Object:  of type 115
Object:  of type 7
Object:  of type 7
Object: \work_main of type 32
Object:  of type 24
Object:  of type 4
Object:  of type 3
Object: \tmp of type 608
Object:  of type 7
terminate called after throwing an instance of &#39;std::invalid_argument&#39;
  what():  stoi
Aborted

</pre>
</body>