<head>
  <style>
    .log { font-family: "Courier New", Consolas, monospace; font-size: 80%; }
    .test-failed { background-color: #ffaaaa; }
    .test-passed { background-color: #aaffaa; }
  </style>
</head>
<body>
<h3><a href="https://github.com/alainmarcel/uhdm-integration" target="_blank">yosys-uhdm</a></h3>
<pre class="test-failed">
description: Test imported from ivtest
rc: 139 (means success: 0)
tags: ivtest
incdirs: /tmpfs/src/github/sv-tests/third_party/tests/ivtest /tmpfs/src/github/sv-tests/third_party/tests/ivtest/ivltests
top_module: 
type: parsing
mode: parsing
files: <a href="../../../../third_party/tests/ivtest/ivltests/signed11.v.html" target="file-frame">third_party/tests/ivtest/ivltests/signed11.v</a>
defines: 
time_elapsed: 1.224s
ram usage: 42708 KB
</pre>
<pre class="log">

sh /tmpfs/tmp/tmp6f8vx4yv/scr.sh
+ surelog-uhdm -nopython -nobuiltin -parse -sverilog -I/tmpfs/src/github/sv-tests/third_party/tests/ivtest -I/tmpfs/src/github/sv-tests/third_party/tests/ivtest/ivltests <a href="../../../../third_party/tests/ivtest/ivltests/signed11.v.html" target="file-frame">third_party/tests/ivtest/ivltests/signed11.v</a>
[INF:CM0023] Creating log file ./slpp_all/surelog.log.

[WRN:PA0205] <a href="../../../../third_party/tests/ivtest/ivltests/signed11.v.html#l-25" target="file-frame">third_party/tests/ivtest/ivltests/signed11.v:25</a>: No timescale set for &#34;main&#34;.

[INF:CP0300] Compilation...

[INF:CP0303] <a href="../../../../third_party/tests/ivtest/ivltests/signed11.v.html#l-25" target="file-frame">third_party/tests/ivtest/ivltests/signed11.v:25</a>: Compile module &#34;work@main&#34;.

[INF:EL0526] Design Elaboration...

[NTE:EL0503] <a href="../../../../third_party/tests/ivtest/ivltests/signed11.v.html#l-25" target="file-frame">third_party/tests/ivtest/ivltests/signed11.v:25</a>: Top level module &#34;work@main&#34;.

[NTE:EL0508] Nb Top level modules: 1.

[NTE:EL0509] Max instance depth: 1.

[NTE:EL0510] Nb instances: 1.

[NTE:EL0511] Nb leaf instances: 0.

[  FATAL] : 0
[ SYNTAX] : 0
[  ERROR] : 0
[WARNING] : 1
[   NOTE] : 5
+ cat /tmpfs/tmp/tmp6f8vx4yv/yosys-script
read_uhdm slpp_all/surelog.uhdm
hierarchy -check -top \work_main
proc
check
memory_dff
memory_collect
stat
check
write_json
write_verilog
+ yosys-uhdm -s /tmpfs/tmp/tmp6f8vx4yv/yosys-script

 /----------------------------------------------------------------------------\
 |                                                                            |
 |  yosys -- Yosys Open SYnthesis Suite                                       |
 |                                                                            |
 |  Copyright (C) 2012 - 2020  Claire Wolf &lt;claire@symbioticeda.com&gt;          |
 |                                                                            |
 |  Permission to use, copy, modify, and/or distribute this software for any  |
 |  purpose with or without fee is hereby granted, provided that the above    |
 |  copyright notice and this permission notice appear in all copies.         |
 |                                                                            |
 |  THE SOFTWARE IS PROVIDED &#34;AS IS&#34; AND THE AUTHOR DISCLAIMS ALL WARRANTIES  |
 |  WITH REGARD TO THIS SOFTWARE INCLUDING ALL IMPLIED WARRANTIES OF          |
 |  MERCHANTABILITY AND FITNESS. IN NO EVENT SHALL THE AUTHOR BE LIABLE FOR   |
 |  ANY SPECIAL, DIRECT, INDIRECT, OR CONSEQUENTIAL DAMAGES OR ANY DAMAGES    |
 |  WHATSOEVER RESULTING FROM LOSS OF USE, DATA OR PROFITS, WHETHER IN AN     |
 |  ACTION OF CONTRACT, NEGLIGENCE OR OTHER TORTIOUS ACTION, ARISING OUT OF   |
 |  OR IN CONNECTION WITH THE USE OR PERFORMANCE OF THIS SOFTWARE.            |
 |                                                                            |
 \----------------------------------------------------------------------------/

 Yosys 0.9+2406 (git sha1 410a291f, clang 7.0.0 -fvisibility-inlines-hidden -fmessage-length=0 -march=nocona -mtune=haswell -ftree-vectorize -fPIC -fstack-protector-strong -fno-plt -O2 -ffunction-sections -fdebug-prefix-map=/tmp/really-really-really-really-really-really-really-really-really-really-really-really-really-long-path/conda/conda-bld/uhdm-integration_1594060930077/work=/usr/local/src/conda/uhdm-integration-0.0_0090_g40649a7 -fdebug-prefix-map=/home/kbuilder/miniconda/envs/sv-test-env=/usr/local/src/conda-prefix -fPIC -Os)


-- Executing script file `/tmpfs/tmp/tmp6f8vx4yv/yosys-script&#39; --

1. Executing UHDM frontend.
design: (work@main)
 |vpiName:work@main
 |uhdmallPackages:
 \_package: builtin, parent:work@main
   |vpiDefName:builtin
   |vpiFullName:builtin
 |uhdmallClasses:
 \_class_defn: (builtin::array)
   |vpiName:builtin::array
   |vpiFullName:builtin.builtin::array
 |uhdmallClasses:
 \_class_defn: (builtin::queue)
   |vpiName:builtin::queue
   |vpiFullName:builtin.builtin::queue
 |uhdmallClasses:
 \_class_defn: (builtin::string)
   |vpiName:builtin::string
   |vpiFullName:builtin.builtin::string
 |uhdmallClasses:
 \_class_defn: (builtin::system)
   |vpiName:builtin::system
   |vpiFullName:builtin.builtin::system
 |uhdmallModules:
 \_module: work@main, file:<a href="../../../../third_party/tests/ivtest/ivltests/signed11.v.html" target="file-frame">third_party/tests/ivtest/ivltests/signed11.v</a>, line:25, parent:work@main
   |vpiDefName:work@main
   |vpiFullName:work@main
   |vpiProcess:
   \_initial: 
     |vpiStmt:
     \_begin: , line:29
       |vpiFullName:work@main
       |vpiStmt:
       \_if_stmt: , line:30
         |vpiCondition:
         \_operation: , line:30
           |vpiOpType:27
           |vpiOperand:
           \_operation: , line:30
             |vpiOpType:20
             |vpiOperand:
             \_ref_obj: (FOO), line:30
               |vpiName:FOO
               |vpiFullName:work@main.FOO
             |vpiOperand:
             \_operation: , line:30
               |vpiOpType:1
               |vpiOperand:
               \_constant: , line:30
                 |vpiConstType:7
                 |vpiDecompile:255
                 |vpiSize:32
                 |INT:255
           |vpiOperand:
           \_operation: , line:30
             |vpiOpType:18
             |vpiOperand:
             \_ref_obj: (FOO), line:30
               |vpiName:FOO
               |vpiFullName:work@main.FOO
             |vpiOperand:
             \_constant: , line:30
               |vpiConstType:7
               |vpiDecompile:255
               |vpiSize:32
               |INT:255
         |vpiStmt:
         \_begin: , line:30
           |vpiFullName:work@main
           |vpiStmt:
           \_sys_func_call: ($display), line:31
             |vpiName:$display
             |vpiArgument:
             \_constant: , line:31
               |vpiConstType:6
               |vpiDecompile:&#34;FAILED -- foo=%d does not fall in the range?&#34;
               |vpiSize:46
               |STRING:&#34;FAILED -- foo=%d does not fall in the range?&#34;
             |vpiArgument:
             \_ref_obj: (FOO), line:31
               |vpiName:FOO
           |vpiStmt:
           \_sys_func_call: ($finish), line:32
             |vpiName:$finish
       |vpiStmt:
       \_sys_func_call: ($display), line:35
         |vpiName:$display
         |vpiArgument:
         \_constant: , line:35
           |vpiConstType:6
           |vpiDecompile:&#34;PASSED&#34;
           |vpiSize:8
           |STRING:&#34;PASSED&#34;
   |vpiParamAssign:
   \_param_assign: , line:27
     |vpiRhs:
     \_constant: , line:27
       |vpiConstType:7
       |vpiDecompile:0
       |vpiSize:32
       |INT:0
     |vpiLhs:
     \_parameter: (FOO), line:27
       |vpiName:FOO
   |vpiParameter:
   \_parameter: (FOO), line:27
 |uhdmtopModules:
 \_module: work@main (work@main), file:<a href="../../../../third_party/tests/ivtest/ivltests/signed11.v.html" target="file-frame">third_party/tests/ivtest/ivltests/signed11.v</a>, line:25
   |vpiDefName:work@main
   |vpiName:work@main
   |vpiParameter:
   \_parameter: (FOO), line:27
     |vpiName:FOO
     |INT:0
Object: \work_main of type 3000
Object: \work_main of type 32
Object: \FOO of type 41
Object: \work_main of type 32
Object:  of type 24
Object:  of type 4
Object:  of type 22
Object:  of type 39
Object:  of type 39
Object: \FOO of type 608
Object:  of type 39
Object:  of type 7
Object:  of type 39
Object: \FOO of type 608
Object:  of type 7
Object:  of type 4
Object: \$display of type 56
Object:  of type 7
Object: \FOO of type 608
Object: \$finish of type 56
Object: \$display of type 56
Object:  of type 7
Object: \FOO of type 41
Object:  of type 40
Object: \FOO of type 41
Object:  of type 7
Object: \builtin of type 600
Generating RTLIL representation for module `\work_main&#39;.
Dumping AST before simplification:
    AST_MODULE &lt;slpp_all/surelog.uhdm:0.0-0.0&gt; [0x1f6b380] str=&#39;\work_main&#39;
      AST_PARAMETER &lt;<a href="../../../../third_party/tests/ivtest/ivltests/signed11.v.html#l-27" target="file-frame">third_party/tests/ivtest/ivltests/signed11.v:27</a>.0-27.0&gt; [0x1f69470] str=&#39;\FOO&#39;
        AST_CONSTANT &lt;<a href="../../../../third_party/tests/ivtest/ivltests/signed11.v.html#l-27" target="file-frame">third_party/tests/ivtest/ivltests/signed11.v:27</a>.0-27.0&gt; [0x1f74d30] bits=&#39;00000000000000000000000000000000&#39;(32) range=[31:0]
      AST_INITIAL &lt;slpp_all/surelog.uhdm:0.0-0.0&gt; [0x1f697c0]
        AST_BLOCK &lt;<a href="../../../../third_party/tests/ivtest/ivltests/signed11.v.html#l-29" target="file-frame">third_party/tests/ivtest/ivltests/signed11.v:29</a>.0-29.0&gt; [0x1f69a40]
          AST_BLOCK &lt;<a href="../../../../third_party/tests/ivtest/ivltests/signed11.v.html#l-30" target="file-frame">third_party/tests/ivtest/ivltests/signed11.v:30</a>.0-30.0&gt; [0x1f71d70]
            AST_CASE &lt;slpp_all/surelog.uhdm:0.0-0.0&gt; [0x1f71f10]
              AST_LOGIC_OR &lt;<a href="../../../../third_party/tests/ivtest/ivltests/signed11.v.html#l-30" target="file-frame">third_party/tests/ivtest/ivltests/signed11.v:30</a>.0-30.0&gt; [0x1f72280]
                AST_REDUCE_BOOL &lt;<a href="../../../../third_party/tests/ivtest/ivltests/signed11.v.html#l-30" target="file-frame">third_party/tests/ivtest/ivltests/signed11.v:30</a>.0-30.0&gt; [0x1f726c0]
                  AST_LT &lt;slpp_all/surelog.uhdm:0.0-0.0&gt; [0x1f72860]
                    AST_IDENTIFIER &lt;<a href="../../../../third_party/tests/ivtest/ivltests/signed11.v.html#l-30" target="file-frame">third_party/tests/ivtest/ivltests/signed11.v:30</a>.0-30.0&gt; [0x1f72cd0] str=&#39;\FOO&#39;
                    AST_SUB &lt;<a href="../../../../third_party/tests/ivtest/ivltests/signed11.v.html#l-30" target="file-frame">third_party/tests/ivtest/ivltests/signed11.v:30</a>.0-30.0&gt; [0x1f73030]
                      AST_CONSTANT &lt;<a href="../../../../third_party/tests/ivtest/ivltests/signed11.v.html#l-30" target="file-frame">third_party/tests/ivtest/ivltests/signed11.v:30</a>.0-30.0&gt; [0x1f734f0] bits=&#39;00000000000000000000000011111111&#39;(32) range=[31:0] int=255
                AST_REDUCE_BOOL &lt;<a href="../../../../third_party/tests/ivtest/ivltests/signed11.v.html#l-30" target="file-frame">third_party/tests/ivtest/ivltests/signed11.v:30</a>.0-30.0&gt; [0x1f73330]
                  AST_GT &lt;slpp_all/surelog.uhdm:0.0-0.0&gt; [0x1f736d0]
                    AST_IDENTIFIER &lt;<a href="../../../../third_party/tests/ivtest/ivltests/signed11.v.html#l-30" target="file-frame">third_party/tests/ivtest/ivltests/signed11.v:30</a>.0-30.0&gt; [0x1f737f0] str=&#39;\FOO&#39;
                    AST_CONSTANT &lt;<a href="../../../../third_party/tests/ivtest/ivltests/signed11.v.html#l-30" target="file-frame">third_party/tests/ivtest/ivltests/signed11.v:30</a>.0-30.0&gt; [0x1f73ad0] bits=&#39;00000000000000000000000011111111&#39;(32) range=[31:0] int=255
              AST_COND &lt;slpp_all/surelog.uhdm:0.0-0.0&gt; [0x1f739b0]
                AST_CONSTANT &lt;slpp_all/surelog.uhdm:0.0-0.0&gt; [0x1f73c80] bits=&#39;1&#39;(1) range=[0:0] int=1
                AST_BLOCK &lt;slpp_all/surelog.uhdm:0.0-0.0&gt; [0x1f74650]
                  AST_BLOCK &lt;<a href="../../../../third_party/tests/ivtest/ivltests/signed11.v.html#l-30" target="file-frame">third_party/tests/ivtest/ivltests/signed11.v:30</a>.0-30.0&gt; [0x1f73da0]
                    AST_TCALL &lt;<a href="../../../../third_party/tests/ivtest/ivltests/signed11.v.html#l-31" target="file-frame">third_party/tests/ivtest/ivltests/signed11.v:31</a>.0-31.0&gt; [0x1f73ec0] str=&#39;$display&#39;
                      AST_CONSTANT &lt;<a href="../../../../third_party/tests/ivtest/ivltests/signed11.v.html#l-31" target="file-frame">third_party/tests/ivtest/ivltests/signed11.v:31</a>.0-31.0&gt; [0x1f74360] str=&#39;&#34;FAILED -- foo=%d does not fall in the range?&#34;&#39; bits=&#39;00100010010001100100000101001001010011000100010101000100001000000010110100101101001000000110011001101111011011110011110100100101011001000010000001100100011011110110010101110011001000000110111001101111011101000010000001100110011000010110110001101100001000000110100101101110001000000111010001101000011001010010000001110010011000010110111001100111011001010011111100100010&#39;(368) range=[367:0] int=1734688546
                      AST_IDENTIFIER &lt;<a href="../../../../third_party/tests/ivtest/ivltests/signed11.v.html#l-31" target="file-frame">third_party/tests/ivtest/ivltests/signed11.v:31</a>.0-31.0&gt; [0x1f74050] str=&#39;\FOO&#39;
                    AST_FCALL &lt;<a href="../../../../third_party/tests/ivtest/ivltests/signed11.v.html#l-32" target="file-frame">third_party/tests/ivtest/ivltests/signed11.v:32</a>.0-32.0&gt; [0x1f74230] str=&#39;\$finish&#39;
          AST_TCALL &lt;<a href="../../../../third_party/tests/ivtest/ivltests/signed11.v.html#l-35" target="file-frame">third_party/tests/ivtest/ivltests/signed11.v:35</a>.0-35.0&gt; [0x1f74770] str=&#39;$display&#39;
            AST_CONSTANT &lt;<a href="../../../../third_party/tests/ivtest/ivltests/signed11.v.html#l-35" target="file-frame">third_party/tests/ivtest/ivltests/signed11.v:35</a>.0-35.0&gt; [0x1f74a50] str=&#39;&#34;PASSED&#34;&#39; bits=&#39;0010001001010000010000010101001101010011010001010100010000100010&#39;(64) range=[63:0] int=1397048354
Segmentation fault

</pre>
</body>