<head>
  <style>
    .log { font-family: "Courier New", Consolas, monospace; font-size: 80%; }
    .test-failed { background-color: #ffaaaa; }
    .test-passed { background-color: #aaffaa; }
  </style>
</head>
<body>
<h3><a href="https://github.com/alainmarcel/uhdm-integration" target="_blank">yosys-uhdm</a></h3>
<pre class="test-failed">
description: Test imported from ivtest
rc: 1 (means success: 0)
tags: ivtest
incdirs: /tmpfs/src/github/sv-tests/third_party/tests/ivtest /tmpfs/src/github/sv-tests/third_party/tests/ivtest/ivltests
top_module: 
type: parsing
mode: parsing
files: <a href="../../../../third_party/tests/ivtest/ivltests/supply2.v.html" target="file-frame">third_party/tests/ivtest/ivltests/supply2.v</a>
defines: 
time_elapsed: 1.112s
ram usage: 40436 KB
</pre>
<pre class="log">

sh /tmpfs/tmp/tmp9615g79e/scr.sh
+ surelog-uhdm -nopython -nobuiltin -parse -sverilog -I/tmpfs/src/github/sv-tests/third_party/tests/ivtest -I/tmpfs/src/github/sv-tests/third_party/tests/ivtest/ivltests <a href="../../../../third_party/tests/ivtest/ivltests/supply2.v.html" target="file-frame">third_party/tests/ivtest/ivltests/supply2.v</a>
[INF:CM0023] Creating log file ./slpp_all/surelog.log.

[WRN:PA0205] <a href="../../../../third_party/tests/ivtest/ivltests/supply2.v.html#l-26" target="file-frame">third_party/tests/ivtest/ivltests/supply2.v:26</a>: No timescale set for &#34;test&#34;.

[INF:CP0300] Compilation...

[INF:CP0303] <a href="../../../../third_party/tests/ivtest/ivltests/supply2.v.html#l-26" target="file-frame">third_party/tests/ivtest/ivltests/supply2.v:26</a>: Compile module &#34;work@test&#34;.

[INF:EL0526] Design Elaboration...

[NTE:EL0503] <a href="../../../../third_party/tests/ivtest/ivltests/supply2.v.html#l-26" target="file-frame">third_party/tests/ivtest/ivltests/supply2.v:26</a>: Top level module &#34;work@test&#34;.

[NTE:EL0508] Nb Top level modules: 1.

[NTE:EL0509] Max instance depth: 1.

[NTE:EL0510] Nb instances: 1.

[NTE:EL0511] Nb leaf instances: 0.

[  FATAL] : 0
[ SYNTAX] : 0
[  ERROR] : 0
[WARNING] : 1
[   NOTE] : 5
+ cat /tmpfs/tmp/tmp9615g79e/yosys-script
read_uhdm slpp_all/surelog.uhdm
hierarchy -check -top \work_test
proc
check
memory_dff
memory_collect
stat
check
write_json
write_verilog
+ yosys-uhdm -s /tmpfs/tmp/tmp9615g79e/yosys-script

 /----------------------------------------------------------------------------\
 |                                                                            |
 |  yosys -- Yosys Open SYnthesis Suite                                       |
 |                                                                            |
 |  Copyright (C) 2012 - 2020  Claire Wolf &lt;claire@symbioticeda.com&gt;          |
 |                                                                            |
 |  Permission to use, copy, modify, and/or distribute this software for any  |
 |  purpose with or without fee is hereby granted, provided that the above    |
 |  copyright notice and this permission notice appear in all copies.         |
 |                                                                            |
 |  THE SOFTWARE IS PROVIDED &#34;AS IS&#34; AND THE AUTHOR DISCLAIMS ALL WARRANTIES  |
 |  WITH REGARD TO THIS SOFTWARE INCLUDING ALL IMPLIED WARRANTIES OF          |
 |  MERCHANTABILITY AND FITNESS. IN NO EVENT SHALL THE AUTHOR BE LIABLE FOR   |
 |  ANY SPECIAL, DIRECT, INDIRECT, OR CONSEQUENTIAL DAMAGES OR ANY DAMAGES    |
 |  WHATSOEVER RESULTING FROM LOSS OF USE, DATA OR PROFITS, WHETHER IN AN     |
 |  ACTION OF CONTRACT, NEGLIGENCE OR OTHER TORTIOUS ACTION, ARISING OUT OF   |
 |  OR IN CONNECTION WITH THE USE OR PERFORMANCE OF THIS SOFTWARE.            |
 |                                                                            |
 \----------------------------------------------------------------------------/

 Yosys 0.9+2406 (git sha1 410a291f, clang 7.0.0 -fvisibility-inlines-hidden -fmessage-length=0 -march=nocona -mtune=haswell -ftree-vectorize -fPIC -fstack-protector-strong -fno-plt -O2 -ffunction-sections -fdebug-prefix-map=/tmp/really-really-really-really-really-really-really-really-really-really-really-really-really-long-path/conda/conda-bld/uhdm-integration_1594060930077/work=/usr/local/src/conda/uhdm-integration-0.0_0090_g40649a7 -fdebug-prefix-map=/home/kbuilder/miniconda/envs/sv-test-env=/usr/local/src/conda-prefix -fPIC -Os)


-- Executing script file `/tmpfs/tmp/tmp9615g79e/yosys-script&#39; --

1. Executing UHDM frontend.
design: (work@test)
 |vpiName:work@test
 |uhdmallPackages:
 \_package: builtin, parent:work@test
   |vpiDefName:builtin
   |vpiFullName:builtin
 |uhdmallClasses:
 \_class_defn: (builtin::array)
   |vpiName:builtin::array
   |vpiFullName:builtin.builtin::array
 |uhdmallClasses:
 \_class_defn: (builtin::queue)
   |vpiName:builtin::queue
   |vpiFullName:builtin.builtin::queue
 |uhdmallClasses:
 \_class_defn: (builtin::string)
   |vpiName:builtin::string
   |vpiFullName:builtin.builtin::string
 |uhdmallClasses:
 \_class_defn: (builtin::system)
   |vpiName:builtin::system
   |vpiFullName:builtin.builtin::system
 |uhdmallModules:
 \_module: work@test, file:<a href="../../../../third_party/tests/ivtest/ivltests/supply2.v.html" target="file-frame">third_party/tests/ivtest/ivltests/supply2.v</a>, line:26, parent:work@test
   |vpiDefName:work@test
   |vpiFullName:work@test
   |vpiProcess:
   \_initial: 
     |vpiStmt:
     \_begin: , line:35
       |vpiFullName:work@test
       |vpiStmt:
       \_delay_control: , line:35
         |#1
         |vpiStmt:
         \_if_stmt: , line:36
           |vpiCondition:
           \_operation: , line:36
             |vpiOpType:17
             |vpiOperand:
             \_ref_obj: (gnd), line:36
               |vpiName:gnd
               |vpiFullName:work@test.gnd
             |vpiOperand:
             \_constant: , line:36
               |vpiConstType:7
               |vpiDecompile:0
               |vpiSize:32
               |INT:0
           |vpiStmt:
           \_begin: , line:36
             |vpiFullName:work@test
             |vpiStmt:
             \_sys_func_call: ($display), line:37
               |vpiName:$display
               |vpiArgument:
               \_constant: , line:37
                 |vpiConstType:6
                 |vpiDecompile:&#34;FAILED -- gnd == %b&#34;
                 |vpiSize:21
                 |STRING:&#34;FAILED -- gnd == %b&#34;
               |vpiArgument:
               \_ref_obj: (gnd), line:37
                 |vpiName:gnd
             |vpiStmt:
             \_sys_func_call: ($finish), line:38
               |vpiName:$finish
       |vpiStmt:
       \_if_stmt: , line:41
         |vpiCondition:
         \_operation: , line:41
           |vpiOpType:17
           |vpiOperand:
           \_ref_obj: (vdd), line:41
             |vpiName:vdd
             |vpiFullName:work@test.vdd
           |vpiOperand:
           \_constant: , line:41
             |vpiConstType:7
             |vpiDecompile:1
             |vpiSize:32
             |INT:1
         |vpiStmt:
         \_begin: , line:41
           |vpiFullName:work@test
           |vpiStmt:
           \_sys_func_call: ($display), line:42
             |vpiName:$display
             |vpiArgument:
             \_constant: , line:42
               |vpiConstType:6
               |vpiDecompile:&#34;FAILED -- vdd == %b&#34;
               |vpiSize:21
               |STRING:&#34;FAILED -- vdd == %b&#34;
             |vpiArgument:
             \_ref_obj: (vdd), line:42
               |vpiName:vdd
           |vpiStmt:
           \_sys_func_call: ($finish), line:43
             |vpiName:$finish
       |vpiStmt:
       \_sys_func_call: ($display), line:46
         |vpiName:$display
         |vpiArgument:
         \_constant: , line:46
           |vpiConstType:6
           |vpiDecompile:&#34;PASSED&#34;
           |vpiSize:8
           |STRING:&#34;PASSED&#34;
   |vpiContAssign:
   \_cont_assign: , line:32
     |vpiRhs:
     \_constant: , line:32
       |vpiConstType:7
       |vpiDecompile:1
       |vpiSize:32
       |INT:1
     |vpiLhs:
     \_ref_obj: (gnd), line:32
       |vpiName:gnd
       |vpiFullName:work@test.gnd
       |vpiActual:
       \_logic_net: (gnd), line:28
         |vpiName:gnd
         |vpiFullName:work@test.gnd
         |vpiNetType:11
   |vpiContAssign:
   \_cont_assign: , line:33
     |vpiRhs:
     \_constant: , line:33
       |vpiConstType:7
       |vpiDecompile:0
       |vpiSize:32
       |INT:0
     |vpiLhs:
     \_ref_obj: (vdd), line:33
       |vpiName:vdd
       |vpiFullName:work@test.vdd
       |vpiActual:
       \_logic_net: (vdd), line:29
         |vpiName:vdd
         |vpiFullName:work@test.vdd
         |vpiNetType:10
   |vpiNet:
   \_logic_net: (gnd), line:28
   |vpiNet:
   \_logic_net: (vdd), line:29
 |uhdmtopModules:
 \_module: work@test (work@test), file:<a href="../../../../third_party/tests/ivtest/ivltests/supply2.v.html" target="file-frame">third_party/tests/ivtest/ivltests/supply2.v</a>, line:26
   |vpiDefName:work@test
   |vpiName:work@test
   |vpiNet:
   \_logic_net: (gnd), line:28, parent:work@test
     |vpiName:gnd
     |vpiFullName:work@test.gnd
     |vpiNetType:11
   |vpiNet:
   \_logic_net: (vdd), line:29, parent:work@test
     |vpiName:vdd
     |vpiFullName:work@test.vdd
     |vpiNetType:10
Object: \work_test of type 3000
Object: \work_test of type 32
Object: \gnd of type 36
Object: \vdd of type 36
Object: \work_test of type 32
Object:  of type 8
Object: \gnd of type 608
Object: \gnd of type 36
Object:  of type 7
Object:  of type 8
Object: \vdd of type 608
Object: \vdd of type 36
Object:  of type 7
Object:  of type 24
Object:  of type 4
Object:  of type 11
ERROR: Encountered unhandled object type: 11

</pre>
</body>