<head>
  <style>
    .log { font-family: "Courier New", Consolas, monospace; font-size: 80%; }
    .test-failed { background-color: #ffaaaa; }
    .test-passed { background-color: #aaffaa; }
  </style>
</head>
<body>
<h3><a href="https://github.com/alainmarcel/uhdm-integration" target="_blank">yosys-uhdm</a></h3>
<pre class="test-failed">
description: Test imported from ivtest
rc: 1 (means success: 0)
should_fail_because: 
tags: ivtest
incdirs: /tmpfs/src/github/sv-tests/third_party/tests/ivtest /tmpfs/src/github/sv-tests/third_party/tests/ivtest/ivltests
top_module: 
type: parsing
mode: parsing
files: <a href="../../../../third_party/tests/ivtest/ivltests/sv_class22.v.html" target="file-frame">third_party/tests/ivtest/ivltests/sv_class22.v</a>
defines: 
time_elapsed: 1.348s
ram usage: 39088 KB
</pre>
<pre class="log">

sh /tmpfs/tmp/tmpo8lzh4tm/scr.sh
+ surelog-uhdm -nopython -nobuiltin -parse -sverilog -I/tmpfs/src/github/sv-tests/third_party/tests/ivtest -I/tmpfs/src/github/sv-tests/third_party/tests/ivtest/ivltests <a href="../../../../third_party/tests/ivtest/ivltests/sv_class22.v.html" target="file-frame">third_party/tests/ivtest/ivltests/sv_class22.v</a>
[INF:CM0023] Creating log file ./slpp_all/surelog.log.

[WRN:PA0205] <a href="../../../../third_party/tests/ivtest/ivltests/sv_class22.v.html#l-2" target="file-frame">third_party/tests/ivtest/ivltests/sv_class22.v:2</a>: No timescale set for &#34;main&#34;.

[INF:CP0300] Compilation...

[INF:CP0306] <a href="../../../../third_party/tests/ivtest/ivltests/sv_class22.v.html#l-2" target="file-frame">third_party/tests/ivtest/ivltests/sv_class22.v:2</a>: Compile program &#34;work@main&#34;.

[INF:CP0302] <a href="../../../../third_party/tests/ivtest/ivltests/sv_class22.v.html#l-4" target="file-frame">third_party/tests/ivtest/ivltests/sv_class22.v:4</a>: Compile class &#34;work@main::base_t&#34;.

[INF:CP0302] <a href="../../../../third_party/tests/ivtest/ivltests/sv_class22.v.html#l-11" target="file-frame">third_party/tests/ivtest/ivltests/sv_class22.v:11</a>: Compile class &#34;work@main::foo_t&#34;.

[WRN:CP0314] <a href="../../../../third_party/tests/ivtest/ivltests/sv_class22.v.html#l-2" target="file-frame">third_party/tests/ivtest/ivltests/sv_class22.v:2</a>: Using programs is discouraged &#34;work@main&#34;, programs are obsoleted by UVM.

[INF:EL0526] Design Elaboration...

[NTE:EL0508] Nb Top level modules: 0.

[NTE:EL0509] Max instance depth: 0.

[NTE:EL0510] Nb instances: 0.

[NTE:EL0511] Nb leaf instances: 0.

[  FATAL] : 0
[ SYNTAX] : 0
[  ERROR] : 0
[WARNING] : 2
[   NOTE] : 4
+ cat /tmpfs/tmp/tmpo8lzh4tm/yosys-script
read_uhdm slpp_all/surelog.uhdm
hierarchy -check -top \work_None
proc
check
memory_dff
memory_collect
stat
check
write_json
write_verilog
+ yosys-uhdm -s /tmpfs/tmp/tmpo8lzh4tm/yosys-script

 /----------------------------------------------------------------------------\
 |                                                                            |
 |  yosys -- Yosys Open SYnthesis Suite                                       |
 |                                                                            |
 |  Copyright (C) 2012 - 2020  Claire Wolf &lt;claire@symbioticeda.com&gt;          |
 |                                                                            |
 |  Permission to use, copy, modify, and/or distribute this software for any  |
 |  purpose with or without fee is hereby granted, provided that the above    |
 |  copyright notice and this permission notice appear in all copies.         |
 |                                                                            |
 |  THE SOFTWARE IS PROVIDED &#34;AS IS&#34; AND THE AUTHOR DISCLAIMS ALL WARRANTIES  |
 |  WITH REGARD TO THIS SOFTWARE INCLUDING ALL IMPLIED WARRANTIES OF          |
 |  MERCHANTABILITY AND FITNESS. IN NO EVENT SHALL THE AUTHOR BE LIABLE FOR   |
 |  ANY SPECIAL, DIRECT, INDIRECT, OR CONSEQUENTIAL DAMAGES OR ANY DAMAGES    |
 |  WHATSOEVER RESULTING FROM LOSS OF USE, DATA OR PROFITS, WHETHER IN AN     |
 |  ACTION OF CONTRACT, NEGLIGENCE OR OTHER TORTIOUS ACTION, ARISING OUT OF   |
 |  OR IN CONNECTION WITH THE USE OR PERFORMANCE OF THIS SOFTWARE.            |
 |                                                                            |
 \----------------------------------------------------------------------------/

 Yosys 0.9+2406 (git sha1 0a06379e, clang 7.0.0 -fvisibility-inlines-hidden -fmessage-length=0 -march=nocona -mtune=haswell -ftree-vectorize -fPIC -fstack-protector-strong -fno-plt -O2 -ffunction-sections -fdebug-prefix-map=/tmp/really-really-really-really-really-really-really-really-really-really-really-really-really-long-path/conda/conda-bld/uhdm-integration_1593156724456/work=/usr/local/src/conda/uhdm-integration-0.0_0080_g5facd9a -fdebug-prefix-map=/home/kbuilder/miniconda/envs/sv-test-env=/usr/local/src/conda-prefix -fPIC -Os)


-- Executing script file `/tmpfs/tmp/tmpo8lzh4tm/yosys-script&#39; --

1. Executing UHDM frontend.
design: (unnamed)
 |vpiName:unnamed
 |uhdmallPackages:
 \_package: builtin, parent:unnamed
   |vpiDefName:builtin
   |vpiFullName:builtin
 |uhdmallClasses:
 \_class_defn: (builtin::array)
   |vpiName:builtin::array
   |vpiFullName:builtin.builtin::array
 |uhdmallClasses:
 \_class_defn: (builtin::queue)
   |vpiName:builtin::queue
   |vpiFullName:builtin.builtin::queue
 |uhdmallClasses:
 \_class_defn: (builtin::string)
   |vpiName:builtin::string
   |vpiFullName:builtin.builtin::string
 |uhdmallClasses:
 \_class_defn: (builtin::system)
   |vpiName:builtin::system
   |vpiFullName:builtin.builtin::system
 |uhdmallClasses:
 \_class_defn: (work@main::base_t), file:<a href="../../../../third_party/tests/ivtest/ivltests/sv_class22.v.html" target="file-frame">third_party/tests/ivtest/ivltests/sv_class22.v</a>, line:4
   |vpiName:work@main::base_t
   |vpiFullName:work@main.work@main::base_t
 |uhdmallClasses:
 \_class_defn: (work@main::foo_t), file:<a href="../../../../third_party/tests/ivtest/ivltests/sv_class22.v.html" target="file-frame">third_party/tests/ivtest/ivltests/sv_class22.v</a>, line:11
   |vpiName:work@main::foo_t
   |vpiFullName:work@main.work@main::foo_t
 |uhdmallPrograms:
 \_program: work@main, file:<a href="../../../../third_party/tests/ivtest/ivltests/sv_class22.v.html" target="file-frame">third_party/tests/ivtest/ivltests/sv_class22.v</a>, line:2, parent:unnamed
   |vpiDefName:work@main
   |vpiFullName:work@main
   |vpiProcess:
   \_initial: 
     |vpiStmt:
     \_begin: , line:20
       |vpiFullName:work@main
       |vpiStmt:
       \_assignment: , line:21
         |vpiBlocking:1
         |vpiLhs:
         \_unsupported_expr: , line:2
           |STRING:program main;

         |vpiRhs:
         \_unsupported_expr: , line:2
           |STRING:program main;

       |vpiStmt:
       \_if_stmt: , line:23
         |vpiCondition:
         \_operation: , line:23
           |vpiOpType:17
           |vpiOperand:
           \_ref_obj: (obj1.int_value), line:23
             |vpiName:obj1.int_value
             |vpiFullName:work@main.obj1.int_value
           |vpiOperand:
           \_constant: , line:23
             |vpiConstType:7
             |vpiDecompile:42
             |vpiSize:32
             |INT:42
         |vpiStmt:
         \_begin: , line:23
           |vpiFullName:work@main
           |vpiStmt:
           \_sys_func_call: ($display), line:24
             |vpiName:$display
             |vpiArgument:
             \_constant: , line:24
               |vpiConstType:6
               |vpiDecompile:&#34;FAILED -- obj1.int_value = %0d&#34;
               |vpiSize:32
               |STRING:&#34;FAILED -- obj1.int_value = %0d&#34;
             |vpiArgument:
             \_ref_obj: (obj1.int_value), line:24
               |vpiName:obj1.int_value
           |vpiStmt:
           \_sys_func_call: ($finish), line:25
             |vpiName:$finish
       |vpiStmt:
       \_if_stmt: , line:28
         |vpiCondition:
         \_operation: , line:28
           |vpiOpType:15
           |vpiOperand:
           \_ref_obj: (obj1.str_value), line:28
             |vpiName:obj1.str_value
             |vpiFullName:work@main.obj1.str_value
           |vpiOperand:
           \_constant: , line:28
             |vpiConstType:6
             |vpiDecompile:&#34;42&#34;
             |vpiSize:4
             |STRING:&#34;42&#34;
         |vpiStmt:
         \_begin: , line:28
           |vpiFullName:work@main
           |vpiStmt:
           \_sys_func_call: ($display), line:29
             |vpiName:$display
             |vpiArgument:
             \_constant: , line:29
               |vpiConstType:6
               |vpiDecompile:&#34;FAILED -- obj1.str_value = %0s&#34;
               |vpiSize:32
               |STRING:&#34;FAILED -- obj1.str_value = %0s&#34;
             |vpiArgument:
             \_ref_obj: (obj1.str_value), line:29
               |vpiName:obj1.str_value
           |vpiStmt:
           \_sys_func_call: ($finish), line:30
             |vpiName:$finish
       |vpiStmt:
       \_sys_func_call: ($display), line:33
         |vpiName:$display
         |vpiArgument:
         \_constant: , line:33
           |vpiConstType:6
           |vpiDecompile:&#34;PASSED&#34;
           |vpiSize:8
           |STRING:&#34;PASSED&#34;
       |vpiStmt:
       \_sys_func_call: ($finish), line:34
         |vpiName:$finish
   |vpiNet:
   \_logic_net: (obj1), line:18
     |vpiName:obj1
     |vpiFullName:work@main.obj1
Object: \unnamed of type 3000
Object: \builtin of type 600

2. Executing HIERARCHY pass (managing design hierarchy).
ERROR: Module `\work_None&#39; not found!

</pre>
</body>