<head>
  <style>
    .log { font-family: "Courier New", Consolas, monospace; font-size: 80%; }
    .test-failed { background-color: #ffaaaa; }
    .test-passed { background-color: #aaffaa; }
  </style>
</head>
<body>
<h3><a href="https://github.com/alainmarcel/uhdm-integration" target="_blank">yosys-uhdm</a></h3>
<pre class="test-failed">
description: Test imported from ivtest
rc: 1 (means success: 0)
should_fail_because: 
tags: ivtest
incdirs: /tmpfs/src/github/sv-tests/third_party/tests/ivtest /tmpfs/src/github/sv-tests/third_party/tests/ivtest/ivltests
top_module: 
type: parsing
mode: parsing
files: <a href="../../../../third_party/tests/ivtest/ivltests/sv_typedef_scope.v.html" target="file-frame">third_party/tests/ivtest/ivltests/sv_typedef_scope.v</a>
defines: 
time_elapsed: 2.332s
ram usage: 40600 KB
</pre>
<pre class="log">

sh /tmpfs/tmp/tmp9gsyoc2a/scr.sh
+ surelog-uhdm -nopython -nobuiltin -parse -sverilog -I/tmpfs/src/github/sv-tests/third_party/tests/ivtest -I/tmpfs/src/github/sv-tests/third_party/tests/ivtest/ivltests <a href="../../../../third_party/tests/ivtest/ivltests/sv_typedef_scope.v.html" target="file-frame">third_party/tests/ivtest/ivltests/sv_typedef_scope.v</a>
[INF:CM0023] Creating log file ./slpp_all/surelog.log.

[WRN:PA0205] <a href="../../../../third_party/tests/ivtest/ivltests/sv_typedef_scope.v.html#l-7" target="file-frame">third_party/tests/ivtest/ivltests/sv_typedef_scope.v:7</a>: No timescale set for &#34;main&#34;.

[INF:CP0300] Compilation...

[INF:CP0303] <a href="../../../../third_party/tests/ivtest/ivltests/sv_typedef_scope.v.html#l-7" target="file-frame">third_party/tests/ivtest/ivltests/sv_typedef_scope.v:7</a>: Compile module &#34;work@main&#34;.

[ERR:CP0323] <a href="../../../../third_party/tests/ivtest/ivltests/sv_typedef_scope.v.html#l-10" target="file-frame">third_party/tests/ivtest/ivltests/sv_typedef_scope.v:10</a>: Multiply defined typedef &#34;foo_t&#34;,
             <a href="../../../../third_party/tests/ivtest/ivltests/sv_typedef_scope.v.html#l-2" target="file-frame">third_party/tests/ivtest/ivltests/sv_typedef_scope.v:2</a>: previous definition.

[INF:EL0526] Design Elaboration...

[NTE:EL0503] <a href="../../../../third_party/tests/ivtest/ivltests/sv_typedef_scope.v.html#l-7" target="file-frame">third_party/tests/ivtest/ivltests/sv_typedef_scope.v:7</a>: Top level module &#34;work@main&#34;.

[NTE:EL0508] Nb Top level modules: 1.

[NTE:EL0509] Max instance depth: 1.

[NTE:EL0510] Nb instances: 1.

[NTE:EL0511] Nb leaf instances: 0.

[  FATAL] : 0
[ SYNTAX] : 0
[  ERROR] : 1
[WARNING] : 1
[   NOTE] : 5
+ cat /tmpfs/tmp/tmp9gsyoc2a/yosys-script
read_uhdm slpp_all/surelog.uhdm
hierarchy -check -top \work_main
proc
check
memory_dff
memory_collect
stat
check
write_json
write_verilog
+ yosys-uhdm -s /tmpfs/tmp/tmp9gsyoc2a/yosys-script

 /----------------------------------------------------------------------------\
 |                                                                            |
 |  yosys -- Yosys Open SYnthesis Suite                                       |
 |                                                                            |
 |  Copyright (C) 2012 - 2020  Claire Wolf &lt;claire@symbioticeda.com&gt;          |
 |                                                                            |
 |  Permission to use, copy, modify, and/or distribute this software for any  |
 |  purpose with or without fee is hereby granted, provided that the above    |
 |  copyright notice and this permission notice appear in all copies.         |
 |                                                                            |
 |  THE SOFTWARE IS PROVIDED &#34;AS IS&#34; AND THE AUTHOR DISCLAIMS ALL WARRANTIES  |
 |  WITH REGARD TO THIS SOFTWARE INCLUDING ALL IMPLIED WARRANTIES OF          |
 |  MERCHANTABILITY AND FITNESS. IN NO EVENT SHALL THE AUTHOR BE LIABLE FOR   |
 |  ANY SPECIAL, DIRECT, INDIRECT, OR CONSEQUENTIAL DAMAGES OR ANY DAMAGES    |
 |  WHATSOEVER RESULTING FROM LOSS OF USE, DATA OR PROFITS, WHETHER IN AN     |
 |  ACTION OF CONTRACT, NEGLIGENCE OR OTHER TORTIOUS ACTION, ARISING OUT OF   |
 |  OR IN CONNECTION WITH THE USE OR PERFORMANCE OF THIS SOFTWARE.            |
 |                                                                            |
 \----------------------------------------------------------------------------/

 Yosys 0.9+2406 (git sha1 0a06379e, clang 7.0.0 -fvisibility-inlines-hidden -fmessage-length=0 -march=nocona -mtune=haswell -ftree-vectorize -fPIC -fstack-protector-strong -fno-plt -O2 -ffunction-sections -fdebug-prefix-map=/tmp/really-really-really-really-really-really-really-really-really-really-really-really-really-long-path/conda/conda-bld/uhdm-integration_1593156724456/work=/usr/local/src/conda/uhdm-integration-0.0_0080_g5facd9a -fdebug-prefix-map=/home/kbuilder/miniconda/envs/sv-test-env=/usr/local/src/conda-prefix -fPIC -Os)


-- Executing script file `/tmpfs/tmp/tmp9gsyoc2a/yosys-script&#39; --

1. Executing UHDM frontend.
design: (work@main)
 |vpiName:work@main
 |uhdmallPackages:
 \_package: builtin, parent:work@main
   |vpiDefName:builtin
   |vpiFullName:builtin
 |uhdmallClasses:
 \_class_defn: (builtin::array)
   |vpiName:builtin::array
   |vpiFullName:builtin.builtin::array
 |uhdmallClasses:
 \_class_defn: (builtin::queue)
   |vpiName:builtin::queue
   |vpiFullName:builtin.builtin::queue
 |uhdmallClasses:
 \_class_defn: (builtin::string)
   |vpiName:builtin::string
   |vpiFullName:builtin.builtin::string
 |uhdmallClasses:
 \_class_defn: (builtin::system)
   |vpiName:builtin::system
   |vpiFullName:builtin.builtin::system
 |uhdmallModules:
 \_module: work@main, file:<a href="../../../../third_party/tests/ivtest/ivltests/sv_typedef_scope.v.html" target="file-frame">third_party/tests/ivtest/ivltests/sv_typedef_scope.v</a>, line:7, parent:work@main
   |vpiDefName:work@main
   |vpiFullName:work@main
   |vpiProcess:
   \_initial: 
     |vpiStmt:
     \_begin: , line:17
       |vpiFullName:work@main
       |vpiStmt:
       \_assignment: , line:18
         |vpiBlocking:1
         |vpiLhs:
         \_ref_obj: (foo), line:18
           |vpiName:foo
           |vpiFullName:work@main.foo
         |vpiRhs:
         \_constant: , line:18
           |vpiConstType:3
           |vpiDecompile:6&#39;b111000
           |vpiSize:6
           |BIN:6&#39;b111000
       |vpiStmt:
       \_if_stmt: , line:20
         |vpiCondition:
         \_operation: , line:20
           |vpiOpType:15
           |vpiOperand:
           \_constant: , line:20
             |vpiDecompile:6
             |INT:6
           |vpiOperand:
           \_constant: , line:20
             |vpiConstType:7
             |vpiDecompile:6
             |vpiSize:32
             |INT:6
         |vpiStmt:
         \_begin: , line:20
           |vpiFullName:work@main
           |vpiStmt:
           \_sys_func_call: ($display), line:21
             |vpiName:$display
             |vpiArgument:
             \_constant: , line:21
               |vpiConstType:6
               |vpiDecompile:&#34;FAILED -- Got wrong foo_t definition?&#34;
               |vpiSize:39
               |STRING:&#34;FAILED -- Got wrong foo_t definition?&#34;
           |vpiStmt:
           \_sys_func_call: ($finish), line:22
             |vpiName:$finish
       |vpiStmt:
       \_if_stmt: , line:25
         |vpiCondition:
         \_operation: , line:25
           |vpiOpType:15
           |vpiOperand:
           \_sys_func_call: ($bits), line:25
             |vpiName:$bits
             |vpiArgument:
             \_ref_obj: (foo), line:25
               |vpiName:foo
           |vpiOperand:
           \_constant: , line:25
             |vpiConstType:7
             |vpiDecompile:6
             |vpiSize:32
             |INT:6
         |vpiStmt:
         \_begin: , line:25
           |vpiFullName:work@main
           |vpiStmt:
           \_sys_func_call: ($display), line:26
             |vpiName:$display
             |vpiArgument:
             \_constant: , line:26
               |vpiConstType:6
               |vpiDecompile:&#34;FAILED -- $bits(foo)==%0d&#34;
               |vpiSize:27
               |STRING:&#34;FAILED -- $bits(foo)==%0d&#34;
             |vpiArgument:
             \_sys_func_call: ($bits), line:26
               |vpiName:$bits
               |vpiArgument:
               \_ref_obj: (foo), line:26
                 |vpiName:foo
           |vpiStmt:
           \_sys_func_call: ($finish), line:27
             |vpiName:$finish
       |vpiStmt:
       \_if_stmt: , line:30
         |vpiCondition:
         \_operation: , line:30
           |vpiOpType:17
           |vpiOperand:
           \_ref_obj: (foo.hig_x), line:30
             |vpiName:foo.hig_x
             |vpiFullName:work@main.foo.hig_x
           |vpiOperand:
           \_constant: , line:30
             |vpiConstType:3
             |vpiDecompile:3&#39;b111
             |vpiSize:3
             |BIN:3&#39;b111
         |vpiStmt:
         \_begin: , line:30
           |vpiFullName:work@main
           |vpiStmt:
           \_sys_func_call: ($display), line:31
             |vpiName:$display
             |vpiArgument:
             \_constant: , line:31
               |vpiConstType:6
               |vpiDecompile:&#34;FAILED -- foo=%b, foo.hig_x=%b&#34;
               |vpiSize:32
               |STRING:&#34;FAILED -- foo=%b, foo.hig_x=%b&#34;
             |vpiArgument:
             \_ref_obj: (foo), line:31
               |vpiName:foo
             |vpiArgument:
             \_ref_obj: (foo.hig_x), line:31
               |vpiName:foo.hig_x
           |vpiStmt:
           \_sys_func_call: ($finish), line:32
             |vpiName:$finish
       |vpiStmt:
       \_if_stmt: , line:35
         |vpiCondition:
         \_operation: , line:35
           |vpiOpType:17
           |vpiOperand:
           \_ref_obj: (foo.low_x), line:35
             |vpiName:foo.low_x
             |vpiFullName:work@main.foo.low_x
           |vpiOperand:
           \_constant: , line:35
             |vpiConstType:3
             |vpiDecompile:3&#39;b000
             |vpiSize:3
             |BIN:3&#39;b000
         |vpiStmt:
         \_begin: , line:35
           |vpiFullName:work@main
           |vpiStmt:
           \_sys_func_call: ($display), line:36
             |vpiName:$display
             |vpiArgument:
             \_constant: , line:36
               |vpiConstType:6
               |vpiDecompile:&#34;FAILED -- foo=%b, foo.low_x=%b&#34;
               |vpiSize:32
               |STRING:&#34;FAILED -- foo=%b, foo.low_x=%b&#34;
             |vpiArgument:
             \_ref_obj: (foo), line:36
               |vpiName:foo
             |vpiArgument:
             \_ref_obj: (foo.low_x), line:36
               |vpiName:foo.low_x
           |vpiStmt:
           \_sys_func_call: ($finish), line:37
             |vpiName:$finish
       |vpiStmt:
       \_sys_func_call: ($display), line:40
         |vpiName:$display
         |vpiArgument:
         \_constant: , line:40
           |vpiConstType:6
           |vpiDecompile:&#34;PASSED&#34;
           |vpiSize:8
           |STRING:&#34;PASSED&#34;
   |vpiNet:
   \_logic_net: (foo), line:15
     |vpiName:foo
     |vpiFullName:work@main.foo
   |vpiTypedef:
   \_struct_typespec: (foo_t), line:10
     |vpiPacked:1
     |vpiName:foo_t
     |vpiTypespecMember:
     \_typespec_member: (hig_x), line:11
       |vpiName:hig_x
       |vpiTypespec:
       \_logic_typespec: , line:11
         |vpiRange:
         \_range: , line:11, parent:foo_t
           |vpiLeftRange:
           \_constant: , line:11
             |vpiConstType:7
             |vpiDecompile:2
             |vpiSize:32
             |INT:2
           |vpiRightRange:
           \_constant: , line:11
             |vpiConstType:7
             |vpiDecompile:0
             |vpiSize:32
             |INT:0
     |vpiTypespecMember:
     \_typespec_member: (low_x), line:12
       |vpiName:low_x
       |vpiTypespec:
       \_logic_typespec: , line:12
         |vpiRange:
         \_range: , line:12, parent:foo_t
           |vpiLeftRange:
           \_constant: , line:12
             |vpiConstType:7
             |vpiDecompile:2
             |vpiSize:32
             |INT:2
           |vpiRightRange:
           \_constant: , line:12
             |vpiConstType:7
             |vpiDecompile:0
             |vpiSize:32
             |INT:0
 |uhdmtopModules:
 \_module: work@main (work@main), file:<a href="../../../../third_party/tests/ivtest/ivltests/sv_typedef_scope.v.html" target="file-frame">third_party/tests/ivtest/ivltests/sv_typedef_scope.v</a>, line:7
   |vpiDefName:work@main
   |vpiName:work@main
   |vpiVariables:
   \_struct_var: (foo), line:15, parent:work@main
     |vpiName:foo
     |vpiFullName:work@main.foo
     |vpiTypespec:
     \_struct_typespec: (foo_t), line:10
Object: \work_main of type 3000
Object: \work_main of type 32
Object: \work_main of type 32
Object:  of type 24
Object:  of type 4
Object:  of type 3
Object: \foo of type 608
Object:  of type 7
Object:  of type 22
Object:  of type 39
Object:  of type 7
Object:  of type 7
Object:  of type 4
Object: \$display of type 56
Object:  of type 7
Object: \$finish of type 56
Object:  of type 22
Object:  of type 39
Object: \$bits of type 56
Object: \foo of type 608
Object:  of type 7
Object:  of type 4
Object: \$display of type 56
Object:  of type 7
Object: \$bits of type 56
Object: \foo of type 608
Object: \$finish of type 56
Object:  of type 22
Object:  of type 39
Object: \foo.hig_x of type 608
Object:  of type 7
ERROR: Encountered unhandled operation: 17

</pre>
</body>