<head>
  <style>
    .log { font-family: "Courier New", Consolas, monospace; font-size: 80%; }
    .test-failed { background-color: #ffaaaa; }
    .test-passed { background-color: #aaffaa; }
  </style>
</head>
<body>
<h3><a href="https://github.com/alainmarcel/uhdm-integration" target="_blank">yosys-uhdm</a></h3>
<pre class="test-failed">
description: Test imported from ivtest
rc: 1 (means success: 0)
should_fail_because: 
tags: ivtest
incdirs: /tmpfs/src/github/sv-tests/third_party/tests/ivtest /tmpfs/src/github/sv-tests/third_party/tests/ivtest/ivltests
top_module: 
type: parsing
mode: parsing
files: <a href="../../../../third_party/tests/ivtest/ivltests/task3.14B.v.html" target="file-frame">third_party/tests/ivtest/ivltests/task3.14B.v</a>
defines: 
time_elapsed: 0.892s
ram usage: 38060 KB
</pre>
<pre class="log">

sh /tmpfs/tmp/tmp_k4sw3nf/scr.sh
+ surelog-uhdm -nopython -nobuiltin -parse -sverilog -I/tmpfs/src/github/sv-tests/third_party/tests/ivtest -I/tmpfs/src/github/sv-tests/third_party/tests/ivtest/ivltests <a href="../../../../third_party/tests/ivtest/ivltests/task3.14B.v.html" target="file-frame">third_party/tests/ivtest/ivltests/task3.14B.v</a>
[INF:CM0023] Creating log file ./slpp_all/surelog.log.

[WRN:PA0205] <a href="../../../../third_party/tests/ivtest/ivltests/task3.14B.v.html#l-22" target="file-frame">third_party/tests/ivtest/ivltests/task3.14B.v:22</a>: No timescale set for &#34;main&#34;.

[INF:CP0300] Compilation...

[INF:CP0303] <a href="../../../../third_party/tests/ivtest/ivltests/task3.14B.v.html#l-22" target="file-frame">third_party/tests/ivtest/ivltests/task3.14B.v:22</a>: Compile module &#34;work@main&#34;.

[INF:EL0526] Design Elaboration...

[NTE:EL0503] <a href="../../../../third_party/tests/ivtest/ivltests/task3.14B.v.html#l-22" target="file-frame">third_party/tests/ivtest/ivltests/task3.14B.v:22</a>: Top level module &#34;work@main&#34;.

[NTE:EL0508] Nb Top level modules: 1.

[NTE:EL0509] Max instance depth: 1.

[NTE:EL0510] Nb instances: 1.

[NTE:EL0511] Nb leaf instances: 0.

[  FATAL] : 0
[ SYNTAX] : 0
[  ERROR] : 0
[WARNING] : 1
[   NOTE] : 5
+ cat /tmpfs/tmp/tmp_k4sw3nf/yosys-script
read_uhdm slpp_all/surelog.uhdm
hierarchy -check -top \work_main
proc
check
memory_dff
memory_collect
stat
check
write_json
write_verilog
+ yosys-uhdm -s /tmpfs/tmp/tmp_k4sw3nf/yosys-script

 /----------------------------------------------------------------------------\
 |                                                                            |
 |  yosys -- Yosys Open SYnthesis Suite                                       |
 |                                                                            |
 |  Copyright (C) 2012 - 2020  Claire Wolf &lt;claire@symbioticeda.com&gt;          |
 |                                                                            |
 |  Permission to use, copy, modify, and/or distribute this software for any  |
 |  purpose with or without fee is hereby granted, provided that the above    |
 |  copyright notice and this permission notice appear in all copies.         |
 |                                                                            |
 |  THE SOFTWARE IS PROVIDED &#34;AS IS&#34; AND THE AUTHOR DISCLAIMS ALL WARRANTIES  |
 |  WITH REGARD TO THIS SOFTWARE INCLUDING ALL IMPLIED WARRANTIES OF          |
 |  MERCHANTABILITY AND FITNESS. IN NO EVENT SHALL THE AUTHOR BE LIABLE FOR   |
 |  ANY SPECIAL, DIRECT, INDIRECT, OR CONSEQUENTIAL DAMAGES OR ANY DAMAGES    |
 |  WHATSOEVER RESULTING FROM LOSS OF USE, DATA OR PROFITS, WHETHER IN AN     |
 |  ACTION OF CONTRACT, NEGLIGENCE OR OTHER TORTIOUS ACTION, ARISING OUT OF   |
 |  OR IN CONNECTION WITH THE USE OR PERFORMANCE OF THIS SOFTWARE.            |
 |                                                                            |
 \----------------------------------------------------------------------------/

 Yosys 0.9+2406 (git sha1 0a06379e, clang 7.0.0 -fvisibility-inlines-hidden -fmessage-length=0 -march=nocona -mtune=haswell -ftree-vectorize -fPIC -fstack-protector-strong -fno-plt -O2 -ffunction-sections -fdebug-prefix-map=/tmp/really-really-really-really-really-really-really-really-really-really-really-really-really-long-path/conda/conda-bld/uhdm-integration_1593156724456/work=/usr/local/src/conda/uhdm-integration-0.0_0080_g5facd9a -fdebug-prefix-map=/home/kbuilder/miniconda/envs/sv-test-env=/usr/local/src/conda-prefix -fPIC -Os)


-- Executing script file `/tmpfs/tmp/tmp_k4sw3nf/yosys-script&#39; --

1. Executing UHDM frontend.
design: (work@main)
 |vpiName:work@main
 |uhdmallPackages:
 \_package: builtin, parent:work@main
   |vpiDefName:builtin
   |vpiFullName:builtin
 |uhdmallClasses:
 \_class_defn: (builtin::array)
   |vpiName:builtin::array
   |vpiFullName:builtin.builtin::array
 |uhdmallClasses:
 \_class_defn: (builtin::queue)
   |vpiName:builtin::queue
   |vpiFullName:builtin.builtin::queue
 |uhdmallClasses:
 \_class_defn: (builtin::string)
   |vpiName:builtin::string
   |vpiFullName:builtin.builtin::string
 |uhdmallClasses:
 \_class_defn: (builtin::system)
   |vpiName:builtin::system
   |vpiFullName:builtin.builtin::system
 |uhdmallModules:
 \_module: work@main, file:<a href="../../../../third_party/tests/ivtest/ivltests/task3.14B.v.html" target="file-frame">third_party/tests/ivtest/ivltests/task3.14B.v</a>, line:22, parent:work@main
   |vpiDefName:work@main
   |vpiFullName:work@main
   |vpiProcess:
   \_initial: 
     |vpiStmt:
     \_begin: , line:32
       |vpiFullName:work@main
       |vpiStmt:
       \_assignment: , line:33
         |vpiBlocking:1
         |vpiLhs:
         \_ref_obj: (globvar), line:33
           |vpiName:globvar
           |vpiFullName:work@main.globvar
         |vpiRhs:
         \_constant: , line:33
           |vpiConstType:3
           |vpiDecompile:&#39;b0
           |vpiSize:1
           |BIN:0
       |vpiStmt:
       \_task_call: (my_task), line:34
         |vpiName:my_task
         |vpiTask:
         \_task: (my_task), line:26
           |vpiName:my_task
           |vpiFullName:work@main.my_task
           |vpiStmt:
           \_begin: , parent:my_task
             |vpiFullName:work@main.my_task
             |vpiStmt:
             \_assignment: , line:28
               |vpiBlocking:1
               |vpiLhs:
               \_ref_obj: (globvar), line:28
                 |vpiName:globvar
                 |vpiFullName:work@main.my_task.globvar
               |vpiRhs:
               \_ref_obj: (in1), line:28
                 |vpiName:in1
                 |vpiFullName:work@main.my_task.in1
         |vpiArgument:
         \_constant: , line:34
           |vpiConstType:3
           |vpiDecompile:&#39;b1
           |vpiSize:1
           |BIN:1
       |vpiStmt:
       \_if_else: , line:35
         |vpiCondition:
         \_ref_obj: (globvar), line:35
           |vpiName:globvar
           |vpiFullName:work@main.globvar
         |vpiStmt:
         \_sys_func_call: ($display), line:36
           |vpiName:$display
           |vpiArgument:
           \_constant: , line:36
             |vpiConstType:6
             |vpiDecompile:&#34;PASSED&#34;
             |vpiSize:8
             |STRING:&#34;PASSED&#34;
         |vpiElseStmt:
         \_sys_func_call: ($display), line:38
           |vpiName:$display
           |vpiArgument:
           \_constant: , line:38
             |vpiConstType:6
             |vpiDecompile:&#34;FAILED - task 3.14B task didn&#39;t correctly affect global var&#34;
             |vpiSize:61
             |STRING:&#34;FAILED - task 3.14B task didn&#39;t correctly affect global var&#34;
   |vpiTaskFunc:
   \_task: (my_task), line:26
   |vpiNet:
   \_logic_net: (globvar), line:24
     |vpiName:globvar
     |vpiFullName:work@main.globvar
     |vpiNetType:48
 |uhdmtopModules:
 \_module: work@main (work@main), file:<a href="../../../../third_party/tests/ivtest/ivltests/task3.14B.v.html" target="file-frame">third_party/tests/ivtest/ivltests/task3.14B.v</a>, line:22
   |vpiDefName:work@main
   |vpiName:work@main
   |vpiNet:
   \_logic_net: (globvar), line:24, parent:work@main
     |vpiName:globvar
     |vpiFullName:work@main.globvar
     |vpiNetType:48
Object: \work_main of type 3000
Object: \work_main of type 32
Object: \globvar of type 36
Object: \work_main of type 32
Object:  of type 24
Object:  of type 4
Object:  of type 3
Object: \globvar of type 608
Object:  of type 7
Object: \my_task of type 60
ERROR: Encountered unhandled object type: 60

</pre>
</body>