<head>
  <style>
    .log { font-family: "Courier New", Consolas, monospace; font-size: 80%; }
    .test-failed { background-color: #ffaaaa; }
    .test-passed { background-color: #aaffaa; }
  </style>
</head>
<body>
<h3><a href="https://github.com/alainmarcel/uhdm-integration" target="_blank">yosys-uhdm</a></h3>
<pre class="test-failed">
description: Test imported from ivtest
rc: 1 (means success: 0)
should_fail_because: 
tags: ivtest
incdirs: /tmpfs/src/github/sv-tests/third_party/tests/ivtest /tmpfs/src/github/sv-tests/third_party/tests/ivtest/ivltests
top_module: 
type: parsing
mode: parsing
files: <a href="../../../../third_party/tests/ivtest/ivltests/unary_nor2.v.html" target="file-frame">third_party/tests/ivtest/ivltests/unary_nor2.v</a>
defines: 
time_elapsed: 1.528s
ram usage: 41208 KB
</pre>
<pre class="log">

sh /tmpfs/tmp/tmpb_cz9ngk/scr.sh
+ surelog-uhdm -nopython -nobuiltin -parse -sverilog -I/tmpfs/src/github/sv-tests/third_party/tests/ivtest -I/tmpfs/src/github/sv-tests/third_party/tests/ivtest/ivltests <a href="../../../../third_party/tests/ivtest/ivltests/unary_nor2.v.html" target="file-frame">third_party/tests/ivtest/ivltests/unary_nor2.v</a>
[INF:CM0023] Creating log file ./slpp_all/surelog.log.

[WRN:PA0205] <a href="../../../../third_party/tests/ivtest/ivltests/unary_nor2.v.html#l-23" target="file-frame">third_party/tests/ivtest/ivltests/unary_nor2.v:23</a>: No timescale set for &#34;main&#34;.

[INF:CP0300] Compilation...

[INF:CP0303] <a href="../../../../third_party/tests/ivtest/ivltests/unary_nor2.v.html#l-23" target="file-frame">third_party/tests/ivtest/ivltests/unary_nor2.v:23</a>: Compile module &#34;work@main&#34;.

[INF:EL0526] Design Elaboration...

[NTE:EL0503] <a href="../../../../third_party/tests/ivtest/ivltests/unary_nor2.v.html#l-23" target="file-frame">third_party/tests/ivtest/ivltests/unary_nor2.v:23</a>: Top level module &#34;work@main&#34;.

[NTE:EL0508] Nb Top level modules: 1.

[NTE:EL0509] Max instance depth: 1.

[NTE:EL0510] Nb instances: 1.

[NTE:EL0511] Nb leaf instances: 0.

[  FATAL] : 0
[ SYNTAX] : 0
[  ERROR] : 0
[WARNING] : 1
[   NOTE] : 5
+ cat /tmpfs/tmp/tmpb_cz9ngk/yosys-script
read_uhdm slpp_all/surelog.uhdm
hierarchy -check -top \work_main
proc
check
memory_dff
memory_collect
stat
check
write_json
write_verilog
+ yosys-uhdm -s /tmpfs/tmp/tmpb_cz9ngk/yosys-script

 /----------------------------------------------------------------------------\
 |                                                                            |
 |  yosys -- Yosys Open SYnthesis Suite                                       |
 |                                                                            |
 |  Copyright (C) 2012 - 2020  Claire Wolf &lt;claire@symbioticeda.com&gt;          |
 |                                                                            |
 |  Permission to use, copy, modify, and/or distribute this software for any  |
 |  purpose with or without fee is hereby granted, provided that the above    |
 |  copyright notice and this permission notice appear in all copies.         |
 |                                                                            |
 |  THE SOFTWARE IS PROVIDED &#34;AS IS&#34; AND THE AUTHOR DISCLAIMS ALL WARRANTIES  |
 |  WITH REGARD TO THIS SOFTWARE INCLUDING ALL IMPLIED WARRANTIES OF          |
 |  MERCHANTABILITY AND FITNESS. IN NO EVENT SHALL THE AUTHOR BE LIABLE FOR   |
 |  ANY SPECIAL, DIRECT, INDIRECT, OR CONSEQUENTIAL DAMAGES OR ANY DAMAGES    |
 |  WHATSOEVER RESULTING FROM LOSS OF USE, DATA OR PROFITS, WHETHER IN AN     |
 |  ACTION OF CONTRACT, NEGLIGENCE OR OTHER TORTIOUS ACTION, ARISING OUT OF   |
 |  OR IN CONNECTION WITH THE USE OR PERFORMANCE OF THIS SOFTWARE.            |
 |                                                                            |
 \----------------------------------------------------------------------------/

 Yosys 0.9+2406 (git sha1 0a06379e, clang 7.0.0 -fvisibility-inlines-hidden -fmessage-length=0 -march=nocona -mtune=haswell -ftree-vectorize -fPIC -fstack-protector-strong -fno-plt -O2 -ffunction-sections -fdebug-prefix-map=/tmp/really-really-really-really-really-really-really-really-really-really-really-really-really-long-path/conda/conda-bld/uhdm-integration_1593156724456/work=/usr/local/src/conda/uhdm-integration-0.0_0080_g5facd9a -fdebug-prefix-map=/home/kbuilder/miniconda/envs/sv-test-env=/usr/local/src/conda-prefix -fPIC -Os)


-- Executing script file `/tmpfs/tmp/tmpb_cz9ngk/yosys-script&#39; --

1. Executing UHDM frontend.
design: (work@main)
 |vpiName:work@main
 |uhdmallPackages:
 \_package: builtin, parent:work@main
   |vpiDefName:builtin
   |vpiFullName:builtin
 |uhdmallClasses:
 \_class_defn: (builtin::array)
   |vpiName:builtin::array
   |vpiFullName:builtin.builtin::array
 |uhdmallClasses:
 \_class_defn: (builtin::queue)
   |vpiName:builtin::queue
   |vpiFullName:builtin.builtin::queue
 |uhdmallClasses:
 \_class_defn: (builtin::string)
   |vpiName:builtin::string
   |vpiFullName:builtin.builtin::string
 |uhdmallClasses:
 \_class_defn: (builtin::system)
   |vpiName:builtin::system
   |vpiFullName:builtin.builtin::system
 |uhdmallModules:
 \_module: work@main, file:<a href="../../../../third_party/tests/ivtest/ivltests/unary_nor2.v.html" target="file-frame">third_party/tests/ivtest/ivltests/unary_nor2.v</a>, line:23, parent:work@main
   |vpiDefName:work@main
   |vpiFullName:work@main
   |vpiProcess:
   \_initial: 
     |vpiStmt:
     \_begin: , line:31
       |vpiFullName:work@main
       |vpiStmt:
       \_assignment: , line:32
         |vpiBlocking:1
         |vpiLhs:
         \_ref_obj: (error), line:32
           |vpiName:error
           |vpiFullName:work@main.error
         |vpiRhs:
         \_constant: , line:32
           |vpiConstType:7
           |vpiDecompile:0
           |vpiSize:32
           |INT:0
       |vpiStmt:
       \_for_stmt: , line:33
         |vpiFullName:work@main
         |vpiCondition:
         \_operation: , line:33
           |vpiOpType:20
           |vpiOperand:
           \_ref_obj: (vect), line:33
             |vpiName:vect
             |vpiFullName:work@main.vect
           |vpiOperand:
           \_constant: , line:33
             |vpiConstType:3
             |vpiDecompile:4&#39;b1111
             |vpiSize:4
             |BIN:4&#39;b1111
         |vpiForInitStmt:
         \_assign_stmt: 
           |vpiRhs:
           \_unsupported_expr: , line:23
             |STRING:module main;

           |vpiLhs:
           \_logic_var: (@@BAD_SYMBOL@@), line:33
             |vpiName:@@BAD_SYMBOL@@
             |vpiFullName:work@main.@@BAD_SYMBOL@@
         |vpiForIncStmt:
         \_operation: , line:33
           |vpiOpType:82
           |vpiOperand:
           \_ref_obj: (vect), line:33
             |vpiName:vect
         |vpiStmt:
         \_begin: , line:34
           |vpiFullName:work@main
           |vpiStmt:
           \_assignment: , line:35
             |vpiBlocking:1
             |vpiLhs:
             \_ref_obj: (result), line:35
               |vpiName:result
               |vpiFullName:work@main.result
             |vpiRhs:
             \_operation: , line:35
               |vpiOpType:8
               |vpiOperand:
               \_ref_obj: (vect), line:35
                 |vpiName:vect
                 |vpiFullName:work@main.vect
           |vpiStmt:
           \_if_stmt: , line:36
             |vpiCondition:
             \_operation: , line:36
               |vpiOpType:17
               |vpiOperand:
               \_ref_obj: (result), line:36
                 |vpiName:result
                 |vpiFullName:work@main.result
               |vpiOperand:
               \_constant: , line:36
                 |vpiConstType:3
                 |vpiDecompile:&#39;b0
                 |vpiSize:1
                 |BIN:0
             |vpiStmt:
             \_begin: , line:37
               |vpiFullName:work@main
               |vpiStmt:
               \_sys_func_call: ($display), line:38
                 |vpiName:$display
                 |vpiArgument:
                 \_constant: , line:38
                   |vpiConstType:6
                   |vpiDecompile:&#34;FAILED - Unary nor ~|(%b)=%b&#34;
                   |vpiSize:30
                   |STRING:&#34;FAILED - Unary nor ~|(%b)=%b&#34;
                 |vpiArgument:
                 \_ref_obj: (vect), line:38
                   |vpiName:vect
                 |vpiArgument:
                 \_ref_obj: (result), line:38
                   |vpiName:result
               |vpiStmt:
               \_assignment: , line:39
                 |vpiBlocking:1
                 |vpiLhs:
                 \_ref_obj: (error), line:39
                   |vpiName:error
                   |vpiFullName:work@main.error
                 |vpiRhs:
                 \_constant: , line:39
                   |vpiConstType:3
                   |vpiDecompile:&#39;b1
                   |vpiSize:1
                   |BIN:1
       |vpiStmt:
       \_delay_control: , line:42
         |#1
       |vpiStmt:
       \_assignment: , line:43
         |vpiBlocking:1
         |vpiLhs:
         \_ref_obj: (vect), line:43
           |vpiName:vect
           |vpiFullName:work@main.vect
         |vpiRhs:
         \_constant: , line:43
           |vpiConstType:3
           |vpiDecompile:4&#39;b0000
           |vpiSize:4
           |BIN:4&#39;b0000
       |vpiStmt:
       \_assignment: , line:44
         |vpiBlocking:1
         |vpiLhs:
         \_ref_obj: (result), line:44
           |vpiName:result
           |vpiFullName:work@main.result
         |vpiRhs:
         \_operation: , line:44
           |vpiOpType:8
           |vpiOperand:
           \_ref_obj: (vect), line:44
             |vpiName:vect
             |vpiFullName:work@main.vect
       |vpiStmt:
       \_if_stmt: , line:45
         |vpiCondition:
         \_operation: , line:45
           |vpiOpType:17
           |vpiOperand:
           \_ref_obj: (result), line:45
             |vpiName:result
             |vpiFullName:work@main.result
           |vpiOperand:
           \_constant: , line:45
             |vpiConstType:3
             |vpiDecompile:&#39;b1
             |vpiSize:1
             |BIN:1
         |vpiStmt:
         \_begin: , line:46
           |vpiFullName:work@main
           |vpiStmt:
           \_sys_func_call: ($display), line:47
             |vpiName:$display
             |vpiArgument:
             \_constant: , line:47
               |vpiConstType:6
               |vpiDecompile:&#34;FAILED - Unary nor |~(%b)=%b&#34;
               |vpiSize:30
               |STRING:&#34;FAILED - Unary nor |~(%b)=%b&#34;
             |vpiArgument:
             \_ref_obj: (vect), line:47
               |vpiName:vect
             |vpiArgument:
             \_ref_obj: (result), line:47
               |vpiName:result
           |vpiStmt:
           \_assignment: , line:48
             |vpiBlocking:1
             |vpiLhs:
             \_ref_obj: (error), line:48
               |vpiName:error
               |vpiFullName:work@main.error
             |vpiRhs:
             \_constant: , line:48
               |vpiConstType:3
               |vpiDecompile:&#39;b1
               |vpiSize:1
               |BIN:1
       |vpiStmt:
       \_if_stmt: , line:50
         |vpiCondition:
         \_operation: , line:50
           |vpiOpType:16
           |vpiOperand:
           \_ref_obj: (error), line:50
             |vpiName:error
             |vpiFullName:work@main.error
           |vpiOperand:
           \_constant: , line:50
             |vpiConstType:7
             |vpiDecompile:0
             |vpiSize:32
             |INT:0
         |vpiStmt:
         \_sys_func_call: ($display), line:51
           |vpiName:$display
           |vpiArgument:
           \_constant: , line:51
             |vpiConstType:6
             |vpiDecompile:&#34;PASSED&#34;
             |vpiSize:8
             |STRING:&#34;PASSED&#34;
   |vpiNet:
   \_logic_net: (vect), line:25
     |vpiName:vect
     |vpiFullName:work@main.vect
     |vpiNetType:48
   |vpiNet:
   \_logic_net: (error), line:26
     |vpiName:error
     |vpiFullName:work@main.error
     |vpiNetType:48
   |vpiNet:
   \_logic_net: (result), line:27
     |vpiName:result
     |vpiFullName:work@main.result
     |vpiNetType:48
 |uhdmtopModules:
 \_module: work@main (work@main), file:<a href="../../../../third_party/tests/ivtest/ivltests/unary_nor2.v.html" target="file-frame">third_party/tests/ivtest/ivltests/unary_nor2.v</a>, line:23
   |vpiDefName:work@main
   |vpiName:work@main
   |vpiNet:
   \_logic_net: (vect), line:25, parent:work@main
     |vpiName:vect
     |vpiFullName:work@main.vect
     |vpiNetType:48
     |vpiRange:
     \_range: , line:25
       |vpiLeftRange:
       \_constant: , line:25
         |vpiConstType:7
         |vpiDecompile:3
         |vpiSize:32
         |INT:3
       |vpiRightRange:
       \_constant: , line:25
         |vpiConstType:7
         |vpiDecompile:0
         |vpiSize:32
         |INT:0
   |vpiNet:
   \_logic_net: (error), line:26, parent:work@main
     |vpiName:error
     |vpiFullName:work@main.error
     |vpiNetType:48
   |vpiNet:
   \_logic_net: (result), line:27, parent:work@main
     |vpiName:result
     |vpiFullName:work@main.result
     |vpiNetType:48
Object: \work_main of type 3000
Object: \work_main of type 32
Object: \vect of type 36
Object:  of type 115
Object:  of type 7
Object:  of type 7
Object: \error of type 36
Object: \result of type 36
Object: \work_main of type 32
Object:  of type 24
Object:  of type 4
Object:  of type 3
Object: \error of type 608
Object:  of type 7
Object:  of type 15
Object:  of type 2
Object: \__BAD_SYMBOL__ of type 3007
Object:  of type 4001
ERROR: Encountered unhandled object type: 4001

</pre>
</body>