<head>
  <style>
    .log { font-family: "Courier New", Consolas, monospace; font-size: 80%; }
    .test-failed { background-color: #ffaaaa; }
    .test-passed { background-color: #aaffaa; }
  </style>
</head>
<body>
<h3><a href="https://github.com/alainmarcel/uhdm-integration" target="_blank">yosys-uhdm</a></h3>
<pre class="test-failed">
description: Test imported from ivtest
rc: 1 (means success: 0)
should_fail_because: 
tags: ivtest
incdirs: /tmpfs/src/github/sv-tests/third_party/tests/ivtest /tmpfs/src/github/sv-tests/third_party/tests/ivtest/ivltests
top_module: 
type: parsing
mode: parsing
files: <a href="../../../../third_party/tests/ivtest/ivltests/vhdl_resize.v.html" target="file-frame">third_party/tests/ivtest/ivltests/vhdl_resize.v</a>
defines: 
time_elapsed: 1.968s
ram usage: 41740 KB
</pre>
<pre class="log">

sh /tmpfs/tmp/tmpqervvuyk/scr.sh
+ surelog-uhdm -nopython -nobuiltin -parse -sverilog -I/tmpfs/src/github/sv-tests/third_party/tests/ivtest -I/tmpfs/src/github/sv-tests/third_party/tests/ivtest/ivltests <a href="../../../../third_party/tests/ivtest/ivltests/vhdl_resize.v.html" target="file-frame">third_party/tests/ivtest/ivltests/vhdl_resize.v</a>
[INF:CM0023] Creating log file ./slpp_all/surelog.log.

[WRN:PA0205] <a href="../../../../third_party/tests/ivtest/ivltests/vhdl_resize.v.html#l-22" target="file-frame">third_party/tests/ivtest/ivltests/vhdl_resize.v:22</a>: No timescale set for &#34;vhdl_resize_test&#34;.

[INF:CP0300] Compilation...

[INF:CP0303] <a href="../../../../third_party/tests/ivtest/ivltests/vhdl_resize.v.html#l-22" target="file-frame">third_party/tests/ivtest/ivltests/vhdl_resize.v:22</a>: Compile module &#34;work@vhdl_resize_test&#34;.

[INF:EL0526] Design Elaboration...

[NTE:EL0503] <a href="../../../../third_party/tests/ivtest/ivltests/vhdl_resize.v.html#l-22" target="file-frame">third_party/tests/ivtest/ivltests/vhdl_resize.v:22</a>: Top level module &#34;work@vhdl_resize_test&#34;.

[WRN:EL0500] <a href="../../../../third_party/tests/ivtest/ivltests/vhdl_resize.v.html#l-25" target="file-frame">third_party/tests/ivtest/ivltests/vhdl_resize.v:25</a>: Cannot find a module definition for &#34;work@vhdl_resize_test::vhdl_resize&#34;.

[NTE:EL0508] Nb Top level modules: 1.

[NTE:EL0509] Max instance depth: 2.

[NTE:EL0510] Nb instances: 2.

[NTE:EL0511] Nb leaf instances: 1.

[WRN:EL0512] Nb undefined modules: 1.

[WRN:EL0513] Nb undefined instances: 1.

[  FATAL] : 0
[ SYNTAX] : 0
[  ERROR] : 0
[WARNING] : 4
[   NOTE] : 5
+ cat /tmpfs/tmp/tmpqervvuyk/yosys-script
read_uhdm slpp_all/surelog.uhdm
hierarchy -check -top \work_vhdl_resize_test
proc
check
memory_dff
memory_collect
stat
check
write_json
write_verilog
+ yosys-uhdm -s /tmpfs/tmp/tmpqervvuyk/yosys-script

 /----------------------------------------------------------------------------\
 |                                                                            |
 |  yosys -- Yosys Open SYnthesis Suite                                       |
 |                                                                            |
 |  Copyright (C) 2012 - 2020  Claire Wolf &lt;claire@symbioticeda.com&gt;          |
 |                                                                            |
 |  Permission to use, copy, modify, and/or distribute this software for any  |
 |  purpose with or without fee is hereby granted, provided that the above    |
 |  copyright notice and this permission notice appear in all copies.         |
 |                                                                            |
 |  THE SOFTWARE IS PROVIDED &#34;AS IS&#34; AND THE AUTHOR DISCLAIMS ALL WARRANTIES  |
 |  WITH REGARD TO THIS SOFTWARE INCLUDING ALL IMPLIED WARRANTIES OF          |
 |  MERCHANTABILITY AND FITNESS. IN NO EVENT SHALL THE AUTHOR BE LIABLE FOR   |
 |  ANY SPECIAL, DIRECT, INDIRECT, OR CONSEQUENTIAL DAMAGES OR ANY DAMAGES    |
 |  WHATSOEVER RESULTING FROM LOSS OF USE, DATA OR PROFITS, WHETHER IN AN     |
 |  ACTION OF CONTRACT, NEGLIGENCE OR OTHER TORTIOUS ACTION, ARISING OUT OF   |
 |  OR IN CONNECTION WITH THE USE OR PERFORMANCE OF THIS SOFTWARE.            |
 |                                                                            |
 \----------------------------------------------------------------------------/

 Yosys 0.9+2406 (git sha1 0a06379e, clang 7.0.0 -fvisibility-inlines-hidden -fmessage-length=0 -march=nocona -mtune=haswell -ftree-vectorize -fPIC -fstack-protector-strong -fno-plt -O2 -ffunction-sections -fdebug-prefix-map=/tmp/really-really-really-really-really-really-really-really-really-really-really-really-really-long-path/conda/conda-bld/uhdm-integration_1593156724456/work=/usr/local/src/conda/uhdm-integration-0.0_0080_g5facd9a -fdebug-prefix-map=/home/kbuilder/miniconda/envs/sv-test-env=/usr/local/src/conda-prefix -fPIC -Os)


-- Executing script file `/tmpfs/tmp/tmpqervvuyk/yosys-script&#39; --

1. Executing UHDM frontend.
design: (work@vhdl_resize_test)
 |vpiName:work@vhdl_resize_test
 |uhdmallPackages:
 \_package: builtin, parent:work@vhdl_resize_test
   |vpiDefName:builtin
   |vpiFullName:builtin
 |uhdmallClasses:
 \_class_defn: (builtin::array)
   |vpiName:builtin::array
   |vpiFullName:builtin.builtin::array
 |uhdmallClasses:
 \_class_defn: (builtin::queue)
   |vpiName:builtin::queue
   |vpiFullName:builtin.builtin::queue
 |uhdmallClasses:
 \_class_defn: (builtin::string)
   |vpiName:builtin::string
   |vpiFullName:builtin.builtin::string
 |uhdmallClasses:
 \_class_defn: (builtin::system)
   |vpiName:builtin::system
   |vpiFullName:builtin.builtin::system
 |uhdmallModules:
 \_module: work@vhdl_resize_test, file:<a href="../../../../third_party/tests/ivtest/ivltests/vhdl_resize.v.html" target="file-frame">third_party/tests/ivtest/ivltests/vhdl_resize.v</a>, line:22, parent:work@vhdl_resize_test
   |vpiDefName:work@vhdl_resize_test
   |vpiFullName:work@vhdl_resize_test
   |vpiProcess:
   \_initial: 
     |vpiStmt:
     \_begin: , line:27
       |vpiFullName:work@vhdl_resize_test
       |vpiStmt:
       \_assignment: , line:28
         |vpiBlocking:1
         |vpiLhs:
         \_ref_obj: (in), line:28
           |vpiName:in
           |vpiFullName:work@vhdl_resize_test.in
         |vpiRhs:
         \_operation: , line:28
           |vpiOpType:1
           |vpiOperand:
           \_constant: , line:28
             |vpiConstType:7
             |vpiDecompile:120
             |vpiSize:32
             |INT:120
       |vpiStmt:
       \_delay_control: , line:29
         |#0
       |vpiStmt:
       \_if_stmt: , line:30
         |vpiCondition:
         \_operation: , line:30
           |vpiOpType:17
           |vpiOperand:
           \_ref_obj: (out), line:30
             |vpiName:out
             |vpiFullName:work@vhdl_resize_test.out
           |vpiOperand:
           \_operation: , line:30
             |vpiOpType:1
             |vpiOperand:
             \_constant: , line:30
               |vpiConstType:7
               |vpiDecompile:115
               |vpiSize:32
               |INT:115
         |vpiStmt:
         \_begin: , line:30
           |vpiFullName:work@vhdl_resize_test
           |vpiStmt:
           \_sys_func_call: ($display), line:31
             |vpiName:$display
             |vpiArgument:
             \_constant: , line:31
               |vpiConstType:6
               |vpiDecompile:&#34;FAILED 1: out = %d&#34;
               |vpiSize:20
               |STRING:&#34;FAILED 1: out = %d&#34;
             |vpiArgument:
             \_ref_obj: (out), line:31
               |vpiName:out
           |vpiStmt:
           \_sys_func_call: ($finish), line:32
             |vpiName:$finish
       |vpiStmt:
       \_assignment: , line:35
         |vpiBlocking:1
         |vpiLhs:
         \_ref_obj: (in), line:35
           |vpiName:in
           |vpiFullName:work@vhdl_resize_test.in
         |vpiRhs:
         \_constant: , line:35
           |vpiConstType:7
           |vpiDecompile:120
           |vpiSize:32
           |INT:120
       |vpiStmt:
       \_delay_control: , line:36
         |#0
       |vpiStmt:
       \_if_stmt: , line:37
         |vpiCondition:
         \_operation: , line:37
           |vpiOpType:17
           |vpiOperand:
           \_ref_obj: (out), line:37
             |vpiName:out
             |vpiFullName:work@vhdl_resize_test.out
           |vpiOperand:
           \_constant: , line:37
             |vpiConstType:7
             |vpiDecompile:125
             |vpiSize:32
             |INT:125
         |vpiStmt:
         \_begin: , line:37
           |vpiFullName:work@vhdl_resize_test
           |vpiStmt:
           \_sys_func_call: ($display), line:38
             |vpiName:$display
             |vpiArgument:
             \_constant: , line:38
               |vpiConstType:6
               |vpiDecompile:&#34;FAILED 2: out = %d&#34;
               |vpiSize:20
               |STRING:&#34;FAILED 2: out = %d&#34;
             |vpiArgument:
             \_ref_obj: (out), line:38
               |vpiName:out
           |vpiStmt:
           \_sys_func_call: ($finish), line:39
             |vpiName:$finish
       |vpiStmt:
       \_sys_func_call: ($display), line:42
         |vpiName:$display
         |vpiArgument:
         \_constant: , line:42
           |vpiConstType:6
           |vpiDecompile:&#34;PASSED&#34;
           |vpiSize:8
           |STRING:&#34;PASSED&#34;
   |vpiNet:
   \_logic_net: (in), line:23
     |vpiName:in
     |vpiFullName:work@vhdl_resize_test.in
     |vpiNetType:36
   |vpiNet:
   \_logic_net: (out), line:24
     |vpiName:out
     |vpiFullName:work@vhdl_resize_test.out
     |vpiNetType:36
 |uhdmtopModules:
 \_module: work@vhdl_resize_test (work@vhdl_resize_test), file:<a href="../../../../third_party/tests/ivtest/ivltests/vhdl_resize.v.html" target="file-frame">third_party/tests/ivtest/ivltests/vhdl_resize.v</a>, line:22
   |vpiDefName:work@vhdl_resize_test
   |vpiName:work@vhdl_resize_test
   |vpiModule:
   \_module: work@vhdl_resize_test::vhdl_resize (dut), file:<a href="../../../../third_party/tests/ivtest/ivltests/vhdl_resize.v.html" target="file-frame">third_party/tests/ivtest/ivltests/vhdl_resize.v</a>, line:25, parent:work@vhdl_resize_test
     |vpiDefName:work@vhdl_resize_test::vhdl_resize
     |vpiName:dut
     |vpiFullName:work@vhdl_resize_test.dut
     |vpiInstance:
     \_module: work@vhdl_resize_test (work@vhdl_resize_test), file:<a href="../../../../third_party/tests/ivtest/ivltests/vhdl_resize.v.html" target="file-frame">third_party/tests/ivtest/ivltests/vhdl_resize.v</a>, line:22
   |vpiNet:
   \_logic_net: (in), line:23, parent:work@vhdl_resize_test
     |vpiName:in
     |vpiFullName:work@vhdl_resize_test.in
     |vpiNetType:36
   |vpiNet:
   \_logic_net: (out), line:24, parent:work@vhdl_resize_test
     |vpiName:out
     |vpiFullName:work@vhdl_resize_test.out
     |vpiNetType:36
Object: \work_vhdl_resize_test of type 3000
Object: \work_vhdl_resize_test of type 32
Object: \dut of type 32
Object: \in of type 36
Object: \out of type 36
Object: \work_vhdl_resize_test of type 32
Object:  of type 24
Object:  of type 4
Object:  of type 3
Object: \in of type 608
Object:  of type 39
Object:  of type 7
Object:  of type 11
ERROR: Encountered unhandled object type: 11

</pre>
</body>