<head>
  <style>
    .log { font-family: "Courier New", Consolas, monospace; font-size: 80%; }
    .test-failed { background-color: #ffaaaa; }
    .test-passed { background-color: #aaffaa; }
  </style>
</head>
<body>
<h3><a href="https://github.com/alainmarcel/uhdm-integration" target="_blank">yosys-uhdm</a></h3>
<pre class="test-failed">
description: Test imported from ivtest
rc: 1 (means success: 0)
should_fail_because: 
tags: ivtest
incdirs: /tmpfs/src/github/sv-tests/third_party/tests/ivtest /tmpfs/src/github/sv-tests/third_party/tests/ivtest/ivltests
top_module: 
type: parsing
mode: parsing
files: <a href="../../../../third_party/tests/ivtest/ivltests/vhdl_concat_func.v.html" target="file-frame">third_party/tests/ivtest/ivltests/vhdl_concat_func.v</a>
defines: 
time_elapsed: 1.528s
ram usage: 39772 KB
</pre>
<pre class="log">

sh /tmpfs/tmp/tmp_be1_cwk/scr.sh
+ surelog-uhdm -nopython -nobuiltin -parse -sverilog -I/tmpfs/src/github/sv-tests/third_party/tests/ivtest -I/tmpfs/src/github/sv-tests/third_party/tests/ivtest/ivltests <a href="../../../../third_party/tests/ivtest/ivltests/vhdl_concat_func.v.html" target="file-frame">third_party/tests/ivtest/ivltests/vhdl_concat_func.v</a>
[INF:CM0023] Creating log file ./slpp_all/surelog.log.

[WRN:PA0205] <a href="../../../../third_party/tests/ivtest/ivltests/vhdl_concat_func.v.html#l-22" target="file-frame">third_party/tests/ivtest/ivltests/vhdl_concat_func.v:22</a>: No timescale set for &#34;test_concat_func&#34;.

[INF:CP0300] Compilation...

[INF:CP0303] <a href="../../../../third_party/tests/ivtest/ivltests/vhdl_concat_func.v.html#l-22" target="file-frame">third_party/tests/ivtest/ivltests/vhdl_concat_func.v:22</a>: Compile module &#34;work@test_concat_func&#34;.

[INF:EL0526] Design Elaboration...

[NTE:EL0503] <a href="../../../../third_party/tests/ivtest/ivltests/vhdl_concat_func.v.html#l-22" target="file-frame">third_party/tests/ivtest/ivltests/vhdl_concat_func.v:22</a>: Top level module &#34;work@test_concat_func&#34;.

[WRN:EL0500] <a href="../../../../third_party/tests/ivtest/ivltests/vhdl_concat_func.v.html#l-25" target="file-frame">third_party/tests/ivtest/ivltests/vhdl_concat_func.v:25</a>: Cannot find a module definition for &#34;work@test_concat_func::concat_func&#34;.

[NTE:EL0508] Nb Top level modules: 1.

[NTE:EL0509] Max instance depth: 2.

[NTE:EL0510] Nb instances: 2.

[NTE:EL0511] Nb leaf instances: 1.

[WRN:EL0512] Nb undefined modules: 1.

[WRN:EL0513] Nb undefined instances: 1.

[  FATAL] : 0
[ SYNTAX] : 0
[  ERROR] : 0
[WARNING] : 4
[   NOTE] : 5
+ cat /tmpfs/tmp/tmp_be1_cwk/yosys-script
read_uhdm slpp_all/surelog.uhdm
hierarchy -check -top \work_test_concat_func
proc
check
memory_dff
memory_collect
stat
check
write_json
write_verilog
+ yosys-uhdm -s /tmpfs/tmp/tmp_be1_cwk/yosys-script

 /----------------------------------------------------------------------------\
 |                                                                            |
 |  yosys -- Yosys Open SYnthesis Suite                                       |
 |                                                                            |
 |  Copyright (C) 2012 - 2020  Claire Wolf &lt;claire@symbioticeda.com&gt;          |
 |                                                                            |
 |  Permission to use, copy, modify, and/or distribute this software for any  |
 |  purpose with or without fee is hereby granted, provided that the above    |
 |  copyright notice and this permission notice appear in all copies.         |
 |                                                                            |
 |  THE SOFTWARE IS PROVIDED &#34;AS IS&#34; AND THE AUTHOR DISCLAIMS ALL WARRANTIES  |
 |  WITH REGARD TO THIS SOFTWARE INCLUDING ALL IMPLIED WARRANTIES OF          |
 |  MERCHANTABILITY AND FITNESS. IN NO EVENT SHALL THE AUTHOR BE LIABLE FOR   |
 |  ANY SPECIAL, DIRECT, INDIRECT, OR CONSEQUENTIAL DAMAGES OR ANY DAMAGES    |
 |  WHATSOEVER RESULTING FROM LOSS OF USE, DATA OR PROFITS, WHETHER IN AN     |
 |  ACTION OF CONTRACT, NEGLIGENCE OR OTHER TORTIOUS ACTION, ARISING OUT OF   |
 |  OR IN CONNECTION WITH THE USE OR PERFORMANCE OF THIS SOFTWARE.            |
 |                                                                            |
 \----------------------------------------------------------------------------/

 Yosys 0.9+2406 (git sha1 410a291f, clang 7.0.0 -fvisibility-inlines-hidden -fmessage-length=0 -march=nocona -mtune=haswell -ftree-vectorize -fPIC -fstack-protector-strong -fno-plt -O2 -ffunction-sections -fdebug-prefix-map=/tmp/really-really-really-really-really-really-really-really-really-really-really-really-really-long-path/conda/conda-bld/uhdm-integration_1594060930077/work=/usr/local/src/conda/uhdm-integration-0.0_0090_g40649a7 -fdebug-prefix-map=/home/kbuilder/miniconda/envs/sv-test-env=/usr/local/src/conda-prefix -fPIC -Os)


-- Executing script file `/tmpfs/tmp/tmp_be1_cwk/yosys-script&#39; --

1. Executing UHDM frontend.
design: (work@test_concat_func)
 |vpiName:work@test_concat_func
 |uhdmallPackages:
 \_package: builtin, parent:work@test_concat_func
   |vpiDefName:builtin
   |vpiFullName:builtin
 |uhdmallClasses:
 \_class_defn: (builtin::array)
   |vpiName:builtin::array
   |vpiFullName:builtin.builtin::array
 |uhdmallClasses:
 \_class_defn: (builtin::queue)
   |vpiName:builtin::queue
   |vpiFullName:builtin.builtin::queue
 |uhdmallClasses:
 \_class_defn: (builtin::string)
   |vpiName:builtin::string
   |vpiFullName:builtin.builtin::string
 |uhdmallClasses:
 \_class_defn: (builtin::system)
   |vpiName:builtin::system
   |vpiFullName:builtin.builtin::system
 |uhdmallModules:
 \_module: work@test_concat_func, file:<a href="../../../../third_party/tests/ivtest/ivltests/vhdl_concat_func.v.html" target="file-frame">third_party/tests/ivtest/ivltests/vhdl_concat_func.v</a>, line:22, parent:work@test_concat_func
   |vpiDefName:work@test_concat_func
   |vpiFullName:work@test_concat_func
   |vpiProcess:
   \_initial: 
     |vpiStmt:
     \_begin: , line:27
       |vpiFullName:work@test_concat_func
       |vpiStmt:
       \_assignment: , line:28
         |vpiBlocking:1
         |vpiLhs:
         \_ref_obj: (in_word), line:28
           |vpiName:in_word
           |vpiFullName:work@test_concat_func.in_word
         |vpiRhs:
         \_constant: , line:28
           |vpiConstType:3
           |vpiDecompile:8&#39;b11101010
           |vpiSize:8
           |BIN:8&#39;b11101010
       |vpiStmt:
       \_delay_control: , line:29
         |#1
       |vpiStmt:
       \_if_stmt: , line:31
         |vpiCondition:
         \_operation: , line:31
           |vpiOpType:17
           |vpiOperand:
           \_ref_obj: (out_word), line:31
             |vpiName:out_word
             |vpiFullName:work@test_concat_func.out_word
           |vpiOperand:
           \_constant: , line:31
             |vpiConstType:3
             |vpiDecompile:8&#39;b11010010
             |vpiSize:8
             |BIN:8&#39;b11010010
         |vpiStmt:
         \_begin: , line:31
           |vpiFullName:work@test_concat_func
           |vpiStmt:
           \_sys_func_call: ($display), line:32
             |vpiName:$display
             |vpiArgument:
             \_constant: , line:32
               |vpiConstType:6
               |vpiDecompile:&#34;FAILED out_word = %b&#34;
               |vpiSize:22
               |STRING:&#34;FAILED out_word = %b&#34;
             |vpiArgument:
             \_ref_obj: (out_word), line:32
               |vpiName:out_word
           |vpiStmt:
           \_sys_func_call: ($finish), line:33
             |vpiName:$finish
       |vpiStmt:
       \_sys_func_call: ($display), line:36
         |vpiName:$display
         |vpiArgument:
         \_constant: , line:36
           |vpiConstType:6
           |vpiDecompile:&#34;PASSED&#34;
           |vpiSize:8
           |STRING:&#34;PASSED&#34;
   |vpiNet:
   \_logic_net: (in_word), line:23
     |vpiName:in_word
     |vpiFullName:work@test_concat_func.in_word
     |vpiNetType:36
   |vpiNet:
   \_logic_net: (out_word), line:23
     |vpiName:out_word
     |vpiFullName:work@test_concat_func.out_word
     |vpiNetType:36
 |uhdmtopModules:
 \_module: work@test_concat_func (work@test_concat_func), file:<a href="../../../../third_party/tests/ivtest/ivltests/vhdl_concat_func.v.html" target="file-frame">third_party/tests/ivtest/ivltests/vhdl_concat_func.v</a>, line:22
   |vpiDefName:work@test_concat_func
   |vpiName:work@test_concat_func
   |vpiModule:
   \_module: work@test_concat_func::concat_func (dut), file:<a href="../../../../third_party/tests/ivtest/ivltests/vhdl_concat_func.v.html" target="file-frame">third_party/tests/ivtest/ivltests/vhdl_concat_func.v</a>, line:25, parent:work@test_concat_func
     |vpiDefName:work@test_concat_func::concat_func
     |vpiName:dut
     |vpiFullName:work@test_concat_func.dut
     |vpiInstance:
     \_module: work@test_concat_func (work@test_concat_func), file:<a href="../../../../third_party/tests/ivtest/ivltests/vhdl_concat_func.v.html" target="file-frame">third_party/tests/ivtest/ivltests/vhdl_concat_func.v</a>, line:22
   |vpiNet:
   \_logic_net: (in_word), line:23, parent:work@test_concat_func
     |vpiName:in_word
     |vpiFullName:work@test_concat_func.in_word
     |vpiNetType:36
     |vpiRange:
     \_range: , line:23
       |vpiLeftRange:
       \_constant: , line:23
         |vpiConstType:7
         |vpiDecompile:7
         |vpiSize:32
         |INT:7
       |vpiRightRange:
       \_constant: , line:23
         |vpiConstType:7
         |vpiDecompile:0
         |vpiSize:32
         |INT:0
   |vpiNet:
   \_logic_net: (out_word), line:23, parent:work@test_concat_func
     |vpiName:out_word
     |vpiFullName:work@test_concat_func.out_word
     |vpiNetType:36
     |vpiRange:
     \_range: , line:23
       |vpiLeftRange:
       \_constant: , line:23
         |vpiConstType:7
         |vpiDecompile:7
         |vpiSize:32
         |INT:7
       |vpiRightRange:
       \_constant: , line:23
         |vpiConstType:7
         |vpiDecompile:0
         |vpiSize:32
         |INT:0
Object: \work_test_concat_func of type 3000
Object: \work_test_concat_func of type 32
Object: \dut of type 32
Object: \in_word of type 36
Object:  of type 115
Object:  of type 7
Object:  of type 7
Object: \out_word of type 36
Object:  of type 115
Object:  of type 7
Object:  of type 7
Object: \work_test_concat_func of type 32
Object:  of type 24
Object:  of type 4
Object:  of type 3
Object: \in_word of type 608
Object:  of type 7
Object:  of type 11
ERROR: Encountered unhandled object type: 11

</pre>
</body>