<head>
  <style>
    .log { font-family: "Courier New", Consolas, monospace; font-size: 80%; }
    .test-failed { background-color: #ffaaaa; }
    .test-passed { background-color: #aaffaa; }
  </style>
</head>
<body>
<h3><a href="https://verilator.org" target="_blank">verilator</a></h3>
<pre class="test-failed">
description: stream unpack simulation test with dynamic array
rc: 127 (means success: 0)
tags: 11.4.14.4
incdirs: /tmpfs/src/github/sv-tests/tests/chapter-11
top_module: 
type: simulation parsing
mode: simulation
files: <a href="../../../tests/chapter-11/11.4.14.4--dynamic_array_stream-sim.sv.html" target="file-frame">tests/chapter-11/11.4.14.4--dynamic_array_stream-sim.sv</a>
defines: 
time_elapsed: 1.442s
ram usage: 66824 KB
</pre>
<pre class="log">

sh scr.sh --cc -Wno-fatal -Wno-UNOPTFLAT -Wno-BLKANDNBLK -Wpedantic -Wno-context -I/tmpfs/src/github/sv-tests/tests/chapter-11 --Mdir vbuild --prefix Vtop --exe -o vmain vmain.cpp <a href="../../../tests/chapter-11/11.4.14.4--dynamic_array_stream-sim.sv.html" target="file-frame">tests/chapter-11/11.4.14.4--dynamic_array_stream-sim.sv</a>
+ verilator --cc -Wno-fatal -Wno-UNOPTFLAT -Wno-BLKANDNBLK -Wpedantic -Wno-context -I/tmpfs/src/github/sv-tests/tests/chapter-11 --Mdir vbuild --prefix Vtop --exe -o vmain vmain.cpp <a href="../../../tests/chapter-11/11.4.14.4--dynamic_array_stream-sim.sv.html" target="file-frame">tests/chapter-11/11.4.14.4--dynamic_array_stream-sim.sv</a>
+ make -C vbuild -f Vtop.mk
make[1]: warning: jobserver unavailable: using -j1.  Add &#39;+&#39; to parent make rule.
make[1]: Entering directory &#39;/tmpfs/tmp/tmps02c1kow/vbuild&#39;
ccache x86_64-conda_cos6-linux-gnu-c++ -fvisibility-inlines-hidden -std=c++17 -fmessage-length=0 -march=nocona -mtune=haswell -ftree-vectorize -fPIC -fstack-protector-strong -fno-plt -O2 -ffunction-sections -pipe -isystem /home/kbuilder/miniconda/envs/sv-test-env/include -DNDEBUG -D_FORTIFY_SOURCE=2 -O2 -isystem /home/kbuilder/miniconda/envs/sv-test-env/include -I.  -MMD -I/home/kbuilder/miniconda/envs/sv-test-env/share/verilator/include -I/home/kbuilder/miniconda/envs/sv-test-env/share/verilator/include/vltstd -DVM_COVERAGE=0 -DVM_SC=0 -DVM_TRACE=0 -faligned-new -Wno-bool-operation -Wno-sign-compare -Wno-uninitialized -Wno-unused-but-set-variable -Wno-unused-parameter -Wno-unused-variable -Wno-shadow      -std=gnu++14 -Os -c -o vmain.o ../vmain.cpp
ccache x86_64-conda_cos6-linux-gnu-c++ -fvisibility-inlines-hidden -std=c++17 -fmessage-length=0 -march=nocona -mtune=haswell -ftree-vectorize -fPIC -fstack-protector-strong -fno-plt -O2 -ffunction-sections -pipe -isystem /home/kbuilder/miniconda/envs/sv-test-env/include -DNDEBUG -D_FORTIFY_SOURCE=2 -O2 -isystem /home/kbuilder/miniconda/envs/sv-test-env/include -I.  -MMD -I/home/kbuilder/miniconda/envs/sv-test-env/share/verilator/include -I/home/kbuilder/miniconda/envs/sv-test-env/share/verilator/include/vltstd -DVM_COVERAGE=0 -DVM_SC=0 -DVM_TRACE=0 -faligned-new -Wno-bool-operation -Wno-sign-compare -Wno-uninitialized -Wno-unused-but-set-variable -Wno-unused-parameter -Wno-unused-variable -Wno-shadow      -std=gnu++14 -Os -c -o verilated.o /home/kbuilder/miniconda/envs/sv-test-env/share/verilator/include/verilated.cpp
In file included from /home/kbuilder/miniconda/envs/sv-test-env/share/verilator/include/verilated.cpp:25:0:
/home/kbuilder/miniconda/envs/sv-test-env/share/verilator/include/verilated_imp.h: In static member function &#39;static void VerilatedImp::fdWrite(IData, const string&amp;)&#39;:
/home/kbuilder/miniconda/envs/sv-test-env/share/verilator/include/verilated_imp.h:539:13: warning: ignoring return value of &#39;size_t fwrite(const void*, size_t, size_t, FILE*)&#39;, declared with attribute warn_unused_result [-Wunused-result]
             (void)fwrite(output.c_str(), 1, output.size(), i);
             ^~~~~~~~~~~~~~~~~~~~~~~~~~~~~~~~~~~~~~~~~~~~~~~~~
/home/kbuilder/miniconda/envs/sv-test-env/bin/perl /home/kbuilder/miniconda/envs/sv-test-env/share/verilator/bin/verilator_includer -DVL_INCLUDE_OPT=include Vtop.cpp Vtop__Slow.cpp Vtop__Syms.cpp &gt; Vtop__ALL.cpp
ccache x86_64-conda_cos6-linux-gnu-c++ -fvisibility-inlines-hidden -std=c++17 -fmessage-length=0 -march=nocona -mtune=haswell -ftree-vectorize -fPIC -fstack-protector-strong -fno-plt -O2 -ffunction-sections -pipe -isystem /home/kbuilder/miniconda/envs/sv-test-env/include -DNDEBUG -D_FORTIFY_SOURCE=2 -O2 -isystem /home/kbuilder/miniconda/envs/sv-test-env/include -I.  -MMD -I/home/kbuilder/miniconda/envs/sv-test-env/share/verilator/include -I/home/kbuilder/miniconda/envs/sv-test-env/share/verilator/include/vltstd -DVM_COVERAGE=0 -DVM_SC=0 -DVM_TRACE=0 -faligned-new -Wno-bool-operation -Wno-sign-compare -Wno-uninitialized -Wno-unused-but-set-variable -Wno-unused-parameter -Wno-unused-variable -Wno-shadow      -std=gnu++14 -Os -c -o Vtop__ALL.o Vtop__ALL.cpp
In file included from Vtop__ALL.cpp:4:0:
Vtop__Slow.cpp: In static member function &#39;static void Vtop::_initial__TOP__1(Vtop__Syms*)&#39;:
Vtop__Slow.cpp:44:27: error: no match for &#39;operator|&#39; (operand types are &#39;unsigned int&#39; and &#39;VlQueue&lt;unsigned char&gt;&#39;)
     __Vtemp2[0U] = (0x2aU | vlTOPp-&gt;top__DOT__i_data);
                     ~~~~~~^~~~~~~~~~~~~~~~~~~~~~~~~~
Vtop__Slow.cpp:48:47: error: no match for &#39;operator=&#39; (operand types are &#39;VlQueue&lt;unsigned char&gt;&#39; and &#39;WData [3] {aka unsigned int [3]}&#39;)
     vlTOPp-&gt;top__DOT__unnamedblk1__DOT__pkt = __Vtemp3;
                                               ^~~~~~~~
In file included from Vtop.h:11:0,
                 from Vtop.cpp:5,
                 from Vtop__ALL.cpp:3:
/home/kbuilder/miniconda/envs/sv-test-env/share/verilator/include/verilated_heavy.h:255:54: note: candidate: VlQueue&lt;unsigned char&gt;&amp; VlQueue&lt;unsigned char&gt;::operator=(const VlQueue&lt;unsigned char&gt;&amp;)
 template &lt;class T_Value, size_t T_MaxSize = 0&gt; class VlQueue {
                                                      ^~~~~~~
/home/kbuilder/miniconda/envs/sv-test-env/share/verilator/include/verilated_heavy.h:255:54: note:   no known conversion for argument 1 from &#39;WData [3] {aka unsigned int [3]}&#39; to &#39;const VlQueue&lt;unsigned char&gt;&amp;&#39;
In file included from Vtop__ALL.cpp:4:0:
Vtop__Slow.cpp:51:103: error: invalid cast from type &#39;VlQueue&lt;unsigned char&gt;&#39; to type &#39;IData {aka unsigned int}&#39;
     vlTOPp-&gt;top__DOT__o_crc = VL_STREAML_III(32,32,32, (IData)(vlTOPp-&gt;top__DOT__unnamedblk1__DOT__pkt), 8U);
                                                                                                       ^
/home/kbuilder/miniconda/envs/sv-test-env/share/verilator/include/verilated.mk:234: recipe for target &#39;Vtop__ALL.o&#39; failed
make[1]: *** [Vtop__ALL.o] Error 1
make[1]: Target &#39;default&#39; not remade because of errors.
make[1]: Leaving directory &#39;/tmpfs/tmp/tmps02c1kow/vbuild&#39;
+ ./vbuild/vmain
scr.sh: 4: scr.sh: ./vbuild/vmain: not found

</pre>
</body>