<head>
  <style>
    .log { font-family: "Courier New", Consolas, monospace; font-size: 80%; }
    .test-failed { background-color: #ffaaaa; }
    .test-passed { background-color: #aaffaa; }
  </style>
</head>
<body>
<h3><a href="http://iverilog.icarus.com/" target="_blank">icarus</a></h3>
<pre class="test-failed">
description: parametrized class scope resolution
rc: 6 (means success: 0)
tags: 8.25.1
incdirs: /tmpfs/src/github/sv-tests/tests/chapter-8
top_module: 
type: parsing
mode: parsing
files: <a href="../../../tests/chapter-8/8.25.1--parametrized_class_scope_resolution.sv.html" target="file-frame">tests/chapter-8/8.25.1--parametrized_class_scope_resolution.sv</a>
defines: 
time_elapsed: 0.007s
ram usage: 9196 KB
</pre>
<pre class="log">

iverilog -g2012 -o iverilog.out -I/tmpfs/src/github/sv-tests/tests/chapter-8 <a href="../../../tests/chapter-8/8.25.1--parametrized_class_scope_resolution.sv.html" target="file-frame">tests/chapter-8/8.25.1--parametrized_class_scope_resolution.sv</a>
<a href="../../../tests/chapter-8/8.25.1--parametrized_class_scope_resolution.sv.html#l-8" target="file-frame">tests/chapter-8/8.25.1--parametrized_class_scope_resolution.sv:8</a>: syntax error
<a href="../../../tests/chapter-8/8.25.1--parametrized_class_scope_resolution.sv.html#l-8" target="file-frame">tests/chapter-8/8.25.1--parametrized_class_scope_resolution.sv:8</a>: error: invalid module item.
<a href="../../../tests/chapter-8/8.25.1--parametrized_class_scope_resolution.sv.html#l-10" target="file-frame">tests/chapter-8/8.25.1--parametrized_class_scope_resolution.sv:10</a>: syntax error
<a href="../../../tests/chapter-8/8.25.1--parametrized_class_scope_resolution.sv.html#l-12" target="file-frame">tests/chapter-8/8.25.1--parametrized_class_scope_resolution.sv:12</a>: error: invalid module item.
<a href="../../../tests/chapter-8/8.25.1--parametrized_class_scope_resolution.sv.html#l-17" target="file-frame">tests/chapter-8/8.25.1--parametrized_class_scope_resolution.sv:17</a>: syntax error
<a href="../../../tests/chapter-8/8.25.1--parametrized_class_scope_resolution.sv.html#l-17" target="file-frame">tests/chapter-8/8.25.1--parametrized_class_scope_resolution.sv:17</a>: error: malformed statement

</pre>
</body>