<head>
  <style>
    .log { font-family: "Courier New", Consolas, monospace; font-size: 80%; }
    .test-failed { background-color: #ffaaaa; }
    .test-passed { background-color: #aaffaa; }
  </style>
</head>
<body>
<h3><a href="http://iverilog.icarus.com/" target="_blank">icarus</a></h3>
<pre class="test-failed">
description: class both implementing and extending
rc: 22 (means success: 0)
tags: 8.26.2
incdirs: /tmpfs/src/github/sv-tests/tests/chapter-8
top_module: 
type: parsing
mode: parsing
files: <a href="../../../tests/chapter-8/8.26.2--implements_extends.sv.html" target="file-frame">tests/chapter-8/8.26.2--implements_extends.sv</a>
defines: 
time_elapsed: 0.007s
ram usage: 9072 KB
</pre>
<pre class="log">

iverilog -g2012 -o iverilog.out -I/tmpfs/src/github/sv-tests/tests/chapter-8 <a href="../../../tests/chapter-8/8.26.2--implements_extends.sv.html" target="file-frame">tests/chapter-8/8.26.2--implements_extends.sv</a>
<a href="../../../tests/chapter-8/8.26.2--implements_extends.sv.html#l-7" target="file-frame">tests/chapter-8/8.26.2--implements_extends.sv:7</a>: syntax error
<a href="../../../tests/chapter-8/8.26.2--implements_extends.sv.html#l-7" target="file-frame">tests/chapter-8/8.26.2--implements_extends.sv:7</a>: error: invalid module item.
<a href="../../../tests/chapter-8/8.26.2--implements_extends.sv.html#l-8" target="file-frame">tests/chapter-8/8.26.2--implements_extends.sv:8</a>: syntax error
<a href="../../../tests/chapter-8/8.26.2--implements_extends.sv.html#l-8" target="file-frame">tests/chapter-8/8.26.2--implements_extends.sv:8</a>: error: invalid module item.
<a href="../../../tests/chapter-8/8.26.2--implements_extends.sv.html#l-9" target="file-frame">tests/chapter-8/8.26.2--implements_extends.sv:9</a>: syntax error
<a href="../../../tests/chapter-8/8.26.2--implements_extends.sv.html#l-11" target="file-frame">tests/chapter-8/8.26.2--implements_extends.sv:11</a>: error: invalid module item.
<a href="../../../tests/chapter-8/8.26.2--implements_extends.sv.html#l-12" target="file-frame">tests/chapter-8/8.26.2--implements_extends.sv:12</a>: syntax error
<a href="../../../tests/chapter-8/8.26.2--implements_extends.sv.html#l-12" target="file-frame">tests/chapter-8/8.26.2--implements_extends.sv:12</a>: error: invalid module item.
<a href="../../../tests/chapter-8/8.26.2--implements_extends.sv.html#l-13" target="file-frame">tests/chapter-8/8.26.2--implements_extends.sv:13</a>: syntax error
<a href="../../../tests/chapter-8/8.26.2--implements_extends.sv.html#l-15" target="file-frame">tests/chapter-8/8.26.2--implements_extends.sv:15</a>: error: invalid module item.
<a href="../../../tests/chapter-8/8.26.2--implements_extends.sv.html#l-19" target="file-frame">tests/chapter-8/8.26.2--implements_extends.sv:19</a>: syntax error
<a href="../../../tests/chapter-8/8.26.2--implements_extends.sv.html#l-21" target="file-frame">tests/chapter-8/8.26.2--implements_extends.sv:21</a>: error: invalid module item.
<a href="../../../tests/chapter-8/8.26.2--implements_extends.sv.html#l-22" target="file-frame">tests/chapter-8/8.26.2--implements_extends.sv:22</a>: syntax error
<a href="../../../tests/chapter-8/8.26.2--implements_extends.sv.html#l-22" target="file-frame">tests/chapter-8/8.26.2--implements_extends.sv:22</a>: error: invalid module item.
<a href="../../../tests/chapter-8/8.26.2--implements_extends.sv.html#l-23" target="file-frame">tests/chapter-8/8.26.2--implements_extends.sv:23</a>: syntax error
<a href="../../../tests/chapter-8/8.26.2--implements_extends.sv.html#l-23" target="file-frame">tests/chapter-8/8.26.2--implements_extends.sv:23</a>: error: invalid module item.
<a href="../../../tests/chapter-8/8.26.2--implements_extends.sv.html#l-24" target="file-frame">tests/chapter-8/8.26.2--implements_extends.sv:24</a>: syntax error
<a href="../../../tests/chapter-8/8.26.2--implements_extends.sv.html#l-25" target="file-frame">tests/chapter-8/8.26.2--implements_extends.sv:25</a>: error: invalid module item.
<a href="../../../tests/chapter-8/8.26.2--implements_extends.sv.html#l-26" target="file-frame">tests/chapter-8/8.26.2--implements_extends.sv:26</a>: syntax error
<a href="../../../tests/chapter-8/8.26.2--implements_extends.sv.html#l-26" target="file-frame">tests/chapter-8/8.26.2--implements_extends.sv:26</a>: error: invalid module item.
<a href="../../../tests/chapter-8/8.26.2--implements_extends.sv.html#l-27" target="file-frame">tests/chapter-8/8.26.2--implements_extends.sv:27</a>: syntax error
<a href="../../../tests/chapter-8/8.26.2--implements_extends.sv.html#l-30" target="file-frame">tests/chapter-8/8.26.2--implements_extends.sv:30</a>: error: invalid module item.

</pre>
</body>