<head>
  <style>
    .log { font-family: "Courier New", Consolas, monospace; font-size: 80%; }
    .test-failed { background-color: #ffaaaa; }
    .test-passed { background-color: #aaffaa; }
  </style>
</head>
<body>
<h3><a href="http://iverilog.icarus.com/" target="_blank">icarus</a></h3>
<pre class="test-failed">
description: virtual classes can implement their interfaces partially
rc: 22 (means success: 0)
tags: 8.26.7
incdirs: /tmpfs/src/github/sv-tests/tests/chapter-8
top_module: 
type: parsing
mode: parsing
files: <a href="../../../tests/chapter-8/8.26.7--partial_implementation.sv.html" target="file-frame">tests/chapter-8/8.26.7--partial_implementation.sv</a>
defines: 
time_elapsed: 0.007s
ram usage: 9260 KB
</pre>
<pre class="log">

iverilog -g2012 -o iverilog.out -I/tmpfs/src/github/sv-tests/tests/chapter-8 <a href="../../../tests/chapter-8/8.26.7--partial_implementation.sv.html" target="file-frame">tests/chapter-8/8.26.7--partial_implementation.sv</a>
<a href="../../../tests/chapter-8/8.26.7--partial_implementation.sv.html#l-7" target="file-frame">tests/chapter-8/8.26.7--partial_implementation.sv:7</a>: syntax error
<a href="../../../tests/chapter-8/8.26.7--partial_implementation.sv.html#l-7" target="file-frame">tests/chapter-8/8.26.7--partial_implementation.sv:7</a>: error: invalid module item.
<a href="../../../tests/chapter-8/8.26.7--partial_implementation.sv.html#l-8" target="file-frame">tests/chapter-8/8.26.7--partial_implementation.sv:8</a>: syntax error
<a href="../../../tests/chapter-8/8.26.7--partial_implementation.sv.html#l-8" target="file-frame">tests/chapter-8/8.26.7--partial_implementation.sv:8</a>: error: invalid module item.
<a href="../../../tests/chapter-8/8.26.7--partial_implementation.sv.html#l-9" target="file-frame">tests/chapter-8/8.26.7--partial_implementation.sv:9</a>: syntax error
<a href="../../../tests/chapter-8/8.26.7--partial_implementation.sv.html#l-9" target="file-frame">tests/chapter-8/8.26.7--partial_implementation.sv:9</a>: error: invalid module item.
<a href="../../../tests/chapter-8/8.26.7--partial_implementation.sv.html#l-10" target="file-frame">tests/chapter-8/8.26.7--partial_implementation.sv:10</a>: syntax error
<a href="../../../tests/chapter-8/8.26.7--partial_implementation.sv.html#l-12" target="file-frame">tests/chapter-8/8.26.7--partial_implementation.sv:12</a>: error: invalid module item.
<a href="../../../tests/chapter-8/8.26.7--partial_implementation.sv.html#l-13" target="file-frame">tests/chapter-8/8.26.7--partial_implementation.sv:13</a>: syntax error
<a href="../../../tests/chapter-8/8.26.7--partial_implementation.sv.html#l-13" target="file-frame">tests/chapter-8/8.26.7--partial_implementation.sv:13</a>: error: invalid module item.
<a href="../../../tests/chapter-8/8.26.7--partial_implementation.sv.html#l-14" target="file-frame">tests/chapter-8/8.26.7--partial_implementation.sv:14</a>: syntax error
<a href="../../../tests/chapter-8/8.26.7--partial_implementation.sv.html#l-14" target="file-frame">tests/chapter-8/8.26.7--partial_implementation.sv:14</a>: error: invalid module item.
<a href="../../../tests/chapter-8/8.26.7--partial_implementation.sv.html#l-15" target="file-frame">tests/chapter-8/8.26.7--partial_implementation.sv:15</a>: syntax error
<a href="../../../tests/chapter-8/8.26.7--partial_implementation.sv.html#l-16" target="file-frame">tests/chapter-8/8.26.7--partial_implementation.sv:16</a>: error: invalid module item.
<a href="../../../tests/chapter-8/8.26.7--partial_implementation.sv.html#l-17" target="file-frame">tests/chapter-8/8.26.7--partial_implementation.sv:17</a>: syntax error
<a href="../../../tests/chapter-8/8.26.7--partial_implementation.sv.html#l-19" target="file-frame">tests/chapter-8/8.26.7--partial_implementation.sv:19</a>: error: invalid module item.
<a href="../../../tests/chapter-8/8.26.7--partial_implementation.sv.html#l-20" target="file-frame">tests/chapter-8/8.26.7--partial_implementation.sv:20</a>: syntax error
<a href="../../../tests/chapter-8/8.26.7--partial_implementation.sv.html#l-20" target="file-frame">tests/chapter-8/8.26.7--partial_implementation.sv:20</a>: error: invalid module item.
<a href="../../../tests/chapter-8/8.26.7--partial_implementation.sv.html#l-21" target="file-frame">tests/chapter-8/8.26.7--partial_implementation.sv:21</a>: syntax error
<a href="../../../tests/chapter-8/8.26.7--partial_implementation.sv.html#l-21" target="file-frame">tests/chapter-8/8.26.7--partial_implementation.sv:21</a>: error: invalid module item.
<a href="../../../tests/chapter-8/8.26.7--partial_implementation.sv.html#l-22" target="file-frame">tests/chapter-8/8.26.7--partial_implementation.sv:22</a>: syntax error
<a href="../../../tests/chapter-8/8.26.7--partial_implementation.sv.html#l-25" target="file-frame">tests/chapter-8/8.26.7--partial_implementation.sv:25</a>: error: invalid module item.

</pre>
</body>