<head>
  <style>
    .log { font-family: "Courier New", Consolas, monospace; font-size: 80%; }
    .test-failed { background-color: #ffaaaa; }
    .test-passed { background-color: #aaffaa; }
  </style>
</head>
<body>
<h3><a href="http://iverilog.icarus.com/" target="_blank">icarus</a></h3>
<pre class="test-failed">
description: implements keyword test
rc: 12 (means success: 0)
tags: 8.26.2
incdirs: /tmpfs/src/github/sv-tests/tests/chapter-8
top_module: 
type: parsing
mode: parsing
files: <a href="../../../tests/chapter-8/8.26.2--implements.sv.html" target="file-frame">tests/chapter-8/8.26.2--implements.sv</a>
defines: 
time_elapsed: 0.008s
ram usage: 9260 KB
</pre>
<pre class="log">

iverilog -g2012 -o iverilog.out -I/tmpfs/src/github/sv-tests/tests/chapter-8 <a href="../../../tests/chapter-8/8.26.2--implements.sv.html" target="file-frame">tests/chapter-8/8.26.2--implements.sv</a>
<a href="../../../tests/chapter-8/8.26.2--implements.sv.html#l-7" target="file-frame">tests/chapter-8/8.26.2--implements.sv:7</a>: syntax error
<a href="../../../tests/chapter-8/8.26.2--implements.sv.html#l-7" target="file-frame">tests/chapter-8/8.26.2--implements.sv:7</a>: error: invalid module item.
<a href="../../../tests/chapter-8/8.26.2--implements.sv.html#l-8" target="file-frame">tests/chapter-8/8.26.2--implements.sv:8</a>: syntax error
<a href="../../../tests/chapter-8/8.26.2--implements.sv.html#l-8" target="file-frame">tests/chapter-8/8.26.2--implements.sv:8</a>: error: invalid module item.
<a href="../../../tests/chapter-8/8.26.2--implements.sv.html#l-9" target="file-frame">tests/chapter-8/8.26.2--implements.sv:9</a>: syntax error
<a href="../../../tests/chapter-8/8.26.2--implements.sv.html#l-11" target="file-frame">tests/chapter-8/8.26.2--implements.sv:11</a>: error: invalid module item.
<a href="../../../tests/chapter-8/8.26.2--implements.sv.html#l-12" target="file-frame">tests/chapter-8/8.26.2--implements.sv:12</a>: syntax error
<a href="../../../tests/chapter-8/8.26.2--implements.sv.html#l-12" target="file-frame">tests/chapter-8/8.26.2--implements.sv:12</a>: error: invalid module item.
<a href="../../../tests/chapter-8/8.26.2--implements.sv.html#l-13" target="file-frame">tests/chapter-8/8.26.2--implements.sv:13</a>: syntax error
<a href="../../../tests/chapter-8/8.26.2--implements.sv.html#l-13" target="file-frame">tests/chapter-8/8.26.2--implements.sv:13</a>: error: invalid module item.
<a href="../../../tests/chapter-8/8.26.2--implements.sv.html#l-14" target="file-frame">tests/chapter-8/8.26.2--implements.sv:14</a>: syntax error
<a href="../../../tests/chapter-8/8.26.2--implements.sv.html#l-17" target="file-frame">tests/chapter-8/8.26.2--implements.sv:17</a>: error: invalid module item.

</pre>
</body>