<head>
  <style>
    .log { font-family: "Courier New", Consolas, monospace; font-size: 80%; }
    .test-failed { background-color: #ffaaaa; }
    .test-passed { background-color: #aaffaa; }
  </style>
</head>
<body>
<h3><a href="http://iverilog.icarus.com/" target="_blank">icarus</a></h3>
<pre class="test-failed">
description: access interface class type with scope resolution operator
rc: 12 (means success: 0)
tags: 8.26.3
incdirs: /tmpfs/src/github/sv-tests/tests/chapter-8
top_module: 
type: simulation parsing
mode: parsing
files: <a href="../../../tests/chapter-8/8.26.3--type_access_implements.sv.html" target="file-frame">tests/chapter-8/8.26.3--type_access_implements.sv</a>
defines: 
time_elapsed: 0.008s
ram usage: 9000 KB
</pre>
<pre class="log">

iverilog -g2012 -o iverilog.out -I/tmpfs/src/github/sv-tests/tests/chapter-8 <a href="../../../tests/chapter-8/8.26.3--type_access_implements.sv.html" target="file-frame">tests/chapter-8/8.26.3--type_access_implements.sv</a>
<a href="../../../tests/chapter-8/8.26.3--type_access_implements.sv.html#l-8" target="file-frame">tests/chapter-8/8.26.3--type_access_implements.sv:8</a>: syntax error
<a href="../../../tests/chapter-8/8.26.3--type_access_implements.sv.html#l-8" target="file-frame">tests/chapter-8/8.26.3--type_access_implements.sv:8</a>: error: invalid module item.
<a href="../../../tests/chapter-8/8.26.3--type_access_implements.sv.html#l-10" target="file-frame">tests/chapter-8/8.26.3--type_access_implements.sv:10</a>: syntax error
<a href="../../../tests/chapter-8/8.26.3--type_access_implements.sv.html#l-10" target="file-frame">tests/chapter-8/8.26.3--type_access_implements.sv:10</a>: error: invalid module item.
<a href="../../../tests/chapter-8/8.26.3--type_access_implements.sv.html#l-11" target="file-frame">tests/chapter-8/8.26.3--type_access_implements.sv:11</a>: syntax error
<a href="../../../tests/chapter-8/8.26.3--type_access_implements.sv.html#l-13" target="file-frame">tests/chapter-8/8.26.3--type_access_implements.sv:13</a>: error: invalid module item.
<a href="../../../tests/chapter-8/8.26.3--type_access_implements.sv.html#l-14" target="file-frame">tests/chapter-8/8.26.3--type_access_implements.sv:14</a>: syntax error
<a href="../../../tests/chapter-8/8.26.3--type_access_implements.sv.html#l-14" target="file-frame">tests/chapter-8/8.26.3--type_access_implements.sv:14</a>: error: invalid module item.
<a href="../../../tests/chapter-8/8.26.3--type_access_implements.sv.html#l-15" target="file-frame">tests/chapter-8/8.26.3--type_access_implements.sv:15</a>: syntax error
<a href="../../../tests/chapter-8/8.26.3--type_access_implements.sv.html#l-15" target="file-frame">tests/chapter-8/8.26.3--type_access_implements.sv:15</a>: error: invalid module item.
<a href="../../../tests/chapter-8/8.26.3--type_access_implements.sv.html#l-16" target="file-frame">tests/chapter-8/8.26.3--type_access_implements.sv:16</a>: syntax error
<a href="../../../tests/chapter-8/8.26.3--type_access_implements.sv.html#l-19" target="file-frame">tests/chapter-8/8.26.3--type_access_implements.sv:19</a>: error: invalid module item.

</pre>
</body>