<head>
  <style>
    .log { font-family: "Courier New", Consolas, monospace; font-size: 80%; }
    .test-failed { background-color: #ffaaaa; }
    .test-passed { background-color: #aaffaa; }
  </style>
</head>
<body>
<h3><a href="https://github.com/MikePopoloski/slang" target="_blank">slang</a></h3>
<pre class="test-failed">
description: break statement test
rc: 1 (means success: 0)
tags: 18.17.6 uvm
incdirs: /tmpfs/src/github/sv-tests/third_party/tests/uvm/src /tmpfs/src/github/sv-tests/tests/chapter-18
top_module: 
type: parsing
mode: parsing
files: <a href="../../../third_party/tests/uvm/src/uvm_pkg.sv.html" target="file-frame">third_party/tests/uvm/src/uvm_pkg.sv</a> <a href="../../../tests/chapter-18/18.17.6--aborting-productions-break-and-return_1.sv.html" target="file-frame">tests/chapter-18/18.17.6--aborting-productions-break-and-return_1.sv</a>
defines: 
time_elapsed: 0.151s
ram usage: 41772 KB
</pre>
<pre class="log">

slang-driver --single-unit -I /tmpfs/src/github/sv-tests/third_party/tests/uvm/src -I /tmpfs/src/github/sv-tests/tests/chapter-18 <a href="../../../third_party/tests/uvm/src/uvm_pkg.sv.html" target="file-frame">third_party/tests/uvm/src/uvm_pkg.sv</a> <a href="../../../tests/chapter-18/18.17.6--aborting-productions-break-and-return_1.sv.html" target="file-frame">tests/chapter-18/18.17.6--aborting-productions-break-and-return_1.sv</a>
Top level design units:
    top

../../src/github/sv-tests/tests/chapter-18/18.17.6--aborting-productions-break-and-return_1.sv:21:7: error: expected statement
      randsequence( main )
      ^
../../src/github/sv-tests/tests/chapter-18/18.17.6--aborting-productions-break-and-return_1.sv:21:19: error: expected statement
      randsequence( main )
                  ^
../../src/github/sv-tests/tests/chapter-18/18.17.6--aborting-productions-break-and-return_1.sv:22:21: error: expected &#39;;&#39;
        main : first second third;
                    ^
../../src/github/sv-tests/tests/chapter-18/18.17.6--aborting-productions-break-and-return_1.sv:22:22: error: declaration must come before all statements in the block
        main : first second third;
                     ^
../../src/github/sv-tests/tests/chapter-18/18.17.6--aborting-productions-break-and-return_1.sv:23:29: error: expected &#39;,&#39;
        first : { x = x + 10; };
                            ^
../../src/github/sv-tests/tests/chapter-18/18.17.6--aborting-productions-break-and-return_1.sv:23:31: error: expected statement
        first : { x = x + 10; };
                              ^
../../src/github/sv-tests/tests/chapter-18/18.17.6--aborting-productions-break-and-return_1.sv:24:20: error: expected expression
        second : { if(break_on == 1) break; } fourth;
                   ^
../../src/github/sv-tests/tests/chapter-18/18.17.6--aborting-productions-break-and-return_1.sv:24:38: error: expected expression
        second : { if(break_on == 1) break; } fourth;
                                     ^~~~~
../../src/github/sv-tests/tests/chapter-18/18.17.6--aborting-productions-break-and-return_1.sv:24:43: error: expected &#39;}&#39;
        second : { if(break_on == 1) break; } fourth;
                                          ^
../../src/github/sv-tests/tests/chapter-18/18.17.6--aborting-productions-break-and-return_1.sv:24:18: note: to match this &#39;{&#39;
        second : { if(break_on == 1) break; } fourth;
                 ^
../../src/github/sv-tests/tests/chapter-18/18.17.6--aborting-productions-break-and-return_1.sv:24:45: error: expected statement
        second : { if(break_on == 1) break; } fourth;
                                            ^
../../src/github/sv-tests/tests/chapter-18/18.17.6--aborting-productions-break-and-return_1.sv:25:29: error: expected &#39;,&#39;
        third : { x = x + 10; };
                            ^
../../src/github/sv-tests/tests/chapter-18/18.17.6--aborting-productions-break-and-return_1.sv:25:31: error: expected statement
        third : { x = x + 10; };
                              ^
../../src/github/sv-tests/tests/chapter-18/18.17.6--aborting-productions-break-and-return_1.sv:26:30: error: expected &#39;,&#39;
        fourth : { x = x + 15; };
                             ^
../../src/github/sv-tests/tests/chapter-18/18.17.6--aborting-productions-break-and-return_1.sv:26:32: error: expected statement
        fourth : { x = x + 15; };
                               ^
../../src/github/sv-tests/tests/chapter-18/18.17.6--aborting-productions-break-and-return_1.sv:26:34: error: expected &#39;end&#39;
        fourth : { x = x + 15; };
                                 ^
../../src/github/sv-tests/tests/chapter-18/18.17.6--aborting-productions-break-and-return_1.sv:20:5: note: to match this &#39;begin&#39;
    begin
    ^
../../src/github/sv-tests/tests/chapter-18/18.17.6--aborting-productions-break-and-return_1.sv:36:3: error: expected member
  endtask: run_phase
  ^~~~~~~
in file included from ../../src/github/sv-tests/third_party/tests/uvm/src/uvm_pkg.sv:30:
in file included from ../../src/github/sv-tests/third_party/tests/uvm/src/dpi/uvm_dpi.svh:40:
../../src/github/sv-tests/third_party/tests/uvm/src/dpi/uvm_hdl.svh:66:3: error: language feature not yet supported
  import &#34;DPI-C&#34; context function int uvm_hdl_check_path(string path);
  ^~~~~~~~~~~~~~~~~~~~~~~~~~~~~~~~~~~~~~~~~~~~~~~~~~~~~~~~~~~~~~~~~~~~
../../src/github/sv-tests/third_party/tests/uvm/src/dpi/uvm_hdl.svh:74:3: error: language feature not yet supported
  import &#34;DPI-C&#34; context function int uvm_hdl_deposit(string path, uvm_hdl_data_t value);
  ^~~~~~~~~~~~~~~~~~~~~~~~~~~~~~~~~~~~~~~~~~~~~~~~~~~~~~~~~~~~~~~~~~~~~~~~~~~~~~~~~~~~~~~
../../src/github/sv-tests/third_party/tests/uvm/src/dpi/uvm_hdl.svh:81:3: error: language feature not yet supported
  import &#34;DPI-C&#34; context function int uvm_hdl_force(string path, uvm_hdl_data_t value);
  ^~~~~~~~~~~~~~~~~~~~~~~~~~~~~~~~~~~~~~~~~~~~~~~~~~~~~~~~~~~~~~~~~~~~~~~~~~~~~~~~~~~~~
../../src/github/sv-tests/third_party/tests/uvm/src/dpi/uvm_hdl.svh:112:3: error: language feature not yet supported
  import &#34;DPI-C&#34; context function int uvm_hdl_release_and_read(string path, inout uvm_hdl_data_t value);
  ^~~~~~~~~~~~~~~~~~~~~~~~~~~~~~~~~~~~~~~~~~~~~~~~~~~~~~~~~~~~~~~~~~~~~~~~~~~~~~~~~~~~~~~~~~~~~~~~~~~~~~
fatal error: too many errors emitted, stopping now [--error-limit=]

Build failed: 20 errors, 0 warnings

</pre>
</body>