<head>
  <style>
    .log { font-family: "Courier New", Consolas, monospace; font-size: 80%; }
    .test-failed { background-color: #ffaaaa; }
    .test-passed { background-color: #aaffaa; }
  </style>
</head>
<body>
<h3><a href="https://github.com/MikePopoloski/slang" target="_blank">slang</a></h3>
<pre class="test-failed">
description: randcase case statement test
rc: 1 (means success: 0)
tags: 18.17.3 uvm
incdirs: /tmpfs/src/github/sv-tests/third_party/tests/uvm/src /tmpfs/src/github/sv-tests/tests/chapter-18
top_module: 
type: parsing
mode: parsing
files: <a href="../../../third_party/tests/uvm/src/uvm_pkg.sv.html" target="file-frame">third_party/tests/uvm/src/uvm_pkg.sv</a> <a href="../../../tests/chapter-18/18.17.3--case-production-statements_1.sv.html" target="file-frame">tests/chapter-18/18.17.3--case-production-statements_1.sv</a>
defines: 
time_elapsed: 0.168s
ram usage: 42820 KB
</pre>
<pre class="log">

slang-driver --single-unit -I /tmpfs/src/github/sv-tests/third_party/tests/uvm/src -I /tmpfs/src/github/sv-tests/tests/chapter-18 <a href="../../../third_party/tests/uvm/src/uvm_pkg.sv.html" target="file-frame">third_party/tests/uvm/src/uvm_pkg.sv</a> <a href="../../../tests/chapter-18/18.17.3--case-production-statements_1.sv.html" target="file-frame">tests/chapter-18/18.17.3--case-production-statements_1.sv</a>
Top level design units:
    top

../../src/github/sv-tests/tests/chapter-18/18.17.3--case-production-statements_1.sv:21:7: error: expected statement
      randsequence( main )
      ^
../../src/github/sv-tests/tests/chapter-18/18.17.3--case-production-statements_1.sv:21:19: error: expected statement
      randsequence( main )
                  ^
../../src/github/sv-tests/tests/chapter-18/18.17.3--case-production-statements_1.sv:28:23: error: expected &#39;,&#39;
        zero : { x = 0; };
                      ^
../../src/github/sv-tests/tests/chapter-18/18.17.3--case-production-statements_1.sv:28:25: error: expected statement
        zero : { x = 0; };
                        ^
../../src/github/sv-tests/tests/chapter-18/18.17.3--case-production-statements_1.sv:29:25: error: expected &#39;,&#39;
        first : { x = 10; };
                        ^
../../src/github/sv-tests/tests/chapter-18/18.17.3--case-production-statements_1.sv:29:27: error: expected statement
        first : { x = 10; };
                          ^
../../src/github/sv-tests/tests/chapter-18/18.17.3--case-production-statements_1.sv:30:25: error: expected &#39;,&#39;
        second : { x = 2; };
                        ^
../../src/github/sv-tests/tests/chapter-18/18.17.3--case-production-statements_1.sv:30:27: error: expected statement
        second : { x = 2; };
                          ^
../../src/github/sv-tests/tests/chapter-18/18.17.3--case-production-statements_1.sv:31:24: error: expected &#39;,&#39;
        third : { x = 3; };
                       ^
../../src/github/sv-tests/tests/chapter-18/18.17.3--case-production-statements_1.sv:31:26: error: expected statement
        third : { x = 3; };
                         ^
../../src/github/sv-tests/tests/chapter-18/18.17.3--case-production-statements_1.sv:31:28: error: expected &#39;end&#39;
        third : { x = 3; };
                           ^
../../src/github/sv-tests/tests/chapter-18/18.17.3--case-production-statements_1.sv:20:5: note: to match this &#39;begin&#39;
    begin
    ^
../../src/github/sv-tests/tests/chapter-18/18.17.3--case-production-statements_1.sv:41:3: error: expected member
  endtask: run_phase
  ^~~~~~~
in file included from ../../src/github/sv-tests/third_party/tests/uvm/src/uvm_pkg.sv:30:
in file included from ../../src/github/sv-tests/third_party/tests/uvm/src/dpi/uvm_dpi.svh:40:
../../src/github/sv-tests/third_party/tests/uvm/src/dpi/uvm_hdl.svh:66:3: error: language feature not yet supported
  import &#34;DPI-C&#34; context function int uvm_hdl_check_path(string path);
  ^~~~~~~~~~~~~~~~~~~~~~~~~~~~~~~~~~~~~~~~~~~~~~~~~~~~~~~~~~~~~~~~~~~~
../../src/github/sv-tests/third_party/tests/uvm/src/dpi/uvm_hdl.svh:74:3: error: language feature not yet supported
  import &#34;DPI-C&#34; context function int uvm_hdl_deposit(string path, uvm_hdl_data_t value);
  ^~~~~~~~~~~~~~~~~~~~~~~~~~~~~~~~~~~~~~~~~~~~~~~~~~~~~~~~~~~~~~~~~~~~~~~~~~~~~~~~~~~~~~~
../../src/github/sv-tests/third_party/tests/uvm/src/dpi/uvm_hdl.svh:81:3: error: language feature not yet supported
  import &#34;DPI-C&#34; context function int uvm_hdl_force(string path, uvm_hdl_data_t value);
  ^~~~~~~~~~~~~~~~~~~~~~~~~~~~~~~~~~~~~~~~~~~~~~~~~~~~~~~~~~~~~~~~~~~~~~~~~~~~~~~~~~~~~
../../src/github/sv-tests/third_party/tests/uvm/src/dpi/uvm_hdl.svh:92:13: error: use of undeclared identifier &#39;uvm_hdl_deposit&#39;
      void&#39;(uvm_hdl_deposit(path, value));
            ^~~~~~~~~~~~~~~
../../src/github/sv-tests/third_party/tests/uvm/src/dpi/uvm_hdl.svh:95:10: error: use of undeclared identifier &#39;uvm_hdl_force&#39;
    if (!uvm_hdl_force(path, value))
         ^~~~~~~~~~~~~
../../src/github/sv-tests/third_party/tests/uvm/src/dpi/uvm_hdl.svh:98:11: error: use of undeclared identifier &#39;uvm_hdl_release_and_read&#39;
    void&#39;(uvm_hdl_release_and_read(path, value));
          ^~~~~~~~~~~~~~~~~~~~~~~~
../../src/github/sv-tests/third_party/tests/uvm/src/dpi/uvm_hdl.svh:112:3: error: language feature not yet supported
  import &#34;DPI-C&#34; context function int uvm_hdl_release_and_read(string path, inout uvm_hdl_data_t value);
  ^~~~~~~~~~~~~~~~~~~~~~~~~~~~~~~~~~~~~~~~~~~~~~~~~~~~~~~~~~~~~~~~~~~~~~~~~~~~~~~~~~~~~~~~~~~~~~~~~~~~~~
../../src/github/sv-tests/third_party/tests/uvm/src/dpi/uvm_hdl.svh:120:3: error: language feature not yet supported
  import &#34;DPI-C&#34; context function int uvm_hdl_release(string path);
  ^~~~~~~~~~~~~~~~~~~~~~~~~~~~~~~~~~~~~~~~~~~~~~~~~~~~~~~~~~~~~~~~~
fatal error: too many errors emitted, stopping now [--error-limit=]

Build failed: 20 errors, 0 warnings

</pre>
</body>