<head>
  <style>
    .log { font-family: "Courier New", Consolas, monospace; font-size: 80%; }
    .test-failed { background-color: #ffaaaa; }
    .test-passed { background-color: #aaffaa; }
  </style>
</head>
<body>
<h3><a href="https://github.com/MikePopoloski/slang" target="_blank">slang</a></h3>
<pre class="test-failed">
description: return statement test
rc: 1 (means success: 0)
tags: 18.17.6
incdirs: /tmpfs/src/github/sv-tests/tests/chapter-18
top_module: 
type: parsing
mode: parsing
files: <a href="../../../tests/chapter-18/18.17.6--aborting-productions-break-and-return_2.sv.html" target="file-frame">tests/chapter-18/18.17.6--aborting-productions-break-and-return_2.sv</a>
defines: 
time_elapsed: 0.003s
ram usage: 9180 KB
</pre>
<pre class="log">

slang-driver --single-unit -I /tmpfs/src/github/sv-tests/tests/chapter-18 <a href="../../../tests/chapter-18/18.17.6--aborting-productions-break-and-return_2.sv.html" target="file-frame">tests/chapter-18/18.17.6--aborting-productions-break-and-return_2.sv</a>
../../src/github/sv-tests/tests/chapter-18/18.17.6--aborting-productions-break-and-return_2.sv:9:9: warning: initializing a static variable in a procedural context requires an explicit &#39;static&#39; keyword [-Wexplicit-static]
    int return_on = 1;
        ^~~~~~~~~
../../src/github/sv-tests/tests/chapter-18/18.17.6--aborting-productions-break-and-return_2.sv:10:5: error: expected statement
    randsequence( main )
    ^
../../src/github/sv-tests/tests/chapter-18/18.17.6--aborting-productions-break-and-return_2.sv:10:17: error: expected statement
    randsequence( main )
                ^
../../src/github/sv-tests/tests/chapter-18/18.17.6--aborting-productions-break-and-return_2.sv:11:14: error: use of undeclared identifier &#39;first&#39;
      main : first secondi third;
             ^~~~~
../../src/github/sv-tests/tests/chapter-18/18.17.6--aborting-productions-break-and-return_2.sv:11:19: error: expected &#39;;&#39;
      main : first secondi third;
                  ^
../../src/github/sv-tests/tests/chapter-18/18.17.6--aborting-productions-break-and-return_2.sv:11:20: error: use of undeclared identifier &#39;secondi&#39;
      main : first secondi third;
                   ^~~~~~~
../../src/github/sv-tests/tests/chapter-18/18.17.6--aborting-productions-break-and-return_2.sv:11:20: error: declaration must come before all statements in the block
      main : first secondi third;
                   ^
../../src/github/sv-tests/tests/chapter-18/18.17.6--aborting-productions-break-and-return_2.sv:11:28: error: redefinition of &#39;third&#39; as different kind of symbol
      main : first secondi third;
                           ^
../../src/github/sv-tests/tests/chapter-18/18.17.6--aborting-productions-break-and-return_2.sv:14:7: note: previous definition here
      third : { x = x + 5;};
      ^
../../src/github/sv-tests/tests/chapter-18/18.17.6--aborting-productions-break-and-return_2.sv:12:17: error: assignment expressions must be parenthesized
      first : { x = x + 20; };
                ^~~~~~~~~~
../../src/github/sv-tests/tests/chapter-18/18.17.6--aborting-productions-break-and-return_2.sv:12:27: error: expected &#39;,&#39;
      first : { x = x + 20; };
                          ^
../../src/github/sv-tests/tests/chapter-18/18.17.6--aborting-productions-break-and-return_2.sv:12:29: error: expected statement
      first : { x = x + 20; };
                            ^
../../src/github/sv-tests/tests/chapter-18/18.17.6--aborting-productions-break-and-return_2.sv:13:18: error: expected expression
      second : { if(return_on == 1) return; x = x + 10; };
                 ^
../../src/github/sv-tests/tests/chapter-18/18.17.6--aborting-productions-break-and-return_2.sv:13:37: error: expected expression
      second : { if(return_on == 1) return; x = x + 10; };
                                    ^~~~~~
../../src/github/sv-tests/tests/chapter-18/18.17.6--aborting-productions-break-and-return_2.sv:13:43: error: expected &#39;}&#39;
      second : { if(return_on == 1) return; x = x + 10; };
                                          ^
../../src/github/sv-tests/tests/chapter-18/18.17.6--aborting-productions-break-and-return_2.sv:13:16: note: to match this &#39;{&#39;
      second : { if(return_on == 1) return; x = x + 10; };
               ^
../../src/github/sv-tests/tests/chapter-18/18.17.6--aborting-productions-break-and-return_2.sv:13:57: error: expected statement
      second : { if(return_on == 1) return; x = x + 10; };
                                                        ^
../../src/github/sv-tests/tests/chapter-18/18.17.6--aborting-productions-break-and-return_2.sv:14:17: error: assignment expressions must be parenthesized
      third : { x = x + 5;};
                ^~~~~~~~~
../../src/github/sv-tests/tests/chapter-18/18.17.6--aborting-productions-break-and-return_2.sv:14:26: error: expected &#39;,&#39;
      third : { x = x + 5;};
                         ^
../../src/github/sv-tests/tests/chapter-18/18.17.6--aborting-productions-break-and-return_2.sv:14:27: error: expected statement
      third : { x = x + 5;};
                          ^
../../src/github/sv-tests/tests/chapter-18/18.17.6--aborting-productions-break-and-return_2.sv:14:29: error: expected &#39;endfunction&#39;
      third : { x = x + 5;};
                            ^
../../src/github/sv-tests/tests/chapter-18/18.17.6--aborting-productions-break-and-return_2.sv:7:1: note: to match this &#39;function&#39;
function int F();
^
../../src/github/sv-tests/tests/chapter-18/18.17.6--aborting-productions-break-and-return_2.sv:16:13: error: expected declarator
    return x;
            ^
../../src/github/sv-tests/tests/chapter-18/18.17.6--aborting-productions-break-and-return_2.sv:17:1: error: expected member
endfunction
^~~~~~~~~~~
warning: no top-level modules found in design [-Wno-top]

Build failed: 20 errors, 2 warnings

</pre>
</body>