<head>
  <style>
    .log { font-family: "Courier New", Consolas, monospace; font-size: 80%; }
    .test-failed { background-color: #ffaaaa; }
    .test-passed { background-color: #aaffaa; }
  </style>
</head>
<body>
<h3><a href="https://github.com/MikePopoloski/slang" target="_blank">slang</a></h3>
<pre class="test-failed">
description: randsequence test
rc: 1 (means success: 0)
tags: 18.17
incdirs: /tmpfs/src/github/sv-tests/tests/chapter-18
top_module: 
type: parsing
mode: parsing
files: <a href="../../../tests/chapter-18/18.17--random-sequence-generation-randsequence_0.sv.html" target="file-frame">tests/chapter-18/18.17--random-sequence-generation-randsequence_0.sv</a>
defines: 
time_elapsed: 0.003s
ram usage: 9208 KB
</pre>
<pre class="log">

slang-driver --single-unit -I /tmpfs/src/github/sv-tests/tests/chapter-18 <a href="../../../tests/chapter-18/18.17--random-sequence-generation-randsequence_0.sv.html" target="file-frame">tests/chapter-18/18.17--random-sequence-generation-randsequence_0.sv</a>
../../src/github/sv-tests/tests/chapter-18/18.17--random-sequence-generation-randsequence_0.sv:9:5: error: expected statement
    randsequence( main )
    ^
../../src/github/sv-tests/tests/chapter-18/18.17--random-sequence-generation-randsequence_0.sv:9:17: error: expected statement
    randsequence( main )
                ^
../../src/github/sv-tests/tests/chapter-18/18.17--random-sequence-generation-randsequence_0.sv:10:16: error: use of undeclared identifier &#39;first&#39;
        main : first second done;
               ^~~~~
../../src/github/sv-tests/tests/chapter-18/18.17--random-sequence-generation-randsequence_0.sv:10:21: error: expected &#39;;&#39;
        main : first second done;
                    ^
../../src/github/sv-tests/tests/chapter-18/18.17--random-sequence-generation-randsequence_0.sv:10:22: error: use of undeclared identifier &#39;second&#39;
        main : first second done;
                     ^~~~~~
../../src/github/sv-tests/tests/chapter-18/18.17--random-sequence-generation-randsequence_0.sv:10:22: error: declaration must come before all statements in the block
        main : first second done;
                     ^
../../src/github/sv-tests/tests/chapter-18/18.17--random-sequence-generation-randsequence_0.sv:10:29: error: redefinition of &#39;done&#39; as different kind of symbol
        main : first second done;
                            ^
../../src/github/sv-tests/tests/chapter-18/18.17--random-sequence-generation-randsequence_0.sv:13:9: note: previous definition here
        done : { x = x + 3; };
        ^
../../src/github/sv-tests/tests/chapter-18/18.17--random-sequence-generation-randsequence_0.sv:11:19: error: assignment expressions must be parenthesized
        first : { x = x + 1; };
                  ^~~~~~~~~
../../src/github/sv-tests/tests/chapter-18/18.17--random-sequence-generation-randsequence_0.sv:11:28: error: expected &#39;,&#39;
        first : { x = x + 1; };
                           ^
../../src/github/sv-tests/tests/chapter-18/18.17--random-sequence-generation-randsequence_0.sv:11:30: error: expected statement
        first : { x = x + 1; };
                             ^
../../src/github/sv-tests/tests/chapter-18/18.17--random-sequence-generation-randsequence_0.sv:12:20: error: assignment expressions must be parenthesized
        second : { x = x + 2; };
                   ^~~~~~~~~
../../src/github/sv-tests/tests/chapter-18/18.17--random-sequence-generation-randsequence_0.sv:12:29: error: expected &#39;,&#39;
        second : { x = x + 2; };
                            ^
../../src/github/sv-tests/tests/chapter-18/18.17--random-sequence-generation-randsequence_0.sv:12:31: error: expected statement
        second : { x = x + 2; };
                              ^
../../src/github/sv-tests/tests/chapter-18/18.17--random-sequence-generation-randsequence_0.sv:13:18: error: assignment expressions must be parenthesized
        done : { x = x + 3; };
                 ^~~~~~~~~
../../src/github/sv-tests/tests/chapter-18/18.17--random-sequence-generation-randsequence_0.sv:13:27: error: expected &#39;,&#39;
        done : { x = x + 3; };
                          ^
../../src/github/sv-tests/tests/chapter-18/18.17--random-sequence-generation-randsequence_0.sv:13:29: error: expected statement
        done : { x = x + 3; };
                            ^
../../src/github/sv-tests/tests/chapter-18/18.17--random-sequence-generation-randsequence_0.sv:13:31: error: expected &#39;endfunction&#39;
        done : { x = x + 3; };
                              ^
../../src/github/sv-tests/tests/chapter-18/18.17--random-sequence-generation-randsequence_0.sv:7:1: note: to match this &#39;function&#39;
function int F();
^
../../src/github/sv-tests/tests/chapter-18/18.17--random-sequence-generation-randsequence_0.sv:15:13: error: expected declarator
    return x;
            ^
../../src/github/sv-tests/tests/chapter-18/18.17--random-sequence-generation-randsequence_0.sv:16:1: error: expected member
endfunction
^~~~~~~~~~~
warning: no top-level modules found in design [-Wno-top]

Build failed: 19 errors, 1 warning

</pre>
</body>