<head>
  <style>
    .log { font-family: "Courier New", Consolas, monospace; font-size: 80%; }
    .test-failed { background-color: #ffaaaa; }
    .test-passed { background-color: #aaffaa; }
  </style>
</head>
<body>
<h3><a href="https://github.com/MikePopoloski/slang" target="_blank">slang</a></h3>
<pre class="test-failed">
description: randcase if-else test
rc: 1 (means success: 0)
tags: 18.17.2
incdirs: /tmpfs/src/github/sv-tests/tests/chapter-18
top_module: 
type: parsing
mode: parsing
files: <a href="../../../tests/chapter-18/18.17.2--if-else-production-statements_0.sv.html" target="file-frame">tests/chapter-18/18.17.2--if-else-production-statements_0.sv</a>
defines: 
time_elapsed: 0.002s
ram usage: 9000 KB
</pre>
<pre class="log">

slang-driver --single-unit -I /tmpfs/src/github/sv-tests/tests/chapter-18 <a href="../../../tests/chapter-18/18.17.2--if-else-production-statements_0.sv.html" target="file-frame">tests/chapter-18/18.17.2--if-else-production-statements_0.sv</a>
../../src/github/sv-tests/tests/chapter-18/18.17.2--if-else-production-statements_0.sv:9:5: error: expected statement
    randsequence( main )
    ^
../../src/github/sv-tests/tests/chapter-18/18.17.2--if-else-production-statements_0.sv:9:17: error: expected statement
    randsequence( main )
                ^
../../src/github/sv-tests/tests/chapter-18/18.17.2--if-else-production-statements_0.sv:10:14: error: use of undeclared identifier &#39;first&#39;
      main : first;
             ^~~~~
../../src/github/sv-tests/tests/chapter-18/18.17.2--if-else-production-statements_0.sv:11:17: error: expected expression
      first : { if(switch ) x = 10; else x = 5; };
                ^
../../src/github/sv-tests/tests/chapter-18/18.17.2--if-else-production-statements_0.sv:11:28: error: expected &#39;,&#39;
      first : { if(switch ) x = 10; else x = 5; };
                           ^
../../src/github/sv-tests/tests/chapter-18/18.17.2--if-else-production-statements_0.sv:11:35: error: expected &#39;}&#39;
      first : { if(switch ) x = 10; else x = 5; };
                                  ^
../../src/github/sv-tests/tests/chapter-18/18.17.2--if-else-production-statements_0.sv:11:15: note: to match this &#39;{&#39;
      first : { if(switch ) x = 10; else x = 5; };
              ^
../../src/github/sv-tests/tests/chapter-18/18.17.2--if-else-production-statements_0.sv:11:37: error: expected statement
      first : { if(switch ) x = 10; else x = 5; };
                                    ^~~~
../../src/github/sv-tests/tests/chapter-18/18.17.2--if-else-production-statements_0.sv:11:49: error: expected statement
      first : { if(switch ) x = 10; else x = 5; };
                                                ^
../../src/github/sv-tests/tests/chapter-18/18.17.2--if-else-production-statements_0.sv:11:51: error: expected &#39;endfunction&#39;
      first : { if(switch ) x = 10; else x = 5; };
                                                  ^
../../src/github/sv-tests/tests/chapter-18/18.17.2--if-else-production-statements_0.sv:7:1: note: to match this &#39;function&#39;
function int F();
^
../../src/github/sv-tests/tests/chapter-18/18.17.2--if-else-production-statements_0.sv:13:13: error: expected declarator
    return x;
            ^
../../src/github/sv-tests/tests/chapter-18/18.17.2--if-else-production-statements_0.sv:14:1: error: expected member
endfunction
^~~~~~~~~~~
warning: no top-level modules found in design [-Wno-top]

Build failed: 11 errors, 1 warning

</pre>
</body>