<head>
  <style>
    .log { font-family: "Courier New", Consolas, monospace; font-size: 80%; }
    .test-failed { background-color: #ffaaaa; }
    .test-passed { background-color: #aaffaa; }
  </style>
</head>
<body>
<h3><a href="https://github.com/MikePopoloski/slang" target="_blank">slang</a></h3>
<pre class="test-failed">
description: static constraint blocks test
rc: 1 (means success: 0)
tags: 18.5.11 uvm
incdirs: /tmpfs/src/github/sv-tests/third_party/tests/uvm/src /tmpfs/src/github/sv-tests/tests/chapter-18
top_module: 
type: parsing
mode: parsing
files: <a href="../../../third_party/tests/uvm/src/uvm_pkg.sv.html" target="file-frame">third_party/tests/uvm/src/uvm_pkg.sv</a> <a href="../../../tests/chapter-18/18.5.11--static-constraint-blocks_1.sv.html" target="file-frame">tests/chapter-18/18.5.11--static-constraint-blocks_1.sv</a>
defines: 
time_elapsed: 0.141s
ram usage: 42548 KB
</pre>
<pre class="log">

slang-driver --single-unit -I /tmpfs/src/github/sv-tests/third_party/tests/uvm/src -I /tmpfs/src/github/sv-tests/tests/chapter-18 <a href="../../../third_party/tests/uvm/src/uvm_pkg.sv.html" target="file-frame">third_party/tests/uvm/src/uvm_pkg.sv</a> <a href="../../../tests/chapter-18/18.5.11--static-constraint-blocks_1.sv.html" target="file-frame">tests/chapter-18/18.5.11--static-constraint-blocks_1.sv</a>
Top level design units:
    top

../../src/github/sv-tests/tests/chapter-18/18.5.11--static-constraint-blocks_1.sv:11:5: error: language feature not yet supported
    rand int b;
    ^~~~
../../src/github/sv-tests/tests/chapter-18/18.5.11--static-constraint-blocks_1.sv:13:5: error: language feature not yet supported
    static constraint c1 { b == 5; }
    ^~~~~~~~~~~~~~~~~~~~~~~~~~~~~~~~
../../src/github/sv-tests/tests/chapter-18/18.5.11--static-constraint-blocks_1.sv:14:5: error: language feature not yet supported
    static constraint c2 { b == 2; }
    ^~~~~~~~~~~~~~~~~~~~~~~~~~~~~~~~
../../src/github/sv-tests/tests/chapter-18/18.5.11--static-constraint-blocks_1.sv:23:3: error: expected member
  obj1.c1.constraint_mode(0);
  ^~~~
in file included from ../../src/github/sv-tests/third_party/tests/uvm/src/uvm_pkg.sv:30:
in file included from ../../src/github/sv-tests/third_party/tests/uvm/src/dpi/uvm_dpi.svh:40:
../../src/github/sv-tests/third_party/tests/uvm/src/dpi/uvm_hdl.svh:66:3: error: language feature not yet supported
  import &#34;DPI-C&#34; context function int uvm_hdl_check_path(string path);
  ^~~~~~~~~~~~~~~~~~~~~~~~~~~~~~~~~~~~~~~~~~~~~~~~~~~~~~~~~~~~~~~~~~~~
../../src/github/sv-tests/third_party/tests/uvm/src/dpi/uvm_hdl.svh:74:3: error: language feature not yet supported
  import &#34;DPI-C&#34; context function int uvm_hdl_deposit(string path, uvm_hdl_data_t value);
  ^~~~~~~~~~~~~~~~~~~~~~~~~~~~~~~~~~~~~~~~~~~~~~~~~~~~~~~~~~~~~~~~~~~~~~~~~~~~~~~~~~~~~~~
../../src/github/sv-tests/third_party/tests/uvm/src/dpi/uvm_hdl.svh:81:3: error: language feature not yet supported
  import &#34;DPI-C&#34; context function int uvm_hdl_force(string path, uvm_hdl_data_t value);
  ^~~~~~~~~~~~~~~~~~~~~~~~~~~~~~~~~~~~~~~~~~~~~~~~~~~~~~~~~~~~~~~~~~~~~~~~~~~~~~~~~~~~~
../../src/github/sv-tests/third_party/tests/uvm/src/dpi/uvm_hdl.svh:92:13: error: use of undeclared identifier &#39;uvm_hdl_deposit&#39;
      void&#39;(uvm_hdl_deposit(path, value));
            ^~~~~~~~~~~~~~~
../../src/github/sv-tests/third_party/tests/uvm/src/dpi/uvm_hdl.svh:95:10: error: use of undeclared identifier &#39;uvm_hdl_force&#39;
    if (!uvm_hdl_force(path, value))
         ^~~~~~~~~~~~~
../../src/github/sv-tests/third_party/tests/uvm/src/dpi/uvm_hdl.svh:98:11: error: use of undeclared identifier &#39;uvm_hdl_release_and_read&#39;
    void&#39;(uvm_hdl_release_and_read(path, value));
          ^~~~~~~~~~~~~~~~~~~~~~~~
../../src/github/sv-tests/third_party/tests/uvm/src/dpi/uvm_hdl.svh:112:3: error: language feature not yet supported
  import &#34;DPI-C&#34; context function int uvm_hdl_release_and_read(string path, inout uvm_hdl_data_t value);
  ^~~~~~~~~~~~~~~~~~~~~~~~~~~~~~~~~~~~~~~~~~~~~~~~~~~~~~~~~~~~~~~~~~~~~~~~~~~~~~~~~~~~~~~~~~~~~~~~~~~~~~
../../src/github/sv-tests/third_party/tests/uvm/src/dpi/uvm_hdl.svh:120:3: error: language feature not yet supported
  import &#34;DPI-C&#34; context function int uvm_hdl_release(string path);
  ^~~~~~~~~~~~~~~~~~~~~~~~~~~~~~~~~~~~~~~~~~~~~~~~~~~~~~~~~~~~~~~~~
../../src/github/sv-tests/third_party/tests/uvm/src/dpi/uvm_hdl.svh:128:3: error: language feature not yet supported
  import &#34;DPI-C&#34; context function int uvm_hdl_read(string path, output uvm_hdl_data_t value);
  ^~~~~~~~~~~~~~~~~~~~~~~~~~~~~~~~~~~~~~~~~~~~~~~~~~~~~~~~~~~~~~~~~~~~~~~~~~~~~~~~~~~~~~~~~~~
in file included from ../../src/github/sv-tests/third_party/tests/uvm/src/uvm_pkg.sv:30:
in file included from ../../src/github/sv-tests/third_party/tests/uvm/src/dpi/uvm_dpi.svh:41:
../../src/github/sv-tests/third_party/tests/uvm/src/dpi/uvm_svcmd_dpi.svh:27:1: error: language feature not yet supported
import &#34;DPI-C&#34; function string uvm_dpi_get_next_arg_c (int init);
^~~~~~~~~~~~~~~~~~~~~~~~~~~~~~~~~~~~~~~~~~~~~~~~~~~~~~~~~~~~~~~~~
../../src/github/sv-tests/third_party/tests/uvm/src/dpi/uvm_svcmd_dpi.svh:28:1: error: language feature not yet supported
import &#34;DPI-C&#34; function string uvm_dpi_get_tool_name_c ();
^~~~~~~~~~~~~~~~~~~~~~~~~~~~~~~~~~~~~~~~~~~~~~~~~~~~~~~~~~
../../src/github/sv-tests/third_party/tests/uvm/src/dpi/uvm_svcmd_dpi.svh:29:1: error: language feature not yet supported
import &#34;DPI-C&#34; function string uvm_dpi_get_tool_version_c ();
^~~~~~~~~~~~~~~~~~~~~~~~~~~~~~~~~~~~~~~~~~~~~~~~~~~~~~~~~~~~~
../../src/github/sv-tests/third_party/tests/uvm/src/dpi/uvm_svcmd_dpi.svh:32:10: error: use of undeclared identifier &#39;uvm_dpi_get_next_arg_c&#39;; did you mean &#39;uvm_dpi_get_next_arg&#39;?
  return uvm_dpi_get_next_arg_c(init);
         ^~~~~~~~~~~~~~~~~~~~~~
../../src/github/sv-tests/third_party/tests/uvm/src/dpi/uvm_svcmd_dpi.svh:31:17: note: declared here
function string uvm_dpi_get_next_arg(int init=0);
                ^
../../src/github/sv-tests/third_party/tests/uvm/src/dpi/uvm_svcmd_dpi.svh:36:10: error: use of undeclared identifier &#39;uvm_dpi_get_tool_name_c&#39;; did you mean &#39;uvm_dpi_get_tool_name&#39;?
  return uvm_dpi_get_tool_name_c();
         ^~~~~~~~~~~~~~~~~~~~~~~
../../src/github/sv-tests/third_party/tests/uvm/src/dpi/uvm_svcmd_dpi.svh:35:17: note: declared here
function string uvm_dpi_get_tool_name();
                ^
../../src/github/sv-tests/third_party/tests/uvm/src/dpi/uvm_svcmd_dpi.svh:40:10: error: use of undeclared identifier &#39;uvm_dpi_get_tool_version_c&#39;; did you mean &#39;uvm_dpi_get_tool_version&#39;?
  return uvm_dpi_get_tool_version_c();
         ^~~~~~~~~~~~~~~~~~~~~~~~~~
../../src/github/sv-tests/third_party/tests/uvm/src/dpi/uvm_svcmd_dpi.svh:39:17: note: declared here
function string uvm_dpi_get_tool_version();
                ^
../../src/github/sv-tests/third_party/tests/uvm/src/dpi/uvm_svcmd_dpi.svh:43:1: error: language feature not yet supported
import &#34;DPI-C&#34; function chandle uvm_dpi_regcomp(string regex);
^~~~~~~~~~~~~~~~~~~~~~~~~~~~~~~~~~~~~~~~~~~~~~~~~~~~~~~~~~~~~~
fatal error: too many errors emitted, stopping now [--error-limit=]

Build failed: 20 errors, 0 warnings

</pre>
</body>