<head>
  <style>
    .log { font-family: "Courier New", Consolas, monospace; font-size: 80%; }
    .test-failed { background-color: #ffaaaa; }
    .test-passed { background-color: #aaffaa; }
  </style>
</head>
<body>
<h3><a href="http://iverilog.icarus.com/" target="_blank">icarus</a></h3>
<pre class="test-failed">
description: Test imported from ivtest
rc: 10 (means success: 0)
tags: ivtest
incdirs: /tmpfs/src/github/sv-tests/third_party/tests/ivtest /tmpfs/src/github/sv-tests/third_party/tests/ivtest/ivltests
top_module: 
type: parsing
mode: parsing
files: <a href="../../../../third_party/tests/ivtest/ivltests/struct_packed_value_list.v.html" target="file-frame">third_party/tests/ivtest/ivltests/struct_packed_value_list.v</a>
defines: 
time_elapsed: 0.008s
ram usage: 8932 KB
</pre>
<pre class="log">

iverilog -g2012 -o iverilog.out -I/tmpfs/src/github/sv-tests/third_party/tests/ivtest -I/tmpfs/src/github/sv-tests/third_party/tests/ivtest/ivltests <a href="../../../../third_party/tests/ivtest/ivltests/struct_packed_value_list.v.html" target="file-frame">third_party/tests/ivtest/ivltests/struct_packed_value_list.v</a>
<a href="../../../../third_party/tests/ivtest/ivltests/struct_packed_value_list.v.html#l-21" target="file-frame">third_party/tests/ivtest/ivltests/struct_packed_value_list.v:21</a>: syntax error
<a href="../../../../third_party/tests/ivtest/ivltests/struct_packed_value_list.v.html#l-21" target="file-frame">third_party/tests/ivtest/ivltests/struct_packed_value_list.v:21</a>: error: syntax error in continuous assignment
<a href="../../../../third_party/tests/ivtest/ivltests/struct_packed_value_list.v.html#l-22" target="file-frame">third_party/tests/ivtest/ivltests/struct_packed_value_list.v:22</a>: syntax error
<a href="../../../../third_party/tests/ivtest/ivltests/struct_packed_value_list.v.html#l-22" target="file-frame">third_party/tests/ivtest/ivltests/struct_packed_value_list.v:22</a>: error: syntax error in continuous assignment
<a href="../../../../third_party/tests/ivtest/ivltests/struct_packed_value_list.v.html#l-23" target="file-frame">third_party/tests/ivtest/ivltests/struct_packed_value_list.v:23</a>: syntax error
<a href="../../../../third_party/tests/ivtest/ivltests/struct_packed_value_list.v.html#l-23" target="file-frame">third_party/tests/ivtest/ivltests/struct_packed_value_list.v:23</a>: error: syntax error in continuous assignment
<a href="../../../../third_party/tests/ivtest/ivltests/struct_packed_value_list.v.html#l-24" target="file-frame">third_party/tests/ivtest/ivltests/struct_packed_value_list.v:24</a>: syntax error
<a href="../../../../third_party/tests/ivtest/ivltests/struct_packed_value_list.v.html#l-24" target="file-frame">third_party/tests/ivtest/ivltests/struct_packed_value_list.v:24</a>: error: syntax error in continuous assignment
<a href="../../../../third_party/tests/ivtest/ivltests/struct_packed_value_list.v.html#l-25" target="file-frame">third_party/tests/ivtest/ivltests/struct_packed_value_list.v:25</a>: syntax error
<a href="../../../../third_party/tests/ivtest/ivltests/struct_packed_value_list.v.html#l-25" target="file-frame">third_party/tests/ivtest/ivltests/struct_packed_value_list.v:25</a>: error: syntax error in continuous assignment

</pre>
</body>