<head>
  <style>
    .log { font-family: "Courier New", Consolas, monospace; font-size: 80%; }
    .test-failed { background-color: #ffaaaa; }
    .test-passed { background-color: #aaffaa; }
  </style>
</head>
<body>
<h3><a href="http://iverilog.icarus.com/" target="_blank">icarus</a></h3>
<pre class="test-failed">
description: Test imported from ivtest
rc: 10 (means success: 0)
tags: ivtest
incdirs: /tmpfs/src/github/sv-tests/third_party/tests/ivtest /tmpfs/src/github/sv-tests/third_party/tests/ivtest/ivltests
top_module: 
type: parsing
mode: parsing
files: <a href="../../../../third_party/tests/ivtest/ivltests/vams_abs1.v.html" target="file-frame">third_party/tests/ivtest/ivltests/vams_abs1.v</a>
defines: 
time_elapsed: 0.008s
ram usage: 9168 KB
</pre>
<pre class="log">

iverilog -g2012 -o iverilog.out -I/tmpfs/src/github/sv-tests/third_party/tests/ivtest -I/tmpfs/src/github/sv-tests/third_party/tests/ivtest/ivltests <a href="../../../../third_party/tests/ivtest/ivltests/vams_abs1.v.html" target="file-frame">third_party/tests/ivtest/ivltests/vams_abs1.v</a>
<a href="../../../../third_party/tests/ivtest/ivltests/vams_abs1.v.html#l-29" target="file-frame">third_party/tests/ivtest/ivltests/vams_abs1.v:29</a>: error: No function named `abs&#39; found in this context (main).
<a href="../../../../third_party/tests/ivtest/ivltests/vams_abs1.v.html#l-29" target="file-frame">third_party/tests/ivtest/ivltests/vams_abs1.v:29</a>: error: Unable to elaborate condition expression.
<a href="../../../../third_party/tests/ivtest/ivltests/vams_abs1.v.html#l-34" target="file-frame">third_party/tests/ivtest/ivltests/vams_abs1.v:34</a>: error: No function named `abs&#39; found in this context (main).
<a href="../../../../third_party/tests/ivtest/ivltests/vams_abs1.v.html#l-34" target="file-frame">third_party/tests/ivtest/ivltests/vams_abs1.v:34</a>: error: Unable to elaborate condition expression.
<a href="../../../../third_party/tests/ivtest/ivltests/vams_abs1.v.html#l-39" target="file-frame">third_party/tests/ivtest/ivltests/vams_abs1.v:39</a>: error: No function named `abs&#39; found in this context (main).
<a href="../../../../third_party/tests/ivtest/ivltests/vams_abs1.v.html#l-39" target="file-frame">third_party/tests/ivtest/ivltests/vams_abs1.v:39</a>: error: Unable to elaborate condition expression.
<a href="../../../../third_party/tests/ivtest/ivltests/vams_abs1.v.html#l-44" target="file-frame">third_party/tests/ivtest/ivltests/vams_abs1.v:44</a>: error: No function named `abs&#39; found in this context (main).
<a href="../../../../third_party/tests/ivtest/ivltests/vams_abs1.v.html#l-44" target="file-frame">third_party/tests/ivtest/ivltests/vams_abs1.v:44</a>: error: Unable to elaborate condition expression.
<a href="../../../../third_party/tests/ivtest/ivltests/vams_abs1.v.html#l-49" target="file-frame">third_party/tests/ivtest/ivltests/vams_abs1.v:49</a>: error: No function named `abs&#39; found in this context (main).
<a href="../../../../third_party/tests/ivtest/ivltests/vams_abs1.v.html#l-49" target="file-frame">third_party/tests/ivtest/ivltests/vams_abs1.v:49</a>: error: Unable to elaborate condition expression.
10 error(s) during elaboration.

</pre>
</body>