<head>
  <style>
    .log { font-family: "Courier New", Consolas, monospace; font-size: 80%; }
    .test-failed { background-color: #ffaaaa; }
    .test-passed { background-color: #aaffaa; }
  </style>
</head>
<body>
<h3><a href="https://github.com/tree-sitter/tree-sitter-verilog" target="_blank">tree-sitter-verilog</a></h3>
<pre class="test-failed">
description: Test support of associative arrays methods (last)
rc: 1 (means success: 0)
tags: 7.9.5 7.9
incdirs: /tmpfs/src/github/sv-tests/tests/chapter-7/arrays/associative/methods
top_module: 
type: simulation parsing
mode: parsing
files: <a href="../../../../../../tests/chapter-7/arrays/associative/methods/last.sv.html" target="file-frame">tests/chapter-7/arrays/associative/methods/last.sv</a>
defines: 
time_elapsed: 0.104s
ram usage: 22312 KB
</pre>
<pre class="log">

<a href="../../../../../../tests/chapter-7/arrays/associative/methods/last.sv.html#l-15" target="file-frame">tests/chapter-7/arrays/associative/methods/last.sv:15</a>:4: error: node type: ERROR
<a href="../../../../../../tests/chapter-7/arrays/associative/methods/last.sv.html#l-15" target="file-frame">tests/chapter-7/arrays/associative/methods/last.sv:15</a>:21: error: node type: ERROR
<a href="../../../../../../tests/chapter-7/arrays/associative/methods/last.sv.html#l-21" target="file-frame">tests/chapter-7/arrays/associative/methods/last.sv:21</a>:25: error: node type: ERROR
<a href="../../../../../../tests/chapter-7/arrays/associative/methods/last.sv.html#l-21" target="file-frame">tests/chapter-7/arrays/associative/methods/last.sv:21</a>:47: error: node type: ERROR

</pre>
</body>