<head>
  <style>
    .log { font-family: "Courier New", Consolas, monospace; font-size: 80%; }
    .test-failed { background-color: #ffaaaa; }
    .test-passed { background-color: #aaffaa; }
  </style>
</head>
<body>
<h3><a href="https://github.com/tree-sitter/tree-sitter-verilog" target="_blank">tree-sitter-verilog</a></h3>
<pre class="test-failed">
description: Test support of associative arrays methods (num)
rc: 1 (means success: 0)
tags: 7.9.1 7.9
incdirs: /tmpfs/src/github/sv-tests/tests/chapter-7/arrays/associative/methods
top_module: 
type: simulation parsing
mode: parsing
files: <a href="../../../../../../tests/chapter-7/arrays/associative/methods/num.sv.html" target="file-frame">tests/chapter-7/arrays/associative/methods/num.sv</a>
defines: 
time_elapsed: 0.120s
ram usage: 22344 KB
</pre>
<pre class="log">

<a href="../../../../../../tests/chapter-7/arrays/associative/methods/num.sv.html#l-11" target="file-frame">tests/chapter-7/arrays/associative/methods/num.sv:11</a>:23: error: node type: ERROR
<a href="../../../../../../tests/chapter-7/arrays/associative/methods/num.sv.html#l-11" target="file-frame">tests/chapter-7/arrays/associative/methods/num.sv:11</a>:27: error: node type: ERROR
<a href="../../../../../../tests/chapter-7/arrays/associative/methods/num.sv.html#l-13" target="file-frame">tests/chapter-7/arrays/associative/methods/num.sv:13</a>:23: error: node type: ERROR
<a href="../../../../../../tests/chapter-7/arrays/associative/methods/num.sv.html#l-13" target="file-frame">tests/chapter-7/arrays/associative/methods/num.sv:13</a>:27: error: node type: ERROR
<a href="../../../../../../tests/chapter-7/arrays/associative/methods/num.sv.html#l-15" target="file-frame">tests/chapter-7/arrays/associative/methods/num.sv:15</a>:23: error: node type: ERROR
<a href="../../../../../../tests/chapter-7/arrays/associative/methods/num.sv.html#l-15" target="file-frame">tests/chapter-7/arrays/associative/methods/num.sv:15</a>:27: error: node type: ERROR
<a href="../../../../../../tests/chapter-7/arrays/associative/methods/num.sv.html#l-17" target="file-frame">tests/chapter-7/arrays/associative/methods/num.sv:17</a>:23: error: node type: ERROR
<a href="../../../../../../tests/chapter-7/arrays/associative/methods/num.sv.html#l-17" target="file-frame">tests/chapter-7/arrays/associative/methods/num.sv:17</a>:27: error: node type: ERROR

</pre>
</body>