<head>
  <style>
    .log { font-family: "Courier New", Consolas, monospace; font-size: 80%; }
    .test-failed { background-color: #ffaaaa; }
    .test-passed { background-color: #aaffaa; }
  </style>
</head>
<body>
<h3><a href="https://github.com/tree-sitter/tree-sitter-verilog" target="_blank">tree-sitter-verilog</a></h3>
<pre class="test-failed">
description: Test imported from ivtest
rc: 1 (means success: 0)
tags: ivtest
incdirs: /tmpfs/src/github/sv-tests/third_party/tests/ivtest /tmpfs/src/github/sv-tests/third_party/tests/ivtest/ivltests
top_module: 
type: parsing
mode: parsing
files: <a href="../../../../third_party/tests/ivtest/ivltests/always3.1.6C.v.html" target="file-frame">third_party/tests/ivtest/ivltests/always3.1.6C.v</a>
defines: 
time_elapsed: 0.094s
ram usage: 22220 KB
</pre>
<pre class="log">

<a href="../../../../third_party/tests/ivtest/ivltests/always3.1.6C.v.html#l-34" target="file-frame">third_party/tests/ivtest/ivltests/always3.1.6C.v:34</a>:38: error: node type: ERROR
<a href="../../../../third_party/tests/ivtest/ivltests/always3.1.6C.v.html#l-34" target="file-frame">third_party/tests/ivtest/ivltests/always3.1.6C.v:34</a>:55: error: node type: =
<a href="../../../../third_party/tests/ivtest/ivltests/always3.1.6C.v.html#l-37" target="file-frame">third_party/tests/ivtest/ivltests/always3.1.6C.v:37</a>:26: error: node type: ERROR
<a href="../../../../third_party/tests/ivtest/ivltests/always3.1.6C.v.html#l-37" target="file-frame">third_party/tests/ivtest/ivltests/always3.1.6C.v:37</a>:43: error: node type: ERROR
<a href="../../../../third_party/tests/ivtest/ivltests/always3.1.6C.v.html#l-37" target="file-frame">third_party/tests/ivtest/ivltests/always3.1.6C.v:37</a>:56: error: node type: ERROR
<a href="../../../../third_party/tests/ivtest/ivltests/always3.1.6C.v.html#l-37" target="file-frame">third_party/tests/ivtest/ivltests/always3.1.6C.v:37</a>:62: error: node type: ERROR
<a href="../../../../third_party/tests/ivtest/ivltests/always3.1.6C.v.html#l-44" target="file-frame">third_party/tests/ivtest/ivltests/always3.1.6C.v:44</a>:30: error: node type: ERROR
<a href="../../../../third_party/tests/ivtest/ivltests/always3.1.6C.v.html#l-44" target="file-frame">third_party/tests/ivtest/ivltests/always3.1.6C.v:44</a>:52: error: node type: ERROR
<a href="../../../../third_party/tests/ivtest/ivltests/always3.1.6C.v.html#l-44" target="file-frame">third_party/tests/ivtest/ivltests/always3.1.6C.v:44</a>:54: error: node type: ERROR
<a href="../../../../third_party/tests/ivtest/ivltests/always3.1.6C.v.html#l-47" target="file-frame">third_party/tests/ivtest/ivltests/always3.1.6C.v:47</a>:43: error: node type: ERROR
<a href="../../../../third_party/tests/ivtest/ivltests/always3.1.6C.v.html#l-47" target="file-frame">third_party/tests/ivtest/ivltests/always3.1.6C.v:47</a>:56: error: node type: ERROR
<a href="../../../../third_party/tests/ivtest/ivltests/always3.1.6C.v.html#l-47" target="file-frame">third_party/tests/ivtest/ivltests/always3.1.6C.v:47</a>:63: error: node type: ERROR
<a href="../../../../third_party/tests/ivtest/ivltests/always3.1.6C.v.html#l-54" target="file-frame">third_party/tests/ivtest/ivltests/always3.1.6C.v:54</a>:30: error: node type: ERROR
<a href="../../../../third_party/tests/ivtest/ivltests/always3.1.6C.v.html#l-54" target="file-frame">third_party/tests/ivtest/ivltests/always3.1.6C.v:54</a>:52: error: node type: ERROR
<a href="../../../../third_party/tests/ivtest/ivltests/always3.1.6C.v.html#l-54" target="file-frame">third_party/tests/ivtest/ivltests/always3.1.6C.v:54</a>:54: error: node type: ERROR
<a href="../../../../third_party/tests/ivtest/ivltests/always3.1.6C.v.html#l-57" target="file-frame">third_party/tests/ivtest/ivltests/always3.1.6C.v:57</a>:43: error: node type: ERROR
<a href="../../../../third_party/tests/ivtest/ivltests/always3.1.6C.v.html#l-57" target="file-frame">third_party/tests/ivtest/ivltests/always3.1.6C.v:57</a>:56: error: node type: ERROR
<a href="../../../../third_party/tests/ivtest/ivltests/always3.1.6C.v.html#l-57" target="file-frame">third_party/tests/ivtest/ivltests/always3.1.6C.v:57</a>:62: error: node type: ERROR
<a href="../../../../third_party/tests/ivtest/ivltests/always3.1.6C.v.html#l-69" target="file-frame">third_party/tests/ivtest/ivltests/always3.1.6C.v:69</a>:52: error: node type: ERROR
<a href="../../../../third_party/tests/ivtest/ivltests/always3.1.6C.v.html#l-74" target="file-frame">third_party/tests/ivtest/ivltests/always3.1.6C.v:74</a>:57: error: node type: ERROR
<a href="../../../../third_party/tests/ivtest/ivltests/always3.1.6C.v.html#l-92" target="file-frame">third_party/tests/ivtest/ivltests/always3.1.6C.v:92</a>:46: error: node type: ERROR
<a href="../../../../third_party/tests/ivtest/ivltests/always3.1.6C.v.html#l-95" target="file-frame">third_party/tests/ivtest/ivltests/always3.1.6C.v:95</a>:42: error: node type: ERROR

</pre>
</body>