<head>
  <style>
    .log { font-family: "Courier New", Consolas, monospace; font-size: 80%; }
    .test-failed { background-color: #ffaaaa; }
    .test-passed { background-color: #aaffaa; }
  </style>
</head>
<body>
<h3><a href="https://github.com/tree-sitter/tree-sitter-verilog" target="_blank">tree-sitter-verilog</a></h3>
<pre class="test-failed">
description: Test imported from ivtest
rc: 1 (means success: 0)
tags: ivtest
incdirs: /tmpfs/src/github/sv-tests/third_party/tests/ivtest /tmpfs/src/github/sv-tests/third_party/tests/ivtest/ivltests
top_module: 
type: parsing
mode: parsing
files: <a href="../../../../third_party/tests/ivtest/ivltests/array_packed_sysfunct.v.html" target="file-frame">third_party/tests/ivtest/ivltests/array_packed_sysfunct.v</a>
defines: 
time_elapsed: 0.101s
ram usage: 30892 KB
</pre>
<pre class="log">

<a href="../../../../third_party/tests/ivtest/ivltests/array_packed_sysfunct.v.html#l-30" target="file-frame">third_party/tests/ivtest/ivltests/array_packed_sysfunct.v:30</a>:10: error: node type: ERROR
<a href="../../../../third_party/tests/ivtest/ivltests/array_packed_sysfunct.v.html#l-31" target="file-frame">third_party/tests/ivtest/ivltests/array_packed_sysfunct.v:31</a>:113: error: node type: ERROR
<a href="../../../../third_party/tests/ivtest/ivltests/array_packed_sysfunct.v.html#l-32" target="file-frame">third_party/tests/ivtest/ivltests/array_packed_sysfunct.v:32</a>:11: error: node type: ERROR
<a href="../../../../third_party/tests/ivtest/ivltests/array_packed_sysfunct.v.html#l-33" target="file-frame">third_party/tests/ivtest/ivltests/array_packed_sysfunct.v:33</a>:144: error: node type: ERROR
<a href="../../../../third_party/tests/ivtest/ivltests/array_packed_sysfunct.v.html#l-34" target="file-frame">third_party/tests/ivtest/ivltests/array_packed_sysfunct.v:34</a>:144: error: node type: ERROR
<a href="../../../../third_party/tests/ivtest/ivltests/array_packed_sysfunct.v.html#l-35" target="file-frame">third_party/tests/ivtest/ivltests/array_packed_sysfunct.v:35</a>:144: error: node type: ERROR
<a href="../../../../third_party/tests/ivtest/ivltests/array_packed_sysfunct.v.html#l-36" target="file-frame">third_party/tests/ivtest/ivltests/array_packed_sysfunct.v:36</a>:144: error: node type: ERROR
<a href="../../../../third_party/tests/ivtest/ivltests/array_packed_sysfunct.v.html#l-37" target="file-frame">third_party/tests/ivtest/ivltests/array_packed_sysfunct.v:37</a>:144: error: node type: ERROR
<a href="../../../../third_party/tests/ivtest/ivltests/array_packed_sysfunct.v.html#l-38" target="file-frame">third_party/tests/ivtest/ivltests/array_packed_sysfunct.v:38</a>:144: error: node type: ERROR
<a href="../../../../third_party/tests/ivtest/ivltests/array_packed_sysfunct.v.html#l-41" target="file-frame">third_party/tests/ivtest/ivltests/array_packed_sysfunct.v:41</a>:6: error: node type: ERROR
<a href="../../../../third_party/tests/ivtest/ivltests/array_packed_sysfunct.v.html#l-41" target="file-frame">third_party/tests/ivtest/ivltests/array_packed_sysfunct.v:41</a>:127: error: node type: ERROR
<a href="../../../../third_party/tests/ivtest/ivltests/array_packed_sysfunct.v.html#l-42" target="file-frame">third_party/tests/ivtest/ivltests/array_packed_sysfunct.v:42</a>:127: error: node type: ERROR
<a href="../../../../third_party/tests/ivtest/ivltests/array_packed_sysfunct.v.html#l-43" target="file-frame">third_party/tests/ivtest/ivltests/array_packed_sysfunct.v:43</a>:11: error: node type: ERROR
<a href="../../../../third_party/tests/ivtest/ivltests/array_packed_sysfunct.v.html#l-44" target="file-frame">third_party/tests/ivtest/ivltests/array_packed_sysfunct.v:44</a>:144: error: node type: ERROR
<a href="../../../../third_party/tests/ivtest/ivltests/array_packed_sysfunct.v.html#l-45" target="file-frame">third_party/tests/ivtest/ivltests/array_packed_sysfunct.v:45</a>:144: error: node type: ERROR
<a href="../../../../third_party/tests/ivtest/ivltests/array_packed_sysfunct.v.html#l-46" target="file-frame">third_party/tests/ivtest/ivltests/array_packed_sysfunct.v:46</a>:144: error: node type: ERROR
<a href="../../../../third_party/tests/ivtest/ivltests/array_packed_sysfunct.v.html#l-47" target="file-frame">third_party/tests/ivtest/ivltests/array_packed_sysfunct.v:47</a>:144: error: node type: ERROR
<a href="../../../../third_party/tests/ivtest/ivltests/array_packed_sysfunct.v.html#l-48" target="file-frame">third_party/tests/ivtest/ivltests/array_packed_sysfunct.v:48</a>:144: error: node type: ERROR
<a href="../../../../third_party/tests/ivtest/ivltests/array_packed_sysfunct.v.html#l-49" target="file-frame">third_party/tests/ivtest/ivltests/array_packed_sysfunct.v:49</a>:144: error: node type: ERROR
<a href="../../../../third_party/tests/ivtest/ivltests/array_packed_sysfunct.v.html#l-52" target="file-frame">third_party/tests/ivtest/ivltests/array_packed_sysfunct.v:52</a>:6: error: node type: ERROR
<a href="../../../../third_party/tests/ivtest/ivltests/array_packed_sysfunct.v.html#l-52" target="file-frame">third_party/tests/ivtest/ivltests/array_packed_sysfunct.v:52</a>:119: error: node type: ERROR
<a href="../../../../third_party/tests/ivtest/ivltests/array_packed_sysfunct.v.html#l-53" target="file-frame">third_party/tests/ivtest/ivltests/array_packed_sysfunct.v:53</a>:119: error: node type: ERROR
<a href="../../../../third_party/tests/ivtest/ivltests/array_packed_sysfunct.v.html#l-54" target="file-frame">third_party/tests/ivtest/ivltests/array_packed_sysfunct.v:54</a>:11: error: node type: ERROR
<a href="../../../../third_party/tests/ivtest/ivltests/array_packed_sysfunct.v.html#l-55" target="file-frame">third_party/tests/ivtest/ivltests/array_packed_sysfunct.v:55</a>:144: error: node type: ERROR
<a href="../../../../third_party/tests/ivtest/ivltests/array_packed_sysfunct.v.html#l-56" target="file-frame">third_party/tests/ivtest/ivltests/array_packed_sysfunct.v:56</a>:144: error: node type: ERROR
<a href="../../../../third_party/tests/ivtest/ivltests/array_packed_sysfunct.v.html#l-57" target="file-frame">third_party/tests/ivtest/ivltests/array_packed_sysfunct.v:57</a>:144: error: node type: ERROR
<a href="../../../../third_party/tests/ivtest/ivltests/array_packed_sysfunct.v.html#l-58" target="file-frame">third_party/tests/ivtest/ivltests/array_packed_sysfunct.v:58</a>:144: error: node type: ERROR
<a href="../../../../third_party/tests/ivtest/ivltests/array_packed_sysfunct.v.html#l-59" target="file-frame">third_party/tests/ivtest/ivltests/array_packed_sysfunct.v:59</a>:144: error: node type: ERROR
<a href="../../../../third_party/tests/ivtest/ivltests/array_packed_sysfunct.v.html#l-60" target="file-frame">third_party/tests/ivtest/ivltests/array_packed_sysfunct.v:60</a>:144: error: node type: ERROR
<a href="../../../../third_party/tests/ivtest/ivltests/array_packed_sysfunct.v.html#l-66" target="file-frame">third_party/tests/ivtest/ivltests/array_packed_sysfunct.v:66</a>:6: error: node type: ERROR
<a href="../../../../third_party/tests/ivtest/ivltests/array_packed_sysfunct.v.html#l-66" target="file-frame">third_party/tests/ivtest/ivltests/array_packed_sysfunct.v:66</a>:113: error: node type: ERROR
<a href="../../../../third_party/tests/ivtest/ivltests/array_packed_sysfunct.v.html#l-67" target="file-frame">third_party/tests/ivtest/ivltests/array_packed_sysfunct.v:67</a>:113: error: node type: ERROR
<a href="../../../../third_party/tests/ivtest/ivltests/array_packed_sysfunct.v.html#l-68" target="file-frame">third_party/tests/ivtest/ivltests/array_packed_sysfunct.v:68</a>:11: error: node type: ERROR
<a href="../../../../third_party/tests/ivtest/ivltests/array_packed_sysfunct.v.html#l-69" target="file-frame">third_party/tests/ivtest/ivltests/array_packed_sysfunct.v:69</a>:144: error: node type: ERROR
<a href="../../../../third_party/tests/ivtest/ivltests/array_packed_sysfunct.v.html#l-70" target="file-frame">third_party/tests/ivtest/ivltests/array_packed_sysfunct.v:70</a>:144: error: node type: ERROR
<a href="../../../../third_party/tests/ivtest/ivltests/array_packed_sysfunct.v.html#l-71" target="file-frame">third_party/tests/ivtest/ivltests/array_packed_sysfunct.v:71</a>:144: error: node type: ERROR
<a href="../../../../third_party/tests/ivtest/ivltests/array_packed_sysfunct.v.html#l-72" target="file-frame">third_party/tests/ivtest/ivltests/array_packed_sysfunct.v:72</a>:144: error: node type: ERROR
<a href="../../../../third_party/tests/ivtest/ivltests/array_packed_sysfunct.v.html#l-73" target="file-frame">third_party/tests/ivtest/ivltests/array_packed_sysfunct.v:73</a>:144: error: node type: ERROR
<a href="../../../../third_party/tests/ivtest/ivltests/array_packed_sysfunct.v.html#l-74" target="file-frame">third_party/tests/ivtest/ivltests/array_packed_sysfunct.v:74</a>:144: error: node type: ERROR
<a href="../../../../third_party/tests/ivtest/ivltests/array_packed_sysfunct.v.html#l-77" target="file-frame">third_party/tests/ivtest/ivltests/array_packed_sysfunct.v:77</a>:6: error: node type: ERROR
<a href="../../../../third_party/tests/ivtest/ivltests/array_packed_sysfunct.v.html#l-77" target="file-frame">third_party/tests/ivtest/ivltests/array_packed_sysfunct.v:77</a>:127: error: node type: ERROR
<a href="../../../../third_party/tests/ivtest/ivltests/array_packed_sysfunct.v.html#l-78" target="file-frame">third_party/tests/ivtest/ivltests/array_packed_sysfunct.v:78</a>:127: error: node type: ERROR
<a href="../../../../third_party/tests/ivtest/ivltests/array_packed_sysfunct.v.html#l-79" target="file-frame">third_party/tests/ivtest/ivltests/array_packed_sysfunct.v:79</a>:11: error: node type: ERROR
<a href="../../../../third_party/tests/ivtest/ivltests/array_packed_sysfunct.v.html#l-80" target="file-frame">third_party/tests/ivtest/ivltests/array_packed_sysfunct.v:80</a>:144: error: node type: ERROR
<a href="../../../../third_party/tests/ivtest/ivltests/array_packed_sysfunct.v.html#l-81" target="file-frame">third_party/tests/ivtest/ivltests/array_packed_sysfunct.v:81</a>:144: error: node type: ERROR
<a href="../../../../third_party/tests/ivtest/ivltests/array_packed_sysfunct.v.html#l-82" target="file-frame">third_party/tests/ivtest/ivltests/array_packed_sysfunct.v:82</a>:144: error: node type: ERROR
<a href="../../../../third_party/tests/ivtest/ivltests/array_packed_sysfunct.v.html#l-83" target="file-frame">third_party/tests/ivtest/ivltests/array_packed_sysfunct.v:83</a>:144: error: node type: ERROR
<a href="../../../../third_party/tests/ivtest/ivltests/array_packed_sysfunct.v.html#l-84" target="file-frame">third_party/tests/ivtest/ivltests/array_packed_sysfunct.v:84</a>:144: error: node type: ERROR
<a href="../../../../third_party/tests/ivtest/ivltests/array_packed_sysfunct.v.html#l-85" target="file-frame">third_party/tests/ivtest/ivltests/array_packed_sysfunct.v:85</a>:144: error: node type: ERROR
<a href="../../../../third_party/tests/ivtest/ivltests/array_packed_sysfunct.v.html#l-88" target="file-frame">third_party/tests/ivtest/ivltests/array_packed_sysfunct.v:88</a>:6: error: node type: ERROR
<a href="../../../../third_party/tests/ivtest/ivltests/array_packed_sysfunct.v.html#l-88" target="file-frame">third_party/tests/ivtest/ivltests/array_packed_sysfunct.v:88</a>:113: error: node type: ERROR
<a href="../../../../third_party/tests/ivtest/ivltests/array_packed_sysfunct.v.html#l-89" target="file-frame">third_party/tests/ivtest/ivltests/array_packed_sysfunct.v:89</a>:113: error: node type: ERROR
<a href="../../../../third_party/tests/ivtest/ivltests/array_packed_sysfunct.v.html#l-90" target="file-frame">third_party/tests/ivtest/ivltests/array_packed_sysfunct.v:90</a>:11: error: node type: ERROR
<a href="../../../../third_party/tests/ivtest/ivltests/array_packed_sysfunct.v.html#l-91" target="file-frame">third_party/tests/ivtest/ivltests/array_packed_sysfunct.v:91</a>:144: error: node type: ERROR
<a href="../../../../third_party/tests/ivtest/ivltests/array_packed_sysfunct.v.html#l-92" target="file-frame">third_party/tests/ivtest/ivltests/array_packed_sysfunct.v:92</a>:144: error: node type: ERROR
<a href="../../../../third_party/tests/ivtest/ivltests/array_packed_sysfunct.v.html#l-93" target="file-frame">third_party/tests/ivtest/ivltests/array_packed_sysfunct.v:93</a>:144: error: node type: ERROR
<a href="../../../../third_party/tests/ivtest/ivltests/array_packed_sysfunct.v.html#l-94" target="file-frame">third_party/tests/ivtest/ivltests/array_packed_sysfunct.v:94</a>:144: error: node type: ERROR
<a href="../../../../third_party/tests/ivtest/ivltests/array_packed_sysfunct.v.html#l-95" target="file-frame">third_party/tests/ivtest/ivltests/array_packed_sysfunct.v:95</a>:144: error: node type: ERROR
<a href="../../../../third_party/tests/ivtest/ivltests/array_packed_sysfunct.v.html#l-96" target="file-frame">third_party/tests/ivtest/ivltests/array_packed_sysfunct.v:96</a>:144: error: node type: ERROR
<a href="../../../../third_party/tests/ivtest/ivltests/array_packed_sysfunct.v.html#l-99" target="file-frame">third_party/tests/ivtest/ivltests/array_packed_sysfunct.v:99</a>:34: error: node type: ERROR

</pre>
</body>