<head>
  <style>
    .log { font-family: "Courier New", Consolas, monospace; font-size: 80%; }
    .test-failed { background-color: #ffaaaa; }
    .test-passed { background-color: #aaffaa; }
  </style>
</head>
<body>
<h3><a href="https://github.com/tree-sitter/tree-sitter-verilog" target="_blank">tree-sitter-verilog</a></h3>
<pre class="test-failed">
description: Test imported from ivtest
rc: 1 (means success: 0)
tags: ivtest
incdirs: /tmpfs/src/github/sv-tests/third_party/tests/ivtest /tmpfs/src/github/sv-tests/third_party/tests/ivtest/ivltests
top_module: 
type: parsing
mode: parsing
files: <a href="../../../../third_party/tests/ivtest/ivltests/array_select.v.html" target="file-frame">third_party/tests/ivtest/ivltests/array_select.v</a>
defines: 
time_elapsed: 0.100s
ram usage: 20656 KB
</pre>
<pre class="log">

<a href="../../../../third_party/tests/ivtest/ivltests/array_select.v.html#l-23" target="file-frame">third_party/tests/ivtest/ivltests/array_select.v:23</a>:8: error: node type: ERROR
<a href="../../../../third_party/tests/ivtest/ivltests/array_select.v.html#l-30" target="file-frame">third_party/tests/ivtest/ivltests/array_select.v:30</a>:8: error: node type: ERROR
<a href="../../../../third_party/tests/ivtest/ivltests/array_select.v.html#l-32" target="file-frame">third_party/tests/ivtest/ivltests/array_select.v:32</a>:11: error: node type: ERROR
<a href="../../../../third_party/tests/ivtest/ivltests/array_select.v.html#l-36" target="file-frame">third_party/tests/ivtest/ivltests/array_select.v:36</a>:4: error: node type: ERROR
<a href="../../../../third_party/tests/ivtest/ivltests/array_select.v.html#l-39" target="file-frame">third_party/tests/ivtest/ivltests/array_select.v:39</a>:11: error: node type: ERROR
<a href="../../../../third_party/tests/ivtest/ivltests/array_select.v.html#l-43" target="file-frame">third_party/tests/ivtest/ivltests/array_select.v:43</a>:4: error: node type: ERROR
<a href="../../../../third_party/tests/ivtest/ivltests/array_select.v.html#l-46" target="file-frame">third_party/tests/ivtest/ivltests/array_select.v:46</a>:11: error: node type: ERROR
<a href="../../../../third_party/tests/ivtest/ivltests/array_select.v.html#l-50" target="file-frame">third_party/tests/ivtest/ivltests/array_select.v:50</a>:4: error: node type: ERROR
<a href="../../../../third_party/tests/ivtest/ivltests/array_select.v.html#l-50" target="file-frame">third_party/tests/ivtest/ivltests/array_select.v:50</a>:19: error: node type: ERROR
<a href="../../../../third_party/tests/ivtest/ivltests/array_select.v.html#l-53" target="file-frame">third_party/tests/ivtest/ivltests/array_select.v:53</a>:11: error: node type: ERROR
<a href="../../../../third_party/tests/ivtest/ivltests/array_select.v.html#l-56" target="file-frame">third_party/tests/ivtest/ivltests/array_select.v:56</a>:8: error: node type: ERROR
<a href="../../../../third_party/tests/ivtest/ivltests/array_select.v.html#l-59" target="file-frame">third_party/tests/ivtest/ivltests/array_select.v:59</a>:11: error: node type: ERROR
<a href="../../../../third_party/tests/ivtest/ivltests/array_select.v.html#l-62" target="file-frame">third_party/tests/ivtest/ivltests/array_select.v:62</a>:9: error: node type: ERROR
<a href="../../../../third_party/tests/ivtest/ivltests/array_select.v.html#l-63" target="file-frame">third_party/tests/ivtest/ivltests/array_select.v:63</a>:13: error: node type: ERROR
<a href="../../../../third_party/tests/ivtest/ivltests/array_select.v.html#l-66" target="file-frame">third_party/tests/ivtest/ivltests/array_select.v:66</a>:11: error: node type: ERROR
<a href="../../../../third_party/tests/ivtest/ivltests/array_select.v.html#l-71" target="file-frame">third_party/tests/ivtest/ivltests/array_select.v:71</a>:9: error: node type: ERROR
<a href="../../../../third_party/tests/ivtest/ivltests/array_select.v.html#l-71" target="file-frame">third_party/tests/ivtest/ivltests/array_select.v:71</a>:12: error: node type: ERROR
<a href="../../../../third_party/tests/ivtest/ivltests/array_select.v.html#l-73" target="file-frame">third_party/tests/ivtest/ivltests/array_select.v:73</a>:9: error: node type: ERROR
<a href="../../../../third_party/tests/ivtest/ivltests/array_select.v.html#l-73" target="file-frame">third_party/tests/ivtest/ivltests/array_select.v:73</a>:12: error: node type: ERROR
<a href="../../../../third_party/tests/ivtest/ivltests/array_select.v.html#l-75" target="file-frame">third_party/tests/ivtest/ivltests/array_select.v:75</a>:16: error: node type: ERROR
<a href="../../../../third_party/tests/ivtest/ivltests/array_select.v.html#l-77" target="file-frame">third_party/tests/ivtest/ivltests/array_select.v:77</a>:11: error: node type: ERROR
<a href="../../../../third_party/tests/ivtest/ivltests/array_select.v.html#l-81" target="file-frame">third_party/tests/ivtest/ivltests/array_select.v:81</a>:8: error: node type: ERROR
<a href="../../../../third_party/tests/ivtest/ivltests/array_select.v.html#l-84" target="file-frame">third_party/tests/ivtest/ivltests/array_select.v:84</a>:11: error: node type: ERROR

</pre>
</body>