<head>
  <style>
    .log { font-family: "Courier New", Consolas, monospace; font-size: 80%; }
    .test-failed { background-color: #ffaaaa; }
    .test-passed { background-color: #aaffaa; }
  </style>
</head>
<body>
<h3><a href="https://github.com/tree-sitter/tree-sitter-verilog" target="_blank">tree-sitter-verilog</a></h3>
<pre class="test-failed">
description: Test imported from ivtest
rc: 1 (means success: 0)
tags: ivtest
incdirs: /tmpfs/src/github/sv-tests/third_party/tests/ivtest /tmpfs/src/github/sv-tests/third_party/tests/ivtest/ivltests
top_module: 
type: parsing
mode: parsing
files: <a href="../../../../third_party/tests/ivtest/ivltests/array_lval_select1.v.html" target="file-frame">third_party/tests/ivtest/ivltests/array_lval_select1.v</a>
defines: 
time_elapsed: 0.107s
ram usage: 28456 KB
</pre>
<pre class="log">

<a href="../../../../third_party/tests/ivtest/ivltests/array_lval_select1.v.html#l-22" target="file-frame">third_party/tests/ivtest/ivltests/array_lval_select1.v:22</a>:34: error: node type: ERROR
<a href="../../../../third_party/tests/ivtest/ivltests/array_lval_select1.v.html#l-28" target="file-frame">third_party/tests/ivtest/ivltests/array_lval_select1.v:28</a>:34: error: node type: ERROR
<a href="../../../../third_party/tests/ivtest/ivltests/array_lval_select1.v.html#l-34" target="file-frame">third_party/tests/ivtest/ivltests/array_lval_select1.v:34</a>:34: error: node type: ERROR
<a href="../../../../third_party/tests/ivtest/ivltests/array_lval_select1.v.html#l-41" target="file-frame">third_party/tests/ivtest/ivltests/array_lval_select1.v:41</a>:34: error: node type: ERROR
<a href="../../../../third_party/tests/ivtest/ivltests/array_lval_select1.v.html#l-48" target="file-frame">third_party/tests/ivtest/ivltests/array_lval_select1.v:48</a>:34: error: node type: ERROR
<a href="../../../../third_party/tests/ivtest/ivltests/array_lval_select1.v.html#l-55" target="file-frame">third_party/tests/ivtest/ivltests/array_lval_select1.v:55</a>:34: error: node type: ERROR
<a href="../../../../third_party/tests/ivtest/ivltests/array_lval_select1.v.html#l-56" target="file-frame">third_party/tests/ivtest/ivltests/array_lval_select1.v:56</a>:63: error: node type: end
<a href="../../../../third_party/tests/ivtest/ivltests/array_lval_select1.v.html#l-62" target="file-frame">third_party/tests/ivtest/ivltests/array_lval_select1.v:62</a>:2: error: node type: ERROR
<a href="../../../../third_party/tests/ivtest/ivltests/array_lval_select1.v.html#l-62" target="file-frame">third_party/tests/ivtest/ivltests/array_lval_select1.v:62</a>:19: error: node type: simple_identifier
<a href="../../../../third_party/tests/ivtest/ivltests/array_lval_select1.v.html#l-62" target="file-frame">third_party/tests/ivtest/ivltests/array_lval_select1.v:62</a>:22: error: node type: ERROR
<a href="../../../../third_party/tests/ivtest/ivltests/array_lval_select1.v.html#l-62" target="file-frame">third_party/tests/ivtest/ivltests/array_lval_select1.v:62</a>:25: error: node type: ERROR
<a href="../../../../third_party/tests/ivtest/ivltests/array_lval_select1.v.html#l-68" target="file-frame">third_party/tests/ivtest/ivltests/array_lval_select1.v:68</a>:18: error: node type: ERROR
<a href="../../../../third_party/tests/ivtest/ivltests/array_lval_select1.v.html#l-68" target="file-frame">third_party/tests/ivtest/ivltests/array_lval_select1.v:68</a>:22: error: node type: ERROR
<a href="../../../../third_party/tests/ivtest/ivltests/array_lval_select1.v.html#l-68" target="file-frame">third_party/tests/ivtest/ivltests/array_lval_select1.v:68</a>:25: error: node type: ERROR
<a href="../../../../third_party/tests/ivtest/ivltests/array_lval_select1.v.html#l-74" target="file-frame">third_party/tests/ivtest/ivltests/array_lval_select1.v:74</a>:18: error: node type: ERROR
<a href="../../../../third_party/tests/ivtest/ivltests/array_lval_select1.v.html#l-74" target="file-frame">third_party/tests/ivtest/ivltests/array_lval_select1.v:74</a>:22: error: node type: ERROR
<a href="../../../../third_party/tests/ivtest/ivltests/array_lval_select1.v.html#l-74" target="file-frame">third_party/tests/ivtest/ivltests/array_lval_select1.v:74</a>:25: error: node type: ERROR
<a href="../../../../third_party/tests/ivtest/ivltests/array_lval_select1.v.html#l-81" target="file-frame">third_party/tests/ivtest/ivltests/array_lval_select1.v:81</a>:18: error: node type: ERROR
<a href="../../../../third_party/tests/ivtest/ivltests/array_lval_select1.v.html#l-81" target="file-frame">third_party/tests/ivtest/ivltests/array_lval_select1.v:81</a>:22: error: node type: ERROR
<a href="../../../../third_party/tests/ivtest/ivltests/array_lval_select1.v.html#l-81" target="file-frame">third_party/tests/ivtest/ivltests/array_lval_select1.v:81</a>:25: error: node type: ERROR
<a href="../../../../third_party/tests/ivtest/ivltests/array_lval_select1.v.html#l-88" target="file-frame">third_party/tests/ivtest/ivltests/array_lval_select1.v:88</a>:18: error: node type: ERROR
<a href="../../../../third_party/tests/ivtest/ivltests/array_lval_select1.v.html#l-88" target="file-frame">third_party/tests/ivtest/ivltests/array_lval_select1.v:88</a>:22: error: node type: ERROR
<a href="../../../../third_party/tests/ivtest/ivltests/array_lval_select1.v.html#l-88" target="file-frame">third_party/tests/ivtest/ivltests/array_lval_select1.v:88</a>:25: error: node type: ERROR
<a href="../../../../third_party/tests/ivtest/ivltests/array_lval_select1.v.html#l-95" target="file-frame">third_party/tests/ivtest/ivltests/array_lval_select1.v:95</a>:18: error: node type: ERROR
<a href="../../../../third_party/tests/ivtest/ivltests/array_lval_select1.v.html#l-95" target="file-frame">third_party/tests/ivtest/ivltests/array_lval_select1.v:95</a>:21: error: node type: ERROR
<a href="../../../../third_party/tests/ivtest/ivltests/array_lval_select1.v.html#l-95" target="file-frame">third_party/tests/ivtest/ivltests/array_lval_select1.v:95</a>:25: error: node type: ERROR

</pre>
</body>