<head>
  <style>
    .log { font-family: "Courier New", Consolas, monospace; font-size: 80%; }
    .test-failed { background-color: #ffaaaa; }
    .test-passed { background-color: #aaffaa; }
  </style>
</head>
<body>
<h3><a href="https://github.com/tree-sitter/tree-sitter-verilog" target="_blank">tree-sitter-verilog</a></h3>
<pre class="test-failed">
description: Test imported from ivtest
rc: 1 (means success: 0)
tags: ivtest
incdirs: /tmpfs/src/github/sv-tests/third_party/tests/ivtest /tmpfs/src/github/sv-tests/third_party/tests/ivtest/ivltests
top_module: 
type: parsing
mode: parsing
files: <a href="../../../../third_party/tests/ivtest/ivltests/array_select_a.v.html" target="file-frame">third_party/tests/ivtest/ivltests/array_select_a.v</a>
defines: 
time_elapsed: 0.091s
ram usage: 31852 KB
</pre>
<pre class="log">

<a href="../../../../third_party/tests/ivtest/ivltests/array_select_a.v.html#l-18" target="file-frame">third_party/tests/ivtest/ivltests/array_select_a.v:18</a>:16: error: node type: ERROR
<a href="../../../../third_party/tests/ivtest/ivltests/array_select_a.v.html#l-18" target="file-frame">third_party/tests/ivtest/ivltests/array_select_a.v:18</a>:22: error: node type: ERROR
<a href="../../../../third_party/tests/ivtest/ivltests/array_select_a.v.html#l-19" target="file-frame">third_party/tests/ivtest/ivltests/array_select_a.v:19</a>:8: error: node type: ERROR
<a href="../../../../third_party/tests/ivtest/ivltests/array_select_a.v.html#l-23" target="file-frame">third_party/tests/ivtest/ivltests/array_select_a.v:23</a>:4: error: node type: ERROR
<a href="../../../../third_party/tests/ivtest/ivltests/array_select_a.v.html#l-23" target="file-frame">third_party/tests/ivtest/ivltests/array_select_a.v:23</a>:16: error: node type: ERROR
<a href="../../../../third_party/tests/ivtest/ivltests/array_select_a.v.html#l-23" target="file-frame">third_party/tests/ivtest/ivltests/array_select_a.v:23</a>:38: error: node type: ERROR
<a href="../../../../third_party/tests/ivtest/ivltests/array_select_a.v.html#l-26" target="file-frame">third_party/tests/ivtest/ivltests/array_select_a.v:26</a>:11: error: node type: ERROR
<a href="../../../../third_party/tests/ivtest/ivltests/array_select_a.v.html#l-41" target="file-frame">third_party/tests/ivtest/ivltests/array_select_a.v:41</a>:11: error: node type: ERROR
<a href="../../../../third_party/tests/ivtest/ivltests/array_select_a.v.html#l-45" target="file-frame">third_party/tests/ivtest/ivltests/array_select_a.v:45</a>:11: error: node type: ERROR
<a href="../../../../third_party/tests/ivtest/ivltests/array_select_a.v.html#l-49" target="file-frame">third_party/tests/ivtest/ivltests/array_select_a.v:49</a>:10: error: node type: ERROR
<a href="../../../../third_party/tests/ivtest/ivltests/array_select_a.v.html#l-58" target="file-frame">third_party/tests/ivtest/ivltests/array_select_a.v:58</a>:11: error: node type: ERROR
<a href="../../../../third_party/tests/ivtest/ivltests/array_select_a.v.html#l-73" target="file-frame">third_party/tests/ivtest/ivltests/array_select_a.v:73</a>:11: error: node type: ERROR
<a href="../../../../third_party/tests/ivtest/ivltests/array_select_a.v.html#l-77" target="file-frame">third_party/tests/ivtest/ivltests/array_select_a.v:77</a>:11: error: node type: ERROR
<a href="../../../../third_party/tests/ivtest/ivltests/array_select_a.v.html#l-81" target="file-frame">third_party/tests/ivtest/ivltests/array_select_a.v:81</a>:10: error: node type: ERROR
<a href="../../../../third_party/tests/ivtest/ivltests/array_select_a.v.html#l-90" target="file-frame">third_party/tests/ivtest/ivltests/array_select_a.v:90</a>:11: error: node type: ERROR
<a href="../../../../third_party/tests/ivtest/ivltests/array_select_a.v.html#l-105" target="file-frame">third_party/tests/ivtest/ivltests/array_select_a.v:105</a>:11: error: node type: ERROR
<a href="../../../../third_party/tests/ivtest/ivltests/array_select_a.v.html#l-109" target="file-frame">third_party/tests/ivtest/ivltests/array_select_a.v:109</a>:11: error: node type: ERROR
<a href="../../../../third_party/tests/ivtest/ivltests/array_select_a.v.html#l-122" target="file-frame">third_party/tests/ivtest/ivltests/array_select_a.v:122</a>:11: error: node type: ERROR
<a href="../../../../third_party/tests/ivtest/ivltests/array_select_a.v.html#l-137" target="file-frame">third_party/tests/ivtest/ivltests/array_select_a.v:137</a>:11: error: node type: ERROR
<a href="../../../../third_party/tests/ivtest/ivltests/array_select_a.v.html#l-141" target="file-frame">third_party/tests/ivtest/ivltests/array_select_a.v:141</a>:11: error: node type: ERROR

</pre>
</body>