<head>
  <style>
    .log { font-family: "Courier New", Consolas, monospace; font-size: 80%; }
    .test-failed { background-color: #ffaaaa; }
    .test-passed { background-color: #aaffaa; }
  </style>
</head>
<body>
<h3><a href="https://github.com/tree-sitter/tree-sitter-verilog" target="_blank">tree-sitter-verilog</a></h3>
<pre class="test-failed">
description: Test imported from ivtest
rc: 1 (means success: 0)
tags: ivtest
incdirs: /tmpfs/src/github/sv-tests/third_party/tests/ivtest /tmpfs/src/github/sv-tests/third_party/tests/ivtest/ivltests
top_module: 
type: parsing
mode: parsing
files: <a href="../../../../third_party/tests/ivtest/ivltests/br948.v.html" target="file-frame">third_party/tests/ivtest/ivltests/br948.v</a>
defines: 
time_elapsed: 0.104s
ram usage: 22448 KB
</pre>
<pre class="log">

<a href="../../../../third_party/tests/ivtest/ivltests/br948.v.html#l-21" target="file-frame">third_party/tests/ivtest/ivltests/br948.v:21</a>:6: error: node type: ERROR
<a href="../../../../third_party/tests/ivtest/ivltests/br948.v.html#l-21" target="file-frame">third_party/tests/ivtest/ivltests/br948.v:21</a>:38: error: node type: simple_identifier
<a href="../../../../third_party/tests/ivtest/ivltests/br948.v.html#l-21" target="file-frame">third_party/tests/ivtest/ivltests/br948.v:21</a>:40: error: node type: ERROR
<a href="../../../../third_party/tests/ivtest/ivltests/br948.v.html#l-21" target="file-frame">third_party/tests/ivtest/ivltests/br948.v:21</a>:54: error: node type: ERROR
<a href="../../../../third_party/tests/ivtest/ivltests/br948.v.html#l-33" target="file-frame">third_party/tests/ivtest/ivltests/br948.v:33</a>:16: error: node type: ERROR
<a href="../../../../third_party/tests/ivtest/ivltests/br948.v.html#l-33" target="file-frame">third_party/tests/ivtest/ivltests/br948.v:33</a>:31: error: node type: ERROR
<a href="../../../../third_party/tests/ivtest/ivltests/br948.v.html#l-38" target="file-frame">third_party/tests/ivtest/ivltests/br948.v:38</a>:28: error: node type: ERROR
<a href="../../../../third_party/tests/ivtest/ivltests/br948.v.html#l-45" target="file-frame">third_party/tests/ivtest/ivltests/br948.v:45</a>:31: error: node type: ERROR
<a href="../../../../third_party/tests/ivtest/ivltests/br948.v.html#l-50" target="file-frame">third_party/tests/ivtest/ivltests/br948.v:50</a>:28: error: node type: ERROR
<a href="../../../../third_party/tests/ivtest/ivltests/br948.v.html#l-57" target="file-frame">third_party/tests/ivtest/ivltests/br948.v:57</a>:31: error: node type: ERROR
<a href="../../../../third_party/tests/ivtest/ivltests/br948.v.html#l-62" target="file-frame">third_party/tests/ivtest/ivltests/br948.v:62</a>:28: error: node type: ERROR

</pre>
</body>