<head>
  <style>
    .log { font-family: "Courier New", Consolas, monospace; font-size: 80%; }
    .test-failed { background-color: #ffaaaa; }
    .test-passed { background-color: #aaffaa; }
  </style>
</head>
<body>
<h3><a href="https://github.com/tree-sitter/tree-sitter-verilog" target="_blank">tree-sitter-verilog</a></h3>
<pre class="test-failed">
description: Test imported from ivtest
rc: 1 (means success: 0)
tags: ivtest
incdirs: /tmpfs/src/github/sv-tests/third_party/tests/ivtest /tmpfs/src/github/sv-tests/third_party/tests/ivtest/ivltests
top_module: 
type: parsing
mode: parsing
files: <a href="../../../../third_party/tests/ivtest/ivltests/casesynth1.v.html" target="file-frame">third_party/tests/ivtest/ivltests/casesynth1.v</a>
defines: 
time_elapsed: 0.092s
ram usage: 29732 KB
</pre>
<pre class="log">

<a href="../../../../third_party/tests/ivtest/ivltests/casesynth1.v.html#l-57" target="file-frame">third_party/tests/ivtest/ivltests/casesynth1.v:57</a>:10: error: node type: ERROR
<a href="../../../../third_party/tests/ivtest/ivltests/casesynth1.v.html#l-65" target="file-frame">third_party/tests/ivtest/ivltests/casesynth1.v:65</a>:21: error: node type: simple_identifier
<a href="../../../../third_party/tests/ivtest/ivltests/casesynth1.v.html#l-66" target="file-frame">third_party/tests/ivtest/ivltests/casesynth1.v:66</a>:17: error: node type: simple_identifier
<a href="../../../../third_party/tests/ivtest/ivltests/casesynth1.v.html#l-69" target="file-frame">third_party/tests/ivtest/ivltests/casesynth1.v:69</a>:10: error: node type: ERROR
<a href="../../../../third_party/tests/ivtest/ivltests/casesynth1.v.html#l-78" target="file-frame">third_party/tests/ivtest/ivltests/casesynth1.v:78</a>:15: error: node type: simple_identifier
<a href="../../../../third_party/tests/ivtest/ivltests/casesynth1.v.html#l-79" target="file-frame">third_party/tests/ivtest/ivltests/casesynth1.v:79</a>:17: error: node type: simple_identifier
<a href="../../../../third_party/tests/ivtest/ivltests/casesynth1.v.html#l-82" target="file-frame">third_party/tests/ivtest/ivltests/casesynth1.v:82</a>:10: error: node type: ERROR
<a href="../../../../third_party/tests/ivtest/ivltests/casesynth1.v.html#l-87" target="file-frame">third_party/tests/ivtest/ivltests/casesynth1.v:87</a>:17: error: node type: simple_identifier
<a href="../../../../third_party/tests/ivtest/ivltests/casesynth1.v.html#l-90" target="file-frame">third_party/tests/ivtest/ivltests/casesynth1.v:90</a>:10: error: node type: ERROR
<a href="../../../../third_party/tests/ivtest/ivltests/casesynth1.v.html#l-92" target="file-frame">third_party/tests/ivtest/ivltests/casesynth1.v:92</a>:9: error: node type: ERROR
<a href="../../../../third_party/tests/ivtest/ivltests/casesynth1.v.html#l-96" target="file-frame">third_party/tests/ivtest/ivltests/casesynth1.v:96</a>:9: error: node type: ERROR
<a href="../../../../third_party/tests/ivtest/ivltests/casesynth1.v.html#l-103" target="file-frame">third_party/tests/ivtest/ivltests/casesynth1.v:103</a>:9: error: node type: ERROR
<a href="../../../../third_party/tests/ivtest/ivltests/casesynth1.v.html#l-107" target="file-frame">third_party/tests/ivtest/ivltests/casesynth1.v:107</a>:9: error: node type: ERROR
<a href="../../../../third_party/tests/ivtest/ivltests/casesynth1.v.html#l-114" target="file-frame">third_party/tests/ivtest/ivltests/casesynth1.v:114</a>:9: error: node type: ERROR
<a href="../../../../third_party/tests/ivtest/ivltests/casesynth1.v.html#l-118" target="file-frame">third_party/tests/ivtest/ivltests/casesynth1.v:118</a>:9: error: node type: ERROR
<a href="../../../../third_party/tests/ivtest/ivltests/casesynth1.v.html#l-128" target="file-frame">third_party/tests/ivtest/ivltests/casesynth1.v:128</a>:13: error: node type: ERROR
<a href="../../../../third_party/tests/ivtest/ivltests/casesynth1.v.html#l-129" target="file-frame">third_party/tests/ivtest/ivltests/casesynth1.v:129</a>:13: error: node type: ERROR
<a href="../../../../third_party/tests/ivtest/ivltests/casesynth1.v.html#l-137" target="file-frame">third_party/tests/ivtest/ivltests/casesynth1.v:137</a>:13: error: node type: ERROR

</pre>
</body>