<head>
  <style>
    .log { font-family: "Courier New", Consolas, monospace; font-size: 80%; }
    .test-failed { background-color: #ffaaaa; }
    .test-passed { background-color: #aaffaa; }
  </style>
</head>
<body>
<h3><a href="https://github.com/tree-sitter/tree-sitter-verilog" target="_blank">tree-sitter-verilog</a></h3>
<pre class="test-failed">
description: Test imported from ivtest
rc: 1 (means success: 0)
tags: ivtest
incdirs: /tmpfs/src/github/sv-tests/third_party/tests/ivtest /tmpfs/src/github/sv-tests/third_party/tests/ivtest/ivltests
top_module: 
type: parsing
mode: parsing
files: <a href="../../../../third_party/tests/ivtest/ivltests/conditsynth1.v.html" target="file-frame">third_party/tests/ivtest/ivltests/conditsynth1.v</a>
defines: 
time_elapsed: 0.092s
ram usage: 22464 KB
</pre>
<pre class="log">

<a href="../../../../third_party/tests/ivtest/ivltests/conditsynth1.v.html#l-21" target="file-frame">third_party/tests/ivtest/ivltests/conditsynth1.v:21</a>:10: error: node type: ERROR
<a href="../../../../third_party/tests/ivtest/ivltests/conditsynth1.v.html#l-23" target="file-frame">third_party/tests/ivtest/ivltests/conditsynth1.v:23</a>:13: error: node type: ERROR
<a href="../../../../third_party/tests/ivtest/ivltests/conditsynth1.v.html#l-24" target="file-frame">third_party/tests/ivtest/ivltests/conditsynth1.v:24</a>:13: error: node type: ERROR
<a href="../../../../third_party/tests/ivtest/ivltests/conditsynth1.v.html#l-26" target="file-frame">third_party/tests/ivtest/ivltests/conditsynth1.v:26</a>:13: error: node type: ERROR
<a href="../../../../third_party/tests/ivtest/ivltests/conditsynth1.v.html#l-27" target="file-frame">third_party/tests/ivtest/ivltests/conditsynth1.v:27</a>:13: error: node type: ERROR
<a href="../../../../third_party/tests/ivtest/ivltests/conditsynth1.v.html#l-35" target="file-frame">third_party/tests/ivtest/ivltests/conditsynth1.v:35</a>:11: error: node type: ERROR
<a href="../../../../third_party/tests/ivtest/ivltests/conditsynth1.v.html#l-37" target="file-frame">third_party/tests/ivtest/ivltests/conditsynth1.v:37</a>:13: error: node type: ERROR
<a href="../../../../third_party/tests/ivtest/ivltests/conditsynth1.v.html#l-38" target="file-frame">third_party/tests/ivtest/ivltests/conditsynth1.v:38</a>:13: error: node type: ERROR
<a href="../../../../third_party/tests/ivtest/ivltests/conditsynth1.v.html#l-45" target="file-frame">third_party/tests/ivtest/ivltests/conditsynth1.v:45</a>:11: error: node type: ERROR
<a href="../../../../third_party/tests/ivtest/ivltests/conditsynth1.v.html#l-47" target="file-frame">third_party/tests/ivtest/ivltests/conditsynth1.v:47</a>:13: error: node type: ERROR
<a href="../../../../third_party/tests/ivtest/ivltests/conditsynth1.v.html#l-48" target="file-frame">third_party/tests/ivtest/ivltests/conditsynth1.v:48</a>:13: error: node type: ERROR
<a href="../../../../third_party/tests/ivtest/ivltests/conditsynth1.v.html#l-56" target="file-frame">third_party/tests/ivtest/ivltests/conditsynth1.v:56</a>:13: error: node type: ERROR
<a href="../../../../third_party/tests/ivtest/ivltests/conditsynth1.v.html#l-65" target="file-frame">third_party/tests/ivtest/ivltests/conditsynth1.v:65</a>:23: error: node type: ERROR
<a href="../../../../third_party/tests/ivtest/ivltests/conditsynth1.v.html#l-66" target="file-frame">third_party/tests/ivtest/ivltests/conditsynth1.v:66</a>:3: error: node type: ERROR

</pre>
</body>