<head>
  <style>
    .log { font-family: "Courier New", Consolas, monospace; font-size: 80%; }
    .test-failed { background-color: #ffaaaa; }
    .test-passed { background-color: #aaffaa; }
  </style>
</head>
<body>
<h3><a href="https://github.com/tree-sitter/tree-sitter-verilog" target="_blank">tree-sitter-verilog</a></h3>
<pre class="test-failed">
description: Test imported from ivtest
rc: 1 (means success: 0)
tags: ivtest
incdirs: /tmpfs/src/github/sv-tests/third_party/tests/ivtest /tmpfs/src/github/sv-tests/third_party/tests/ivtest/ivltests
top_module: 
type: parsing
mode: parsing
files: <a href="../../../../third_party/tests/ivtest/ivltests/constfunc1.v.html" target="file-frame">third_party/tests/ivtest/ivltests/constfunc1.v</a>
defines: 
time_elapsed: 0.104s
ram usage: 26012 KB
</pre>
<pre class="log">

<a href="../../../../third_party/tests/ivtest/ivltests/constfunc1.v.html#l-35" target="file-frame">third_party/tests/ivtest/ivltests/constfunc1.v:35</a>:18: error: node type: ERROR
<a href="../../../../third_party/tests/ivtest/ivltests/constfunc1.v.html#l-35" target="file-frame">third_party/tests/ivtest/ivltests/constfunc1.v:35</a>:25: error: node type: =
<a href="../../../../third_party/tests/ivtest/ivltests/constfunc1.v.html#l-36" target="file-frame">third_party/tests/ivtest/ivltests/constfunc1.v:36</a>:12: error: node type: ERROR
<a href="../../../../third_party/tests/ivtest/ivltests/constfunc1.v.html#l-36" target="file-frame">third_party/tests/ivtest/ivltests/constfunc1.v:36</a>:23: error: node type: ERROR
<a href="../../../../third_party/tests/ivtest/ivltests/constfunc1.v.html#l-37" target="file-frame">third_party/tests/ivtest/ivltests/constfunc1.v:37</a>:18: error: node type: ERROR
<a href="../../../../third_party/tests/ivtest/ivltests/constfunc1.v.html#l-37" target="file-frame">third_party/tests/ivtest/ivltests/constfunc1.v:37</a>:23: error: node type: ERROR
<a href="../../../../third_party/tests/ivtest/ivltests/constfunc1.v.html#l-38" target="file-frame">third_party/tests/ivtest/ivltests/constfunc1.v:38</a>:18: error: node type: ERROR
<a href="../../../../third_party/tests/ivtest/ivltests/constfunc1.v.html#l-38" target="file-frame">third_party/tests/ivtest/ivltests/constfunc1.v:38</a>:23: error: node type: ERROR
<a href="../../../../third_party/tests/ivtest/ivltests/constfunc1.v.html#l-39" target="file-frame">third_party/tests/ivtest/ivltests/constfunc1.v:39</a>:18: error: node type: ERROR
<a href="../../../../third_party/tests/ivtest/ivltests/constfunc1.v.html#l-39" target="file-frame">third_party/tests/ivtest/ivltests/constfunc1.v:39</a>:23: error: node type: ERROR
<a href="../../../../third_party/tests/ivtest/ivltests/constfunc1.v.html#l-40" target="file-frame">third_party/tests/ivtest/ivltests/constfunc1.v:40</a>:18: error: node type: ERROR
<a href="../../../../third_party/tests/ivtest/ivltests/constfunc1.v.html#l-40" target="file-frame">third_party/tests/ivtest/ivltests/constfunc1.v:40</a>:23: error: node type: ERROR

</pre>
</body>