<head>
  <style>
    .log { font-family: "Courier New", Consolas, monospace; font-size: 80%; }
    .test-failed { background-color: #ffaaaa; }
    .test-passed { background-color: #aaffaa; }
  </style>
</head>
<body>
<h3><a href="https://github.com/tree-sitter/tree-sitter-verilog" target="_blank">tree-sitter-verilog</a></h3>
<pre class="test-failed">
description: Test imported from ivtest
rc: 1 (means success: 0)
tags: ivtest
incdirs: /tmpfs/src/github/sv-tests/third_party/tests/ivtest /tmpfs/src/github/sv-tests/third_party/tests/ivtest/ivltests
top_module: 
type: parsing
mode: parsing
files: <a href="../../../../third_party/tests/ivtest/ivltests/dffsynth.v.html" target="file-frame">third_party/tests/ivtest/ivltests/dffsynth.v</a>
defines: 
time_elapsed: 0.091s
ram usage: 25808 KB
</pre>
<pre class="log">

<a href="../../../../third_party/tests/ivtest/ivltests/dffsynth.v.html#l-20" target="file-frame">third_party/tests/ivtest/ivltests/dffsynth.v:20</a>:11: error: node type: ERROR
<a href="../../../../third_party/tests/ivtest/ivltests/dffsynth.v.html#l-21" target="file-frame">third_party/tests/ivtest/ivltests/dffsynth.v:21</a>:15: error: node type: ERROR
<a href="../../../../third_party/tests/ivtest/ivltests/dffsynth.v.html#l-22" target="file-frame">third_party/tests/ivtest/ivltests/dffsynth.v:22</a>:15: error: node type: ERROR
<a href="../../../../third_party/tests/ivtest/ivltests/dffsynth.v.html#l-23" target="file-frame">third_party/tests/ivtest/ivltests/dffsynth.v:23</a>:15: error: node type: ERROR
<a href="../../../../third_party/tests/ivtest/ivltests/dffsynth.v.html#l-24" target="file-frame">third_party/tests/ivtest/ivltests/dffsynth.v:24</a>:15: error: node type: ERROR
<a href="../../../../third_party/tests/ivtest/ivltests/dffsynth.v.html#l-31" target="file-frame">third_party/tests/ivtest/ivltests/dffsynth.v:31</a>:11: error: node type: ERROR
<a href="../../../../third_party/tests/ivtest/ivltests/dffsynth.v.html#l-32" target="file-frame">third_party/tests/ivtest/ivltests/dffsynth.v:32</a>:7: error: node type: ERROR
<a href="../../../../third_party/tests/ivtest/ivltests/dffsynth.v.html#l-39" target="file-frame">third_party/tests/ivtest/ivltests/dffsynth.v:39</a>:11: error: node type: ERROR
<a href="../../../../third_party/tests/ivtest/ivltests/dffsynth.v.html#l-40" target="file-frame">third_party/tests/ivtest/ivltests/dffsynth.v:40</a>:15: error: node type: ERROR
<a href="../../../../third_party/tests/ivtest/ivltests/dffsynth.v.html#l-41" target="file-frame">third_party/tests/ivtest/ivltests/dffsynth.v:41</a>:15: error: node type: ERROR
<a href="../../../../third_party/tests/ivtest/ivltests/dffsynth.v.html#l-48" target="file-frame">third_party/tests/ivtest/ivltests/dffsynth.v:48</a>:11: error: node type: ERROR
<a href="../../../../third_party/tests/ivtest/ivltests/dffsynth.v.html#l-49" target="file-frame">third_party/tests/ivtest/ivltests/dffsynth.v:49</a>:7: error: node type: ERROR
<a href="../../../../third_party/tests/ivtest/ivltests/dffsynth.v.html#l-59" target="file-frame">third_party/tests/ivtest/ivltests/dffsynth.v:59</a>:23: error: node type: ERROR
<a href="../../../../third_party/tests/ivtest/ivltests/dffsynth.v.html#l-60" target="file-frame">third_party/tests/ivtest/ivltests/dffsynth.v:60</a>:3: error: node type: ERROR

</pre>
</body>