<head>
  <style>
    .log { font-family: "Courier New", Consolas, monospace; font-size: 80%; }
    .test-failed { background-color: #ffaaaa; }
    .test-passed { background-color: #aaffaa; }
  </style>
</head>
<body>
<h3><a href="https://github.com/tree-sitter/tree-sitter-verilog" target="_blank">tree-sitter-verilog</a></h3>
<pre class="test-failed">
description: Test imported from ivtest
rc: 1 (means success: 0)
tags: ivtest
incdirs: /tmpfs/src/github/sv-tests/third_party/tests/ivtest /tmpfs/src/github/sv-tests/third_party/tests/ivtest/ivltests
top_module: 
type: parsing
mode: parsing
files: <a href="../../../../third_party/tests/ivtest/ivltests/disable3.6A.v.html" target="file-frame">third_party/tests/ivtest/ivltests/disable3.6A.v</a>
defines: 
time_elapsed: 0.088s
ram usage: 26572 KB
</pre>
<pre class="log">

<a href="../../../../third_party/tests/ivtest/ivltests/disable3.6A.v.html#l-45" target="file-frame">third_party/tests/ivtest/ivltests/disable3.6A.v:45</a>:7: error: node type: ERROR
<a href="../../../../third_party/tests/ivtest/ivltests/disable3.6A.v.html#l-52" target="file-frame">third_party/tests/ivtest/ivltests/disable3.6A.v:52</a>:17: error: node type: simple_identifier
<a href="../../../../third_party/tests/ivtest/ivltests/disable3.6A.v.html#l-53" target="file-frame">third_party/tests/ivtest/ivltests/disable3.6A.v:53</a>:4: error: node type: ERROR
<a href="../../../../third_party/tests/ivtest/ivltests/disable3.6A.v.html#l-60" target="file-frame">third_party/tests/ivtest/ivltests/disable3.6A.v:60</a>:10: error: node type: ERROR
<a href="../../../../third_party/tests/ivtest/ivltests/disable3.6A.v.html#l-62" target="file-frame">third_party/tests/ivtest/ivltests/disable3.6A.v:62</a>:10: error: node type: ERROR
<a href="../../../../third_party/tests/ivtest/ivltests/disable3.6A.v.html#l-64" target="file-frame">third_party/tests/ivtest/ivltests/disable3.6A.v:64</a>:14: error: node type: ERROR
<a href="../../../../third_party/tests/ivtest/ivltests/disable3.6A.v.html#l-69" target="file-frame">third_party/tests/ivtest/ivltests/disable3.6A.v:69</a>:14: error: node type: ERROR
<a href="../../../../third_party/tests/ivtest/ivltests/disable3.6A.v.html#l-73" target="file-frame">third_party/tests/ivtest/ivltests/disable3.6A.v:73</a>:25: error: node type: ERROR

</pre>
</body>