<head>
  <style>
    .log { font-family: "Courier New", Consolas, monospace; font-size: 80%; }
    .test-failed { background-color: #ffaaaa; }
    .test-passed { background-color: #aaffaa; }
  </style>
</head>
<body>
<h3><a href="https://github.com/tree-sitter/tree-sitter-verilog" target="_blank">tree-sitter-verilog</a></h3>
<pre class="test-failed">
description: Test imported from ivtest
rc: 1 (means success: 0)
tags: ivtest
incdirs: /tmpfs/src/github/sv-tests/third_party/tests/ivtest /tmpfs/src/github/sv-tests/third_party/tests/ivtest/ivltests
top_module: 
type: parsing
mode: parsing
files: <a href="../../../../third_party/tests/ivtest/ivltests/fscanf_u.v.html" target="file-frame">third_party/tests/ivtest/ivltests/fscanf_u.v</a>
defines: 
time_elapsed: 0.117s
ram usage: 31480 KB
</pre>
<pre class="log">

<a href="../../../../third_party/tests/ivtest/ivltests/fscanf_u.v.html#l-14" target="file-frame">third_party/tests/ivtest/ivltests/fscanf_u.v:14</a>:14: error: node type: ERROR
<a href="../../../../third_party/tests/ivtest/ivltests/fscanf_u.v.html#l-15" target="file-frame">third_party/tests/ivtest/ivltests/fscanf_u.v:15</a>:4: error: node type: ERROR
<a href="../../../../third_party/tests/ivtest/ivltests/fscanf_u.v.html#l-18" target="file-frame">third_party/tests/ivtest/ivltests/fscanf_u.v:18</a>:8: error: node type: ERROR
<a href="../../../../third_party/tests/ivtest/ivltests/fscanf_u.v.html#l-21" target="file-frame">third_party/tests/ivtest/ivltests/fscanf_u.v:21</a>:17: error: node type: ERROR
<a href="../../../../third_party/tests/ivtest/ivltests/fscanf_u.v.html#l-26" target="file-frame">third_party/tests/ivtest/ivltests/fscanf_u.v:26</a>:8: error: node type: ERROR
<a href="../../../../third_party/tests/ivtest/ivltests/fscanf_u.v.html#l-30" target="file-frame">third_party/tests/ivtest/ivltests/fscanf_u.v:30</a>:15: error: node type: ERROR
<a href="../../../../third_party/tests/ivtest/ivltests/fscanf_u.v.html#l-34" target="file-frame">third_party/tests/ivtest/ivltests/fscanf_u.v:34</a>:4: error: node type: ERROR
<a href="../../../../third_party/tests/ivtest/ivltests/fscanf_u.v.html#l-54" target="file-frame">third_party/tests/ivtest/ivltests/fscanf_u.v:54</a>:15: error: node type: ERROR
<a href="../../../../third_party/tests/ivtest/ivltests/fscanf_u.v.html#l-57" target="file-frame">third_party/tests/ivtest/ivltests/fscanf_u.v:57</a>:4: error: node type: ERROR
<a href="../../../../third_party/tests/ivtest/ivltests/fscanf_u.v.html#l-76" target="file-frame">third_party/tests/ivtest/ivltests/fscanf_u.v:76</a>:15: error: node type: ERROR
<a href="../../../../third_party/tests/ivtest/ivltests/fscanf_u.v.html#l-79" target="file-frame">third_party/tests/ivtest/ivltests/fscanf_u.v:79</a>:4: error: node type: ERROR
<a href="../../../../third_party/tests/ivtest/ivltests/fscanf_u.v.html#l-98" target="file-frame">third_party/tests/ivtest/ivltests/fscanf_u.v:98</a>:15: error: node type: ERROR
<a href="../../../../third_party/tests/ivtest/ivltests/fscanf_u.v.html#l-110" target="file-frame">third_party/tests/ivtest/ivltests/fscanf_u.v:110</a>:13: error: node type: ERROR
<a href="../../../../third_party/tests/ivtest/ivltests/fscanf_u.v.html#l-120" target="file-frame">third_party/tests/ivtest/ivltests/fscanf_u.v:120</a>:15: error: node type: ERROR
<a href="../../../../third_party/tests/ivtest/ivltests/fscanf_u.v.html#l-133" target="file-frame">third_party/tests/ivtest/ivltests/fscanf_u.v:133</a>:13: error: node type: ERROR
<a href="../../../../third_party/tests/ivtest/ivltests/fscanf_u.v.html#l-143" target="file-frame">third_party/tests/ivtest/ivltests/fscanf_u.v:143</a>:15: error: node type: ERROR
<a href="../../../../third_party/tests/ivtest/ivltests/fscanf_u.v.html#l-155" target="file-frame">third_party/tests/ivtest/ivltests/fscanf_u.v:155</a>:13: error: node type: ERROR
<a href="../../../../third_party/tests/ivtest/ivltests/fscanf_u.v.html#l-165" target="file-frame">third_party/tests/ivtest/ivltests/fscanf_u.v:165</a>:15: error: node type: ERROR
<a href="../../../../third_party/tests/ivtest/ivltests/fscanf_u.v.html#l-179" target="file-frame">third_party/tests/ivtest/ivltests/fscanf_u.v:179</a>:13: error: node type: ERROR
<a href="../../../../third_party/tests/ivtest/ivltests/fscanf_u.v.html#l-189" target="file-frame">third_party/tests/ivtest/ivltests/fscanf_u.v:189</a>:15: error: node type: ERROR
<a href="../../../../third_party/tests/ivtest/ivltests/fscanf_u.v.html#l-203" target="file-frame">third_party/tests/ivtest/ivltests/fscanf_u.v:203</a>:13: error: node type: ERROR
<a href="../../../../third_party/tests/ivtest/ivltests/fscanf_u.v.html#l-213" target="file-frame">third_party/tests/ivtest/ivltests/fscanf_u.v:213</a>:15: error: node type: ERROR
<a href="../../../../third_party/tests/ivtest/ivltests/fscanf_u.v.html#l-227" target="file-frame">third_party/tests/ivtest/ivltests/fscanf_u.v:227</a>:13: error: node type: ERROR

</pre>
</body>