<head>
  <style>
    .log { font-family: "Courier New", Consolas, monospace; font-size: 80%; }
    .test-failed { background-color: #ffaaaa; }
    .test-passed { background-color: #aaffaa; }
  </style>
</head>
<body>
<h3><a href="https://github.com/tree-sitter/tree-sitter-verilog" target="_blank">tree-sitter-verilog</a></h3>
<pre class="test-failed">
description: Test imported from ivtest
rc: 1 (means success: 0)
tags: ivtest
incdirs: /tmpfs/src/github/sv-tests/third_party/tests/ivtest /tmpfs/src/github/sv-tests/third_party/tests/ivtest/ivltests
top_module: 
type: parsing
mode: parsing
files: <a href="../../../../third_party/tests/ivtest/ivltests/fscanf_z.v.html" target="file-frame">third_party/tests/ivtest/ivltests/fscanf_z.v</a>
defines: 
time_elapsed: 0.117s
ram usage: 31216 KB
</pre>
<pre class="log">

<a href="../../../../third_party/tests/ivtest/ivltests/fscanf_z.v.html#l-13" target="file-frame">third_party/tests/ivtest/ivltests/fscanf_z.v:13</a>:14: error: node type: ERROR
<a href="../../../../third_party/tests/ivtest/ivltests/fscanf_z.v.html#l-14" target="file-frame">third_party/tests/ivtest/ivltests/fscanf_z.v:14</a>:4: error: node type: ERROR
<a href="../../../../third_party/tests/ivtest/ivltests/fscanf_z.v.html#l-17" target="file-frame">third_party/tests/ivtest/ivltests/fscanf_z.v:17</a>:8: error: node type: ERROR
<a href="../../../../third_party/tests/ivtest/ivltests/fscanf_z.v.html#l-20" target="file-frame">third_party/tests/ivtest/ivltests/fscanf_z.v:20</a>:17: error: node type: ERROR
<a href="../../../../third_party/tests/ivtest/ivltests/fscanf_z.v.html#l-25" target="file-frame">third_party/tests/ivtest/ivltests/fscanf_z.v:25</a>:8: error: node type: ERROR
<a href="../../../../third_party/tests/ivtest/ivltests/fscanf_z.v.html#l-29" target="file-frame">third_party/tests/ivtest/ivltests/fscanf_z.v:29</a>:15: error: node type: ERROR
<a href="../../../../third_party/tests/ivtest/ivltests/fscanf_z.v.html#l-33" target="file-frame">third_party/tests/ivtest/ivltests/fscanf_z.v:33</a>:4: error: node type: ERROR
<a href="../../../../third_party/tests/ivtest/ivltests/fscanf_z.v.html#l-51" target="file-frame">third_party/tests/ivtest/ivltests/fscanf_z.v:51</a>:15: error: node type: ERROR
<a href="../../../../third_party/tests/ivtest/ivltests/fscanf_z.v.html#l-54" target="file-frame">third_party/tests/ivtest/ivltests/fscanf_z.v:54</a>:4: error: node type: ERROR
<a href="../../../../third_party/tests/ivtest/ivltests/fscanf_z.v.html#l-71" target="file-frame">third_party/tests/ivtest/ivltests/fscanf_z.v:71</a>:15: error: node type: ERROR
<a href="../../../../third_party/tests/ivtest/ivltests/fscanf_z.v.html#l-74" target="file-frame">third_party/tests/ivtest/ivltests/fscanf_z.v:74</a>:4: error: node type: ERROR
<a href="../../../../third_party/tests/ivtest/ivltests/fscanf_z.v.html#l-91" target="file-frame">third_party/tests/ivtest/ivltests/fscanf_z.v:91</a>:15: error: node type: ERROR
<a href="../../../../third_party/tests/ivtest/ivltests/fscanf_z.v.html#l-102" target="file-frame">third_party/tests/ivtest/ivltests/fscanf_z.v:102</a>:13: error: node type: ERROR
<a href="../../../../third_party/tests/ivtest/ivltests/fscanf_z.v.html#l-112" target="file-frame">third_party/tests/ivtest/ivltests/fscanf_z.v:112</a>:15: error: node type: ERROR
<a href="../../../../third_party/tests/ivtest/ivltests/fscanf_z.v.html#l-124" target="file-frame">third_party/tests/ivtest/ivltests/fscanf_z.v:124</a>:13: error: node type: ERROR
<a href="../../../../third_party/tests/ivtest/ivltests/fscanf_z.v.html#l-134" target="file-frame">third_party/tests/ivtest/ivltests/fscanf_z.v:134</a>:15: error: node type: ERROR
<a href="../../../../third_party/tests/ivtest/ivltests/fscanf_z.v.html#l-145" target="file-frame">third_party/tests/ivtest/ivltests/fscanf_z.v:145</a>:13: error: node type: ERROR
<a href="../../../../third_party/tests/ivtest/ivltests/fscanf_z.v.html#l-155" target="file-frame">third_party/tests/ivtest/ivltests/fscanf_z.v:155</a>:15: error: node type: ERROR
<a href="../../../../third_party/tests/ivtest/ivltests/fscanf_z.v.html#l-168" target="file-frame">third_party/tests/ivtest/ivltests/fscanf_z.v:168</a>:13: error: node type: ERROR
<a href="../../../../third_party/tests/ivtest/ivltests/fscanf_z.v.html#l-178" target="file-frame">third_party/tests/ivtest/ivltests/fscanf_z.v:178</a>:15: error: node type: ERROR
<a href="../../../../third_party/tests/ivtest/ivltests/fscanf_z.v.html#l-191" target="file-frame">third_party/tests/ivtest/ivltests/fscanf_z.v:191</a>:13: error: node type: ERROR
<a href="../../../../third_party/tests/ivtest/ivltests/fscanf_z.v.html#l-201" target="file-frame">third_party/tests/ivtest/ivltests/fscanf_z.v:201</a>:15: error: node type: ERROR
<a href="../../../../third_party/tests/ivtest/ivltests/fscanf_z.v.html#l-214" target="file-frame">third_party/tests/ivtest/ivltests/fscanf_z.v:214</a>:13: error: node type: ERROR

</pre>
</body>