<head>
  <style>
    .log { font-family: "Courier New", Consolas, monospace; font-size: 80%; }
    .test-failed { background-color: #ffaaaa; }
    .test-passed { background-color: #aaffaa; }
  </style>
</head>
<body>
<h3><a href="https://github.com/tree-sitter/tree-sitter-verilog" target="_blank">tree-sitter-verilog</a></h3>
<pre class="test-failed">
description: Test imported from ivtest
rc: 1 (means success: 0)
tags: ivtest
incdirs: /tmpfs/src/github/sv-tests/third_party/tests/ivtest /tmpfs/src/github/sv-tests/third_party/tests/ivtest/ivltests
top_module: 
type: parsing
mode: parsing
files: <a href="../../../../third_party/tests/ivtest/ivltests/fscanf_u_warn.v.html" target="file-frame">third_party/tests/ivtest/ivltests/fscanf_u_warn.v</a>
defines: 
time_elapsed: 0.092s
ram usage: 31792 KB
</pre>
<pre class="log">

<a href="../../../../third_party/tests/ivtest/ivltests/fscanf_u_warn.v.html#l-12" target="file-frame">third_party/tests/ivtest/ivltests/fscanf_u_warn.v:12</a>:14: error: node type: ERROR
<a href="../../../../third_party/tests/ivtest/ivltests/fscanf_u_warn.v.html#l-13" target="file-frame">third_party/tests/ivtest/ivltests/fscanf_u_warn.v:13</a>:4: error: node type: ERROR
<a href="../../../../third_party/tests/ivtest/ivltests/fscanf_u_warn.v.html#l-16" target="file-frame">third_party/tests/ivtest/ivltests/fscanf_u_warn.v:16</a>:8: error: node type: ERROR
<a href="../../../../third_party/tests/ivtest/ivltests/fscanf_u_warn.v.html#l-20" target="file-frame">third_party/tests/ivtest/ivltests/fscanf_u_warn.v:20</a>:4: error: node type: ERROR
<a href="../../../../third_party/tests/ivtest/ivltests/fscanf_u_warn.v.html#l-20" target="file-frame">third_party/tests/ivtest/ivltests/fscanf_u_warn.v:20</a>:14: error: node type: ERROR
<a href="../../../../third_party/tests/ivtest/ivltests/fscanf_u_warn.v.html#l-25" target="file-frame">third_party/tests/ivtest/ivltests/fscanf_u_warn.v:25</a>:4: error: node type: ERROR
<a href="../../../../third_party/tests/ivtest/ivltests/fscanf_u_warn.v.html#l-25" target="file-frame">third_party/tests/ivtest/ivltests/fscanf_u_warn.v:25</a>:16: error: node type: ERROR
<a href="../../../../third_party/tests/ivtest/ivltests/fscanf_u_warn.v.html#l-25" target="file-frame">third_party/tests/ivtest/ivltests/fscanf_u_warn.v:25</a>:21: error: node type: ERROR
<a href="../../../../third_party/tests/ivtest/ivltests/fscanf_u_warn.v.html#l-25" target="file-frame">third_party/tests/ivtest/ivltests/fscanf_u_warn.v:25</a>:47: error: node type: ERROR
<a href="../../../../third_party/tests/ivtest/ivltests/fscanf_u_warn.v.html#l-26" target="file-frame">third_party/tests/ivtest/ivltests/fscanf_u_warn.v:26</a>:4: error: node type: ERROR
<a href="../../../../third_party/tests/ivtest/ivltests/fscanf_u_warn.v.html#l-26" target="file-frame">third_party/tests/ivtest/ivltests/fscanf_u_warn.v:26</a>:14: error: node type: ERROR
<a href="../../../../third_party/tests/ivtest/ivltests/fscanf_u_warn.v.html#l-29" target="file-frame">third_party/tests/ivtest/ivltests/fscanf_u_warn.v:29</a>:8: error: node type: ERROR
<a href="../../../../third_party/tests/ivtest/ivltests/fscanf_u_warn.v.html#l-33" target="file-frame">third_party/tests/ivtest/ivltests/fscanf_u_warn.v:33</a>:15: error: node type: ERROR
<a href="../../../../third_party/tests/ivtest/ivltests/fscanf_u_warn.v.html#l-36" target="file-frame">third_party/tests/ivtest/ivltests/fscanf_u_warn.v:36</a>:4: error: node type: ERROR
<a href="../../../../third_party/tests/ivtest/ivltests/fscanf_u_warn.v.html#l-46" target="file-frame">third_party/tests/ivtest/ivltests/fscanf_u_warn.v:46</a>:15: error: node type: ERROR
<a href="../../../../third_party/tests/ivtest/ivltests/fscanf_u_warn.v.html#l-49" target="file-frame">third_party/tests/ivtest/ivltests/fscanf_u_warn.v:49</a>:4: error: node type: ERROR
<a href="../../../../third_party/tests/ivtest/ivltests/fscanf_u_warn.v.html#l-59" target="file-frame">third_party/tests/ivtest/ivltests/fscanf_u_warn.v:59</a>:15: error: node type: ERROR
<a href="../../../../third_party/tests/ivtest/ivltests/fscanf_u_warn.v.html#l-62" target="file-frame">third_party/tests/ivtest/ivltests/fscanf_u_warn.v:62</a>:4: error: node type: ERROR
<a href="../../../../third_party/tests/ivtest/ivltests/fscanf_u_warn.v.html#l-72" target="file-frame">third_party/tests/ivtest/ivltests/fscanf_u_warn.v:72</a>:15: error: node type: ERROR
<a href="../../../../third_party/tests/ivtest/ivltests/fscanf_u_warn.v.html#l-84" target="file-frame">third_party/tests/ivtest/ivltests/fscanf_u_warn.v:84</a>:13: error: node type: ERROR
<a href="../../../../third_party/tests/ivtest/ivltests/fscanf_u_warn.v.html#l-88" target="file-frame">third_party/tests/ivtest/ivltests/fscanf_u_warn.v:88</a>:15: error: node type: ERROR
<a href="../../../../third_party/tests/ivtest/ivltests/fscanf_u_warn.v.html#l-100" target="file-frame">third_party/tests/ivtest/ivltests/fscanf_u_warn.v:100</a>:15: error: node type: ERROR
<a href="../../../../third_party/tests/ivtest/ivltests/fscanf_u_warn.v.html#l-108" target="file-frame">third_party/tests/ivtest/ivltests/fscanf_u_warn.v:108</a>:11: error: node type: ERROR
<a href="../../../../third_party/tests/ivtest/ivltests/fscanf_u_warn.v.html#l-112" target="file-frame">third_party/tests/ivtest/ivltests/fscanf_u_warn.v:112</a>:13: error: node type: ERROR

</pre>
</body>