<head>
  <style>
    .log { font-family: "Courier New", Consolas, monospace; font-size: 80%; }
    .test-failed { background-color: #ffaaaa; }
    .test-passed { background-color: #aaffaa; }
  </style>
</head>
<body>
<h3><a href="https://github.com/tree-sitter/tree-sitter-verilog" target="_blank">tree-sitter-verilog</a></h3>
<pre class="test-failed">
description: Test imported from ivtest
rc: 1 (means success: 0)
tags: ivtest
incdirs: /tmpfs/src/github/sv-tests/third_party/tests/ivtest /tmpfs/src/github/sv-tests/third_party/tests/ivtest/ivltests
top_module: 
type: parsing
mode: parsing
files: <a href="../../../../third_party/tests/ivtest/ivltests/func_init_var3.v.html" target="file-frame">third_party/tests/ivtest/ivltests/func_init_var3.v</a>
defines: 
time_elapsed: 0.091s
ram usage: 22228 KB
</pre>
<pre class="log">

<a href="../../../../third_party/tests/ivtest/ivltests/func_init_var3.v.html#l-24" target="file-frame">third_party/tests/ivtest/ivltests/func_init_var3.v:24</a>:2: error: node type: ERROR
<a href="../../../../third_party/tests/ivtest/ivltests/func_init_var3.v.html#l-24" target="file-frame">third_party/tests/ivtest/ivltests/func_init_var3.v:24</a>:14: error: node type: =
<a href="../../../../third_party/tests/ivtest/ivltests/func_init_var3.v.html#l-27" target="file-frame">third_party/tests/ivtest/ivltests/func_init_var3.v:27</a>:13: error: node type: ERROR
<a href="../../../../third_party/tests/ivtest/ivltests/func_init_var3.v.html#l-30" target="file-frame">third_party/tests/ivtest/ivltests/func_init_var3.v:30</a>:13: error: node type: ERROR
<a href="../../../../third_party/tests/ivtest/ivltests/func_init_var3.v.html#l-33" target="file-frame">third_party/tests/ivtest/ivltests/func_init_var3.v:33</a>:13: error: node type: ERROR
<a href="../../../../third_party/tests/ivtest/ivltests/func_init_var3.v.html#l-37" target="file-frame">third_party/tests/ivtest/ivltests/func_init_var3.v:37</a>:13: error: node type: ERROR
<a href="../../../../third_party/tests/ivtest/ivltests/func_init_var3.v.html#l-41" target="file-frame">third_party/tests/ivtest/ivltests/func_init_var3.v:41</a>:13: error: node type: ERROR
<a href="../../../../third_party/tests/ivtest/ivltests/func_init_var3.v.html#l-45" target="file-frame">third_party/tests/ivtest/ivltests/func_init_var3.v:45</a>:13: error: node type: ERROR
<a href="../../../../third_party/tests/ivtest/ivltests/func_init_var3.v.html#l-49" target="file-frame">third_party/tests/ivtest/ivltests/func_init_var3.v:49</a>:13: error: node type: ERROR

</pre>
</body>