<head>
  <style>
    .log { font-family: "Courier New", Consolas, monospace; font-size: 80%; }
    .test-failed { background-color: #ffaaaa; }
    .test-passed { background-color: #aaffaa; }
  </style>
</head>
<body>
<h3><a href="https://github.com/tree-sitter/tree-sitter-verilog" target="_blank">tree-sitter-verilog</a></h3>
<pre class="test-failed">
description: Test imported from ivtest
rc: 1 (means success: 0)
tags: ivtest
incdirs: /tmpfs/src/github/sv-tests/third_party/tests/ivtest /tmpfs/src/github/sv-tests/third_party/tests/ivtest/ivltests
top_module: 
type: parsing
mode: parsing
files: <a href="../../../../third_party/tests/ivtest/ivltests/genvar_scopes.v.html" target="file-frame">third_party/tests/ivtest/ivltests/genvar_scopes.v</a>
defines: 
time_elapsed: 0.088s
ram usage: 17952 KB
</pre>
<pre class="log">

<a href="../../../../third_party/tests/ivtest/ivltests/genvar_scopes.v.html#l-16" target="file-frame">third_party/tests/ivtest/ivltests/genvar_scopes.v:16</a>:15: error: node type: ERROR
<a href="../../../../third_party/tests/ivtest/ivltests/genvar_scopes.v.html#l-16" target="file-frame">third_party/tests/ivtest/ivltests/genvar_scopes.v:16</a>:25: error: node type: ERROR
<a href="../../../../third_party/tests/ivtest/ivltests/genvar_scopes.v.html#l-23" target="file-frame">third_party/tests/ivtest/ivltests/genvar_scopes.v:23</a>:15: error: node type: ERROR
<a href="../../../../third_party/tests/ivtest/ivltests/genvar_scopes.v.html#l-23" target="file-frame">third_party/tests/ivtest/ivltests/genvar_scopes.v:23</a>:25: error: node type: ERROR
<a href="../../../../third_party/tests/ivtest/ivltests/genvar_scopes.v.html#l-30" target="file-frame">third_party/tests/ivtest/ivltests/genvar_scopes.v:30</a>:15: error: node type: ERROR
<a href="../../../../third_party/tests/ivtest/ivltests/genvar_scopes.v.html#l-30" target="file-frame">third_party/tests/ivtest/ivltests/genvar_scopes.v:30</a>:25: error: node type: ERROR
<a href="../../../../third_party/tests/ivtest/ivltests/genvar_scopes.v.html#l-38" target="file-frame">third_party/tests/ivtest/ivltests/genvar_scopes.v:38</a>:2: error: node type: ERROR
<a href="../../../../third_party/tests/ivtest/ivltests/genvar_scopes.v.html#l-39" target="file-frame">third_party/tests/ivtest/ivltests/genvar_scopes.v:39</a>:21: error: node type: ERROR
<a href="../../../../third_party/tests/ivtest/ivltests/genvar_scopes.v.html#l-40" target="file-frame">third_party/tests/ivtest/ivltests/genvar_scopes.v:40</a>:21: error: node type: ERROR
<a href="../../../../third_party/tests/ivtest/ivltests/genvar_scopes.v.html#l-41" target="file-frame">third_party/tests/ivtest/ivltests/genvar_scopes.v:41</a>:6: error: node type: ERROR

</pre>
</body>