<head>
  <style>
    .log { font-family: "Courier New", Consolas, monospace; font-size: 80%; }
    .test-failed { background-color: #ffaaaa; }
    .test-passed { background-color: #aaffaa; }
  </style>
</head>
<body>
<h3><a href="https://github.com/tree-sitter/tree-sitter-verilog" target="_blank">tree-sitter-verilog</a></h3>
<pre class="test-failed">
description: Test imported from ivtest
rc: 1 (means success: 0)
tags: ivtest
incdirs: /tmpfs/src/github/sv-tests/third_party/tests/ivtest /tmpfs/src/github/sv-tests/third_party/tests/ivtest/ivltests
top_module: 
type: parsing
mode: parsing
files: <a href="../../../../third_party/tests/ivtest/ivltests/implicit_cast2.v.html" target="file-frame">third_party/tests/ivtest/ivltests/implicit_cast2.v</a>
defines: 
time_elapsed: 0.121s
ram usage: 23728 KB
</pre>
<pre class="log">

<a href="../../../../third_party/tests/ivtest/ivltests/implicit_cast2.v.html#l-42" target="file-frame">third_party/tests/ivtest/ivltests/implicit_cast2.v:42</a>:2: error: node type: ERROR
<a href="../../../../third_party/tests/ivtest/ivltests/implicit_cast2.v.html#l-43" target="file-frame">third_party/tests/ivtest/ivltests/implicit_cast2.v:43</a>:20: error: node type: ERROR
<a href="../../../../third_party/tests/ivtest/ivltests/implicit_cast2.v.html#l-43" target="file-frame">third_party/tests/ivtest/ivltests/implicit_cast2.v:43</a>:31: error: node type: ERROR
<a href="../../../../third_party/tests/ivtest/ivltests/implicit_cast2.v.html#l-44" target="file-frame">third_party/tests/ivtest/ivltests/implicit_cast2.v:44</a>:20: error: node type: ERROR
<a href="../../../../third_party/tests/ivtest/ivltests/implicit_cast2.v.html#l-44" target="file-frame">third_party/tests/ivtest/ivltests/implicit_cast2.v:44</a>:31: error: node type: ERROR
<a href="../../../../third_party/tests/ivtest/ivltests/implicit_cast2.v.html#l-45" target="file-frame">third_party/tests/ivtest/ivltests/implicit_cast2.v:45</a>:20: error: node type: ERROR
<a href="../../../../third_party/tests/ivtest/ivltests/implicit_cast2.v.html#l-45" target="file-frame">third_party/tests/ivtest/ivltests/implicit_cast2.v:45</a>:31: error: node type: ERROR
<a href="../../../../third_party/tests/ivtest/ivltests/implicit_cast2.v.html#l-46" target="file-frame">third_party/tests/ivtest/ivltests/implicit_cast2.v:46</a>:20: error: node type: ERROR
<a href="../../../../third_party/tests/ivtest/ivltests/implicit_cast2.v.html#l-46" target="file-frame">third_party/tests/ivtest/ivltests/implicit_cast2.v:46</a>:31: error: node type: ERROR
<a href="../../../../third_party/tests/ivtest/ivltests/implicit_cast2.v.html#l-47" target="file-frame">third_party/tests/ivtest/ivltests/implicit_cast2.v:47</a>:20: error: node type: ERROR
<a href="../../../../third_party/tests/ivtest/ivltests/implicit_cast2.v.html#l-47" target="file-frame">third_party/tests/ivtest/ivltests/implicit_cast2.v:47</a>:31: error: node type: ERROR
<a href="../../../../third_party/tests/ivtest/ivltests/implicit_cast2.v.html#l-48" target="file-frame">third_party/tests/ivtest/ivltests/implicit_cast2.v:48</a>:20: error: node type: ERROR
<a href="../../../../third_party/tests/ivtest/ivltests/implicit_cast2.v.html#l-48" target="file-frame">third_party/tests/ivtest/ivltests/implicit_cast2.v:48</a>:31: error: node type: ERROR
<a href="../../../../third_party/tests/ivtest/ivltests/implicit_cast2.v.html#l-49" target="file-frame">third_party/tests/ivtest/ivltests/implicit_cast2.v:49</a>:20: error: node type: ERROR
<a href="../../../../third_party/tests/ivtest/ivltests/implicit_cast2.v.html#l-49" target="file-frame">third_party/tests/ivtest/ivltests/implicit_cast2.v:49</a>:31: error: node type: ERROR
<a href="../../../../third_party/tests/ivtest/ivltests/implicit_cast2.v.html#l-121" target="file-frame">third_party/tests/ivtest/ivltests/implicit_cast2.v:121</a>:91: error: node type: ERROR

</pre>
</body>