<head>
  <style>
    .log { font-family: "Courier New", Consolas, monospace; font-size: 80%; }
    .test-failed { background-color: #ffaaaa; }
    .test-passed { background-color: #aaffaa; }
  </style>
</head>
<body>
<h3><a href="https://github.com/tree-sitter/tree-sitter-verilog" target="_blank">tree-sitter-verilog</a></h3>
<pre class="test-failed">
description: Test imported from ivtest
rc: 1 (means success: 0)
tags: ivtest
incdirs: /tmpfs/src/github/sv-tests/third_party/tests/ivtest /tmpfs/src/github/sv-tests/third_party/tests/ivtest/ivltests
top_module: 
type: parsing
mode: parsing
files: <a href="../../../../third_party/tests/ivtest/ivltests/memport_bs.v.html" target="file-frame">third_party/tests/ivtest/ivltests/memport_bs.v</a>
defines: 
time_elapsed: 0.095s
ram usage: 30252 KB
</pre>
<pre class="log">

<a href="../../../../third_party/tests/ivtest/ivltests/memport_bs.v.html#l-43" target="file-frame">third_party/tests/ivtest/ivltests/memport_bs.v:43</a>:8: error: node type: ERROR
<a href="../../../../third_party/tests/ivtest/ivltests/memport_bs.v.html#l-44" target="file-frame">third_party/tests/ivtest/ivltests/memport_bs.v:44</a>:5: error: node type: ERROR
<a href="../../../../third_party/tests/ivtest/ivltests/memport_bs.v.html#l-45" target="file-frame">third_party/tests/ivtest/ivltests/memport_bs.v:45</a>:21: error: node type: ;
<a href="../../../../third_party/tests/ivtest/ivltests/memport_bs.v.html#l-45" target="file-frame">third_party/tests/ivtest/ivltests/memport_bs.v:45</a>:35: error: node type: ERROR
<a href="../../../../third_party/tests/ivtest/ivltests/memport_bs.v.html#l-45" target="file-frame">third_party/tests/ivtest/ivltests/memport_bs.v:45</a>:58: error: node type: simple_identifier
<a href="../../../../third_party/tests/ivtest/ivltests/memport_bs.v.html#l-45" target="file-frame">third_party/tests/ivtest/ivltests/memport_bs.v:45</a>:59: error: node type: ERROR
<a href="../../../../third_party/tests/ivtest/ivltests/memport_bs.v.html#l-46" target="file-frame">third_party/tests/ivtest/ivltests/memport_bs.v:46</a>:58: error: node type: ERROR
<a href="../../../../third_party/tests/ivtest/ivltests/memport_bs.v.html#l-46" target="file-frame">third_party/tests/ivtest/ivltests/memport_bs.v:46</a>:60: error: node type: ERROR
<a href="../../../../third_party/tests/ivtest/ivltests/memport_bs.v.html#l-47" target="file-frame">third_party/tests/ivtest/ivltests/memport_bs.v:47</a>:57: error: node type: ERROR
<a href="../../../../third_party/tests/ivtest/ivltests/memport_bs.v.html#l-47" target="file-frame">third_party/tests/ivtest/ivltests/memport_bs.v:47</a>:59: error: node type: ERROR
<a href="../../../../third_party/tests/ivtest/ivltests/memport_bs.v.html#l-48" target="file-frame">third_party/tests/ivtest/ivltests/memport_bs.v:48</a>:58: error: node type: ERROR
<a href="../../../../third_party/tests/ivtest/ivltests/memport_bs.v.html#l-48" target="file-frame">third_party/tests/ivtest/ivltests/memport_bs.v:48</a>:60: error: node type: ERROR
<a href="../../../../third_party/tests/ivtest/ivltests/memport_bs.v.html#l-49" target="file-frame">third_party/tests/ivtest/ivltests/memport_bs.v:49</a>:57: error: node type: ERROR
<a href="../../../../third_party/tests/ivtest/ivltests/memport_bs.v.html#l-49" target="file-frame">third_party/tests/ivtest/ivltests/memport_bs.v:49</a>:59: error: node type: ERROR
<a href="../../../../third_party/tests/ivtest/ivltests/memport_bs.v.html#l-50" target="file-frame">third_party/tests/ivtest/ivltests/memport_bs.v:50</a>:58: error: node type: ERROR
<a href="../../../../third_party/tests/ivtest/ivltests/memport_bs.v.html#l-50" target="file-frame">third_party/tests/ivtest/ivltests/memport_bs.v:50</a>:60: error: node type: ERROR
<a href="../../../../third_party/tests/ivtest/ivltests/memport_bs.v.html#l-51" target="file-frame">third_party/tests/ivtest/ivltests/memport_bs.v:51</a>:57: error: node type: ERROR
<a href="../../../../third_party/tests/ivtest/ivltests/memport_bs.v.html#l-51" target="file-frame">third_party/tests/ivtest/ivltests/memport_bs.v:51</a>:59: error: node type: ERROR
<a href="../../../../third_party/tests/ivtest/ivltests/memport_bs.v.html#l-52" target="file-frame">third_party/tests/ivtest/ivltests/memport_bs.v:52</a>:58: error: node type: ERROR
<a href="../../../../third_party/tests/ivtest/ivltests/memport_bs.v.html#l-52" target="file-frame">third_party/tests/ivtest/ivltests/memport_bs.v:52</a>:60: error: node type: ERROR
<a href="../../../../third_party/tests/ivtest/ivltests/memport_bs.v.html#l-53" target="file-frame">third_party/tests/ivtest/ivltests/memport_bs.v:53</a>:57: error: node type: ERROR
<a href="../../../../third_party/tests/ivtest/ivltests/memport_bs.v.html#l-53" target="file-frame">third_party/tests/ivtest/ivltests/memport_bs.v:53</a>:59: error: node type: ERROR
<a href="../../../../third_party/tests/ivtest/ivltests/memport_bs.v.html#l-54" target="file-frame">third_party/tests/ivtest/ivltests/memport_bs.v:54</a>:58: error: node type: ERROR
<a href="../../../../third_party/tests/ivtest/ivltests/memport_bs.v.html#l-54" target="file-frame">third_party/tests/ivtest/ivltests/memport_bs.v:54</a>:60: error: node type: ERROR

</pre>
</body>