<head>
  <style>
    .log { font-family: "Courier New", Consolas, monospace; font-size: 80%; }
    .test-failed { background-color: #ffaaaa; }
    .test-passed { background-color: #aaffaa; }
  </style>
</head>
<body>
<h3><a href="https://github.com/tree-sitter/tree-sitter-verilog" target="_blank">tree-sitter-verilog</a></h3>
<pre class="test-failed">
description: Test imported from ivtest
rc: 1 (means success: 0)
tags: ivtest
incdirs: /tmpfs/src/github/sv-tests/third_party/tests/ivtest /tmpfs/src/github/sv-tests/third_party/tests/ivtest/ivltests
top_module: 
type: parsing
mode: parsing
files: <a href="../../../../third_party/tests/ivtest/ivltests/memsynth1.v.html" target="file-frame">third_party/tests/ivtest/ivltests/memsynth1.v</a>
defines: 
time_elapsed: 0.092s
ram usage: 26304 KB
</pre>
<pre class="log">

<a href="../../../../third_party/tests/ivtest/ivltests/memsynth1.v.html#l-46" target="file-frame">third_party/tests/ivtest/ivltests/memsynth1.v:46</a>:11: error: node type: ERROR
<a href="../../../../third_party/tests/ivtest/ivltests/memsynth1.v.html#l-47" target="file-frame">third_party/tests/ivtest/ivltests/memsynth1.v:47</a>:7: error: node type: ERROR
<a href="../../../../third_party/tests/ivtest/ivltests/memsynth1.v.html#l-52" target="file-frame">third_party/tests/ivtest/ivltests/memsynth1.v:52</a>:11: error: node type: ERROR
<a href="../../../../third_party/tests/ivtest/ivltests/memsynth1.v.html#l-53" target="file-frame">third_party/tests/ivtest/ivltests/memsynth1.v:53</a>:7: error: node type: ERROR
<a href="../../../../third_party/tests/ivtest/ivltests/memsynth1.v.html#l-58" target="file-frame">third_party/tests/ivtest/ivltests/memsynth1.v:58</a>:10: error: node type: ERROR
<a href="../../../../third_party/tests/ivtest/ivltests/memsynth1.v.html#l-59" target="file-frame">third_party/tests/ivtest/ivltests/memsynth1.v:59</a>:13: error: node type: ERROR
<a href="../../../../third_party/tests/ivtest/ivltests/memsynth1.v.html#l-60" target="file-frame">third_party/tests/ivtest/ivltests/memsynth1.v:60</a>:13: error: node type: ERROR
<a href="../../../../third_party/tests/ivtest/ivltests/memsynth1.v.html#l-63" target="file-frame">third_party/tests/ivtest/ivltests/memsynth1.v:63</a>:6: error: node type: ERROR
<a href="../../../../third_party/tests/ivtest/ivltests/memsynth1.v.html#l-69" target="file-frame">third_party/tests/ivtest/ivltests/memsynth1.v:69</a>:9: error: node type: ERROR
<a href="../../../../third_party/tests/ivtest/ivltests/memsynth1.v.html#l-70" target="file-frame">third_party/tests/ivtest/ivltests/memsynth1.v:70</a>:13: error: node type: ERROR
<a href="../../../../third_party/tests/ivtest/ivltests/memsynth1.v.html#l-71" target="file-frame">third_party/tests/ivtest/ivltests/memsynth1.v:71</a>:13: error: node type: ERROR
<a href="../../../../third_party/tests/ivtest/ivltests/memsynth1.v.html#l-74" target="file-frame">third_party/tests/ivtest/ivltests/memsynth1.v:74</a>:6: error: node type: ERROR
<a href="../../../../third_party/tests/ivtest/ivltests/memsynth1.v.html#l-81" target="file-frame">third_party/tests/ivtest/ivltests/memsynth1.v:81</a>:11: error: node type: ERROR
<a href="../../../../third_party/tests/ivtest/ivltests/memsynth1.v.html#l-82" target="file-frame">third_party/tests/ivtest/ivltests/memsynth1.v:82</a>:13: error: node type: ERROR
<a href="../../../../third_party/tests/ivtest/ivltests/memsynth1.v.html#l-83" target="file-frame">third_party/tests/ivtest/ivltests/memsynth1.v:83</a>:13: error: node type: ERROR
<a href="../../../../third_party/tests/ivtest/ivltests/memsynth1.v.html#l-86" target="file-frame">third_party/tests/ivtest/ivltests/memsynth1.v:86</a>:6: error: node type: ERROR
<a href="../../../../third_party/tests/ivtest/ivltests/memsynth1.v.html#l-92" target="file-frame">third_party/tests/ivtest/ivltests/memsynth1.v:92</a>:11: error: node type: ERROR
<a href="../../../../third_party/tests/ivtest/ivltests/memsynth1.v.html#l-93" target="file-frame">third_party/tests/ivtest/ivltests/memsynth1.v:93</a>:7: error: node type: ERROR
<a href="../../../../third_party/tests/ivtest/ivltests/memsynth1.v.html#l-99" target="file-frame">third_party/tests/ivtest/ivltests/memsynth1.v:99</a>:8: error: node type: ERROR
<a href="../../../../third_party/tests/ivtest/ivltests/memsynth1.v.html#l-102" target="file-frame">third_party/tests/ivtest/ivltests/memsynth1.v:102</a>:6: error: node type: ERROR
<a href="../../../../third_party/tests/ivtest/ivltests/memsynth1.v.html#l-109" target="file-frame">third_party/tests/ivtest/ivltests/memsynth1.v:109</a>:13: error: node type: ERROR

</pre>
</body>