<head>
  <style>
    .log { font-family: "Courier New", Consolas, monospace; font-size: 80%; }
    .test-failed { background-color: #ffaaaa; }
    .test-passed { background-color: #aaffaa; }
  </style>
</head>
<body>
<h3><a href="https://github.com/tree-sitter/tree-sitter-verilog" target="_blank">tree-sitter-verilog</a></h3>
<pre class="test-failed">
description: Test imported from ivtest
rc: 1 (means success: 0)
tags: ivtest
incdirs: /tmpfs/src/github/sv-tests/third_party/tests/ivtest /tmpfs/src/github/sv-tests/third_party/tests/ivtest/ivltests
top_module: 
type: parsing
mode: parsing
files: <a href="../../../../third_party/tests/ivtest/ivltests/modparam.v.html" target="file-frame">third_party/tests/ivtest/ivltests/modparam.v</a>
defines: 
time_elapsed: 0.104s
ram usage: 32368 KB
</pre>
<pre class="log">

<a href="../../../../third_party/tests/ivtest/ivltests/modparam.v.html#l-58" target="file-frame">third_party/tests/ivtest/ivltests/modparam.v:58</a>:56: error: node type: ERROR
<a href="../../../../third_party/tests/ivtest/ivltests/modparam.v.html#l-59" target="file-frame">third_party/tests/ivtest/ivltests/modparam.v:59</a>:40: error: node type: ERROR
<a href="../../../../third_party/tests/ivtest/ivltests/modparam.v.html#l-60" target="file-frame">third_party/tests/ivtest/ivltests/modparam.v:60</a>:56: error: node type: ERROR
<a href="../../../../third_party/tests/ivtest/ivltests/modparam.v.html#l-61" target="file-frame">third_party/tests/ivtest/ivltests/modparam.v:61</a>:40: error: node type: ERROR
<a href="../../../../third_party/tests/ivtest/ivltests/modparam.v.html#l-62" target="file-frame">third_party/tests/ivtest/ivltests/modparam.v:62</a>:56: error: node type: ERROR
<a href="../../../../third_party/tests/ivtest/ivltests/modparam.v.html#l-63" target="file-frame">third_party/tests/ivtest/ivltests/modparam.v:63</a>:40: error: node type: ERROR
<a href="../../../../third_party/tests/ivtest/ivltests/modparam.v.html#l-64" target="file-frame">third_party/tests/ivtest/ivltests/modparam.v:64</a>:56: error: node type: ERROR
<a href="../../../../third_party/tests/ivtest/ivltests/modparam.v.html#l-65" target="file-frame">third_party/tests/ivtest/ivltests/modparam.v:65</a>:40: error: node type: ERROR
<a href="../../../../third_party/tests/ivtest/ivltests/modparam.v.html#l-147" target="file-frame">third_party/tests/ivtest/ivltests/modparam.v:147</a>:7: error: node type: ERROR
<a href="../../../../third_party/tests/ivtest/ivltests/modparam.v.html#l-152" target="file-frame">third_party/tests/ivtest/ivltests/modparam.v:152</a>:7: error: node type: ERROR

</pre>
</body>