<head>
  <style>
    .log { font-family: "Courier New", Consolas, monospace; font-size: 80%; }
    .test-failed { background-color: #ffaaaa; }
    .test-passed { background-color: #aaffaa; }
  </style>
</head>
<body>
<h3><a href="https://github.com/tree-sitter/tree-sitter-verilog" target="_blank">tree-sitter-verilog</a></h3>
<pre class="test-failed">
description: Test imported from ivtest
rc: 1 (means success: 0)
tags: ivtest
incdirs: /tmpfs/src/github/sv-tests/third_party/tests/ivtest /tmpfs/src/github/sv-tests/third_party/tests/ivtest/ivltests
top_module: 
type: parsing
mode: parsing
files: <a href="../../../../third_party/tests/ivtest/ivltests/module3.12A.v.html" target="file-frame">third_party/tests/ivtest/ivltests/module3.12A.v</a>
defines: 
time_elapsed: 0.107s
ram usage: 18036 KB
</pre>
<pre class="log">

<a href="../../../../third_party/tests/ivtest/ivltests/module3.12A.v.html#l-57" target="file-frame">third_party/tests/ivtest/ivltests/module3.12A.v:57</a>:10: error: node type: ERROR
<a href="../../../../third_party/tests/ivtest/ivltests/module3.12A.v.html#l-62" target="file-frame">third_party/tests/ivtest/ivltests/module3.12A.v:62</a>:24: error: node type: simple_identifier
<a href="../../../../third_party/tests/ivtest/ivltests/module3.12A.v.html#l-65" target="file-frame">third_party/tests/ivtest/ivltests/module3.12A.v:65</a>:25: error: node type: ERROR
<a href="../../../../third_party/tests/ivtest/ivltests/module3.12A.v.html#l-65" target="file-frame">third_party/tests/ivtest/ivltests/module3.12A.v:65</a>:35: error: node type: ERROR
<a href="../../../../third_party/tests/ivtest/ivltests/module3.12A.v.html#l-65" target="file-frame">third_party/tests/ivtest/ivltests/module3.12A.v:65</a>:63: error: node type: ERROR
<a href="../../../../third_party/tests/ivtest/ivltests/module3.12A.v.html#l-65" target="file-frame">third_party/tests/ivtest/ivltests/module3.12A.v:65</a>:65: error: node type: ERROR
<a href="../../../../third_party/tests/ivtest/ivltests/module3.12A.v.html#l-69" target="file-frame">third_party/tests/ivtest/ivltests/module3.12A.v:69</a>:22: error: node type: ERROR

</pre>
</body>