<head>
  <style>
    .log { font-family: "Courier New", Consolas, monospace; font-size: 80%; }
    .test-failed { background-color: #ffaaaa; }
    .test-passed { background-color: #aaffaa; }
  </style>
</head>
<body>
<h3><a href="https://github.com/tree-sitter/tree-sitter-verilog" target="_blank">tree-sitter-verilog</a></h3>
<pre class="test-failed">
description: Test imported from ivtest
rc: 1 (means success: 0)
tags: ivtest
incdirs: /tmpfs/src/github/sv-tests/third_party/tests/ivtest /tmpfs/src/github/sv-tests/third_party/tests/ivtest/ivltests
top_module: 
type: parsing
mode: parsing
files: <a href="../../../../third_party/tests/ivtest/ivltests/param_select2.v.html" target="file-frame">third_party/tests/ivtest/ivltests/param_select2.v</a>
defines: 
time_elapsed: 0.099s
ram usage: 30680 KB
</pre>
<pre class="log">

<a href="../../../../third_party/tests/ivtest/ivltests/param_select2.v.html#l-30" target="file-frame">third_party/tests/ivtest/ivltests/param_select2.v:30</a>:16: error: node type: ERROR
<a href="../../../../third_party/tests/ivtest/ivltests/param_select2.v.html#l-31" target="file-frame">third_party/tests/ivtest/ivltests/param_select2.v:31</a>:16: error: node type: ERROR
<a href="../../../../third_party/tests/ivtest/ivltests/param_select2.v.html#l-35" target="file-frame">third_party/tests/ivtest/ivltests/param_select2.v:35</a>:10: error: node type: ERROR
<a href="../../../../third_party/tests/ivtest/ivltests/param_select2.v.html#l-40" target="file-frame">third_party/tests/ivtest/ivltests/param_select2.v:40</a>:10: error: node type: ERROR
<a href="../../../../third_party/tests/ivtest/ivltests/param_select2.v.html#l-45" target="file-frame">third_party/tests/ivtest/ivltests/param_select2.v:45</a>:10: error: node type: ERROR
<a href="../../../../third_party/tests/ivtest/ivltests/param_select2.v.html#l-50" target="file-frame">third_party/tests/ivtest/ivltests/param_select2.v:50</a>:20: error: node type: ERROR
<a href="../../../../third_party/tests/ivtest/ivltests/param_select2.v.html#l-55" target="file-frame">third_party/tests/ivtest/ivltests/param_select2.v:55</a>:27: error: node type: ERROR
<a href="../../../../third_party/tests/ivtest/ivltests/param_select2.v.html#l-60" target="file-frame">third_party/tests/ivtest/ivltests/param_select2.v:60</a>:20: error: node type: ERROR
<a href="../../../../third_party/tests/ivtest/ivltests/param_select2.v.html#l-65" target="file-frame">third_party/tests/ivtest/ivltests/param_select2.v:65</a>:27: error: node type: ERROR
<a href="../../../../third_party/tests/ivtest/ivltests/param_select2.v.html#l-70" target="file-frame">third_party/tests/ivtest/ivltests/param_select2.v:70</a>:20: error: node type: ERROR
<a href="../../../../third_party/tests/ivtest/ivltests/param_select2.v.html#l-74" target="file-frame">third_party/tests/ivtest/ivltests/param_select2.v:74</a>:24: error: node type: ERROR
<a href="../../../../third_party/tests/ivtest/ivltests/param_select2.v.html#l-77" target="file-frame">third_party/tests/ivtest/ivltests/param_select2.v:77</a>:0: error: node type: ERROR

</pre>
</body>