<head>
  <style>
    .log { font-family: "Courier New", Consolas, monospace; font-size: 80%; }
    .test-failed { background-color: #ffaaaa; }
    .test-passed { background-color: #aaffaa; }
  </style>
</head>
<body>
<h3><a href="https://github.com/tree-sitter/tree-sitter-verilog" target="_blank">tree-sitter-verilog</a></h3>
<pre class="test-failed">
description: Test imported from ivtest
rc: 1 (means success: 0)
tags: ivtest
incdirs: /tmpfs/src/github/sv-tests/third_party/tests/ivtest /tmpfs/src/github/sv-tests/third_party/tests/ivtest/ivltests
top_module: 
type: parsing
mode: parsing
files: <a href="../../../../third_party/tests/ivtest/ivltests/partselsynth.v.html" target="file-frame">third_party/tests/ivtest/ivltests/partselsynth.v</a>
defines: 
time_elapsed: 0.104s
ram usage: 26156 KB
</pre>
<pre class="log">

<a href="../../../../third_party/tests/ivtest/ivltests/partselsynth.v.html#l-32" target="file-frame">third_party/tests/ivtest/ivltests/partselsynth.v:32</a>:13: error: node type: ERROR
<a href="../../../../third_party/tests/ivtest/ivltests/partselsynth.v.html#l-33" target="file-frame">third_party/tests/ivtest/ivltests/partselsynth.v:33</a>:7: error: node type: ERROR
<a href="../../../../third_party/tests/ivtest/ivltests/partselsynth.v.html#l-38" target="file-frame">third_party/tests/ivtest/ivltests/partselsynth.v:38</a>:13: error: node type: ERROR
<a href="../../../../third_party/tests/ivtest/ivltests/partselsynth.v.html#l-39" target="file-frame">third_party/tests/ivtest/ivltests/partselsynth.v:39</a>:7: error: node type: ERROR
<a href="../../../../third_party/tests/ivtest/ivltests/partselsynth.v.html#l-45" target="file-frame">third_party/tests/ivtest/ivltests/partselsynth.v:45</a>:13: error: node type: ERROR
<a href="../../../../third_party/tests/ivtest/ivltests/partselsynth.v.html#l-46" target="file-frame">third_party/tests/ivtest/ivltests/partselsynth.v:46</a>:7: error: node type: ERROR
<a href="../../../../third_party/tests/ivtest/ivltests/partselsynth.v.html#l-51" target="file-frame">third_party/tests/ivtest/ivltests/partselsynth.v:51</a>:12: error: node type: ERROR
<a href="../../../../third_party/tests/ivtest/ivltests/partselsynth.v.html#l-52" target="file-frame">third_party/tests/ivtest/ivltests/partselsynth.v:52</a>:7: error: node type: ERROR
<a href="../../../../third_party/tests/ivtest/ivltests/partselsynth.v.html#l-58" target="file-frame">third_party/tests/ivtest/ivltests/partselsynth.v:58</a>:24: error: node type: ERROR

</pre>
</body>