<head>
  <style>
    .log { font-family: "Courier New", Consolas, monospace; font-size: 80%; }
    .test-failed { background-color: #ffaaaa; }
    .test-passed { background-color: #aaffaa; }
  </style>
</head>
<body>
<h3><a href="https://github.com/tree-sitter/tree-sitter-verilog" target="_blank">tree-sitter-verilog</a></h3>
<pre class="test-failed">
description: Test imported from ivtest
rc: 1 (means success: 0)
tags: ivtest
incdirs: /tmpfs/src/github/sv-tests/third_party/tests/ivtest /tmpfs/src/github/sv-tests/third_party/tests/ivtest/ivltests
top_module: 
type: parsing
mode: parsing
files: <a href="../../../../third_party/tests/ivtest/ivltests/pr1477190.v.html" target="file-frame">third_party/tests/ivtest/ivltests/pr1477190.v</a>
defines: 
time_elapsed: 0.093s
ram usage: 22360 KB
</pre>
<pre class="log">

<a href="../../../../third_party/tests/ivtest/ivltests/pr1477190.v.html#l-7" target="file-frame">third_party/tests/ivtest/ivltests/pr1477190.v:7</a>:13: error: node type: ERROR
<a href="../../../../third_party/tests/ivtest/ivltests/pr1477190.v.html#l-12" target="file-frame">third_party/tests/ivtest/ivltests/pr1477190.v:12</a>:18: error: node type: simple_identifier
<a href="../../../../third_party/tests/ivtest/ivltests/pr1477190.v.html#l-13" target="file-frame">third_party/tests/ivtest/ivltests/pr1477190.v:13</a>:13: error: node type: ERROR
<a href="../../../../third_party/tests/ivtest/ivltests/pr1477190.v.html#l-14" target="file-frame">third_party/tests/ivtest/ivltests/pr1477190.v:14</a>:19: error: node type: ERROR
<a href="../../../../third_party/tests/ivtest/ivltests/pr1477190.v.html#l-14" target="file-frame">third_party/tests/ivtest/ivltests/pr1477190.v:14</a>:29: error: node type: ERROR
<a href="../../../../third_party/tests/ivtest/ivltests/pr1477190.v.html#l-14" target="file-frame">third_party/tests/ivtest/ivltests/pr1477190.v:14</a>:31: error: node type: ERROR
<a href="../../../../third_party/tests/ivtest/ivltests/pr1477190.v.html#l-20" target="file-frame">third_party/tests/ivtest/ivltests/pr1477190.v:20</a>:22: error: node type: ERROR
<a href="../../../../third_party/tests/ivtest/ivltests/pr1477190.v.html#l-20" target="file-frame">third_party/tests/ivtest/ivltests/pr1477190.v:20</a>:29: error: node type: ERROR
<a href="../../../../third_party/tests/ivtest/ivltests/pr1477190.v.html#l-20" target="file-frame">third_party/tests/ivtest/ivltests/pr1477190.v:20</a>:31: error: node type: ERROR
<a href="../../../../third_party/tests/ivtest/ivltests/pr1477190.v.html#l-28" target="file-frame">third_party/tests/ivtest/ivltests/pr1477190.v:28</a>:22: error: node type: ERROR
<a href="../../../../third_party/tests/ivtest/ivltests/pr1477190.v.html#l-28" target="file-frame">third_party/tests/ivtest/ivltests/pr1477190.v:28</a>:25: error: node type: ERROR
<a href="../../../../third_party/tests/ivtest/ivltests/pr1477190.v.html#l-34" target="file-frame">third_party/tests/ivtest/ivltests/pr1477190.v:34</a>:36: error: node type: ERROR
<a href="../../../../third_party/tests/ivtest/ivltests/pr1477190.v.html#l-34" target="file-frame">third_party/tests/ivtest/ivltests/pr1477190.v:34</a>:39: error: node type: ERROR

</pre>
</body>