<head>
  <style>
    .log { font-family: "Courier New", Consolas, monospace; font-size: 80%; }
    .test-failed { background-color: #ffaaaa; }
    .test-passed { background-color: #aaffaa; }
  </style>
</head>
<body>
<h3><a href="https://github.com/tree-sitter/tree-sitter-verilog" target="_blank">tree-sitter-verilog</a></h3>
<pre class="test-failed">
description: Test imported from ivtest
rc: 1 (means success: 0)
tags: ivtest
incdirs: /tmpfs/src/github/sv-tests/third_party/tests/ivtest /tmpfs/src/github/sv-tests/third_party/tests/ivtest/ivltests
top_module: 
type: parsing
mode: parsing
files: <a href="../../../../third_party/tests/ivtest/ivltests/pr2922063.v.html" target="file-frame">third_party/tests/ivtest/ivltests/pr2922063.v</a>
defines: 
time_elapsed: 0.090s
ram usage: 26428 KB
</pre>
<pre class="log">

<a href="../../../../third_party/tests/ivtest/ivltests/pr2922063.v.html#l-11" target="file-frame">third_party/tests/ivtest/ivltests/pr2922063.v:11</a>:8: error: node type: ERROR
<a href="../../../../third_party/tests/ivtest/ivltests/pr2922063.v.html#l-22" target="file-frame">third_party/tests/ivtest/ivltests/pr2922063.v:22</a>:11: error: node type: ERROR
<a href="../../../../third_party/tests/ivtest/ivltests/pr2922063.v.html#l-35" target="file-frame">third_party/tests/ivtest/ivltests/pr2922063.v:35</a>:4: error: node type: ERROR
<a href="../../../../third_party/tests/ivtest/ivltests/pr2922063.v.html#l-35" target="file-frame">third_party/tests/ivtest/ivltests/pr2922063.v:35</a>:12: error: node type: ERROR
<a href="../../../../third_party/tests/ivtest/ivltests/pr2922063.v.html#l-36" target="file-frame">third_party/tests/ivtest/ivltests/pr2922063.v:36</a>:36: error: node type: ERROR
<a href="../../../../third_party/tests/ivtest/ivltests/pr2922063.v.html#l-39" target="file-frame">third_party/tests/ivtest/ivltests/pr2922063.v:39</a>:11: error: node type: ERROR
<a href="../../../../third_party/tests/ivtest/ivltests/pr2922063.v.html#l-43" target="file-frame">third_party/tests/ivtest/ivltests/pr2922063.v:43</a>:8: error: node type: ERROR
<a href="../../../../third_party/tests/ivtest/ivltests/pr2922063.v.html#l-44" target="file-frame">third_party/tests/ivtest/ivltests/pr2922063.v:44</a>:8: error: node type: ERROR
<a href="../../../../third_party/tests/ivtest/ivltests/pr2922063.v.html#l-47" target="file-frame">third_party/tests/ivtest/ivltests/pr2922063.v:47</a>:11: error: node type: ERROR
<a href="../../../../third_party/tests/ivtest/ivltests/pr2922063.v.html#l-51" target="file-frame">third_party/tests/ivtest/ivltests/pr2922063.v:51</a>:8: error: node type: ERROR
<a href="../../../../third_party/tests/ivtest/ivltests/pr2922063.v.html#l-52" target="file-frame">third_party/tests/ivtest/ivltests/pr2922063.v:52</a>:8: error: node type: ERROR
<a href="../../../../third_party/tests/ivtest/ivltests/pr2922063.v.html#l-52" target="file-frame">third_party/tests/ivtest/ivltests/pr2922063.v:52</a>:18: error: node type: ERROR
<a href="../../../../third_party/tests/ivtest/ivltests/pr2922063.v.html#l-55" target="file-frame">third_party/tests/ivtest/ivltests/pr2922063.v:55</a>:11: error: node type: ERROR

</pre>
</body>