<head>
  <style>
    .log { font-family: "Courier New", Consolas, monospace; font-size: 80%; }
    .test-failed { background-color: #ffaaaa; }
    .test-passed { background-color: #aaffaa; }
  </style>
</head>
<body>
<h3><a href="https://github.com/tree-sitter/tree-sitter-verilog" target="_blank">tree-sitter-verilog</a></h3>
<pre class="test-failed">
description: Test imported from ivtest
rc: 1 (means success: 0)
tags: ivtest
incdirs: /tmpfs/src/github/sv-tests/third_party/tests/ivtest /tmpfs/src/github/sv-tests/third_party/tests/ivtest/ivltests
top_module: 
type: parsing
mode: parsing
files: <a href="../../../../third_party/tests/ivtest/ivltests/pr2974216b.v.html" target="file-frame">third_party/tests/ivtest/ivltests/pr2974216b.v</a>
defines: 
time_elapsed: 0.105s
ram usage: 30280 KB
</pre>
<pre class="log">

<a href="../../../../third_party/tests/ivtest/ivltests/pr2974216b.v.html#l-13" target="file-frame">third_party/tests/ivtest/ivltests/pr2974216b.v:13</a>:8: error: node type: ERROR
<a href="../../../../third_party/tests/ivtest/ivltests/pr2974216b.v.html#l-19" target="file-frame">third_party/tests/ivtest/ivltests/pr2974216b.v:19</a>:11: error: node type: ERROR
<a href="../../../../third_party/tests/ivtest/ivltests/pr2974216b.v.html#l-23" target="file-frame">third_party/tests/ivtest/ivltests/pr2974216b.v:23</a>:11: error: node type: ERROR
<a href="../../../../third_party/tests/ivtest/ivltests/pr2974216b.v.html#l-27" target="file-frame">third_party/tests/ivtest/ivltests/pr2974216b.v:27</a>:11: error: node type: ERROR
<a href="../../../../third_party/tests/ivtest/ivltests/pr2974216b.v.html#l-37" target="file-frame">third_party/tests/ivtest/ivltests/pr2974216b.v:37</a>:25: error: node type: ERROR
<a href="../../../../third_party/tests/ivtest/ivltests/pr2974216b.v.html#l-38" target="file-frame">third_party/tests/ivtest/ivltests/pr2974216b.v:38</a>:9: error: node type: ERROR
<a href="../../../../third_party/tests/ivtest/ivltests/pr2974216b.v.html#l-38" target="file-frame">third_party/tests/ivtest/ivltests/pr2974216b.v:38</a>:20: error: node type: ERROR
<a href="../../../../third_party/tests/ivtest/ivltests/pr2974216b.v.html#l-39" target="file-frame">third_party/tests/ivtest/ivltests/pr2974216b.v:39</a>:9: error: node type: ERROR
<a href="../../../../third_party/tests/ivtest/ivltests/pr2974216b.v.html#l-39" target="file-frame">third_party/tests/ivtest/ivltests/pr2974216b.v:39</a>:21: error: node type: ERROR
<a href="../../../../third_party/tests/ivtest/ivltests/pr2974216b.v.html#l-40" target="file-frame">third_party/tests/ivtest/ivltests/pr2974216b.v:40</a>:16: error: node type: ERROR
<a href="../../../../third_party/tests/ivtest/ivltests/pr2974216b.v.html#l-40" target="file-frame">third_party/tests/ivtest/ivltests/pr2974216b.v:40</a>:20: error: node type: ERROR
<a href="../../../../third_party/tests/ivtest/ivltests/pr2974216b.v.html#l-41" target="file-frame">third_party/tests/ivtest/ivltests/pr2974216b.v:41</a>:13: error: node type: ERROR
<a href="../../../../third_party/tests/ivtest/ivltests/pr2974216b.v.html#l-44" target="file-frame">third_party/tests/ivtest/ivltests/pr2974216b.v:44</a>:16: error: node type: ERROR
<a href="../../../../third_party/tests/ivtest/ivltests/pr2974216b.v.html#l-46" target="file-frame">third_party/tests/ivtest/ivltests/pr2974216b.v:46</a>:19: error: node type: ERROR

</pre>
</body>