<head>
  <style>
    .log { font-family: "Courier New", Consolas, monospace; font-size: 80%; }
    .test-failed { background-color: #ffaaaa; }
    .test-passed { background-color: #aaffaa; }
  </style>
</head>
<body>
<h3><a href="https://github.com/tree-sitter/tree-sitter-verilog" target="_blank">tree-sitter-verilog</a></h3>
<pre class="test-failed">
description: Test imported from ivtest
rc: 1 (means success: 0)
tags: ivtest
incdirs: /tmpfs/src/github/sv-tests/third_party/tests/ivtest /tmpfs/src/github/sv-tests/third_party/tests/ivtest/ivltests
top_module: 
type: parsing
mode: parsing
files: <a href="../../../../third_party/tests/ivtest/ivltests/pr596.v.html" target="file-frame">third_party/tests/ivtest/ivltests/pr596.v</a>
defines: 
time_elapsed: 0.103s
ram usage: 30376 KB
</pre>
<pre class="log">

<a href="../../../../third_party/tests/ivtest/ivltests/pr596.v.html#l-20" target="file-frame">third_party/tests/ivtest/ivltests/pr596.v:20</a>:2: error: node type: ERROR
<a href="../../../../third_party/tests/ivtest/ivltests/pr596.v.html#l-20" target="file-frame">third_party/tests/ivtest/ivltests/pr596.v:20</a>:24: error: node type: ERROR
<a href="../../../../third_party/tests/ivtest/ivltests/pr596.v.html#l-27" target="file-frame">third_party/tests/ivtest/ivltests/pr596.v:27</a>:16: error: node type: ERROR
<a href="../../../../third_party/tests/ivtest/ivltests/pr596.v.html#l-36" target="file-frame">third_party/tests/ivtest/ivltests/pr596.v:36</a>:18: error: node type: ERROR
<a href="../../../../third_party/tests/ivtest/ivltests/pr596.v.html#l-49" target="file-frame">third_party/tests/ivtest/ivltests/pr596.v:49</a>:13: error: node type: ERROR
<a href="../../../../third_party/tests/ivtest/ivltests/pr596.v.html#l-49" target="file-frame">third_party/tests/ivtest/ivltests/pr596.v:49</a>:20: error: node type: ERROR
<a href="../../../../third_party/tests/ivtest/ivltests/pr596.v.html#l-51" target="file-frame">third_party/tests/ivtest/ivltests/pr596.v:51</a>:13: error: node type: ERROR
<a href="../../../../third_party/tests/ivtest/ivltests/pr596.v.html#l-51" target="file-frame">third_party/tests/ivtest/ivltests/pr596.v:51</a>:37: error: node type: ERROR
<a href="../../../../third_party/tests/ivtest/ivltests/pr596.v.html#l-56" target="file-frame">third_party/tests/ivtest/ivltests/pr596.v:56</a>:30: error: node type: ERROR
<a href="../../../../third_party/tests/ivtest/ivltests/pr596.v.html#l-65" target="file-frame">third_party/tests/ivtest/ivltests/pr596.v:65</a>:20: error: node type: ERROR
<a href="../../../../third_party/tests/ivtest/ivltests/pr596.v.html#l-65" target="file-frame">third_party/tests/ivtest/ivltests/pr596.v:65</a>:45: error: node type: ERROR

</pre>
</body>