<head>
  <style>
    .log { font-family: "Courier New", Consolas, monospace; font-size: 80%; }
    .test-failed { background-color: #ffaaaa; }
    .test-passed { background-color: #aaffaa; }
  </style>
</head>
<body>
<h3><a href="https://github.com/tree-sitter/tree-sitter-verilog" target="_blank">tree-sitter-verilog</a></h3>
<pre class="test-failed">
description: Test imported from ivtest
rc: 1 (means success: 0)
tags: ivtest
incdirs: /tmpfs/src/github/sv-tests/third_party/tests/ivtest /tmpfs/src/github/sv-tests/third_party/tests/ivtest/ivltests
top_module: 
type: parsing
mode: parsing
files: <a href="../../../../third_party/tests/ivtest/ivltests/sdw_stmt002.v.html" target="file-frame">third_party/tests/ivtest/ivltests/sdw_stmt002.v</a>
defines: 
time_elapsed: 0.091s
ram usage: 28780 KB
</pre>
<pre class="log">

<a href="../../../../third_party/tests/ivtest/ivltests/sdw_stmt002.v.html#l-32" target="file-frame">third_party/tests/ivtest/ivltests/sdw_stmt002.v:32</a>:8: error: node type: ERROR
<a href="../../../../third_party/tests/ivtest/ivltests/sdw_stmt002.v.html#l-40" target="file-frame">third_party/tests/ivtest/ivltests/sdw_stmt002.v:40</a>:16: error: node type: ERROR
<a href="../../../../third_party/tests/ivtest/ivltests/sdw_stmt002.v.html#l-45" target="file-frame">third_party/tests/ivtest/ivltests/sdw_stmt002.v:45</a>:16: error: node type: ERROR
<a href="../../../../third_party/tests/ivtest/ivltests/sdw_stmt002.v.html#l-50" target="file-frame">third_party/tests/ivtest/ivltests/sdw_stmt002.v:50</a>:16: error: node type: ERROR
<a href="../../../../third_party/tests/ivtest/ivltests/sdw_stmt002.v.html#l-58" target="file-frame">third_party/tests/ivtest/ivltests/sdw_stmt002.v:58</a>:24: error: node type: ERROR
<a href="../../../../third_party/tests/ivtest/ivltests/sdw_stmt002.v.html#l-59" target="file-frame">third_party/tests/ivtest/ivltests/sdw_stmt002.v:59</a>:10: error: node type: ERROR
<a href="../../../../third_party/tests/ivtest/ivltests/sdw_stmt002.v.html#l-60" target="file-frame">third_party/tests/ivtest/ivltests/sdw_stmt002.v:60</a>:14: error: node type: ERROR
<a href="../../../../third_party/tests/ivtest/ivltests/sdw_stmt002.v.html#l-62" target="file-frame">third_party/tests/ivtest/ivltests/sdw_stmt002.v:62</a>:14: error: node type: ERROR
<a href="../../../../third_party/tests/ivtest/ivltests/sdw_stmt002.v.html#l-64" target="file-frame">third_party/tests/ivtest/ivltests/sdw_stmt002.v:64</a>:5: error: node type: ERROR
<a href="../../../../third_party/tests/ivtest/ivltests/sdw_stmt002.v.html#l-67" target="file-frame">third_party/tests/ivtest/ivltests/sdw_stmt002.v:67</a>:16: error: node type: ERROR
<a href="../../../../third_party/tests/ivtest/ivltests/sdw_stmt002.v.html#l-72" target="file-frame">third_party/tests/ivtest/ivltests/sdw_stmt002.v:72</a>:16: error: node type: ERROR
<a href="../../../../third_party/tests/ivtest/ivltests/sdw_stmt002.v.html#l-77" target="file-frame">third_party/tests/ivtest/ivltests/sdw_stmt002.v:77</a>:16: error: node type: ERROR
<a href="../../../../third_party/tests/ivtest/ivltests/sdw_stmt002.v.html#l-82" target="file-frame">third_party/tests/ivtest/ivltests/sdw_stmt002.v:82</a>:16: error: node type: ERROR
<a href="../../../../third_party/tests/ivtest/ivltests/sdw_stmt002.v.html#l-87" target="file-frame">third_party/tests/ivtest/ivltests/sdw_stmt002.v:87</a>:16: error: node type: ERROR
<a href="../../../../third_party/tests/ivtest/ivltests/sdw_stmt002.v.html#l-99" target="file-frame">third_party/tests/ivtest/ivltests/sdw_stmt002.v:99</a>:10: error: node type: ERROR
<a href="../../../../third_party/tests/ivtest/ivltests/sdw_stmt002.v.html#l-99" target="file-frame">third_party/tests/ivtest/ivltests/sdw_stmt002.v:99</a>:17: error: node type: ERROR
<a href="../../../../third_party/tests/ivtest/ivltests/sdw_stmt002.v.html#l-100" target="file-frame">third_party/tests/ivtest/ivltests/sdw_stmt002.v:100</a>:10: error: node type: ERROR
<a href="../../../../third_party/tests/ivtest/ivltests/sdw_stmt002.v.html#l-101" target="file-frame">third_party/tests/ivtest/ivltests/sdw_stmt002.v:101</a>:5: error: node type: ERROR
<a href="../../../../third_party/tests/ivtest/ivltests/sdw_stmt002.v.html#l-101" target="file-frame">third_party/tests/ivtest/ivltests/sdw_stmt002.v:101</a>:14: error: node type: ERROR
<a href="../../../../third_party/tests/ivtest/ivltests/sdw_stmt002.v.html#l-103" target="file-frame">third_party/tests/ivtest/ivltests/sdw_stmt002.v:103</a>:5: error: node type: ERROR
<a href="../../../../third_party/tests/ivtest/ivltests/sdw_stmt002.v.html#l-106" target="file-frame">third_party/tests/ivtest/ivltests/sdw_stmt002.v:106</a>:16: error: node type: ERROR
<a href="../../../../third_party/tests/ivtest/ivltests/sdw_stmt002.v.html#l-111" target="file-frame">third_party/tests/ivtest/ivltests/sdw_stmt002.v:111</a>:16: error: node type: ERROR
<a href="../../../../third_party/tests/ivtest/ivltests/sdw_stmt002.v.html#l-116" target="file-frame">third_party/tests/ivtest/ivltests/sdw_stmt002.v:116</a>:16: error: node type: ERROR
<a href="../../../../third_party/tests/ivtest/ivltests/sdw_stmt002.v.html#l-121" target="file-frame">third_party/tests/ivtest/ivltests/sdw_stmt002.v:121</a>:11: error: node type: ERROR
<a href="../../../../third_party/tests/ivtest/ivltests/sdw_stmt002.v.html#l-121" target="file-frame">third_party/tests/ivtest/ivltests/sdw_stmt002.v:121</a>:22: error: node type: ERROR
<a href="../../../../third_party/tests/ivtest/ivltests/sdw_stmt002.v.html#l-122" target="file-frame">third_party/tests/ivtest/ivltests/sdw_stmt002.v:122</a>:26: error: node type: ERROR
<a href="../../../../third_party/tests/ivtest/ivltests/sdw_stmt002.v.html#l-127" target="file-frame">third_party/tests/ivtest/ivltests/sdw_stmt002.v:127</a>:16: error: node type: ERROR
<a href="../../../../third_party/tests/ivtest/ivltests/sdw_stmt002.v.html#l-135" target="file-frame">third_party/tests/ivtest/ivltests/sdw_stmt002.v:135</a>:16: error: node type: ERROR
<a href="../../../../third_party/tests/ivtest/ivltests/sdw_stmt002.v.html#l-136" target="file-frame">third_party/tests/ivtest/ivltests/sdw_stmt002.v:136</a>:13: error: node type: ERROR
<a href="../../../../third_party/tests/ivtest/ivltests/sdw_stmt002.v.html#l-141" target="file-frame">third_party/tests/ivtest/ivltests/sdw_stmt002.v:141</a>:16: error: node type: ERROR
<a href="../../../../third_party/tests/ivtest/ivltests/sdw_stmt002.v.html#l-146" target="file-frame">third_party/tests/ivtest/ivltests/sdw_stmt002.v:146</a>:16: error: node type: ERROR

</pre>
</body>