<head>
  <style>
    .log { font-family: "Courier New", Consolas, monospace; font-size: 80%; }
    .test-failed { background-color: #ffaaaa; }
    .test-passed { background-color: #aaffaa; }
  </style>
</head>
<body>
<h3><a href="https://github.com/tree-sitter/tree-sitter-verilog" target="_blank">tree-sitter-verilog</a></h3>
<pre class="test-failed">
description: Test imported from ivtest
rc: 1 (means success: 0)
tags: ivtest
incdirs: /tmpfs/src/github/sv-tests/third_party/tests/ivtest /tmpfs/src/github/sv-tests/third_party/tests/ivtest/ivltests
top_module: 
type: parsing
mode: parsing
files: <a href="../../../../third_party/tests/ivtest/ivltests/select5.v.html" target="file-frame">third_party/tests/ivtest/ivltests/select5.v</a>
defines: 
time_elapsed: 0.090s
ram usage: 30548 KB
</pre>
<pre class="log">

<a href="../../../../third_party/tests/ivtest/ivltests/select5.v.html#l-14" target="file-frame">third_party/tests/ivtest/ivltests/select5.v:14</a>:10: error: node type: ERROR
<a href="../../../../third_party/tests/ivtest/ivltests/select5.v.html#l-19" target="file-frame">third_party/tests/ivtest/ivltests/select5.v:19</a>:10: error: node type: ERROR
<a href="../../../../third_party/tests/ivtest/ivltests/select5.v.html#l-24" target="file-frame">third_party/tests/ivtest/ivltests/select5.v:24</a>:10: error: node type: ERROR
<a href="../../../../third_party/tests/ivtest/ivltests/select5.v.html#l-26" target="file-frame">third_party/tests/ivtest/ivltests/select5.v:26</a>:12: error: node type: )
<a href="../../../../third_party/tests/ivtest/ivltests/select5.v.html#l-29" target="file-frame">third_party/tests/ivtest/ivltests/select5.v:29</a>:10: error: node type: ERROR
<a href="../../../../third_party/tests/ivtest/ivltests/select5.v.html#l-31" target="file-frame">third_party/tests/ivtest/ivltests/select5.v:31</a>:12: error: node type: )
<a href="../../../../third_party/tests/ivtest/ivltests/select5.v.html#l-34" target="file-frame">third_party/tests/ivtest/ivltests/select5.v:34</a>:6: error: node type: ERROR
<a href="../../../../third_party/tests/ivtest/ivltests/select5.v.html#l-34" target="file-frame">third_party/tests/ivtest/ivltests/select5.v:34</a>:26: error: node type: ERROR
<a href="../../../../third_party/tests/ivtest/ivltests/select5.v.html#l-34" target="file-frame">third_party/tests/ivtest/ivltests/select5.v:34</a>:39: error: node type: ERROR
<a href="../../../../third_party/tests/ivtest/ivltests/select5.v.html#l-36" target="file-frame">third_party/tests/ivtest/ivltests/select5.v:36</a>:6: error: node type: ERROR
<a href="../../../../third_party/tests/ivtest/ivltests/select5.v.html#l-45" target="file-frame">third_party/tests/ivtest/ivltests/select5.v:45</a>:6: error: node type: ERROR
<a href="../../../../third_party/tests/ivtest/ivltests/select5.v.html#l-52" target="file-frame">third_party/tests/ivtest/ivltests/select5.v:52</a>:24: error: node type: ERROR

</pre>
</body>