<head>
  <style>
    .log { font-family: "Courier New", Consolas, monospace; font-size: 80%; }
    .test-failed { background-color: #ffaaaa; }
    .test-passed { background-color: #aaffaa; }
  </style>
</head>
<body>
<h3><a href="https://github.com/tree-sitter/tree-sitter-verilog" target="_blank">tree-sitter-verilog</a></h3>
<pre class="test-failed">
description: Test imported from ivtest
rc: 1 (means success: 0)
tags: ivtest
incdirs: /tmpfs/src/github/sv-tests/third_party/tests/ivtest /tmpfs/src/github/sv-tests/third_party/tests/ivtest/ivltests
top_module: 
type: parsing
mode: parsing
files: <a href="../../../../third_party/tests/ivtest/ivltests/select.v.html" target="file-frame">third_party/tests/ivtest/ivltests/select.v</a>
defines: 
time_elapsed: 0.096s
ram usage: 26480 KB
</pre>
<pre class="log">

<a href="../../../../third_party/tests/ivtest/ivltests/select.v.html#l-38" target="file-frame">third_party/tests/ivtest/ivltests/select.v:38</a>:13: error: node type: ERROR
<a href="../../../../third_party/tests/ivtest/ivltests/select.v.html#l-43" target="file-frame">third_party/tests/ivtest/ivltests/select.v:43</a>:12: error: node type: simple_identifier
<a href="../../../../third_party/tests/ivtest/ivltests/select.v.html#l-45" target="file-frame">third_party/tests/ivtest/ivltests/select.v:45</a>:13: error: node type: ERROR
<a href="../../../../third_party/tests/ivtest/ivltests/select.v.html#l-46" target="file-frame">third_party/tests/ivtest/ivltests/select.v:46</a>:19: error: node type: ERROR
<a href="../../../../third_party/tests/ivtest/ivltests/select.v.html#l-46" target="file-frame">third_party/tests/ivtest/ivltests/select.v:46</a>:29: error: node type: ERROR
<a href="../../../../third_party/tests/ivtest/ivltests/select.v.html#l-46" target="file-frame">third_party/tests/ivtest/ivltests/select.v:46</a>:31: error: node type: ERROR
<a href="../../../../third_party/tests/ivtest/ivltests/select.v.html#l-53" target="file-frame">third_party/tests/ivtest/ivltests/select.v:53</a>:22: error: node type: ERROR
<a href="../../../../third_party/tests/ivtest/ivltests/select.v.html#l-53" target="file-frame">third_party/tests/ivtest/ivltests/select.v:53</a>:29: error: node type: ERROR
<a href="../../../../third_party/tests/ivtest/ivltests/select.v.html#l-53" target="file-frame">third_party/tests/ivtest/ivltests/select.v:53</a>:31: error: node type: ERROR
<a href="../../../../third_party/tests/ivtest/ivltests/select.v.html#l-60" target="file-frame">third_party/tests/ivtest/ivltests/select.v:60</a>:22: error: node type: ERROR
<a href="../../../../third_party/tests/ivtest/ivltests/select.v.html#l-60" target="file-frame">third_party/tests/ivtest/ivltests/select.v:60</a>:29: error: node type: ERROR
<a href="../../../../third_party/tests/ivtest/ivltests/select.v.html#l-60" target="file-frame">third_party/tests/ivtest/ivltests/select.v:60</a>:31: error: node type: ERROR

</pre>
</body>