<head>
  <style>
    .log { font-family: "Courier New", Consolas, monospace; font-size: 80%; }
    .test-failed { background-color: #ffaaaa; }
    .test-passed { background-color: #aaffaa; }
  </style>
</head>
<body>
<h3><a href="https://github.com/tree-sitter/tree-sitter-verilog" target="_blank">tree-sitter-verilog</a></h3>
<pre class="test-failed">
description: Test imported from ivtest
rc: 1 (means success: 0)
tags: ivtest
incdirs: /tmpfs/src/github/sv-tests/third_party/tests/ivtest /tmpfs/src/github/sv-tests/third_party/tests/ivtest/ivltests
top_module: 
type: parsing
mode: parsing
files: <a href="../../../../third_party/tests/ivtest/ivltests/select2.v.html" target="file-frame">third_party/tests/ivtest/ivltests/select2.v</a>
defines: 
time_elapsed: 0.093s
ram usage: 18088 KB
</pre>
<pre class="log">

<a href="../../../../third_party/tests/ivtest/ivltests/select2.v.html#l-31" target="file-frame">third_party/tests/ivtest/ivltests/select2.v:31</a>:13: error: node type: ERROR
<a href="../../../../third_party/tests/ivtest/ivltests/select2.v.html#l-36" target="file-frame">third_party/tests/ivtest/ivltests/select2.v:36</a>:12: error: node type: simple_identifier
<a href="../../../../third_party/tests/ivtest/ivltests/select2.v.html#l-38" target="file-frame">third_party/tests/ivtest/ivltests/select2.v:38</a>:13: error: node type: ERROR
<a href="../../../../third_party/tests/ivtest/ivltests/select2.v.html#l-39" target="file-frame">third_party/tests/ivtest/ivltests/select2.v:39</a>:23: error: node type: ERROR
<a href="../../../../third_party/tests/ivtest/ivltests/select2.v.html#l-39" target="file-frame">third_party/tests/ivtest/ivltests/select2.v:39</a>:29: error: node type: ERROR
<a href="../../../../third_party/tests/ivtest/ivltests/select2.v.html#l-39" target="file-frame">third_party/tests/ivtest/ivltests/select2.v:39</a>:35: error: node type: ERROR
<a href="../../../../third_party/tests/ivtest/ivltests/select2.v.html#l-39" target="file-frame">third_party/tests/ivtest/ivltests/select2.v:39</a>:37: error: node type: ERROR
<a href="../../../../third_party/tests/ivtest/ivltests/select2.v.html#l-46" target="file-frame">third_party/tests/ivtest/ivltests/select2.v:46</a>:23: error: node type: ERROR
<a href="../../../../third_party/tests/ivtest/ivltests/select2.v.html#l-46" target="file-frame">third_party/tests/ivtest/ivltests/select2.v:46</a>:29: error: node type: ERROR
<a href="../../../../third_party/tests/ivtest/ivltests/select2.v.html#l-46" target="file-frame">third_party/tests/ivtest/ivltests/select2.v:46</a>:35: error: node type: ERROR
<a href="../../../../third_party/tests/ivtest/ivltests/select2.v.html#l-46" target="file-frame">third_party/tests/ivtest/ivltests/select2.v:46</a>:37: error: node type: ERROR
<a href="../../../../third_party/tests/ivtest/ivltests/select2.v.html#l-53" target="file-frame">third_party/tests/ivtest/ivltests/select2.v:53</a>:23: error: node type: ERROR
<a href="../../../../third_party/tests/ivtest/ivltests/select2.v.html#l-53" target="file-frame">third_party/tests/ivtest/ivltests/select2.v:53</a>:29: error: node type: ERROR
<a href="../../../../third_party/tests/ivtest/ivltests/select2.v.html#l-53" target="file-frame">third_party/tests/ivtest/ivltests/select2.v:53</a>:35: error: node type: ERROR
<a href="../../../../third_party/tests/ivtest/ivltests/select2.v.html#l-53" target="file-frame">third_party/tests/ivtest/ivltests/select2.v:53</a>:37: error: node type: ERROR
<a href="../../../../third_party/tests/ivtest/ivltests/select2.v.html#l-59" target="file-frame">third_party/tests/ivtest/ivltests/select2.v:59</a>:23: error: node type: ERROR
<a href="../../../../third_party/tests/ivtest/ivltests/select2.v.html#l-59" target="file-frame">third_party/tests/ivtest/ivltests/select2.v:59</a>:29: error: node type: ERROR
<a href="../../../../third_party/tests/ivtest/ivltests/select2.v.html#l-59" target="file-frame">third_party/tests/ivtest/ivltests/select2.v:59</a>:35: error: node type: ERROR
<a href="../../../../third_party/tests/ivtest/ivltests/select2.v.html#l-59" target="file-frame">third_party/tests/ivtest/ivltests/select2.v:59</a>:37: error: node type: ERROR

</pre>
</body>