<head>
  <style>
    .log { font-family: "Courier New", Consolas, monospace; font-size: 80%; }
    .test-failed { background-color: #ffaaaa; }
    .test-passed { background-color: #aaffaa; }
  </style>
</head>
<body>
<h3><a href="https://github.com/tree-sitter/tree-sitter-verilog" target="_blank">tree-sitter-verilog</a></h3>
<pre class="test-failed">
description: Test imported from ivtest
rc: 1 (means success: 0)
tags: ivtest
incdirs: /tmpfs/src/github/sv-tests/third_party/tests/ivtest /tmpfs/src/github/sv-tests/third_party/tests/ivtest/ivltests
top_module: 
type: parsing
mode: parsing
files: <a href="../../../../third_party/tests/ivtest/ivltests/shellho1.v.html" target="file-frame">third_party/tests/ivtest/ivltests/shellho1.v</a>
defines: 
time_elapsed: 0.103s
ram usage: 25796 KB
</pre>
<pre class="log">

<a href="../../../../third_party/tests/ivtest/ivltests/shellho1.v.html#l-42" target="file-frame">third_party/tests/ivtest/ivltests/shellho1.v:42</a>:1: error: node type: ERROR
<a href="../../../../third_party/tests/ivtest/ivltests/shellho1.v.html#l-42" target="file-frame">third_party/tests/ivtest/ivltests/shellho1.v:42</a>:19: error: node type: ERROR
<a href="../../../../third_party/tests/ivtest/ivltests/shellho1.v.html#l-46" target="file-frame">third_party/tests/ivtest/ivltests/shellho1.v:46</a>:1: error: node type: ERROR
<a href="../../../../third_party/tests/ivtest/ivltests/shellho1.v.html#l-48" target="file-frame">third_party/tests/ivtest/ivltests/shellho1.v:48</a>:42: error: node type: ERROR
<a href="../../../../third_party/tests/ivtest/ivltests/shellho1.v.html#l-51" target="file-frame">third_party/tests/ivtest/ivltests/shellho1.v:51</a>:22: error: node type: ERROR
<a href="../../../../third_party/tests/ivtest/ivltests/shellho1.v.html#l-55" target="file-frame">third_party/tests/ivtest/ivltests/shellho1.v:55</a>:55: error: node type: ERROR
<a href="../../../../third_party/tests/ivtest/ivltests/shellho1.v.html#l-59" target="file-frame">third_party/tests/ivtest/ivltests/shellho1.v:59</a>:55: error: node type: ERROR
<a href="../../../../third_party/tests/ivtest/ivltests/shellho1.v.html#l-59" target="file-frame">third_party/tests/ivtest/ivltests/shellho1.v:59</a>:59: error: node type: ERROR
<a href="../../../../third_party/tests/ivtest/ivltests/shellho1.v.html#l-65" target="file-frame">third_party/tests/ivtest/ivltests/shellho1.v:65</a>:37: error: node type: ERROR
<a href="../../../../third_party/tests/ivtest/ivltests/shellho1.v.html#l-70" target="file-frame">third_party/tests/ivtest/ivltests/shellho1.v:70</a>:18: error: node type: ERROR
<a href="../../../../third_party/tests/ivtest/ivltests/shellho1.v.html#l-71" target="file-frame">third_party/tests/ivtest/ivltests/shellho1.v:71</a>:18: error: node type: ERROR
<a href="../../../../third_party/tests/ivtest/ivltests/shellho1.v.html#l-71" target="file-frame">third_party/tests/ivtest/ivltests/shellho1.v:71</a>:42: error: node type: ERROR
<a href="../../../../third_party/tests/ivtest/ivltests/shellho1.v.html#l-74" target="file-frame">third_party/tests/ivtest/ivltests/shellho1.v:74</a>:55: error: node type: ERROR
<a href="../../../../third_party/tests/ivtest/ivltests/shellho1.v.html#l-74" target="file-frame">third_party/tests/ivtest/ivltests/shellho1.v:74</a>:59: error: node type: ERROR
<a href="../../../../third_party/tests/ivtest/ivltests/shellho1.v.html#l-77" target="file-frame">third_party/tests/ivtest/ivltests/shellho1.v:77</a>:22: error: node type: ERROR
<a href="../../../../third_party/tests/ivtest/ivltests/shellho1.v.html#l-81" target="file-frame">third_party/tests/ivtest/ivltests/shellho1.v:81</a>:55: error: node type: ERROR
<a href="../../../../third_party/tests/ivtest/ivltests/shellho1.v.html#l-85" target="file-frame">third_party/tests/ivtest/ivltests/shellho1.v:85</a>:55: error: node type: ERROR
<a href="../../../../third_party/tests/ivtest/ivltests/shellho1.v.html#l-87" target="file-frame">third_party/tests/ivtest/ivltests/shellho1.v:87</a>:8: error: node type: ERROR
<a href="../../../../third_party/tests/ivtest/ivltests/shellho1.v.html#l-96" target="file-frame">third_party/tests/ivtest/ivltests/shellho1.v:96</a>:22: error: node type: ERROR

</pre>
</body>