<head>
  <style>
    .log { font-family: "Courier New", Consolas, monospace; font-size: 80%; }
    .test-failed { background-color: #ffaaaa; }
    .test-passed { background-color: #aaffaa; }
  </style>
</head>
<body>
<h3><a href="https://github.com/tree-sitter/tree-sitter-verilog" target="_blank">tree-sitter-verilog</a></h3>
<pre class="test-failed">
description: Test imported from ivtest
rc: 1 (means success: 0)
tags: ivtest
incdirs: /tmpfs/src/github/sv-tests/third_party/tests/ivtest /tmpfs/src/github/sv-tests/third_party/tests/ivtest/ivltests
top_module: 
type: parsing
mode: parsing
files: <a href="../../../../third_party/tests/ivtest/ivltests/sv_darray_decl_assign.v.html" target="file-frame">third_party/tests/ivtest/ivltests/sv_darray_decl_assign.v</a>
defines: 
time_elapsed: 0.104s
ram usage: 25876 KB
</pre>
<pre class="log">

<a href="../../../../third_party/tests/ivtest/ivltests/sv_darray_decl_assign.v.html#l-21" target="file-frame">third_party/tests/ivtest/ivltests/sv_darray_decl_assign.v:21</a>:4: error: node type: ERROR
<a href="../../../../third_party/tests/ivtest/ivltests/sv_darray_decl_assign.v.html#l-21" target="file-frame">third_party/tests/ivtest/ivltests/sv_darray_decl_assign.v:21</a>:19: error: node type: ERROR
<a href="../../../../third_party/tests/ivtest/ivltests/sv_darray_decl_assign.v.html#l-25" target="file-frame">third_party/tests/ivtest/ivltests/sv_darray_decl_assign.v:25</a>:4: error: node type: ERROR
<a href="../../../../third_party/tests/ivtest/ivltests/sv_darray_decl_assign.v.html#l-25" target="file-frame">third_party/tests/ivtest/ivltests/sv_darray_decl_assign.v:25</a>:19: error: node type: ERROR
<a href="../../../../third_party/tests/ivtest/ivltests/sv_darray_decl_assign.v.html#l-32" target="file-frame">third_party/tests/ivtest/ivltests/sv_darray_decl_assign.v:32</a>:4: error: node type: ERROR
<a href="../../../../third_party/tests/ivtest/ivltests/sv_darray_decl_assign.v.html#l-32" target="file-frame">third_party/tests/ivtest/ivltests/sv_darray_decl_assign.v:32</a>:19: error: node type: ERROR
<a href="../../../../third_party/tests/ivtest/ivltests/sv_darray_decl_assign.v.html#l-36" target="file-frame">third_party/tests/ivtest/ivltests/sv_darray_decl_assign.v:36</a>:4: error: node type: ERROR
<a href="../../../../third_party/tests/ivtest/ivltests/sv_darray_decl_assign.v.html#l-36" target="file-frame">third_party/tests/ivtest/ivltests/sv_darray_decl_assign.v:36</a>:19: error: node type: ERROR
<a href="../../../../third_party/tests/ivtest/ivltests/sv_darray_decl_assign.v.html#l-39" target="file-frame">third_party/tests/ivtest/ivltests/sv_darray_decl_assign.v:39</a>:6: error: node type: ERROR

</pre>
</body>