<head>
  <style>
    .log { font-family: "Courier New", Consolas, monospace; font-size: 80%; }
    .test-failed { background-color: #ffaaaa; }
    .test-passed { background-color: #aaffaa; }
  </style>
</head>
<body>
<h3><a href="https://github.com/tree-sitter/tree-sitter-verilog" target="_blank">tree-sitter-verilog</a></h3>
<pre class="test-failed">
description: Test imported from ivtest
rc: 1 (means success: 0)
tags: ivtest
incdirs: /tmpfs/src/github/sv-tests/third_party/tests/ivtest /tmpfs/src/github/sv-tests/third_party/tests/ivtest/ivltests
top_module: 
type: parsing
mode: parsing
files: <a href="../../../../third_party/tests/ivtest/ivltests/sv_darray6.v.html" target="file-frame">third_party/tests/ivtest/ivltests/sv_darray6.v</a>
defines: 
time_elapsed: 0.093s
ram usage: 26124 KB
</pre>
<pre class="log">

<a href="../../../../third_party/tests/ivtest/ivltests/sv_darray6.v.html#l-16" target="file-frame">third_party/tests/ivtest/ivltests/sv_darray6.v:16</a>:10: error: node type: ERROR
<a href="../../../../third_party/tests/ivtest/ivltests/sv_darray6.v.html#l-23" target="file-frame">third_party/tests/ivtest/ivltests/sv_darray6.v:23</a>:11: error: node type: ERROR
<a href="../../../../third_party/tests/ivtest/ivltests/sv_darray6.v.html#l-23" target="file-frame">third_party/tests/ivtest/ivltests/sv_darray6.v:23</a>:27: error: node type: ERROR
<a href="../../../../third_party/tests/ivtest/ivltests/sv_darray6.v.html#l-23" target="file-frame">third_party/tests/ivtest/ivltests/sv_darray6.v:23</a>:45: error: node type: ERROR
<a href="../../../../third_party/tests/ivtest/ivltests/sv_darray6.v.html#l-24" target="file-frame">third_party/tests/ivtest/ivltests/sv_darray6.v:24</a>:18: error: node type: ERROR
<a href="../../../../third_party/tests/ivtest/ivltests/sv_darray6.v.html#l-40" target="file-frame">third_party/tests/ivtest/ivltests/sv_darray6.v:40</a>:11: error: node type: ERROR
<a href="../../../../third_party/tests/ivtest/ivltests/sv_darray6.v.html#l-40" target="file-frame">third_party/tests/ivtest/ivltests/sv_darray6.v:40</a>:29: error: node type: ERROR
<a href="../../../../third_party/tests/ivtest/ivltests/sv_darray6.v.html#l-40" target="file-frame">third_party/tests/ivtest/ivltests/sv_darray6.v:40</a>:47: error: node type: ERROR
<a href="../../../../third_party/tests/ivtest/ivltests/sv_darray6.v.html#l-41" target="file-frame">third_party/tests/ivtest/ivltests/sv_darray6.v:41</a>:18: error: node type: ERROR
<a href="../../../../third_party/tests/ivtest/ivltests/sv_darray6.v.html#l-54" target="file-frame">third_party/tests/ivtest/ivltests/sv_darray6.v:54</a>:24: error: node type: ERROR

</pre>
</body>