<head>
  <style>
    .log { font-family: "Courier New", Consolas, monospace; font-size: 80%; }
    .test-failed { background-color: #ffaaaa; }
    .test-passed { background-color: #aaffaa; }
  </style>
</head>
<body>
<h3><a href="https://github.com/tree-sitter/tree-sitter-verilog" target="_blank">tree-sitter-verilog</a></h3>
<pre class="test-failed">
description: Test imported from ivtest
rc: 1 (means success: 0)
tags: ivtest
incdirs: /tmpfs/src/github/sv-tests/third_party/tests/ivtest /tmpfs/src/github/sv-tests/third_party/tests/ivtest/ivltests
top_module: 
type: parsing
mode: parsing
files: <a href="../../../../third_party/tests/ivtest/ivltests/sv_foreach1.v.html" target="file-frame">third_party/tests/ivtest/ivltests/sv_foreach1.v</a>
defines: 
time_elapsed: 0.092s
ram usage: 30052 KB
</pre>
<pre class="log">

<a href="../../../../third_party/tests/ivtest/ivltests/sv_foreach1.v.html#l-29" target="file-frame">third_party/tests/ivtest/ivltests/sv_foreach1.v:29</a>:13: error: node type: ERROR
<a href="../../../../third_party/tests/ivtest/ivltests/sv_foreach1.v.html#l-33" target="file-frame">third_party/tests/ivtest/ivltests/sv_foreach1.v:33</a>:6: error: node type: ERROR
<a href="../../../../third_party/tests/ivtest/ivltests/sv_foreach1.v.html#l-38" target="file-frame">third_party/tests/ivtest/ivltests/sv_foreach1.v:38</a>:16: error: node type: ERROR
<a href="../../../../third_party/tests/ivtest/ivltests/sv_foreach1.v.html#l-38" target="file-frame">third_party/tests/ivtest/ivltests/sv_foreach1.v:38</a>:22: error: node type: ERROR
<a href="../../../../third_party/tests/ivtest/ivltests/sv_foreach1.v.html#l-39" target="file-frame">third_party/tests/ivtest/ivltests/sv_foreach1.v:39</a>:63: error: node type: ERROR
<a href="../../../../third_party/tests/ivtest/ivltests/sv_foreach1.v.html#l-43" target="file-frame">third_party/tests/ivtest/ivltests/sv_foreach1.v:43</a>:23: error: node type: ERROR
<a href="../../../../third_party/tests/ivtest/ivltests/sv_foreach1.v.html#l-46" target="file-frame">third_party/tests/ivtest/ivltests/sv_foreach1.v:46</a>:11: error: node type: ERROR
<a href="../../../../third_party/tests/ivtest/ivltests/sv_foreach1.v.html#l-47" target="file-frame">third_party/tests/ivtest/ivltests/sv_foreach1.v:47</a>:7: error: node type: ERROR
<a href="../../../../third_party/tests/ivtest/ivltests/sv_foreach1.v.html#l-47" target="file-frame">third_party/tests/ivtest/ivltests/sv_foreach1.v:47</a>:26: error: node type: ERROR
<a href="../../../../third_party/tests/ivtest/ivltests/sv_foreach1.v.html#l-48" target="file-frame">third_party/tests/ivtest/ivltests/sv_foreach1.v:48</a>:22: error: node type: ERROR
<a href="../../../../third_party/tests/ivtest/ivltests/sv_foreach1.v.html#l-48" target="file-frame">third_party/tests/ivtest/ivltests/sv_foreach1.v:48</a>:28: error: node type: ERROR
<a href="../../../../third_party/tests/ivtest/ivltests/sv_foreach1.v.html#l-54" target="file-frame">third_party/tests/ivtest/ivltests/sv_foreach1.v:54</a>:24: error: node type: ERROR

</pre>
</body>