<head>
  <style>
    .log { font-family: "Courier New", Consolas, monospace; font-size: 80%; }
    .test-failed { background-color: #ffaaaa; }
    .test-passed { background-color: #aaffaa; }
  </style>
</head>
<body>
<h3><a href="https://github.com/tree-sitter/tree-sitter-verilog" target="_blank">tree-sitter-verilog</a></h3>
<pre class="test-failed">
description: Test imported from ivtest
rc: 1 (means success: 0)
tags: ivtest
incdirs: /tmpfs/src/github/sv-tests/third_party/tests/ivtest /tmpfs/src/github/sv-tests/third_party/tests/ivtest/ivltests
top_module: 
type: parsing
mode: parsing
files: <a href="../../../../third_party/tests/ivtest/ivltests/sv_foreach2.v.html" target="file-frame">third_party/tests/ivtest/ivltests/sv_foreach2.v</a>
defines: 
time_elapsed: 0.121s
ram usage: 30660 KB
</pre>
<pre class="log">

<a href="../../../../third_party/tests/ivtest/ivltests/sv_foreach2.v.html#l-42" target="file-frame">third_party/tests/ivtest/ivltests/sv_foreach2.v:42</a>:13: error: node type: ERROR
<a href="../../../../third_party/tests/ivtest/ivltests/sv_foreach2.v.html#l-46" target="file-frame">third_party/tests/ivtest/ivltests/sv_foreach2.v:46</a>:6: error: node type: ERROR
<a href="../../../../third_party/tests/ivtest/ivltests/sv_foreach2.v.html#l-51" target="file-frame">third_party/tests/ivtest/ivltests/sv_foreach2.v:51</a>:16: error: node type: ERROR
<a href="../../../../third_party/tests/ivtest/ivltests/sv_foreach2.v.html#l-60" target="file-frame">third_party/tests/ivtest/ivltests/sv_foreach2.v:60</a>:11: error: node type: ERROR
<a href="../../../../third_party/tests/ivtest/ivltests/sv_foreach2.v.html#l-60" target="file-frame">third_party/tests/ivtest/ivltests/sv_foreach2.v:60</a>:29: error: node type: ERROR
<a href="../../../../third_party/tests/ivtest/ivltests/sv_foreach2.v.html#l-61" target="file-frame">third_party/tests/ivtest/ivltests/sv_foreach2.v:61</a>:7: error: node type: ERROR
<a href="../../../../third_party/tests/ivtest/ivltests/sv_foreach2.v.html#l-61" target="file-frame">third_party/tests/ivtest/ivltests/sv_foreach2.v:61</a>:26: error: node type: ERROR
<a href="../../../../third_party/tests/ivtest/ivltests/sv_foreach2.v.html#l-62" target="file-frame">third_party/tests/ivtest/ivltests/sv_foreach2.v:62</a>:22: error: node type: ERROR
<a href="../../../../third_party/tests/ivtest/ivltests/sv_foreach2.v.html#l-62" target="file-frame">third_party/tests/ivtest/ivltests/sv_foreach2.v:62</a>:27: error: node type: ERROR
<a href="../../../../third_party/tests/ivtest/ivltests/sv_foreach2.v.html#l-68" target="file-frame">third_party/tests/ivtest/ivltests/sv_foreach2.v:68</a>:24: error: node type: ERROR

</pre>
</body>