<head>
  <style>
    .log { font-family: "Courier New", Consolas, monospace; font-size: 80%; }
    .test-failed { background-color: #ffaaaa; }
    .test-passed { background-color: #aaffaa; }
  </style>
</head>
<body>
<h3><a href="https://github.com/tree-sitter/tree-sitter-verilog" target="_blank">tree-sitter-verilog</a></h3>
<pre class="test-failed">
description: Test imported from ivtest
rc: 1 (means success: 0)
tags: ivtest
incdirs: /tmpfs/src/github/sv-tests/third_party/tests/ivtest /tmpfs/src/github/sv-tests/third_party/tests/ivtest/ivltests
top_module: 
type: parsing
mode: parsing
files: <a href="../../../../third_party/tests/ivtest/ivltests/sv_package2.v.html" target="file-frame">third_party/tests/ivtest/ivltests/sv_package2.v</a>
defines: 
time_elapsed: 0.102s
ram usage: 26320 KB
</pre>
<pre class="log">

<a href="../../../../third_party/tests/ivtest/ivltests/sv_package2.v.html#l-22" target="file-frame">third_party/tests/ivtest/ivltests/sv_package2.v:22</a>:10: error: node type: ERROR
<a href="../../../../third_party/tests/ivtest/ivltests/sv_package2.v.html#l-27" target="file-frame">third_party/tests/ivtest/ivltests/sv_package2.v:27</a>:10: error: node type: ERROR
<a href="../../../../third_party/tests/ivtest/ivltests/sv_package2.v.html#l-32" target="file-frame">third_party/tests/ivtest/ivltests/sv_package2.v:32</a>:24: error: node type: ERROR
<a href="../../../../third_party/tests/ivtest/ivltests/sv_package2.v.html#l-33" target="file-frame">third_party/tests/ivtest/ivltests/sv_package2.v:33</a>:10: error: node type: ERROR
<a href="../../../../third_party/tests/ivtest/ivltests/sv_package2.v.html#l-38" target="file-frame">third_party/tests/ivtest/ivltests/sv_package2.v:38</a>:24: error: node type: ERROR
<a href="../../../../third_party/tests/ivtest/ivltests/sv_package2.v.html#l-39" target="file-frame">third_party/tests/ivtest/ivltests/sv_package2.v:39</a>:10: error: node type: ERROR
<a href="../../../../third_party/tests/ivtest/ivltests/sv_package2.v.html#l-44" target="file-frame">third_party/tests/ivtest/ivltests/sv_package2.v:44</a>:24: error: node type: ERROR

</pre>
</body>