<head>
  <style>
    .log { font-family: "Courier New", Consolas, monospace; font-size: 80%; }
    .test-failed { background-color: #ffaaaa; }
    .test-passed { background-color: #aaffaa; }
  </style>
</head>
<body>
<h3><a href="https://github.com/tree-sitter/tree-sitter-verilog" target="_blank">tree-sitter-verilog</a></h3>
<pre class="test-failed">
description: Test imported from ivtest
rc: 1 (means success: 0)
tags: ivtest
incdirs: /tmpfs/src/github/sv-tests/third_party/tests/ivtest /tmpfs/src/github/sv-tests/third_party/tests/ivtest/ivltests
top_module: 
type: parsing
mode: parsing
files: <a href="../../../../third_party/tests/ivtest/ivltests/test_tliteral.v.html" target="file-frame">third_party/tests/ivtest/ivltests/test_tliteral.v</a>
defines: 
time_elapsed: 0.105s
ram usage: 22164 KB
</pre>
<pre class="log">

<a href="../../../../third_party/tests/ivtest/ivltests/test_tliteral.v.html#l-12" target="file-frame">third_party/tests/ivtest/ivltests/test_tliteral.v:12</a>:8: error: node type: ERROR
<a href="../../../../third_party/tests/ivtest/ivltests/test_tliteral.v.html#l-21" target="file-frame">third_party/tests/ivtest/ivltests/test_tliteral.v:21</a>:8: error: node type: ERROR
<a href="../../../../third_party/tests/ivtest/ivltests/test_tliteral.v.html#l-30" target="file-frame">third_party/tests/ivtest/ivltests/test_tliteral.v:30</a>:8: error: node type: ERROR
<a href="../../../../third_party/tests/ivtest/ivltests/test_tliteral.v.html#l-39" target="file-frame">third_party/tests/ivtest/ivltests/test_tliteral.v:39</a>:8: error: node type: ERROR
<a href="../../../../third_party/tests/ivtest/ivltests/test_tliteral.v.html#l-48" target="file-frame">third_party/tests/ivtest/ivltests/test_tliteral.v:48</a>:8: error: node type: ERROR
<a href="../../../../third_party/tests/ivtest/ivltests/test_tliteral.v.html#l-57" target="file-frame">third_party/tests/ivtest/ivltests/test_tliteral.v:57</a>:8: error: node type: ERROR
<a href="../../../../third_party/tests/ivtest/ivltests/test_tliteral.v.html#l-66" target="file-frame">third_party/tests/ivtest/ivltests/test_tliteral.v:66</a>:8: error: node type: ERROR
<a href="../../../../third_party/tests/ivtest/ivltests/test_tliteral.v.html#l-75" target="file-frame">third_party/tests/ivtest/ivltests/test_tliteral.v:75</a>:8: error: node type: ERROR
<a href="../../../../third_party/tests/ivtest/ivltests/test_tliteral.v.html#l-84" target="file-frame">third_party/tests/ivtest/ivltests/test_tliteral.v:84</a>:8: error: node type: ERROR
<a href="../../../../third_party/tests/ivtest/ivltests/test_tliteral.v.html#l-88" target="file-frame">third_party/tests/ivtest/ivltests/test_tliteral.v:88</a>:19: error: node type: ERROR

</pre>
</body>