<head>
  <style>
    .log { font-family: "Courier New", Consolas, monospace; font-size: 80%; }
    .test-failed { background-color: #ffaaaa; }
    .test-passed { background-color: #aaffaa; }
  </style>
</head>
<body>
<h3><a href="https://github.com/tree-sitter/tree-sitter-verilog" target="_blank">tree-sitter-verilog</a></h3>
<pre class="test-failed">
description: Test imported from ivtest
rc: 1 (means success: 0)
tags: ivtest
incdirs: /tmpfs/src/github/sv-tests/third_party/tests/ivtest /tmpfs/src/github/sv-tests/third_party/tests/ivtest/ivltests
top_module: 
type: parsing
mode: parsing
files: <a href="../../../../third_party/tests/ivtest/ivltests/time7.v.html" target="file-frame">third_party/tests/ivtest/ivltests/time7.v</a>
defines: 
time_elapsed: 0.092s
ram usage: 26344 KB
</pre>
<pre class="log">

<a href="../../../../third_party/tests/ivtest/ivltests/time7.v.html#l-35" target="file-frame">third_party/tests/ivtest/ivltests/time7.v:35</a>:8: error: node type: ERROR
<a href="../../../../third_party/tests/ivtest/ivltests/time7.v.html#l-35" target="file-frame">third_party/tests/ivtest/ivltests/time7.v:35</a>:24: error: node type: ERROR
<a href="../../../../third_party/tests/ivtest/ivltests/time7.v.html#l-42" target="file-frame">third_party/tests/ivtest/ivltests/time7.v:42</a>:9: error: node type: ERROR
<a href="../../../../third_party/tests/ivtest/ivltests/time7.v.html#l-43" target="file-frame">third_party/tests/ivtest/ivltests/time7.v:43</a>:5: error: node type: ERROR
<a href="../../../../third_party/tests/ivtest/ivltests/time7.v.html#l-65" target="file-frame">third_party/tests/ivtest/ivltests/time7.v:65</a>:19: error: node type: end
<a href="../../../../third_party/tests/ivtest/ivltests/time7.v.html#l-66" target="file-frame">third_party/tests/ivtest/ivltests/time7.v:66</a>:17: error: node type: ERROR
<a href="../../../../third_party/tests/ivtest/ivltests/time7.v.html#l-67" target="file-frame">third_party/tests/ivtest/ivltests/time7.v:67</a>:35: error: node type: ERROR
<a href="../../../../third_party/tests/ivtest/ivltests/time7.v.html#l-73" target="file-frame">third_party/tests/ivtest/ivltests/time7.v:73</a>:19: error: node type: end
<a href="../../../../third_party/tests/ivtest/ivltests/time7.v.html#l-75" target="file-frame">third_party/tests/ivtest/ivltests/time7.v:75</a>:35: error: node type: ERROR
<a href="../../../../third_party/tests/ivtest/ivltests/time7.v.html#l-79" target="file-frame">third_party/tests/ivtest/ivltests/time7.v:79</a>:18: error: node type: ;
<a href="../../../../third_party/tests/ivtest/ivltests/time7.v.html#l-80" target="file-frame">third_party/tests/ivtest/ivltests/time7.v:80</a>:12: error: node type: ERROR

</pre>
</body>