<head>
  <style>
    .log { font-family: "Courier New", Consolas, monospace; font-size: 80%; }
    .test-failed { background-color: #ffaaaa; }
    .test-passed { background-color: #aaffaa; }
  </style>
</head>
<body>
<h3><a href="https://github.com/tree-sitter/tree-sitter-verilog" target="_blank">tree-sitter-verilog</a></h3>
<pre class="test-failed">
description: Test imported from ivtest
rc: 1 (means success: 0)
tags: ivtest
incdirs: /tmpfs/src/github/sv-tests/third_party/tests/ivtest /tmpfs/src/github/sv-tests/third_party/tests/ivtest/ivltests
top_module: 
type: parsing
mode: parsing
files: <a href="../../../../third_party/tests/ivtest/ivltests/udp_eval_arg.v.html" target="file-frame">third_party/tests/ivtest/ivltests/udp_eval_arg.v</a>
defines: 
time_elapsed: 0.102s
ram usage: 30580 KB
</pre>
<pre class="log">

<a href="../../../../third_party/tests/ivtest/ivltests/udp_eval_arg.v.html#l-20" target="file-frame">third_party/tests/ivtest/ivltests/udp_eval_arg.v:20</a>:8: error: node type: ERROR
<a href="../../../../third_party/tests/ivtest/ivltests/udp_eval_arg.v.html#l-24" target="file-frame">third_party/tests/ivtest/ivltests/udp_eval_arg.v:24</a>:10: error: node type: simple_identifier
<a href="../../../../third_party/tests/ivtest/ivltests/udp_eval_arg.v.html#l-25" target="file-frame">third_party/tests/ivtest/ivltests/udp_eval_arg.v:25</a>:4: error: node type: ERROR
<a href="../../../../third_party/tests/ivtest/ivltests/udp_eval_arg.v.html#l-28" target="file-frame">third_party/tests/ivtest/ivltests/udp_eval_arg.v:28</a>:11: error: node type: ERROR
<a href="../../../../third_party/tests/ivtest/ivltests/udp_eval_arg.v.html#l-37" target="file-frame">third_party/tests/ivtest/ivltests/udp_eval_arg.v:37</a>:21: error: node type: ERROR
<a href="../../../../third_party/tests/ivtest/ivltests/udp_eval_arg.v.html#l-40" target="file-frame">third_party/tests/ivtest/ivltests/udp_eval_arg.v:40</a>:9: error: node type: simple_identifier
<a href="../../../../third_party/tests/ivtest/ivltests/udp_eval_arg.v.html#l-40" target="file-frame">third_party/tests/ivtest/ivltests/udp_eval_arg.v:40</a>:13: error: node type: ERROR
<a href="../../../../third_party/tests/ivtest/ivltests/udp_eval_arg.v.html#l-41" target="file-frame">third_party/tests/ivtest/ivltests/udp_eval_arg.v:41</a>:9: error: node type: simple_identifier
<a href="../../../../third_party/tests/ivtest/ivltests/udp_eval_arg.v.html#l-41" target="file-frame">third_party/tests/ivtest/ivltests/udp_eval_arg.v:41</a>:13: error: node type: ERROR
<a href="../../../../third_party/tests/ivtest/ivltests/udp_eval_arg.v.html#l-42" target="file-frame">third_party/tests/ivtest/ivltests/udp_eval_arg.v:42</a>:13: error: node type: ERROR
<a href="../../../../third_party/tests/ivtest/ivltests/udp_eval_arg.v.html#l-46" target="file-frame">third_party/tests/ivtest/ivltests/udp_eval_arg.v:46</a>:10: error: node type: ::

</pre>
</body>