<head>
  <style>
    .log { font-family: "Courier New", Consolas, monospace; font-size: 80%; }
    .test-failed { background-color: #ffaaaa; }
    .test-passed { background-color: #aaffaa; }
  </style>
</head>
<body>
<h3><a href="https://github.com/tree-sitter/tree-sitter-verilog" target="_blank">tree-sitter-verilog</a></h3>
<pre class="test-failed">
description: Test imported from ivtest
rc: 1 (means success: 0)
tags: ivtest
incdirs: /tmpfs/src/github/sv-tests/third_party/tests/ivtest /tmpfs/src/github/sv-tests/third_party/tests/ivtest/ivltests
top_module: 
type: parsing
mode: parsing
files: <a href="../../../../third_party/tests/ivtest/ivltests/undefined_shift.v.html" target="file-frame">third_party/tests/ivtest/ivltests/undefined_shift.v</a>
defines: 
time_elapsed: 0.093s
ram usage: 28032 KB
</pre>
<pre class="log">

<a href="../../../../third_party/tests/ivtest/ivltests/undefined_shift.v.html#l-28" target="file-frame">third_party/tests/ivtest/ivltests/undefined_shift.v:28</a>:8: error: node type: ERROR
<a href="../../../../third_party/tests/ivtest/ivltests/undefined_shift.v.html#l-35" target="file-frame">third_party/tests/ivtest/ivltests/undefined_shift.v:35</a>:11: error: node type: ERROR
<a href="../../../../third_party/tests/ivtest/ivltests/undefined_shift.v.html#l-40" target="file-frame">third_party/tests/ivtest/ivltests/undefined_shift.v:40</a>:11: error: node type: ERROR
<a href="../../../../third_party/tests/ivtest/ivltests/undefined_shift.v.html#l-45" target="file-frame">third_party/tests/ivtest/ivltests/undefined_shift.v:45</a>:11: error: node type: ERROR
<a href="../../../../third_party/tests/ivtest/ivltests/undefined_shift.v.html#l-50" target="file-frame">third_party/tests/ivtest/ivltests/undefined_shift.v:50</a>:11: error: node type: ERROR
<a href="../../../../third_party/tests/ivtest/ivltests/undefined_shift.v.html#l-55" target="file-frame">third_party/tests/ivtest/ivltests/undefined_shift.v:55</a>:11: error: node type: ERROR
<a href="../../../../third_party/tests/ivtest/ivltests/undefined_shift.v.html#l-60" target="file-frame">third_party/tests/ivtest/ivltests/undefined_shift.v:60</a>:11: error: node type: ERROR
<a href="../../../../third_party/tests/ivtest/ivltests/undefined_shift.v.html#l-65" target="file-frame">third_party/tests/ivtest/ivltests/undefined_shift.v:65</a>:11: error: node type: ERROR
<a href="../../../../third_party/tests/ivtest/ivltests/undefined_shift.v.html#l-70" target="file-frame">third_party/tests/ivtest/ivltests/undefined_shift.v:70</a>:11: error: node type: ERROR
<a href="../../../../third_party/tests/ivtest/ivltests/undefined_shift.v.html#l-75" target="file-frame">third_party/tests/ivtest/ivltests/undefined_shift.v:75</a>:11: error: node type: ERROR
<a href="../../../../third_party/tests/ivtest/ivltests/undefined_shift.v.html#l-80" target="file-frame">third_party/tests/ivtest/ivltests/undefined_shift.v:80</a>:11: error: node type: ERROR
<a href="../../../../third_party/tests/ivtest/ivltests/undefined_shift.v.html#l-124" target="file-frame">third_party/tests/ivtest/ivltests/undefined_shift.v:124</a>:8: error: node type: ERROR
<a href="../../../../third_party/tests/ivtest/ivltests/undefined_shift.v.html#l-130" target="file-frame">third_party/tests/ivtest/ivltests/undefined_shift.v:130</a>:8: error: node type: ERROR
<a href="../../../../third_party/tests/ivtest/ivltests/undefined_shift.v.html#l-136" target="file-frame">third_party/tests/ivtest/ivltests/undefined_shift.v:136</a>:8: error: node type: ERROR
<a href="../../../../third_party/tests/ivtest/ivltests/undefined_shift.v.html#l-142" target="file-frame">third_party/tests/ivtest/ivltests/undefined_shift.v:142</a>:8: error: node type: ERROR
<a href="../../../../third_party/tests/ivtest/ivltests/undefined_shift.v.html#l-148" target="file-frame">third_party/tests/ivtest/ivltests/undefined_shift.v:148</a>:8: error: node type: ERROR
<a href="../../../../third_party/tests/ivtest/ivltests/undefined_shift.v.html#l-154" target="file-frame">third_party/tests/ivtest/ivltests/undefined_shift.v:154</a>:8: error: node type: ERROR
<a href="../../../../third_party/tests/ivtest/ivltests/undefined_shift.v.html#l-157" target="file-frame">third_party/tests/ivtest/ivltests/undefined_shift.v:157</a>:11: error: node type: ERROR

</pre>
</body>