<head>
  <style>
    .log { font-family: "Courier New", Consolas, monospace; font-size: 80%; }
    .test-failed { background-color: #ffaaaa; }
    .test-passed { background-color: #aaffaa; }
  </style>
</head>
<body>
<h3><a href="https://github.com/tree-sitter/tree-sitter-verilog" target="_blank">tree-sitter-verilog</a></h3>
<pre class="test-failed">
description: Test imported from ivtest
rc: 1 (means success: 0)
tags: ivtest
incdirs: /tmpfs/src/github/sv-tests/third_party/tests/ivtest /tmpfs/src/github/sv-tests/third_party/tests/ivtest/ivltests
top_module: 
type: parsing
mode: parsing
files: <a href="../../../../third_party/tests/ivtest/ivltests/vardly.v.html" target="file-frame">third_party/tests/ivtest/ivltests/vardly.v</a>
defines: 
time_elapsed: 0.102s
ram usage: 18068 KB
</pre>
<pre class="log">

<a href="../../../../third_party/tests/ivtest/ivltests/vardly.v.html#l-18" target="file-frame">third_party/tests/ivtest/ivltests/vardly.v:18</a>:7: error: node type: ERROR
<a href="../../../../third_party/tests/ivtest/ivltests/vardly.v.html#l-22" target="file-frame">third_party/tests/ivtest/ivltests/vardly.v:22</a>:6: error: node type: ERROR
<a href="../../../../third_party/tests/ivtest/ivltests/vardly.v.html#l-24" target="file-frame">third_party/tests/ivtest/ivltests/vardly.v:24</a>:7: error: node type: ERROR
<a href="../../../../third_party/tests/ivtest/ivltests/vardly.v.html#l-28" target="file-frame">third_party/tests/ivtest/ivltests/vardly.v:28</a>:6: error: node type: ERROR
<a href="../../../../third_party/tests/ivtest/ivltests/vardly.v.html#l-30" target="file-frame">third_party/tests/ivtest/ivltests/vardly.v:30</a>:7: error: node type: ERROR
<a href="../../../../third_party/tests/ivtest/ivltests/vardly.v.html#l-34" target="file-frame">third_party/tests/ivtest/ivltests/vardly.v:34</a>:6: error: node type: ERROR
<a href="../../../../third_party/tests/ivtest/ivltests/vardly.v.html#l-36" target="file-frame">third_party/tests/ivtest/ivltests/vardly.v:36</a>:7: error: node type: ERROR
<a href="../../../../third_party/tests/ivtest/ivltests/vardly.v.html#l-40" target="file-frame">third_party/tests/ivtest/ivltests/vardly.v:40</a>:6: error: node type: ERROR
<a href="../../../../third_party/tests/ivtest/ivltests/vardly.v.html#l-42" target="file-frame">third_party/tests/ivtest/ivltests/vardly.v:42</a>:7: error: node type: ERROR
<a href="../../../../third_party/tests/ivtest/ivltests/vardly.v.html#l-48" target="file-frame">third_party/tests/ivtest/ivltests/vardly.v:48</a>:7: error: node type: ERROR

</pre>
</body>