<head>
  <style>
    .log { font-family: "Courier New", Consolas, monospace; font-size: 80%; }
    .test-failed { background-color: #ffaaaa; }
    .test-passed { background-color: #aaffaa; }
  </style>
</head>
<body>
<h3><a href="https://github.com/tree-sitter/tree-sitter-verilog" target="_blank">tree-sitter-verilog</a></h3>
<pre class="test-failed">
description: Test imported from ivtest
rc: 1 (means success: 0)
tags: ivtest
incdirs: /tmpfs/src/github/sv-tests/third_party/tests/ivtest /tmpfs/src/github/sv-tests/third_party/tests/ivtest/ivltests
top_module: 
type: parsing
mode: parsing
files: <a href="../../../../third_party/tests/ivtest/ivltests/verify_two_var_delays.v.html" target="file-frame">third_party/tests/ivtest/ivltests/verify_two_var_delays.v</a>
defines: 
time_elapsed: 0.094s
ram usage: 33068 KB
</pre>
<pre class="log">

<a href="../../../../third_party/tests/ivtest/ivltests/verify_two_var_delays.v.html#l-8" target="file-frame">third_party/tests/ivtest/ivltests/verify_two_var_delays.v:8</a>:12: error: node type: ERROR
<a href="../../../../third_party/tests/ivtest/ivltests/verify_two_var_delays.v.html#l-9" target="file-frame">third_party/tests/ivtest/ivltests/verify_two_var_delays.v:9</a>:15: error: node type: ERROR
<a href="../../../../third_party/tests/ivtest/ivltests/verify_two_var_delays.v.html#l-14" target="file-frame">third_party/tests/ivtest/ivltests/verify_two_var_delays.v:14</a>:8: error: node type: ERROR
<a href="../../../../third_party/tests/ivtest/ivltests/verify_two_var_delays.v.html#l-24" target="file-frame">third_party/tests/ivtest/ivltests/verify_two_var_delays.v:24</a>:11: error: node type: ERROR
<a href="../../../../third_party/tests/ivtest/ivltests/verify_two_var_delays.v.html#l-30" target="file-frame">third_party/tests/ivtest/ivltests/verify_two_var_delays.v:30</a>:2: error: node type: ERROR
<a href="../../../../third_party/tests/ivtest/ivltests/verify_two_var_delays.v.html#l-34" target="file-frame">third_party/tests/ivtest/ivltests/verify_two_var_delays.v:34</a>:13: error: node type: ERROR
<a href="../../../../third_party/tests/ivtest/ivltests/verify_two_var_delays.v.html#l-41" target="file-frame">third_party/tests/ivtest/ivltests/verify_two_var_delays.v:41</a>:23: error: node type: ERROR
<a href="../../../../third_party/tests/ivtest/ivltests/verify_two_var_delays.v.html#l-42" target="file-frame">third_party/tests/ivtest/ivltests/verify_two_var_delays.v:42</a>:25: error: node type: ERROR
<a href="../../../../third_party/tests/ivtest/ivltests/verify_two_var_delays.v.html#l-50" target="file-frame">third_party/tests/ivtest/ivltests/verify_two_var_delays.v:50</a>:26: error: node type: ERROR
<a href="../../../../third_party/tests/ivtest/ivltests/verify_two_var_delays.v.html#l-50" target="file-frame">third_party/tests/ivtest/ivltests/verify_two_var_delays.v:50</a>:40: error: node type: ERROR
<a href="../../../../third_party/tests/ivtest/ivltests/verify_two_var_delays.v.html#l-52" target="file-frame">third_party/tests/ivtest/ivltests/verify_two_var_delays.v:52</a>:13: error: node type: ERROR
<a href="../../../../third_party/tests/ivtest/ivltests/verify_two_var_delays.v.html#l-58" target="file-frame">third_party/tests/ivtest/ivltests/verify_two_var_delays.v:58</a>:9: error: node type: ERROR
<a href="../../../../third_party/tests/ivtest/ivltests/verify_two_var_delays.v.html#l-58" target="file-frame">third_party/tests/ivtest/ivltests/verify_two_var_delays.v:58</a>:13: error: node type: ERROR
<a href="../../../../third_party/tests/ivtest/ivltests/verify_two_var_delays.v.html#l-59" target="file-frame">third_party/tests/ivtest/ivltests/verify_two_var_delays.v:59</a>:9: error: node type: ERROR
<a href="../../../../third_party/tests/ivtest/ivltests/verify_two_var_delays.v.html#l-59" target="file-frame">third_party/tests/ivtest/ivltests/verify_two_var_delays.v:59</a>:13: error: node type: ERROR
<a href="../../../../third_party/tests/ivtest/ivltests/verify_two_var_delays.v.html#l-60" target="file-frame">third_party/tests/ivtest/ivltests/verify_two_var_delays.v:60</a>:8: error: node type: ERROR
<a href="../../../../third_party/tests/ivtest/ivltests/verify_two_var_delays.v.html#l-62" target="file-frame">third_party/tests/ivtest/ivltests/verify_two_var_delays.v:62</a>:4: error: node type: ERROR
<a href="../../../../third_party/tests/ivtest/ivltests/verify_two_var_delays.v.html#l-64" target="file-frame">third_party/tests/ivtest/ivltests/verify_two_var_delays.v:64</a>:20: error: node type: ERROR
<a href="../../../../third_party/tests/ivtest/ivltests/verify_two_var_delays.v.html#l-67" target="file-frame">third_party/tests/ivtest/ivltests/verify_two_var_delays.v:67</a>:4: error: node type: ERROR
<a href="../../../../third_party/tests/ivtest/ivltests/verify_two_var_delays.v.html#l-69" target="file-frame">third_party/tests/ivtest/ivltests/verify_two_var_delays.v:69</a>:20: error: node type: ERROR
<a href="../../../../third_party/tests/ivtest/ivltests/verify_two_var_delays.v.html#l-72" target="file-frame">third_party/tests/ivtest/ivltests/verify_two_var_delays.v:72</a>:10: error: node type: ERROR
<a href="../../../../third_party/tests/ivtest/ivltests/verify_two_var_delays.v.html#l-73" target="file-frame">third_party/tests/ivtest/ivltests/verify_two_var_delays.v:73</a>:7: error: node type: ERROR
<a href="../../../../third_party/tests/ivtest/ivltests/verify_two_var_delays.v.html#l-74" target="file-frame">third_party/tests/ivtest/ivltests/verify_two_var_delays.v:74</a>:20: error: node type: ERROR
<a href="../../../../third_party/tests/ivtest/ivltests/verify_two_var_delays.v.html#l-77" target="file-frame">third_party/tests/ivtest/ivltests/verify_two_var_delays.v:77</a>:4: error: node type: ERROR
<a href="../../../../third_party/tests/ivtest/ivltests/verify_two_var_delays.v.html#l-79" target="file-frame">third_party/tests/ivtest/ivltests/verify_two_var_delays.v:79</a>:20: error: node type: ERROR
<a href="../../../../third_party/tests/ivtest/ivltests/verify_two_var_delays.v.html#l-86" target="file-frame">third_party/tests/ivtest/ivltests/verify_two_var_delays.v:86</a>:9: error: node type: ERROR
<a href="../../../../third_party/tests/ivtest/ivltests/verify_two_var_delays.v.html#l-86" target="file-frame">third_party/tests/ivtest/ivltests/verify_two_var_delays.v:86</a>:13: error: node type: ERROR
<a href="../../../../third_party/tests/ivtest/ivltests/verify_two_var_delays.v.html#l-88" target="file-frame">third_party/tests/ivtest/ivltests/verify_two_var_delays.v:88</a>:4: error: node type: ERROR
<a href="../../../../third_party/tests/ivtest/ivltests/verify_two_var_delays.v.html#l-90" target="file-frame">third_party/tests/ivtest/ivltests/verify_two_var_delays.v:90</a>:20: error: node type: ERROR
<a href="../../../../third_party/tests/ivtest/ivltests/verify_two_var_delays.v.html#l-93" target="file-frame">third_party/tests/ivtest/ivltests/verify_two_var_delays.v:93</a>:4: error: node type: ERROR
<a href="../../../../third_party/tests/ivtest/ivltests/verify_two_var_delays.v.html#l-95" target="file-frame">third_party/tests/ivtest/ivltests/verify_two_var_delays.v:95</a>:20: error: node type: ERROR
<a href="../../../../third_party/tests/ivtest/ivltests/verify_two_var_delays.v.html#l-102" target="file-frame">third_party/tests/ivtest/ivltests/verify_two_var_delays.v:102</a>:9: error: node type: ERROR
<a href="../../../../third_party/tests/ivtest/ivltests/verify_two_var_delays.v.html#l-102" target="file-frame">third_party/tests/ivtest/ivltests/verify_two_var_delays.v:102</a>:13: error: node type: ERROR
<a href="../../../../third_party/tests/ivtest/ivltests/verify_two_var_delays.v.html#l-104" target="file-frame">third_party/tests/ivtest/ivltests/verify_two_var_delays.v:104</a>:4: error: node type: ERROR

</pre>
</body>