<head>
  <style>
    .log { font-family: "Courier New", Consolas, monospace; font-size: 80%; }
    .test-failed { background-color: #ffaaaa; }
    .test-passed { background-color: #aaffaa; }
  </style>
</head>
<body>
<h3><a href="https://github.com/tree-sitter/tree-sitter-verilog" target="_blank">tree-sitter-verilog</a></h3>
<pre class="test-failed">
description: Test imported from ivtest
rc: 1 (means success: 0)
tags: ivtest
incdirs: /tmpfs/src/github/sv-tests/third_party/tests/ivtest /tmpfs/src/github/sv-tests/third_party/tests/ivtest/ivltests
top_module: 
type: parsing
mode: parsing
files: <a href="../../../../third_party/tests/ivtest/ivltests/wait2.v.html" target="file-frame">third_party/tests/ivtest/ivltests/wait2.v</a>
defines: 
time_elapsed: 0.101s
ram usage: 26632 KB
</pre>
<pre class="log">

<a href="../../../../third_party/tests/ivtest/ivltests/wait2.v.html#l-27" target="file-frame">third_party/tests/ivtest/ivltests/wait2.v:27</a>:10: error: node type: ERROR
<a href="../../../../third_party/tests/ivtest/ivltests/wait2.v.html#l-33" target="file-frame">third_party/tests/ivtest/ivltests/wait2.v:33</a>:6: error: node type: ERROR
<a href="../../../../third_party/tests/ivtest/ivltests/wait2.v.html#l-35" target="file-frame">third_party/tests/ivtest/ivltests/wait2.v:35</a>:10: error: node type: ERROR
<a href="../../../../third_party/tests/ivtest/ivltests/wait2.v.html#l-40" target="file-frame">third_party/tests/ivtest/ivltests/wait2.v:40</a>:10: error: node type: ERROR
<a href="../../../../third_party/tests/ivtest/ivltests/wait2.v.html#l-42" target="file-frame">third_party/tests/ivtest/ivltests/wait2.v:42</a>:9: error: node type: )
<a href="../../../../third_party/tests/ivtest/ivltests/wait2.v.html#l-45" target="file-frame">third_party/tests/ivtest/ivltests/wait2.v:45</a>:6: error: node type: ERROR
<a href="../../../../third_party/tests/ivtest/ivltests/wait2.v.html#l-45" target="file-frame">third_party/tests/ivtest/ivltests/wait2.v:45</a>:15: error: node type: ERROR
<a href="../../../../third_party/tests/ivtest/ivltests/wait2.v.html#l-45" target="file-frame">third_party/tests/ivtest/ivltests/wait2.v:45</a>:22: error: node type: ERROR

</pre>
</body>