<head>
  <style>
    .log { font-family: "Courier New", Consolas, monospace; font-size: 80%; }
    .test-failed { background-color: #ffaaaa; }
    .test-passed { background-color: #aaffaa; }
  </style>
</head>
<body>
<h3><a href="https://github.com/MikePopoloski/slang" target="_blank">slang</a></h3>
<pre class="test-failed">
description: Tests imported from yosys
rc: 1 (means success: 0)
tags: yosys
incdirs: /tmpfs/src/github/sv-tests/third_party/tools/yosys/tests/sva
top_module: 
type: parsing
mode: parsing
files: <a href="../../../../third_party/tools/yosys/tests/sva/basic05.sv.html" target="file-frame">third_party/tools/yosys/tests/sva/basic05.sv</a>
defines: 
time_elapsed: 0.003s
ram usage: 9040 KB
</pre>
<pre class="log">

slang-driver --single-unit -I /tmpfs/src/github/sv-tests/third_party/tools/yosys/tests/sva <a href="../../../../third_party/tools/yosys/tests/sva/basic05.sv.html" target="file-frame">third_party/tools/yosys/tests/sva/basic05.sv</a>
Top level design units:
    top

../../src/github/sv-tests/third_party/tools/yosys/tests/sva/basic05.sv:4:2: error: unknown module &#39;demo&#39;
	demo uut (
	^~~~
../../src/github/sv-tests/third_party/tools/yosys/tests/sva/basic05.sv:9:16: error: use of undeclared identifier &#39;uut&#39;
	assign read = uut.read;
	              ^~~
../../src/github/sv-tests/third_party/tools/yosys/tests/sva/basic05.sv:10:17: error: use of undeclared identifier &#39;uut&#39;
	assign write = uut.write;
	               ^~~
../../src/github/sv-tests/third_party/tools/yosys/tests/sva/basic05.sv:11:17: error: use of undeclared identifier &#39;uut&#39;
	assign ready = uut.ready;
	               ^~~
../../src/github/sv-tests/third_party/tools/yosys/tests/sva/basic05.sv:13:2: warning: language feature not yet supported [-Wnot-supported]
	a_rw: assert property ( @(posedge clock) !(read &amp;&amp; write) );
	^~~~~~~~~~~~~~~~~~~~~~~~~~~~~~~~~~~~~~~~~~~~~~~~~~~~~~~~~~~~
../../src/github/sv-tests/third_party/tools/yosys/tests/sva/basic05.sv:17:2: warning: language feature not yet supported [-Wnot-supported]
	a_wr: assert property ( @(posedge clock) write |=&gt; ready );
	^~~~~~~~~~~~~~~~~~~~~~~~~~~~~~~~~~~~~~~~~~~~~~~~~~~~~~~~~~~

Build failed: 4 errors, 2 warnings

</pre>
</body>