<head>
  <style>
    .log { font-family: "Courier New", Consolas, monospace; font-size: 80%; }
    .test-failed { background-color: #ffaaaa; }
    .test-passed { background-color: #aaffaa; }
  </style>
</head>
<body>
<h3><a href="https://github.com/MikePopoloski/slang" target="_blank">slang</a></h3>
<pre class="test-failed">
description: Tests imported from yosys
rc: 1 (means success: 0)
tags: yosys
incdirs: /tmpfs/src/github/sv-tests/third_party/tools/yosys/tests/sva
top_module: 
type: parsing
mode: parsing
files: <a href="../../../../third_party/tools/yosys/tests/sva/basic04.sv.html" target="file-frame">third_party/tools/yosys/tests/sva/basic04.sv</a>
defines: 
time_elapsed: 0.003s
ram usage: 9060 KB
</pre>
<pre class="log">

slang-driver --single-unit -I /tmpfs/src/github/sv-tests/third_party/tools/yosys/tests/sva <a href="../../../../third_party/tools/yosys/tests/sva/basic04.sv.html" target="file-frame">third_party/tools/yosys/tests/sva/basic04.sv</a>
Top level design units:
    top_properties

../../src/github/sv-tests/third_party/tools/yosys/tests/sva/basic04.sv:2:2: warning: language feature not yet supported [-Wnot-supported]
	a_rw: assert property ( @(posedge clock) !(read &amp;&amp; write) );
	^~~~~~~~~~~~~~~~~~~~~~~~~~~~~~~~~~~~~~~~~~~~~~~~~~~~~~~~~~~~
../../src/github/sv-tests/third_party/tools/yosys/tests/sva/basic04.sv:6:2: warning: language feature not yet supported [-Wnot-supported]
	a_wr: assert property ( @(posedge clock) write |=&gt; ready );
	^~~~~~~~~~~~~~~~~~~~~~~~~~~~~~~~~~~~~~~~~~~~~~~~~~~~~~~~~~~
../../src/github/sv-tests/third_party/tools/yosys/tests/sva/basic04.sv:10:1: error: expected member
bind top top_properties properties_inst (.*);
^~~~
../../src/github/sv-tests/third_party/tools/yosys/tests/sva/basic04.sv:10:6: error: use of undeclared identifier &#39;top&#39;
bind top top_properties properties_inst (.*);
     ^~~
../../src/github/sv-tests/third_party/tools/yosys/tests/sva/basic04.sv:10:24: error: expected &#39;,&#39;
bind top top_properties properties_inst (.*);
                       ^
../../src/github/sv-tests/third_party/tools/yosys/tests/sva/basic04.sv:10:41: error: expected declarator
bind top top_properties properties_inst (.*);
                                        ^

Build failed: 4 errors, 2 warnings

</pre>
</body>