<head>
  <style>
    .log { font-family: "Courier New", Consolas, monospace; font-size: 80%; }
    .test-failed { background-color: #ffaaaa; }
    .test-passed { background-color: #aaffaa; }
  </style>
</head>
<body>
<h3><a href="https://github.com/tree-sitter/tree-sitter-verilog" target="_blank">tree-sitter-verilog</a></h3>
<pre class="test-failed">
description: uvm agent + env test
rc: 1 (means success: 0)
should_fail: 0
tags: uvm uvm-agents
incdirs: /tmpfs/src/github/sv-tests/third_party/tests/uvm/src /tmpfs/src/github/sv-tests/tests/testbenches
top_module: 
type: simulation parsing
mode: parsing
files: <a href="../../../third_party/tests/uvm/src/uvm_pkg.sv.html" target="file-frame">third_party/tests/uvm/src/uvm_pkg.sv</a> <a href="../../../tests/testbenches/uvm_agent_env.sv.html" target="file-frame">tests/testbenches/uvm_agent_env.sv</a>
time_elapsed: 0.108s
ram usage: 31848 KB
</pre>
<pre class="log">

<a href="../../../third_party/tests/uvm/src/uvm_pkg.sv.html#l-27" target="file-frame">third_party/tests/uvm/src/uvm_pkg.sv:27</a>:16: error: node type: endpackage
<a href="../../../third_party/tests/uvm/src/uvm_pkg.sv.html#l-38" target="file-frame">third_party/tests/uvm/src/uvm_pkg.sv:38</a>:10: error: node type: ;
<a href="../../../tests/testbenches/uvm_agent_env.sv.html#l-14" target="file-frame">tests/testbenches/uvm_agent_env.sv:14</a>:27: error: node type: input
<a href="../../../tests/testbenches/uvm_agent_env.sv.html#l-38" target="file-frame">tests/testbenches/uvm_agent_env.sv:38</a>:25: error: node type: =
<a href="../../../tests/testbenches/uvm_agent_env.sv.html#l-42" target="file-frame">tests/testbenches/uvm_agent_env.sv:42</a>:27: error: node type: =
<a href="../../../tests/testbenches/uvm_agent_env.sv.html#l-43" target="file-frame">tests/testbenches/uvm_agent_env.sv:43</a>:15: error: node type: ERROR
<a href="../../../tests/testbenches/uvm_agent_env.sv.html#l-44" target="file-frame">tests/testbenches/uvm_agent_env.sv:44</a>:10: error: node type: ERROR
<a href="../../../tests/testbenches/uvm_agent_env.sv.html#l-45" target="file-frame">tests/testbenches/uvm_agent_env.sv:45</a>:15: error: node type: ERROR
<a href="../../../tests/testbenches/uvm_agent_env.sv.html#l-46" target="file-frame">tests/testbenches/uvm_agent_env.sv:46</a>:10: error: node type: ERROR
<a href="../../../tests/testbenches/uvm_agent_env.sv.html#l-50" target="file-frame">tests/testbenches/uvm_agent_env.sv:50</a>:29: error: node type: =
<a href="../../../tests/testbenches/uvm_agent_env.sv.html#l-50" target="file-frame">tests/testbenches/uvm_agent_env.sv:50</a>:36: error: node type: endtask
<a href="../../../tests/testbenches/uvm_agent_env.sv.html#l-52" target="file-frame">tests/testbenches/uvm_agent_env.sv:52</a>:14: error: node type: ERROR
<a href="../../../tests/testbenches/uvm_agent_env.sv.html#l-53" target="file-frame">tests/testbenches/uvm_agent_env.sv:53</a>:14: error: node type: ERROR
<a href="../../../tests/testbenches/uvm_agent_env.sv.html#l-53" target="file-frame">tests/testbenches/uvm_agent_env.sv:53</a>:39: error: node type: ERROR
<a href="../../../tests/testbenches/uvm_agent_env.sv.html#l-54" target="file-frame">tests/testbenches/uvm_agent_env.sv:54</a>:10: error: node type: ERROR
<a href="../../../tests/testbenches/uvm_agent_env.sv.html#l-54" target="file-frame">tests/testbenches/uvm_agent_env.sv:54</a>:25: error: node type: ERROR
<a href="../../../tests/testbenches/uvm_agent_env.sv.html#l-55" target="file-frame">tests/testbenches/uvm_agent_env.sv:55</a>:22: error: node type: ERROR
<a href="../../../tests/testbenches/uvm_agent_env.sv.html#l-56" target="file-frame">tests/testbenches/uvm_agent_env.sv:56</a>:39: error: node type: )
<a href="../../../tests/testbenches/uvm_agent_env.sv.html#l-56" target="file-frame">tests/testbenches/uvm_agent_env.sv:56</a>:48: error: node type: ERROR
<a href="../../../tests/testbenches/uvm_agent_env.sv.html#l-57" target="file-frame">tests/testbenches/uvm_agent_env.sv:57</a>:8: error: node type: ERROR
<a href="../../../tests/testbenches/uvm_agent_env.sv.html#l-63" target="file-frame">tests/testbenches/uvm_agent_env.sv:63</a>:8: error: node type: ERROR
<a href="../../../tests/testbenches/uvm_agent_env.sv.html#l-63" target="file-frame">tests/testbenches/uvm_agent_env.sv:63</a>:28: error: node type: ERROR
<a href="../../../tests/testbenches/uvm_agent_env.sv.html#l-66" target="file-frame">tests/testbenches/uvm_agent_env.sv:66</a>:8: error: node type: ;
<a href="../../../tests/testbenches/uvm_agent_env.sv.html#l-78" target="file-frame">tests/testbenches/uvm_agent_env.sv:78</a>:25: error: node type: =
<a href="../../../tests/testbenches/uvm_agent_env.sv.html#l-79" target="file-frame">tests/testbenches/uvm_agent_env.sv:79</a>:18: error: node type: ERROR
<a href="../../../tests/testbenches/uvm_agent_env.sv.html#l-83" target="file-frame">tests/testbenches/uvm_agent_env.sv:83</a>:27: error: node type: =
<a href="../../../tests/testbenches/uvm_agent_env.sv.html#l-87" target="file-frame">tests/testbenches/uvm_agent_env.sv:87</a>:38: error: node type: =
<a href="../../../tests/testbenches/uvm_agent_env.sv.html#l-91" target="file-frame">tests/testbenches/uvm_agent_env.sv:91</a>:26: error: node type: =
<a href="../../../tests/testbenches/uvm_agent_env.sv.html#l-99" target="file-frame">tests/testbenches/uvm_agent_env.sv:99</a>:13: error: node type: ERROR
<a href="../../../tests/testbenches/uvm_agent_env.sv.html#l-99" target="file-frame">tests/testbenches/uvm_agent_env.sv:99</a>:19: error: node type: ERROR
<a href="../../../tests/testbenches/uvm_agent_env.sv.html#l-100" target="file-frame">tests/testbenches/uvm_agent_env.sv:100</a>:17: error: node type: ERROR
<a href="../../../tests/testbenches/uvm_agent_env.sv.html#l-101" target="file-frame">tests/testbenches/uvm_agent_env.sv:101</a>:8: error: node type: ERROR
<a href="../../../tests/testbenches/uvm_agent_env.sv.html#l-101" target="file-frame">tests/testbenches/uvm_agent_env.sv:101</a>:17: error: node type: ERROR
<a href="../../../tests/testbenches/uvm_agent_env.sv.html#l-103" target="file-frame">tests/testbenches/uvm_agent_env.sv:103</a>:11: error: node type: ERROR
<a href="../../../tests/testbenches/uvm_agent_env.sv.html#l-105" target="file-frame">tests/testbenches/uvm_agent_env.sv:105</a>:12: error: node type: ERROR
<a href="../../../tests/testbenches/uvm_agent_env.sv.html#l-107" target="file-frame">tests/testbenches/uvm_agent_env.sv:107</a>:47: error: node type: ERROR
<a href="../../../tests/testbenches/uvm_agent_env.sv.html#l-107" target="file-frame">tests/testbenches/uvm_agent_env.sv:107</a>:52: error: node type: ERROR
<a href="../../../tests/testbenches/uvm_agent_env.sv.html#l-107" target="file-frame">tests/testbenches/uvm_agent_env.sv:107</a>:55: error: node type: ERROR
<a href="../../../tests/testbenches/uvm_agent_env.sv.html#l-107" target="file-frame">tests/testbenches/uvm_agent_env.sv:107</a>:64: error: node type: ERROR
<a href="../../../tests/testbenches/uvm_agent_env.sv.html#l-107" target="file-frame">tests/testbenches/uvm_agent_env.sv:107</a>:69: error: node type: ERROR
<a href="../../../tests/testbenches/uvm_agent_env.sv.html#l-108" target="file-frame">tests/testbenches/uvm_agent_env.sv:108</a>:48: error: node type: ERROR
<a href="../../../tests/testbenches/uvm_agent_env.sv.html#l-108" target="file-frame">tests/testbenches/uvm_agent_env.sv:108</a>:53: error: node type: ERROR
<a href="../../../tests/testbenches/uvm_agent_env.sv.html#l-108" target="file-frame">tests/testbenches/uvm_agent_env.sv:108</a>:57: error: node type: ERROR
<a href="../../../tests/testbenches/uvm_agent_env.sv.html#l-108" target="file-frame">tests/testbenches/uvm_agent_env.sv:108</a>:67: error: node type: ERROR
<a href="../../../tests/testbenches/uvm_agent_env.sv.html#l-108" target="file-frame">tests/testbenches/uvm_agent_env.sv:108</a>:73: error: node type: ERROR
<a href="../../../tests/testbenches/uvm_agent_env.sv.html#l-110" target="file-frame">tests/testbenches/uvm_agent_env.sv:110</a>:16: error: node type: ERROR

</pre>
</body>