<head>
  <style>
    .log { font-family: "Courier New", Consolas, monospace; font-size: 80%; }
    .test-failed { background-color: #ffaaaa; }
    .test-passed { background-color: #aaffaa; }
  </style>
</head>
<body>
<h3><a href="https://github.com/tree-sitter/tree-sitter-verilog" target="_blank">tree-sitter-verilog</a></h3>
<pre class="test-failed">
description: uvm_sequence test
rc: 1 (means success: 0)
tags: uvm uvm-classes
incdirs: /tmpfs/src/github/sv-tests/third_party/tests/uvm/src /tmpfs/src/github/sv-tests/tests/testbenches
top_module: 
type: simulation parsing
mode: parsing
files: <a href="../../../third_party/tests/uvm/src/uvm_pkg.sv.html" target="file-frame">third_party/tests/uvm/src/uvm_pkg.sv</a> <a href="../../../tests/testbenches/uvm_sequence.sv.html" target="file-frame">tests/testbenches/uvm_sequence.sv</a>
defines: 
time_elapsed: 0.088s
ram usage: 18092 KB
</pre>
<pre class="log">

<a href="../../../third_party/tests/uvm/src/uvm_pkg.sv.html#l-27" target="file-frame">third_party/tests/uvm/src/uvm_pkg.sv:27</a>:16: error: node type: endpackage
<a href="../../../third_party/tests/uvm/src/uvm_pkg.sv.html#l-38" target="file-frame">third_party/tests/uvm/src/uvm_pkg.sv:38</a>:10: error: node type: ;
<a href="../../../tests/testbenches/uvm_sequence.sv.html#l-15" target="file-frame">tests/testbenches/uvm_sequence.sv:15</a>:28: error: node type: endtask
<a href="../../../tests/testbenches/uvm_sequence.sv.html#l-19" target="file-frame">tests/testbenches/uvm_sequence.sv:19</a>:11: error: node type: ;
<a href="../../../tests/testbenches/uvm_sequence.sv.html#l-19" target="file-frame">tests/testbenches/uvm_sequence.sv:19</a>:37: error: node type: endtask
<a href="../../../tests/testbenches/uvm_sequence.sv.html#l-23" target="file-frame">tests/testbenches/uvm_sequence.sv:23</a>:11: error: node type: ;
<a href="../../../tests/testbenches/uvm_sequence.sv.html#l-23" target="file-frame">tests/testbenches/uvm_sequence.sv:23</a>:62: error: node type: endfunction
<a href="../../../tests/testbenches/uvm_sequence.sv.html#l-27" target="file-frame">tests/testbenches/uvm_sequence.sv:27</a>:11: error: node type: ;
<a href="../../../tests/testbenches/uvm_sequence.sv.html#l-27" target="file-frame">tests/testbenches/uvm_sequence.sv:27</a>:24: error: node type: endtask
<a href="../../../tests/testbenches/uvm_sequence.sv.html#l-31" target="file-frame">tests/testbenches/uvm_sequence.sv:31</a>:11: error: node type: ;
<a href="../../../tests/testbenches/uvm_sequence.sv.html#l-31" target="file-frame">tests/testbenches/uvm_sequence.sv:31</a>:63: error: node type: endfunction
<a href="../../../tests/testbenches/uvm_sequence.sv.html#l-35" target="file-frame">tests/testbenches/uvm_sequence.sv:35</a>:11: error: node type: ;
<a href="../../../tests/testbenches/uvm_sequence.sv.html#l-35" target="file-frame">tests/testbenches/uvm_sequence.sv:35</a>:29: error: node type: endtask
<a href="../../../tests/testbenches/uvm_sequence.sv.html#l-40" target="file-frame">tests/testbenches/uvm_sequence.sv:40</a>:0: error: node type: ERROR
<a href="../../../tests/testbenches/uvm_sequence.sv.html#l-43" target="file-frame">tests/testbenches/uvm_sequence.sv:43</a>:2: error: node type: ERROR

</pre>
</body>