<head>
  <style>
    .log { font-family: "Courier New", Consolas, monospace; font-size: 80%; }
    .test-failed { background-color: #ffaaaa; }
    .test-passed { background-color: #aaffaa; }
  </style>
</head>
<body>
<h3><a href="https://github.com/tree-sitter/tree-sitter-verilog" target="_blank">tree-sitter-verilog</a></h3>
<pre class="test-failed">
description: passive uvm_agent (agent + monitor + env) test
rc: 1 (means success: 0)
should_fail: 0
tags: uvm uvm-agents
incdirs: /tmpfs/src/github/sv-tests/tests/testbenches /tmpfs/src/github/sv-tests/third_party/tests/uvm/src
top_module: 
type: simulation parsing
mode: parsing
files: <a href="../../../tests/testbenches/uvm_agent_passive.sv.html" target="file-frame">tests/testbenches/uvm_agent_passive.sv</a> <a href="../../../third_party/tests/uvm/src/uvm_pkg.sv.html" target="file-frame">third_party/tests/uvm/src/uvm_pkg.sv</a>
time_elapsed: 0.100s
ram usage: 38624 KB
</pre>
<pre class="log">

<a href="../../../tests/testbenches/uvm_agent_passive.sv.html#l-14" target="file-frame">tests/testbenches/uvm_agent_passive.sv:14</a>:27: error: node type: input
<a href="../../../tests/testbenches/uvm_agent_passive.sv.html#l-52" target="file-frame">tests/testbenches/uvm_agent_passive.sv:52</a>:25: error: node type: =
<a href="../../../tests/testbenches/uvm_agent_passive.sv.html#l-53" target="file-frame">tests/testbenches/uvm_agent_passive.sv:53</a>:27: error: node type: ERROR
<a href="../../../tests/testbenches/uvm_agent_passive.sv.html#l-57" target="file-frame">tests/testbenches/uvm_agent_passive.sv:57</a>:27: error: node type: =
<a href="../../../tests/testbenches/uvm_agent_passive.sv.html#l-58" target="file-frame">tests/testbenches/uvm_agent_passive.sv:58</a>:15: error: node type: ERROR
<a href="../../../tests/testbenches/uvm_agent_passive.sv.html#l-59" target="file-frame">tests/testbenches/uvm_agent_passive.sv:59</a>:10: error: node type: ERROR
<a href="../../../tests/testbenches/uvm_agent_passive.sv.html#l-63" target="file-frame">tests/testbenches/uvm_agent_passive.sv:63</a>:23: error: node type: =
<a href="../../../tests/testbenches/uvm_agent_passive.sv.html#l-65" target="file-frame">tests/testbenches/uvm_agent_passive.sv:65</a>:32: error: node type: simple_identifier
<a href="../../../tests/testbenches/uvm_agent_passive.sv.html#l-73" target="file-frame">tests/testbenches/uvm_agent_passive.sv:73</a>:37: error: node type: =
<a href="../../../tests/testbenches/uvm_agent_passive.sv.html#l-75" target="file-frame">tests/testbenches/uvm_agent_passive.sv:75</a>:16: error: node type: ERROR
<a href="../../../tests/testbenches/uvm_agent_passive.sv.html#l-75" target="file-frame">tests/testbenches/uvm_agent_passive.sv:75</a>:25: error: node type: simple_identifier
<a href="../../../tests/testbenches/uvm_agent_passive.sv.html#l-79" target="file-frame">tests/testbenches/uvm_agent_passive.sv:79</a>:16: error: node type: ERROR
<a href="../../../tests/testbenches/uvm_agent_passive.sv.html#l-79" target="file-frame">tests/testbenches/uvm_agent_passive.sv:79</a>:26: error: node type: simple_identifier
<a href="../../../tests/testbenches/uvm_agent_passive.sv.html#l-98" target="file-frame">tests/testbenches/uvm_agent_passive.sv:98</a>:25: error: node type: =
<a href="../../../tests/testbenches/uvm_agent_passive.sv.html#l-99" target="file-frame">tests/testbenches/uvm_agent_passive.sv:99</a>:21: error: node type: ERROR
<a href="../../../tests/testbenches/uvm_agent_passive.sv.html#l-103" target="file-frame">tests/testbenches/uvm_agent_passive.sv:103</a>:27: error: node type: =
<a href="../../../tests/testbenches/uvm_agent_passive.sv.html#l-104" target="file-frame">tests/testbenches/uvm_agent_passive.sv:104</a>:39: error: node type: =
<a href="../../../tests/testbenches/uvm_agent_passive.sv.html#l-119" target="file-frame">tests/testbenches/uvm_agent_passive.sv:119</a>:25: error: node type: =
<a href="../../../tests/testbenches/uvm_agent_passive.sv.html#l-120" target="file-frame">tests/testbenches/uvm_agent_passive.sv:120</a>:29: error: node type: ERROR
<a href="../../../tests/testbenches/uvm_agent_passive.sv.html#l-124" target="file-frame">tests/testbenches/uvm_agent_passive.sv:124</a>:27: error: node type: =
<a href="../../../tests/testbenches/uvm_agent_passive.sv.html#l-125" target="file-frame">tests/testbenches/uvm_agent_passive.sv:125</a>:15: error: node type: ERROR
<a href="../../../tests/testbenches/uvm_agent_passive.sv.html#l-126" target="file-frame">tests/testbenches/uvm_agent_passive.sv:126</a>:10: error: node type: ERROR
<a href="../../../tests/testbenches/uvm_agent_passive.sv.html#l-130" target="file-frame">tests/testbenches/uvm_agent_passive.sv:130</a>:38: error: node type: =
<a href="../../../tests/testbenches/uvm_agent_passive.sv.html#l-134" target="file-frame">tests/testbenches/uvm_agent_passive.sv:134</a>:29: error: node type: =
<a href="../../../tests/testbenches/uvm_agent_passive.sv.html#l-134" target="file-frame">tests/testbenches/uvm_agent_passive.sv:134</a>:36: error: node type: endtask
<a href="../../../tests/testbenches/uvm_agent_passive.sv.html#l-136" target="file-frame">tests/testbenches/uvm_agent_passive.sv:136</a>:11: error: node type: ERROR
<a href="../../../tests/testbenches/uvm_agent_passive.sv.html#l-137" target="file-frame">tests/testbenches/uvm_agent_passive.sv:137</a>:14: error: node type: ERROR
<a href="../../../tests/testbenches/uvm_agent_passive.sv.html#l-137" target="file-frame">tests/testbenches/uvm_agent_passive.sv:137</a>:35: error: node type: ERROR
<a href="../../../tests/testbenches/uvm_agent_passive.sv.html#l-138" target="file-frame">tests/testbenches/uvm_agent_passive.sv:138</a>:13: error: node type: ERROR
<a href="../../../tests/testbenches/uvm_agent_passive.sv.html#l-138" target="file-frame">tests/testbenches/uvm_agent_passive.sv:138</a>:28: error: node type: ERROR
<a href="../../../tests/testbenches/uvm_agent_passive.sv.html#l-141" target="file-frame">tests/testbenches/uvm_agent_passive.sv:141</a>:11: error: node type: ;
<a href="../../../tests/testbenches/uvm_agent_passive.sv.html#l-142" target="file-frame">tests/testbenches/uvm_agent_passive.sv:142</a>:26: error: node type: =
<a href="../../../tests/testbenches/uvm_agent_passive.sv.html#l-158" target="file-frame">tests/testbenches/uvm_agent_passive.sv:158</a>:47: error: node type: ERROR
<a href="../../../tests/testbenches/uvm_agent_passive.sv.html#l-159" target="file-frame">tests/testbenches/uvm_agent_passive.sv:159</a>:48: error: node type: ERROR
<a href="../../../tests/testbenches/uvm_agent_passive.sv.html#l-161" target="file-frame">tests/testbenches/uvm_agent_passive.sv:161</a>:16: error: node type: simple_identifier
<a href="../../../third_party/tests/uvm/src/uvm_pkg.sv.html#l-27" target="file-frame">third_party/tests/uvm/src/uvm_pkg.sv:27</a>:16: error: node type: endpackage
<a href="../../../third_party/tests/uvm/src/uvm_pkg.sv.html#l-38" target="file-frame">third_party/tests/uvm/src/uvm_pkg.sv:38</a>:10: error: node type: ;

</pre>
</body>