<head>
  <style>
    .log { font-family: "Courier New", Consolas, monospace; font-size: 80%; }
    .test-failed { background-color: #ffaaaa; }
    .test-passed { background-color: #aaffaa; }
  </style>
</head>
<body>
<h3><a href="https://github.com/tree-sitter/tree-sitter-verilog" target="_blank">tree-sitter-verilog</a></h3>
<pre class="test-failed">
description: uvm active agent (agent + monitor + driver + sequencer) test
rc: 1 (means success: 0)
should_fail: 0
tags: uvm uvm-agents
incdirs: /tmpfs/src/github/sv-tests/third_party/tests/uvm/src /tmpfs/src/github/sv-tests/tests/testbenches
top_module: 
type: simulation parsing
mode: parsing
files: <a href="../../../third_party/tests/uvm/src/uvm_pkg.sv.html" target="file-frame">third_party/tests/uvm/src/uvm_pkg.sv</a> <a href="../../../tests/testbenches/uvm_agent_active.sv.html" target="file-frame">tests/testbenches/uvm_agent_active.sv</a>
time_elapsed: 0.092s
ram usage: 39952 KB
</pre>
<pre class="log">

<a href="../../../third_party/tests/uvm/src/uvm_pkg.sv.html#l-27" target="file-frame">third_party/tests/uvm/src/uvm_pkg.sv:27</a>:16: error: node type: endpackage
<a href="../../../third_party/tests/uvm/src/uvm_pkg.sv.html#l-38" target="file-frame">third_party/tests/uvm/src/uvm_pkg.sv:38</a>:10: error: node type: ;
<a href="../../../tests/testbenches/uvm_agent_active.sv.html#l-14" target="file-frame">tests/testbenches/uvm_agent_active.sv:14</a>:27: error: node type: input
<a href="../../../tests/testbenches/uvm_agent_active.sv.html#l-52" target="file-frame">tests/testbenches/uvm_agent_active.sv:52</a>:25: error: node type: =
<a href="../../../tests/testbenches/uvm_agent_active.sv.html#l-53" target="file-frame">tests/testbenches/uvm_agent_active.sv:53</a>:26: error: node type: ERROR
<a href="../../../tests/testbenches/uvm_agent_active.sv.html#l-57" target="file-frame">tests/testbenches/uvm_agent_active.sv:57</a>:27: error: node type: =
<a href="../../../tests/testbenches/uvm_agent_active.sv.html#l-58" target="file-frame">tests/testbenches/uvm_agent_active.sv:58</a>:15: error: node type: ERROR
<a href="../../../tests/testbenches/uvm_agent_active.sv.html#l-59" target="file-frame">tests/testbenches/uvm_agent_active.sv:59</a>:10: error: node type: ERROR
<a href="../../../tests/testbenches/uvm_agent_active.sv.html#l-63" target="file-frame">tests/testbenches/uvm_agent_active.sv:63</a>:29: error: node type: =
<a href="../../../tests/testbenches/uvm_agent_active.sv.html#l-65" target="file-frame">tests/testbenches/uvm_agent_active.sv:65</a>:32: error: node type: simple_identifier
<a href="../../../tests/testbenches/uvm_agent_active.sv.html#l-67" target="file-frame">tests/testbenches/uvm_agent_active.sv:67</a>:28: error: node type: =
<a href="../../../tests/testbenches/uvm_agent_active.sv.html#l-72" target="file-frame">tests/testbenches/uvm_agent_active.sv:72</a>:33: error: node type: =
<a href="../../../tests/testbenches/uvm_agent_active.sv.html#l-86" target="file-frame">tests/testbenches/uvm_agent_active.sv:86</a>:26: error: node type: ERROR
<a href="../../../tests/testbenches/uvm_agent_active.sv.html#l-87" target="file-frame">tests/testbenches/uvm_agent_active.sv:87</a>:18: error: node type: simple_identifier
<a href="../../../tests/testbenches/uvm_agent_active.sv.html#l-89" target="file-frame">tests/testbenches/uvm_agent_active.sv:89</a>:19: error: node type: simple_identifier
<a href="../../../tests/testbenches/uvm_agent_active.sv.html#l-110" target="file-frame">tests/testbenches/uvm_agent_active.sv:110</a>:25: error: node type: =
<a href="../../../tests/testbenches/uvm_agent_active.sv.html#l-114" target="file-frame">tests/testbenches/uvm_agent_active.sv:114</a>:15: error: node type: ERROR
<a href="../../../tests/testbenches/uvm_agent_active.sv.html#l-115" target="file-frame">tests/testbenches/uvm_agent_active.sv:115</a>:10: error: node type: ERROR
<a href="../../../tests/testbenches/uvm_agent_active.sv.html#l-119" target="file-frame">tests/testbenches/uvm_agent_active.sv:119</a>:29: error: node type: =
<a href="../../../tests/testbenches/uvm_agent_active.sv.html#l-121" target="file-frame">tests/testbenches/uvm_agent_active.sv:121</a>:25: error: node type: simple_identifier
<a href="../../../tests/testbenches/uvm_agent_active.sv.html#l-123" target="file-frame">tests/testbenches/uvm_agent_active.sv:123</a>:28: error: node type: =
<a href="../../../tests/testbenches/uvm_agent_active.sv.html#l-127" target="file-frame">tests/testbenches/uvm_agent_active.sv:127</a>:25: error: node type: =
<a href="../../../tests/testbenches/uvm_agent_active.sv.html#l-128" target="file-frame">tests/testbenches/uvm_agent_active.sv:128</a>:22: error: node type: simple_identifier
<a href="../../../tests/testbenches/uvm_agent_active.sv.html#l-152" target="file-frame">tests/testbenches/uvm_agent_active.sv:152</a>:25: error: node type: =
<a href="../../../tests/testbenches/uvm_agent_active.sv.html#l-153" target="file-frame">tests/testbenches/uvm_agent_active.sv:153</a>:21: error: node type: ERROR
<a href="../../../tests/testbenches/uvm_agent_active.sv.html#l-154" target="file-frame">tests/testbenches/uvm_agent_active.sv:154</a>:23: error: node type: ERROR
<a href="../../../tests/testbenches/uvm_agent_active.sv.html#l-155" target="file-frame">tests/testbenches/uvm_agent_active.sv:155</a>:20: error: node type: ERROR
<a href="../../../tests/testbenches/uvm_agent_active.sv.html#l-159" target="file-frame">tests/testbenches/uvm_agent_active.sv:159</a>:27: error: node type: =
<a href="../../../tests/testbenches/uvm_agent_active.sv.html#l-160" target="file-frame">tests/testbenches/uvm_agent_active.sv:160</a>:39: error: node type: =
<a href="../../../tests/testbenches/uvm_agent_active.sv.html#l-161" target="file-frame">tests/testbenches/uvm_agent_active.sv:161</a>:33: error: node type: =
<a href="../../../tests/testbenches/uvm_agent_active.sv.html#l-178" target="file-frame">tests/testbenches/uvm_agent_active.sv:178</a>:25: error: node type: =
<a href="../../../tests/testbenches/uvm_agent_active.sv.html#l-179" target="file-frame">tests/testbenches/uvm_agent_active.sv:179</a>:28: error: node type: ERROR
<a href="../../../tests/testbenches/uvm_agent_active.sv.html#l-180" target="file-frame">tests/testbenches/uvm_agent_active.sv:180</a>:25: error: node type: ERROR
<a href="../../../tests/testbenches/uvm_agent_active.sv.html#l-184" target="file-frame">tests/testbenches/uvm_agent_active.sv:184</a>:27: error: node type: =
<a href="../../../tests/testbenches/uvm_agent_active.sv.html#l-185" target="file-frame">tests/testbenches/uvm_agent_active.sv:185</a>:15: error: node type: ERROR
<a href="../../../tests/testbenches/uvm_agent_active.sv.html#l-186" target="file-frame">tests/testbenches/uvm_agent_active.sv:186</a>:10: error: node type: ERROR
<a href="../../../tests/testbenches/uvm_agent_active.sv.html#l-190" target="file-frame">tests/testbenches/uvm_agent_active.sv:190</a>:38: error: node type: =
<a href="../../../tests/testbenches/uvm_agent_active.sv.html#l-194" target="file-frame">tests/testbenches/uvm_agent_active.sv:194</a>:29: error: node type: =
<a href="../../../tests/testbenches/uvm_agent_active.sv.html#l-195" target="file-frame">tests/testbenches/uvm_agent_active.sv:195</a>:17: error: node type: =
<a href="../../../tests/testbenches/uvm_agent_active.sv.html#l-197" target="file-frame">tests/testbenches/uvm_agent_active.sv:197</a>:28: error: node type: =
<a href="../../../tests/testbenches/uvm_agent_active.sv.html#l-201" target="file-frame">tests/testbenches/uvm_agent_active.sv:201</a>:26: error: node type: =
<a href="../../../tests/testbenches/uvm_agent_active.sv.html#l-204" target="file-frame">tests/testbenches/uvm_agent_active.sv:204</a>:12: error: node type: ERROR
<a href="../../../tests/testbenches/uvm_agent_active.sv.html#l-204" target="file-frame">tests/testbenches/uvm_agent_active.sv:204</a>:21: error: node type: simple_identifier
<a href="../../../tests/testbenches/uvm_agent_active.sv.html#l-208" target="file-frame">tests/testbenches/uvm_agent_active.sv:208</a>:12: error: node type: ERROR
<a href="../../../tests/testbenches/uvm_agent_active.sv.html#l-208" target="file-frame">tests/testbenches/uvm_agent_active.sv:208</a>:22: error: node type: simple_identifier
<a href="../../../tests/testbenches/uvm_agent_active.sv.html#l-226" target="file-frame">tests/testbenches/uvm_agent_active.sv:226</a>:47: error: node type: ERROR
<a href="../../../tests/testbenches/uvm_agent_active.sv.html#l-227" target="file-frame">tests/testbenches/uvm_agent_active.sv:227</a>:48: error: node type: ERROR
<a href="../../../tests/testbenches/uvm_agent_active.sv.html#l-229" target="file-frame">tests/testbenches/uvm_agent_active.sv:229</a>:16: error: node type: simple_identifier

</pre>
</body>