<head>
  <style>
    .log { font-family: "Courier New", Consolas, monospace; font-size: 80%; }
    .test-failed { background-color: #ffaaaa; }
    .test-passed { background-color: #aaffaa; }
  </style>
</head>
<body>
<h3><a href="http://llhd.io/" target="_blank">moore</a></h3>
<pre class="test-failed">
description: Test imported from ivtest
rc: 1 (means success: 0)
should_fail: 0
tags: ivtest
incdirs: /tmpfs/src/github/sv-tests/third_party/tests/ivtest /tmpfs/src/github/sv-tests/third_party/tests/ivtest/ivltests
top_module: 
type: parsing
mode: parsing
files: <a href="../../../../third_party/tests/ivtest/ivltests/always3.1.6A.v.html" target="file-frame">third_party/tests/ivtest/ivltests/always3.1.6A.v</a>
time_elapsed: 0.004s
ram usage: 9608 KB
</pre>
<pre class="log">

moore -I /tmpfs/src/github/sv-tests/third_party/tests/ivtest -I /tmpfs/src/github/sv-tests/third_party/tests/ivtest/ivltests -e main <a href="../../../../third_party/tests/ivtest/ivltests/always3.1.6A.v.html" target="file-frame">third_party/tests/ivtest/ivltests/always3.1.6A.v</a>
warning: `$display` not supported; ignored
  --&gt; <a href="../../../../third_party/tests/ivtest/ivltests/always3.1.6A.v.html#l-35" target="file-frame">third_party/tests/ivtest/ivltests/always3.1.6A.v:35</a>:17-71:
   | 
   |                 $display(&#34;FAILED - always3.1.6A - case 0 at %t&#34;,$time);
   |                 ^^^^^^^^^^^^^^^^^^^^^^^^^^^^^^^^^^^^^^^^^^^^^^^^^^^^^^ 

warning: `$display` not supported; ignored
  --&gt; <a href="../../../../third_party/tests/ivtest/ivltests/always3.1.6A.v.html#l-44" target="file-frame">third_party/tests/ivtest/ivltests/always3.1.6A.v:44</a>:17-71:
   | 
   |                 $display(&#34;FAILED - always3.1.6A - case 1 at %t&#34;,$time);
   |                 ^^^^^^^^^^^^^^^^^^^^^^^^^^^^^^^^^^^^^^^^^^^^^^^^^^^^^^ 

warning: `$display` not supported; ignored
  --&gt; <a href="../../../../third_party/tests/ivtest/ivltests/always3.1.6A.v.html#l-53" target="file-frame">third_party/tests/ivtest/ivltests/always3.1.6A.v:53</a>:17-71:
   | 
   |                 $display(&#34;FAILED - always3.1.6A - case 2 at %t&#34;,$time);
   |                 ^^^^^^^^^^^^^^^^^^^^^^^^^^^^^^^^^^^^^^^^^^^^^^^^^^^^^^ 

warning: `$display` not supported; ignored
  --&gt; <a href="../../../../third_party/tests/ivtest/ivltests/always3.1.6A.v.html#l-59" target="file-frame">third_party/tests/ivtest/ivltests/always3.1.6A.v:59</a>:15-33:
   | 
   |               $display(&#34;PASSED&#34;);
   |               ^^^^^^^^^^^^^^^^^^ 

compiler bug: lowering of expression not implemented
  --&gt; <a href="../../../../third_party/tests/ivtest/ivltests/always3.1.6A.v.html#l-60" target="file-frame">third_party/tests/ivtest/ivltests/always3.1.6A.v:60</a>:5-12:
   | 
   |        $finish;
   |        ^^^^^^^ 

You have encountered a compiler bug. Sorry about that! We would appreciate if you open an issue [1] and describe how you triggered the bug, together with a minimal snippet of code to reproduce it. Thanks!
[1]: https://github.com/fabianschuiki/moore


</pre>
</body>