<head>
  <style>
    .log { font-family: "Courier New", Consolas, monospace; font-size: 80%; }
    .test-failed { background-color: #ffaaaa; }
    .test-passed { background-color: #aaffaa; }
  </style>
</head>
<body>
<h3><a href="http://llhd.io/" target="_blank">moore</a></h3>
<pre class="test-failed">
description: Test imported from ivtest
rc: 101 (means success: 0)
tags: ivtest
incdirs: /tmpfs/src/github/sv-tests/third_party/tests/ivtest /tmpfs/src/github/sv-tests/third_party/tests/ivtest/ivltests
top_module: 
type: parsing
mode: parsing
files: <a href="../../../../third_party/tests/ivtest/ivltests/assign3.2A.v.html" target="file-frame">third_party/tests/ivtest/ivltests/assign3.2A.v</a>
defines: 
time_elapsed: 0.011s
ram usage: 11416 KB
</pre>
<pre class="log">

moore -I /tmpfs/src/github/sv-tests/third_party/tests/ivtest -I /tmpfs/src/github/sv-tests/third_party/tests/ivtest/ivltests -e main <a href="../../../../third_party/tests/ivtest/ivltests/assign3.2A.v.html" target="file-frame">third_party/tests/ivtest/ivltests/assign3.2A.v</a>
warning: unsupported: system task `$display`; ignored
  --&gt; <a href="../../../../third_party/tests/ivtest/ivltests/assign3.2A.v.html#l-39" target="file-frame">third_party/tests/ivtest/ivltests/assign3.2A.v:39</a>:9-54:
   | 
   |         $display(&#34;FAILED - 3.2A assign ident = expr&#34;);
   |         ^^^^^^^^^^^^^^^^^^^^^^^^^^^^^^^^^^^^^^^^^^^^^ 

warning: unsupported: system task `$display`; ignored
  --&gt; <a href="../../../../third_party/tests/ivtest/ivltests/assign3.2A.v.html#l-44" target="file-frame">third_party/tests/ivtest/ivltests/assign3.2A.v:44</a>:9-54:
   | 
   |         $display(&#34;FAILED - 3.2A assign ident = expr&#34;);
   |         ^^^^^^^^^^^^^^^^^^^^^^^^^^^^^^^^^^^^^^^^^^^^^ 

warning: unsupported: system task `$display`; ignored
  --&gt; <a href="../../../../third_party/tests/ivtest/ivltests/assign3.2A.v.html#l-49" target="file-frame">third_party/tests/ivtest/ivltests/assign3.2A.v:49</a>:9-54:
   | 
   |         $display(&#34;FAILED - 3.2A assign ident = expr&#34;);
   |         ^^^^^^^^^^^^^^^^^^^^^^^^^^^^^^^^^^^^^^^^^^^^^ 

warning: unsupported: system task `$display`; ignored
  --&gt; <a href="../../../../third_party/tests/ivtest/ivltests/assign3.2A.v.html#l-57" target="file-frame">third_party/tests/ivtest/ivltests/assign3.2A.v:57</a>:9-54:
   | 
   |         $display(&#34;FAILED - 3.2A assign ident = expr&#34;);
   |         ^^^^^^^^^^^^^^^^^^^^^^^^^^^^^^^^^^^^^^^^^^^^^ 

warning: unsupported: system task `$display`; ignored
  --&gt; <a href="../../../../third_party/tests/ivtest/ivltests/assign3.2A.v.html#l-62" target="file-frame">third_party/tests/ivtest/ivltests/assign3.2A.v:62</a>:9-54:
   | 
   |         $display(&#34;FAILED - 3.2A assign ident = expr&#34;);
   |         ^^^^^^^^^^^^^^^^^^^^^^^^^^^^^^^^^^^^^^^^^^^^^ 

warning: unsupported: system task `$display`; ignored
  --&gt; <a href="../../../../third_party/tests/ivtest/ivltests/assign3.2A.v.html#l-67" target="file-frame">third_party/tests/ivtest/ivltests/assign3.2A.v:67</a>:9-54:
   | 
   |         $display(&#34;FAILED - 3.2A assign ident = expr&#34;);
   |         ^^^^^^^^^^^^^^^^^^^^^^^^^^^^^^^^^^^^^^^^^^^^^ 

warning: unsupported: system task `$display`; ignored
  --&gt; <a href="../../../../third_party/tests/ivtest/ivltests/assign3.2A.v.html#l-71" target="file-frame">third_party/tests/ivtest/ivltests/assign3.2A.v:71</a>:10-28:
   | 
   |          $display(&#34;PASSED&#34;);
   |          ^^^^^^^^^^^^^^^^^^ 

compiler bug: lowering of Expr #250 to hir not implemented
  --&gt; <a href="../../../../third_party/tests/ivtest/ivltests/assign3.2A.v.html#l-73" target="file-frame">third_party/tests/ivtest/ivltests/assign3.2A.v:73</a>:5-12:
   | 
   |     $finish ;
   |     ^^^^^^^  
   = note: Encountered at src/svlog/hir/lowering.rs:1439

You have encountered a compiler bug. Sorry about that! We would appreciate if you open an issue [1] and describe how you triggered the bug, together with a minimal snippet of code to reproduce it. Thanks!
[1]: https://github.com/fabianschuiki/moore

thread &#39;main&#39; panicked at &#39;lowering of Expr #250 to hir not implemented&#39;, /tmp/really-really-really-really-really-really-really-really-really-really-really-really-really-long-path/conda/conda-bld/moore_1604605936199/work/src/svlog/hir/lowering.rs:1439:13
note: run with `RUST_BACKTRACE=1` environment variable to display a backtrace

</pre>
</body>