<head>
  <style>
    .log { font-family: "Courier New", Consolas, monospace; font-size: 80%; }
    .test-failed { background-color: #ffaaaa; }
    .test-passed { background-color: #aaffaa; }
  </style>
</head>
<body>
<h3><a href="http://llhd.io/" target="_blank">moore</a></h3>
<pre class="test-failed">
description: Test imported from ivtest
rc: 101 (means success: 0)
tags: ivtest
incdirs: /tmpfs/src/github/sv-tests/third_party/tests/ivtest /tmpfs/src/github/sv-tests/third_party/tests/ivtest/ivltests
top_module: 
type: parsing
mode: parsing
files: <a href="../../../../third_party/tests/ivtest/ivltests/assign3.2B.v.html" target="file-frame">third_party/tests/ivtest/ivltests/assign3.2B.v</a>
defines: 
time_elapsed: 0.010s
ram usage: 11064 KB
</pre>
<pre class="log">

moore -I /tmpfs/src/github/sv-tests/third_party/tests/ivtest -I /tmpfs/src/github/sv-tests/third_party/tests/ivtest/ivltests -e main <a href="../../../../third_party/tests/ivtest/ivltests/assign3.2B.v.html" target="file-frame">third_party/tests/ivtest/ivltests/assign3.2B.v</a>
error: expression `{b,a}` cannot be assigned to
  --&gt; <a href="../../../../third_party/tests/ivtest/ivltests/assign3.2B.v.html#l-30" target="file-frame">third_party/tests/ivtest/ivltests/assign3.2B.v:30</a>:8-13:
   | 
   | assign {b,a} = val;            // full variable
   |        ^^^^^                                   

error: expression `{c,a}` cannot be assigned to
  --&gt; <a href="../../../../third_party/tests/ivtest/ivltests/assign3.2B.v.html#l-31" target="file-frame">third_party/tests/ivtest/ivltests/assign3.2B.v:31</a>:8-13:
   | 
   | assign {c,a} = val[31:16];        // Top portion bit select
   |        ^^^^^                                               

warning: unsupported: system task `$display`; ignored
  --&gt; <a href="../../../../third_party/tests/ivtest/ivltests/assign3.2B.v.html#l-38" target="file-frame">third_party/tests/ivtest/ivltests/assign3.2B.v:38</a>:9-61:
   | 
   |         $display(&#34;FAILED - assign 3.2B assign ident = expr&#34;);
   |         ^^^^^^^^^^^^^^^^^^^^^^^^^^^^^^^^^^^^^^^^^^^^^^^^^^^^ 

warning: unsupported: system task `$display`; ignored
  --&gt; <a href="../../../../third_party/tests/ivtest/ivltests/assign3.2B.v.html#l-43" target="file-frame">third_party/tests/ivtest/ivltests/assign3.2B.v:43</a>:9-61:
   | 
   |         $display(&#34;FAILED - assign 3.2B assign ident = expr&#34;);
   |         ^^^^^^^^^^^^^^^^^^^^^^^^^^^^^^^^^^^^^^^^^^^^^^^^^^^^ 

warning: unsupported: system task `$display`; ignored
  --&gt; <a href="../../../../third_party/tests/ivtest/ivltests/assign3.2B.v.html#l-48" target="file-frame">third_party/tests/ivtest/ivltests/assign3.2B.v:48</a>:9-61:
   | 
   |         $display(&#34;FAILED - assign 3.2B assign ident = expr&#34;);
   |         ^^^^^^^^^^^^^^^^^^^^^^^^^^^^^^^^^^^^^^^^^^^^^^^^^^^^ 

warning: unsupported: system task `$display`; ignored
  --&gt; <a href="../../../../third_party/tests/ivtest/ivltests/assign3.2B.v.html#l-56" target="file-frame">third_party/tests/ivtest/ivltests/assign3.2B.v:56</a>:9-54:
   | 
   |         $display(&#34;FAILED - 3.2A assign ident = expr&#34;);
   |         ^^^^^^^^^^^^^^^^^^^^^^^^^^^^^^^^^^^^^^^^^^^^^ 

warning: unsupported: system task `$display`; ignored
  --&gt; <a href="../../../../third_party/tests/ivtest/ivltests/assign3.2B.v.html#l-61" target="file-frame">third_party/tests/ivtest/ivltests/assign3.2B.v:61</a>:9-54:
   | 
   |         $display(&#34;FAILED - 3.2A assign ident = expr&#34;);
   |         ^^^^^^^^^^^^^^^^^^^^^^^^^^^^^^^^^^^^^^^^^^^^^ 

warning: unsupported: system task `$display`; ignored
  --&gt; <a href="../../../../third_party/tests/ivtest/ivltests/assign3.2B.v.html#l-66" target="file-frame">third_party/tests/ivtest/ivltests/assign3.2B.v:66</a>:9-54:
   | 
   |         $display(&#34;FAILED - 3.2A assign ident = expr&#34;);
   |         ^^^^^^^^^^^^^^^^^^^^^^^^^^^^^^^^^^^^^^^^^^^^^ 

warning: unsupported: system task `$display`; ignored
  --&gt; <a href="../../../../third_party/tests/ivtest/ivltests/assign3.2B.v.html#l-70" target="file-frame">third_party/tests/ivtest/ivltests/assign3.2B.v:70</a>:10-28:
   | 
   |          $display(&#34;PASSED&#34;);
   |          ^^^^^^^^^^^^^^^^^^ 

compiler bug: lowering of Expr #251 to hir not implemented
  --&gt; <a href="../../../../third_party/tests/ivtest/ivltests/assign3.2B.v.html#l-72" target="file-frame">third_party/tests/ivtest/ivltests/assign3.2B.v:72</a>:5-12:
   | 
   |     $finish ;
   |     ^^^^^^^  
   = note: Encountered at src/svlog/hir/lowering.rs:1439

You have encountered a compiler bug. Sorry about that! We would appreciate if you open an issue [1] and describe how you triggered the bug, together with a minimal snippet of code to reproduce it. Thanks!
[1]: https://github.com/fabianschuiki/moore

thread &#39;main&#39; panicked at &#39;lowering of Expr #251 to hir not implemented&#39;, /rustc/04488afe34512aa4c33566eb16d8c912a3ae04f9/src/libstd/macros.rs:16:9
note: run with `RUST_BACKTRACE=1` environment variable to display a backtrace

</pre>
</body>