<head>
  <style>
    .log { font-family: "Courier New", Consolas, monospace; font-size: 80%; }
    .test-failed { background-color: #ffaaaa; }
    .test-passed { background-color: #aaffaa; }
  </style>
</head>
<body>
<h3><a href="http://llhd.io/" target="_blank">moore</a></h3>
<pre class="test-failed">
description: Test imported from ivtest
rc: 101 (means success: 0)
should_fail: 0
tags: ivtest
incdirs: /tmpfs/src/github/sv-tests/third_party/tests/ivtest /tmpfs/src/github/sv-tests/third_party/tests/ivtest/ivltests
top_module: 
type: parsing
mode: parsing
files: <a href="../../../../third_party/tests/ivtest/ivltests/br_gh99l.v.html" target="file-frame">third_party/tests/ivtest/ivltests/br_gh99l.v</a>
time_elapsed: 0.004s
ram usage: 10480 KB
</pre>
<pre class="log">

moore -I /tmpfs/src/github/sv-tests/third_party/tests/ivtest -I /tmpfs/src/github/sv-tests/third_party/tests/ivtest/ivltests -e test <a href="../../../../third_party/tests/ivtest/ivltests/br_gh99l.v.html" target="file-frame">third_party/tests/ivtest/ivltests/br_gh99l.v</a>
compiler bug: no ast node for n4 in the map

You have encountered a compiler bug. Sorry about that! We would appreciate if you open an issue [1] and describe how you triggered the bug, together with a minimal snippet of code to reproduce it. Thanks!
[1]: https://github.com/fabianschuiki/moore

error: `value1` cannot be index into
  --&gt; <a href="../../../../third_party/tests/ivtest/ivltests/br_gh99l.v.html#l-6" target="file-frame">third_party/tests/ivtest/ivltests/br_gh99l.v:6</a>:8-14:
   | 
   | assign value1[3:0] = 4&#39;d2;
   |        ^^^^^^             

compiler bug: no ast node for n10 in the map

You have encountered a compiler bug. Sorry about that! We would appreciate if you open an issue [1] and describe how you triggered the bug, together with a minimal snippet of code to reproduce it. Thanks!
[1]: https://github.com/fabianschuiki/moore

warning: `$display` not supported; ignored
  --&gt; <a href="../../../../third_party/tests/ivtest/ivltests/br_gh99l.v.html#l-11" target="file-frame">third_party/tests/ivtest/ivltests/br_gh99l.v:11</a>:6-39:
   | 
   |   #2 $display(&#34;%b %b&#34;, value1, value2);
   |      ^^^^^^^^^^^^^^^^^^^^^^^^^^^^^^^^^ 

warning: `$display` not supported; ignored
  --&gt; <a href="../../../../third_party/tests/ivtest/ivltests/br_gh99l.v.html#l-13" target="file-frame">third_party/tests/ivtest/ivltests/br_gh99l.v:13</a>:5-23:
   | 
   |     $display(&#34;PASSED&#34;);
   |     ^^^^^^^^^^^^^^^^^^ 

warning: `$display` not supported; ignored
  --&gt; <a href="../../../../third_party/tests/ivtest/ivltests/br_gh99l.v.html#l-15" target="file-frame">third_party/tests/ivtest/ivltests/br_gh99l.v:15</a>:5-23:
   | 
   |     $display(&#34;FAILED&#34;);
   |     ^^^^^^^^^^^^^^^^^^ 

compiler bug: assertion failed: mir.ty.is_bool()
  --&gt; <a href="../../../../third_party/tests/ivtest/ivltests/br_gh99l.v.html#l-12" target="file-frame">third_party/tests/ivtest/ivltests/br_gh99l.v:12</a>:7-29:
   | 
   |   if (value2 === 8&#39;bxxxx0011)
   |       ^^^^^^^^^^^^^^^^^^^^^^ 
   = note: Assertion failed: mir.ty.is_bool()
   = note: Encountered at src/svlog/codegen.rs:1236

You have encountered a compiler bug. Sorry about that! We would appreciate if you open an issue [1] and describe how you triggered the bug, together with a minimal snippet of code to reproduce it. Thanks!
[1]: https://github.com/fabianschuiki/moore

thread &#39;main&#39; panicked at &#39;assertion failed: mir.ty.is_bool()&#39;, &lt;::std::macros::panic macros&gt;:5:6
note: run with `RUST_BACKTRACE=1` environment variable to display a backtrace

</pre>
</body>