<head>
  <style>
    .log { font-family: "Courier New", Consolas, monospace; font-size: 80%; }
    .test-failed { background-color: #ffaaaa; }
    .test-passed { background-color: #aaffaa; }
  </style>
</head>
<body>
<h3><a href="http://llhd.io/" target="_blank">moore</a></h3>
<pre class="test-failed">
description: Test imported from ivtest
rc: 101 (means success: 0)
tags: ivtest
incdirs: /tmpfs/src/github/sv-tests/third_party/tests/ivtest /tmpfs/src/github/sv-tests/third_party/tests/ivtest/ivltests
top_module: 
type: parsing
mode: parsing
files: <a href="../../../../third_party/tests/ivtest/ivltests/br_gh104b.v.html" target="file-frame">third_party/tests/ivtest/ivltests/br_gh104b.v</a>
defines: 
time_elapsed: 0.006s
ram usage: 11036 KB
</pre>
<pre class="log">

moore -I /tmpfs/src/github/sv-tests/third_party/tests/ivtest -I /tmpfs/src/github/sv-tests/third_party/tests/ivtest/ivltests -e dut <a href="../../../../third_party/tests/ivtest/ivltests/br_gh104b.v.html" target="file-frame">third_party/tests/ivtest/ivltests/br_gh104b.v</a>
warning: unsupported: system task `$display`; ignored
  --&gt; <a href="../../../../third_party/tests/ivtest/ivltests/br_gh104b.v.html#l-9" target="file-frame">third_party/tests/ivtest/ivltests/br_gh104b.v:9</a>:5-21:
   | 
   |     $display(signal);
   |     ^^^^^^^^^^^^^^^^ 

warning: unsupported: system task `$display`; ignored
  --&gt; <a href="../../../../third_party/tests/ivtest/ivltests/br_gh104b.v.html#l-11" target="file-frame">third_party/tests/ivtest/ivltests/br_gh104b.v:11</a>:5-21:
   | 
   |     $display(signal);
   |     ^^^^^^^^^^^^^^^^ 

warning: unsupported: system task `$display`; ignored
  --&gt; <a href="../../../../third_party/tests/ivtest/ivltests/br_gh104b.v.html#l-13" target="file-frame">third_party/tests/ivtest/ivltests/br_gh104b.v:13</a>:7-25:
   | 
   |       $display(&#34;PASSED&#34;);
   |       ^^^^^^^^^^^^^^^^^^ 

warning: unsupported: system task `$display`; ignored
  --&gt; <a href="../../../../third_party/tests/ivtest/ivltests/br_gh104b.v.html#l-15" target="file-frame">third_party/tests/ivtest/ivltests/br_gh104b.v:15</a>:7-25:
   | 
   |       $display(&#34;FAILED&#34;);
   |       ^^^^^^^^^^^^^^^^^^ 

compiler bug: lowering of Expr #83 to hir not implemented
  --&gt; <a href="../../../../third_party/tests/ivtest/ivltests/br_gh104b.v.html#l-16" target="file-frame">third_party/tests/ivtest/ivltests/br_gh104b.v:16</a>:5-12:
   | 
   |     $finish;
   |     ^^^^^^^ 
   = note: Encountered at src/svlog/hir/lowering.rs:1439

You have encountered a compiler bug. Sorry about that! We would appreciate if you open an issue [1] and describe how you triggered the bug, together with a minimal snippet of code to reproduce it. Thanks!
[1]: https://github.com/fabianschuiki/moore

thread &#39;main&#39; panicked at &#39;lowering of Expr #83 to hir not implemented&#39;, /rustc/04488afe34512aa4c33566eb16d8c912a3ae04f9/src/libstd/macros.rs:16:9
note: run with `RUST_BACKTRACE=1` environment variable to display a backtrace

</pre>
</body>