<head>
  <style>
    .log { font-family: "Courier New", Consolas, monospace; font-size: 80%; }
    .test-failed { background-color: #ffaaaa; }
    .test-passed { background-color: #aaffaa; }
  </style>
</head>
<body>
<h3><a href="http://llhd.io/" target="_blank">moore</a></h3>
<pre class="test-failed">
description: Test imported from ivtest
rc: 101 (means success: 0)
should_fail: 0
tags: ivtest
incdirs: /tmpfs/src/github/sv-tests/third_party/tests/ivtest /tmpfs/src/github/sv-tests/third_party/tests/ivtest/ivltests
top_module: 
type: parsing
mode: parsing
files: <a href="../../../../third_party/tests/ivtest/ivltests/constfunc14.v.html" target="file-frame">third_party/tests/ivtest/ivltests/constfunc14.v</a>
time_elapsed: 0.004s
ram usage: 10884 KB
</pre>
<pre class="log">

moore -I /tmpfs/src/github/sv-tests/third_party/tests/ivtest -I /tmpfs/src/github/sv-tests/third_party/tests/ivtest/ivltests -e constfunc14 <a href="../../../../third_party/tests/ivtest/ivltests/constfunc14.v.html" target="file-frame">third_party/tests/ivtest/ivltests/constfunc14.v</a>
warning: `$display` not supported; ignored
  --&gt; <a href="../../../../third_party/tests/ivtest/ivltests/constfunc14.v.html#l-48" target="file-frame">third_party/tests/ivtest/ivltests/constfunc14.v:48</a>:3-23:
   | 
   |   $display(&#34;%h&#34;, res1); if (res1 !== 8&#39;ha5) failed = 1;
   |   ^^^^^^^^^^^^^^^^^^^^                                 

warning: `$display` not supported; ignored
  --&gt; <a href="../../../../third_party/tests/ivtest/ivltests/constfunc14.v.html#l-49" target="file-frame">third_party/tests/ivtest/ivltests/constfunc14.v:49</a>:3-23:
   | 
   |   $display(&#34;%h&#34;, res2); if (res2 !== 8&#39;ha2) failed = 1;
   |   ^^^^^^^^^^^^^^^^^^^^                                 

warning: `$display` not supported; ignored
  --&gt; <a href="../../../../third_party/tests/ivtest/ivltests/constfunc14.v.html#l-50" target="file-frame">third_party/tests/ivtest/ivltests/constfunc14.v:50</a>:3-23:
   | 
   |   $display(&#34;%h&#34;, res3); if (res3 !== 8&#39;h2d) failed = 1;
   |   ^^^^^^^^^^^^^^^^^^^^                                 

warning: `$display` not supported; ignored
  --&gt; <a href="../../../../third_party/tests/ivtest/ivltests/constfunc14.v.html#l-53" target="file-frame">third_party/tests/ivtest/ivltests/constfunc14.v:53</a>:5-23:
   | 
   |     $display(&#34;FAILED&#34;);
   |     ^^^^^^^^^^^^^^^^^^ 

warning: `$display` not supported; ignored
  --&gt; <a href="../../../../third_party/tests/ivtest/ivltests/constfunc14.v.html#l-55" target="file-frame">third_party/tests/ivtest/ivltests/constfunc14.v:55</a>:5-23:
   | 
   |     $display(&#34;PASSED&#34;);
   |     ^^^^^^^^^^^^^^^^^^ 

error: cannot infer implicit type
  --&gt; <a href="../../../../third_party/tests/ivtest/ivltests/constfunc14.v.html#l-4" target="file-frame">third_party/tests/ivtest/ivltests/constfunc14.v:4</a>:10-15:
   | 
   | function [7:0] concat1(input [7:0] value);
   |          ^^^^^                            
   = note: This usually indicates that a declaration is missing a default value.

 ERROR moore_svlog::typeck &gt; offending implicit type is TypeKind #0 (#13 in Type #3) ImplicitType
compiler bug: value of type `&lt;error&gt;` should be a bool
  --&gt; <a href="../../../../third_party/tests/ivtest/ivltests/constfunc14.v.html#l-48" target="file-frame">third_party/tests/ivtest/ivltests/constfunc14.v:48</a>:29-43:
   | 
   |   $display(&#34;%h&#34;, res1); if (res1 !== 8&#39;ha5) failed = 1;
   |                             ^^^^^^^^^^^^^^             
   = note: Assertion failed: mir.ty.get_simple_bit_vector().map(|sbv| sbv.size == 1).unwrap_or(false)
   = note: Encountered at src/svlog/codegen.rs:1235

You have encountered a compiler bug. Sorry about that! We would appreciate if you open an issue [1] and describe how you triggered the bug, together with a minimal snippet of code to reproduce it. Thanks!
[1]: https://github.com/fabianschuiki/moore

thread &#39;main&#39; panicked at &#39;value of type `&lt;error&gt;` should be a bool&#39;, /rustc/49cae55760da0a43428eba73abcb659bb70cf2e4/src/libstd/macros.rs:16:9
note: run with `RUST_BACKTRACE=1` environment variable to display a backtrace

</pre>
</body>