<head>
  <style>
    .log { font-family: "Courier New", Consolas, monospace; font-size: 80%; }
    .test-failed { background-color: #ffaaaa; }
    .test-passed { background-color: #aaffaa; }
  </style>
</head>
<body>
<h3><a href="http://llhd.io/" target="_blank">moore</a></h3>
<pre class="test-failed">
description: Test imported from ivtest
rc: 101 (means success: 0)
tags: ivtest
incdirs: /tmpfs/src/github/sv-tests/third_party/tests/ivtest /tmpfs/src/github/sv-tests/third_party/tests/ivtest/ivltests
top_module: 
type: parsing
mode: parsing
files: <a href="../../../../third_party/tests/ivtest/ivltests/constfunc12.v.html" target="file-frame">third_party/tests/ivtest/ivltests/constfunc12.v</a>
defines: 
time_elapsed: 0.018s
ram usage: 11884 KB
</pre>
<pre class="log">

moore -I /tmpfs/src/github/sv-tests/third_party/tests/ivtest -I /tmpfs/src/github/sv-tests/third_party/tests/ivtest/ivltests -e constfunc12 <a href="../../../../third_party/tests/ivtest/ivltests/constfunc12.v.html" target="file-frame">third_party/tests/ivtest/ivltests/constfunc12.v</a>
warning: unsupported: system task `$display`; ignored
  --&gt; <a href="../../../../third_party/tests/ivtest/ivltests/constfunc12.v.html#l-83" target="file-frame">third_party/tests/ivtest/ivltests/constfunc12.v:83</a>:3-23:
   | 
   |   $display(&#34;%d&#34;, otb0); if (otb0 !== 2&#39;d0) failed = 1;
   |   ^^^^^^^^^^^^^^^^^^^^                                

error: cannot infer implicit type
  --&gt; <a href="../../../../third_party/tests/ivtest/ivltests/constfunc12.v.html#l-4" target="file-frame">third_party/tests/ivtest/ivltests/constfunc12.v:4</a>:10-15:
   | 
   | function [1:0] onehot_to_binary(input [3:1] x);
   |          ^^^^^                                 
   = note: This usually indicates that a declaration is missing a default value.
   = note: Needed to compute the type of the expression:
  --&gt; <a href="../../../../third_party/tests/ivtest/ivltests/constfunc12.v.html#l-48" target="file-frame">third_party/tests/ivtest/ivltests/constfunc12.v:48</a>:19-43:
   | 
   | localparam otb0 = onehot_to_binary(3&#39;b000);
   |                   ^^^^^^^^^^^^^^^^^^^^^^^^ 

warning: unsupported: system task `$display`; ignored
  --&gt; <a href="../../../../third_party/tests/ivtest/ivltests/constfunc12.v.html#l-84" target="file-frame">third_party/tests/ivtest/ivltests/constfunc12.v:84</a>:3-23:
   | 
   |   $display(&#34;%d&#34;, otb1); if (otb1 !== 2&#39;d1) failed = 1;
   |   ^^^^^^^^^^^^^^^^^^^^                                

warning: unsupported: system task `$display`; ignored
  --&gt; <a href="../../../../third_party/tests/ivtest/ivltests/constfunc12.v.html#l-85" target="file-frame">third_party/tests/ivtest/ivltests/constfunc12.v:85</a>:3-23:
   | 
   |   $display(&#34;%d&#34;, otb2); if (otb2 !== 2&#39;d2) failed = 1;
   |   ^^^^^^^^^^^^^^^^^^^^                                

warning: unsupported: system task `$display`; ignored
  --&gt; <a href="../../../../third_party/tests/ivtest/ivltests/constfunc12.v.html#l-86" target="file-frame">third_party/tests/ivtest/ivltests/constfunc12.v:86</a>:3-23:
   | 
   |   $display(&#34;%d&#34;, otb3); if (otb3 !== 2&#39;d3) failed = 1;
   |   ^^^^^^^^^^^^^^^^^^^^                                

warning: unsupported: system task `$display`; ignored
  --&gt; <a href="../../../../third_party/tests/ivtest/ivltests/constfunc12.v.html#l-87" target="file-frame">third_party/tests/ivtest/ivltests/constfunc12.v:87</a>:3-23:
   | 
   |   $display(&#34;%d&#34;, otb4); if (otb4 !== 2&#39;d0) failed = 1;
   |   ^^^^^^^^^^^^^^^^^^^^                                

warning: unsupported: system task `$display`; ignored
  --&gt; <a href="../../../../third_party/tests/ivtest/ivltests/constfunc12.v.html#l-88" target="file-frame">third_party/tests/ivtest/ivltests/constfunc12.v:88</a>:3-23:
   | 
   |   $display(&#34;%d&#34;, otb5); if (otb5 !== 2&#39;d0) failed = 1;
   |   ^^^^^^^^^^^^^^^^^^^^                                

warning: unsupported: system task `$display`; ignored
  --&gt; <a href="../../../../third_party/tests/ivtest/ivltests/constfunc12.v.html#l-89" target="file-frame">third_party/tests/ivtest/ivltests/constfunc12.v:89</a>:3-23:
   | 
   |   $display(&#34;%d&#34;, otb6); if (otb6 !== 2&#39;d0) failed = 1;
   |   ^^^^^^^^^^^^^^^^^^^^                                

warning: unsupported: system task `$display`; ignored
  --&gt; <a href="../../../../third_party/tests/ivtest/ivltests/constfunc12.v.html#l-90" target="file-frame">third_party/tests/ivtest/ivltests/constfunc12.v:90</a>:3-15:
   | 
   |   $display(&#34;&#34;);
   |   ^^^^^^^^^^^^ 

warning: unsupported: system task `$display`; ignored
  --&gt; <a href="../../../../third_party/tests/ivtest/ivltests/constfunc12.v.html#l-91" target="file-frame">third_party/tests/ivtest/ivltests/constfunc12.v:91</a>:3-23:
   | 
   |   $display(&#34;%d&#34;, ffo0); if (ffo0 !== 2&#39;d0) failed = 1;
   |   ^^^^^^^^^^^^^^^^^^^^                                

error: cannot infer implicit type
  --&gt; <a href="../../../../third_party/tests/ivtest/ivltests/constfunc12.v.html#l-15" target="file-frame">third_party/tests/ivtest/ivltests/constfunc12.v:15</a>:10-15:
   | 
   | function [1:0] find_first_one(input [3:1] x);
   |          ^^^^^                               
   = note: This usually indicates that a declaration is missing a default value.
   = note: Needed to compute the type of the expression:
  --&gt; <a href="../../../../third_party/tests/ivtest/ivltests/constfunc12.v.html#l-56" target="file-frame">third_party/tests/ivtest/ivltests/constfunc12.v:56</a>:19-41:
   | 
   | localparam ffo0 = find_first_one(3&#39;b000);
   |                   ^^^^^^^^^^^^^^^^^^^^^^ 

warning: unsupported: system task `$display`; ignored
  --&gt; <a href="../../../../third_party/tests/ivtest/ivltests/constfunc12.v.html#l-92" target="file-frame">third_party/tests/ivtest/ivltests/constfunc12.v:92</a>:3-23:
   | 
   |   $display(&#34;%d&#34;, ffo1); if (ffo1 !== 2&#39;d1) failed = 1;
   |   ^^^^^^^^^^^^^^^^^^^^                                

warning: unsupported: system task `$display`; ignored
  --&gt; <a href="../../../../third_party/tests/ivtest/ivltests/constfunc12.v.html#l-93" target="file-frame">third_party/tests/ivtest/ivltests/constfunc12.v:93</a>:3-23:
   | 
   |   $display(&#34;%d&#34;, ffo2); if (ffo2 !== 2&#39;d2) failed = 1;
   |   ^^^^^^^^^^^^^^^^^^^^                                

warning: unsupported: system task `$display`; ignored
  --&gt; <a href="../../../../third_party/tests/ivtest/ivltests/constfunc12.v.html#l-94" target="file-frame">third_party/tests/ivtest/ivltests/constfunc12.v:94</a>:3-23:
   | 
   |   $display(&#34;%d&#34;, ffo3); if (ffo3 !== 2&#39;d3) failed = 1;
   |   ^^^^^^^^^^^^^^^^^^^^                                

warning: unsupported: system task `$display`; ignored
  --&gt; <a href="../../../../third_party/tests/ivtest/ivltests/constfunc12.v.html#l-95" target="file-frame">third_party/tests/ivtest/ivltests/constfunc12.v:95</a>:3-23:
   | 
   |   $display(&#34;%d&#34;, ffo4); if (ffo4 !== 2&#39;d0) failed = 1;
   |   ^^^^^^^^^^^^^^^^^^^^                                

warning: unsupported: system task `$display`; ignored
  --&gt; <a href="../../../../third_party/tests/ivtest/ivltests/constfunc12.v.html#l-96" target="file-frame">third_party/tests/ivtest/ivltests/constfunc12.v:96</a>:3-23:
   | 
   |   $display(&#34;%d&#34;, ffo5); if (ffo5 !== 2&#39;d1) failed = 1;
   |   ^^^^^^^^^^^^^^^^^^^^                                

warning: unsupported: system task `$display`; ignored
  --&gt; <a href="../../../../third_party/tests/ivtest/ivltests/constfunc12.v.html#l-97" target="file-frame">third_party/tests/ivtest/ivltests/constfunc12.v:97</a>:3-23:
   | 
   |   $display(&#34;%d&#34;, ffo6); if (ffo6 !== 2&#39;d2) failed = 1;
   |   ^^^^^^^^^^^^^^^^^^^^                                

warning: unsupported: system task `$display`; ignored
  --&gt; <a href="../../../../third_party/tests/ivtest/ivltests/constfunc12.v.html#l-98" target="file-frame">third_party/tests/ivtest/ivltests/constfunc12.v:98</a>:3-23:
   | 
   |   $display(&#34;%d&#34;, ffo7); if (ffo7 !== 2&#39;d3) failed = 1;
   |   ^^^^^^^^^^^^^^^^^^^^                                

warning: unsupported: system task `$display`; ignored
  --&gt; <a href="../../../../third_party/tests/ivtest/ivltests/constfunc12.v.html#l-99" target="file-frame">third_party/tests/ivtest/ivltests/constfunc12.v:99</a>:3-15:
   | 
   |   $display(&#34;&#34;);
   |   ^^^^^^^^^^^^ 

warning: unsupported: system task `$display`; ignored
  --&gt; <a href="../../../../third_party/tests/ivtest/ivltests/constfunc12.v.html#l-100" target="file-frame">third_party/tests/ivtest/ivltests/constfunc12.v:100</a>:3-23:
   | 
   |   $display(&#34;%d&#34;, ffz0); if (ffz0 !== 2&#39;d0) failed = 1;
   |   ^^^^^^^^^^^^^^^^^^^^                                

error: cannot infer implicit type
  --&gt; <a href="../../../../third_party/tests/ivtest/ivltests/constfunc12.v.html#l-26" target="file-frame">third_party/tests/ivtest/ivltests/constfunc12.v:26</a>:10-15:
   | 
   | function [1:0] find_first_zero(input [3:1] x);
   |          ^^^^^                                
   = note: This usually indicates that a declaration is missing a default value.
   = note: Needed to compute the type of the expression:
  --&gt; <a href="../../../../third_party/tests/ivtest/ivltests/constfunc12.v.html#l-65" target="file-frame">third_party/tests/ivtest/ivltests/constfunc12.v:65</a>:19-42:
   | 
   | localparam ffz0 = find_first_zero(3&#39;b111);
   |                   ^^^^^^^^^^^^^^^^^^^^^^^ 

warning: unsupported: system task `$display`; ignored
  --&gt; <a href="../../../../third_party/tests/ivtest/ivltests/constfunc12.v.html#l-101" target="file-frame">third_party/tests/ivtest/ivltests/constfunc12.v:101</a>:3-23:
   | 
   |   $display(&#34;%d&#34;, ffz1); if (ffz1 !== 2&#39;d1) failed = 1;
   |   ^^^^^^^^^^^^^^^^^^^^                                

warning: unsupported: system task `$display`; ignored
  --&gt; <a href="../../../../third_party/tests/ivtest/ivltests/constfunc12.v.html#l-102" target="file-frame">third_party/tests/ivtest/ivltests/constfunc12.v:102</a>:3-23:
   | 
   |   $display(&#34;%d&#34;, ffz2); if (ffz2 !== 2&#39;d2) failed = 1;
   |   ^^^^^^^^^^^^^^^^^^^^                                

warning: unsupported: system task `$display`; ignored
  --&gt; <a href="../../../../third_party/tests/ivtest/ivltests/constfunc12.v.html#l-103" target="file-frame">third_party/tests/ivtest/ivltests/constfunc12.v:103</a>:3-23:
   | 
   |   $display(&#34;%d&#34;, ffz3); if (ffz3 !== 2&#39;d3) failed = 1;
   |   ^^^^^^^^^^^^^^^^^^^^                                

warning: unsupported: system task `$display`; ignored
  --&gt; <a href="../../../../third_party/tests/ivtest/ivltests/constfunc12.v.html#l-104" target="file-frame">third_party/tests/ivtest/ivltests/constfunc12.v:104</a>:3-23:
   | 
   |   $display(&#34;%d&#34;, ffz4); if (ffz4 !== 2&#39;d3) failed = 1;
   |   ^^^^^^^^^^^^^^^^^^^^                                

warning: unsupported: system task `$display`; ignored
  --&gt; <a href="../../../../third_party/tests/ivtest/ivltests/constfunc12.v.html#l-105" target="file-frame">third_party/tests/ivtest/ivltests/constfunc12.v:105</a>:3-23:
   | 
   |   $display(&#34;%d&#34;, ffz5); if (ffz5 !== 2&#39;d1) failed = 1;
   |   ^^^^^^^^^^^^^^^^^^^^                                

warning: unsupported: system task `$display`; ignored
  --&gt; <a href="../../../../third_party/tests/ivtest/ivltests/constfunc12.v.html#l-106" target="file-frame">third_party/tests/ivtest/ivltests/constfunc12.v:106</a>:3-23:
   | 
   |   $display(&#34;%d&#34;, ffz6); if (ffz6 !== 2&#39;d2) failed = 1;
   |   ^^^^^^^^^^^^^^^^^^^^                                

warning: unsupported: system task `$display`; ignored
  --&gt; <a href="../../../../third_party/tests/ivtest/ivltests/constfunc12.v.html#l-107" target="file-frame">third_party/tests/ivtest/ivltests/constfunc12.v:107</a>:3-23:
   | 
   |   $display(&#34;%d&#34;, ffz7); if (ffz7 !== 2&#39;d3) failed = 1;
   |   ^^^^^^^^^^^^^^^^^^^^                                

warning: unsupported: system task `$display`; ignored
  --&gt; <a href="../../../../third_party/tests/ivtest/ivltests/constfunc12.v.html#l-108" target="file-frame">third_party/tests/ivtest/ivltests/constfunc12.v:108</a>:3-15:
   | 
   |   $display(&#34;&#34;);
   |   ^^^^^^^^^^^^ 

warning: unsupported: system task `$display`; ignored
  --&gt; <a href="../../../../third_party/tests/ivtest/ivltests/constfunc12.v.html#l-109" target="file-frame">third_party/tests/ivtest/ivltests/constfunc12.v:109</a>:3-23:
   | 
   |   $display(&#34;%d&#34;, mrv0); if (mrv0 !== 2&#39;d0) failed = 1;
   |   ^^^^^^^^^^^^^^^^^^^^                                

error: cannot infer implicit type
  --&gt; <a href="../../../../third_party/tests/ivtest/ivltests/constfunc12.v.html#l-37" target="file-frame">third_party/tests/ivtest/ivltests/constfunc12.v:37</a>:10-15:
   | 
   | function [1:0] match_real_value(input real x);
   |          ^^^^^                                
   = note: This usually indicates that a declaration is missing a default value.
   = note: Needed to compute the type of the expression:
  --&gt; <a href="../../../../third_party/tests/ivtest/ivltests/constfunc12.v.html#l-74" target="file-frame">third_party/tests/ivtest/ivltests/constfunc12.v:74</a>:19-40:
   | 
   | localparam mrv0 = match_real_value(0.0);
   |                   ^^^^^^^^^^^^^^^^^^^^^ 

warning: unsupported: system task `$display`; ignored
  --&gt; <a href="../../../../third_party/tests/ivtest/ivltests/constfunc12.v.html#l-110" target="file-frame">third_party/tests/ivtest/ivltests/constfunc12.v:110</a>:3-23:
   | 
   |   $display(&#34;%d&#34;, mrv1); if (mrv1 !== 2&#39;d1) failed = 1;
   |   ^^^^^^^^^^^^^^^^^^^^                                

warning: unsupported: system task `$display`; ignored
  --&gt; <a href="../../../../third_party/tests/ivtest/ivltests/constfunc12.v.html#l-111" target="file-frame">third_party/tests/ivtest/ivltests/constfunc12.v:111</a>:3-23:
   | 
   |   $display(&#34;%d&#34;, mrv2); if (mrv2 !== 2&#39;d2) failed = 1;
   |   ^^^^^^^^^^^^^^^^^^^^                                

warning: unsupported: system task `$display`; ignored
  --&gt; <a href="../../../../third_party/tests/ivtest/ivltests/constfunc12.v.html#l-112" target="file-frame">third_party/tests/ivtest/ivltests/constfunc12.v:112</a>:3-23:
   | 
   |   $display(&#34;%d&#34;, mrv3); if (mrv3 !== 2&#39;d3) failed = 1;
   |   ^^^^^^^^^^^^^^^^^^^^                                

warning: unsupported: system task `$display`; ignored
  --&gt; <a href="../../../../third_party/tests/ivtest/ivltests/constfunc12.v.html#l-113" target="file-frame">third_party/tests/ivtest/ivltests/constfunc12.v:113</a>:3-23:
   | 
   |   $display(&#34;%d&#34;, mrv4); if (mrv4 !== 2&#39;d0) failed = 1;
   |   ^^^^^^^^^^^^^^^^^^^^                                

warning: unsupported: system task `$display`; ignored
  --&gt; <a href="../../../../third_party/tests/ivtest/ivltests/constfunc12.v.html#l-114" target="file-frame">third_party/tests/ivtest/ivltests/constfunc12.v:114</a>:3-15:
   | 
   |   $display(&#34;&#34;);
   |   ^^^^^^^^^^^^ 

warning: unsupported: system task `$display`; ignored
  --&gt; <a href="../../../../third_party/tests/ivtest/ivltests/constfunc12.v.html#l-116" target="file-frame">third_party/tests/ivtest/ivltests/constfunc12.v:116</a>:5-23:
   | 
   |     $display(&#34;FAILED&#34;);
   |     ^^^^^^^^^^^^^^^^^^ 

warning: unsupported: system task `$display`; ignored
  --&gt; <a href="../../../../third_party/tests/ivtest/ivltests/constfunc12.v.html#l-118" target="file-frame">third_party/tests/ivtest/ivltests/constfunc12.v:118</a>:5-23:
   | 
   |     $display(&#34;PASSED&#34;);
   |     ^^^^^^^^^^^^^^^^^^ 

compiler bug: value of type `&lt;error&gt;` should be a bool
  --&gt; <a href="../../../../third_party/tests/ivtest/ivltests/constfunc12.v.html#l-83" target="file-frame">third_party/tests/ivtest/ivltests/constfunc12.v:83</a>:29-42:
   | 
   |   $display(&#34;%d&#34;, otb0); if (otb0 !== 2&#39;d0) failed = 1;
   |                             ^^^^^^^^^^^^^             
   = note: Assertion failed: mir.ty.get_simple_bit_vector().map(|sbv| sbv.size == 1).unwrap_or(false)
   = note: Encountered at src/svlog/codegen.rs:1666

You have encountered a compiler bug. Sorry about that! We would appreciate if you open an issue [1] and describe how you triggered the bug, together with a minimal snippet of code to reproduce it. Thanks!
[1]: https://github.com/fabianschuiki/moore

thread &#39;main&#39; panicked at &#39;value of type `&lt;error&gt;` should be a bool&#39;, /tmp/really-really-really-really-really-really-really-really-really-really-really-really-really-long-path/conda/conda-bld/moore_1603058050868/work/src/svlog/codegen.rs:1666:9
note: run with `RUST_BACKTRACE=1` environment variable to display a backtrace

</pre>
</body>