<head>
  <style>
    .log { font-family: "Courier New", Consolas, monospace; font-size: 80%; }
    .test-failed { background-color: #ffaaaa; }
    .test-passed { background-color: #aaffaa; }
  </style>
</head>
<body>
<h3><a href="http://llhd.io/" target="_blank">moore</a></h3>
<pre class="test-failed">
description: Test imported from ivtest
rc: 101 (means success: 0)
tags: ivtest
incdirs: /tmpfs/src/github/sv-tests/third_party/tests/ivtest /tmpfs/src/github/sv-tests/third_party/tests/ivtest/ivltests
top_module: 
type: parsing
mode: parsing
files: <a href="../../../../third_party/tests/ivtest/ivltests/constfunc11.v.html" target="file-frame">third_party/tests/ivtest/ivltests/constfunc11.v</a>
defines: 
time_elapsed: 0.008s
ram usage: 11216 KB
</pre>
<pre class="log">

moore -I /tmpfs/src/github/sv-tests/third_party/tests/ivtest -I /tmpfs/src/github/sv-tests/third_party/tests/ivtest/ivltests -e constfunc11 <a href="../../../../third_party/tests/ivtest/ivltests/constfunc11.v.html" target="file-frame">third_party/tests/ivtest/ivltests/constfunc11.v</a>
warning: unsupported: system task `$display`; ignored
  --&gt; <a href="../../../../third_party/tests/ivtest/ivltests/constfunc11.v.html#l-24" target="file-frame">third_party/tests/ivtest/ivltests/constfunc11.v:24</a>:3-24:
   | 
   |   $display(&#34;%0d&#34;, val0); if (val0 !== 1) failed = 1;
   |   ^^^^^^^^^^^^^^^^^^^^^                             

error: cannot infer implicit type
  --&gt; <a href="../../../../third_party/tests/ivtest/ivltests/constfunc11.v.html#l-4" target="file-frame">third_party/tests/ivtest/ivltests/constfunc11.v:4</a>:10-16:
   | 
   | function [31:0] pow2(input [5:0] x);
   |          ^^^^^^                     
   = note: This usually indicates that a declaration is missing a default value.
   = note: Needed to compute the type of the expression:
  --&gt; <a href="../../../../third_party/tests/ivtest/ivltests/constfunc11.v.html#l-15" target="file-frame">third_party/tests/ivtest/ivltests/constfunc11.v:15</a>:19-26:
   | 
   | localparam val0 = pow2(0);
   |                   ^^^^^^^ 

warning: unsupported: system task `$display`; ignored
  --&gt; <a href="../../../../third_party/tests/ivtest/ivltests/constfunc11.v.html#l-25" target="file-frame">third_party/tests/ivtest/ivltests/constfunc11.v:25</a>:3-24:
   | 
   |   $display(&#34;%0d&#34;, val1); if (val1 !== 2) failed = 1;
   |   ^^^^^^^^^^^^^^^^^^^^^                             

warning: unsupported: system task `$display`; ignored
  --&gt; <a href="../../../../third_party/tests/ivtest/ivltests/constfunc11.v.html#l-26" target="file-frame">third_party/tests/ivtest/ivltests/constfunc11.v:26</a>:3-24:
   | 
   |   $display(&#34;%0d&#34;, val2); if (val2 !== 4) failed = 1;
   |   ^^^^^^^^^^^^^^^^^^^^^                             

warning: unsupported: system task `$display`; ignored
  --&gt; <a href="../../../../third_party/tests/ivtest/ivltests/constfunc11.v.html#l-27" target="file-frame">third_party/tests/ivtest/ivltests/constfunc11.v:27</a>:3-24:
   | 
   |   $display(&#34;%0d&#34;, val3); if (val3 !== 8) failed = 1;
   |   ^^^^^^^^^^^^^^^^^^^^^                             

warning: unsupported: system task `$display`; ignored
  --&gt; <a href="../../../../third_party/tests/ivtest/ivltests/constfunc11.v.html#l-29" target="file-frame">third_party/tests/ivtest/ivltests/constfunc11.v:29</a>:5-23:
   | 
   |     $display(&#34;FAILED&#34;);
   |     ^^^^^^^^^^^^^^^^^^ 

warning: unsupported: system task `$display`; ignored
  --&gt; <a href="../../../../third_party/tests/ivtest/ivltests/constfunc11.v.html#l-31" target="file-frame">third_party/tests/ivtest/ivltests/constfunc11.v:31</a>:5-23:
   | 
   |     $display(&#34;PASSED&#34;);
   |     ^^^^^^^^^^^^^^^^^^ 

compiler bug: value of type `&lt;error&gt;` should be a bool
  --&gt; <a href="../../../../third_party/tests/ivtest/ivltests/constfunc11.v.html#l-24" target="file-frame">third_party/tests/ivtest/ivltests/constfunc11.v:24</a>:30-40:
   | 
   |   $display(&#34;%0d&#34;, val0); if (val0 !== 1) failed = 1;
   |                              ^^^^^^^^^^             
   = note: Assertion failed: mir.ty.get_simple_bit_vector().map(|sbv| sbv.size == 1).unwrap_or(false)
   = note: Encountered at src/svlog/codegen.rs:1681

You have encountered a compiler bug. Sorry about that! We would appreciate if you open an issue [1] and describe how you triggered the bug, together with a minimal snippet of code to reproduce it. Thanks!
[1]: https://github.com/fabianschuiki/moore

thread &#39;main&#39; panicked at &#39;value of type `&lt;error&gt;` should be a bool&#39;, /tmp/really-really-really-really-really-really-really-really-really-really-really-really-really-long-path/conda/conda-bld/moore_1604605936199/work/src/svlog/codegen.rs:1681:9
note: run with `RUST_BACKTRACE=1` environment variable to display a backtrace

</pre>
</body>