<head>
  <style>
    .log { font-family: "Courier New", Consolas, monospace; font-size: 80%; }
    .test-failed { background-color: #ffaaaa; }
    .test-passed { background-color: #aaffaa; }
  </style>
</head>
<body>
<h3><a href="http://llhd.io/" target="_blank">moore</a></h3>
<pre class="test-failed">
description: Test imported from ivtest
rc: 101 (means success: 0)
tags: ivtest
incdirs: /tmpfs/src/github/sv-tests/third_party/tests/ivtest /tmpfs/src/github/sv-tests/third_party/tests/ivtest/ivltests
top_module: 
type: parsing
mode: parsing
files: <a href="../../../../third_party/tests/ivtest/ivltests/constfunc13.v.html" target="file-frame">third_party/tests/ivtest/ivltests/constfunc13.v</a>
defines: 
time_elapsed: 0.012s
ram usage: 11628 KB
</pre>
<pre class="log">

moore -I /tmpfs/src/github/sv-tests/third_party/tests/ivtest -I /tmpfs/src/github/sv-tests/third_party/tests/ivtest/ivltests -e constfunc13 <a href="../../../../third_party/tests/ivtest/ivltests/constfunc13.v.html" target="file-frame">third_party/tests/ivtest/ivltests/constfunc13.v</a>
warning: unsupported: system task `$display`; ignored
  --&gt; <a href="../../../../third_party/tests/ivtest/ivltests/constfunc13.v.html#l-80" target="file-frame">third_party/tests/ivtest/ivltests/constfunc13.v:80</a>:3-31:
   | 
   |   $display(&#34;case = %d&#34;, res11); if (res11 != 2) failed = 1;
   |   ^^^^^^^^^^^^^^^^^^^^^^^^^^^^                             

error: cannot infer implicit type
  --&gt; <a href="../../../../third_party/tests/ivtest/ivltests/constfunc13.v.html#l-4" target="file-frame">third_party/tests/ivtest/ivltests/constfunc13.v:4</a>:10-15:
   | 
   | function [2:0] lookup1(input signed [2:0] value);
   |          ^^^^^                                   
   = note: This usually indicates that a declaration is missing a default value.
   = note: Needed to compute the type of the expression:
  --&gt; <a href="../../../../third_party/tests/ivtest/ivltests/constfunc13.v.html#l-60" target="file-frame">third_party/tests/ivtest/ivltests/constfunc13.v:60</a>:20-36:
   | 
   | localparam res11 = lookup1(3&#39;sb100);
   |                    ^^^^^^^^^^^^^^^^ 

warning: unsupported: system task `$display`; ignored
  --&gt; <a href="../../../../third_party/tests/ivtest/ivltests/constfunc13.v.html#l-81" target="file-frame">third_party/tests/ivtest/ivltests/constfunc13.v:81</a>:3-31:
   | 
   |   $display(&#34;case = %d&#34;, res12); if (res12 != 3) failed = 1;
   |   ^^^^^^^^^^^^^^^^^^^^^^^^^^^^                             

warning: unsupported: system task `$display`; ignored
  --&gt; <a href="../../../../third_party/tests/ivtest/ivltests/constfunc13.v.html#l-82" target="file-frame">third_party/tests/ivtest/ivltests/constfunc13.v:82</a>:3-31:
   | 
   |   $display(&#34;case = %d&#34;, res13); if (res13 != 4) failed = 1;
   |   ^^^^^^^^^^^^^^^^^^^^^^^^^^^^                             

warning: unsupported: system task `$display`; ignored
  --&gt; <a href="../../../../third_party/tests/ivtest/ivltests/constfunc13.v.html#l-83" target="file-frame">third_party/tests/ivtest/ivltests/constfunc13.v:83</a>:3-15:
   | 
   |   $display(&#34;&#34;);
   |   ^^^^^^^^^^^^ 

warning: unsupported: system task `$display`; ignored
  --&gt; <a href="../../../../third_party/tests/ivtest/ivltests/constfunc13.v.html#l-84" target="file-frame">third_party/tests/ivtest/ivltests/constfunc13.v:84</a>:3-31:
   | 
   |   $display(&#34;case = %d&#34;, res21); if (res21 != 2) failed = 1;
   |   ^^^^^^^^^^^^^^^^^^^^^^^^^^^^                             

error: cannot infer implicit type
  --&gt; <a href="../../../../third_party/tests/ivtest/ivltests/constfunc13.v.html#l-18" target="file-frame">third_party/tests/ivtest/ivltests/constfunc13.v:18</a>:10-15:
   | 
   | function [2:0] lookup2(input signed [2:0] value);
   |          ^^^^^                                   
   = note: This usually indicates that a declaration is missing a default value.
   = note: Needed to compute the type of the expression:
  --&gt; <a href="../../../../third_party/tests/ivtest/ivltests/constfunc13.v.html#l-64" target="file-frame">third_party/tests/ivtest/ivltests/constfunc13.v:64</a>:20-36:
   | 
   | localparam res21 = lookup2(3&#39;sb100);
   |                    ^^^^^^^^^^^^^^^^ 

warning: unsupported: system task `$display`; ignored
  --&gt; <a href="../../../../third_party/tests/ivtest/ivltests/constfunc13.v.html#l-85" target="file-frame">third_party/tests/ivtest/ivltests/constfunc13.v:85</a>:3-31:
   | 
   |   $display(&#34;case = %d&#34;, res22); if (res22 != 3) failed = 1;
   |   ^^^^^^^^^^^^^^^^^^^^^^^^^^^^                             

warning: unsupported: system task `$display`; ignored
  --&gt; <a href="../../../../third_party/tests/ivtest/ivltests/constfunc13.v.html#l-86" target="file-frame">third_party/tests/ivtest/ivltests/constfunc13.v:86</a>:3-31:
   | 
   |   $display(&#34;case = %d&#34;, res23); if (res23 != 4) failed = 1;
   |   ^^^^^^^^^^^^^^^^^^^^^^^^^^^^                             

warning: unsupported: system task `$display`; ignored
  --&gt; <a href="../../../../third_party/tests/ivtest/ivltests/constfunc13.v.html#l-87" target="file-frame">third_party/tests/ivtest/ivltests/constfunc13.v:87</a>:3-15:
   | 
   |   $display(&#34;&#34;);
   |   ^^^^^^^^^^^^ 

warning: unsupported: system task `$display`; ignored
  --&gt; <a href="../../../../third_party/tests/ivtest/ivltests/constfunc13.v.html#l-88" target="file-frame">third_party/tests/ivtest/ivltests/constfunc13.v:88</a>:3-31:
   | 
   |   $display(&#34;case = %d&#34;, res31); if (res31 != 1) failed = 1;
   |   ^^^^^^^^^^^^^^^^^^^^^^^^^^^^                             

error: cannot infer implicit type
  --&gt; <a href="../../../../third_party/tests/ivtest/ivltests/constfunc13.v.html#l-32" target="file-frame">third_party/tests/ivtest/ivltests/constfunc13.v:32</a>:10-15:
   | 
   | function [2:0] lookup3(input real value);
   |          ^^^^^                           
   = note: This usually indicates that a declaration is missing a default value.
   = note: Needed to compute the type of the expression:
  --&gt; <a href="../../../../third_party/tests/ivtest/ivltests/constfunc13.v.html#l-68" target="file-frame">third_party/tests/ivtest/ivltests/constfunc13.v:68</a>:20-33:
   | 
   | localparam res31 = lookup3( 1.0);
   |                    ^^^^^^^^^^^^^ 

warning: unsupported: system task `$display`; ignored
  --&gt; <a href="../../../../third_party/tests/ivtest/ivltests/constfunc13.v.html#l-89" target="file-frame">third_party/tests/ivtest/ivltests/constfunc13.v:89</a>:3-31:
   | 
   |   $display(&#34;case = %d&#34;, res32); if (res32 != 2) failed = 1;
   |   ^^^^^^^^^^^^^^^^^^^^^^^^^^^^                             

warning: unsupported: system task `$display`; ignored
  --&gt; <a href="../../../../third_party/tests/ivtest/ivltests/constfunc13.v.html#l-90" target="file-frame">third_party/tests/ivtest/ivltests/constfunc13.v:90</a>:3-31:
   | 
   |   $display(&#34;case = %d&#34;, res33); if (res33 != 3) failed = 1;
   |   ^^^^^^^^^^^^^^^^^^^^^^^^^^^^                             

warning: unsupported: system task `$display`; ignored
  --&gt; <a href="../../../../third_party/tests/ivtest/ivltests/constfunc13.v.html#l-91" target="file-frame">third_party/tests/ivtest/ivltests/constfunc13.v:91</a>:3-31:
   | 
   |   $display(&#34;case = %d&#34;, res34); if (res34 != 4) failed = 1;
   |   ^^^^^^^^^^^^^^^^^^^^^^^^^^^^                             

warning: unsupported: system task `$display`; ignored
  --&gt; <a href="../../../../third_party/tests/ivtest/ivltests/constfunc13.v.html#l-92" target="file-frame">third_party/tests/ivtest/ivltests/constfunc13.v:92</a>:3-15:
   | 
   |   $display(&#34;&#34;);
   |   ^^^^^^^^^^^^ 

warning: unsupported: system task `$display`; ignored
  --&gt; <a href="../../../../third_party/tests/ivtest/ivltests/constfunc13.v.html#l-93" target="file-frame">third_party/tests/ivtest/ivltests/constfunc13.v:93</a>:3-31:
   | 
   |   $display(&#34;case = %d&#34;, res41); if (res41 != 2) failed = 1;
   |   ^^^^^^^^^^^^^^^^^^^^^^^^^^^^                             

error: cannot infer implicit type
  --&gt; <a href="../../../../third_party/tests/ivtest/ivltests/constfunc13.v.html#l-46" target="file-frame">third_party/tests/ivtest/ivltests/constfunc13.v:46</a>:10-15:
   | 
   | function [2:0] lookup4(input signed [2:0] value);
   |          ^^^^^                                   
   = note: This usually indicates that a declaration is missing a default value.
   = note: Needed to compute the type of the expression:
  --&gt; <a href="../../../../third_party/tests/ivtest/ivltests/constfunc13.v.html#l-73" target="file-frame">third_party/tests/ivtest/ivltests/constfunc13.v:73</a>:20-36:
   | 
   | localparam res41 = lookup4(3&#39;sb110);
   |                    ^^^^^^^^^^^^^^^^ 

warning: unsupported: system task `$display`; ignored
  --&gt; <a href="../../../../third_party/tests/ivtest/ivltests/constfunc13.v.html#l-94" target="file-frame">third_party/tests/ivtest/ivltests/constfunc13.v:94</a>:3-31:
   | 
   |   $display(&#34;case = %d&#34;, res42); if (res42 != 3) failed = 1;
   |   ^^^^^^^^^^^^^^^^^^^^^^^^^^^^                             

warning: unsupported: system task `$display`; ignored
  --&gt; <a href="../../../../third_party/tests/ivtest/ivltests/constfunc13.v.html#l-95" target="file-frame">third_party/tests/ivtest/ivltests/constfunc13.v:95</a>:3-31:
   | 
   |   $display(&#34;case = %d&#34;, res43); if (res43 != 4) failed = 1;
   |   ^^^^^^^^^^^^^^^^^^^^^^^^^^^^                             

warning: unsupported: system task `$display`; ignored
  --&gt; <a href="../../../../third_party/tests/ivtest/ivltests/constfunc13.v.html#l-96" target="file-frame">third_party/tests/ivtest/ivltests/constfunc13.v:96</a>:3-15:
   | 
   |   $display(&#34;&#34;);
   |   ^^^^^^^^^^^^ 

warning: unsupported: system task `$display`; ignored
  --&gt; <a href="../../../../third_party/tests/ivtest/ivltests/constfunc13.v.html#l-98" target="file-frame">third_party/tests/ivtest/ivltests/constfunc13.v:98</a>:5-23:
   | 
   |     $display(&#34;FAILED&#34;);
   |     ^^^^^^^^^^^^^^^^^^ 

warning: unsupported: system task `$display`; ignored
  --&gt; <a href="../../../../third_party/tests/ivtest/ivltests/constfunc13.v.html#l-100" target="file-frame">third_party/tests/ivtest/ivltests/constfunc13.v:100</a>:5-23:
   | 
   |     $display(&#34;PASSED&#34;);
   |     ^^^^^^^^^^^^^^^^^^ 

compiler bug: value of type `&lt;error&gt;` should be a bool
  --&gt; <a href="../../../../third_party/tests/ivtest/ivltests/constfunc13.v.html#l-80" target="file-frame">third_party/tests/ivtest/ivltests/constfunc13.v:80</a>:37-47:
   | 
   |   $display(&#34;case = %d&#34;, res11); if (res11 != 2) failed = 1;
   |                                     ^^^^^^^^^^             
   = note: Assertion failed: mir.ty.get_simple_bit_vector().map(|sbv| sbv.size == 1).unwrap_or(false)
   = note: Encountered at src/svlog/codegen.rs:1681

You have encountered a compiler bug. Sorry about that! We would appreciate if you open an issue [1] and describe how you triggered the bug, together with a minimal snippet of code to reproduce it. Thanks!
[1]: https://github.com/fabianschuiki/moore

thread &#39;main&#39; panicked at &#39;value of type `&lt;error&gt;` should be a bool&#39;, /tmp/really-really-really-really-really-really-really-really-really-really-really-really-really-long-path/conda/conda-bld/moore_1604605936199/work/src/svlog/codegen.rs:1681:9
note: run with `RUST_BACKTRACE=1` environment variable to display a backtrace

</pre>
</body>