<head>
  <style>
    .log { font-family: "Courier New", Consolas, monospace; font-size: 80%; }
    .test-failed { background-color: #ffaaaa; }
    .test-passed { background-color: #aaffaa; }
  </style>
</head>
<body>
<h3><a href="http://llhd.io/" target="_blank">moore</a></h3>
<pre class="test-failed">
description: Test imported from ivtest
rc: 101 (means success: 0)
tags: ivtest
incdirs: /tmpfs/src/github/sv-tests/third_party/tests/ivtest /tmpfs/src/github/sv-tests/third_party/tests/ivtest/ivltests
top_module: 
type: parsing
mode: parsing
files: <a href="../../../../third_party/tests/ivtest/ivltests/constfunc3.v.html" target="file-frame">third_party/tests/ivtest/ivltests/constfunc3.v</a>
defines: 
time_elapsed: 0.013s
ram usage: 11308 KB
</pre>
<pre class="log">

moore -I /tmpfs/src/github/sv-tests/third_party/tests/ivtest -I /tmpfs/src/github/sv-tests/third_party/tests/ivtest/ivltests -e constfunc3 <a href="../../../../third_party/tests/ivtest/ivltests/constfunc3.v.html" target="file-frame">third_party/tests/ivtest/ivltests/constfunc3.v</a>
warning: unsupported: system task `$display`; ignored
  --&gt; <a href="../../../../third_party/tests/ivtest/ivltests/constfunc3.v.html#l-53" target="file-frame">third_party/tests/ivtest/ivltests/constfunc3.v:53</a>:3-28:
   | 
   |   $display(&#34;%h&#34;, ResultAdd);
   |   ^^^^^^^^^^^^^^^^^^^^^^^^^ 

warning: unsupported: system task `$display`; ignored
  --&gt; <a href="../../../../third_party/tests/ivtest/ivltests/constfunc3.v.html#l-54" target="file-frame">third_party/tests/ivtest/ivltests/constfunc3.v:54</a>:3-28:
   | 
   |   $display(&#34;%h&#34;, ResultMul);
   |   ^^^^^^^^^^^^^^^^^^^^^^^^^ 

warning: unsupported: system task `$display`; ignored
  --&gt; <a href="../../../../third_party/tests/ivtest/ivltests/constfunc3.v.html#l-55" target="file-frame">third_party/tests/ivtest/ivltests/constfunc3.v:55</a>:3-28:
   | 
   |   $display(&#34;%h&#34;, ResultDiv);
   |   ^^^^^^^^^^^^^^^^^^^^^^^^^ 

warning: unsupported: system task `$display`; ignored
  --&gt; <a href="../../../../third_party/tests/ivtest/ivltests/constfunc3.v.html#l-56" target="file-frame">third_party/tests/ivtest/ivltests/constfunc3.v:56</a>:3-28:
   | 
   |   $display(&#34;%h&#34;, ResultPow);
   |   ^^^^^^^^^^^^^^^^^^^^^^^^^ 

warning: unsupported: system task `$display`; ignored
  --&gt; <a href="../../../../third_party/tests/ivtest/ivltests/constfunc3.v.html#l-57" target="file-frame">third_party/tests/ivtest/ivltests/constfunc3.v:57</a>:3-28:
   | 
   |   $display(&#34;%h&#34;, ResultAnd);
   |   ^^^^^^^^^^^^^^^^^^^^^^^^^ 

warning: unsupported: system task `$display`; ignored
  --&gt; <a href="../../../../third_party/tests/ivtest/ivltests/constfunc3.v.html#l-58" target="file-frame">third_party/tests/ivtest/ivltests/constfunc3.v:58</a>:3-30:
   | 
   |   $display(&#34;%h&#34;, ResultShift);
   |   ^^^^^^^^^^^^^^^^^^^^^^^^^^^ 

warning: unsupported: system task `$display`; ignored
  --&gt; <a href="../../../../third_party/tests/ivtest/ivltests/constfunc3.v.html#l-59" target="file-frame">third_party/tests/ivtest/ivltests/constfunc3.v:59</a>:3-30:
   | 
   |   $display(&#34;%h&#34;, ResultLogic);
   |   ^^^^^^^^^^^^^^^^^^^^^^^^^^^ 

error: cannot infer implicit type
  --&gt; <a href="../../../../third_party/tests/ivtest/ivltests/constfunc3.v.html#l-4" target="file-frame">third_party/tests/ivtest/ivltests/constfunc3.v:4</a>:10-15:
   | 
   | function [7:0] Add(input [7:0] l, input [7:0] r);
   |          ^^^^^                                   
   = note: This usually indicates that a declaration is missing a default value.
   = note: Needed to compute the type of the expression:
  --&gt; <a href="../../../../third_party/tests/ivtest/ivltests/constfunc3.v.html#l-41" target="file-frame">third_party/tests/ivtest/ivltests/constfunc3.v:41</a>:32-49:
   | 
   | localparam [7:0] ResultAdd   = Add(8&#39;h0f, 8&#39;h0f);
   |                                ^^^^^^^^^^^^^^^^^ 

error: cannot infer implicit type
  --&gt; <a href="../../../../third_party/tests/ivtest/ivltests/constfunc3.v.html#l-8" target="file-frame">third_party/tests/ivtest/ivltests/constfunc3.v:8</a>:10-15:
   | 
   | function [7:0] Mul(input [7:0] l, input [7:0] r);
   |          ^^^^^                                   
   = note: This usually indicates that a declaration is missing a default value.
   = note: Needed to compute the type of the expression:
  --&gt; <a href="../../../../third_party/tests/ivtest/ivltests/constfunc3.v.html#l-42" target="file-frame">third_party/tests/ivtest/ivltests/constfunc3.v:42</a>:32-49:
   | 
   | localparam [7:0] ResultMul   = Mul(8&#39;h0f, 8&#39;h0f);
   |                                ^^^^^^^^^^^^^^^^^ 

error: cannot infer implicit type
  --&gt; <a href="../../../../third_party/tests/ivtest/ivltests/constfunc3.v.html#l-12" target="file-frame">third_party/tests/ivtest/ivltests/constfunc3.v:12</a>:10-15:
   | 
   | function [7:0] Div(input [7:0] l, input [7:0] r);
   |          ^^^^^                                   
   = note: This usually indicates that a declaration is missing a default value.
   = note: Needed to compute the type of the expression:
  --&gt; <a href="../../../../third_party/tests/ivtest/ivltests/constfunc3.v.html#l-43" target="file-frame">third_party/tests/ivtest/ivltests/constfunc3.v:43</a>:32-49:
   | 
   | localparam [7:0] ResultDiv   = Div(8&#39;hf0, 8&#39;h0f);
   |                                ^^^^^^^^^^^^^^^^^ 

error: cannot infer implicit type
  --&gt; <a href="../../../../third_party/tests/ivtest/ivltests/constfunc3.v.html#l-16" target="file-frame">third_party/tests/ivtest/ivltests/constfunc3.v:16</a>:10-15:
   | 
   | function [7:0] Pow(input [7:0] l, input [7:0] r);
   |          ^^^^^                                   
   = note: This usually indicates that a declaration is missing a default value.
   = note: Needed to compute the type of the expression:
  --&gt; <a href="../../../../third_party/tests/ivtest/ivltests/constfunc3.v.html#l-44" target="file-frame">third_party/tests/ivtest/ivltests/constfunc3.v:44</a>:32-49:
   | 
   | localparam [7:0] ResultPow   = Pow(8&#39;h02, 8&#39;h05);
   |                                ^^^^^^^^^^^^^^^^^ 

error: cannot infer implicit type
  --&gt; <a href="../../../../third_party/tests/ivtest/ivltests/constfunc3.v.html#l-20" target="file-frame">third_party/tests/ivtest/ivltests/constfunc3.v:20</a>:10-15:
   | 
   | function [7:0] And(input [7:0] l, input [7:0] r);
   |          ^^^^^                                   
   = note: This usually indicates that a declaration is missing a default value.
   = note: Needed to compute the type of the expression:
  --&gt; <a href="../../../../third_party/tests/ivtest/ivltests/constfunc3.v.html#l-45" target="file-frame">third_party/tests/ivtest/ivltests/constfunc3.v:45</a>:32-49:
   | 
   | localparam [7:0] ResultAnd   = And(8&#39;h0f, 8&#39;h55);
   |                                ^^^^^^^^^^^^^^^^^ 

error: cannot infer implicit type
  --&gt; <a href="../../../../third_party/tests/ivtest/ivltests/constfunc3.v.html#l-24" target="file-frame">third_party/tests/ivtest/ivltests/constfunc3.v:24</a>:10-15:
   | 
   | function [7:0] Shift(input [7:0] l, input [7:0] r);
   |          ^^^^^                                     
   = note: This usually indicates that a declaration is missing a default value.
   = note: Needed to compute the type of the expression:
  --&gt; <a href="../../../../third_party/tests/ivtest/ivltests/constfunc3.v.html#l-46" target="file-frame">third_party/tests/ivtest/ivltests/constfunc3.v:46</a>:32-51:
   | 
   | localparam [7:0] ResultShift = Shift(8&#39;h55, 8&#39;h03);
   |                                ^^^^^^^^^^^^^^^^^^^ 

error: cannot infer implicit type
  --&gt; <a href="../../../../third_party/tests/ivtest/ivltests/constfunc3.v.html#l-28" target="file-frame">third_party/tests/ivtest/ivltests/constfunc3.v:28</a>:10-15:
   | 
   | function [7:0] Logic(input [7:0] l, input [7:0] r);
   |          ^^^^^                                     
   = note: This usually indicates that a declaration is missing a default value.
   = note: Needed to compute the type of the expression:
  --&gt; <a href="../../../../third_party/tests/ivtest/ivltests/constfunc3.v.html#l-47" target="file-frame">third_party/tests/ivtest/ivltests/constfunc3.v:47</a>:32-51:
   | 
   | localparam [7:0] ResultLogic = Logic(8&#39;h33, 8&#39;h55);
   |                                ^^^^^^^^^^^^^^^^^^^ 

warning: unsupported: system task `$display`; ignored
  --&gt; <a href="../../../../third_party/tests/ivtest/ivltests/constfunc3.v.html#l-68" target="file-frame">third_party/tests/ivtest/ivltests/constfunc3.v:68</a>:5-23:
   | 
   |     $display(&#34;FAILED&#34;);
   |     ^^^^^^^^^^^^^^^^^^ 

warning: unsupported: system task `$display`; ignored
  --&gt; <a href="../../../../third_party/tests/ivtest/ivltests/constfunc3.v.html#l-70" target="file-frame">third_party/tests/ivtest/ivltests/constfunc3.v:70</a>:5-23:
   | 
   |     $display(&#34;PASSED&#34;);
   |     ^^^^^^^^^^^^^^^^^^ 

compiler bug: value of type `&lt;error&gt;` should be a bool
  --&gt; <a href="../../../../third_party/tests/ivtest/ivltests/constfunc3.v.html#l-60" target="file-frame">third_party/tests/ivtest/ivltests/constfunc3.v:60</a>:7-28:
   | 
   |   if (ResultAdd   !== 8&#39;h1e) failed = 1;
   |       ^^^^^^^^^^^^^^^^^^^^^             
   = note: Assertion failed: mir.ty.get_simple_bit_vector().map(|sbv| sbv.size == 1).unwrap_or(false)
   = note: Encountered at src/svlog/codegen.rs:1666

You have encountered a compiler bug. Sorry about that! We would appreciate if you open an issue [1] and describe how you triggered the bug, together with a minimal snippet of code to reproduce it. Thanks!
[1]: https://github.com/fabianschuiki/moore

thread &#39;main&#39; panicked at &#39;value of type `&lt;error&gt;` should be a bool&#39;, /tmp/really-really-really-really-really-really-really-really-really-really-really-really-really-long-path/conda/conda-bld/moore_1603058050868/work/src/svlog/codegen.rs:1666:9
note: run with `RUST_BACKTRACE=1` environment variable to display a backtrace

</pre>
</body>