<head>
  <style>
    .log { font-family: "Courier New", Consolas, monospace; font-size: 80%; }
    .test-failed { background-color: #ffaaaa; }
    .test-passed { background-color: #aaffaa; }
  </style>
</head>
<body>
<h3><a href="http://llhd.io/" target="_blank">moore</a></h3>
<pre class="test-failed">
description: Test imported from ivtest
rc: 101 (means success: 0)
tags: ivtest
incdirs: /tmpfs/src/github/sv-tests/third_party/tests/ivtest /tmpfs/src/github/sv-tests/third_party/tests/ivtest/ivltests
top_module: 
type: parsing
mode: parsing
files: <a href="../../../../third_party/tests/ivtest/ivltests/enum_value_expr.v.html" target="file-frame">third_party/tests/ivtest/ivltests/enum_value_expr.v</a>
defines: 
time_elapsed: 0.008s
ram usage: 11400 KB
</pre>
<pre class="log">

moore -I /tmpfs/src/github/sv-tests/third_party/tests/ivtest -I /tmpfs/src/github/sv-tests/third_party/tests/ivtest/ivltests -e test <a href="../../../../third_party/tests/ivtest/ivltests/enum_value_expr.v.html" target="file-frame">third_party/tests/ivtest/ivltests/enum_value_expr.v</a>
error: `P0` not found
  --&gt; <a href="../../../../third_party/tests/ivtest/ivltests/enum_value_expr.v.html#l-8" target="file-frame">third_party/tests/ivtest/ivltests/enum_value_expr.v:8</a>:11-13:
   | 
   |       if (P0 != PVALUE+0 || P1 != PVALUE+1 || P2 != PVALUE+2 || P3 != PVALUE+3 || P4 != PVALUE + 4 || Q != PVALUE+5)
   |           ^^                                                                                                        

error: `P1` not found
  --&gt; <a href="../../../../third_party/tests/ivtest/ivltests/enum_value_expr.v.html#l-8" target="file-frame">third_party/tests/ivtest/ivltests/enum_value_expr.v:8</a>:29-31:
   | 
   |       if (P0 != PVALUE+0 || P1 != PVALUE+1 || P2 != PVALUE+2 || P3 != PVALUE+3 || P4 != PVALUE + 4 || Q != PVALUE+5)
   |                             ^^                                                                                      

error: `P2` not found
  --&gt; <a href="../../../../third_party/tests/ivtest/ivltests/enum_value_expr.v.html#l-8" target="file-frame">third_party/tests/ivtest/ivltests/enum_value_expr.v:8</a>:47-49:
   | 
   |       if (P0 != PVALUE+0 || P1 != PVALUE+1 || P2 != PVALUE+2 || P3 != PVALUE+3 || P4 != PVALUE + 4 || Q != PVALUE+5)
   |                                               ^^                                                                    

error: `P3` not found
  --&gt; <a href="../../../../third_party/tests/ivtest/ivltests/enum_value_expr.v.html#l-8" target="file-frame">third_party/tests/ivtest/ivltests/enum_value_expr.v:8</a>:65-67:
   | 
   |       if (P0 != PVALUE+0 || P1 != PVALUE+1 || P2 != PVALUE+2 || P3 != PVALUE+3 || P4 != PVALUE + 4 || Q != PVALUE+5)
   |                                                                 ^^                                                  

error: `P4` not found
  --&gt; <a href="../../../../third_party/tests/ivtest/ivltests/enum_value_expr.v.html#l-8" target="file-frame">third_party/tests/ivtest/ivltests/enum_value_expr.v:8</a>:83-85:
   | 
   |       if (P0 != PVALUE+0 || P1 != PVALUE+1 || P2 != PVALUE+2 || P3 != PVALUE+3 || P4 != PVALUE + 4 || Q != PVALUE+5)
   |                                                                                   ^^                                

error: `S0` not found
  --&gt; <a href="../../../../third_party/tests/ivtest/ivltests/enum_value_expr.v.html#l-14" target="file-frame">third_party/tests/ivtest/ivltests/enum_value_expr.v:14</a>:11-13:
   | 
   |       if (S0 != LVALUE+0 || S1 != LVALUE+1 || S2 != LVALUE+2)
   |           ^^                                                 

error: `S1` not found
  --&gt; <a href="../../../../third_party/tests/ivtest/ivltests/enum_value_expr.v.html#l-14" target="file-frame">third_party/tests/ivtest/ivltests/enum_value_expr.v:14</a>:29-31:
   | 
   |       if (S0 != LVALUE+0 || S1 != LVALUE+1 || S2 != LVALUE+2)
   |                             ^^                               

error: `S2` not found
  --&gt; <a href="../../../../third_party/tests/ivtest/ivltests/enum_value_expr.v.html#l-14" target="file-frame">third_party/tests/ivtest/ivltests/enum_value_expr.v:14</a>:47-49:
   | 
   |       if (S0 != LVALUE+0 || S1 != LVALUE+1 || S2 != LVALUE+2)
   |                                               ^^             

error: `P0` not found
  --&gt; <a href="../../../../third_party/tests/ivtest/ivltests/enum_value_expr.v.html#l-8" target="file-frame">third_party/tests/ivtest/ivltests/enum_value_expr.v:8</a>:11-13:
   | 
   |       if (P0 != PVALUE+0 || P1 != PVALUE+1 || P2 != PVALUE+2 || P3 != PVALUE+3 || P4 != PVALUE + 4 || Q != PVALUE+5)
   |           ^^                                                                                                        

error: `P1` not found
  --&gt; <a href="../../../../third_party/tests/ivtest/ivltests/enum_value_expr.v.html#l-8" target="file-frame">third_party/tests/ivtest/ivltests/enum_value_expr.v:8</a>:29-31:
   | 
   |       if (P0 != PVALUE+0 || P1 != PVALUE+1 || P2 != PVALUE+2 || P3 != PVALUE+3 || P4 != PVALUE + 4 || Q != PVALUE+5)
   |                             ^^                                                                                      

error: `P2` not found
  --&gt; <a href="../../../../third_party/tests/ivtest/ivltests/enum_value_expr.v.html#l-8" target="file-frame">third_party/tests/ivtest/ivltests/enum_value_expr.v:8</a>:47-49:
   | 
   |       if (P0 != PVALUE+0 || P1 != PVALUE+1 || P2 != PVALUE+2 || P3 != PVALUE+3 || P4 != PVALUE + 4 || Q != PVALUE+5)
   |                                               ^^                                                                    

error: `P3` not found
  --&gt; <a href="../../../../third_party/tests/ivtest/ivltests/enum_value_expr.v.html#l-8" target="file-frame">third_party/tests/ivtest/ivltests/enum_value_expr.v:8</a>:65-67:
   | 
   |       if (P0 != PVALUE+0 || P1 != PVALUE+1 || P2 != PVALUE+2 || P3 != PVALUE+3 || P4 != PVALUE + 4 || Q != PVALUE+5)
   |                                                                 ^^                                                  

error: `P4` not found
  --&gt; <a href="../../../../third_party/tests/ivtest/ivltests/enum_value_expr.v.html#l-8" target="file-frame">third_party/tests/ivtest/ivltests/enum_value_expr.v:8</a>:83-85:
   | 
   |       if (P0 != PVALUE+0 || P1 != PVALUE+1 || P2 != PVALUE+2 || P3 != PVALUE+3 || P4 != PVALUE + 4 || Q != PVALUE+5)
   |                                                                                   ^^                                

warning: unsupported: system task `$display`; ignored
  --&gt; <a href="../../../../third_party/tests/ivtest/ivltests/enum_value_expr.v.html#l-10" target="file-frame">third_party/tests/ivtest/ivltests/enum_value_expr.v:10</a>:5-88:
   | 
   |        $display (&#34;FAILED - Initialised values P in par_enum were not elaborated properly&#34;);
   |        ^^^^^^^^^^^^^^^^^^^^^^^^^^^^^^^^^^^^^^^^^^^^^^^^^^^^^^^^^^^^^^^^^^^^^^^^^^^^^^^^^^^ 

compiler bug: lowering of Expr #100 to hir not implemented
  --&gt; <a href="../../../../third_party/tests/ivtest/ivltests/enum_value_expr.v.html#l-11" target="file-frame">third_party/tests/ivtest/ivltests/enum_value_expr.v:11</a>:5-12:
   | 
   |        $finish;
   |        ^^^^^^^ 
   = note: Encountered at src/svlog/hir/lowering.rs:1439

You have encountered a compiler bug. Sorry about that! We would appreciate if you open an issue [1] and describe how you triggered the bug, together with a minimal snippet of code to reproduce it. Thanks!
[1]: https://github.com/fabianschuiki/moore

thread &#39;main&#39; panicked at &#39;lowering of Expr #100 to hir not implemented&#39;, /tmp/really-really-really-really-really-really-really-really-really-really-really-really-really-long-path/conda/conda-bld/moore_1603058050868/work/src/svlog/hir/lowering.rs:1439:13
note: run with `RUST_BACKTRACE=1` environment variable to display a backtrace

</pre>
</body>