<head>
  <style>
    .log { font-family: "Courier New", Consolas, monospace; font-size: 80%; }
    .test-failed { background-color: #ffaaaa; }
    .test-passed { background-color: #aaffaa; }
  </style>
</head>
<body>
<h3><a href="http://llhd.io/" target="_blank">moore</a></h3>
<pre class="test-failed">
description: Test imported from ivtest
rc: 101 (means success: 0)
tags: ivtest
incdirs: /tmpfs/src/github/sv-tests/third_party/tests/ivtest /tmpfs/src/github/sv-tests/third_party/tests/ivtest/ivltests
top_module: 
type: parsing
mode: parsing
files: <a href="../../../../third_party/tests/ivtest/ivltests/enum_base_range.v.html" target="file-frame">third_party/tests/ivtest/ivltests/enum_base_range.v</a>
defines: 
time_elapsed: 0.012s
ram usage: 11328 KB
</pre>
<pre class="log">

moore -I /tmpfs/src/github/sv-tests/third_party/tests/ivtest -I /tmpfs/src/github/sv-tests/third_party/tests/ivtest/ivltests -e test <a href="../../../../third_party/tests/ivtest/ivltests/enum_base_range.v.html" target="file-frame">third_party/tests/ivtest/ivltests/enum_base_range.v</a>
error: `rstate0` not found
  --&gt; <a href="../../../../third_party/tests/ivtest/ivltests/enum_base_range.v.html#l-22" target="file-frame">third_party/tests/ivtest/ivltests/enum_base_range.v:22</a>:17-24:
   | 
   |       if ($bits(rstate0) != 3) begin
   |                 ^^^^^^^             

error: `rstate0` not found
  --&gt; <a href="../../../../third_party/tests/ivtest/ivltests/enum_base_range.v.html#l-23" target="file-frame">third_party/tests/ivtest/ivltests/enum_base_range.v:23</a>:53-60:
   | 
   |      $display(&#34;FAILED -- $bits(rstate0) == %0d&#34;, $bits(rstate0));
   |                                                        ^^^^^^^   

error: `bstate0` not found
  --&gt; <a href="../../../../third_party/tests/ivtest/ivltests/enum_base_range.v.html#l-26" target="file-frame">third_party/tests/ivtest/ivltests/enum_base_range.v:26</a>:17-24:
   | 
   |       if ($bits(bstate0) != 3) begin
   |                 ^^^^^^^             

error: `bstate0` not found
  --&gt; <a href="../../../../third_party/tests/ivtest/ivltests/enum_base_range.v.html#l-27" target="file-frame">third_party/tests/ivtest/ivltests/enum_base_range.v:27</a>:53-60:
   | 
   |      $display(&#34;FAILED -- $bits(bstate0) == %0d&#34;, $bits(bstate0));
   |                                                        ^^^^^^^   

error: `lstate0` not found
  --&gt; <a href="../../../../third_party/tests/ivtest/ivltests/enum_base_range.v.html#l-30" target="file-frame">third_party/tests/ivtest/ivltests/enum_base_range.v:30</a>:17-24:
   | 
   |       if ($bits(lstate0) != 3) begin
   |                 ^^^^^^^             

error: `lstate0` not found
  --&gt; <a href="../../../../third_party/tests/ivtest/ivltests/enum_base_range.v.html#l-31" target="file-frame">third_party/tests/ivtest/ivltests/enum_base_range.v:31</a>:53-60:
   | 
   |      $display(&#34;FAILED -- $bits(lstate0) == %0d&#34;, $bits(lstate0));
   |                                                        ^^^^^^^   

error: `rstate0` not found
  --&gt; <a href="../../../../third_party/tests/ivtest/ivltests/enum_base_range.v.html#l-35" target="file-frame">third_party/tests/ivtest/ivltests/enum_base_range.v:35</a>:11-18:
   | 
   |       if (rstate0 !== 3&#39;b000 || bstate0 !== 3&#39;b000 || lstate0 !== 3&#39;b000) begin
   |           ^^^^^^^                                                              

error: `bstate0` not found
  --&gt; <a href="../../../../third_party/tests/ivtest/ivltests/enum_base_range.v.html#l-35" target="file-frame">third_party/tests/ivtest/ivltests/enum_base_range.v:35</a>:33-40:
   | 
   |       if (rstate0 !== 3&#39;b000 || bstate0 !== 3&#39;b000 || lstate0 !== 3&#39;b000) begin
   |                                 ^^^^^^^                                        

error: `lstate0` not found
  --&gt; <a href="../../../../third_party/tests/ivtest/ivltests/enum_base_range.v.html#l-35" target="file-frame">third_party/tests/ivtest/ivltests/enum_base_range.v:35</a>:55-62:
   | 
   |       if (rstate0 !== 3&#39;b000 || bstate0 !== 3&#39;b000 || lstate0 !== 3&#39;b000) begin
   |                                                       ^^^^^^^                  

error: `rstate0` not found
  --&gt; <a href="../../../../third_party/tests/ivtest/ivltests/enum_base_range.v.html#l-36" target="file-frame">third_party/tests/ivtest/ivltests/enum_base_range.v:36</a>:39-46:
   | 
   |      $display(&#34;FAILED -- rstate0 == %b&#34;, rstate0);
   |                                          ^^^^^^^  

error: `rstate4` not found
  --&gt; <a href="../../../../third_party/tests/ivtest/ivltests/enum_base_range.v.html#l-40" target="file-frame">third_party/tests/ivtest/ivltests/enum_base_range.v:40</a>:11-18:
   | 
   |       if (rstate4 !== 3&#39;b100 || bstate4 !== 3&#39;b100 || lstate4 !== 3&#39;b100) begin
   |           ^^^^^^^                                                              

error: `bstate4` not found
  --&gt; <a href="../../../../third_party/tests/ivtest/ivltests/enum_base_range.v.html#l-40" target="file-frame">third_party/tests/ivtest/ivltests/enum_base_range.v:40</a>:33-40:
   | 
   |       if (rstate4 !== 3&#39;b100 || bstate4 !== 3&#39;b100 || lstate4 !== 3&#39;b100) begin
   |                                 ^^^^^^^                                        

error: `lstate4` not found
  --&gt; <a href="../../../../third_party/tests/ivtest/ivltests/enum_base_range.v.html#l-40" target="file-frame">third_party/tests/ivtest/ivltests/enum_base_range.v:40</a>:55-62:
   | 
   |       if (rstate4 !== 3&#39;b100 || bstate4 !== 3&#39;b100 || lstate4 !== 3&#39;b100) begin
   |                                                       ^^^^^^^                  

error: `rstate4` not found
  --&gt; <a href="../../../../third_party/tests/ivtest/ivltests/enum_base_range.v.html#l-41" target="file-frame">third_party/tests/ivtest/ivltests/enum_base_range.v:41</a>:39-46:
   | 
   |      $display(&#34;FAILED -- rstate4 == %b&#34;, rstate4);
   |                                          ^^^^^^^  

error: `rstate7` not found
  --&gt; <a href="../../../../third_party/tests/ivtest/ivltests/enum_base_range.v.html#l-45" target="file-frame">third_party/tests/ivtest/ivltests/enum_base_range.v:45</a>:11-18:
   | 
   |       if (rstate7 !== 3&#39;b111 || bstate7 !== 3&#39;b111 || lstate7 !== 3&#39;b111) begin
   |           ^^^^^^^                                                              

error: `bstate7` not found
  --&gt; <a href="../../../../third_party/tests/ivtest/ivltests/enum_base_range.v.html#l-45" target="file-frame">third_party/tests/ivtest/ivltests/enum_base_range.v:45</a>:33-40:
   | 
   |       if (rstate7 !== 3&#39;b111 || bstate7 !== 3&#39;b111 || lstate7 !== 3&#39;b111) begin
   |                                 ^^^^^^^                                        

error: `lstate7` not found
  --&gt; <a href="../../../../third_party/tests/ivtest/ivltests/enum_base_range.v.html#l-45" target="file-frame">third_party/tests/ivtest/ivltests/enum_base_range.v:45</a>:55-62:
   | 
   |       if (rstate7 !== 3&#39;b111 || bstate7 !== 3&#39;b111 || lstate7 !== 3&#39;b111) begin
   |                                                       ^^^^^^^                  

error: `rstate7` not found
  --&gt; <a href="../../../../third_party/tests/ivtest/ivltests/enum_base_range.v.html#l-46" target="file-frame">third_party/tests/ivtest/ivltests/enum_base_range.v:46</a>:39-46:
   | 
   |      $display(&#34;FAILED -- rstate7 == %b&#34;, rstate7);
   |                                          ^^^^^^^  

warning: unsupported: system task `$display`; ignored
  --&gt; <a href="../../../../third_party/tests/ivtest/ivltests/enum_base_range.v.html#l-10" target="file-frame">third_party/tests/ivtest/ivltests/enum_base_range.v:10</a>:3-64:
   | 
   |      $display(&#34;FAILED -- $bits(reg_enum) == %0d&#34;, $bits(reg_enum));
   |      ^^^^^^^^^^^^^^^^^^^^^^^^^^^^^^^^^^^^^^^^^^^^^^^^^^^^^^^^^^^^^ 

compiler bug: lowering of Expr #61 to hir not implemented
  --&gt; <a href="../../../../third_party/tests/ivtest/ivltests/enum_base_range.v.html#l-11" target="file-frame">third_party/tests/ivtest/ivltests/enum_base_range.v:11</a>:3-10:
   | 
   |      $finish;
   |      ^^^^^^^ 
   = note: Encountered at src/svlog/hir/lowering.rs:1439

You have encountered a compiler bug. Sorry about that! We would appreciate if you open an issue [1] and describe how you triggered the bug, together with a minimal snippet of code to reproduce it. Thanks!
[1]: https://github.com/fabianschuiki/moore

thread &#39;main&#39; panicked at &#39;lowering of Expr #61 to hir not implemented&#39;, /tmp/really-really-really-really-really-really-really-really-really-really-really-really-really-long-path/conda/conda-bld/moore_1602170488679/work/src/svlog/hir/lowering.rs:1439:13
note: run with `RUST_BACKTRACE=1` environment variable to display a backtrace

</pre>
</body>