<head>
  <style>
    .log { font-family: "Courier New", Consolas, monospace; font-size: 80%; }
    .test-failed { background-color: #ffaaaa; }
    .test-passed { background-color: #aaffaa; }
  </style>
</head>
<body>
<h3><a href="http://llhd.io/" target="_blank">moore</a></h3>
<pre class="test-failed">
description: Test imported from ivtest
rc: 1 (means success: 0)
tags: ivtest
incdirs: /tmpfs/src/github/sv-tests/third_party/tests/ivtest /tmpfs/src/github/sv-tests/third_party/tests/ivtest/ivltests
top_module: 
type: parsing
mode: parsing
files: <a href="../../../../third_party/tests/ivtest/ivltests/function3.11C.v.html" target="file-frame">third_party/tests/ivtest/ivltests/function3.11C.v</a>
defines: 
time_elapsed: 0.008s
ram usage: 10360 KB
</pre>
<pre class="log">

moore -I /tmpfs/src/github/sv-tests/third_party/tests/ivtest -I /tmpfs/src/github/sv-tests/third_party/tests/ivtest/ivltests -e main <a href="../../../../third_party/tests/ivtest/ivltests/function3.11C.v.html" target="file-frame">third_party/tests/ivtest/ivltests/function3.11C.v</a>
error: cannot infer implicit type
  --&gt; <a href="../../../../third_party/tests/ivtest/ivltests/function3.11C.v.html#l-31" target="file-frame">third_party/tests/ivtest/ivltests/function3.11C.v:31</a>:10-16:
   | 
   | function [31:0] myfunc1 ;
   |          ^^^^^^          
   = note: This usually indicates that a declaration is missing a default value.
   = note: Needed to compute the type of the expression:
  --&gt; <a href="../../../../third_party/tests/ivtest/ivltests/function3.11C.v.html#l-39" target="file-frame">third_party/tests/ivtest/ivltests/function3.11C.v:39</a>:12-26:
   | 
   |     val1 = myfunc1(32&#39;h0) ;
   |            ^^^^^^^^^^^^^^  

warning: unsupported: system task `$display`; ignored
  --&gt; <a href="../../../../third_party/tests/ivtest/ivltests/function3.11C.v.html#l-42" target="file-frame">third_party/tests/ivtest/ivltests/function3.11C.v:42</a>:9-75:
   | 
   |         $display(&#34;FAILED - function3.11C - function called from funct(1)&#34;);
   |         ^^^^^^^^^^^^^^^^^^^^^^^^^^^^^^^^^^^^^^^^^^^^^^^^^^^^^^^^^^^^^^^^^^ 

warning: unsupported: system task `$display`; ignored
  --&gt; <a href="../../../../third_party/tests/ivtest/ivltests/function3.11C.v.html#l-50" target="file-frame">third_party/tests/ivtest/ivltests/function3.11C.v:50</a>:9-75:
   | 
   |         $display(&#34;FAILED - function3.11C - function called from funct(2)&#34;);
   |         ^^^^^^^^^^^^^^^^^^^^^^^^^^^^^^^^^^^^^^^^^^^^^^^^^^^^^^^^^^^^^^^^^^ 

warning: unsupported: system task `$display`; ignored
  --&gt; <a href="../../../../third_party/tests/ivtest/ivltests/function3.11C.v.html#l-56" target="file-frame">third_party/tests/ivtest/ivltests/function3.11C.v:56</a>:9-75:
   | 
   |         $display(&#34;FAILED - function3.11C - function called from funct(3)&#34;);
   |         ^^^^^^^^^^^^^^^^^^^^^^^^^^^^^^^^^^^^^^^^^^^^^^^^^^^^^^^^^^^^^^^^^^ 

warning: unsupported: system task `$display`; ignored
  --&gt; <a href="../../../../third_party/tests/ivtest/ivltests/function3.11C.v.html#l-61" target="file-frame">third_party/tests/ivtest/ivltests/function3.11C.v:61</a>:8-26:
   | 
   |        $display(&#34;PASSED&#34;);
   |        ^^^^^^^^^^^^^^^^^^ 


</pre>
</body>