<head>
  <style>
    .log { font-family: "Courier New", Consolas, monospace; font-size: 80%; }
    .test-failed { background-color: #ffaaaa; }
    .test-passed { background-color: #aaffaa; }
  </style>
</head>
<body>
<h3><a href="http://llhd.io/" target="_blank">moore</a></h3>
<pre class="test-failed">
description: Test imported from ivtest
rc: 101 (means success: 0)
tags: ivtest
incdirs: /tmpfs/src/github/sv-tests/third_party/tests/ivtest /tmpfs/src/github/sv-tests/third_party/tests/ivtest/ivltests
top_module: 
type: parsing
mode: parsing
files: <a href="../../../../third_party/tests/ivtest/ivltests/function9.v.html" target="file-frame">third_party/tests/ivtest/ivltests/function9.v</a>
defines: 
time_elapsed: 0.007s
ram usage: 11596 KB
</pre>
<pre class="log">

moore -I /tmpfs/src/github/sv-tests/third_party/tests/ivtest -I /tmpfs/src/github/sv-tests/third_party/tests/ivtest/ivltests -e main <a href="../../../../third_party/tests/ivtest/ivltests/function9.v.html" target="file-frame">third_party/tests/ivtest/ivltests/function9.v</a>
error: cannot infer implicit type
  --&gt; <a href="../../../../third_party/tests/ivtest/ivltests/function9.v.html#l-7" target="file-frame">third_party/tests/ivtest/ivltests/function9.v:7</a>:13-38:
   | 
   |    function [STRLEN*BYTESIZE - 1 : 0] bits2text;
   |             ^^^^^^^^^^^^^^^^^^^^^^^^^           
   = note: This usually indicates that a declaration is missing a default value.
   = note: Needed to compute the type of the expression:
  --&gt; <a href="../../../../third_party/tests/ivtest/ivltests/function9.v.html#l-27" target="file-frame">third_party/tests/ivtest/ivltests/function9.v:27</a>:13-31:
   | 
   |       tmp = bits2text(4&#39;b0010);
   |             ^^^^^^^^^^^^^^^^^^ 

warning: unsupported: system task `$display`; ignored
  --&gt; <a href="../../../../third_party/tests/ivtest/ivltests/function9.v.html#l-29" target="file-frame">third_party/tests/ivtest/ivltests/function9.v:29</a>:3-60:
   | 
   |      $display(&#34;FAILED -- str0010=%h, expect %h&#34;, str0010, tmp);
   |      ^^^^^^^^^^^^^^^^^^^^^^^^^^^^^^^^^^^^^^^^^^^^^^^^^^^^^^^^^ 

compiler bug: lowering of Expr #320 to hir not implemented
  --&gt; <a href="../../../../third_party/tests/ivtest/ivltests/function9.v.html#l-30" target="file-frame">third_party/tests/ivtest/ivltests/function9.v:30</a>:3-10:
   | 
   |      $finish;
   |      ^^^^^^^ 
   = note: Encountered at src/svlog/hir/lowering.rs:1439

You have encountered a compiler bug. Sorry about that! We would appreciate if you open an issue [1] and describe how you triggered the bug, together with a minimal snippet of code to reproduce it. Thanks!
[1]: https://github.com/fabianschuiki/moore

thread &#39;main&#39; panicked at &#39;lowering of Expr #320 to hir not implemented&#39;, /tmp/really-really-really-really-really-really-really-really-really-really-really-really-really-long-path/conda/conda-bld/moore_1603058050868/work/src/svlog/hir/lowering.rs:1439:13
note: run with `RUST_BACKTRACE=1` environment variable to display a backtrace

</pre>
</body>