<head>
  <style>
    .log { font-family: "Courier New", Consolas, monospace; font-size: 80%; }
    .test-failed { background-color: #ffaaaa; }
    .test-passed { background-color: #aaffaa; }
  </style>
</head>
<body>
<h3><a href="http://llhd.io/" target="_blank">moore</a></h3>
<pre class="test-failed">
description: Test imported from ivtest
rc: 101 (means success: 0)
tags: ivtest
incdirs: /tmpfs/src/github/sv-tests/third_party/tests/ivtest /tmpfs/src/github/sv-tests/third_party/tests/ivtest/ivltests
top_module: 
type: parsing
mode: parsing
files: <a href="../../../../third_party/tests/ivtest/ivltests/function3.11B.v.html" target="file-frame">third_party/tests/ivtest/ivltests/function3.11B.v</a>
defines: 
time_elapsed: 0.008s
ram usage: 11456 KB
</pre>
<pre class="log">

moore -I /tmpfs/src/github/sv-tests/third_party/tests/ivtest -I /tmpfs/src/github/sv-tests/third_party/tests/ivtest/ivltests -e main <a href="../../../../third_party/tests/ivtest/ivltests/function3.11B.v.html" target="file-frame">third_party/tests/ivtest/ivltests/function3.11B.v</a>
error: cannot infer implicit type
  --&gt; <a href="../../../../third_party/tests/ivtest/ivltests/function3.11B.v.html#l-26" target="file-frame">third_party/tests/ivtest/ivltests/function3.11B.v:26</a>:10-16:
   | 
   | function [31:0] myfunc ;
   |          ^^^^^^         
   = note: This usually indicates that a declaration is missing a default value.

warning: unsupported: system task `$display`; ignored
  --&gt; <a href="../../../../third_party/tests/ivtest/ivltests/function3.11B.v.html#l-37" target="file-frame">third_party/tests/ivtest/ivltests/function3.11B.v:37</a>:9-63:
   | 
   |         $display(&#34;FAILED - function3.11B - func(lit) != lit &#34;);
   |         ^^^^^^^^^^^^^^^^^^^^^^^^^^^^^^^^^^^^^^^^^^^^^^^^^^^^^^ 

warning: unsupported: system task `$display`; ignored
  --&gt; <a href="../../../../third_party/tests/ivtest/ivltests/function3.11B.v.html#l-45" target="file-frame">third_party/tests/ivtest/ivltests/function3.11B.v:45</a>:9-71:
   | 
   |         $display(&#34;FAILED - function3.11B - func(reg var) != reg var &#34;);
   |         ^^^^^^^^^^^^^^^^^^^^^^^^^^^^^^^^^^^^^^^^^^^^^^^^^^^^^^^^^^^^^^ 

warning: unsupported: system task `$display`; ignored
  --&gt; <a href="../../../../third_party/tests/ivtest/ivltests/function3.11B.v.html#l-51" target="file-frame">third_party/tests/ivtest/ivltests/function3.11B.v:51</a>:9-75:
   | 
   |         $display(&#34;FAILED - function3.11B - if(func(reg var) != reg var) &#34;);
   |         ^^^^^^^^^^^^^^^^^^^^^^^^^^^^^^^^^^^^^^^^^^^^^^^^^^^^^^^^^^^^^^^^^^ 

warning: unsupported: system task `$display`; ignored
  --&gt; <a href="../../../../third_party/tests/ivtest/ivltests/function3.11B.v.html#l-56" target="file-frame">third_party/tests/ivtest/ivltests/function3.11B.v:56</a>:8-26:
   | 
   |        $display(&#34;PASSED&#34;);
   |        ^^^^^^^^^^^^^^^^^^ 

compiler bug: type assertion failed: `&lt;error&gt;` != `reg [31:0]`
  --&gt; <a href="../../../../third_party/tests/ivtest/ivltests/function3.11B.v.html#l-34" target="file-frame">third_party/tests/ivtest/ivltests/function3.11B.v:34</a>:12-25:
   | 
   |     val1 = myfunc(32&#39;h0) ;
   |            ^^^^^^^^^^^^^  
   = note: Type mismatch:
   = note:     Left-hand side:  `&lt;error&gt;`
   = note:     Right-hand side: `reg [31:0]`
   = note: Encountered at src/svlog/codegen.rs:2026

You have encountered a compiler bug. Sorry about that! We would appreciate if you open an issue [1] and describe how you triggered the bug, together with a minimal snippet of code to reproduce it. Thanks!
[1]: https://github.com/fabianschuiki/moore

thread &#39;main&#39; panicked at &#39;type assertion failed: `&lt;error&gt;` != `reg [31:0]`&#39;, /tmp/really-really-really-really-really-really-really-really-really-really-really-really-really-long-path/conda/conda-bld/moore_1604605936199/work/src/svlog/codegen.rs:2026:21
note: run with `RUST_BACKTRACE=1` environment variable to display a backtrace

</pre>
</body>