<head>
  <style>
    .log { font-family: "Courier New", Consolas, monospace; font-size: 80%; }
    .test-failed { background-color: #ffaaaa; }
    .test-passed { background-color: #aaffaa; }
  </style>
</head>
<body>
<h3><a href="http://llhd.io/" target="_blank">moore</a></h3>
<pre class="test-failed">
description: Test imported from ivtest
rc: 101 (means success: 0)
tags: ivtest
incdirs: /tmpfs/src/github/sv-tests/third_party/tests/ivtest /tmpfs/src/github/sv-tests/third_party/tests/ivtest/ivltests
top_module: 
type: parsing
mode: parsing
files: <a href="../../../../third_party/tests/ivtest/ivltests/function3.11F.v.html" target="file-frame">third_party/tests/ivtest/ivltests/function3.11F.v</a>
defines: 
time_elapsed: 0.007s
ram usage: 11100 KB
</pre>
<pre class="log">

moore -I /tmpfs/src/github/sv-tests/third_party/tests/ivtest -I /tmpfs/src/github/sv-tests/third_party/tests/ivtest/ivltests -e main <a href="../../../../third_party/tests/ivtest/ivltests/function3.11F.v.html" target="file-frame">third_party/tests/ivtest/ivltests/function3.11F.v</a>
error: cannot infer implicit type
  --&gt; <a href="../../../../third_party/tests/ivtest/ivltests/function3.11F.v.html#l-31" target="file-frame">third_party/tests/ivtest/ivltests/function3.11F.v:31</a>:1-10:
   | 
   | function bar;
   | ^^^^^^^^^    
   = note: This usually indicates that a declaration is missing a default value.
   = note: Needed to compute the type of the expression:
  --&gt; <a href="../../../../third_party/tests/ivtest/ivltests/function3.11F.v.html#l-43" target="file-frame">third_party/tests/ivtest/ivltests/function3.11F.v:43</a>:13-23:
   | 
   |     val2  = bar(2&#39;b01);
   |             ^^^^^^^^^^ 

warning: unsupported: system task `$display`; ignored
  --&gt; <a href="../../../../third_party/tests/ivtest/ivltests/function3.11F.v.html#l-46" target="file-frame">third_party/tests/ivtest/ivltests/function3.11F.v:46</a>:9-74:
   | 
   |         $display(&#34;FAILED function 3.11F - register within a function(1)&#34;);
   |         ^^^^^^^^^^^^^^^^^^^^^^^^^^^^^^^^^^^^^^^^^^^^^^^^^^^^^^^^^^^^^^^^^ 

warning: unsupported: system task `$display`; ignored
  --&gt; <a href="../../../../third_party/tests/ivtest/ivltests/function3.11F.v.html#l-53" target="file-frame">third_party/tests/ivtest/ivltests/function3.11F.v:53</a>:9-74:
   | 
   |         $display(&#34;FAILED function 3.11F - register within a function(2)&#34;);
   |         ^^^^^^^^^^^^^^^^^^^^^^^^^^^^^^^^^^^^^^^^^^^^^^^^^^^^^^^^^^^^^^^^^ 

warning: unsupported: system task `$display`; ignored
  --&gt; <a href="../../../../third_party/tests/ivtest/ivltests/function3.11F.v.html#l-59" target="file-frame">third_party/tests/ivtest/ivltests/function3.11F.v:59</a>:9-74:
   | 
   |         $display(&#34;FAILED function 3.11F - register within a function(2)&#34;);
   |         ^^^^^^^^^^^^^^^^^^^^^^^^^^^^^^^^^^^^^^^^^^^^^^^^^^^^^^^^^^^^^^^^^ 

warning: unsupported: system task `$display`; ignored
  --&gt; <a href="../../../../third_party/tests/ivtest/ivltests/function3.11F.v.html#l-63" target="file-frame">third_party/tests/ivtest/ivltests/function3.11F.v:63</a>:7-25:
   | 
   |       $display(&#34;PASSED&#34;);
   |       ^^^^^^^^^^^^^^^^^^ 

compiler bug: type assertion failed: `&lt;error&gt;` != `reg`
  --&gt; <a href="../../../../third_party/tests/ivtest/ivltests/function3.11F.v.html#l-43" target="file-frame">third_party/tests/ivtest/ivltests/function3.11F.v:43</a>:13-23:
   | 
   |     val2  = bar(2&#39;b01);
   |             ^^^^^^^^^^ 
   = note: Type mismatch:
   = note:     Left-hand side:  `&lt;error&gt;`
   = note:     Right-hand side: `reg`
   = note: Encountered at src/svlog/codegen.rs:2003

You have encountered a compiler bug. Sorry about that! We would appreciate if you open an issue [1] and describe how you triggered the bug, together with a minimal snippet of code to reproduce it. Thanks!
[1]: https://github.com/fabianschuiki/moore

thread &#39;main&#39; panicked at &#39;type assertion failed: `&lt;error&gt;` != `reg`&#39;, /rustc/04488afe34512aa4c33566eb16d8c912a3ae04f9/src/libstd/macros.rs:16:9
note: run with `RUST_BACKTRACE=1` environment variable to display a backtrace

</pre>
</body>