<head>
  <style>
    .log { font-family: "Courier New", Consolas, monospace; font-size: 80%; }
    .test-failed { background-color: #ffaaaa; }
    .test-passed { background-color: #aaffaa; }
  </style>
</head>
<body>
<h3><a href="http://llhd.io/" target="_blank">moore</a></h3>
<pre class="test-failed">
description: Test imported from ivtest
rc: 101 (means success: 0)
tags: ivtest
incdirs: /tmpfs/src/github/sv-tests/third_party/tests/ivtest /tmpfs/src/github/sv-tests/third_party/tests/ivtest/ivltests
top_module: 
type: parsing
mode: parsing
files: <a href="../../../../third_party/tests/ivtest/ivltests/ilongint_test.v.html" target="file-frame">third_party/tests/ivtest/ivltests/ilongint_test.v</a>
defines: 
time_elapsed: 0.009s
ram usage: 11392 KB
</pre>
<pre class="log">

moore -I /tmpfs/src/github/sv-tests/third_party/tests/ivtest -I /tmpfs/src/github/sv-tests/third_party/tests/ivtest/ivltests -e ibyte_test <a href="../../../../third_party/tests/ivtest/ivltests/ilongint_test.v.html" target="file-frame">third_party/tests/ivtest/ivltests/ilongint_test.v</a>
warning: unsupported: system task `$display`; ignored
  --&gt; <a href="../../../../third_party/tests/ivtest/ivltests/ilongint_test.v.html#l-26" target="file-frame">third_party/tests/ivtest/ivltests/ilongint_test.v:26</a>:9-83:
   | 
   |         $display (&#34;FAILED - time zero initialisation incorrect: %b %b&#34;, bu, bu_xz);
   |         ^^^^^^^^^^^^^^^^^^^^^^^^^^^^^^^^^^^^^^^^^^^^^^^^^^^^^^^^^^^^^^^^^^^^^^^^^^ 

compiler bug: lowering of Expr #99 to hir not implemented
  --&gt; <a href="../../../../third_party/tests/ivtest/ivltests/ilongint_test.v.html#l-27" target="file-frame">third_party/tests/ivtest/ivltests/ilongint_test.v:27</a>:9-16:
   | 
   |         $finish;
   |         ^^^^^^^ 
   = note: Encountered at src/svlog/hir/lowering.rs:1439

You have encountered a compiler bug. Sorry about that! We would appreciate if you open an issue [1] and describe how you triggered the bug, together with a minimal snippet of code to reproduce it. Thanks!
[1]: https://github.com/fabianschuiki/moore

thread &#39;main&#39; panicked at &#39;lowering of Expr #99 to hir not implemented&#39;, /tmp/really-really-really-really-really-really-really-really-really-really-really-really-really-long-path/conda/conda-bld/moore_1602170488679/work/src/svlog/hir/lowering.rs:1439:13
note: run with `RUST_BACKTRACE=1` environment variable to display a backtrace

</pre>
</body>