<head>
  <style>
    .log { font-family: "Courier New", Consolas, monospace; font-size: 80%; }
    .test-failed { background-color: #ffaaaa; }
    .test-passed { background-color: #aaffaa; }
  </style>
</head>
<body>
<h3><a href="http://llhd.io/" target="_blank">moore</a></h3>
<pre class="test-failed">
description: Test imported from ivtest
rc: 101 (means success: 0)
tags: ivtest
incdirs: /tmpfs/src/github/sv-tests/third_party/tests/ivtest /tmpfs/src/github/sv-tests/third_party/tests/ivtest/ivltests
top_module: 
type: parsing
mode: parsing
files: <a href="../../../../third_party/tests/ivtest/ivltests/integer3gt.v.html" target="file-frame">third_party/tests/ivtest/ivltests/integer3gt.v</a>
defines: 
time_elapsed: 0.009s
ram usage: 11272 KB
</pre>
<pre class="log">

moore -I /tmpfs/src/github/sv-tests/third_party/tests/ivtest -I /tmpfs/src/github/sv-tests/third_party/tests/ivtest/ivltests -e integer3gt <a href="../../../../third_party/tests/ivtest/ivltests/integer3gt.v.html" target="file-frame">third_party/tests/ivtest/ivltests/integer3gt.v</a>
warning: unsupported: system task `$display`; ignored
  --&gt; <a href="../../../../third_party/tests/ivtest/ivltests/integer3gt.v.html#l-34" target="file-frame">third_party/tests/ivtest/ivltests/integer3gt.v:34</a>:3-27:
   | 
   |      $display(&#34;FAILED 1 &gt; 2&#34;);
   |      ^^^^^^^^^^^^^^^^^^^^^^^^ 

warning: unsupported: system task `$display`; ignored
  --&gt; <a href="../../../../third_party/tests/ivtest/ivltests/integer3gt.v.html#l-40" target="file-frame">third_party/tests/ivtest/ivltests/integer3gt.v:40</a>:3-27:
   | 
   |      $display(&#34;FAILED 2 &gt; 2&#34;);
   |      ^^^^^^^^^^^^^^^^^^^^^^^^ 

warning: unsupported: system task `$display`; ignored
  --&gt; <a href="../../../../third_party/tests/ivtest/ivltests/integer3gt.v.html#l-48" target="file-frame">third_party/tests/ivtest/ivltests/integer3gt.v:48</a>:3-27:
   | 
   |      $display(&#34;FAILED 3 &gt; 2&#34;);
   |      ^^^^^^^^^^^^^^^^^^^^^^^^ 

warning: unsupported: system task `$display`; ignored
  --&gt; <a href="../../../../third_party/tests/ivtest/ivltests/integer3gt.v.html#l-59" target="file-frame">third_party/tests/ivtest/ivltests/integer3gt.v:59</a>:3-49:
   | 
   |      $display(&#34;FAILED forloop b=%d expected 40&#34;, b);
   |      ^^^^^^^^^^^^^^^^^^^^^^^^^^^^^^^^^^^^^^^^^^^^^^ 

warning: unsupported: system task `$display`; ignored
  --&gt; <a href="../../../../third_party/tests/ivtest/ivltests/integer3gt.v.html#l-64" target="file-frame">third_party/tests/ivtest/ivltests/integer3gt.v:64</a>:3-21:
   | 
   |      $display(&#34;PASSED&#34;);
   |      ^^^^^^^^^^^^^^^^^^ 

compiler bug: lowering of Expr #234 to hir not implemented
  --&gt; <a href="../../../../third_party/tests/ivtest/ivltests/integer3gt.v.html#l-65" target="file-frame">third_party/tests/ivtest/ivltests/integer3gt.v:65</a>:7-14:
   | 
   |       $finish;
   |       ^^^^^^^ 
   = note: Encountered at src/svlog/hir/lowering.rs:1439

You have encountered a compiler bug. Sorry about that! We would appreciate if you open an issue [1] and describe how you triggered the bug, together with a minimal snippet of code to reproduce it. Thanks!
[1]: https://github.com/fabianschuiki/moore

thread &#39;main&#39; panicked at &#39;lowering of Expr #234 to hir not implemented&#39;, /tmp/really-really-really-really-really-really-really-really-really-really-really-really-really-long-path/conda/conda-bld/moore_1604605936199/work/src/svlog/hir/lowering.rs:1439:13
note: run with `RUST_BACKTRACE=1` environment variable to display a backtrace

</pre>
</body>