<head>
  <style>
    .log { font-family: "Courier New", Consolas, monospace; font-size: 80%; }
    .test-failed { background-color: #ffaaaa; }
    .test-passed { background-color: #aaffaa; }
  </style>
</head>
<body>
<h3><a href="http://llhd.io/" target="_blank">moore</a></h3>
<pre class="test-failed">
description: Test imported from ivtest
rc: 101 (means success: 0)
should_fail: 0
tags: ivtest
incdirs: /tmpfs/src/github/sv-tests/third_party/tests/ivtest /tmpfs/src/github/sv-tests/third_party/tests/ivtest/ivltests
top_module: 
type: parsing
mode: parsing
files: <a href="../../../../third_party/tests/ivtest/ivltests/lh_catadd.v.html" target="file-frame">third_party/tests/ivtest/ivltests/lh_catadd.v</a>
time_elapsed: 0.004s
ram usage: 11084 KB
</pre>
<pre class="log">

moore -I /tmpfs/src/github/sv-tests/third_party/tests/ivtest -I /tmpfs/src/github/sv-tests/third_party/tests/ivtest/ivltests -e test <a href="../../../../third_party/tests/ivtest/ivltests/lh_catadd.v.html" target="file-frame">third_party/tests/ivtest/ivltests/lh_catadd.v</a>
 ERROR moore_svlog::mir::lower::lvalue &gt; Expr {
    id: n30,
    span: Source(1; &#34;<a href="../../../../third_party/tests/ivtest/ivltests/lh_catadd.v.html" target="file-frame">third_party/tests/ivtest/ivltests/lh_catadd.v</a>&#34;):940-951,
    kind: Concat(
        None,
        [
            n26,
            n29,
        ],
    ),
}
error: expression `{carry,sum}` cannot be assigned to
  --&gt; <a href="../../../../third_party/tests/ivtest/ivltests/lh_catadd.v.html#l-25" target="file-frame">third_party/tests/ivtest/ivltests/lh_catadd.v:25</a>:11-22:
   | 
   |    assign {carry,sum} = a + b ;
   |           ^^^^^^^^^^^          

warning: `$display` not supported; ignored
  --&gt; <a href="../../../../third_party/tests/ivtest/ivltests/lh_catadd.v.html#l-30" target="file-frame">third_party/tests/ivtest/ivltests/lh_catadd.v:30</a>:3-42:
   | 
   |      $display(&#34;FAILED: carry === %b&#34;, carry);
   |      ^^^^^^^^^^^^^^^^^^^^^^^^^^^^^^^^^^^^^^^ 

 ERROR moore_svlog::hir::lowering      &gt; Expr #60
compiler bug: lowering of expression to hir not implemented
  --&gt; <a href="../../../../third_party/tests/ivtest/ivltests/lh_catadd.v.html#l-31" target="file-frame">third_party/tests/ivtest/ivltests/lh_catadd.v:31</a>:3-10:
   | 
   |      $finish;
   |      ^^^^^^^ 
   = note: Encountered at src/svlog/hir/lowering.rs:1363

You have encountered a compiler bug. Sorry about that! We would appreciate if you open an issue [1] and describe how you triggered the bug, together with a minimal snippet of code to reproduce it. Thanks!
[1]: https://github.com/fabianschuiki/moore

thread &#39;main&#39; panicked at &#39;lowering of expression to hir not implemented&#39;, /rustc/49cae55760da0a43428eba73abcb659bb70cf2e4/src/libstd/macros.rs:16:9
note: run with `RUST_BACKTRACE=1` environment variable to display a backtrace

</pre>
</body>