<head>
  <style>
    .log { font-family: "Courier New", Consolas, monospace; font-size: 80%; }
    .test-failed { background-color: #ffaaaa; }
    .test-passed { background-color: #aaffaa; }
  </style>
</head>
<body>
<h3><a href="http://llhd.io/" target="_blank">moore</a></h3>
<pre class="test-failed">
description: Test imported from ivtest
rc: 101 (means success: 0)
tags: ivtest
incdirs: /tmpfs/src/github/sv-tests/third_party/tests/ivtest /tmpfs/src/github/sv-tests/third_party/tests/ivtest/ivltests
top_module: 
type: parsing
mode: parsing
files: <a href="../../../../third_party/tests/ivtest/ivltests/mixed_width_case.v.html" target="file-frame">third_party/tests/ivtest/ivltests/mixed_width_case.v</a>
defines: 
time_elapsed: 0.010s
ram usage: 11604 KB
</pre>
<pre class="log">

moore -I /tmpfs/src/github/sv-tests/third_party/tests/ivtest -I /tmpfs/src/github/sv-tests/third_party/tests/ivtest/ivltests -e mixed_width_case <a href="../../../../third_party/tests/ivtest/ivltests/mixed_width_case.v.html" target="file-frame">third_party/tests/ivtest/ivltests/mixed_width_case.v</a>
error: cannot infer implicit type
  --&gt; <a href="../../../../third_party/tests/ivtest/ivltests/mixed_width_case.v.html#l-3" target="file-frame">third_party/tests/ivtest/ivltests/mixed_width_case.v:3</a>:10-15:
   | 
   | function [2:0] lookup1(input signed [2:0] value);
   |          ^^^^^                                   
   = note: This usually indicates that a declaration is missing a default value.

warning: unsupported: system task `$display`; ignored
  --&gt; <a href="../../../../third_party/tests/ivtest/ivltests/mixed_width_case.v.html#l-67" target="file-frame">third_party/tests/ivtest/ivltests/mixed_width_case.v:67</a>:3-15:
   | 
   |   $display(&#34;&#34;);
   |   ^^^^^^^^^^^^ 

error: cannot infer implicit type
  --&gt; <a href="../../../../third_party/tests/ivtest/ivltests/mixed_width_case.v.html#l-17" target="file-frame">third_party/tests/ivtest/ivltests/mixed_width_case.v:17</a>:10-15:
   | 
   | function [2:0] lookup2(input signed [2:0] value);
   |          ^^^^^                                   
   = note: This usually indicates that a declaration is missing a default value.

warning: unsupported: system task `$display`; ignored
  --&gt; <a href="../../../../third_party/tests/ivtest/ivltests/mixed_width_case.v.html#l-71" target="file-frame">third_party/tests/ivtest/ivltests/mixed_width_case.v:71</a>:3-15:
   | 
   |   $display(&#34;&#34;);
   |   ^^^^^^^^^^^^ 

error: cannot infer implicit type
  --&gt; <a href="../../../../third_party/tests/ivtest/ivltests/mixed_width_case.v.html#l-31" target="file-frame">third_party/tests/ivtest/ivltests/mixed_width_case.v:31</a>:10-15:
   | 
   | function [2:0] lookup3(input real value);
   |          ^^^^^                           
   = note: This usually indicates that a declaration is missing a default value.

warning: unsupported: system task `$display`; ignored
  --&gt; <a href="../../../../third_party/tests/ivtest/ivltests/mixed_width_case.v.html#l-76" target="file-frame">third_party/tests/ivtest/ivltests/mixed_width_case.v:76</a>:3-15:
   | 
   |   $display(&#34;&#34;);
   |   ^^^^^^^^^^^^ 

error: cannot infer implicit type
  --&gt; <a href="../../../../third_party/tests/ivtest/ivltests/mixed_width_case.v.html#l-45" target="file-frame">third_party/tests/ivtest/ivltests/mixed_width_case.v:45</a>:10-15:
   | 
   | function [2:0] lookup4(input signed [2:0] value);
   |          ^^^^^                                   
   = note: This usually indicates that a declaration is missing a default value.

warning: unsupported: system task `$display`; ignored
  --&gt; <a href="../../../../third_party/tests/ivtest/ivltests/mixed_width_case.v.html#l-80" target="file-frame">third_party/tests/ivtest/ivltests/mixed_width_case.v:80</a>:3-15:
   | 
   |   $display(&#34;&#34;);
   |   ^^^^^^^^^^^^ 

warning: unsupported: system task `$display`; ignored
  --&gt; <a href="../../../../third_party/tests/ivtest/ivltests/mixed_width_case.v.html#l-82" target="file-frame">third_party/tests/ivtest/ivltests/mixed_width_case.v:82</a>:5-23:
   | 
   |     $display(&#34;FAILED&#34;);
   |     ^^^^^^^^^^^^^^^^^^ 

warning: unsupported: system task `$display`; ignored
  --&gt; <a href="../../../../third_party/tests/ivtest/ivltests/mixed_width_case.v.html#l-84" target="file-frame">third_party/tests/ivtest/ivltests/mixed_width_case.v:84</a>:5-23:
   | 
   |     $display(&#34;PASSED&#34;);
   |     ^^^^^^^^^^^^^^^^^^ 

compiler bug: type assertion failed: `&lt;error&gt;` != `reg [2:0]`
  --&gt; <a href="../../../../third_party/tests/ivtest/ivltests/mixed_width_case.v.html#l-64" target="file-frame">third_party/tests/ivtest/ivltests/mixed_width_case.v:64</a>:12-28:
   | 
   |   result = lookup1(3&#39;sb100); if ( result != 2) failed = 1;
   |            ^^^^^^^^^^^^^^^^                               
   = note: Type mismatch:
   = note:     Left-hand side:  `&lt;error&gt;`
   = note:     Right-hand side: `reg [2:0]`
   = note: Encountered at src/svlog/codegen.rs:2026

You have encountered a compiler bug. Sorry about that! We would appreciate if you open an issue [1] and describe how you triggered the bug, together with a minimal snippet of code to reproduce it. Thanks!
[1]: https://github.com/fabianschuiki/moore

thread &#39;main&#39; panicked at &#39;type assertion failed: `&lt;error&gt;` != `reg [2:0]`&#39;, /tmp/really-really-really-really-really-really-really-really-really-really-really-really-really-long-path/conda/conda-bld/moore_1604605936199/work/src/svlog/codegen.rs:2026:21
note: run with `RUST_BACKTRACE=1` environment variable to display a backtrace

</pre>
</body>