<head>
  <style>
    .log { font-family: "Courier New", Consolas, monospace; font-size: 80%; }
    .test-failed { background-color: #ffaaaa; }
    .test-passed { background-color: #aaffaa; }
  </style>
</head>
<body>
<h3><a href="http://llhd.io/" target="_blank">moore</a></h3>
<pre class="test-failed">
description: Test imported from ivtest
rc: 101 (means success: 0)
tags: ivtest
incdirs: /tmpfs/src/github/sv-tests/third_party/tests/ivtest /tmpfs/src/github/sv-tests/third_party/tests/ivtest/ivltests
top_module: 
type: parsing
mode: parsing
files: <a href="../../../../third_party/tests/ivtest/ivltests/pr1776485.v.html" target="file-frame">third_party/tests/ivtest/ivltests/pr1776485.v</a>
defines: 
time_elapsed: 0.007s
ram usage: 11072 KB
</pre>
<pre class="log">

moore -I /tmpfs/src/github/sv-tests/third_party/tests/ivtest -I /tmpfs/src/github/sv-tests/third_party/tests/ivtest/ivltests -e vvp_fun_and <a href="../../../../third_party/tests/ivtest/ivltests/pr1776485.v.html" target="file-frame">third_party/tests/ivtest/ivltests/pr1776485.v</a>
warning: unsupported: system task `$display`; ignored
  --&gt; <a href="../../../../third_party/tests/ivtest/ivltests/pr1776485.v.html#l-14" target="file-frame">third_party/tests/ivtest/ivltests/pr1776485.v:14</a>:10-78:
   | 
   |       #1 $display(&#34;ADC_gain = %b, acd_gain_out = %b&#34;, ADC_gain, adc_gain_out);
   |          ^^^^^^^^^^^^^^^^^^^^^^^^^^^^^^^^^^^^^^^^^^^^^^^^^^^^^^^^^^^^^^^^^^^^ 

warning: unsupported: system task `$display`; ignored
  --&gt; <a href="../../../../third_party/tests/ivtest/ivltests/pr1776485.v.html#l-17" target="file-frame">third_party/tests/ivtest/ivltests/pr1776485.v:17</a>:3-46:
   | 
   |      $display(&#34;FAILED -- ADC_gain=%b&#34;, ADC_gain);
   |      ^^^^^^^^^^^^^^^^^^^^^^^^^^^^^^^^^^^^^^^^^^^ 

compiler bug: lowering of Expr #95 to hir not implemented
  --&gt; <a href="../../../../third_party/tests/ivtest/ivltests/pr1776485.v.html#l-18" target="file-frame">third_party/tests/ivtest/ivltests/pr1776485.v:18</a>:3-10:
   | 
   |      $finish;
   |      ^^^^^^^ 
   = note: Encountered at src/svlog/hir/lowering.rs:1439

You have encountered a compiler bug. Sorry about that! We would appreciate if you open an issue [1] and describe how you triggered the bug, together with a minimal snippet of code to reproduce it. Thanks!
[1]: https://github.com/fabianschuiki/moore

thread &#39;main&#39; panicked at &#39;lowering of Expr #95 to hir not implemented&#39;, /rustc/04488afe34512aa4c33566eb16d8c912a3ae04f9/src/libstd/macros.rs:16:9
note: run with `RUST_BACKTRACE=1` environment variable to display a backtrace

</pre>
</body>