<head>
  <style>
    .log { font-family: "Courier New", Consolas, monospace; font-size: 80%; }
    .test-failed { background-color: #ffaaaa; }
    .test-passed { background-color: #aaffaa; }
  </style>
</head>
<body>
<h3><a href="http://llhd.io/" target="_blank">moore</a></h3>
<pre class="test-failed">
description: Test imported from ivtest
rc: 101 (means success: 0)
tags: ivtest
incdirs: /tmpfs/src/github/sv-tests/third_party/tests/ivtest /tmpfs/src/github/sv-tests/third_party/tests/ivtest/ivltests
top_module: 
type: parsing
mode: parsing
files: <a href="../../../../third_party/tests/ivtest/ivltests/pr2885048.v.html" target="file-frame">third_party/tests/ivtest/ivltests/pr2885048.v</a>
defines: 
time_elapsed: 0.007s
ram usage: 10948 KB
</pre>
<pre class="log">

moore -I /tmpfs/src/github/sv-tests/third_party/tests/ivtest -I /tmpfs/src/github/sv-tests/third_party/tests/ivtest/ivltests -e bug <a href="../../../../third_party/tests/ivtest/ivltests/pr2885048.v.html" target="file-frame">third_party/tests/ivtest/ivltests/pr2885048.v</a>
error: expression `{r1, r2, r3, r4, r5, r6, r7}` cannot be assigned to
  --&gt; <a href="../../../../third_party/tests/ivtest/ivltests/pr2885048.v.html#l-30" target="file-frame">third_party/tests/ivtest/ivltests/pr2885048.v:30</a>:8-36:
   | 
   | assign {r1, r2, r3, r4, r5, r6, r7} = 56&#39;d257;
   |        ^^^^^^^^^^^^^^^^^^^^^^^^^^^^           

error: cannot infer implicit type
  --&gt; <a href="../../../../third_party/tests/ivtest/ivltests/pr2885048.v.html#l-13" target="file-frame">third_party/tests/ivtest/ivltests/pr2885048.v:13</a>:10-15:
   | 
   | function [7:0] fn;
   |          ^^^^^    
   = note: This usually indicates that a declaration is missing a default value.
   = note: Needed to compute the type of the expression:
  --&gt; <a href="../../../../third_party/tests/ivtest/ivltests/pr2885048.v.html#l-32" target="file-frame">third_party/tests/ivtest/ivltests/pr2885048.v:32</a>:12-48:
   | 
   | assign r = fn(r1, r2, r3, r4, r5, r6, r7, 8&#39;d0);
   |            ^^^^^^^^^^^^^^^^^^^^^^^^^^^^^^^^^^^^ 

warning: unsupported: system task `$display`; ignored
  --&gt; <a href="../../../../third_party/tests/ivtest/ivltests/pr2885048.v.html#l-35" target="file-frame">third_party/tests/ivtest/ivltests/pr2885048.v:35</a>:7-27:
   | 
   |    #1 $display(&#34;r=%0d&#34;, r);
   |       ^^^^^^^^^^^^^^^^^^^^ 

warning: unsupported: system task `$display`; ignored
  --&gt; <a href="../../../../third_party/tests/ivtest/ivltests/pr2885048.v.html#l-37" target="file-frame">third_party/tests/ivtest/ivltests/pr2885048.v:37</a>:7-25:
   | 
   |       $display(&#34;FAILED&#34;);
   |       ^^^^^^^^^^^^^^^^^^ 

compiler bug: lowering of Expr #228 to hir not implemented
  --&gt; <a href="../../../../third_party/tests/ivtest/ivltests/pr2885048.v.html#l-38" target="file-frame">third_party/tests/ivtest/ivltests/pr2885048.v:38</a>:7-14:
   | 
   |       $finish;
   |       ^^^^^^^ 
   = note: Encountered at src/svlog/hir/lowering.rs:1439

You have encountered a compiler bug. Sorry about that! We would appreciate if you open an issue [1] and describe how you triggered the bug, together with a minimal snippet of code to reproduce it. Thanks!
[1]: https://github.com/fabianschuiki/moore

thread &#39;main&#39; panicked at &#39;lowering of Expr #228 to hir not implemented&#39;, /rustc/04488afe34512aa4c33566eb16d8c912a3ae04f9/src/libstd/macros.rs:16:9
note: run with `RUST_BACKTRACE=1` environment variable to display a backtrace

</pre>
</body>