<head>
  <style>
    .log { font-family: "Courier New", Consolas, monospace; font-size: 80%; }
    .test-failed { background-color: #ffaaaa; }
    .test-passed { background-color: #aaffaa; }
  </style>
</head>
<body>
<h3><a href="http://llhd.io/" target="_blank">moore</a></h3>
<pre class="test-failed">
description: Test imported from ivtest
rc: 101 (means success: 0)
tags: ivtest
incdirs: /tmpfs/src/github/sv-tests/third_party/tests/ivtest /tmpfs/src/github/sv-tests/third_party/tests/ivtest/ivltests
top_module: 
type: parsing
mode: parsing
files: <a href="../../../../third_party/tests/ivtest/ivltests/pr3197917.v.html" target="file-frame">third_party/tests/ivtest/ivltests/pr3197917.v</a>
defines: 
time_elapsed: 0.008s
ram usage: 11336 KB
</pre>
<pre class="log">

moore -I /tmpfs/src/github/sv-tests/third_party/tests/ivtest -I /tmpfs/src/github/sv-tests/third_party/tests/ivtest/ivltests -e top <a href="../../../../third_party/tests/ivtest/ivltests/pr3197917.v.html" target="file-frame">third_party/tests/ivtest/ivltests/pr3197917.v</a>
compiler bug: port expressions with selections not supported
  --&gt; <a href="../../../../third_party/tests/ivtest/ivltests/pr3197917.v.html#l-13" target="file-frame">third_party/tests/ivtest/ivltests/pr3197917.v:13</a>:8-21:
   | 
   |   test dut(in1, in2);
   |        ^^^^^^^^^^^^^ 
   = note: Port declared here:
  --&gt; <a href="../../../../third_party/tests/ivtest/ivltests/pr3197917.v.html#l-16" target="file-frame">third_party/tests/ivtest/ivltests/pr3197917.v:16</a>:13-24:
   | 
   | module test(arg[119:96], arg[78:24]);
   |             ^^^^^^^^^^^              

You have encountered a compiler bug. Sorry about that! We would appreciate if you open an issue [1] and describe how you triggered the bug, together with a minimal snippet of code to reproduce it. Thanks!
[1]: https://github.com/fabianschuiki/moore

compiler bug: port expressions with selections not supported
  --&gt; <a href="../../../../third_party/tests/ivtest/ivltests/pr3197917.v.html#l-13" target="file-frame">third_party/tests/ivtest/ivltests/pr3197917.v:13</a>:8-21:
   | 
   |   test dut(in1, in2);
   |        ^^^^^^^^^^^^^ 
   = note: Port declared here:
  --&gt; <a href="../../../../third_party/tests/ivtest/ivltests/pr3197917.v.html#l-16" target="file-frame">third_party/tests/ivtest/ivltests/pr3197917.v:16</a>:26-36:
   | 
   | module test(arg[119:96], arg[78:24]);
   |                          ^^^^^^^^^^  

You have encountered a compiler bug. Sorry about that! We would appreciate if you open an issue [1] and describe how you triggered the bug, together with a minimal snippet of code to reproduce it. Thanks!
[1]: https://github.com/fabianschuiki/moore

error: value of type `test` is not a struct
  --&gt; <a href="../../../../third_party/tests/ivtest/ivltests/pr3197917.v.html#l-9" target="file-frame">third_party/tests/ivtest/ivltests/pr3197917.v:9</a>:9-16:
   | 
   |     if (dut.arg !== 96&#39;b111111000000111111000000zzzzzzzzzzzzzzzzz0000011111000001111100000111110000011111000001111100000) begin
   |         ^^^^^^^                                                                                                                

warning: unsupported: system task `$display`; ignored
  --&gt; <a href="../../../../third_party/tests/ivtest/ivltests/pr3197917.v.html#l-10" target="file-frame">third_party/tests/ivtest/ivltests/pr3197917.v:10</a>:7-25:
   | 
   |       $display(&#34;FAILED&#34;);
   |       ^^^^^^^^^^^^^^^^^^ 

warning: unsupported: system task `$display`; ignored
  --&gt; <a href="../../../../third_party/tests/ivtest/ivltests/pr3197917.v.html#l-11" target="file-frame">third_party/tests/ivtest/ivltests/pr3197917.v:11</a>:14-32:
   | 
   |     end else $display(&#34;PASSED&#34;);
   |              ^^^^^^^^^^^^^^^^^^ 

compiler bug: value of type `&lt;error&gt;` should be a bool
  --&gt; <a href="../../../../third_party/tests/ivtest/ivltests/pr3197917.v.html#l-9" target="file-frame">third_party/tests/ivtest/ivltests/pr3197917.v:9</a>:9-121:
   | 
   |     if (dut.arg !== 96&#39;b111111000000111111000000zzzzzzzzzzzzzzzzz0000011111000001111100000111110000011111000001111100000) begin
   |         ^^^^^^^^^^^^^^^^^^^^^^^^^^^^^^^^^^^^^^^^^^^^^^^^^^^^^^^^^^^^^^^^^^^^^^^^^^^^^^^^^^^^^^^^^^^^^^^^^^^^^^^^^^^^^^^^       
   = note: Assertion failed: mir.ty.get_simple_bit_vector().map(|sbv| sbv.size == 1).unwrap_or(false)
   = note: Encountered at src/svlog/codegen.rs:1681

You have encountered a compiler bug. Sorry about that! We would appreciate if you open an issue [1] and describe how you triggered the bug, together with a minimal snippet of code to reproduce it. Thanks!
[1]: https://github.com/fabianschuiki/moore

thread &#39;main&#39; panicked at &#39;value of type `&lt;error&gt;` should be a bool&#39;, /tmp/really-really-really-really-really-really-really-really-really-really-really-really-really-long-path/conda/conda-bld/moore_1604605936199/work/src/svlog/codegen.rs:1681:9
note: run with `RUST_BACKTRACE=1` environment variable to display a backtrace

</pre>
</body>