<head>
  <style>
    .log { font-family: "Courier New", Consolas, monospace; font-size: 80%; }
    .test-failed { background-color: #ffaaaa; }
    .test-passed { background-color: #aaffaa; }
  </style>
</head>
<body>
<h3><a href="http://llhd.io/" target="_blank">moore</a></h3>
<pre class="test-failed">
description: Test imported from ivtest
rc: 101 (means success: 0)
tags: ivtest
incdirs: /tmpfs/src/github/sv-tests/third_party/tests/ivtest /tmpfs/src/github/sv-tests/third_party/tests/ivtest/ivltests
top_module: 
type: parsing
mode: parsing
files: <a href="../../../../third_party/tests/ivtest/ivltests/pr540c.v.html" target="file-frame">third_party/tests/ivtest/ivltests/pr540c.v</a>
defines: 
time_elapsed: 0.007s
ram usage: 11548 KB
</pre>
<pre class="log">

moore -I /tmpfs/src/github/sv-tests/third_party/tests/ivtest -I /tmpfs/src/github/sv-tests/third_party/tests/ivtest/ivltests -e top <a href="../../../../third_party/tests/ivtest/ivltests/pr540c.v.html" target="file-frame">third_party/tests/ivtest/ivltests/pr540c.v</a>
warning: unsupported: system task `$display`; ignored
  --&gt; <a href="../../../../third_party/tests/ivtest/ivltests/pr540c.v.html#l-23" target="file-frame">third_party/tests/ivtest/ivltests/pr540c.v:23</a>:14-57:
   | 
   |     if(fail) $display(&#34;***** disable test FAILED *****&#34;);
   |              ^^^^^^^^^^^^^^^^^^^^^^^^^^^^^^^^^^^^^^^^^^^ 

warning: unsupported: system task `$display`; ignored
  --&gt; <a href="../../../../third_party/tests/ivtest/ivltests/pr540c.v.html#l-24" target="file-frame">third_party/tests/ivtest/ivltests/pr540c.v:24</a>:14-57:
   | 
   |     else     $display(&#34;***** disable test PASSED *****&#34;);
   |              ^^^^^^^^^^^^^^^^^^^^^^^^^^^^^^^^^^^^^^^^^^^ 

compiler bug: lowering of Expr #134 to hir not implemented
  --&gt; <a href="../../../../third_party/tests/ivtest/ivltests/pr540c.v.html#l-25" target="file-frame">third_party/tests/ivtest/ivltests/pr540c.v:25</a>:5-12:
   | 
   |     $finish;
   |     ^^^^^^^ 
   = note: Encountered at src/svlog/hir/lowering.rs:1439

You have encountered a compiler bug. Sorry about that! We would appreciate if you open an issue [1] and describe how you triggered the bug, together with a minimal snippet of code to reproduce it. Thanks!
[1]: https://github.com/fabianschuiki/moore

thread &#39;main&#39; panicked at &#39;lowering of Expr #134 to hir not implemented&#39;, /tmp/really-really-really-really-really-really-really-really-really-really-really-really-really-long-path/conda/conda-bld/moore_1603058050868/work/src/svlog/hir/lowering.rs:1439:13
note: run with `RUST_BACKTRACE=1` environment variable to display a backtrace

</pre>
</body>