<head>
  <style>
    .log { font-family: "Courier New", Consolas, monospace; font-size: 80%; }
    .test-failed { background-color: #ffaaaa; }
    .test-passed { background-color: #aaffaa; }
  </style>
</head>
<body>
<h3><a href="http://llhd.io/" target="_blank">moore</a></h3>
<pre class="test-failed">
description: Test imported from ivtest
rc: 101 (means success: 0)
tags: ivtest
incdirs: /tmpfs/src/github/sv-tests/third_party/tests/ivtest /tmpfs/src/github/sv-tests/third_party/tests/ivtest/ivltests
top_module: 
type: parsing
mode: parsing
files: <a href="../../../../third_party/tests/ivtest/ivltests/pr564.v.html" target="file-frame">third_party/tests/ivtest/ivltests/pr564.v</a>
defines: 
time_elapsed: 0.008s
ram usage: 10992 KB
</pre>
<pre class="log">

moore -I /tmpfs/src/github/sv-tests/third_party/tests/ivtest -I /tmpfs/src/github/sv-tests/third_party/tests/ivtest/ivltests -e main <a href="../../../../third_party/tests/ivtest/ivltests/pr564.v.html" target="file-frame">third_party/tests/ivtest/ivltests/pr564.v</a>
error: unknown system task `$write`
  --&gt; <a href="../../../../third_party/tests/ivtest/ivltests/pr564.v.html#l-32" target="file-frame">third_party/tests/ivtest/ivltests/pr564.v:32</a>:3-51:
   | 
   |      $write(&#34;forwards[%0d] === %b, &#34;, i, forwards[i]);
   |      ^^^^^^^^^^^^^^^^^^^^^^^^^^^^^^^^^^^^^^^^^^^^^^^^ 

warning: unsupported: system task `$display`; ignored
  --&gt; <a href="../../../../third_party/tests/ivtest/ivltests/pr564.v.html#l-33" target="file-frame">third_party/tests/ivtest/ivltests/pr564.v:33</a>:3-53:
   | 
   |      $display(&#34;backwards[%0d] === %b&#34;, i, backwards[i]);
   |      ^^^^^^^^^^^^^^^^^^^^^^^^^^^^^^^^^^^^^^^^^^^^^^^^^^ 

warning: unsupported: system task `$display`; ignored
  --&gt; <a href="../../../../third_party/tests/ivtest/ivltests/pr564.v.html#l-36" target="file-frame">third_party/tests/ivtest/ivltests/pr564.v:36</a>:6-66:
   | 
   |         $display(&#34;FAILED -- forwards[%0d] !== backwards[%0d]&#34;, i, i);
   |         ^^^^^^^^^^^^^^^^^^^^^^^^^^^^^^^^^^^^^^^^^^^^^^^^^^^^^^^^^^^^ 

compiler bug: lowering of Expr #152 to hir not implemented
  --&gt; <a href="../../../../third_party/tests/ivtest/ivltests/pr564.v.html#l-37" target="file-frame">third_party/tests/ivtest/ivltests/pr564.v:37</a>:6-13:
   | 
   |         $finish;
   |         ^^^^^^^ 
   = note: Encountered at src/svlog/hir/lowering.rs:1439

You have encountered a compiler bug. Sorry about that! We would appreciate if you open an issue [1] and describe how you triggered the bug, together with a minimal snippet of code to reproduce it. Thanks!
[1]: https://github.com/fabianschuiki/moore

thread &#39;main&#39; panicked at &#39;lowering of Expr #152 to hir not implemented&#39;, /rustc/04488afe34512aa4c33566eb16d8c912a3ae04f9/src/libstd/macros.rs:16:9
note: run with `RUST_BACKTRACE=1` environment variable to display a backtrace

</pre>
</body>