<head>
  <style>
    .log { font-family: "Courier New", Consolas, monospace; font-size: 80%; }
    .test-failed { background-color: #ffaaaa; }
    .test-passed { background-color: #aaffaa; }
  </style>
</head>
<body>
<h3><a href="http://llhd.io/" target="_blank">moore</a></h3>
<pre class="test-failed">
description: Test imported from ivtest
rc: 101 (means success: 0)
should_fail: 0
tags: ivtest
incdirs: /tmpfs/src/github/sv-tests/third_party/tests/ivtest /tmpfs/src/github/sv-tests/third_party/tests/ivtest/ivltests
top_module: 
type: parsing
mode: parsing
files: <a href="../../../../third_party/tests/ivtest/ivltests/scanf.v.html" target="file-frame">third_party/tests/ivtest/ivltests/scanf.v</a>
time_elapsed: 0.004s
ram usage: 10616 KB
</pre>
<pre class="log">

moore -I /tmpfs/src/github/sv-tests/third_party/tests/ivtest -I /tmpfs/src/github/sv-tests/third_party/tests/ivtest/ivltests -e main <a href="../../../../third_party/tests/ivtest/ivltests/scanf.v.html" target="file-frame">third_party/tests/ivtest/ivltests/scanf.v</a>
warning: `$sscanf` not supported; ignored
  --&gt; <a href="../../../../third_party/tests/ivtest/ivltests/scanf.v.html#l-8" target="file-frame">third_party/tests/ivtest/ivltests/scanf.v:8</a>:13-77:
   | 
   |       cnt = $sscanf(&#34;123 hex beaf bin 01xz&#34;, &#34;%d hex %h bin %b&#34;, a1, a2, a3);
   |             ^^^^^^^^^^^^^^^^^^^^^^^^^^^^^^^^^^^^^^^^^^^^^^^^^^^^^^^^^^^^^^^^ 

warning: `$display` not supported; ignored
  --&gt; <a href="../../../../third_party/tests/ivtest/ivltests/scanf.v.html#l-10" target="file-frame">third_party/tests/ivtest/ivltests/scanf.v:10</a>:3-38:
   | 
   |      $display(&#34;FAILED -- cnt = %d&#34;, cnt);
   |      ^^^^^^^^^^^^^^^^^^^^^^^^^^^^^^^^^^^ 

 ERROR moore_svlog::hir::lowering &gt; Expr #65
compiler bug: lowering of expression to hir not implemented
  --&gt; <a href="../../../../third_party/tests/ivtest/ivltests/scanf.v.html#l-11" target="file-frame">third_party/tests/ivtest/ivltests/scanf.v:11</a>:3-10:
   | 
   |      $finish;
   |      ^^^^^^^ 
   = note: Encountered at src/svlog/hir/lowering.rs:1368

You have encountered a compiler bug. Sorry about that! We would appreciate if you open an issue [1] and describe how you triggered the bug, together with a minimal snippet of code to reproduce it. Thanks!
[1]: https://github.com/fabianschuiki/moore

thread &#39;main&#39; panicked at &#39;lowering of expression to hir not implemented&#39;, &lt;::std::macros::panic macros&gt;:5:6
note: run with `RUST_BACKTRACE=1` environment variable to display a backtrace

</pre>
</body>