<head>
  <style>
    .log { font-family: "Courier New", Consolas, monospace; font-size: 80%; }
    .test-failed { background-color: #ffaaaa; }
    .test-passed { background-color: #aaffaa; }
  </style>
</head>
<body>
<h3><a href="http://llhd.io/" target="_blank">moore</a></h3>
<pre class="test-failed">
description: Test imported from ivtest
rc: 101 (means success: 0)
tags: ivtest
incdirs: /tmpfs/src/github/sv-tests/third_party/tests/ivtest /tmpfs/src/github/sv-tests/third_party/tests/ivtest/ivltests
top_module: 
type: parsing
mode: parsing
files: <a href="../../../../third_party/tests/ivtest/ivltests/sdw_function2.v.html" target="file-frame">third_party/tests/ivtest/ivltests/sdw_function2.v</a>
defines: 
time_elapsed: 0.006s
ram usage: 11408 KB
</pre>
<pre class="log">

moore -I /tmpfs/src/github/sv-tests/third_party/tests/ivtest -I /tmpfs/src/github/sv-tests/third_party/tests/ivtest/ivltests -e main <a href="../../../../third_party/tests/ivtest/ivltests/sdw_function2.v.html" target="file-frame">third_party/tests/ivtest/ivltests/sdw_function2.v</a>
error: cannot infer implicit type
  --&gt; <a href="../../../../third_party/tests/ivtest/ivltests/sdw_function2.v.html#l-29" target="file-frame">third_party/tests/ivtest/ivltests/sdw_function2.v:29</a>:10-15:
   | 
   | function [3:0] my_func ;
   |          ^^^^^          
   = note: This usually indicates that a declaration is missing a default value.
   = note: Needed to compute the type of the expression:
  --&gt; <a href="../../../../third_party/tests/ivtest/ivltests/sdw_function2.v.html#l-41" target="file-frame">third_party/tests/ivtest/ivltests/sdw_function2.v:41</a>:14-33:
   | 
   |     result = my_func(global_reg);
   |              ^^^^^^^^^^^^^^^^^^^ 

warning: unsupported: system task `$display`; ignored
  --&gt; <a href="../../../../third_party/tests/ivtest/ivltests/sdw_function2.v.html#l-45" target="file-frame">third_party/tests/ivtest/ivltests/sdw_function2.v:45</a>:10-58:
   | 
   |          $display(&#34;FAILED - function didn&#39;t function!\n&#34;);
   |          ^^^^^^^^^^^^^^^^^^^^^^^^^^^^^^^^^^^^^^^^^^^^^^^^ 

compiler bug: lowering of Expr #113 to hir not implemented
  --&gt; <a href="../../../../third_party/tests/ivtest/ivltests/sdw_function2.v.html#l-46" target="file-frame">third_party/tests/ivtest/ivltests/sdw_function2.v:46</a>:10-17:
   | 
   |          $finish ;
   |          ^^^^^^^  
   = note: Encountered at src/svlog/hir/lowering.rs:1439

You have encountered a compiler bug. Sorry about that! We would appreciate if you open an issue [1] and describe how you triggered the bug, together with a minimal snippet of code to reproduce it. Thanks!
[1]: https://github.com/fabianschuiki/moore

thread &#39;main&#39; panicked at &#39;lowering of Expr #113 to hir not implemented&#39;, /tmp/really-really-really-really-really-really-really-really-really-really-really-really-really-long-path/conda/conda-bld/moore_1603058050868/work/src/svlog/hir/lowering.rs:1439:13
note: run with `RUST_BACKTRACE=1` environment variable to display a backtrace

</pre>
</body>