<head>
  <style>
    .log { font-family: "Courier New", Consolas, monospace; font-size: 80%; }
    .test-failed { background-color: #ffaaaa; }
    .test-passed { background-color: #aaffaa; }
  </style>
</head>
<body>
<h3><a href="http://llhd.io/" target="_blank">moore</a></h3>
<pre class="test-failed">
description: Test imported from ivtest
rc: 101 (means success: 0)
tags: ivtest
incdirs: /tmpfs/src/github/sv-tests/third_party/tests/ivtest /tmpfs/src/github/sv-tests/third_party/tests/ivtest/ivltests
top_module: 
type: parsing
mode: parsing
files: <a href="../../../../third_party/tests/ivtest/ivltests/size_cast5.v.html" target="file-frame">third_party/tests/ivtest/ivltests/size_cast5.v</a>
defines: 
time_elapsed: 0.016s
ram usage: 11592 KB
</pre>
<pre class="log">

moore -I /tmpfs/src/github/sv-tests/third_party/tests/ivtest -I /tmpfs/src/github/sv-tests/third_party/tests/ivtest/ivltests -e test <a href="../../../../third_party/tests/ivtest/ivltests/size_cast5.v.html" target="file-frame">third_party/tests/ivtest/ivltests/size_cast5.v</a>
warning: unsupported: system task `$display`; ignored
  --&gt; <a href="../../../../third_party/tests/ivtest/ivltests/size_cast5.v.html#l-69" target="file-frame">third_party/tests/ivtest/ivltests/size_cast5.v:69</a>:3-27:
   | 
   |   $display(&#34;%h&#34;, result1a);
   |   ^^^^^^^^^^^^^^^^^^^^^^^^ 

error: cannot infer implicit type
  --&gt; <a href="../../../../third_party/tests/ivtest/ivltests/size_cast5.v.html#l-3" target="file-frame">third_party/tests/ivtest/ivltests/size_cast5.v:3</a>:10-16:
   | 
   | function [31:0] cast_4uu(input [5:0] value);
   |          ^^^^^^                             
   = note: This usually indicates that a declaration is missing a default value.
   = note: Needed to compute the type of the expression:
  --&gt; <a href="../../../../third_party/tests/ivtest/ivltests/size_cast5.v.html#l-51" target="file-frame">third_party/tests/ivtest/ivltests/size_cast5.v:51</a>:30-45:
   | 
   | localparam [31:0] result1a = cast_4uu(6&#39;h3f);
   |                              ^^^^^^^^^^^^^^^ 

warning: unsupported: system task `$display`; ignored
  --&gt; <a href="../../../../third_party/tests/ivtest/ivltests/size_cast5.v.html#l-72" target="file-frame">third_party/tests/ivtest/ivltests/size_cast5.v:72</a>:3-27:
   | 
   |   $display(&#34;%h&#34;, result1b);
   |   ^^^^^^^^^^^^^^^^^^^^^^^^ 

error: cannot infer implicit type
  --&gt; <a href="../../../../third_party/tests/ivtest/ivltests/size_cast5.v.html#l-7" target="file-frame">third_party/tests/ivtest/ivltests/size_cast5.v:7</a>:10-16:
   | 
   | function [31:0] cast_4us(input [5:0] value);
   |          ^^^^^^                             
   = note: This usually indicates that a declaration is missing a default value.
   = note: Needed to compute the type of the expression:
  --&gt; <a href="../../../../third_party/tests/ivtest/ivltests/size_cast5.v.html#l-52" target="file-frame">third_party/tests/ivtest/ivltests/size_cast5.v:52</a>:30-45:
   | 
   | localparam [31:0] result1b = cast_4us(6&#39;h3f);
   |                              ^^^^^^^^^^^^^^^ 

warning: unsupported: system task `$display`; ignored
  --&gt; <a href="../../../../third_party/tests/ivtest/ivltests/size_cast5.v.html#l-75" target="file-frame">third_party/tests/ivtest/ivltests/size_cast5.v:75</a>:3-27:
   | 
   |   $display(&#34;%h&#34;, result1c);
   |   ^^^^^^^^^^^^^^^^^^^^^^^^ 

error: cannot infer implicit type
  --&gt; <a href="../../../../third_party/tests/ivtest/ivltests/size_cast5.v.html#l-11" target="file-frame">third_party/tests/ivtest/ivltests/size_cast5.v:11</a>:10-16:
   | 
   | function [31:0] cast_4su(input signed [5:0] value);
   |          ^^^^^^                                    
   = note: This usually indicates that a declaration is missing a default value.
   = note: Needed to compute the type of the expression:
  --&gt; <a href="../../../../third_party/tests/ivtest/ivltests/size_cast5.v.html#l-53" target="file-frame">third_party/tests/ivtest/ivltests/size_cast5.v:53</a>:30-45:
   | 
   | localparam [31:0] result1c = cast_4su(6&#39;h3f);
   |                              ^^^^^^^^^^^^^^^ 

warning: unsupported: system task `$display`; ignored
  --&gt; <a href="../../../../third_party/tests/ivtest/ivltests/size_cast5.v.html#l-78" target="file-frame">third_party/tests/ivtest/ivltests/size_cast5.v:78</a>:3-27:
   | 
   |   $display(&#34;%h&#34;, result1d);
   |   ^^^^^^^^^^^^^^^^^^^^^^^^ 

error: cannot infer implicit type
  --&gt; <a href="../../../../third_party/tests/ivtest/ivltests/size_cast5.v.html#l-15" target="file-frame">third_party/tests/ivtest/ivltests/size_cast5.v:15</a>:10-16:
   | 
   | function [31:0] cast_4ss(input signed [5:0] value);
   |          ^^^^^^                                    
   = note: This usually indicates that a declaration is missing a default value.
   = note: Needed to compute the type of the expression:
  --&gt; <a href="../../../../third_party/tests/ivtest/ivltests/size_cast5.v.html#l-54" target="file-frame">third_party/tests/ivtest/ivltests/size_cast5.v:54</a>:30-45:
   | 
   | localparam [31:0] result1d = cast_4ss(6&#39;h3f);
   |                              ^^^^^^^^^^^^^^^ 

warning: unsupported: system task `$display`; ignored
  --&gt; <a href="../../../../third_party/tests/ivtest/ivltests/size_cast5.v.html#l-81" target="file-frame">third_party/tests/ivtest/ivltests/size_cast5.v:81</a>:3-27:
   | 
   |   $display(&#34;%h&#34;, result2a);
   |   ^^^^^^^^^^^^^^^^^^^^^^^^ 

error: cannot infer implicit type
  --&gt; <a href="../../../../third_party/tests/ivtest/ivltests/size_cast5.v.html#l-19" target="file-frame">third_party/tests/ivtest/ivltests/size_cast5.v:19</a>:10-16:
   | 
   | function [31:0] cast_6uu(input [5:0] value);
   |          ^^^^^^                             
   = note: This usually indicates that a declaration is missing a default value.
   = note: Needed to compute the type of the expression:
  --&gt; <a href="../../../../third_party/tests/ivtest/ivltests/size_cast5.v.html#l-56" target="file-frame">third_party/tests/ivtest/ivltests/size_cast5.v:56</a>:30-45:
   | 
   | localparam [31:0] result2a = cast_6uu(6&#39;h3f);
   |                              ^^^^^^^^^^^^^^^ 

warning: unsupported: system task `$display`; ignored
  --&gt; <a href="../../../../third_party/tests/ivtest/ivltests/size_cast5.v.html#l-84" target="file-frame">third_party/tests/ivtest/ivltests/size_cast5.v:84</a>:3-27:
   | 
   |   $display(&#34;%h&#34;, result2b);
   |   ^^^^^^^^^^^^^^^^^^^^^^^^ 

error: cannot infer implicit type
  --&gt; <a href="../../../../third_party/tests/ivtest/ivltests/size_cast5.v.html#l-23" target="file-frame">third_party/tests/ivtest/ivltests/size_cast5.v:23</a>:10-16:
   | 
   | function [31:0] cast_6us(input [5:0] value);
   |          ^^^^^^                             
   = note: This usually indicates that a declaration is missing a default value.
   = note: Needed to compute the type of the expression:
  --&gt; <a href="../../../../third_party/tests/ivtest/ivltests/size_cast5.v.html#l-57" target="file-frame">third_party/tests/ivtest/ivltests/size_cast5.v:57</a>:30-45:
   | 
   | localparam [31:0] result2b = cast_6us(6&#39;h3f);
   |                              ^^^^^^^^^^^^^^^ 

warning: unsupported: system task `$display`; ignored
  --&gt; <a href="../../../../third_party/tests/ivtest/ivltests/size_cast5.v.html#l-87" target="file-frame">third_party/tests/ivtest/ivltests/size_cast5.v:87</a>:3-27:
   | 
   |   $display(&#34;%h&#34;, result2c);
   |   ^^^^^^^^^^^^^^^^^^^^^^^^ 

error: cannot infer implicit type
  --&gt; <a href="../../../../third_party/tests/ivtest/ivltests/size_cast5.v.html#l-27" target="file-frame">third_party/tests/ivtest/ivltests/size_cast5.v:27</a>:10-16:
   | 
   | function [31:0] cast_6su(input signed [5:0] value);
   |          ^^^^^^                                    
   = note: This usually indicates that a declaration is missing a default value.
   = note: Needed to compute the type of the expression:
  --&gt; <a href="../../../../third_party/tests/ivtest/ivltests/size_cast5.v.html#l-58" target="file-frame">third_party/tests/ivtest/ivltests/size_cast5.v:58</a>:30-45:
   | 
   | localparam [31:0] result2c = cast_6su(6&#39;h3f);
   |                              ^^^^^^^^^^^^^^^ 

warning: unsupported: system task `$display`; ignored
  --&gt; <a href="../../../../third_party/tests/ivtest/ivltests/size_cast5.v.html#l-90" target="file-frame">third_party/tests/ivtest/ivltests/size_cast5.v:90</a>:3-27:
   | 
   |   $display(&#34;%h&#34;, result2d);
   |   ^^^^^^^^^^^^^^^^^^^^^^^^ 

error: cannot infer implicit type
  --&gt; <a href="../../../../third_party/tests/ivtest/ivltests/size_cast5.v.html#l-31" target="file-frame">third_party/tests/ivtest/ivltests/size_cast5.v:31</a>:10-16:
   | 
   | function [31:0] cast_6ss(input signed [5:0] value);
   |          ^^^^^^                                    
   = note: This usually indicates that a declaration is missing a default value.
   = note: Needed to compute the type of the expression:
  --&gt; <a href="../../../../third_party/tests/ivtest/ivltests/size_cast5.v.html#l-59" target="file-frame">third_party/tests/ivtest/ivltests/size_cast5.v:59</a>:30-45:
   | 
   | localparam [31:0] result2d = cast_6ss(6&#39;h3f);
   |                              ^^^^^^^^^^^^^^^ 

warning: unsupported: system task `$display`; ignored
  --&gt; <a href="../../../../third_party/tests/ivtest/ivltests/size_cast5.v.html#l-93" target="file-frame">third_party/tests/ivtest/ivltests/size_cast5.v:93</a>:3-27:
   | 
   |   $display(&#34;%h&#34;, result3a);
   |   ^^^^^^^^^^^^^^^^^^^^^^^^ 

error: cannot infer implicit type
  --&gt; <a href="../../../../third_party/tests/ivtest/ivltests/size_cast5.v.html#l-35" target="file-frame">third_party/tests/ivtest/ivltests/size_cast5.v:35</a>:10-16:
   | 
   | function [31:0] cast_8uu(input [5:0] value);
   |          ^^^^^^                             
   = note: This usually indicates that a declaration is missing a default value.
   = note: Needed to compute the type of the expression:
  --&gt; <a href="../../../../third_party/tests/ivtest/ivltests/size_cast5.v.html#l-61" target="file-frame">third_party/tests/ivtest/ivltests/size_cast5.v:61</a>:30-45:
   | 
   | localparam [31:0] result3a = cast_8uu(6&#39;h3f);
   |                              ^^^^^^^^^^^^^^^ 

warning: unsupported: system task `$display`; ignored
  --&gt; <a href="../../../../third_party/tests/ivtest/ivltests/size_cast5.v.html#l-96" target="file-frame">third_party/tests/ivtest/ivltests/size_cast5.v:96</a>:3-27:
   | 
   |   $display(&#34;%h&#34;, result3b);
   |   ^^^^^^^^^^^^^^^^^^^^^^^^ 

error: cannot infer implicit type
  --&gt; <a href="../../../../third_party/tests/ivtest/ivltests/size_cast5.v.html#l-39" target="file-frame">third_party/tests/ivtest/ivltests/size_cast5.v:39</a>:10-16:
   | 
   | function [31:0] cast_8us(input [5:0] value);
   |          ^^^^^^                             
   = note: This usually indicates that a declaration is missing a default value.
   = note: Needed to compute the type of the expression:
  --&gt; <a href="../../../../third_party/tests/ivtest/ivltests/size_cast5.v.html#l-62" target="file-frame">third_party/tests/ivtest/ivltests/size_cast5.v:62</a>:30-45:
   | 
   | localparam [31:0] result3b = cast_8us(6&#39;h3f);
   |                              ^^^^^^^^^^^^^^^ 

warning: unsupported: system task `$display`; ignored
  --&gt; <a href="../../../../third_party/tests/ivtest/ivltests/size_cast5.v.html#l-99" target="file-frame">third_party/tests/ivtest/ivltests/size_cast5.v:99</a>:3-27:
   | 
   |   $display(&#34;%h&#34;, result3c);
   |   ^^^^^^^^^^^^^^^^^^^^^^^^ 

error: cannot infer implicit type
  --&gt; <a href="../../../../third_party/tests/ivtest/ivltests/size_cast5.v.html#l-43" target="file-frame">third_party/tests/ivtest/ivltests/size_cast5.v:43</a>:10-16:
   | 
   | function [31:0] cast_8su(input signed [5:0] value);
   |          ^^^^^^                                    
   = note: This usually indicates that a declaration is missing a default value.
   = note: Needed to compute the type of the expression:
  --&gt; <a href="../../../../third_party/tests/ivtest/ivltests/size_cast5.v.html#l-63" target="file-frame">third_party/tests/ivtest/ivltests/size_cast5.v:63</a>:30-45:
   | 
   | localparam [31:0] result3c = cast_8su(6&#39;h3f);
   |                              ^^^^^^^^^^^^^^^ 

warning: unsupported: system task `$display`; ignored
  --&gt; <a href="../../../../third_party/tests/ivtest/ivltests/size_cast5.v.html#l-102" target="file-frame">third_party/tests/ivtest/ivltests/size_cast5.v:102</a>:3-27:
   | 
   |   $display(&#34;%h&#34;, result3d);
   |   ^^^^^^^^^^^^^^^^^^^^^^^^ 

error: cannot infer implicit type
  --&gt; <a href="../../../../third_party/tests/ivtest/ivltests/size_cast5.v.html#l-47" target="file-frame">third_party/tests/ivtest/ivltests/size_cast5.v:47</a>:10-16:
   | 
   | function [31:0] cast_8ss(input signed [5:0] value);
   |          ^^^^^^                                    
   = note: This usually indicates that a declaration is missing a default value.
   = note: Needed to compute the type of the expression:
  --&gt; <a href="../../../../third_party/tests/ivtest/ivltests/size_cast5.v.html#l-64" target="file-frame">third_party/tests/ivtest/ivltests/size_cast5.v:64</a>:30-45:
   | 
   | localparam [31:0] result3d = cast_8ss(6&#39;h3f);
   |                              ^^^^^^^^^^^^^^^ 

warning: unsupported: system task `$display`; ignored
  --&gt; <a href="../../../../third_party/tests/ivtest/ivltests/size_cast5.v.html#l-106" target="file-frame">third_party/tests/ivtest/ivltests/size_cast5.v:106</a>:5-23:
   | 
   |     $display(&#34;FAILED&#34;);
   |     ^^^^^^^^^^^^^^^^^^ 

warning: unsupported: system task `$display`; ignored
  --&gt; <a href="../../../../third_party/tests/ivtest/ivltests/size_cast5.v.html#l-108" target="file-frame">third_party/tests/ivtest/ivltests/size_cast5.v:108</a>:5-23:
   | 
   |     $display(&#34;PASSED&#34;);
   |     ^^^^^^^^^^^^^^^^^^ 

compiler bug: value of type `&lt;error&gt;` should be a bool
  --&gt; <a href="../../../../third_party/tests/ivtest/ivltests/size_cast5.v.html#l-70" target="file-frame">third_party/tests/ivtest/ivltests/size_cast5.v:70</a>:7-32:
   | 
   |   if (result1a !== 32&#39;h0000000f) failed = 1;
   |       ^^^^^^^^^^^^^^^^^^^^^^^^^             
   = note: Assertion failed: mir.ty.get_simple_bit_vector().map(|sbv| sbv.size == 1).unwrap_or(false)
   = note: Encountered at src/svlog/codegen.rs:1666

You have encountered a compiler bug. Sorry about that! We would appreciate if you open an issue [1] and describe how you triggered the bug, together with a minimal snippet of code to reproduce it. Thanks!
[1]: https://github.com/fabianschuiki/moore

thread &#39;main&#39; panicked at &#39;value of type `&lt;error&gt;` should be a bool&#39;, /tmp/really-really-really-really-really-really-really-really-really-really-really-really-really-long-path/conda/conda-bld/moore_1603058050868/work/src/svlog/codegen.rs:1666:9
note: run with `RUST_BACKTRACE=1` environment variable to display a backtrace

</pre>
</body>