<head>
  <style>
    .log { font-family: "Courier New", Consolas, monospace; font-size: 80%; }
    .test-failed { background-color: #ffaaaa; }
    .test-passed { background-color: #aaffaa; }
  </style>
</head>
<body>
<h3><a href="http://llhd.io/" target="_blank">moore</a></h3>
<pre class="test-failed">
description: Test imported from ivtest
rc: 101 (means success: 0)
tags: ivtest
incdirs: /tmpfs/src/github/sv-tests/third_party/tests/ivtest /tmpfs/src/github/sv-tests/third_party/tests/ivtest/ivltests
top_module: 
type: parsing
mode: parsing
files: <a href="../../../../third_party/tests/ivtest/ivltests/sv_package.v.html" target="file-frame">third_party/tests/ivtest/ivltests/sv_package.v</a>
defines: 
time_elapsed: 0.010s
ram usage: 11448 KB
</pre>
<pre class="log">

moore -I /tmpfs/src/github/sv-tests/third_party/tests/ivtest -I /tmpfs/src/github/sv-tests/third_party/tests/ivtest/ivltests -e test <a href="../../../../third_party/tests/ivtest/ivltests/sv_package.v.html" target="file-frame">third_party/tests/ivtest/ivltests/sv_package.v</a>
warning: unsupported: system task `$display`; ignored
  --&gt; <a href="../../../../third_party/tests/ivtest/ivltests/sv_package.v.html#l-69" target="file-frame">third_party/tests/ivtest/ivltests/sv_package.v:69</a>:43-106:
   | 
   |       if (    p1_prmt !== 100+10+1) begin $display(&#34;FAILED --     p1_prmt = %d != 100+10+1&#34;,     p1_prmt); err=1; end
   |                                           ^^^^^^^^^^^^^^^^^^^^^^^^^^^^^^^^^^^^^^^^^^^^^^^^^^^^^^^^^^^^^^^            

warning: unsupported: system task `$display`; ignored
  --&gt; <a href="../../../../third_party/tests/ivtest/ivltests/sv_package.v.html#l-70" target="file-frame">third_party/tests/ivtest/ivltests/sv_package.v:70</a>:43-106:
   | 
   |       if (    p2_prmt !== 100+20+2) begin $display(&#34;FAILED --     p2_prmt = %d != 100+20+2&#34;,     p2_prmt); err=1; end
   |                                           ^^^^^^^^^^^^^^^^^^^^^^^^^^^^^^^^^^^^^^^^^^^^^^^^^^^^^^^^^^^^^^^            

warning: unsupported: system task `$display`; ignored
  --&gt; <a href="../../../../third_party/tests/ivtest/ivltests/sv_package.v.html#l-71" target="file-frame">third_party/tests/ivtest/ivltests/sv_package.v:71</a>:43-106:
   | 
   |       if (p3::p3_prmt !== 100+30+3) begin $display(&#34;FAILED -- p3::p3_prmt = %d != 100+30+3&#34;, p3::p3_prmt); err=1; end
   |                                           ^^^^^^^^^^^^^^^^^^^^^^^^^^^^^^^^^^^^^^^^^^^^^^^^^^^^^^^^^^^^^^^            

warning: unsupported: system task `$display`; ignored
  --&gt; <a href="../../../../third_party/tests/ivtest/ivltests/sv_package.v.html#l-73" target="file-frame">third_party/tests/ivtest/ivltests/sv_package.v:73</a>:41-93:
   | 
   |       if ($bits(p1_var) !== 10+1) begin $display(&#34;FAILED -- lv = %d != 10+1&#34;, $bits(p1_var)); err=1; end
   |                                         ^^^^^^^^^^^^^^^^^^^^^^^^^^^^^^^^^^^^^^^^^^^^^^^^^^^^            

warning: unsupported: system task `$display`; ignored
  --&gt; <a href="../../../../third_party/tests/ivtest/ivltests/sv_package.v.html#l-74" target="file-frame">third_party/tests/ivtest/ivltests/sv_package.v:74</a>:41-93:
   | 
   |       if ($bits(p2_var) !== 20+2) begin $display(&#34;FAILED -- lv = %d != 20+2&#34;, $bits(p2_var)); err=1; end
   |                                         ^^^^^^^^^^^^^^^^^^^^^^^^^^^^^^^^^^^^^^^^^^^^^^^^^^^^            

warning: unsupported: system task `$display`; ignored
  --&gt; <a href="../../../../third_party/tests/ivtest/ivltests/sv_package.v.html#l-75" target="file-frame">third_party/tests/ivtest/ivltests/sv_package.v:75</a>:41-93:
   | 
   |       if ($bits(p3_var) !== 30+3) begin $display(&#34;FAILED -- lv = %d != 30+3&#34;, $bits(p3_var)); err=1; end
   |                                         ^^^^^^^^^^^^^^^^^^^^^^^^^^^^^^^^^^^^^^^^^^^^^^^^^^^^            

compiler bug: lowering of expression `p1_func(1000)` to mir not yet supported
  --&gt; <a href="../../../../third_party/tests/ivtest/ivltests/sv_package.v.html#l-77" target="file-frame">third_party/tests/ivtest/ivltests/sv_package.v:77</a>:15-28:
   | 
   |       if (    p1_func(1000) !== 1000+10+1) begin $display(&#34;FAILED --     p1_func(1000) = %d != 1000+10+1&#34;,     p1_func(1000)); err=1; end
   |               ^^^^^^^^^^^^^                                                                                                              
   = note: Encountered at src/svlog/mir/lower/rvalue.rs:506

You have encountered a compiler bug. Sorry about that! We would appreciate if you open an issue [1] and describe how you triggered the bug, together with a minimal snippet of code to reproduce it. Thanks!
[1]: https://github.com/fabianschuiki/moore

thread &#39;main&#39; panicked at &#39;lowering of expression `p1_func(1000)` to mir not yet supported&#39;, /rustc/04488afe34512aa4c33566eb16d8c912a3ae04f9/src/libstd/macros.rs:16:9
note: run with `RUST_BACKTRACE=1` environment variable to display a backtrace

</pre>
</body>