<head>
  <style>
    .log { font-family: "Courier New", Consolas, monospace; font-size: 80%; }
    .test-failed { background-color: #ffaaaa; }
    .test-passed { background-color: #aaffaa; }
  </style>
</head>
<body>
<h3><a href="http://llhd.io/" target="_blank">moore</a></h3>
<pre class="test-failed">
description: Test imported from ivtest
rc: 101 (means success: 0)
tags: ivtest
incdirs: /tmpfs/src/github/sv-tests/third_party/tests/ivtest /tmpfs/src/github/sv-tests/third_party/tests/ivtest/ivltests
top_module: 
type: parsing
mode: parsing
files: <a href="../../../../third_party/tests/ivtest/ivltests/tern6.v.html" target="file-frame">third_party/tests/ivtest/ivltests/tern6.v</a>
defines: 
time_elapsed: 0.008s
ram usage: 10936 KB
</pre>
<pre class="log">

moore -I /tmpfs/src/github/sv-tests/third_party/tests/ivtest -I /tmpfs/src/github/sv-tests/third_party/tests/ivtest/ivltests -e main <a href="../../../../third_party/tests/ivtest/ivltests/tern6.v.html" target="file-frame">third_party/tests/ivtest/ivltests/tern6.v</a>
warning: unsupported: system task `$display`; ignored
  --&gt; <a href="../../../../third_party/tests/ivtest/ivltests/tern6.v.html#l-37" target="file-frame">third_party/tests/ivtest/ivltests/tern6.v:37</a>:10-50:
   | 
   |       #1 $display(&#34;sel=%b, test2=%b&#34;, sel, test2);
   |          ^^^^^^^^^^^^^^^^^^^^^^^^^^^^^^^^^^^^^^^^ 

warning: unsupported: system task `$display`; ignored
  --&gt; <a href="../../../../third_party/tests/ivtest/ivltests/tern6.v.html#l-40" target="file-frame">third_party/tests/ivtest/ivltests/tern6.v:40</a>:10-49:
   | 
   |       #1 $display(&#34;sel=b, test2=%b&#34;, sel, test2);
   |          ^^^^^^^^^^^^^^^^^^^^^^^^^^^^^^^^^^^^^^^ 

warning: unsupported: system task `$display`; ignored
  --&gt; <a href="../../../../third_party/tests/ivtest/ivltests/tern6.v.html#l-42" target="file-frame">third_party/tests/ivtest/ivltests/tern6.v:42</a>:3-21:
   | 
   |      $display(&#34;FAILED&#34;);
   |      ^^^^^^^^^^^^^^^^^^ 

compiler bug: lowering of Expr #115 to hir not implemented
  --&gt; <a href="../../../../third_party/tests/ivtest/ivltests/tern6.v.html#l-43" target="file-frame">third_party/tests/ivtest/ivltests/tern6.v:43</a>:3-10:
   | 
   |      $finish;
   |      ^^^^^^^ 
   = note: Encountered at src/svlog/hir/lowering.rs:1439

You have encountered a compiler bug. Sorry about that! We would appreciate if you open an issue [1] and describe how you triggered the bug, together with a minimal snippet of code to reproduce it. Thanks!
[1]: https://github.com/fabianschuiki/moore

thread &#39;main&#39; panicked at &#39;lowering of Expr #115 to hir not implemented&#39;, /tmp/really-really-really-really-really-really-really-really-really-really-really-really-really-long-path/conda/conda-bld/moore_1603058050868/work/src/svlog/hir/lowering.rs:1439:13
note: run with `RUST_BACKTRACE=1` environment variable to display a backtrace

</pre>
</body>