<head>
  <style>
    .log { font-family: "Courier New", Consolas, monospace; font-size: 80%; }
    .test-failed { background-color: #ffaaaa; }
    .test-passed { background-color: #aaffaa; }
  </style>
</head>
<body>
<h3><a href="http://llhd.io/" target="_blank">moore</a></h3>
<pre class="test-failed">
description: Test imported from ivtest
rc: 101 (means success: 0)
tags: ivtest
incdirs: /tmpfs/src/github/sv-tests/third_party/tests/ivtest /tmpfs/src/github/sv-tests/third_party/tests/ivtest/ivltests
top_module: 
type: parsing
mode: parsing
files: <a href="../../../../third_party/tests/ivtest/ivltests/varlsfht2.v.html" target="file-frame">third_party/tests/ivtest/ivltests/varlsfht2.v</a>
defines: 
time_elapsed: 0.014s
ram usage: 11520 KB
</pre>
<pre class="log">

moore -I /tmpfs/src/github/sv-tests/third_party/tests/ivtest -I /tmpfs/src/github/sv-tests/third_party/tests/ivtest/ivltests -e main <a href="../../../../third_party/tests/ivtest/ivltests/varlsfht2.v.html" target="file-frame">third_party/tests/ivtest/ivltests/varlsfht2.v</a>
error: cannot infer implicit type
  --&gt; <a href="../../../../third_party/tests/ivtest/ivltests/varlsfht2.v.html#l-30" target="file-frame">third_party/tests/ivtest/ivltests/varlsfht2.v:30</a>:10-15:
   | 
   | function [7:0] lshft;
   |          ^^^^^       
   = note: This usually indicates that a declaration is missing a default value.
   = note: Needed to compute the type of the expression:
  --&gt; <a href="../../../../third_party/tests/ivtest/ivltests/varlsfht2.v.html#l-43" target="file-frame">third_party/tests/ivtest/ivltests/varlsfht2.v:43</a>:13-29:
   | 
   |     value = lshft(var1,var2);
   |             ^^^^^^^^^^^^^^^^ 

warning: unsupported: system task `$display`; ignored
  --&gt; <a href="../../../../third_party/tests/ivtest/ivltests/varlsfht2.v.html#l-48" target="file-frame">third_party/tests/ivtest/ivltests/varlsfht2.v:48</a>:2-42:
   | 
   |     $display (&#34;FAILED - 1 &lt;&lt; 0 is %h&#34;,value);
   |     ^^^^^^^^^^^^^^^^^^^^^^^^^^^^^^^^^^^^^^^^ 

warning: unsupported: system task `$display`; ignored
  --&gt; <a href="../../../../third_party/tests/ivtest/ivltests/varlsfht2.v.html#l-58" target="file-frame">third_party/tests/ivtest/ivltests/varlsfht2.v:58</a>:2-42:
   | 
   |     $display (&#34;FAILED - 1 &lt;&lt; 1 is %h&#34;,value);
   |     ^^^^^^^^^^^^^^^^^^^^^^^^^^^^^^^^^^^^^^^^ 

warning: unsupported: system task `$display`; ignored
  --&gt; <a href="../../../../third_party/tests/ivtest/ivltests/varlsfht2.v.html#l-68" target="file-frame">third_party/tests/ivtest/ivltests/varlsfht2.v:68</a>:2-42:
   | 
   |     $display (&#34;FAILED - 1 &lt;&lt; 2 is %h&#34;,value);
   |     ^^^^^^^^^^^^^^^^^^^^^^^^^^^^^^^^^^^^^^^^ 

warning: unsupported: system task `$display`; ignored
  --&gt; <a href="../../../../third_party/tests/ivtest/ivltests/varlsfht2.v.html#l-78" target="file-frame">third_party/tests/ivtest/ivltests/varlsfht2.v:78</a>:2-42:
   | 
   |     $display (&#34;FAILED - 1 &lt;&lt; 3 is %h&#34;,value);
   |     ^^^^^^^^^^^^^^^^^^^^^^^^^^^^^^^^^^^^^^^^ 

warning: unsupported: system task `$display`; ignored
  --&gt; <a href="../../../../third_party/tests/ivtest/ivltests/varlsfht2.v.html#l-88" target="file-frame">third_party/tests/ivtest/ivltests/varlsfht2.v:88</a>:2-42:
   | 
   |     $display (&#34;FAILED - 1 &lt;&lt; 4 is %h&#34;,value);
   |     ^^^^^^^^^^^^^^^^^^^^^^^^^^^^^^^^^^^^^^^^ 

warning: unsupported: system task `$display`; ignored
  --&gt; <a href="../../../../third_party/tests/ivtest/ivltests/varlsfht2.v.html#l-98" target="file-frame">third_party/tests/ivtest/ivltests/varlsfht2.v:98</a>:2-42:
   | 
   |     $display (&#34;FAILED - 1 &lt;&lt; 5 is %h&#34;,value);
   |     ^^^^^^^^^^^^^^^^^^^^^^^^^^^^^^^^^^^^^^^^ 

warning: unsupported: system task `$display`; ignored
  --&gt; <a href="../../../../third_party/tests/ivtest/ivltests/varlsfht2.v.html#l-108" target="file-frame">third_party/tests/ivtest/ivltests/varlsfht2.v:108</a>:2-42:
   | 
   |     $display (&#34;FAILED - 1 &lt;&lt; 6 is %h&#34;,value);
   |     ^^^^^^^^^^^^^^^^^^^^^^^^^^^^^^^^^^^^^^^^ 

warning: unsupported: system task `$display`; ignored
  --&gt; <a href="../../../../third_party/tests/ivtest/ivltests/varlsfht2.v.html#l-118" target="file-frame">third_party/tests/ivtest/ivltests/varlsfht2.v:118</a>:2-42:
   | 
   |     $display (&#34;FAILED - 1 &lt;&lt; 6 is %h&#34;,value);
   |     ^^^^^^^^^^^^^^^^^^^^^^^^^^^^^^^^^^^^^^^^ 

warning: unsupported: system task `$display`; ignored
  --&gt; <a href="../../../../third_party/tests/ivtest/ivltests/varlsfht2.v.html#l-128" target="file-frame">third_party/tests/ivtest/ivltests/varlsfht2.v:128</a>:2-43:
   | 
   |     $display (&#34;FAILED - a5 &lt;&lt; 7 is %h&#34;,value);
   |     ^^^^^^^^^^^^^^^^^^^^^^^^^^^^^^^^^^^^^^^^^ 

warning: unsupported: system task `$display`; ignored
  --&gt; <a href="../../../../third_party/tests/ivtest/ivltests/varlsfht2.v.html#l-138" target="file-frame">third_party/tests/ivtest/ivltests/varlsfht2.v:138</a>:2-43:
   | 
   |     $display (&#34;FAILED - aa &lt;&lt; 1 is %h&#34;,value);
   |     ^^^^^^^^^^^^^^^^^^^^^^^^^^^^^^^^^^^^^^^^^ 

warning: unsupported: system task `$display`; ignored
  --&gt; <a href="../../../../third_party/tests/ivtest/ivltests/varlsfht2.v.html#l-141" target="file-frame">third_party/tests/ivtest/ivltests/varlsfht2.v:141</a>:9-27:
   | 
   |         $display(&#34;PASSED&#34;);
   |         ^^^^^^^^^^^^^^^^^^ 

compiler bug: type assertion failed: `&lt;error&gt;` != `reg [7:0]`
  --&gt; <a href="../../../../third_party/tests/ivtest/ivltests/varlsfht2.v.html#l-43" target="file-frame">third_party/tests/ivtest/ivltests/varlsfht2.v:43</a>:13-29:
   | 
   |     value = lshft(var1,var2);
   |             ^^^^^^^^^^^^^^^^ 
   = note: Type mismatch:
   = note:     Left-hand side:  `&lt;error&gt;`
   = note:     Right-hand side: `reg [7:0]`
   = note: Encountered at src/svlog/codegen.rs:2003

You have encountered a compiler bug. Sorry about that! We would appreciate if you open an issue [1] and describe how you triggered the bug, together with a minimal snippet of code to reproduce it. Thanks!
[1]: https://github.com/fabianschuiki/moore

thread &#39;main&#39; panicked at &#39;type assertion failed: `&lt;error&gt;` != `reg [7:0]`&#39;, /tmp/really-really-really-really-really-really-really-really-really-really-really-really-really-long-path/conda/conda-bld/moore_1603058050868/work/src/svlog/codegen.rs:2003:21
note: run with `RUST_BACKTRACE=1` environment variable to display a backtrace

</pre>
</body>