<head>
  <style>
    .log { font-family: "Courier New", Consolas, monospace; font-size: 80%; }
    .test-failed { background-color: #ffaaaa; }
    .test-passed { background-color: #aaffaa; }
  </style>
</head>
<body>
<h3><a href="http://llhd.io/" target="_blank">moore</a></h3>
<pre class="test-failed">
description: Test imported from ivtest
rc: 1 (means success: 0)
tags: ivtest
incdirs: /tmpfs/src/github/sv-tests/third_party/tests/ivtest /tmpfs/src/github/sv-tests/third_party/tests/ivtest/ivltests
top_module: 
type: parsing
mode: parsing
files: <a href="../../../../third_party/tests/ivtest/ivltests/varrshft2.v.html" target="file-frame">third_party/tests/ivtest/ivltests/varrshft2.v</a>
defines: 
time_elapsed: 0.009s
ram usage: 10760 KB
</pre>
<pre class="log">

moore -I /tmpfs/src/github/sv-tests/third_party/tests/ivtest -I /tmpfs/src/github/sv-tests/third_party/tests/ivtest/ivltests -e main <a href="../../../../third_party/tests/ivtest/ivltests/varrshft2.v.html" target="file-frame">third_party/tests/ivtest/ivltests/varrshft2.v</a>
error: cannot infer implicit type
  --&gt; <a href="../../../../third_party/tests/ivtest/ivltests/varrshft2.v.html#l-30" target="file-frame">third_party/tests/ivtest/ivltests/varrshft2.v:30</a>:10-15:
   | 
   | function [7:0] rshft;
   |          ^^^^^       
   = note: This usually indicates that a declaration is missing a default value.
   = note: Needed to compute the type of the expression:
  --&gt; <a href="../../../../third_party/tests/ivtest/ivltests/varrshft2.v.html#l-43" target="file-frame">third_party/tests/ivtest/ivltests/varrshft2.v:43</a>:13-29:
   | 
   |     value = rshft(var1,var2);
   |             ^^^^^^^^^^^^^^^^ 

warning: unsupported: system task `$display`; ignored
  --&gt; <a href="../../../../third_party/tests/ivtest/ivltests/varrshft2.v.html#l-48" target="file-frame">third_party/tests/ivtest/ivltests/varrshft2.v:48</a>:2-43:
   | 
   |     $display (&#34;FAILED - 80 &gt;&gt; 7 is %h&#34;,value);
   |     ^^^^^^^^^^^^^^^^^^^^^^^^^^^^^^^^^^^^^^^^^ 

warning: unsupported: system task `$display`; ignored
  --&gt; <a href="../../../../third_party/tests/ivtest/ivltests/varrshft2.v.html#l-58" target="file-frame">third_party/tests/ivtest/ivltests/varrshft2.v:58</a>:2-43:
   | 
   |     $display (&#34;FAILED - 80 &gt;&gt; 6 is %h&#34;,value);
   |     ^^^^^^^^^^^^^^^^^^^^^^^^^^^^^^^^^^^^^^^^^ 

warning: unsupported: system task `$display`; ignored
  --&gt; <a href="../../../../third_party/tests/ivtest/ivltests/varrshft2.v.html#l-68" target="file-frame">third_party/tests/ivtest/ivltests/varrshft2.v:68</a>:2-43:
   | 
   |     $display (&#34;FAILED - 80 &gt;&gt; 5 is %h&#34;,value);
   |     ^^^^^^^^^^^^^^^^^^^^^^^^^^^^^^^^^^^^^^^^^ 

warning: unsupported: system task `$display`; ignored
  --&gt; <a href="../../../../third_party/tests/ivtest/ivltests/varrshft2.v.html#l-78" target="file-frame">third_party/tests/ivtest/ivltests/varrshft2.v:78</a>:2-43:
   | 
   |     $display (&#34;FAILED - 80 &gt;&gt; 4 is %h&#34;,value);
   |     ^^^^^^^^^^^^^^^^^^^^^^^^^^^^^^^^^^^^^^^^^ 

warning: unsupported: system task `$display`; ignored
  --&gt; <a href="../../../../third_party/tests/ivtest/ivltests/varrshft2.v.html#l-88" target="file-frame">third_party/tests/ivtest/ivltests/varrshft2.v:88</a>:2-43:
   | 
   |     $display (&#34;FAILED - 80 &gt;&gt; 3 is %h&#34;,value);
   |     ^^^^^^^^^^^^^^^^^^^^^^^^^^^^^^^^^^^^^^^^^ 

warning: unsupported: system task `$display`; ignored
  --&gt; <a href="../../../../third_party/tests/ivtest/ivltests/varrshft2.v.html#l-98" target="file-frame">third_party/tests/ivtest/ivltests/varrshft2.v:98</a>:2-43:
   | 
   |     $display (&#34;FAILED - 80 &gt;&gt; 2 is %h&#34;,value);
   |     ^^^^^^^^^^^^^^^^^^^^^^^^^^^^^^^^^^^^^^^^^ 

warning: unsupported: system task `$display`; ignored
  --&gt; <a href="../../../../third_party/tests/ivtest/ivltests/varrshft2.v.html#l-108" target="file-frame">third_party/tests/ivtest/ivltests/varrshft2.v:108</a>:2-43:
   | 
   |     $display (&#34;FAILED - 80 &gt;&gt; 1 is %h&#34;,value);
   |     ^^^^^^^^^^^^^^^^^^^^^^^^^^^^^^^^^^^^^^^^^ 

warning: unsupported: system task `$display`; ignored
  --&gt; <a href="../../../../third_party/tests/ivtest/ivltests/varrshft2.v.html#l-118" target="file-frame">third_party/tests/ivtest/ivltests/varrshft2.v:118</a>:2-43:
   | 
   |     $display (&#34;FAILED - 80 &gt;&gt; 0 is %h&#34;,value);
   |     ^^^^^^^^^^^^^^^^^^^^^^^^^^^^^^^^^^^^^^^^^ 

warning: unsupported: system task `$display`; ignored
  --&gt; <a href="../../../../third_party/tests/ivtest/ivltests/varrshft2.v.html#l-128" target="file-frame">third_party/tests/ivtest/ivltests/varrshft2.v:128</a>:2-43:
   | 
   |     $display (&#34;FAILED - a5 &gt;&gt; 7 is %h&#34;,value);
   |     ^^^^^^^^^^^^^^^^^^^^^^^^^^^^^^^^^^^^^^^^^ 

warning: unsupported: system task `$display`; ignored
  --&gt; <a href="../../../../third_party/tests/ivtest/ivltests/varrshft2.v.html#l-138" target="file-frame">third_party/tests/ivtest/ivltests/varrshft2.v:138</a>:2-43:
   | 
   |     $display (&#34;FAILED - aa &gt;&gt; 1 is %h&#34;,value);
   |     ^^^^^^^^^^^^^^^^^^^^^^^^^^^^^^^^^^^^^^^^^ 

warning: unsupported: system task `$display`; ignored
  --&gt; <a href="../../../../third_party/tests/ivtest/ivltests/varrshft2.v.html#l-141" target="file-frame">third_party/tests/ivtest/ivltests/varrshft2.v:141</a>:9-27:
   | 
   |         $display(&#34;PASSED&#34;);
   |         ^^^^^^^^^^^^^^^^^^ 


</pre>
</body>