<head>
  <style>
    .log { font-family: "Courier New", Consolas, monospace; font-size: 80%; }
    .test-failed { background-color: #ffaaaa; }
    .test-passed { background-color: #aaffaa; }
  </style>
</head>
<body>
<h3><a href="http://llhd.io/" target="_blank">moore</a></h3>
<pre class="test-failed">
description: Test imported from ivtest
rc: 101 (means success: 0)
tags: ivtest
incdirs: /tmpfs/src/github/sv-tests/third_party/tests/ivtest /tmpfs/src/github/sv-tests/third_party/tests/ivtest/ivltests
top_module: 
type: parsing
mode: parsing
files: <a href="../../../../third_party/tests/ivtest/ivltests/writememb1.v.html" target="file-frame">third_party/tests/ivtest/ivltests/writememb1.v</a>
defines: 
time_elapsed: 0.010s
ram usage: 11424 KB
</pre>
<pre class="log">

moore -I /tmpfs/src/github/sv-tests/third_party/tests/ivtest -I /tmpfs/src/github/sv-tests/third_party/tests/ivtest/ivltests -e main <a href="../../../../third_party/tests/ivtest/ivltests/writememb1.v.html" target="file-frame">third_party/tests/ivtest/ivltests/writememb1.v</a>
error: unknown system task `$writememb`
  --&gt; <a href="../../../../third_party/tests/ivtest/ivltests/writememb1.v.html#l-37" target="file-frame">third_party/tests/ivtest/ivltests/writememb1.v:37</a>:2-48:
   | 
   |     $writememb(&#34;work/writememb1.dat&#34;, array, 6, 1);
   |     ^^^^^^^^^^^^^^^^^^^^^^^^^^^^^^^^^^^^^^^^^^^^^^ 

error: unknown system task `$readmemb`
  --&gt; <a href="../../../../third_party/tests/ivtest/ivltests/writememb1.v.html#l-45" target="file-frame">third_party/tests/ivtest/ivltests/writememb1.v:45</a>:2-41:
   | 
   |     $readmemb(&#34;work/writememb1.dat&#34;, array);
   |     ^^^^^^^^^^^^^^^^^^^^^^^^^^^^^^^^^^^^^^^ 

warning: unsupported: system task `$display`; ignored
  --&gt; <a href="../../../../third_party/tests/ivtest/ivltests/writememb1.v.html#l-52" target="file-frame">third_party/tests/ivtest/ivltests/writememb1.v:52</a>:5-84:
   | 
   |           $display(&#34;FAILED - array[count] == %h, s/b %h&#34;,
   |           ^^^^^^^^^^^^^^^^^^^^^^^^^^^^^^^^^^^^^^^^^^^^^^^

warning: unsupported: system task `$display`; ignored
  --&gt; <a href="../../../../third_party/tests/ivtest/ivltests/writememb1.v.html#l-60" target="file-frame">third_party/tests/ivtest/ivltests/writememb1.v:60</a>:8-87:
   | 
   |           $display(&#34;FAILED - array[count] == %h, s/b %h&#34;,
   |           ^^^^^^^^^^^^^^^^^^^^^^^^^^^^^^^^^^^^^^^^^^^^^^^

warning: unsupported: system task `$display`; ignored
  --&gt; <a href="../../../../third_party/tests/ivtest/ivltests/writememb1.v.html#l-67" target="file-frame">third_party/tests/ivtest/ivltests/writememb1.v:67</a>:8-82:
   | 
   |           $display(&#34;FAILED - array[count] == %h, s/b %h&#34;,
   |           ^^^^^^^^^^^^^^^^^^^^^^^^^^^^^^^^^^^^^^^^^^^^^^^

warning: unsupported: system task `$display`; ignored
  --&gt; <a href="../../../../third_party/tests/ivtest/ivltests/writememb1.v.html#l-72" target="file-frame">third_party/tests/ivtest/ivltests/writememb1.v:72</a>:4-24:
   | 
   |       $display(&#34;PASSED\n&#34;);
   |       ^^^^^^^^^^^^^^^^^^^^ 

compiler bug: lowering of Expr #381 to hir not implemented
  --&gt; <a href="../../../../third_party/tests/ivtest/ivltests/writememb1.v.html#l-73" target="file-frame">third_party/tests/ivtest/ivltests/writememb1.v:73</a>:2-9:
   | 
   |     $finish ;
   |     ^^^^^^^  
   = note: Encountered at src/svlog/hir/lowering.rs:1439

You have encountered a compiler bug. Sorry about that! We would appreciate if you open an issue [1] and describe how you triggered the bug, together with a minimal snippet of code to reproduce it. Thanks!
[1]: https://github.com/fabianschuiki/moore

thread &#39;main&#39; panicked at &#39;lowering of Expr #381 to hir not implemented&#39;, /tmp/really-really-really-really-really-really-really-really-really-really-really-really-really-long-path/conda/conda-bld/moore_1604605936199/work/src/svlog/hir/lowering.rs:1439:13
note: run with `RUST_BACKTRACE=1` environment variable to display a backtrace

</pre>
</body>