<head>
  <style>
    .log { font-family: "Courier New", Consolas, monospace; font-size: 80%; }
    .test-failed { background-color: #ffaaaa; }
    .test-passed { background-color: #aaffaa; }
  </style>
</head>
<body>
<h3><a href="http://llhd.io/" target="_blank">moore</a></h3>
<pre class="test-failed">
description: Test imported from ivtest
should_fail: 0
tags: ivtest
incdirs: /tmpfs/src/github/sv-tests/third_party/tests/ivtest /tmpfs/src/github/sv-tests/third_party/tests/ivtest/ivltests
top_module: 
type: parsing
mode: parsing
files: <a href="../../../../third_party/tests/ivtest/ivltests/writememb1.v.html" target="file-frame">third_party/tests/ivtest/ivltests/writememb1.v</a>
time_elapsed: 0.008s
ram usage: 9616 KB
</pre>
<pre class="log">

compiler bug: lowering of expression not implemented
  --&gt; <a href="../../../../third_party/tests/ivtest/ivltests/writememb1.v.html#l-31" target="file-frame">third_party/tests/ivtest/ivltests/writememb1.v:31</a>:29-46:
   | 
   |     for(count = 0; count &lt;= 7; count = count + 1)
   |                                ^^^^^^^^^^^^^^^^^ 

You have encountered a compiler bug. Sorry about that! We would appreciate if you open an issue [1] and describe how you triggered the bug, together with a minimal snippet of code to reproduce it. Thanks!
[1]: https://github.com/fabianschuiki/moore

warning: `$writememb` not supported; ignored
  --&gt; <a href="../../../../third_party/tests/ivtest/ivltests/writememb1.v.html#l-37" target="file-frame">third_party/tests/ivtest/ivltests/writememb1.v:37</a>:2-48:
   | 
   |     $writememb(&#34;work/writememb1.dat&#34;, array, 6, 1);
   |     ^^^^^^^^^^^^^^^^^^^^^^^^^^^^^^^^^^^^^^^^^^^^^^ 

compiler bug: lowering of expression not implemented
  --&gt; <a href="../../../../third_party/tests/ivtest/ivltests/writememb1.v.html#l-39" target="file-frame">third_party/tests/ivtest/ivltests/writememb1.v:39</a>:29-46:
   | 
   |     for(count = 0; count &lt;= 7; count = count + 1)
   |                                ^^^^^^^^^^^^^^^^^ 

You have encountered a compiler bug. Sorry about that! We would appreciate if you open an issue [1] and describe how you triggered the bug, together with a minimal snippet of code to reproduce it. Thanks!
[1]: https://github.com/fabianschuiki/moore

warning: `$readmemb` not supported; ignored
  --&gt; <a href="../../../../third_party/tests/ivtest/ivltests/writememb1.v.html#l-45" target="file-frame">third_party/tests/ivtest/ivltests/writememb1.v:45</a>:2-41:
   | 
   |     $readmemb(&#34;work/writememb1.dat&#34;, array);
   |     ^^^^^^^^^^^^^^^^^^^^^^^^^^^^^^^^^^^^^^^ 

compiler bug: lowering of expression not implemented
  --&gt; <a href="../../../../third_party/tests/ivtest/ivltests/writememb1.v.html#l-47" target="file-frame">third_party/tests/ivtest/ivltests/writememb1.v:47</a>:29-46:
   | 
   |     for(count = 0; count &lt;= 3; count = count + 1)
   |                                ^^^^^^^^^^^^^^^^^ 

You have encountered a compiler bug. Sorry about that! We would appreciate if you open an issue [1] and describe how you triggered the bug, together with a minimal snippet of code to reproduce it. Thanks!
[1]: https://github.com/fabianschuiki/moore

error: `!==` is not a valid binary operator
  --&gt; <a href="../../../../third_party/tests/ivtest/ivltests/writememb1.v.html#l-49" target="file-frame">third_party/tests/ivtest/ivltests/writememb1.v:49</a>:10-41:
   | 
   |          if(array[count] !== (1&lt;&lt;(6-count)))
   |             ^^^^^^^^^^^^^^^^^^^^^^^^^^^^^^^ 

warning: `$display` not supported; ignored
  --&gt; <a href="../../../../third_party/tests/ivtest/ivltests/writememb1.v.html#l-52" target="file-frame">third_party/tests/ivtest/ivltests/writememb1.v:52</a>:5-84:
   | 
   |           $display(&#34;FAILED - array[count] == %h, s/b %h&#34;,
   |           ^^^^^^^^^^^^^^^^^^^^^^^^^^^^^^^^^^^^^^^^^^^^^^^

warning: `$display` not supported; ignored
  --&gt; <a href="../../../../third_party/tests/ivtest/ivltests/writememb1.v.html#l-60" target="file-frame">third_party/tests/ivtest/ivltests/writememb1.v:60</a>:8-87:
   | 
   |           $display(&#34;FAILED - array[count] == %h, s/b %h&#34;,
   |           ^^^^^^^^^^^^^^^^^^^^^^^^^^^^^^^^^^^^^^^^^^^^^^^

warning: `$display` not supported; ignored
  --&gt; <a href="../../../../third_party/tests/ivtest/ivltests/writememb1.v.html#l-67" target="file-frame">third_party/tests/ivtest/ivltests/writememb1.v:67</a>:8-82:
   | 
   |           $display(&#34;FAILED - array[count] == %h, s/b %h&#34;,
   |           ^^^^^^^^^^^^^^^^^^^^^^^^^^^^^^^^^^^^^^^^^^^^^^^

warning: `$display` not supported; ignored
  --&gt; <a href="../../../../third_party/tests/ivtest/ivltests/writememb1.v.html#l-72" target="file-frame">third_party/tests/ivtest/ivltests/writememb1.v:72</a>:4-24:
   | 
   |       $display(&#34;PASSED\n&#34;);
   |       ^^^^^^^^^^^^^^^^^^^^ 

compiler bug: lowering of expression not implemented
  --&gt; <a href="../../../../third_party/tests/ivtest/ivltests/writememb1.v.html#l-73" target="file-frame">third_party/tests/ivtest/ivltests/writememb1.v:73</a>:2-9:
   | 
   |     $finish ;
   |     ^^^^^^^  

You have encountered a compiler bug. Sorry about that! We would appreciate if you open an issue [1] and describe how you triggered the bug, together with a minimal snippet of code to reproduce it. Thanks!
[1]: https://github.com/fabianschuiki/moore

thread &#39;main&#39; panicked at &#39;no zero-value for type i8*&#39;, src/svlog/codegen.rs:814:18
note: run with `RUST_BACKTRACE=1` environment variable to display a backtrace.

</pre>
</body>