<head>
  <style>
    .log { font-family: "Courier New", Consolas, monospace; font-size: 80%; }
    .test-failed { background-color: #ffaaaa; }
    .test-passed { background-color: #aaffaa; }
  </style>
</head>
<body>
<h3><a href="https://github.com/tree-sitter/tree-sitter-verilog" target="_blank">tree-sitter-verilog</a></h3>
<pre class="test-failed">
description: Test packed arrays operations support (Variable slice)
rc: 1 (means success: 0)
tags: 7.4.3 7.4.6
incdirs: /tmpfs/src/github/sv-tests/tests/chapter-7/arrays/packed
top_module: 
type: simulation parsing
mode: parsing
files: <a href="../../../../../tests/chapter-7/arrays/packed/variable-slice.sv.html" target="file-frame">tests/chapter-7/arrays/packed/variable-slice.sv</a>
defines: 
time_elapsed: 0.089s
ram usage: 22368 KB
</pre>
<pre class="log">

<a href="../../../../../tests/chapter-7/arrays/packed/variable-slice.sv.html#l-16" target="file-frame">tests/chapter-7/arrays/packed/variable-slice.sv:16</a>:1: error: node type: ERROR
<a href="../../../../../tests/chapter-7/arrays/packed/variable-slice.sv.html#l-16" target="file-frame">tests/chapter-7/arrays/packed/variable-slice.sv:16</a>:18: error: node type: ERROR
<a href="../../../../../tests/chapter-7/arrays/packed/variable-slice.sv.html#l-16" target="file-frame">tests/chapter-7/arrays/packed/variable-slice.sv:16</a>:22: error: node type: ERROR
<a href="../../../../../tests/chapter-7/arrays/packed/variable-slice.sv.html#l-16" target="file-frame">tests/chapter-7/arrays/packed/variable-slice.sv:16</a>:34: error: node type: ERROR
<a href="../../../../../tests/chapter-7/arrays/packed/variable-slice.sv.html#l-16" target="file-frame">tests/chapter-7/arrays/packed/variable-slice.sv:16</a>:51: error: node type: ERROR
<a href="../../../../../tests/chapter-7/arrays/packed/variable-slice.sv.html#l-19" target="file-frame">tests/chapter-7/arrays/packed/variable-slice.sv:19</a>:11: error: node type: )
<a href="../../../../../tests/chapter-7/arrays/packed/variable-slice.sv.html#l-19" target="file-frame">tests/chapter-7/arrays/packed/variable-slice.sv:19</a>:18: error: node type: ERROR
<a href="../../../../../tests/chapter-7/arrays/packed/variable-slice.sv.html#l-19" target="file-frame">tests/chapter-7/arrays/packed/variable-slice.sv:19</a>:31: error: node type: ERROR

</pre>
</body>