<head>
  <style>
    .log { font-family: "Courier New", Consolas, monospace; font-size: 80%; }
    .test-failed { background-color: #ffaaaa; }
    .test-passed { background-color: #aaffaa; }
  </style>
</head>
<body>
<h3><a href="https://github.com/MikePopoloski/slang" target="_blank">slang</a></h3>
<pre class="test-failed">
description: Read preprocessing macro from template (:defines: marker)
rc: 1 (means success: 0)
should_fail: 0
tags: 5.6.4
incdirs: /tmpfs/src/github/sv-tests/tests/chapter-5
top_module: 
type: parsing
mode: parsing
files: <a href="../../../tests/chapter-5/5.6.4--compiler-directives-preprocessor-macro_1.sv.html" target="file-frame">tests/chapter-5/5.6.4--compiler-directives-preprocessor-macro_1.sv</a>
defines: VAR_1=2 VAR_2=5
time_elapsed: 0.000s
ram usage: 9636 KB
</pre>
<pre class="log">

slang-driver --single-unit -I/tmpfs/src/github/sv-tests/tests/chapter-5 <a href="../../../tests/chapter-5/5.6.4--compiler-directives-preprocessor-macro_1.sv.html" target="file-frame">tests/chapter-5/5.6.4--compiler-directives-preprocessor-macro_1.sv</a>
../../src/github/sv-tests/tests/chapter-5/5.6.4--compiler-directives-preprocessor-macro_1.sv:9:9: error: unknown macro or compiler directive &#39;`VAR_1&#39;
int a = `VAR_1 + `VAR_2;
        ^
../../src/github/sv-tests/tests/chapter-5/5.6.4--compiler-directives-preprocessor-macro_1.sv:9:18: error: unknown macro or compiler directive &#39;`VAR_2&#39;
int a = `VAR_1 + `VAR_2;
                 ^
../../src/github/sv-tests/tests/chapter-5/5.6.4--compiler-directives-preprocessor-macro_1.sv:9:24: error: expected expression
int a = `VAR_1 + `VAR_2;
                       ^

</pre>
</body>