<head>
  <style>
    .log { font-family: "Courier New", Consolas, monospace; font-size: 80%; }
    .test-failed { background-color: #ffaaaa; }
    .test-passed { background-color: #aaffaa; }
  </style>
</head>
<body>
<h3><a href="https://github.com/MikePopoloski/slang" target="_blank">slang</a></h3>
<pre class="test-failed">
description: Read preprocessing macro from template (:defines: marker)
rc: 1 (means success: 0)
should_fail_because: 
tags: 5.6.4
incdirs: /tmpfs/src/github/sv-tests/tests/chapter-5
top_module: 
type: parsing
mode: parsing
files: <a href="../../../tests/chapter-5/5.6.4--compiler-directives-preprocessor-macro_0.sv.html" target="file-frame">tests/chapter-5/5.6.4--compiler-directives-preprocessor-macro_0.sv</a>
defines: TEST_VAR
time_elapsed: 0.000s
ram usage: 9880 KB
</pre>
<pre class="log">

slang-driver --single-unit -I/tmpfs/src/github/sv-tests/tests/chapter-5 <a href="../../../tests/chapter-5/5.6.4--compiler-directives-preprocessor-macro_0.sv.html" target="file-frame">tests/chapter-5/5.6.4--compiler-directives-preprocessor-macro_0.sv</a>
../../src/github/sv-tests/tests/chapter-5/5.6.4--compiler-directives-preprocessor-macro_0.sv:10:1: error: use of undeclared identifier &#39;TEST_VAR&#39;
TEST_VAR parsed not correctly from template
^~~~~~~~
../../src/github/sv-tests/tests/chapter-5/5.6.4--compiler-directives-preprocessor-macro_0.sv:10:17: error: expected declarator
TEST_VAR parsed not correctly from template
                ^~~
../../src/github/sv-tests/tests/chapter-5/5.6.4--compiler-directives-preprocessor-macro_0.sv:10:20: error: expected &#39;,&#39;
TEST_VAR parsed not correctly from template
                   ^
../../src/github/sv-tests/tests/chapter-5/5.6.4--compiler-directives-preprocessor-macro_0.sv:10:30: error: expected &#39;,&#39;
TEST_VAR parsed not correctly from template
                             ^
../../src/github/sv-tests/tests/chapter-5/5.6.4--compiler-directives-preprocessor-macro_0.sv:10:35: error: expected &#39;,&#39;
TEST_VAR parsed not correctly from template
                                  ^
../../src/github/sv-tests/tests/chapter-5/5.6.4--compiler-directives-preprocessor-macro_0.sv:10:44: error: expected &#39;;&#39;
TEST_VAR parsed not correctly from template
                                           ^

</pre>
</body>