<head>
  <style>
    .log { font-family: "Courier New", Consolas, monospace; font-size: 80%; }
    .test-failed { background-color: #ffaaaa; }
    .test-passed { background-color: #aaffaa; }
  </style>
</head>
<body>
<h3><a href="https://github.com/tree-sitter/tree-sitter-verilog" target="_blank">tree-sitter-verilog</a></h3>
<pre class="test-failed">
description: multi-dimensional array query function tests
rc: 1 (means success: 0)
tags: 20.7 uvm-req
incdirs: /tmpfs/src/github/sv-tests/tests/chapter-20
top_module: 
type: simulation parsing
mode: parsing
files: <a href="../../../tests/chapter-20/20.7--array-queries-multi-dim.sv.html" target="file-frame">tests/chapter-20/20.7--array-queries-multi-dim.sv</a>
defines: 
time_elapsed: 0.088s
ram usage: 22116 KB
</pre>
<pre class="log">

<a href="../../../tests/chapter-20/20.7--array-queries-multi-dim.sv.html#l-12" target="file-frame">tests/chapter-20/20.7--array-queries-multi-dim.sv:12</a>:20: error: node type: ERROR
<a href="../../../tests/chapter-20/20.7--array-queries-multi-dim.sv.html#l-12" target="file-frame">tests/chapter-20/20.7--array-queries-multi-dim.sv:12</a>:24: error: node type: ERROR
<a href="../../../tests/chapter-20/20.7--array-queries-multi-dim.sv.html#l-12" target="file-frame">tests/chapter-20/20.7--array-queries-multi-dim.sv:12</a>:47: error: node type: ERROR
<a href="../../../tests/chapter-20/20.7--array-queries-multi-dim.sv.html#l-13" target="file-frame">tests/chapter-20/20.7--array-queries-multi-dim.sv:13</a>:20: error: node type: ERROR
<a href="../../../tests/chapter-20/20.7--array-queries-multi-dim.sv.html#l-13" target="file-frame">tests/chapter-20/20.7--array-queries-multi-dim.sv:13</a>:24: error: node type: ERROR
<a href="../../../tests/chapter-20/20.7--array-queries-multi-dim.sv.html#l-14" target="file-frame">tests/chapter-20/20.7--array-queries-multi-dim.sv:14</a>:20: error: node type: ERROR
<a href="../../../tests/chapter-20/20.7--array-queries-multi-dim.sv.html#l-14" target="file-frame">tests/chapter-20/20.7--array-queries-multi-dim.sv:14</a>:24: error: node type: ERROR
<a href="../../../tests/chapter-20/20.7--array-queries-multi-dim.sv.html#l-15" target="file-frame">tests/chapter-20/20.7--array-queries-multi-dim.sv:15</a>:20: error: node type: ERROR
<a href="../../../tests/chapter-20/20.7--array-queries-multi-dim.sv.html#l-15" target="file-frame">tests/chapter-20/20.7--array-queries-multi-dim.sv:15</a>:24: error: node type: ERROR
<a href="../../../tests/chapter-20/20.7--array-queries-multi-dim.sv.html#l-16" target="file-frame">tests/chapter-20/20.7--array-queries-multi-dim.sv:16</a>:20: error: node type: ERROR
<a href="../../../tests/chapter-20/20.7--array-queries-multi-dim.sv.html#l-16" target="file-frame">tests/chapter-20/20.7--array-queries-multi-dim.sv:16</a>:24: error: node type: ERROR
<a href="../../../tests/chapter-20/20.7--array-queries-multi-dim.sv.html#l-17" target="file-frame">tests/chapter-20/20.7--array-queries-multi-dim.sv:17</a>:20: error: node type: ERROR
<a href="../../../tests/chapter-20/20.7--array-queries-multi-dim.sv.html#l-17" target="file-frame">tests/chapter-20/20.7--array-queries-multi-dim.sv:17</a>:24: error: node type: ERROR
<a href="../../../tests/chapter-20/20.7--array-queries-multi-dim.sv.html#l-18" target="file-frame">tests/chapter-20/20.7--array-queries-multi-dim.sv:18</a>:20: error: node type: ERROR
<a href="../../../tests/chapter-20/20.7--array-queries-multi-dim.sv.html#l-18" target="file-frame">tests/chapter-20/20.7--array-queries-multi-dim.sv:18</a>:24: error: node type: ERROR
<a href="../../../tests/chapter-20/20.7--array-queries-multi-dim.sv.html#l-19" target="file-frame">tests/chapter-20/20.7--array-queries-multi-dim.sv:19</a>:20: error: node type: ERROR
<a href="../../../tests/chapter-20/20.7--array-queries-multi-dim.sv.html#l-19" target="file-frame">tests/chapter-20/20.7--array-queries-multi-dim.sv:19</a>:24: error: node type: ERROR
<a href="../../../tests/chapter-20/20.7--array-queries-multi-dim.sv.html#l-20" target="file-frame">tests/chapter-20/20.7--array-queries-multi-dim.sv:20</a>:20: error: node type: ERROR
<a href="../../../tests/chapter-20/20.7--array-queries-multi-dim.sv.html#l-20" target="file-frame">tests/chapter-20/20.7--array-queries-multi-dim.sv:20</a>:24: error: node type: ERROR
<a href="../../../tests/chapter-20/20.7--array-queries-multi-dim.sv.html#l-20" target="file-frame">tests/chapter-20/20.7--array-queries-multi-dim.sv:20</a>:42: error: node type: ERROR

</pre>
</body>